12 0.33312645703
8 0.366412495677
18 0.380481602314
14 0.392031271198
6 0.401426976356
5 0.424494573922
10 0.562456729936
19 0.652346247077
22 0.787335980311
11 0.791332488472
20 0.850603892864
13 1.07657040196
15 1.15538620989
33 1.21020935254
23 1.3565228601
4 1.36132714521
21 1.47632402344
9 1.59817340256
7 2.01574335733
2 2.26953858247
27 2.27350910759
24 2.39923795564
17 2.43638080296
26 2.52786860725
16 2.56977398249
25 2.63483242978
42 3.18349170447
36 3.42742968537
43 3.47229146344
35 3.58430806801
38 4.00838187976
3 4.02278746738
40 4.16923413541
31 4.27840348939
32 4.58040601721
46 4.62865392425
30 4.83564650756
29 4.91120143596
98 5.22119306852
56 5.23952962529
37 5.60844392598
28 6.29434422258
1 6.38523539485
60 6.41484178354
47 6.6745969024
34 7.15688730293
64 7.41039800677
39 7.61962892675
78 8.06901682663
52 8.13108144594
55 8.54822196565
51 9.03001488833
61 9.25166844611
49 9.41990475048
66 9.53491245737
53 9.79724067599
58 9.84700380153
81 9.94603358417
54 10.1804484358
50 10.1954854571
59 10.2321485586
77 10.5924623265
70 12.206100363
67 12.2364919988
44 12.4036458122
41 12.9359736008
69 13.0226688687
48 13.1280261405
95 13.6778843914
57 14.1263333663
63 14.4779103819
74 15.134433972
79 16.0179276392
68 16.1881575859
75 16.4258198522
76 16.5789944781
83 16.7386598928
86 16.8271689278
84 17.2085864969
80 17.328391254
45 17.7052521429
73 17.9061997463
88 18.1287559473
82 18.4857150849
65 19.6417799332
93 19.705336943
71 20.022792004
72 20.1795737704
62 20.9410998433
89 21.049336791
99 21.6601942218
85 23.4022686148
91 23.5573240681
94 24.9963791656
92 26.6959665411
96 27.6639072581
87 28.4702430389
90 29.0602854832
97 29.9314664381
0 36.2578783502
