9 0.0228431762253
2 0.024181486096
15 0.0254808529828
4 0.0278399826834
3 0.036454416774
11 0.0426091650709
10 0.0463620602085
5 0.05831666965
1 0.0656497338857
14 0.0711947668481
12 0.0782053755007
8 0.0940670948321
18 0.0972331431546
6 0.0993774394624
22 0.104244358344
33 0.131609090422
19 0.140790264868
20 0.15818649979
13 0.17955644374
23 0.201530042248
21 0.208440589432
27 0.2217387966
7 0.229545435107
26 0.232955367892
42 0.241535173792
36 0.264902106393
24 0.265355184525
17 0.265493064425
43 0.269471657846
16 0.274781440041
25 0.282933297256
35 0.28293712685
31 0.303317272588
38 0.305999957699
40 0.311525503228
32 0.31590801624
46 0.322272801942
98 0.331514804124
56 0.34850197966
29 0.396820799697
28 0.397206107045
30 0.400667863376
47 0.403299168936
60 0.404891533156
37 0.437240578146
34 0.438072140494
64 0.459173197462
39 0.459577718318
52 0.499025128011
78 0.50070110521
55 0.511122010151
49 0.513910490459
61 0.531043374388
51 0.533803114077
66 0.536240544612
81 0.545942031779
58 0.552089522761
77 0.568803059892
50 0.578811019248
59 0.579774176036
53 0.590086201756
67 0.637871974777
54 0.665658123607
70 0.665755541688
44 0.713163403799
0 0.721211886703
95 0.738798650802
69 0.764359489612
48 0.766235836307
41 0.772800489895
68 0.818158264572
83 0.826827851355
57 0.830533963983
63 0.833666810367
84 0.8459747995
79 0.855185865247
76 0.857329039483
74 0.876126157202
86 0.878388391497
73 0.901769054783
82 0.917629523182
75 0.917713643728
93 0.934513008458
71 0.942688715625
72 0.954451392488
45 0.965751957339
80 0.966693480098
88 0.999302094405
99 1.00422257094
65 1.00492952951
89 1.02799519235
62 1.09979634113
91 1.16205963851
85 1.18122465935
96 1.23953592328
94 1.26103451462
92 1.32203919939
97 1.33461694046
87 1.38540454702
90 1.39302039739
