12 0.151767129234
8 0.201520381967
6 0.223468941272
14 0.224184387537
5 0.23033212561
18 0.23055536904
10 0.342367505768
22 0.49442547781
19 0.506459435459
11 0.561373038143
20 0.688219089876
15 0.801408839019
33 0.87921592376
13 0.909771934884
4 1.04801734659
23 1.1752332592
9 1.2116183166
21 1.28257439137
7 1.74485208371
2 1.84850953413
27 1.92045069521
24 2.13890326496
26 2.15045627434
17 2.16717553099
16 2.29518859819
25 2.367815156
42 2.7014948646
36 2.9460469897
43 2.99600775389
35 3.11457435917
3 3.42208642114
38 3.51385398223
40 3.65796772411
31 3.72789179937
32 3.99731500603
46 4.05694321976
30 4.40854344965
29 4.45640508113
98 4.55785654939
56 4.61499169834
37 5.11944100992
1 5.56087360238
28 5.58653873317
60 5.70005211546
47 5.91926307062
34 6.38464342767
64 6.64359200019
39 6.81527301236
78 7.27224513977
52 7.32275412643
55 7.69107464627
51 8.1444014993
61 8.31864738181
49 8.44202094199
66 8.58539919513
58 8.85932376449
53 8.90149397365
81 8.92575320251
50 9.20307306248
59 9.24161262231
54 9.38151768494
77 9.52149850863
67 11.0447792607
70 11.0591398723
44 11.3193339248
41 11.8929042065
69 11.9470921244
48 12.0352279191
95 12.4448690934
57 13.0051725908
63 13.303805963
74 13.9409976382
79 14.6349142253
68 14.6988758004
75 15.1035690924
76 15.1118430321
83 15.1817201969
86 15.3638398883
84 15.6231689591
80 15.9596341361
45 16.27190479
73 16.3243495801
88 16.6960119085
82 16.8323223828
93 17.9036798713
65 17.9709155821
71 18.189033733
72 18.3384878905
89 19.199145642
62 19.255254758
99 19.6975288668
85 21.4867775131
91 21.5688185163
94 22.9845644445
92 24.5361155881
96 25.2102927484
87 26.1561550196
90 26.6646260421
97 27.2976206502
0 32.6956955858
