74 0.354093575808
75 0.423910848617
57 0.427842928804
63 0.435543812026
80 0.436798830997
88 0.551628595527
45 0.597379349624
48 0.615955437597
41 0.626820169179
69 0.640019808302
79 0.829136280069
44 0.868274089516
95 1.07166967976
86 1.14226554012
76 1.23375602056
70 1.28437600571
62 1.31795674348
65 1.49847310188
54 1.62979233582
68 1.65734130598
73 1.67460239001
53 1.76349438877
59 1.81553075728
50 1.82410126633
67 1.9419919661
82 1.99265100845
83 2.08238431513
58 2.11964122945
77 2.19724379275
84 2.20022794687
51 2.27041678599
81 2.27485297151
61 2.32437739793
66 2.34777880157
85 2.45498899124
55 2.56253977211
89 2.60100959154
49 2.75665753865
52 2.7587928554
91 2.80178910327
78 2.80364534396
94 2.85617847371
39 3.27588226357
93 3.30063636803
64 3.35320675684
72 3.46006717483
71 3.51423537951
34 3.64754490573
92 3.79005666121
47 4.23729956814
60 4.30569198925
28 4.46248405313
99 4.47580518381
87 4.87105056903
90 5.49758425349
37 5.6738278338
56 5.72565993409
98 5.94203690656
46 6.58569214113
29 6.66631451375
32 6.73369207715
30 6.95240269263
31 7.18569552955
40 7.36560319126
96 7.47890524234
38 7.66032746807
35 8.60179162197
97 8.74398374404
43 8.79078964078
36 8.95372986518
42 9.55521628008
26 11.4494970527
25 12.2899841445
27 12.3617446793
16 12.3832461376
17 12.7737466805
24 12.9228396581
7 13.9187148544
21 17.2304319964
33 17.5234143992
23 18.0174405917
13 19.8763909165
22 21.2266170475
20 21.6434582659
19 24.1338659129
6 27.2656413578
8 29.07585803
18 29.8500410797
12 31.1220596427
14 35.0599650991
5 36.5777703156
10 39.6417755416
11 43.6945122757
15 44.1600617944
9 50.0984189432
4 50.1003034807
2 57.9096088456
3 69.9300703509
1 83.6778287952
0 201.708398609
