22 0.205544330338
6 0.249773891946
12 0.284654268787
8 0.29850126434
18 0.371908211789
33 0.476777149894
14 0.507060252625
19 0.515636917062
5 0.533463740349
20 0.626009626843
10 0.729339940079
13 0.822924384451
23 1.05367284581
11 1.09466731487
21 1.13606214388
15 1.24885558365
7 1.46207646517
27 1.49538546611
26 1.69699406502
4 1.76232483946
9 1.87569608585
24 1.90663591741
17 1.92152489614
16 2.05157661645
42 2.11859362922
25 2.14609415807
36 2.38674413436
43 2.44857977466
35 2.59474387047
2 2.81119157273
38 2.99566833633
40 3.13014676567
31 3.14036972091
32 3.39632628056
46 3.4776284226
98 3.90351019211
56 4.02353787738
30 4.14043915771
29 4.15203107678
3 4.79704661733
37 4.84446743484
28 4.99691059153
60 5.12055601988
47 5.30324250318
34 5.81656268414
64 6.1147708776
39 6.25826840262
78 6.81896307755
52 6.84786721848
55 7.19565209104
1 7.43249363745
51 7.68015662031
61 7.79945774447
49 7.86982884118
66 8.08030929236
58 8.34848168524
81 8.37746354547
53 8.53946155724
50 8.74748979489
59 8.79275805588
77 8.99264348171
54 9.28510737178
67 10.5912649144
70 10.6874862081
44 11.1037329568
41 11.845225968
69 11.8526974221
48 11.948266736
95 12.173831434
57 13.0379530803
63 13.304649055
74 14.0345868668
68 14.4552609211
79 14.5517590714
83 14.9257693995
76 14.9809665137
75 15.2077484805
86 15.2919468288
84 15.4080094174
80 16.1569753091
73 16.2492120104
45 16.423254048
82 16.7377878395
88 16.9342540223
93 17.7929881415
65 18.0784015486
71 18.0805020448
72 18.2559117169
89 19.2701083496
62 19.5908021856
99 19.6865355621
85 21.9025042595
91 21.9189393624
94 23.5525967235
92 25.1877770398
96 25.5563276772
87 26.8991489067
90 27.4011523466
97 27.7900259095
0 39.2659881004
