97 0.20995801418
96 0.350565602042
90 0.409809664236
87 0.538801917668
92 0.828494636865
94 1.19842122444
91 1.27675776348
99 1.32512623652
85 1.45020956747
89 1.73046541751
72 1.76707288759
71 1.81254138812
93 1.91710037919
62 2.34168450153
65 2.44679342243
82 2.55607195194
73 2.83504933221
84 2.92802211017
83 3.1625420165
86 3.4797815445
76 3.53889131882
68 3.54837261743
88 3.64130694707
45 3.68008510541
79 4.05437632994
80 4.05863719553
75 4.41449662481
95 5.19781779962
74 5.33973083833
63 5.58298965524
67 5.77021042776
57 6.017344647
70 6.21465648797
48 6.37457360913
69 6.5068058677
44 6.60732454376
41 6.79024085468
77 7.14852723753
59 7.86333270782
81 7.86901637969
50 7.92287465512
58 8.08752030132
49 8.22086863514
66 8.26224820291
61 8.76759368327
53 8.77032501349
51 9.22448854916
54 9.58170801783
55 9.80320680846
52 10.3466827045
78 10.5844108351
39 10.7228012716
64 11.1283413461
34 11.3680954553
47 11.7862872558
60 12.4500341912
28 12.6341464377
98 14.2280899376
56 14.4730146177
37 15.718909835
46 15.7232620859
32 15.8330080934
31 16.4747076824
29 16.9234651304
40 17.0314605912
30 17.3574154526
38 17.4673158593
35 18.5901277002
43 18.6354780081
36 18.7947828311
42 19.1692827938
26 21.9678582205
27 23.021349631
25 23.4304105025
16 23.4969683366
17 23.9007267841
24 24.0737652763
7 24.9975821735
33 27.9928803672
21 28.477112714
23 29.2656771697
13 31.0628456561
22 31.7565401744
20 32.7249558946
19 35.0614747092
6 37.8323183824
8 39.5013938486
18 40.2269900864
12 41.2830675204
14 44.786065989
5 46.0635743621
10 48.672212176
11 52.1151214
15 52.2510868099
9 57.2315158569
4 57.3833070087
2 63.6753885388
3 73.1852823716
1 83.8485982118
0 169.459998456
