57 0.252317381168
41 0.260602762015
69 0.304826198989
48 0.305395101396
63 0.321387113556
74 0.324504953618
44 0.440710968024
75 0.544705979959
54 0.604685102381
80 0.649150952106
53 0.789740303031
70 0.799718025584
95 0.8024306687
45 0.828767106419
88 0.82930568312
79 0.861877768936
50 0.952425570802
59 0.954986658038
51 1.11631693084
58 1.1544804184
86 1.20675150731
61 1.21579201395
76 1.25696956894
55 1.26166331604
81 1.30448027056
66 1.30470477722
52 1.34204791557
77 1.34521847539
78 1.34540469003
67 1.35533557135
68 1.55344120733
49 1.62927168903
39 1.69588122333
64 1.70089194913
62 1.72160561063
73 1.7405689418
65 1.75563767217
34 1.90494765904
83 1.94148814589
82 2.04395863767
84 2.08474995053
60 2.28682349099
47 2.32412399622
28 2.38552514023
89 2.75185734785
85 2.83825220104
37 2.91024303775
91 3.12923280124
56 3.15316671136
93 3.1647989246
94 3.2866642849
72 3.32802713084
71 3.3553814708
98 3.37356002881
29 3.53311158986
46 3.67962272532
30 3.70381889227
32 3.78553844777
31 4.06399400929
40 4.12156256535
92 4.15314711678
99 4.22384445536
38 4.29763049345
35 4.90424516088
43 5.06898790744
87 5.13121690466
36 5.17867914418
42 5.64910332968
90 5.66315779743
26 6.74967874635
96 7.01527644505
25 7.16438476304
16 7.23422028408
27 7.34235003079
17 7.49895432458
24 7.59641148474
97 8.14658653662
7 8.29783091421
21 10.4795002139
33 10.9715376381
23 11.0101723411
13 12.2794144218
22 13.4757462886
20 13.4969644501
19 15.1960210806
6 17.4304460295
8 18.6683666301
18 19.1762279883
12 20.1118692944
14 22.8172280971
5 23.921885828
10 26.0988154567
11 28.911340698
15 29.5182315349
4 33.5032786698
9 33.6702710368
2 39.0992908162
3 47.7309742384
1 57.6406293454
0 143.943366375
