6 0.151781766402
12 0.153578174114
8 0.172291574095
18 0.219120192584
22 0.231844429485
14 0.264293295924
5 0.275835902185
19 0.364570286454
10 0.388051258892
33 0.401671659289
20 0.450736972934
11 0.578662581681
13 0.600768601372
23 0.769423148658
21 0.823603461397
15 0.907032580849
27 0.986767395796
4 0.990133960681
7 1.00748759782
26 1.11224080339
9 1.22778796473
24 1.35135634669
17 1.35393199941
42 1.37295946498
16 1.44730169296
25 1.52796448351
36 1.53552719357
43 1.57256643277
2 1.64973736572
35 1.67133295451
38 1.92632896536
31 1.9947105678
40 2.00033099888
32 2.14858352168
46 2.20025066032
98 2.44542099021
56 2.53314314479
29 2.82919102449
30 2.86918535507
3 2.89091515804
28 3.13889811519
60 3.21857363073
47 3.30110938642
37 3.32878323791
34 3.65185564145
64 3.887147571
39 3.93713444932
78 4.34076620622
52 4.35644881533
1 4.49658052055
55 4.55841288865
49 4.85548410075
51 4.85832725435
61 4.91006447663
66 5.03871370514
81 5.20925481293
58 5.22546546843
50 5.52277616069
59 5.54049340427
53 5.55021904042
77 5.56979839813
54 6.36360976137
67 6.5643024986
70 6.75395645752
44 7.23719552274
95 7.78847058447
69 7.89510276269
48 7.90445237915
41 7.96653154365
57 8.79543487197
63 8.8927821153
68 9.11124190702
83 9.32655768657
79 9.41203565617
74 9.46756929979
76 9.56712506315
84 9.62450312519
86 9.82805787072
75 10.1546305418
73 10.2981611496
82 10.598171579
80 10.8537544316
45 10.9153107104
93 11.0724661417
71 11.230835049
88 11.3588707203
72 11.3736400561
65 11.7128174092
99 12.2305520028
89 12.2580920307
62 12.9984414595
91 14.1557172743
85 14.3823953216
94 15.5766029023
96 15.9691134423
92 16.5961899921
97 17.4660762536
87 17.6614891273
90 17.8496305538
0 24.7124836284
