96 0.368535544234
99 0.547582213665
97 0.602507699376
72 0.825080627601
71 0.83379129283
93 0.907961252939
89 1.00932512306
91 1.1377662802
90 1.37549765483
82 1.42059492212
85 1.44773906151
87 1.52534355692
92 1.53256777471
73 1.5952986367
84 1.59751686566
65 1.60764215362
94 1.62114114086
83 1.77729620118
62 1.96820015078
68 2.08191649032
76 2.11613348646
86 2.12031962483
79 2.5492050374
45 2.62974177886
88 2.76781771001
80 3.0106208059
75 3.11518537825
95 3.30946914422
74 3.81366955482
67 3.83221091257
63 3.85492185905
70 4.08547068578
57 4.24111509617
48 4.32945549159
44 4.42267968422
69 4.45435847829
41 4.73003388255
77 5.03071526666
59 5.44657256795
50 5.51415538251
81 5.63397591487
58 5.72766383736
66 5.89358748304
49 6.03486331023
53 6.14037076649
61 6.30640624919
51 6.567893207
54 6.8803344888
55 7.09525535152
52 7.51372531609
78 7.67011577119
39 8.02665492929
64 8.30837138967
34 8.6036676302
47 9.19366308177
60 9.57933966766
28 9.77919401871
56 11.4792062267
98 11.6305253408
37 11.8340432403
46 12.5930149709
32 12.7813410923
29 12.8854073546
30 13.2281589911
31 13.3516979182
40 13.5579152483
38 13.9282251378
35 14.9850096428
43 15.2208239299
36 15.420244048
42 16.1193053765
26 17.9858375843
25 18.5448672026
16 18.6394419105
27 18.8828654758
17 19.0215584216
24 19.168731702
7 20.1858756985
21 23.098359772
23 23.7922848366
33 24.4779753124
13 25.4467569949
20 27.0200040199
22 27.8519270163
19 29.1151529674
6 32.0701707265
8 33.4971008343
18 34.0014501503
12 35.318477705
14 38.2967167441
5 39.7371882178
10 42.3253778378
11 45.3178413691
15 47.4392333143
4 50.6892271397
9 51.7776728532
2 57.0308223366
3 66.4940685043
1 76.9287354706
0 164.569592776
