82 0.0944854654447
73 0.0946581795355
65 0.0992713072974
86 0.118505727934
76 0.122236743844
84 0.132389738185
83 0.13571671285
68 0.142032843207
62 0.1848641587
89 0.189435370928
79 0.195633733344
45 0.208353029551
88 0.239967827972
93 0.252386719399
72 0.279357885972
71 0.29107976161
80 0.294661772914
75 0.32714839308
85 0.33620675949
91 0.356442286308
95 0.416400828888
99 0.499531522818
94 0.501878206343
74 0.550084065402
63 0.580654413542
67 0.6221023008
70 0.687424815138
57 0.723810335299
92 0.739493283461
48 0.784234343446
44 0.821825359617
69 0.826276609995
41 0.938882314109
77 1.02145674628
87 1.04950220565
90 1.19703530165
59 1.22840230299
50 1.24506808312
81 1.24894681174
58 1.31316145095
66 1.39996569566
49 1.42029043432
96 1.4402424702
61 1.56148075015
53 1.56541199983
51 1.73754123122
97 1.89594382726
55 1.96589761715
54 1.98195093195
52 2.19109626092
78 2.29837340455
39 2.35287661747
64 2.52422251206
34 2.63292657529
47 2.83586782334
60 3.117021977
28 3.20401158719
98 3.97181227871
56 4.0787343384
46 4.69495763599
32 4.74983910185
37 4.77858904477
31 5.07350258876
40 5.36589120614
29 5.3844199709
38 5.59102032705
30 5.62613927704
35 6.18437671565
43 6.20151067978
36 6.28623091925
42 6.48704337398
26 8.03631642734
27 8.63425554693
25 8.95804547753
16 8.98638762005
17 9.21246865271
24 9.3139975078
7 9.81481801213
33 11.4771538433
21 11.904507429
23 12.3810541337
13 13.4650020946
22 13.7473421135
20 14.4743071223
19 15.9309763976
6 17.6249299256
8 18.6972223183
18 19.1806379396
12 19.8237395135
14 22.1203487591
5 22.9294644905
10 24.6301073522
15 26.8912710889
11 26.9383306223
9 30.2577229628
4 30.4420196421
2 34.7010254057
3 41.2506380184
1 48.7276266207
0 111.373473537
