77 0.189879188506
59 0.195998240624
58 0.205975387973
70 0.207048318887
50 0.207157564669
81 0.208143859869
67 0.209378756369
66 0.210726521424
49 0.228144588967
61 0.247576748721
51 0.256319208859
53 0.28761103935
44 0.29313845448
95 0.294755982901
55 0.301897252456
52 0.341266124944
78 0.35904505862
48 0.371725855943
39 0.380414042916
69 0.385716862506
64 0.424213927018
41 0.425849411824
34 0.43664992693
63 0.475293932876
79 0.485074934191
68 0.486260316334
57 0.496110457084
47 0.498676933719
54 0.504604969209
76 0.51938752623
83 0.542995720193
60 0.555105947854
86 0.558383320561
74 0.564137132713
28 0.57851315751
84 0.591193398374
75 0.625712189456
73 0.652670034643
45 0.738435739683
82 0.739290029696
80 0.743335867566
56 0.818815623976
88 0.826532808205
98 0.839610014923
65 0.906985167074
93 0.934956618086
71 0.982948421641
46 1.00267606387
72 1.0072175807
32 1.03036579021
37 1.04973772506
89 1.09570255449
31 1.13284487612
62 1.15151705858
40 1.19010867221
29 1.20859714072
38 1.26656319758
99 1.26923505225
30 1.29554150313
35 1.45896917339
43 1.48429284974
91 1.49576800122
85 1.51285190632
36 1.51901690032
42 1.62822998406
94 1.80500933586
26 2.08104129398
92 2.11585420102
27 2.28551599333
25 2.37428773334
16 2.3787467315
96 2.38206712361
17 2.45806944175
87 2.4648315729
24 2.49847721046
90 2.57918133896
7 2.67489069192
97 2.87161576441
21 3.43031941784
33 3.47465361864
23 3.60883763709
13 4.01858670352
22 4.33106775191
20 4.40592916226
19 4.96741116616
6 5.67451835912
8 6.09579039286
18 6.27313524013
12 6.56754127002
14 7.4763852108
5 7.84074461785
10 8.57010500179
11 9.50773715461
15 9.78686927941
4 11.0534033055
9 11.1634805291
2 12.9448937413
3 15.8810643761
1 19.2458388305
0 48.9842393682
