78 0.0924161851762
52 0.0941087588238
55 0.101345662544
51 0.110500389533
39 0.131126905056
64 0.132153870027
53 0.147641040095
61 0.15046531727
34 0.150586263173
50 0.189724009046
58 0.19054037989
59 0.194691708735
66 0.200340845126
60 0.213611539435
47 0.227772177186
28 0.23359635438
81 0.233991049392
49 0.263215262918
54 0.270839661692
77 0.320230949707
44 0.408580529699
56 0.411127727717
70 0.414869700164
98 0.481482310243
37 0.50655088108
69 0.51279854311
41 0.513320096045
48 0.524910876603
67 0.547570912766
46 0.560221323343
32 0.591552200172
29 0.646915881913
95 0.652363154458
31 0.681498519277
40 0.701769144848
57 0.70708869315
30 0.722552949786
63 0.757757599531
38 0.767080476362
74 0.894617988656
35 0.954976918292
43 1.0029051991
36 1.04036054462
79 1.08577831792
75 1.14917022286
42 1.19179666259
68 1.23789730682
76 1.25967221338
86 1.30701782776
80 1.35863295638
83 1.42714697767
45 1.44480132247
88 1.55187930377
84 1.55833834373
26 1.58761166391
73 1.6317077275
82 1.79801109849
27 1.80243161438
25 1.82717678732
16 1.83998233756
17 1.92984857793
24 1.97020432566
65 1.99253956357
7 2.19076599303
62 2.30603628769
93 2.31465050385
71 2.4256399782
72 2.44901831453
89 2.49369759546
99 2.99028007104
21 3.02405980647
85 3.0801118393
91 3.16398267474
33 3.2125182011
23 3.22848564546
94 3.5634806011
13 3.71248040814
92 4.15648716304
20 4.18051586564
22 4.20344961371
87 4.80532321655
19 4.85073504776
96 5.0240841117
90 5.06400525131
6 5.74704553153
97 5.82630001224
8 6.25591023403
18 6.46225819473
12 6.85042964013
14 7.96800119519
5 8.44277642839
10 9.37380153255
11 10.5547534629
15 10.9744392202
4 12.5624998041
9 12.7283125655
2 15.0256693126
3 18.87872493
1 23.3522078528
0 63.7386010422
