65 0.0924710563303
86 0.0933535367479
79 0.0936977996682
53 0.0940973223416
90 0.0945103391313
44 0.0946123173766
91 0.0952129558404
95 0.0972779886509
76 0.0983826425028
85 0.0992979597881
48 0.100956275482
89 0.101440837887
7 0.101536428602
87 0.102123416244
69 0.104044851537
6 0.104967517732
29 0.105735001389
92 0.105802521316
12 0.105868024111
82 0.106349874931
10 0.107907238827
45 0.108043660723
2 0.108111729148
3 0.108741373075
8 0.108747381572
64 0.109220820748
5 0.10941093268
63 0.109724710545
17 0.109753774436
62 0.109900580584
94 0.109948963682
4 0.110022433696
1 0.110773493383
16 0.111260937936
37 0.111515061701
24 0.111621237896
52 0.111703443082
27 0.111800884794
75 0.111884044191
73 0.113114415606
38 0.113371113523
68 0.113385386359
41 0.113775092957
30 0.113884796899
26 0.114437773289
20 0.114814553708
21 0.115948812685
55 0.116044273875
97 0.116231831475
25 0.116242487658
78 0.116432119619
18 0.116606995687
11 0.116794187013
9 0.116918580277
14 0.117211256211
13 0.117918313955
50 0.118034815158
70 0.118481646688
23 0.118618579639
35 0.119128581114
19 0.119467860953
61 0.120105276475
0 0.120540613347
57 0.120644785347
51 0.121374467749
88 0.121778122941
80 0.122420343921
40 0.122779413031
74 0.123297085892
59 0.125735754543
39 0.125745218683
15 0.127623584644
54 0.128196300869
43 0.131145880407
83 0.133521234712
36 0.13490425024
34 0.135262284372
58 0.135298882344
84 0.136749243139
31 0.136963339113
60 0.137008471608
96 0.137810055863
22 0.139022877879
28 0.139343977884
46 0.141221017875
72 0.143457512227
66 0.145798322259
56 0.147600292325
93 0.149051339517
33 0.149061852447
100 0.149293664173
32 0.150059882881
81 0.15092046317
99 0.15291511312
71 0.158683549786
67 0.163493005919
77 0.165821342381
47 0.16600611021
42 0.16862520402
98 0.174182351941
49 0.189964215664
