91 0.083450176235
44 0.100584174737
79 0.101124858269
65 0.101640187408
90 0.102136745617
48 0.105951490279
7 0.109887305907
6 0.111354127057
3 0.113760508389
2 0.114656625559
12 0.115798899935
86 0.122745304258
10 0.123681545721
29 0.124952985753
85 0.125110765178
1 0.126432420373
5 0.128900469174
8 0.128916061347
4 0.13016611434
53 0.133841180798
87 0.136991025779
69 0.137280072541
17 0.142832261719
16 0.148233207288
0 0.149742293277
92 0.150474619448
45 0.152473342882
76 0.152584719665
24 0.153694831319
37 0.156190239729
63 0.15763951615
20 0.159034990385
11 0.159470400628
14 0.163293901941
62 0.163470535931
95 0.163518002379
18 0.163654216607
30 0.164168213978
94 0.164552962728
21 0.165448392914
75 0.167244840179
9 0.168529371735
25 0.170157959138
89 0.170388532378
41 0.172710819358
13 0.173738046416
19 0.176472249989
23 0.176803244736
27 0.177363870912
78 0.1845728249
73 0.195790630164
52 0.196551571724
26 0.198931348506
57 0.200456112493
88 0.211017142471
80 0.211926317928
74 0.214878822839
82 0.216859271374
38 0.223520478114
70 0.22739698468
51 0.229330416519
54 0.230433473928
55 0.235540541028
35 0.242376015685
15 0.246590296602
40 0.246710511591
50 0.251527689199
64 0.256438491871
59 0.260581910129
68 0.2763468376
97 0.311504460158
61 0.31196206764
43 0.317428580002
39 0.325697163135
36 0.344701220509
34 0.345602837642
58 0.348091477878
60 0.349218246575
22 0.354228100554
46 0.362775758507
84 0.362897783032
83 0.365320362292
28 0.368953480883
31 0.378424089867
96 0.382251815326
56 0.39229243156
66 0.397865956065
72 0.411327179516
32 0.416453597851
93 0.430802424433
33 0.433794357535
100 0.434388588582
81 0.452682857139
71 0.468936139378
99 0.472842234147
67 0.489339550678
77 0.507223262538
47 0.511190647441
42 0.511769410423
98 0.605694771062
49 0.619369702517
