91 0.107657750346
79 0.115210299828
65 0.116598395717
44 0.118280314687
86 0.119378536188
90 0.121609332055
89 0.123088665605
76 0.123572689835
78 0.12457085774
53 0.127879167601
48 0.128026635091
7 0.129071005878
27 0.129519362646
95 0.130091950334
73 0.131132939177
85 0.131532843778
6 0.131852079956
52 0.132131791225
9 0.132709329085
3 0.133616665493
12 0.134181326228
70 0.134343668701
26 0.134541341251
2 0.134932106789
87 0.135699789019
29 0.136599821346
82 0.137330154943
69 0.137361682795
51 0.137499403011
10 0.138090942729
8 0.139948836504
1 0.1404196569
55 0.140481276165
5 0.140762080858
92 0.140902462364
4 0.141568202075
38 0.1429948889
45 0.143367466094
17 0.143476568502
50 0.144274970912
35 0.144435457825
59 0.145281591701
40 0.145397270291
63 0.14543537325
16 0.145693048547
62 0.146236952434
0 0.146375493804
94 0.14662143664
24 0.146644868209
37 0.14672018458
75 0.148558349506
15 0.149314592471
30 0.149861992936
20 0.150194349321
41 0.150928933313
21 0.152157658728
11 0.152184342936
18 0.152385178126
25 0.152801093168
14 0.153024790944
68 0.153728159521
13 0.155026037351
23 0.155873581475
64 0.156520972602
19 0.156694550098
97 0.159898465967
57 0.160486309515
88 0.162187959244
80 0.162986791282
74 0.163895510758
43 0.164945386712
61 0.166398754385
34 0.168573400103
58 0.16867686111
39 0.168731177923
60 0.169347508526
54 0.16999896218
36 0.170663810958
83 0.172164518312
84 0.172327324521
96 0.174814699042
46 0.175386815277
22 0.175799693295
28 0.175914314675
56 0.181568990604
31 0.183911244755
72 0.185670867424
32 0.186177018933
93 0.19104000169
100 0.193265633031
66 0.194189270849
81 0.197097680259
71 0.199352690437
33 0.200666766173
99 0.209548665418
67 0.212348245108
77 0.213146963364
47 0.217897378142
42 0.218444226755
98 0.247681894203
49 0.251967596089
