87 0.0850492574973
92 0.0854219696814
45 0.0864743429202
62 0.0868840208516
63 0.0873098198037
94 0.0879446242158
75 0.0881152517454
41 0.0888944496409
37 0.0899234426313
30 0.0899762693726
69 0.0903677802135
85 0.0906484648848
25 0.0911034892072
23 0.0921982198751
21 0.0922125010425
13 0.0923346233121
24 0.092913019343
19 0.0931333835642
16 0.0935680349971
20 0.0938851924854
18 0.094959754774
17 0.0955265695028
14 0.0958623589367
57 0.0964180703323
29 0.0966141364488
90 0.0979913671806
88 0.0983575863376
11 0.0986269732149
48 0.0992421341453
74 0.0992709758784
80 0.0993892137589
54 0.104446553352
8 0.108077633209
5 0.11202216829
4 0.121371783066
10 0.122516739656
12 0.128067400923
6 0.1309784925
7 0.134153292047
2 0.149928941051
91 0.152874598193
1 0.15545333929
44 0.161028005037
65 0.163303262863
3 0.168890679884
79 0.192249312206
53 0.243947045247
86 0.258903182034
0 0.285535337915
76 0.337194529618
95 0.35604247918
89 0.366606365551
9 0.370002607061
27 0.388021736672
78 0.407960034496
26 0.439360418619
52 0.442210986261
73 0.454667029411
82 0.478466442475
38 0.496741130575
70 0.498644764968
55 0.513319800208
51 0.513566767124
35 0.528575548194
15 0.540134528226
50 0.551189737144
40 0.552528676851
64 0.561664427549
59 0.579787436017
68 0.593936208037
97 0.669517734517
61 0.676544197655
43 0.694021002611
39 0.710056889876
36 0.735686245042
34 0.740836174825
60 0.748276091959
58 0.748963871055
22 0.759646794915
83 0.776794128803
84 0.787161628216
46 0.78770876598
28 0.791652621618
96 0.819474588162
31 0.821121681926
56 0.840629116791
32 0.871012026474
72 0.883830665936
66 0.896919095005
93 0.922790949078
33 0.931804539518
100 0.937713128523
81 0.946785780227
71 0.987777011827
99 1.03019417545
67 1.05091442992
77 1.06648664785
42 1.08433357758
47 1.085173015
98 1.25856099202
49 1.30155630342
