72 0.108296174636
96 0.108684651347
93 0.110000736287
100 0.111468547757
71 0.111648042674
77 0.112098642466
81 0.112101158557
99 0.112141429318
83 0.113188521648
84 0.113191748567
47 0.113639549089
42 0.114789307536
97 0.11620321549
67 0.117151171917
32 0.117276086923
33 0.117908552897
98 0.117935433594
31 0.118327537159
28 0.118566218208
56 0.118734349196
58 0.118741512486
60 0.119581805928
46 0.120224159292
34 0.12157617915
39 0.12309928487
66 0.125251809921
61 0.125850296221
36 0.126474684238
43 0.127324163944
22 0.128386403372
49 0.129212021618
68 0.131677470891
50 0.138453619749
64 0.138715741799
59 0.139386839908
82 0.143704182953
40 0.144627971291
55 0.147234265497
70 0.147944155417
35 0.149485635764
38 0.150695470455
51 0.15128935329
52 0.157208401227
15 0.161907554341
73 0.16364429561
89 0.167850410266
26 0.168087921148
95 0.168124978101
76 0.176083038468
78 0.177387721987
27 0.181663690839
86 0.200349669422
9 0.204236087249
53 0.216747979551
79 0.238247629345
65 0.257305614689
44 0.267361988278
0 0.269089262198
91 0.27861221171
3 0.311666257747
7 0.313068114789
2 0.325106781093
90 0.326694039331
1 0.327879133528
6 0.330213063882
12 0.336795034116
10 0.348089230897
85 0.352248623274
4 0.357498268167
48 0.363143172637
5 0.366610923681
8 0.368301779501
69 0.37319765649
29 0.37463578608
87 0.379553245918
17 0.391256126027
24 0.400867516865
92 0.401628985459
16 0.402697399324
45 0.406798379273
37 0.409846804291
63 0.413163915695
11 0.413737303568
20 0.415338266555
62 0.419830095975
18 0.420049984843
14 0.421837047486
30 0.42245943027
94 0.425131549451
21 0.426195102009
75 0.427436155695
25 0.430639552453
41 0.43385107211
13 0.434432872333
23 0.439511710457
19 0.441568414127
57 0.471399413127
88 0.4759259651
80 0.479509452442
74 0.480348424769
54 0.498697339239
