91 0.0862077170936
65 0.0964558353392
79 0.0966610386662
44 0.0967837221327
90 0.0987181869701
48 0.104923460709
86 0.105240409695
7 0.105572596034
6 0.107533928789
3 0.109285261326
85 0.109336434049
12 0.109640726386
2 0.110347763465
53 0.112548440762
29 0.112650134914
10 0.113579754073
87 0.114704366324
69 0.115448394506
8 0.115573568555
76 0.115944457466
5 0.116069363454
1 0.116313829732
4 0.116911837062
89 0.119083920837
17 0.120510631188
92 0.120882432462
78 0.121543255552
45 0.122621605782
16 0.123039692492
9 0.123532373422
24 0.124265813769
27 0.124322671145
95 0.12438692319
63 0.124942362113
37 0.12510483943
62 0.126761866712
94 0.127586124489
20 0.127701362647
0 0.128074133451
30 0.12869735201
11 0.128834429983
75 0.128996900892
18 0.129820833465
14 0.130214920513
21 0.130304499554
41 0.131438104296
25 0.13162538512
52 0.132731300551
73 0.133254706981
26 0.133452011329
13 0.133582679135
23 0.134796413986
19 0.13526807819
70 0.140391565263
82 0.142234328456
57 0.143515435874
51 0.14402813482
88 0.14654656535
38 0.147149709549
55 0.147203778452
80 0.147366258803
74 0.148291579135
35 0.151482972346
50 0.15432656766
40 0.154351161738
15 0.154944844311
54 0.155236825524
59 0.157962105693
64 0.167121973909
68 0.169027061597
97 0.183822190015
43 0.186136343031
61 0.187727675501
39 0.192169453325
34 0.195016678643
36 0.196245325356
58 0.196518010748
60 0.196814954915
22 0.20215191459
84 0.20392693423
83 0.204111136374
46 0.204958152023
28 0.207026128168
96 0.210978918378
56 0.216045838313
31 0.216217662126
32 0.224139219279
72 0.226171122051
66 0.232518325812
93 0.235003374962
100 0.238569172188
33 0.241609845398
81 0.243152768159
71 0.249820547143
99 0.262184632581
67 0.265808510831
77 0.268996795147
42 0.273669545398
47 0.274083608705
98 0.319702285155
49 0.327538783364
