94 0.186486057993
80 0.190817400045
92 0.190861798325
88 0.191438873374
57 0.192214739094
62 0.192898014308
74 0.194302691657
75 0.195411864572
87 0.196406360919
45 0.198920602324
41 0.198983110115
54 0.199151904651
63 0.20081268716
48 0.213359899603
85 0.214027920882
30 0.214541506459
37 0.216354552446
69 0.21736985975
90 0.218194677193
25 0.218630304909
23 0.221663288952
21 0.223075410407
16 0.224083688803
13 0.224601759938
19 0.224653370154
29 0.22894172209
17 0.229196959045
24 0.22967446991
20 0.229950374378
18 0.235199678742
14 0.236898419314
11 0.245122812301
8 0.253976262677
91 0.256843560248
5 0.260054417692
10 0.273477694805
6 0.273738651538
12 0.274316394591
4 0.274494685202
7 0.275012332573
65 0.288421474002
44 0.291176417196
2 0.299892772213
79 0.312534250569
1 0.312952272265
3 0.320684840689
53 0.372353640277
86 0.373390040024
76 0.428166815657
0 0.434687960672
89 0.443843432612
95 0.450675840339
9 0.470159206727
78 0.470746798702
27 0.472891007118
73 0.494008949433
52 0.506409766895
26 0.510403218339
82 0.527735577741
70 0.537167273648
51 0.547477287339
38 0.554413697562
55 0.55547704104
35 0.572591731374
50 0.581484902539
40 0.585661378247
15 0.592695582324
59 0.593158161369
64 0.601462410886
68 0.609173472845
97 0.651405796649
61 0.672067346266
43 0.686745193131
39 0.694379171995
34 0.711576762937
36 0.713254428504
58 0.713622678133
60 0.718941703522
83 0.72818088205
84 0.732577430298
22 0.73678216758
46 0.745235374032
28 0.745859526079
96 0.746412156307
31 0.771219045386
56 0.776882061099
72 0.794637511891
32 0.799532392676
66 0.804227413848
93 0.817808487489
100 0.822066798533
81 0.84283163596
33 0.849998731055
71 0.856937979271
99 0.885324282524
67 0.902895560938
77 0.918176789935
47 0.934797039601
42 0.940277127126
98 1.04850039012
49 1.06185940768
