91 0.277850980335
90 0.289465758259
65 0.30054069042
48 0.301026801925
44 0.301481836088
79 0.303167879184
85 0.310573247422
87 0.315107795655
86 0.317165101713
29 0.321789320243
7 0.323667237728
92 0.325005462832
69 0.326063498635
6 0.328756013192
45 0.330157738767
12 0.332510844975
94 0.334105183065
62 0.335116146243
53 0.335776932133
63 0.336343125543
8 0.338481858514
75 0.34029627447
3 0.340384861259
76 0.340952605409
10 0.341035843477
2 0.34109256978
5 0.342145484705
17 0.342395584491
37 0.343638674409
16 0.345118347765
41 0.345731325723
24 0.346763482213
30 0.349094315882
89 0.349405464781
4 0.350006384433
20 0.354726700769
25 0.355826863192
21 0.356115885112
95 0.356526864933
78 0.357758312997
18 0.36026811132
1 0.360466360916
57 0.360726884268
13 0.361268409816
14 0.362240337373
23 0.362264115959
88 0.362713443452
11 0.362917070967
80 0.364264611586
19 0.365212022027
73 0.366912710987
74 0.366954287923
27 0.36915056908
9 0.374673362061
52 0.376464663283
54 0.379850771614
26 0.384116687414
82 0.388491221566
70 0.390706251926
51 0.394736689246
0 0.401639695786
38 0.403972472054
55 0.404307105098
50 0.413694822508
35 0.415385869814
40 0.416375925274
59 0.417551229887
15 0.430502335378
64 0.433322203123
68 0.436711062585
97 0.455490941852
61 0.46926310147
43 0.470964154123
39 0.476841061807
34 0.483791170143
58 0.484266538321
60 0.487717697867
84 0.488580613427
36 0.49136660638
83 0.494254604313
96 0.496681504499
46 0.498693758844
28 0.504247625108
22 0.504508186566
56 0.517109998198
31 0.517919267949
72 0.522380543892
66 0.525844891488
32 0.535428079129
93 0.535455680257
100 0.535617513517
71 0.560293853953
81 0.561610764237
33 0.563170303029
99 0.571103218741
67 0.582751521089
77 0.594978314564
47 0.604213477455
42 0.607487094503
49 0.678475847383
98 0.682268808274
