91 0.33993893154
48 0.35140481356
90 0.352753743444
87 0.362081742013
85 0.365568416581
92 0.367402820829
94 0.373317815448
79 0.373674852921
45 0.377396725659
65 0.3779985373
62 0.378065591177
69 0.380506873197
63 0.382967298671
44 0.38313405837
75 0.383871797432
29 0.388054281977
41 0.390683972313
37 0.396917491225
7 0.39692951302
57 0.399544450219
17 0.399942070885
16 0.400418959879
30 0.40107551426
88 0.401157592232
86 0.401420448167
80 0.401784581777
6 0.404487592234
24 0.406009933318
74 0.406192114619
25 0.409097007117
8 0.409234477929
12 0.410344641919
21 0.411125960713
20 0.412733198207
5 0.414534280265
10 0.415838798858
23 0.416418109279
13 0.417092853619
54 0.419031076139
19 0.419979319501
18 0.420337551536
73 0.422410274494
14 0.422548753326
4 0.423959691543
2 0.424139376745
11 0.426663438785
76 0.4299588809
53 0.430363674804
3 0.432787797336
78 0.436488629448
1 0.442354314567
89 0.445739285196
95 0.450396579897
52 0.468066060107
27 0.46908593804
51 0.473188411089
9 0.475469206668
70 0.480643537196
26 0.48581042201
82 0.490055305815
59 0.497866387259
0 0.508005809882
55 0.510108957796
40 0.510878886864
38 0.513503902795
50 0.519629452553
35 0.526552159521
15 0.543593621985
68 0.554744651107
64 0.555366431943
97 0.56745423807
43 0.585893301134
84 0.589160585849
61 0.592991110826
96 0.593464075808
58 0.593953438127
66 0.59760032613
39 0.598878002779
34 0.600585517629
60 0.603546083939
46 0.60796369472
83 0.608301235449
36 0.615278541722
28 0.618623543323
100 0.62132772424
56 0.625720005223
72 0.627755270685
22 0.631919885257
93 0.633166312714
31 0.644246568779
71 0.65176521384
32 0.661164442913
99 0.663012324183
67 0.671982674536
81 0.687410726872
33 0.698982668752
77 0.703641934053
47 0.717823299098
42 0.726849529012
49 0.762315626594
98 0.831340021505
