80 0.241978712821
88 0.243825878637
57 0.247463469889
74 0.247960187996
94 0.24852527543
54 0.251500119296
92 0.260636002607
62 0.261031151388
75 0.26422842262
41 0.269218391996
87 0.273349068366
45 0.273788445176
63 0.276753211317
30 0.299219591691
37 0.304646846552
25 0.304861599272
85 0.305712177465
48 0.306214217953
23 0.308752320361
69 0.310713382854
19 0.313156193462
21 0.313570313283
90 0.314640009397
13 0.315021317187
16 0.319118162622
20 0.327465881415
24 0.328889506223
17 0.329617724194
29 0.329781334999
18 0.335693719423
14 0.338129408876
11 0.353673382947
91 0.366200591187
8 0.374173843139
5 0.383507516299
6 0.40664937617
12 0.406765816639
10 0.406823519523
4 0.407496362069
7 0.408854837048
65 0.423727478728
44 0.428131623852
2 0.446944423631
79 0.459568427374
1 0.471229705724
3 0.478042788676
86 0.548658786598
53 0.553281721629
76 0.616087135001
89 0.632197792799
78 0.648698376671
0 0.652003306739
95 0.664132593492
9 0.672458347884
27 0.673203899383
73 0.685514647513
52 0.719719582696
26 0.721918830826
70 0.742588726185
82 0.747191323549
51 0.755731633567
55 0.775870782849
38 0.791765819173
35 0.804330939219
50 0.811261671967
59 0.816505433914
40 0.818555526327
15 0.831616936052
68 0.861354418861
64 0.869635946299
97 0.916784170658
61 0.949830802882
43 0.955874916084
39 0.970920189122
34 0.97745708413
58 0.980438308171
36 0.98638971532
60 0.995699575538
84 1.00304600001
83 1.00501737094
96 1.01494058358
22 1.02188677857
46 1.02346063085
28 1.02588298397
56 1.05357356594
31 1.07049280374
72 1.0847561609
32 1.08595376792
66 1.1048837051
93 1.10729663024
100 1.11265320373
81 1.14684935522
71 1.14738448601
33 1.17331195756
99 1.20638976131
67 1.21587141493
77 1.23511298809
47 1.26348913627
42 1.27218756737
49 1.41421617216
98 1.42438898792
