85 0.0169162188522
87 0.017349049947
90 0.0175716510145
69 0.0176269305769
92 0.0179034274794
45 0.0182501462189
62 0.018493017188
63 0.0185101793545
94 0.0186089922356
24 0.0187314897865
17 0.0187860862329
37 0.0187864068522
75 0.0188408472817
29 0.018858279978
16 0.0189540225851
41 0.0190730491288
30 0.0191018680494
65 0.019149115257
20 0.0193318496886
25 0.01941687976
53 0.0194360831529
21 0.0194487953647
8 0.0194750779191
7 0.0195090420594
18 0.0195313544828
5 0.0195459778263
4 0.0196266642258
13 0.0196381882491
11 0.0196589177218
14 0.0196661591582
23 0.0197522285751
10 0.0197763927585
19 0.0198946995895
12 0.0199279142822
44 0.0199664848937
57 0.0202793527604
6 0.020310488701
88 0.0204325590534
80 0.0205685158343
48 0.0206209819389
74 0.0206511356821
1 0.020913034716
2 0.0213619740048
54 0.0214686494038
79 0.0218101069178
3 0.0225735224746
86 0.0229510373684
91 0.0239674338996
95 0.0246697992314
76 0.0264223171448
0 0.027076444935
89 0.02790395159
64 0.0306128185036
82 0.031188554469
27 0.0316594627161
9 0.0328201791823
38 0.0332548685113
52 0.0335426173103
26 0.0336812126038
68 0.0339145523789
55 0.0354136737996
35 0.0361620095474
97 0.0368300735304
50 0.0369593291769
78 0.0369851556184
61 0.0371163879671
73 0.0376427992621
70 0.0378738514604
15 0.0390095186985
40 0.0393830677267
51 0.0399077804098
39 0.0404153583205
59 0.0422387966468
43 0.0429129758608
36 0.0439861480081
83 0.0450928120422
34 0.0452580219862
22 0.0454267023679
60 0.0457629211823
58 0.0458578380738
31 0.0459187377382
28 0.0473736340233
84 0.0478997703209
46 0.0486202363493
96 0.0490797224094
33 0.0510160598708
72 0.0513114906151
32 0.0516162899815
56 0.0518207996187
81 0.0527601057302
66 0.0542003359308
93 0.0543255136587
100 0.0555760399544
99 0.0574604313923
71 0.0588900868227
47 0.0611151796893
77 0.0611583204625
42 0.0615224420438
67 0.0615237211625
98 0.0631851395279
49 0.0738972514841
