90 0.108050181148
48 0.110779487266
87 0.113817122217
85 0.113916541604
92 0.117121090193
29 0.117652934905
69 0.118204126928
45 0.119128300705
91 0.119365401408
94 0.120910799176
62 0.121030760868
63 0.121196154228
75 0.12298586078
37 0.123874332312
17 0.124302728629
16 0.12484767833
41 0.125121861434
24 0.125443780872
8 0.125542304717
30 0.125871612335
5 0.127701301247
7 0.127862270517
6 0.128077608555
20 0.128197099447
25 0.12845930303
12 0.128477168324
44 0.128570394695
21 0.128578033246
65 0.129252499457
10 0.129823706096
18 0.130293702128
13 0.130606677161
23 0.131009915592
14 0.131098717829
11 0.131725973736
19 0.132092830724
4 0.132430830693
57 0.132787339799
88 0.134583556096
80 0.13530820142
74 0.136338654493
2 0.136715813997
79 0.138456820145
3 0.141180918851
54 0.142435907224
1 0.143847260706
86 0.160593373741
53 0.161118022745
76 0.190087219087
0 0.190608765208
95 0.198184557284
89 0.201128094062
9 0.209832616859
27 0.213293094898
78 0.218947183951
52 0.230681719477
73 0.231582145042
26 0.232221882033
82 0.24272954993
38 0.251519653087
70 0.25363085429
51 0.258425679115
55 0.258734235321
35 0.265469155026
50 0.271755306175
64 0.272992637827
40 0.273862426319
15 0.274017205657
59 0.283448836224
68 0.285563592655
97 0.312623988162
61 0.31673715829
43 0.326884789253
39 0.329942964412
36 0.343898565852
34 0.344576665729
58 0.347669004632
60 0.347700150619
22 0.354038817472
83 0.356695909455
84 0.359336588837
46 0.362255759495
28 0.364754256227
96 0.371451855409
31 0.372560647946
56 0.383612041416
66 0.39485287068
72 0.394904661732
32 0.39618839643
93 0.410361335222
100 0.413767046124
33 0.415418964726
81 0.422639568196
71 0.437690434751
99 0.445880558347
67 0.457858994131
77 0.467432187149
47 0.473342592752
42 0.474218248324
98 0.535989618182
49 0.553652740315
