91 0.133045669051
90 0.144062950644
65 0.144172709859
79 0.144727479247
44 0.14762901382
48 0.151542597314
85 0.151630019564
86 0.152939450105
87 0.152968156857
78 0.153904492253
89 0.155426277118
76 0.156605199176
92 0.156824874605
7 0.158029690188
73 0.158291626728
69 0.158895995494
45 0.161089592817
94 0.161163240562
53 0.161292120956
29 0.161381466897
6 0.161795524108
62 0.162631619083
63 0.163656739857
12 0.164298335247
27 0.164742344803
75 0.165399294914
70 0.165822463737
17 0.166997984875
95 0.167476048479
2 0.167575305705
52 0.167744228221
51 0.168210120476
16 0.168223921939
37 0.168408520479
41 0.168515716448
8 0.168711422259
10 0.168786165527
3 0.169164276999
5 0.169714629747
9 0.169857546791
26 0.170220231638
24 0.171037638692
30 0.171108296064
4 0.171736929023
82 0.172061264832
1 0.174258125317
20 0.174432616516
25 0.174832725805
55 0.174858060727
21 0.17492399696
57 0.17518369918
59 0.176571424097
88 0.176718407116
80 0.177097222041
18 0.177801735278
13 0.178312913687
23 0.178491602678
14 0.178505048761
74 0.178989848158
11 0.179280151117
50 0.179496598112
19 0.179631222865
40 0.180825675802
35 0.180979484125
38 0.181957413614
54 0.185329788506
15 0.18765497043
0 0.188333994995
68 0.191304179786
97 0.198134417321
64 0.198835661007
43 0.203745270637
58 0.204721164709
34 0.204875062012
84 0.20721155842
61 0.207224024828
96 0.208019754869
60 0.208256278401
39 0.20833078304
36 0.208707553201
83 0.209898805453
46 0.212358972196
28 0.213487877621
56 0.215823298223
22 0.215946888739
72 0.221630161345
32 0.222467812153
93 0.224556224168
31 0.224839700092
100 0.225117358877
66 0.227030662364
71 0.230073151988
81 0.234594757209
33 0.243213269102
67 0.244199210656
99 0.245121952759
77 0.248117596355
47 0.254847611003
42 0.25639723224
49 0.281507696684
98 0.290679976231
