100 0.334155298203
49 0.339771133706
71 0.340543536898
99 0.340984931792
67 0.342798392451
66 0.346213690027
93 0.349233234073
96 0.350899228306
72 0.35889490231
77 0.360350312405
84 0.364474867396
47 0.369480321287
73 0.375980103492
59 0.378365349241
42 0.379259091531
56 0.380841701886
46 0.388417146964
58 0.389120427311
51 0.389360432225
83 0.38954185499
81 0.394954377784
28 0.396611838682
70 0.398867408934
60 0.400274515069
34 0.400770804592
97 0.401051596778
32 0.401982796296
40 0.408371131069
78 0.411597950792
43 0.412796872383
50 0.412907248218
31 0.413561263672
98 0.416208239171
39 0.419079049075
33 0.421299343872
82 0.421911559976
52 0.422166808525
36 0.423523830853
55 0.425667771662
68 0.432126334371
22 0.432398862381
61 0.432800335936
35 0.438138121587
89 0.439638893904
38 0.44331110154
76 0.445158394855
26 0.447948182772
64 0.457501408375
95 0.458327315603
15 0.458938890776
27 0.462504070916
86 0.469354971953
9 0.493042953456
79 0.49524045446
91 0.497563516335
53 0.522779225207
65 0.526565186892
44 0.538862170693
90 0.578124273649
7 0.599790116858
48 0.6009225943
85 0.615930546157
0 0.617325639791
3 0.618304415186
6 0.619846308927
2 0.628468801917
12 0.632265287128
87 0.63343097071
69 0.645327121278
1 0.648584273969
10 0.649284725081
29 0.649883005348
92 0.65391330331
8 0.662770781604
4 0.665467857661
5 0.665684746739
45 0.667588992453
94 0.675409662442
17 0.675547347067
62 0.676986003182
63 0.677184580994
16 0.684889508678
75 0.687796298402
37 0.687987810188
24 0.689971488326
41 0.698855784671
30 0.701033202371
20 0.706407882675
21 0.713136513049
25 0.714573451198
18 0.717100045144
11 0.717674533582
14 0.720228245358
13 0.725269501583
23 0.7280856942
57 0.731047755786
19 0.732658893299
88 0.735115646339
80 0.737811191207
74 0.743032056031
54 0.767029784661
