73 0.151602637825
78 0.159615978411
51 0.16208543211
59 0.165537144617
70 0.166595031166
52 0.172427660709
40 0.175931071969
76 0.176143333369
89 0.177511703508
82 0.181274083556
50 0.1817349345
26 0.182255605962
55 0.182851559435
86 0.183217027849
27 0.184307575994
91 0.188228949962
95 0.188308269574
35 0.189661908573
38 0.189927412925
84 0.190062819978
96 0.190409231782
79 0.191932436142
9 0.192642227262
66 0.193198406721
15 0.194920810891
58 0.195683265701
100 0.197359203506
46 0.197688289838
43 0.197873653341
34 0.200038525121
97 0.200624184732
56 0.200944691012
60 0.201009295974
93 0.202003811034
72 0.202477480004
83 0.203555776457
68 0.203831480722
28 0.204306892602
71 0.206439576939
39 0.207550232284
65 0.209226477796
36 0.210313077083
64 0.212020467673
61 0.212805287916
44 0.213184008059
53 0.213590760203
99 0.213856184177
67 0.214331900471
22 0.215198181582
31 0.217682045834
32 0.218081172385
77 0.225789160379
81 0.228872425969
47 0.231564057555
42 0.234541673079
33 0.23490395238
90 0.241288408293
7 0.247580969818
49 0.248521291708
3 0.249786171115
0 0.251548423506
48 0.253711187912
6 0.256849233157
2 0.258177673498
12 0.264036912276
85 0.268367683138
1 0.272005090581
10 0.27540182076
29 0.280554630838
87 0.283213963655
4 0.284964967781
8 0.285724389695
98 0.285943395468
5 0.286048320636
69 0.28617338773
92 0.298358535107
17 0.299916543267
45 0.30365783431
16 0.306568699495
63 0.309856649658
24 0.310246842332
37 0.311944391639
62 0.313021774381
94 0.313610087412
75 0.318733204844
20 0.319255153002
30 0.320769852269
11 0.322421576055
18 0.324958834895
41 0.325091031402
21 0.325362442761
14 0.325862244683
25 0.328329898885
13 0.333612666399
23 0.336296797273
19 0.337602248406
57 0.350150374755
88 0.35601010505
80 0.357581244509
74 0.360447502861
54 0.375824267162
