92 0.12183925526
87 0.121850789557
94 0.122523601405
62 0.125465289433
90 0.125890206431
45 0.126606369478
85 0.127169763437
75 0.127580849508
63 0.128536608058
48 0.130008429437
41 0.130312619776
57 0.131309114228
69 0.131858346783
80 0.132027454124
88 0.132096337648
91 0.133942722736
74 0.134099709358
37 0.136110021088
30 0.136702299338
29 0.137444556792
16 0.138286762634
54 0.13858236911
17 0.139633080144
25 0.139808291149
21 0.141229792516
24 0.142042044462
23 0.142576412779
20 0.143455674085
13 0.14356630991
19 0.143836219038
18 0.146903982017
14 0.1475898455
8 0.149960439747
65 0.150132149089
11 0.150953316907
5 0.152082536021
7 0.152395077702
44 0.15312230087
6 0.153488573457
12 0.154489298371
10 0.15685785941
4 0.157875028116
79 0.161090931505
2 0.165005590733
1 0.173353485767
3 0.173421245928
86 0.189641318941
53 0.191586718271
76 0.209327238376
89 0.212435562858
78 0.217769061663
0 0.224839328344
27 0.226066670841
9 0.226689251917
95 0.229682262058
73 0.23596525389
26 0.243402779946
52 0.244986654191
70 0.250638867527
82 0.254855433188
51 0.257160953329
55 0.262348181309
38 0.27101734379
35 0.272758857694
50 0.276412428636
59 0.280275397877
40 0.280371752957
15 0.281256429172
68 0.297771787652
64 0.303843592658
97 0.323680587334
43 0.332375645425
61 0.33299773885
34 0.33918637246
39 0.339612598864
36 0.341830547573
58 0.342639132532
60 0.348834346271
84 0.35520401758
83 0.355256919811
22 0.355474586185
46 0.359580211608
28 0.360597446325
96 0.361316759892
56 0.369837496228
31 0.379273755293
32 0.380388972378
72 0.39012704596
93 0.399175633196
66 0.404011427056
100 0.405422217997
81 0.409463618598
71 0.415460762446
33 0.419142056526
67 0.445742944682
99 0.447608945301
77 0.450190512693
47 0.461818713234
42 0.462799041185
98 0.528719023122
49 0.53329994074
