70 0.162905717271
96 0.162984030188
59 0.164532563194
84 0.16630062838
51 0.166541906035
78 0.168275869422
58 0.169018363193
72 0.170135038116
83 0.170161017947
34 0.171056611745
73 0.171455227028
93 0.171466748974
56 0.171548147124
50 0.171660595488
60 0.172012841837
100 0.172274433413
71 0.172809009158
46 0.173294403877
28 0.173689877484
32 0.17441153968
40 0.174444171187
55 0.174536208149
97 0.175599787383
43 0.177303137108
36 0.178271921152
81 0.179317059542
35 0.17995284533
52 0.180351497499
82 0.180594492423
39 0.182549034429
77 0.182924658495
89 0.183248632681
22 0.183363918392
68 0.18420294093
31 0.184499403863
99 0.184721264684
67 0.184969247681
26 0.185829784843
66 0.186437566527
15 0.188156751512
47 0.188292870129
61 0.189237858544
38 0.18955894428
42 0.189773289818
33 0.1915590627
27 0.192181969876
76 0.197218023588
64 0.205659793995
9 0.207427836098
49 0.209196896281
98 0.211311021707
95 0.212391936094
86 0.219915871458
91 0.229095116989
79 0.238293533829
53 0.254396879351
65 0.256087571575
44 0.261003631911
0 0.291203681118
3 0.306371599343
90 0.309436150077
7 0.313573634743
2 0.322390232051
6 0.323940723496
48 0.333000235905
12 0.333422582145
1 0.340533966081
85 0.351196638265
10 0.35208297398
29 0.362168348043
4 0.364522239225
5 0.367081347325
8 0.367777801352
87 0.371923103647
69 0.373960983319
17 0.390415045496
92 0.392303677814
45 0.398925039523
16 0.399953178899
24 0.40519204828
63 0.406775685155
37 0.40826182596
62 0.411746653649
94 0.412750761265
20 0.416868798774
75 0.419070299947
11 0.419860180911
30 0.420351162666
18 0.424291361792
14 0.425354573081
21 0.425864231211
41 0.427452110348
25 0.430333554673
13 0.437140810482
23 0.440922689107
19 0.442521148412
57 0.461220694249
88 0.469151812024
80 0.471205706258
74 0.474944718303
54 0.495214210026
