70 0.101631354789
50 0.103723923918
59 0.103905506749
97 0.104253270814
51 0.104483422826
55 0.104832019516
82 0.10517331985
96 0.10546807669
78 0.106051224006
83 0.10614181568
84 0.106232754171
58 0.106364165373
89 0.106642017159
73 0.106667543245
34 0.106718976178
68 0.10674317355
40 0.107021301303
60 0.107240659391
52 0.10756178816
35 0.107619690504
43 0.10869398813
36 0.109308268899
28 0.109325318834
39 0.10939811286
46 0.109743952014
72 0.109969545764
38 0.11032912056
61 0.110434130689
26 0.110647889637
56 0.11069428347
32 0.111215599345
93 0.112243678962
22 0.112391999464
76 0.112725246937
31 0.113316033749
100 0.113500963107
15 0.113506107766
27 0.113620454841
64 0.114461292965
81 0.114608316189
71 0.115424656298
95 0.117189381661
66 0.119036338983
33 0.119223281368
99 0.120963067985
77 0.121375001091
67 0.122622585644
86 0.122790247677
9 0.122841324834
47 0.124106116584
42 0.124617329315
79 0.134692941243
53 0.135897741624
98 0.13658425572
91 0.138088857344
49 0.14148756832
65 0.142349278137
44 0.145827061306
0 0.160601171304
3 0.17016049386
90 0.172120313684
7 0.172180307185
2 0.177745886562
6 0.17891556228
12 0.182951367731
1 0.184418103527
48 0.188366698563
85 0.191026094835
10 0.191291090609
4 0.197022865948
29 0.198996217127
5 0.199499785554
8 0.20009684109
69 0.202771242382
87 0.203475290854
17 0.211832033613
92 0.214695500292
16 0.217178581235
45 0.217703217119
24 0.218359076326
37 0.221261797889
63 0.221635363639
62 0.224644121088
20 0.225060104248
11 0.22561129884
94 0.226216108366
30 0.227687727995
18 0.228316904908
75 0.22855853313
14 0.228983954864
21 0.230147263521
41 0.232460576918
25 0.232496567307
13 0.235473242196
23 0.23772338609
19 0.23852304544
57 0.251235336718
88 0.2548883396
80 0.256267664289
74 0.25761668536
54 0.267969638388
