80 0.0128791867007
88 0.0128791964159
74 0.0130112796
54 0.0131183054627
57 0.0132301242119
94 0.0133756748429
62 0.0137145917098
92 0.0137710570717
75 0.0138733108494
41 0.0140027894483
87 0.0142170407281
45 0.0142485258865
63 0.0143272275823
30 0.0151215489453
25 0.0152990763626
37 0.0153164447939
85 0.0153243617806
23 0.0153998806793
69 0.0154669797138
13 0.0156003149151
19 0.0156477205929
21 0.015689355234
48 0.0159466021954
16 0.0160379699669
90 0.0160486486889
24 0.0160798334688
20 0.0161903600264
17 0.0163823255098
18 0.0164229029833
14 0.0165863322999
29 0.0165976781574
11 0.0171154677352
8 0.0180293777351
5 0.0184531302406
10 0.0192325405784
91 0.0192638969061
4 0.01928035276
7 0.0194336558948
12 0.0195049250786
6 0.0195777591249
65 0.0200434121552
44 0.0203018829553
2 0.0211519061078
79 0.0212424491979
1 0.0216701241115
3 0.0223701598419
53 0.023607734799
86 0.0237678548515
76 0.0266253965835
95 0.0271924069798
89 0.0276796185876
0 0.0285495535353
73 0.0293706397308
78 0.0293895227334
27 0.0295870823197
9 0.029922356935
52 0.030422988582
82 0.0310764437108
26 0.0311434376938
70 0.0320815972191
51 0.0322969823868
38 0.0325689515418
55 0.032904344169
50 0.0337896309477
35 0.0337969708908
64 0.0339466445615
40 0.0340334803051
59 0.0340990196999
68 0.0346311579845
15 0.0352373652464
97 0.0359950289047
61 0.0372743437181
43 0.0383288707757
39 0.0383481196136
58 0.0392657654696
34 0.0393651924762
84 0.0395150353192
60 0.0395816923223
83 0.0396407780887
36 0.0397332028196
96 0.0398754437034
46 0.0405712284551
28 0.0407391676173
22 0.0408731113068
66 0.0415629292302
31 0.0416391359396
72 0.0418703906272
56 0.0419756853351
100 0.0424836514821
93 0.0427328747097
32 0.0432525598853
71 0.0443553636795
81 0.0446420010609
99 0.0448133502803
33 0.0451175903066
67 0.0459330490485
77 0.0470854171612
47 0.0478275375049
42 0.0483087347802
49 0.0520042334033
98 0.0527667287648
