80 0.210210360834
88 0.211965584741
57 0.21495241106
74 0.215629762191
94 0.216037326017
54 0.21865294625
92 0.226435516952
62 0.227082741797
75 0.230014371433
41 0.234347511466
87 0.237328964577
45 0.238101999703
63 0.240960345817
30 0.260696140925
85 0.264953395574
37 0.265434967224
25 0.265673149993
48 0.26681943762
23 0.269447026427
69 0.269751886617
90 0.270680737548
19 0.272734258313
21 0.273214982362
13 0.275073016857
16 0.277545286781
20 0.285421087379
29 0.285532918448
24 0.286682463277
17 0.2867347081
18 0.292725843382
14 0.294544732767
11 0.30828200437
91 0.309200905947
8 0.325453811482
5 0.333027947088
12 0.351095812546
6 0.351317443469
10 0.353130893861
7 0.353333357758
4 0.353560848812
65 0.360931415144
44 0.365106331544
2 0.385128939917
79 0.393583094795
1 0.408242164357
3 0.410647697726
86 0.469924693001
53 0.474614691162
76 0.520758732197
89 0.529563739278
78 0.536864296515
0 0.559398932858
27 0.563614821017
9 0.564718942357
95 0.572965565802
73 0.575046914538
26 0.604316056885
52 0.607546660302
70 0.61732359832
82 0.628223778488
51 0.629991977285
55 0.646180741974
38 0.66914522361
35 0.67205858282
50 0.677315333277
59 0.681988253535
40 0.68708216955
15 0.694381199524
68 0.725010677391
64 0.742513733457
97 0.778310530796
43 0.80266583126
61 0.803613890339
34 0.813812279923
39 0.81670902708
58 0.820076808511
36 0.822902502917
60 0.836804084141
84 0.842154079046
83 0.846144889442
96 0.851153212569
22 0.855129530553
46 0.857188861228
28 0.859851725674
56 0.876079478664
32 0.900931774045
31 0.901206859003
72 0.913079964047
93 0.929344261304
100 0.938143824054
66 0.938728270658
81 0.958133713567
71 0.959875756811
33 0.986472962962
67 1.02236802281
99 1.0250587641
77 1.0358662418
47 1.06201928813
42 1.06757384454
49 1.19305232702
98 1.19964946583
