91 0.0930585510753
86 0.0957889870623
79 0.0977145114642
76 0.100355625911
89 0.104641237792
65 0.106640740762
44 0.107403080395
95 0.107782151852
27 0.109789036277
9 0.110182985967
78 0.111282275404
53 0.11288645426
73 0.114656253411
52 0.114755158443
26 0.117079723304
82 0.122735809974
38 0.126510053619
70 0.127440430473
3 0.127688678492
0 0.129017375555
51 0.129109331328
55 0.130814704502
35 0.134407907421
7 0.1351819446
40 0.136625844626
50 0.13735834479
2 0.137527802557
90 0.137615931253
15 0.138303657045
6 0.1401569705
64 0.142264804558
59 0.143073587522
12 0.146088768597
68 0.148757885715
1 0.149582118829
48 0.149992245857
10 0.158196821806
97 0.164571059718
61 0.165472077662
4 0.166864252391
85 0.168984430232
43 0.168988109054
5 0.169436281413
29 0.170194377245
8 0.170658506611
39 0.172126390991
36 0.182115897298
34 0.182729598847
58 0.184394858013
60 0.184580371623
69 0.184620149164
22 0.187119170373
87 0.187729899538
83 0.19205781053
84 0.19238884303
46 0.192408859675
17 0.192605901493
28 0.195038823498
31 0.198776784714
16 0.200669293989
96 0.202614665978
24 0.204862656803
92 0.205326550389
45 0.207644177921
56 0.208514283923
37 0.210243042832
11 0.21155905918
66 0.211761859673
20 0.212917206359
63 0.213592346703
14 0.217651622231
18 0.217732445264
72 0.217779007544
32 0.21975923795
30 0.220390450678
62 0.220808785477
21 0.221838083114
94 0.223238513218
75 0.225630647881
25 0.227367907261
33 0.22747330431
93 0.22924339846
13 0.231241272268
41 0.231717618509
100 0.231895196074
19 0.235114975428
23 0.235256997391
81 0.238645219072
71 0.251543133873
99 0.25195113442
67 0.262572921086
57 0.264371410855
77 0.271390999063
47 0.272915512901
42 0.272945697556
88 0.27448625199
80 0.276082464923
74 0.278755757007
54 0.296044630864
98 0.321487883674
49 0.337769739788
