80 0.305012198962
88 0.308359377901
57 0.311638667859
94 0.313849032909
74 0.314466388923
54 0.319586209478
92 0.331550235753
62 0.332499886063
75 0.337038748102
41 0.344014237973
87 0.350495598164
45 0.350734406873
63 0.355232128807
30 0.387280105751
25 0.395237387173
37 0.395505239049
85 0.397525022148
48 0.398275346952
23 0.401614667339
69 0.403723848878
19 0.406055124896
90 0.406977799863
21 0.407353657813
13 0.411077687852
16 0.414509735485
20 0.427823712764
29 0.428603392951
17 0.43034070895
24 0.431015482898
18 0.43988737291
14 0.442264536536
11 0.465374784587
91 0.472108644302
8 0.495573665745
5 0.507869067005
12 0.538875926797
6 0.539969697101
4 0.542308589715
10 0.542441939154
7 0.545441540085
65 0.562766123077
44 0.568576276242
2 0.596053671273
79 0.620447308323
1 0.635323547092
3 0.639620486585
86 0.755370361178
53 0.761601239638
76 0.844612778896
89 0.86116815312
78 0.869728943818
0 0.89473744355
9 0.912751440256
27 0.915204805422
73 0.937830404381
95 0.938719543173
26 0.987712437607
52 0.996768328263
70 1.0153030291
51 1.03533134681
82 1.03566975007
55 1.06453583734
38 1.10401004446
35 1.10852168285
50 1.12049544643
59 1.12826987974
40 1.13579889269
15 1.1431358452
68 1.20667330948
64 1.23530439595
97 1.30730407079
43 1.34131447795
61 1.34508834609
34 1.36214019545
39 1.36733035456
58 1.37546096103
36 1.37684564806
60 1.40485896954
84 1.41629178415
83 1.42548476879
22 1.43218317103
96 1.43504333148
46 1.43835674069
28 1.44546925773
56 1.47152845854
32 1.51657351793
31 1.51671684456
72 1.54349690523
93 1.57114263962
66 1.57801672875
100 1.58639952812
81 1.62171874608
71 1.62571329358
33 1.66599246886
67 1.73106996246
99 1.73996767017
77 1.75909314416
47 1.80362514694
42 1.81172888531
49 2.03207657396
98 2.04967242143
