91 0.101681385838
90 0.111763028077
48 0.114487720297
65 0.118439493023
79 0.118941747357
44 0.119371648387
85 0.119512242849
87 0.120663900824
92 0.124368306283
29 0.125270465273
69 0.125702749403
7 0.125817624391
45 0.127158792243
6 0.127630806128
94 0.128266511337
62 0.129173759029
63 0.129507971957
12 0.129923744859
75 0.131263104425
17 0.131644644166
8 0.132184462796
16 0.13258390216
37 0.132843418128
86 0.132976496886
10 0.133387029954
5 0.133391132758
2 0.133485231749
41 0.133835698279
24 0.134956443398
30 0.13513254617
3 0.135255863206
4 0.136319524557
20 0.137426335737
21 0.137956479621
25 0.13811482817
18 0.140118721719
57 0.140561029963
14 0.140648979147
13 0.140775939012
23 0.14100587737
1 0.141118436069
11 0.141238704735
19 0.141879795888
88 0.142447081433
80 0.142804673069
53 0.142855458371
78 0.144077747871
74 0.144235158178
76 0.145029765669
89 0.148523453894
54 0.149800350999
73 0.151861717236
9 0.154340109619
27 0.154938779639
95 0.156908056555
52 0.162206269627
0 0.163277037585
26 0.164771118705
70 0.166830381911
51 0.167803162704
82 0.17478605573
55 0.179116020661
59 0.182104110475
38 0.182275326637
40 0.183819261244
35 0.185189399982
50 0.186459851948
15 0.188914930263
68 0.205808681391
64 0.207764608916
97 0.2186046995
43 0.220727584883
61 0.226611773912
58 0.227908747098
34 0.228250622105
39 0.229720281637
60 0.229996395986
36 0.232019504945
84 0.232523956514
46 0.236173488669
83 0.236706417292
96 0.237487243302
22 0.23912722825
28 0.239618341296
56 0.245375450283
31 0.253902436053
66 0.254105930642
72 0.255113426556
32 0.257161472318
93 0.260579274213
100 0.260752097257
71 0.27117772816
81 0.276475308261
33 0.280554214182
99 0.286919420136
67 0.287257794724
77 0.294902828639
47 0.302448889854
42 0.303443843263
49 0.342087721724
98 0.357190027782
