87 0.243398545748
92 0.245438597915
94 0.25137553651
90 0.252086398478
85 0.258376959411
48 0.258553438765
45 0.25938205391
62 0.260077446403
63 0.265464493193
75 0.266269800393
91 0.270264747429
69 0.270897473296
41 0.27551296896
29 0.282900328234
37 0.285747628955
16 0.285844576778
57 0.288540631651
30 0.289148030351
17 0.289602883839
80 0.297941835312
88 0.298728519379
25 0.299169535296
21 0.30030914971
24 0.303063762827
20 0.305171742794
74 0.30546996352
23 0.309092945066
19 0.310176826179
13 0.311197455927
18 0.316670645362
14 0.316722896701
8 0.32044781337
54 0.32308490434
5 0.32540735811
11 0.326155863553
6 0.329595711139
7 0.3320074001
12 0.332876207799
65 0.340950521633
10 0.341826453891
4 0.343164794678
44 0.347197538628
2 0.364829987127
79 0.382439384341
1 0.394168675664
3 0.395443771645
86 0.508310618252
53 0.513790501553
0 0.583444562106
76 0.592422713696
78 0.609288999499
89 0.610936794084
9 0.623772856091
27 0.641888547434
95 0.68625445338
73 0.697509530526
26 0.719240895557
52 0.737564419273
70 0.76528331843
51 0.785694086683
82 0.797737581646
55 0.816175896354
38 0.849769572265
35 0.854011917562
15 0.867661666711
50 0.881193840264
40 0.885432749523
59 0.890972855306
68 0.991357348107
64 1.01019298727
43 1.12158097686
97 1.12517977225
61 1.14267135499
34 1.1580045352
36 1.16521000086
39 1.16568317318
58 1.17885288615
60 1.2035919789
22 1.21671775379
84 1.24225200425
46 1.24273205071
83 1.25063606995
28 1.25578065406
96 1.28052489376
56 1.28752857478
31 1.3379202746
32 1.33928474857
72 1.40441607769
66 1.43764151784
93 1.44082820714
100 1.47041402866
81 1.48483469202
33 1.5077806469
71 1.51271786024
67 1.63445648279
99 1.66081198175
77 1.66212349409
42 1.70507113301
47 1.7087334001
98 2.02272811888
49 2.02293324818
