88 0.0201197731869
80 0.0201857479319
74 0.0202647732184
54 0.0203900344066
57 0.0207283497967
94 0.0209986693344
62 0.0212971594667
92 0.0214307952037
75 0.0215245996426
41 0.0216366009685
87 0.0219258153432
45 0.0219744441982
63 0.0220825371213
30 0.0230217381651
25 0.0232158231161
85 0.0232183937524
37 0.0232651382664
23 0.0233117878719
69 0.0234164966568
13 0.0235440943077
19 0.0236786311893
21 0.0237635684406
24 0.024125563464
90 0.0241915867925
16 0.0243479592631
20 0.024391106443
48 0.0244025447376
18 0.0246192772145
17 0.0247597843966
14 0.0248815514638
29 0.0249558835949
11 0.0255265365372
8 0.0267853631105
5 0.0273842438084
10 0.0283803223519
4 0.0284847294214
7 0.0287545429204
91 0.0287654203607
12 0.0288229490357
6 0.0290170637085
65 0.0294230306469
44 0.0296587976588
2 0.0311019452157
79 0.031126110936
1 0.0317672369871
3 0.0325724277331
53 0.0338689488508
86 0.0341437083678
76 0.0382013254885
95 0.0389808114083
89 0.0396408579011
0 0.0411973783956
78 0.0419838757796
73 0.0422674868988
27 0.0422862136097
9 0.0427871828281
52 0.0434692818504
82 0.044340298367
26 0.0443762290527
70 0.0457695967718
51 0.0461479032691
38 0.0462749391949
55 0.0467970169621
50 0.0479825504609
35 0.0480005510023
64 0.0481692669216
40 0.0484841263623
59 0.0486972650817
68 0.049224564189
15 0.0500209595245
97 0.0513590555647
61 0.0529338840411
43 0.0543648998408
39 0.0543892042724
34 0.0557644953362
58 0.0557863618763
60 0.0561121689455
84 0.0561871247774
36 0.0563042987455
83 0.0563771757358
96 0.0568232228309
46 0.0575453264511
22 0.0578729287952
28 0.0578807664116
31 0.0590324122748
66 0.0593611670094
72 0.0595332966929
56 0.0595338546414
100 0.0605931428001
93 0.0608404560622
32 0.0611758217169
71 0.0632356650018
81 0.0633742214847
33 0.0638702578802
99 0.064030707935
67 0.0654435886212
77 0.0669460767572
47 0.0679946529217
42 0.0685331220662
49 0.0742830890277
98 0.0749150947851
