91 0.151855305854
65 0.161715923179
90 0.162278368736
44 0.167977237285
79 0.16899698824
85 0.172092726928
87 0.176262601408
48 0.179798628793
7 0.180736824879
92 0.183579345565
69 0.183669231593
6 0.1861347522
29 0.18727728024
12 0.189076166503
86 0.189167454899
45 0.189475497465
94 0.191864630632
53 0.192849852382
62 0.193586798673
63 0.193629507842
2 0.193734321682
17 0.19475922532
89 0.196116091705
10 0.196726282672
16 0.197036783544
8 0.19744693572
5 0.19756669083
75 0.197717984176
3 0.197930947755
76 0.197948007129
4 0.199411546614
37 0.199472343332
78 0.20221929231
24 0.202441274082
41 0.202619709196
1 0.203124664025
30 0.204208008626
20 0.207295296588
21 0.208871915473
25 0.209847912593
27 0.210596705089
18 0.21247150082
14 0.212895734547
11 0.213473469859
13 0.214851244993
9 0.215527974931
23 0.215582990266
57 0.216260355331
19 0.216487036754
88 0.220572555513
95 0.220857711912
80 0.221133569578
73 0.222691410069
74 0.223999755471
26 0.224911196394
70 0.227522475258
52 0.228318974939
0 0.229905049578
82 0.234163320006
54 0.23433445855
51 0.236632134658
55 0.238582128011
35 0.249443516062
38 0.252317686483
50 0.252748316001
59 0.257694380409
15 0.257952701209
40 0.258743879226
68 0.275013863669
64 0.287026149817
97 0.302611714846
43 0.307723400287
61 0.311240239912
34 0.311909410326
36 0.314200280356
39 0.315927776393
58 0.316432381324
60 0.324144103567
22 0.328549692549
83 0.331259347834
84 0.331979223644
28 0.334539465345
46 0.334691868249
96 0.337925560155
56 0.342577248359
32 0.351558144405
31 0.355859865522
72 0.368908192748
93 0.377943894674
81 0.384161734742
100 0.387673629492
66 0.391072077397
71 0.393824771648
33 0.39600163935
67 0.428952182361
77 0.430194523254
99 0.435260621256
42 0.442578613532
47 0.442910121963
98 0.515285817438
49 0.525180526086
