80 0.338271092865
88 0.341311255465
74 0.346951411631
54 0.348603667108
57 0.350359454417
94 0.362699055876
62 0.382872225206
92 0.386460642644
75 0.386982307124
41 0.393242706864
45 0.406598997624
63 0.410118618951
87 0.411005907735
30 0.444407096036
25 0.451659933729
37 0.455691573594
23 0.45596012954
19 0.463271876971
13 0.466932664673
21 0.46734355295
85 0.467650931035
48 0.470556747591
69 0.471633805167
16 0.482293606476
90 0.487340034623
20 0.492042469753
24 0.495564679044
17 0.501236942133
18 0.503798332359
29 0.50426392569
14 0.507977207319
11 0.534500200289
8 0.577116607124
91 0.581192618021
5 0.593086572125
4 0.633624936209
10 0.633715835727
12 0.636201373006
6 0.638274894297
7 0.643800130983
65 0.673422814972
44 0.678384538393
2 0.704283321562
79 0.73507057201
1 0.743153071441
3 0.754939406332
86 0.878288147502
53 0.88362721802
76 0.98809616108
89 1.0138783763
78 1.0337149988
0 1.04499963917
95 1.07117538581
9 1.07663646549
27 1.07832621267
73 1.09284151088
52 1.15514406462
26 1.15582051078
70 1.18805340593
82 1.19789431545
51 1.20685551542
55 1.24053625687
38 1.26908208295
35 1.28630511782
50 1.29641259499
59 1.30433509062
40 1.31008580951
15 1.32988477091
68 1.37847325441
64 1.39457354806
97 1.47223491503
61 1.52052714278
43 1.52734830094
39 1.5505240248
34 1.55650693929
58 1.56508163835
36 1.5730681967
60 1.59164231611
84 1.5995958497
83 1.60806223655
96 1.61850352661
22 1.63034482783
46 1.63067925533
28 1.63811244669
56 1.67382608779
31 1.70762439744
32 1.72477230468
72 1.72852040046
66 1.75413640684
93 1.76078660481
100 1.76867143381
71 1.82182680269
81 1.82463642264
33 1.8673538631
99 1.91893680625
67 1.9258833464
77 1.96060464148
47 2.00567312362
42 2.01828569803
49 2.23312375084
98 2.25861194569
