87 0.189183352515
48 0.190266377014
92 0.190522309746
90 0.190543921942
94 0.191395573165
62 0.1948236484
45 0.195122320608
85 0.195812609701
75 0.197761986065
63 0.198818819079
41 0.201267139771
69 0.203253613057
57 0.203411633084
88 0.204114700365
80 0.204294969173
29 0.204363150008
74 0.207135337753
37 0.208707927916
30 0.209866016579
16 0.212521243038
17 0.213941812441
25 0.214117252098
54 0.214308679049
24 0.215741796561
21 0.216025600897
23 0.217721148488
13 0.218473655982
20 0.21877087299
91 0.220051948603
19 0.22021791486
8 0.221952182542
18 0.223246556056
14 0.224619407392
5 0.226306370181
11 0.228493716918
7 0.228712897006
6 0.229392365958
12 0.230391752623
65 0.230891493395
10 0.232496425154
44 0.233065517906
4 0.236583840291
79 0.245335337348
2 0.245941004701
3 0.256785576888
1 0.257965207834
53 0.275502328892
86 0.277385570109
76 0.314869004014
95 0.320610557323
0 0.328459908253
89 0.329168925281
27 0.352919342682
9 0.355175614827
78 0.364029738002
73 0.367128135403
52 0.369120463938
82 0.375548084375
26 0.375844506098
38 0.393121680381
70 0.398726540952
55 0.402454633716
51 0.405001189503
64 0.4069200086
35 0.412385266653
50 0.416747955819
68 0.42128556742
40 0.422032121593
15 0.431021376956
59 0.431667762811
97 0.445752549523
61 0.457210222745
39 0.475544107267
43 0.479378076426
36 0.497519831019
34 0.498435221242
58 0.499380113456
60 0.501533247297
83 0.504038397521
84 0.508944134269
22 0.512127125103
96 0.518394832838
28 0.518435932656
46 0.519167117912
31 0.524093512731
56 0.543254084781
72 0.544174920212
66 0.545020004259
32 0.556895218671
93 0.561893116837
100 0.563318613267
33 0.573168987007
81 0.57596674375
99 0.5923561
71 0.592503928379
67 0.614212720541
77 0.626360361923
47 0.632277906678
42 0.637279368009
98 0.688590891806
49 0.714011851441
