91 0.0848882771744
65 0.095521793124
90 0.0956363635634
44 0.0965272940759
79 0.0984593256752
7 0.102509323265
48 0.102607090242
85 0.103656403405
6 0.104137706031
12 0.106043110549
2 0.107560862684
87 0.108013262051
29 0.108166570303
3 0.108406815585
69 0.108712740678
10 0.10947407735
8 0.110798238969
5 0.111130538612
4 0.111794859219
86 0.112378124166
1 0.112600357907
17 0.113288578105
92 0.113288947541
45 0.115406449575
16 0.115450284638
63 0.117257777215
24 0.11733641256
53 0.117571147365
37 0.117674604892
62 0.118952619128
94 0.119661087038
20 0.120220966853
30 0.120969807717
75 0.121096786268
11 0.121672978506
18 0.122414649421
21 0.122508530318
14 0.122646614764
76 0.123409643984
41 0.123426088341
25 0.123778867533
89 0.124542123418
78 0.125190567702
13 0.125845869141
23 0.126876601207
19 0.127147029935
9 0.128164490589
27 0.129762790548
0 0.130271744341
57 0.135096281038
95 0.138220473288
88 0.138291732934
80 0.139000353923
74 0.139931841475
26 0.141474088886
52 0.144786932154
54 0.146557073127
73 0.147512136601
70 0.148697685473
82 0.155015302923
51 0.15590624335
55 0.157046624598
38 0.162397021703
35 0.162927908135
15 0.165685280522
50 0.167558883558
40 0.170116744978
59 0.174191064786
68 0.188029404168
64 0.191234915916
43 0.208932464888
97 0.209874066573
61 0.213630728255
34 0.215942100309
36 0.216914866283
39 0.217363767144
58 0.22019374931
60 0.22232281199
22 0.225390993792
83 0.231744612899
46 0.232463651381
84 0.233324639877
28 0.233440021684
96 0.241601485945
56 0.242434761169
31 0.247771658838
32 0.248627508472
72 0.262843427706
93 0.27325115052
81 0.275946038814
33 0.278487320252
100 0.282410009882
66 0.283270034742
71 0.289652062886
77 0.314117526225
67 0.316140966442
99 0.317881879754
42 0.320056889073
47 0.32215448947
98 0.376646268227
49 0.397348302591
