73 0.275310673129
78 0.287521434095
51 0.288237879342
70 0.288932563912
76 0.289388396933
89 0.289591774936
59 0.29087659139
86 0.291887064024
82 0.295356982606
52 0.295534606402
79 0.295554504348
95 0.298407447657
91 0.298846768908
50 0.302598624604
55 0.303254316246
40 0.303516339673
65 0.30420435671
96 0.307311443579
26 0.307676114968
27 0.308304853115
53 0.310688946305
84 0.311471704259
97 0.312135057698
38 0.312799987472
44 0.312911143645
35 0.312939299439
68 0.315829787311
58 0.317192486624
100 0.319001881948
90 0.320288273892
34 0.321205024001
83 0.321827291766
93 0.322271270368
72 0.322665175697
43 0.323900905597
46 0.324362539175
9 0.324943486513
56 0.324967908808
60 0.325010542246
71 0.325027667736
66 0.325805363577
64 0.327148645582
28 0.327538740915
15 0.327713439875
39 0.327807902178
61 0.330105845698
36 0.332121234452
85 0.332614536825
48 0.337708609833
32 0.338095191163
7 0.338320134264
67 0.339409860589
99 0.339531768476
87 0.339853104112
22 0.341852192197
31 0.341876819477
81 0.34579833006
77 0.347926159828
69 0.348467548699
92 0.349768287349
6 0.350208635917
12 0.355446670191
47 0.35687952815
29 0.357156080774
45 0.357694427087
2 0.358859386718
3 0.359255716418
94 0.360505893114
62 0.361450000134
42 0.361635518375
33 0.361834006969
10 0.362499055747
63 0.362759249577
8 0.366270673291
17 0.366711128571
75 0.367474869039
1 0.367892850107
5 0.368269519022
4 0.369373190018
37 0.370415524091
16 0.370784815861
24 0.372700513861
41 0.373277324065
49 0.374987908111
0 0.375346943318
30 0.376704142857
20 0.381842327541
25 0.383901021461
21 0.384136721824
18 0.387695287176
57 0.388999593828
88 0.389562808414
13 0.389566072943
11 0.38968628162
14 0.389802864583
23 0.390742305574
80 0.391336055959
74 0.393720037057
19 0.393936504077
98 0.405021736162
54 0.405960357893
