89 0.416071109754
82 0.421153148675
97 0.421735454556
70 0.426514176188
68 0.428981582735
76 0.431193304067
55 0.432373125258
50 0.432970386127
73 0.437192899339
52 0.437255775615
95 0.438078243364
51 0.439587675747
78 0.439760771089
59 0.440700163647
35 0.444303960012
83 0.444722011978
96 0.445560236609
38 0.447256952978
61 0.447592466199
26 0.448608076756
64 0.44880302669
40 0.448826434181
86 0.448861945715
27 0.450775180962
58 0.451002543864
84 0.451655945753
39 0.452686648205
34 0.45344940973
60 0.456214714743
43 0.458791335148
36 0.459088426911
28 0.461931011279
72 0.463719475023
79 0.465389771057
53 0.468730922767
46 0.468925458856
15 0.471824756989
93 0.472589123486
65 0.472731414629
31 0.472885129292
32 0.473177593215
91 0.47324355321
56 0.473415346858
22 0.473686204924
100 0.476245203722
81 0.477150386265
9 0.482733858895
71 0.483702448498
44 0.488720553648
33 0.498093842245
99 0.498497989652
66 0.498651231414
77 0.506436163695
67 0.511173425154
47 0.516318212942
42 0.521870688034
90 0.526028771118
7 0.544770701085
98 0.545808054243
85 0.560862554801
0 0.563219508275
6 0.564647909723
3 0.565143655053
49 0.570596166849
2 0.571917858568
48 0.573108369733
12 0.574174362468
87 0.582301066564
1 0.586314307398
69 0.591338575794
10 0.593221790402
29 0.596247125882
4 0.604873622243
92 0.605287394857
5 0.607707386998
8 0.607820646629
45 0.618260534151
17 0.619955903448
63 0.628167369282
94 0.629840656564
62 0.63034170073
16 0.63042281144
24 0.636457363331
37 0.636514927047
75 0.641270657871
30 0.650872883075
41 0.652602326656
20 0.652966484851
21 0.661430331376
11 0.662141402804
18 0.663636918468
25 0.664536248895
14 0.666109001895
13 0.67474832174
23 0.678466508389
19 0.682111793091
57 0.69121024513
88 0.698292994289
80 0.700996541726
74 0.706261512066
54 0.732165750723
