80 0.140261424488
88 0.141201534837
94 0.142246736262
57 0.142721011151
74 0.143310429067
54 0.145645211086
92 0.148156150701
62 0.148482849242
75 0.150083401962
41 0.152727588957
87 0.154362005157
45 0.154701654192
63 0.156245521852
48 0.165195411072
30 0.167586997855
37 0.170203332264
25 0.170618005405
85 0.170963933997
23 0.172779179855
90 0.173028738645
69 0.173631398845
21 0.174958439283
19 0.175069296343
13 0.175957940886
16 0.177381818451
29 0.181287190608
20 0.181813856849
17 0.182621545876
24 0.182776408113
18 0.186149402271
14 0.187410561001
91 0.191241920342
11 0.195296057325
8 0.20433952453
5 0.209481255516
6 0.220056237266
12 0.220912814692
10 0.221351004193
7 0.222291264011
4 0.222533520565
65 0.231223251752
44 0.231808709405
2 0.241177150307
79 0.247949413797
1 0.255580619742
3 0.256462103586
86 0.297898854484
53 0.306459366303
76 0.335340598379
78 0.340930896476
89 0.34389312731
0 0.350946686151
9 0.358102537012
27 0.362023672871
73 0.363522985191
95 0.366248169492
52 0.388715014365
26 0.389252302153
70 0.398617540868
51 0.403648878435
82 0.411308263973
55 0.422578910281
38 0.432900939669
35 0.437882262209
59 0.439210674818
50 0.442373083381
40 0.442445271509
15 0.449000790157
68 0.479618761127
64 0.486474374681
97 0.512300933993
43 0.524410945392
61 0.53028954844
34 0.536704499995
58 0.538763478483
39 0.539007381101
36 0.543615790953
60 0.546392672505
84 0.550713913945
83 0.55681787168
96 0.559421647123
46 0.560234494447
22 0.562476298457
28 0.564793962605
56 0.576942033898
31 0.59425302061
32 0.597883964514
72 0.598923763554
66 0.603670423348
93 0.610194774902
100 0.611973697648
71 0.631548632741
81 0.637617314088
33 0.652166692494
67 0.668426246533
99 0.668603759859
77 0.682996968589
47 0.699705000272
42 0.703112718779
49 0.780349632459
98 0.802344121466
