97 0.108916136539
83 0.112421809291
31 0.116954989483
39 0.117263018298
36 0.119102453432
61 0.119896523758
34 0.120475950131
58 0.120872961814
28 0.121008134971
60 0.121021690064
33 0.122080263376
22 0.123116938818
81 0.123835836059
96 0.125128015866
68 0.125352819358
32 0.125372243616
84 0.125812042015
43 0.12614033815
72 0.1284932973
46 0.130146132128
56 0.134659499049
50 0.137054344385
93 0.141162489077
55 0.145131726776
35 0.148434090493
82 0.149702693782
70 0.1521653532
64 0.152386904734
100 0.152482603427
59 0.152730560684
40 0.153410008712
99 0.15549354553
98 0.15743147806
42 0.157612496892
47 0.158045138877
71 0.159245667934
77 0.160511881529
38 0.161228574054
66 0.165859733132
15 0.166142588326
51 0.166998249025
67 0.174129025946
52 0.174754862285
26 0.18141640497
89 0.184355930825
73 0.195569850816
78 0.199930915775
27 0.20366617394
76 0.217242425929
95 0.226061428967
49 0.23568127958
9 0.242125520301
86 0.288361635159
53 0.348036338685
79 0.363264683668
91 0.396777672052
65 0.408916952679
0 0.411482345144
44 0.424689545943
3 0.522521482886
7 0.565665901444
2 0.572745959486
6 0.596051124931
90 0.599174434265
1 0.607936124699
12 0.619544338528
10 0.672327549803
48 0.681364699941
4 0.702874910529
85 0.716096713319
5 0.723208994219
8 0.73249181544
29 0.736799529702
69 0.780826195088
87 0.793481914369
17 0.81600611452
16 0.848457776961
92 0.860396119817
24 0.86307274764
45 0.872149025544
37 0.884371448581
11 0.890639821242
63 0.894721221719
20 0.896072856361
18 0.91435066937
14 0.914457312314
62 0.91911296061
30 0.92285849735
94 0.92724426164
21 0.929749510384
75 0.938464932209
25 0.949406604644
41 0.961184575529
13 0.964474229983
23 0.979169470924
19 0.979326341752
57 1.07544347873
88 1.1073644543
80 1.11311143695
74 1.12295866814
54 1.18324792213
