86 0.10332479786
76 0.10748923725
89 0.10933353478
79 0.109628971345
91 0.112096458809
95 0.113234316325
53 0.115428769227
27 0.115716556945
65 0.115909180591
44 0.116964177586
9 0.117422884313
78 0.122948469989
26 0.123529616287
52 0.123720892573
82 0.129416659775
38 0.132583116338
0 0.134873290671
73 0.136684315628
70 0.136926950892
55 0.137124636914
3 0.13755995733
35 0.140261472165
51 0.143730356786
50 0.144784351811
15 0.144821636944
7 0.147480636671
64 0.147730765951
40 0.148399033822
2 0.149255601773
6 0.153606040714
90 0.154154414095
68 0.155268327234
12 0.158489936599
1 0.158973392052
59 0.15905836286
10 0.170273606252
61 0.174454015883
97 0.175111618727
48 0.175304997857
4 0.17859104038
43 0.180097152701
39 0.18275095342
5 0.183000340977
8 0.184739553097
85 0.185303837304
29 0.187353322399
36 0.191790239337
34 0.193988917757
60 0.19617736536
22 0.197298426671
58 0.19796951985
69 0.20104959215
83 0.205381523525
87 0.208004404569
46 0.208593991338
28 0.209497601245
17 0.209621943524
84 0.2107160862
31 0.213315376291
16 0.218908245157
24 0.220378562289
96 0.222696812133
11 0.226172682761
56 0.226468520897
92 0.22765081453
37 0.228587336776
45 0.228955894576
20 0.229769368785
32 0.233140910748
18 0.233548035807
14 0.233735242121
63 0.234765963217
30 0.239460333437
72 0.239474139885
21 0.240135299243
62 0.243365307982
33 0.244704883812
25 0.245996473727
94 0.247958919642
75 0.248405857573
13 0.248965248543
66 0.249606600232
19 0.25354423897
23 0.253693450515
41 0.253879898735
93 0.254907049767
81 0.256757976666
100 0.262904718223
71 0.280912326769
99 0.288487285431
57 0.290310946359
67 0.29903830743
88 0.299802541692
77 0.300467606766
42 0.30095032732
80 0.302158744205
47 0.303047069984
74 0.3036662568
54 0.321238330825
98 0.352690853882
49 0.389869245533
