80 0.0275164343763
88 0.0275174828924
94 0.0277116746576
74 0.0278043487501
57 0.0280180505692
92 0.0281096605747
54 0.0281521875969
62 0.0283094270372
87 0.0285163261961
75 0.0286512544157
45 0.0289905000937
41 0.0289973814983
63 0.0292433019113
85 0.0298623116793
90 0.0299724330547
48 0.0303879058875
69 0.0305297385408
30 0.0307126045618
37 0.0308475955343
25 0.0311489332519
23 0.0314692495392
21 0.0316966552859
13 0.0317592839193
16 0.0318084642463
91 0.0318435229969
19 0.0318686075311
29 0.0319268081951
24 0.032026877219
17 0.0321814872047
20 0.0323429656412
18 0.0328315420312
14 0.0330908104069
65 0.0337587531353
11 0.0338239680906
8 0.0342072129092
44 0.0343341185537
5 0.0347647390862
79 0.0348048769107
7 0.0348341095329
6 0.0352893078575
12 0.0354065003171
10 0.035552816163
4 0.0358619494177
86 0.0370241606444
2 0.037339348376
53 0.0378782256583
3 0.0384805108356
1 0.0385176428166
76 0.0388690901054
89 0.0390741600047
73 0.0396447008643
78 0.0400424164839
95 0.040169196901
27 0.0417872623721
52 0.0418399273055
82 0.0419499405633
70 0.0420793868367
51 0.0423651355565
26 0.0428847547242
9 0.0431386801389
55 0.0434292572088
59 0.0436017793848
50 0.0439727640482
38 0.0442479609677
40 0.0445854175422
35 0.0447090837133
68 0.0448179356046
97 0.0450619443683
0 0.0454061480514
64 0.0457093806862
96 0.0468169459884
15 0.0468365986983
84 0.0472599825062
61 0.0473402395001
58 0.0476707861442
83 0.0476811341604
39 0.0479099966266
34 0.0479860074258
43 0.0479910976071
60 0.0483543126128
100 0.0485568361395
72 0.0487655343984
36 0.0488720063838
46 0.0490532787291
93 0.0490989147297
28 0.0491118526463
66 0.0491786871701
56 0.0496202294367
71 0.0497846333668
22 0.0503348947457
31 0.0504555585042
32 0.0506988972655
99 0.0507377263383
81 0.0513749947103
67 0.0515374156208
77 0.0525423259162
33 0.0533516448068
47 0.053625838316
42 0.0543877006256
49 0.0554779435622
98 0.0577208154789
