65 0.0834567116119
44 0.0839255353052
79 0.0852629902177
91 0.0855795549238
86 0.0902615404065
53 0.0919574288752
3 0.0960631150529
7 0.0985049077102
2 0.100925928204
90 0.101207605202
6 0.102252859553
12 0.104576461328
76 0.105746387788
1 0.105928012307
0 0.107131658406
95 0.110361107815
10 0.111063620292
89 0.111639959286
4 0.115677668324
9 0.115690194029
27 0.118003222244
5 0.118468038497
48 0.118848759394
85 0.119435685077
8 0.119614897101
29 0.121757316042
69 0.129378064857
78 0.131479643033
26 0.131703634837
52 0.133759216681
17 0.135161748398
87 0.13516561814
16 0.141498228799
24 0.141935961755
82 0.142665127063
11 0.145568677971
38 0.14567110272
37 0.148217975935
20 0.148514017847
92 0.148852402418
45 0.149393937821
18 0.150806170731
14 0.150880820139
73 0.152822486801
55 0.15319889433
63 0.153213359766
70 0.153388146288
30 0.155763678505
21 0.15579405948
35 0.156498258565
62 0.159668200838
25 0.160000561235
15 0.160490660598
13 0.161658778817
51 0.162461085735
75 0.163201211903
94 0.163617734391
64 0.164579176545
50 0.164626285305
19 0.16488468585
23 0.165173475239
41 0.166657661196
40 0.168474449816
68 0.177318919847
59 0.18341649754
57 0.193693168078
88 0.200787265164
80 0.2025975486
61 0.202825433264
74 0.203347078246
97 0.204918508692
43 0.210226599468
39 0.214083309008
54 0.215974487664
36 0.224088666029
34 0.227678207327
60 0.230133417833
22 0.230779770777
58 0.232977960629
83 0.242573858872
46 0.246242518632
28 0.247032134918
84 0.249830242458
31 0.252501132122
96 0.264618834444
56 0.267530853023
32 0.27437698789
72 0.284848855318
33 0.290425878318
66 0.300726111781
93 0.303368185575
81 0.303704377594
100 0.313955484536
71 0.333195226017
99 0.345922557879
77 0.356025767735
67 0.356463189069
42 0.356732481593
47 0.359873645069
98 0.4173371107
49 0.461809313263
