90 0.0991809350275
48 0.100997249482
91 0.103004025575
85 0.106845404916
87 0.10758717676
29 0.110648715305
92 0.111675389957
69 0.11222261893
45 0.114001079718
44 0.116132470163
94 0.116214004857
63 0.116436826743
62 0.116671101003
65 0.116769051628
7 0.117244325346
6 0.117730638304
17 0.118197656848
8 0.118367559239
75 0.118820029471
12 0.118989225171
16 0.119137755504
37 0.119256157088
5 0.120159869703
24 0.120895255665
10 0.121409783165
41 0.121500531412
30 0.121851192809
79 0.123222862416
20 0.123753557889
4 0.124432893314
21 0.124576529309
25 0.124957739414
2 0.125552635417
18 0.12639005854
14 0.12701516605
11 0.127379588304
13 0.127447671089
23 0.128026434843
19 0.128977816209
3 0.129242620748
57 0.13058696067
88 0.133349266931
1 0.133504301831
80 0.133971983748
74 0.135425574455
54 0.142407715124
86 0.144714234659
53 0.148620412269
76 0.171416468912
0 0.174331971781
95 0.181357090726
89 0.182182156683
9 0.188022574609
27 0.192186285061
78 0.193328594273
73 0.204373304401
52 0.208143481986
26 0.209784081392
82 0.221919457829
70 0.228050200018
38 0.230184309886
51 0.231122899777
55 0.235640482066
35 0.242341475853
40 0.247737194101
50 0.248061389823
15 0.249087634947
64 0.254791390371
59 0.255118828677
68 0.265186531089
97 0.290759442455
61 0.295058860577
43 0.300646170838
39 0.305998614642
34 0.3177501517
36 0.318149731178
58 0.319960937483
60 0.320878699862
22 0.327547832069
84 0.330173143462
83 0.330479355249
46 0.332938257034
28 0.336514288522
96 0.341854954498
31 0.346067903367
56 0.352672068095
66 0.360377237388
72 0.364803766122
32 0.367355531351
93 0.378335848587
100 0.380219767946
33 0.387252548883
81 0.393778205618
71 0.40321433387
99 0.41198321952
67 0.421692999403
77 0.433243063317
47 0.439209823169
42 0.44026633132
98 0.505330699683
49 0.512102430518
