48 0.134173621217
90 0.136561146987
91 0.136713604648
87 0.142472617455
85 0.143973298091
92 0.146134954296
45 0.150160617732
94 0.150283600591
69 0.151201666663
29 0.151664033492
62 0.152187683141
63 0.153281190053
75 0.15494321561
41 0.15858642494
37 0.159123409409
17 0.159416508309
16 0.159712294254
44 0.161526259127
30 0.16172649173
65 0.161775799227
7 0.161908427805
8 0.163187858064
6 0.16318992794
24 0.163212758889
79 0.165057406702
12 0.165701269803
25 0.16586499862
5 0.165913403377
21 0.166021034365
20 0.166222438847
57 0.166845390403
10 0.168194093775
13 0.169659549835
23 0.1697654799
88 0.169850975518
18 0.170144670837
80 0.170240931221
14 0.170943994687
19 0.171152495883
4 0.172121368467
74 0.172586075061
11 0.172653045912
2 0.174618787876
54 0.18068667489
3 0.180996755617
1 0.185708940969
86 0.193982290493
53 0.20630533154
76 0.226017232726
0 0.240004198307
78 0.240352556213
89 0.241755442388
95 0.242299243707
9 0.246329023859
73 0.248241749782
27 0.252008456307
52 0.266706384885
26 0.272172786218
51 0.284950908435
70 0.286282339305
82 0.289734925238
38 0.301030417462
55 0.304329404645
40 0.311441387412
59 0.313404169761
35 0.31419998709
50 0.318046543578
15 0.320566838013
64 0.340890580605
68 0.349909310421
97 0.377112680297
43 0.381788781765
61 0.386290688708
39 0.394630092927
58 0.401222473373
34 0.40149721637
60 0.405086021055
36 0.407242945304
84 0.408436249938
46 0.41417817421
83 0.418120279443
22 0.418724031129
96 0.4209442715
28 0.422625473359
66 0.434986079106
56 0.435273605353
31 0.440919955128
72 0.450522924536
100 0.460011390543
32 0.461136539107
93 0.462160424556
71 0.487135352346
33 0.491431267267
81 0.494703540297
99 0.501323493197
67 0.508114501695
77 0.528319752964
47 0.537773425439
42 0.540329767627
49 0.610259501262
98 0.635797622702
