70 0.0953592659983
82 0.0974242879394
50 0.0974577690708
59 0.0981574878185
51 0.0982673901594
55 0.0985026976117
52 0.099034164843
40 0.0991124444782
35 0.100972718118
38 0.101687956582
89 0.102530896193
73 0.102615885286
68 0.103818145137
26 0.104111007648
78 0.104963969576
97 0.10539149077
43 0.106169847166
15 0.106251326291
76 0.108020641502
64 0.108127678705
34 0.108659218988
58 0.108729460854
95 0.109112661684
27 0.109201944363
39 0.109253784849
60 0.109375241406
61 0.109555911109
36 0.1108697328
84 0.111903374284
83 0.112522362281
46 0.112986157959
22 0.113783966956
28 0.113957509759
96 0.115502304343
56 0.11838761483
31 0.119438784986
9 0.12134060385
32 0.122915075657
72 0.124337097257
86 0.125390969968
93 0.129969014106
66 0.132039120462
33 0.133018901338
100 0.133696506131
81 0.134549633866
71 0.140322642048
53 0.142713719494
99 0.149382224475
79 0.149507492734
67 0.151291203608
77 0.151977207043
42 0.153591504914
47 0.15476584118
65 0.167036249575
0 0.169310785284
44 0.174774531865
91 0.17496297028
98 0.189243568634
49 0.19908448142
3 0.208375671908
7 0.215906885138
2 0.221742411997
1 0.226470734605
6 0.229231409789
90 0.234211274064
12 0.23667112645
10 0.250163334434
4 0.258890332693
85 0.264793841129
48 0.265363833058
5 0.268759963842
8 0.272025070412
29 0.279558059867
69 0.285356180112
87 0.293454107689
17 0.298280984585
16 0.310175615043
24 0.312803179641
92 0.316816930117
45 0.321183874389
11 0.321659627144
37 0.322306037427
20 0.32511992307
63 0.327829363498
18 0.330428226197
14 0.33077742879
30 0.335911586489
62 0.337188467143
21 0.337592558783
94 0.341891862388
75 0.344175189405
25 0.344430842599
13 0.348550916505
41 0.351367015628
23 0.354126494783
19 0.354303693901
57 0.394017059442
88 0.404211814184
80 0.406914027849
74 0.409011954922
54 0.429506706613
