94 0.178454506332
92 0.179013513401
87 0.179916647916
62 0.182516436464
48 0.183750898749
91 0.184118583667
90 0.184159325546
75 0.185094234655
45 0.185113692861
80 0.185340115812
88 0.18548854676
57 0.186198277456
85 0.1871986824
63 0.187392878702
74 0.187897970065
41 0.188253117904
54 0.192403230478
69 0.193070984561
37 0.197542641985
30 0.197812698847
29 0.19965237361
16 0.201492063461
25 0.201561525591
17 0.203277347909
21 0.204045963384
23 0.204766067074
24 0.205300188945
13 0.206296038398
19 0.206821206382
20 0.207284727445
65 0.208408171895
18 0.211413384013
44 0.211513338382
14 0.212636528225
79 0.212677511101
8 0.21482292851
7 0.215267293091
11 0.217013514431
6 0.217642688474
5 0.218142351273
12 0.219865617276
10 0.222455915835
4 0.225291708519
2 0.230931419793
86 0.235565132478
3 0.238512354486
1 0.241500604956
53 0.247753613906
78 0.24813708477
76 0.250579552478
73 0.253105038574
89 0.254119941732
27 0.268018599069
95 0.2692623565
9 0.272083334125
52 0.274735750922
70 0.275047231942
51 0.275965058576
26 0.27960051733
82 0.285342810299
0 0.289091180761
59 0.291798841053
55 0.291916527573
40 0.299537765443
50 0.299993521097
38 0.301442055807
35 0.302476186294
15 0.312384962203
68 0.322052290176
64 0.331090173782
97 0.333279268396
43 0.341948293273
58 0.343902126229
34 0.345095545731
84 0.34561056271
96 0.34660146759
61 0.348387947314
39 0.35006267587
60 0.350767553481
36 0.352821187966
83 0.353246201827
46 0.355195966933
28 0.358723768062
56 0.361009455768
22 0.364573020928
72 0.368690400938
66 0.370263683802
100 0.370267207903
93 0.371890297685
32 0.375414846375
31 0.377200092168
71 0.379812368668
81 0.393779108293
67 0.40000375554
99 0.400792648872
33 0.407716836171
77 0.409854546934
47 0.420596203548
42 0.424386381038
49 0.454457347764
98 0.480189037004
