90 0.113314186596
48 0.114192261839
87 0.11987241366
91 0.120440770238
85 0.120646652044
92 0.123870003274
29 0.125765850002
69 0.126357135781
45 0.12715038375
94 0.128764914759
63 0.129782349533
62 0.129875804716
75 0.132259083235
17 0.132770409864
16 0.133330907765
37 0.133684876572
41 0.1355693327
8 0.135711129821
30 0.136391870096
24 0.136665286378
6 0.136806317002
7 0.137005325594
5 0.137942766369
12 0.138488821786
20 0.139106073843
21 0.139663844157
25 0.14006979856
44 0.140483810539
65 0.140589065606
10 0.140744342866
18 0.142445226824
14 0.14299780627
13 0.143356048359
4 0.14354234314
23 0.143714918614
11 0.144042578822
19 0.144591749173
57 0.145918996087
2 0.147851124511
88 0.149938748696
79 0.150269212772
80 0.150366205992
74 0.15234760375
3 0.155157073097
1 0.15714129265
54 0.160538285042
86 0.185412114089
53 0.189545884584
0 0.216977060043
76 0.222847516556
89 0.237082849234
95 0.237745260723
9 0.241698414136
27 0.249161789263
78 0.250251573821
73 0.269948950781
52 0.273651990056
26 0.275400417417
82 0.296433708734
70 0.300448265817
51 0.305432744763
38 0.307736495563
55 0.313660970568
35 0.323218941036
15 0.330372981688
40 0.330378222958
50 0.332487813324
59 0.340060136592
64 0.34790434188
68 0.360577351852
97 0.397120684357
61 0.404414669532
43 0.408496299026
39 0.41937069106
34 0.432592136539
36 0.433100313573
58 0.435166849283
60 0.436315396052
22 0.446451410631
83 0.451213031007
84 0.451411369275
46 0.454396908597
28 0.459032593383
96 0.467587746917
31 0.47699535212
56 0.481736004494
66 0.500813469452
72 0.502394242903
32 0.50256121526
93 0.520963228757
100 0.525182596452
33 0.53628796324
81 0.542540395007
71 0.554368269737
99 0.5741292092
67 0.585035910577
77 0.598799038596
47 0.609135117916
42 0.610015433394
98 0.708917931652
49 0.71523475843
