80 0.334235462107
88 0.338394789753
57 0.344232350629
74 0.345176809357
54 0.348926905305
94 0.353352341197
62 0.376757810067
92 0.378613216301
75 0.381380889945
41 0.389106203659
45 0.40172127446
87 0.405508097932
63 0.406190675709
30 0.444858166879
25 0.453512769324
37 0.457078673323
23 0.459720375309
19 0.465800687033
48 0.468602690002
85 0.469209660223
21 0.469770482114
13 0.472245658045
69 0.473523957193
16 0.483416515015
90 0.487689337872
20 0.497160035096
24 0.502873700529
17 0.505047125719
29 0.506739134343
18 0.511323637686
14 0.514590211357
11 0.544867964832
91 0.584497564874
8 0.591528170088
5 0.608304068302
4 0.654186038167
12 0.655059980376
10 0.655462580277
6 0.657391437499
7 0.666833477569
65 0.702667273194
44 0.707976578608
2 0.731513246485
79 0.778637685734
1 0.780181834625
3 0.790696495855
86 0.961922361908
53 0.968006179147
76 1.09018724407
89 1.11801984706
78 1.12792769715
0 1.13346663011
9 1.1757013874
27 1.18544014077
95 1.21060985095
73 1.21801174082
26 1.28494823456
52 1.29566565767
70 1.32887427758
51 1.35263006239
82 1.35559338793
55 1.3957738375
38 1.44129789831
35 1.45266092384
50 1.47130253998
59 1.47989354909
40 1.48687742181
15 1.49473706584
68 1.58998164822
64 1.61948852548
97 1.7278475253
43 1.76929159575
61 1.77544885647
34 1.80311434829
39 1.8072230984
58 1.82053441373
36 1.82196231425
60 1.85702867587
84 1.87579445303
83 1.88914747828
22 1.89389773379
46 1.90291126673
96 1.90481643072
28 1.91498800966
56 1.95197303717
31 2.01023913133
32 2.01555036537
72 2.0504250924
66 2.08726590793
93 2.08860668294
100 2.10799442304
81 2.1603099661
71 2.16469996169
33 2.21320338696
67 2.30371049972
99 2.31537033682
77 2.34442202599
47 2.40349621355
42 2.4131442109
49 2.71351758834
98 2.74287476429
