86 0.0884372614605
53 0.0898616501034
79 0.0917576415141
65 0.0920485890521
44 0.0946663737831
76 0.0977893385332
95 0.0991982354366
91 0.102495101634
89 0.102779038886
0 0.111334307707
27 0.11163521347
3 0.112838288485
9 0.112851223686
7 0.118126858697
2 0.120716618071
26 0.122478249834
52 0.124264286503
6 0.124802881962
90 0.126040814872
1 0.12637887454
82 0.127038525243
12 0.128106134112
78 0.130540214344
38 0.131126356911
10 0.137923850062
55 0.139529192367
35 0.142679500016
64 0.143345191711
4 0.143820767159
70 0.144052546308
15 0.148430805808
5 0.149142119319
73 0.149182364668
50 0.149904079633
85 0.150609307029
8 0.151635596126
48 0.152648426222
51 0.154697679634
29 0.155175626671
40 0.156119333361
68 0.157420724544
69 0.165612705718
59 0.172917757256
87 0.172938001939
17 0.173223143176
61 0.180185434014
16 0.181994239761
97 0.183058100872
24 0.183490748
11 0.188086399785
43 0.191517367809
92 0.191762245853
37 0.191842848875
20 0.192176440021
39 0.192182058065
45 0.19276672102
14 0.195413850398
18 0.1955373345
63 0.19829203534
30 0.202150137206
21 0.202167465801
36 0.204571000444
62 0.206870398363
25 0.208086210311
34 0.209328927456
13 0.210627788935
22 0.210732583271
94 0.211409984836
75 0.211575888679
60 0.212048886451
58 0.214440512811
19 0.214619703427
23 0.215254852725
41 0.216625619344
83 0.222271499884
28 0.227227962399
46 0.227961901308
31 0.229238127559
84 0.231439860567
96 0.246094484265
56 0.249703001925
57 0.252126150038
32 0.255652375515
88 0.262132223724
80 0.264182056367
72 0.264875921828
74 0.265681269595
33 0.266092857939
81 0.282190352008
54 0.282434693538
66 0.282803388003
93 0.284430173989
100 0.295915591784
71 0.316089035836
99 0.32395191399
42 0.335717144043
77 0.336547623614
67 0.338201081745
47 0.338515882726
98 0.391665884937
49 0.444708898614
