53 0.00856925239093
65 0.00900780575722
44 0.00955226167136
86 0.00964350232753
79 0.00966843244039
95 0.00977934012915
76 0.0104965477643
7 0.0105794257623
90 0.0106427219371
89 0.0108671953887
91 0.0110284494266
6 0.0111953417159
1 0.0112324740948
2 0.0112434519582
3 0.0112779903428
12 0.0113157598402
0 0.0114703611
85 0.0116282513693
10 0.0118320609218
4 0.0120211414172
64 0.0121267191962
82 0.012262087225
5 0.0123641818616
27 0.0124655964843
8 0.0125231698045
29 0.0125629087101
69 0.0125769033228
87 0.0127833346046
48 0.0128183100502
9 0.013109758117
38 0.0131242812183
17 0.0132561753608
52 0.0133037234177
26 0.0133039090753
68 0.0135094345727
16 0.0137389871919
92 0.0138180949579
24 0.0139396312442
55 0.0140472142772
45 0.0140807111214
37 0.0142799049653
35 0.0143375057993
63 0.0144151930394
11 0.014459150858
20 0.0145021768012
18 0.0147972066132
14 0.0148042953794
62 0.0148142212371
50 0.0148217225735
30 0.0149001601929
94 0.0149690569745
97 0.0149989753142
21 0.0150239753358
61 0.0150303086058
78 0.0150837470008
75 0.0151586181089
70 0.0152235528885
25 0.0153345513619
41 0.0155310986042
15 0.0155430801856
73 0.0155654738108
13 0.0155812529705
19 0.0158251909967
23 0.0158308320697
40 0.0159103477413
51 0.016299664098
39 0.0165765827377
59 0.0173897567269
57 0.0175907715565
43 0.0176255611033
36 0.018148976542
88 0.0182175759496
80 0.0183167220176
74 0.0184881733177
22 0.0187814693496
34 0.0188896088521
83 0.0189512570436
60 0.0190939385324
58 0.0192043737025
31 0.0193102850899
54 0.0195862575442
28 0.0199350682031
84 0.0204298394234
46 0.020575798603
96 0.0211685319122
33 0.021889249418
32 0.0221646133233
56 0.022260328296
72 0.0223454999624
81 0.0229892926655
66 0.0238532364122
93 0.0239511573754
100 0.0247277719359
99 0.0258366518022
71 0.026408632751
47 0.0275094530766
77 0.0275850435119
42 0.0276083705828
67 0.0278390349931
98 0.0289952779428
49 0.034825880701
