80 0.194588254443
88 0.195896140349
57 0.198832576531
74 0.19909836852
94 0.199101106131
54 0.201956299658
92 0.20796271282
62 0.208497684276
75 0.211094987992
41 0.214952152026
87 0.21745883285
45 0.218199457299
63 0.220428320205
30 0.237733439314
37 0.241687253128
85 0.2417981309
25 0.242153120725
48 0.24234560036
23 0.245260306348
69 0.245603151385
90 0.247872614175
19 0.248668200665
21 0.248761582408
13 0.249964486825
16 0.252601817981
20 0.259204281029
24 0.259991136081
17 0.260405951261
29 0.260424510025
18 0.265547277133
14 0.267440033359
11 0.279165806304
91 0.283834789772
8 0.29394555706
5 0.301038252432
6 0.317550312377
12 0.317819785313
10 0.318341384749
4 0.31908744001
7 0.3191175049
65 0.328499841092
44 0.331962647068
2 0.34788056241
79 0.355386936979
1 0.366717202348
3 0.370781899526
86 0.422130665062
53 0.427019079362
76 0.470601592802
89 0.480719310964
78 0.489540862951
0 0.501396488165
95 0.510862031239
27 0.510947272723
9 0.511227074004
73 0.520783566882
52 0.546966494961
26 0.547073512407
70 0.560167642492
82 0.567381171165
51 0.570956419364
55 0.586052782371
38 0.601492260597
35 0.607839114254
50 0.612654955027
59 0.616769364872
40 0.619397550943
15 0.628220175918
68 0.65315095772
64 0.663618598018
97 0.696736812422
61 0.720821633164
43 0.721919401656
39 0.734163337334
34 0.735048541873
58 0.738952540238
36 0.742813146809
60 0.751524345773
84 0.756911314729
83 0.759560345856
96 0.76559993227
22 0.770180930099
46 0.771252206833
28 0.773524906813
56 0.791316252085
31 0.808577615089
32 0.814200756828
72 0.818747541429
93 0.835047515885
66 0.839846002419
100 0.841280820796
81 0.862473381298
71 0.864135583473
33 0.884663009235
99 0.915059110364
67 0.917901983922
77 0.930233624912
47 0.952370582949
42 0.957815421865
49 1.0693319369
98 1.07317313846
