94 0.198928135424
80 0.19952141602
88 0.200122560635
57 0.202233573892
74 0.203012935892
92 0.204982385221
62 0.20598227473
54 0.20721142264
75 0.208493195022
41 0.212000632873
87 0.212268707221
45 0.213665084021
63 0.215323416892
30 0.230030810882
37 0.232699702814
85 0.233057942105
25 0.23406095617
48 0.234582390675
69 0.235503852663
23 0.236764729751
21 0.239533627197
13 0.240229508492
19 0.240390913867
90 0.240496272422
16 0.242490871114
24 0.247542961913
20 0.247712795195
17 0.248606086162
29 0.249879426842
18 0.253048678364
14 0.255175090716
11 0.264554586928
8 0.277244776008
5 0.284299315122
91 0.292083920381
10 0.299847656724
4 0.300482728191
12 0.302215421966
6 0.302270783093
7 0.303684601961
65 0.321108165715
44 0.324418144605
2 0.331746166414
1 0.344306361925
79 0.348695424677
3 0.355690842155
53 0.409518928587
86 0.414232573658
76 0.47643103482
0 0.480865283554
89 0.494882628414
95 0.495003498069
9 0.526863126919
27 0.528576572517
78 0.531529469108
73 0.550884577924
52 0.562469188541
26 0.569227395127
82 0.5834150748
70 0.600342899523
51 0.610928587039
38 0.612022106815
55 0.617451202845
35 0.635172088938
50 0.644489594083
40 0.649239078691
64 0.654957174641
59 0.658625086425
15 0.659290269866
68 0.667472619507
97 0.710516866853
61 0.733269333188
43 0.755100041782
39 0.759991955057
34 0.783453643281
36 0.78414575917
58 0.784382370674
60 0.788776035361
83 0.79655061807
84 0.802932099452
22 0.809072385232
96 0.817040737039
28 0.818107091066
46 0.818271390166
31 0.841829421833
56 0.854006857666
72 0.86653885572
66 0.872762084279
32 0.877791165072
93 0.892055629592
100 0.894505289522
81 0.919243139069
33 0.925493429866
71 0.934601385522
99 0.957058689756
67 0.980408927889
77 0.998273496789
47 1.014918635
42 1.02200398221
98 1.12957735703
49 1.14472391744
