91 0.121339511822
78 0.128978257517
79 0.132438133689
86 0.134865016385
73 0.13519109411
76 0.137506022402
89 0.138206103988
65 0.141387818367
27 0.142348359875
44 0.142876270819
9 0.143672992428
52 0.145328144961
70 0.147881699692
51 0.147994997008
26 0.148697744758
95 0.150473062144
53 0.154800856373
82 0.158576046542
55 0.160291184356
59 0.16060465607
40 0.162545690492
90 0.16355408914
38 0.163967156577
3 0.164797040782
35 0.165616446592
50 0.165913288834
7 0.166096058922
15 0.168085653517
6 0.170882381125
2 0.171209521865
0 0.17218606542
48 0.172983518403
12 0.176190974711
1 0.181380796943
10 0.185193137716
85 0.186722170886
68 0.187057496821
64 0.190497152213
29 0.191595284683
4 0.191972736463
5 0.193270338565
8 0.193554063165
43 0.197051209459
97 0.198822644635
69 0.199098589674
87 0.199695170017
34 0.204960351437
58 0.205019925624
61 0.205402933616
60 0.20651859284
39 0.206953840313
17 0.207053325116
36 0.208904384023
84 0.209956567928
46 0.212100059108
92 0.21241077318
16 0.21280088919
83 0.214697230008
22 0.214976985976
45 0.215427958121
24 0.216049541576
96 0.216416337692
28 0.216575632154
37 0.218818387784
63 0.219857429029
56 0.222268164368
20 0.222312677846
11 0.222802248276
62 0.224239184627
94 0.22578286079
30 0.226214782119
18 0.226267398822
14 0.226535480143
75 0.228293693272
21 0.228319405007
31 0.230040621872
66 0.230587142827
25 0.231731960858
41 0.233015982607
72 0.233843227245
32 0.234704167996
13 0.235258676602
23 0.237841684411
19 0.23812837264
93 0.240051950849
100 0.240948729228
71 0.253151004256
81 0.255954982585
33 0.256496944946
57 0.25651581244
88 0.263050468082
80 0.264299068915
74 0.266226061225
99 0.267547593257
67 0.268396633225
77 0.276716229249
54 0.278987873906
47 0.28325466216
42 0.283319588348
49 0.331246968508
98 0.342032327692
