100 0.19214096545
96 0.192151669922
73 0.194101985791
84 0.196051484319
59 0.196359787263
66 0.196414869186
93 0.196686601919
71 0.197278198659
72 0.197786044828
99 0.199310616953
51 0.199898435107
67 0.201919168234
70 0.20259553583
97 0.20329533528
58 0.20457160757
83 0.204789759428
46 0.206054442391
40 0.206225607288
56 0.206386196066
82 0.207036173436
52 0.207272063569
50 0.207498639712
60 0.207930830568
77 0.208270349097
28 0.209258188396
34 0.20929955726
78 0.209902266119
43 0.211509932256
55 0.212520614826
47 0.212809243003
89 0.213419185039
76 0.213621519792
95 0.213652491293
39 0.213721611608
68 0.214157971551
32 0.215582622468
81 0.215606851961
49 0.2158258049
38 0.215973831915
42 0.216301774658
31 0.216464287307
61 0.216842329646
35 0.217573921184
36 0.218238674611
64 0.220045779755
26 0.220162550012
86 0.220579738149
22 0.222584589725
33 0.22483440975
27 0.225418282359
15 0.228164222953
79 0.234205669074
53 0.239346057945
9 0.239824084735
98 0.240212822387
91 0.24774037716
65 0.247847589804
44 0.25461979879
90 0.274751013082
7 0.279344895209
0 0.285505137647
85 0.288142809962
48 0.289458740061
3 0.28982413848
6 0.290139781956
2 0.293545178041
12 0.295274064244
1 0.298467735965
87 0.298922108587
10 0.300978355675
69 0.301266939998
29 0.306665832869
4 0.307837755857
8 0.308484748831
5 0.309663996151
92 0.309757975935
45 0.31539598076
17 0.315583214531
63 0.319399207559
62 0.32050312346
16 0.320915715672
24 0.320937142105
94 0.321654416175
37 0.322317040694
75 0.325702455515
30 0.329001613131
20 0.329721559097
41 0.330356820047
11 0.333276755606
18 0.333905208367
21 0.333954428691
25 0.334904792515
14 0.335680490575
13 0.338726359212
23 0.340752214377
19 0.343224731997
57 0.348763551215
88 0.349857969512
80 0.351854757507
74 0.353158474709
54 0.364476718192
