91 0.101976412546
79 0.115449361387
65 0.116620867039
90 0.11704375213
44 0.117989276378
48 0.121587205327
85 0.12654090586
7 0.126655338962
86 0.127259458259
6 0.129442246888
87 0.130762958546
12 0.132105564928
29 0.132837582251
69 0.133491789864
2 0.133714407012
3 0.134367992971
78 0.135727083217
10 0.136060551061
92 0.136470794325
8 0.137409035495
76 0.13750469775
53 0.138067623978
5 0.138159953899
45 0.139302498061
4 0.139465880386
17 0.139667594569
1 0.140693270395
89 0.141440528924
16 0.141796613877
63 0.141847202933
94 0.142871621329
62 0.142875212231
37 0.143685255161
24 0.144201577576
75 0.145425833353
73 0.145550142791
9 0.146363955382
27 0.147116861821
30 0.147179109474
20 0.147598927731
41 0.148296669274
21 0.149589028649
11 0.150224670551
18 0.150414931552
25 0.150616557032
14 0.150789226358
95 0.151456879485
13 0.153361519622
23 0.154263877295
19 0.154803451629
52 0.155414578132
26 0.156558128015
0 0.157432018038
70 0.158936598315
57 0.159580187123
51 0.160372207009
88 0.162747328211
80 0.163370853138
74 0.164811843018
82 0.167470348258
55 0.170954723801
54 0.172129276369
38 0.175365281777
59 0.175984533641
40 0.177078624798
35 0.177475793707
50 0.178944673293
15 0.180429842506
68 0.200999208176
64 0.203350851581
43 0.215966048031
97 0.216919728191
34 0.223293999875
61 0.223337674718
58 0.224507812569
39 0.225576834569
36 0.227288300884
60 0.22782098206
84 0.231108540322
46 0.233263382817
22 0.23489524583
83 0.235944546873
28 0.237181153471
96 0.237603980911
56 0.242428954552
31 0.252024445192
32 0.254783462748
72 0.257206557712
66 0.258693501394
93 0.263411692839
100 0.265830532609
71 0.276191052712
81 0.278106788593
33 0.280956033626
67 0.294658959163
99 0.295968350627
77 0.301803125878
47 0.309388039672
42 0.309483387868
49 0.360215407227
98 0.369849583811
