70 0.207241946203
89 0.20887737256
82 0.209544369154
55 0.211751069103
50 0.212657017267
52 0.215615884053
51 0.21609667704
68 0.21660812034
97 0.216878707316
59 0.217280929472
35 0.217736536665
78 0.218544067588
40 0.220348279563
26 0.221478794095
73 0.221517677382
76 0.221554225459
38 0.221862651479
27 0.224944920777
95 0.226493320891
58 0.229071294812
34 0.229082467531
61 0.22920260875
83 0.22987937584
43 0.22993954988
64 0.230017463804
15 0.230203763868
39 0.230990966863
60 0.231018675499
36 0.231318750056
84 0.234726916681
96 0.235265089585
28 0.237087019756
22 0.239190253583
46 0.240349722101
86 0.24304531703
9 0.244745150537
56 0.245435616937
32 0.246183221607
31 0.247067091464
72 0.250079990651
93 0.258038319857
81 0.25835585718
53 0.2623147613
79 0.264285799593
100 0.264772874192
33 0.266652094468
71 0.269453971581
66 0.275161484785
65 0.279347646342
91 0.28343611667
77 0.286997502273
99 0.287684191065
44 0.291388134117
67 0.291876124849
47 0.293685997745
42 0.29396967923
0 0.307594765974
98 0.329227373543
3 0.341738673701
7 0.34174812352
90 0.351182296228
49 0.353358847496
2 0.354320241426
6 0.358138068999
1 0.362673122529
12 0.367666901025
10 0.385470041086
85 0.387707904064
48 0.391770399465
4 0.395908231852
5 0.404940444591
8 0.407918740271
29 0.410364714633
69 0.413732735122
87 0.417171170352
17 0.432602636985
92 0.443198138349
16 0.445581502065
24 0.450905401443
45 0.451302254793
37 0.458127771801
63 0.459677380452
20 0.465690131096
11 0.466059391932
62 0.468113769695
94 0.471376788983
18 0.473770451751
30 0.473870676125
14 0.474639294091
75 0.477232414865
21 0.478563398302
25 0.485366381383
41 0.48693208489
13 0.492216142421
23 0.497900231552
19 0.499057877396
57 0.53419523501
88 0.545384759894
80 0.548257456991
74 0.551944285915
54 0.577139752432
