80 0.219706518424
94 0.221308172215
88 0.221853382242
57 0.223091315911
74 0.226500594097
54 0.231584196226
92 0.233610929861
62 0.234785133228
75 0.23809842459
41 0.243627166595
87 0.247752844232
45 0.24784345974
63 0.250806426644
30 0.274807549087
37 0.280685879512
25 0.280907545041
48 0.284151277721
85 0.284500700024
23 0.285443496937
69 0.287836189905
19 0.289226252675
21 0.28958261497
13 0.29214594836
16 0.294845077621
90 0.29520776048
20 0.30475636091
17 0.306933138231
24 0.307398625436
29 0.308247526026
18 0.313961400476
14 0.315891375484
11 0.333257015676
91 0.35692528511
8 0.358151128171
5 0.368295101152
4 0.396042768904
10 0.396640428102
12 0.39666441583
6 0.397510897284
7 0.403380561085
65 0.429370081925
44 0.432512453632
2 0.443878003422
1 0.473102349638
79 0.47812226223
3 0.481875735013
86 0.599344356065
53 0.600799590275
76 0.689664237052
0 0.702177118836
89 0.711621920345
78 0.724365338367
9 0.744063530297
27 0.754365388062
95 0.764837950133
73 0.79000441792
26 0.823470787394
52 0.831683176591
70 0.862051539427
82 0.874699088513
51 0.880191333242
55 0.904328596094
38 0.928426951728
35 0.940495369264
50 0.957464980525
40 0.967025523797
15 0.96702596969
59 0.970024963267
68 1.0369559707
64 1.04811923342
97 1.13537174241
43 1.1634635076
61 1.16398913299
39 1.18931451676
34 1.19334846969
36 1.20251996512
58 1.20654380613
60 1.22846792527
84 1.24915437879
22 1.24979245403
83 1.25373641174
46 1.26362278187
28 1.27115503965
96 1.2742246647
56 1.30368673624
31 1.33316435199
32 1.34673630928
72 1.37450842597
66 1.40242958481
93 1.4063582519
100 1.42284340936
81 1.45018282309
71 1.46649359052
33 1.47635696503
67 1.56380316298
99 1.56661324925
77 1.58940209071
47 1.6276134667
42 1.63230651001
98 1.86378038133
49 1.86559748628
