88 0.0784457667907
80 0.0787891930572
74 0.0789204878216
54 0.0789706240199
57 0.0817061732175
94 0.0848523084191
62 0.0860244724493
75 0.0869310159906
41 0.0869769680056
92 0.0875785916192
45 0.0897589158221
63 0.0900423937879
87 0.090699871636
30 0.093921374785
23 0.0943322222229
25 0.0943487327634
13 0.0955167660619
37 0.0956271283598
19 0.0960584842077
21 0.0972778655409
85 0.0976829927293
69 0.0977082146928
24 0.0996441161095
20 0.100767703039
18 0.10140485432
16 0.101589491097
14 0.102697606286
17 0.104065478258
90 0.105833501133
11 0.106086500974
29 0.106591790526
48 0.109189113228
8 0.11574161649
5 0.118707327808
4 0.124433735843
10 0.125004366085
12 0.128606880524
7 0.129834639381
6 0.130909775564
65 0.137420973817
44 0.138361769923
91 0.141568767939
2 0.14201219129
1 0.143785689583
79 0.150697517891
3 0.151168696902
53 0.159488897401
86 0.167663121505
76 0.193839489209
95 0.195109777669
0 0.200644747712
89 0.204013958862
27 0.219815140732
9 0.221603283301
78 0.226948665591
52 0.229892515433
82 0.231593190831
73 0.231706622846
26 0.233067794494
38 0.242032443371
64 0.24782655073
70 0.24789191074
55 0.248616613048
51 0.252463197778
35 0.254718628486
50 0.256605069436
68 0.259262431974
40 0.262120732084
15 0.266690356836
59 0.268512638031
97 0.275169528292
61 0.280865622369
39 0.291983245838
43 0.294974643308
34 0.305409174233
36 0.306018757855
58 0.307055754206
60 0.308117162563
83 0.309680467593
84 0.312280879007
22 0.314699751435
96 0.317958922561
46 0.318362101858
28 0.318856441638
31 0.321294118218
56 0.332332825709
72 0.332961855034
66 0.336368895306
32 0.339740042462
93 0.343540108904
100 0.344650635189
33 0.350590334743
81 0.352660060885
71 0.361603532567
99 0.363055754494
67 0.374766558221
77 0.380877758277
47 0.385109869412
42 0.387589018644
98 0.419951901166
49 0.43340548392
