94 0.167156945017
92 0.170179385528
62 0.173408248767
87 0.174487410817
80 0.175421370489
57 0.175487244936
75 0.175993486571
88 0.176108251758
45 0.178142461555
74 0.179139624075
41 0.17989242847
63 0.180262111107
54 0.184711333991
48 0.188099035727
85 0.190054042888
90 0.192364370847
30 0.193749419868
69 0.194054565168
37 0.194831720623
25 0.198105967784
16 0.200666856766
23 0.201581353206
21 0.201646427842
19 0.203994525217
13 0.204167265427
29 0.204295129125
17 0.205116183483
24 0.207321681168
20 0.2075954992
18 0.213073954959
14 0.214338364909
91 0.219628594441
11 0.221836846581
8 0.227671822066
5 0.232888974699
6 0.242995712412
7 0.24420290449
12 0.244263144284
10 0.244746948388
4 0.245901504513
65 0.25484223633
44 0.257548456329
2 0.266674177702
79 0.275632885625
1 0.280444184471
3 0.285512933491
86 0.335154376836
53 0.338070845676
76 0.38386174988
0 0.391616572083
89 0.397255695562
78 0.412142563171
95 0.41218654492
9 0.416985348418
27 0.421228604866
73 0.441515799679
52 0.455368552728
26 0.456827012167
70 0.478791297813
82 0.479407073123
51 0.488768635131
55 0.500363817264
38 0.50502283778
35 0.517691515459
50 0.526252874795
40 0.528960480205
15 0.533272633099
59 0.533791462773
64 0.560758865542
68 0.562449222049
97 0.605806076489
61 0.624768572341
43 0.629770248799
39 0.64204995869
34 0.651199739264
58 0.654145998989
36 0.654634833351
60 0.661307954586
83 0.672824082757
84 0.674453365058
22 0.677580068589
46 0.684496398681
28 0.686481262221
96 0.687925623317
56 0.711715550496
31 0.716292676476
32 0.734701435138
72 0.737622487913
66 0.753309895829
93 0.758193412269
100 0.765095800576
81 0.782611528746
33 0.792621003831
71 0.793505453197
99 0.83377124574
67 0.843434404402
77 0.855138637106
47 0.873487527933
42 0.877303702947
98 0.993442944033
49 1.00288896396
