73 0.237464702381
91 0.245002966808
79 0.245461700261
86 0.247519901886
78 0.249422997843
76 0.25540622887
65 0.262985890322
51 0.266612990616
89 0.267944917541
44 0.269230565768
52 0.270812523165
95 0.270952425402
70 0.27465514817
53 0.277933665493
27 0.278680415289
59 0.281990663546
26 0.284256249296
9 0.284474150056
90 0.287360381825
82 0.289248917208
40 0.292663686776
7 0.297008851488
55 0.299022921997
48 0.299883553108
38 0.30291912093
50 0.303469980284
85 0.308734933948
6 0.309173776896
35 0.3100969675
3 0.312388411446
2 0.314602637091
12 0.316802329638
15 0.317193406068
87 0.324026946136
10 0.325927545657
1 0.32674834527
69 0.328495845018
29 0.330123976185
0 0.331131161958
4 0.335193204255
8 0.335494525032
5 0.336342001604
68 0.34034428017
92 0.340435197906
64 0.340933360991
17 0.345509130157
43 0.347408300945
45 0.347757241057
97 0.351135383363
84 0.351657408532
16 0.352559925075
63 0.354544769156
58 0.354570255383
24 0.357137074775
62 0.357773364141
94 0.358206702942
37 0.358276863781
96 0.358567049029
34 0.358806756511
66 0.360562329897
46 0.360835731661
60 0.363175966799
39 0.363448654039
75 0.36473992611
61 0.36535263328
20 0.367623366368
30 0.368309517463
41 0.372294005408
36 0.372398275983
11 0.372479439673
56 0.372704009081
83 0.372898904216
28 0.373038601198
21 0.374007481154
18 0.37455923999
14 0.375668765113
25 0.377197903173
100 0.381517279562
22 0.382050426818
13 0.383395854824
72 0.384892812947
23 0.386438176942
93 0.387916117695
19 0.388117243926
31 0.394930945942
57 0.402075489146
71 0.403049339834
32 0.404471529756
88 0.409275278797
80 0.411151739478
74 0.414592727488
67 0.41858378387
99 0.419066464881
81 0.432733867828
54 0.4329664198
33 0.435669808673
77 0.443213682526
47 0.453236414669
42 0.456863057955
49 0.500642386827
98 0.55985751642
