98 0.236847031088
77 0.2430062534
49 0.243909216305
71 0.24470476855
99 0.245450991466
47 0.248237841438
100 0.250872030065
93 0.252019546316
67 0.2531788223
42 0.253510570101
72 0.254720755043
81 0.257426536646
96 0.257785382938
84 0.275363400383
32 0.276050172103
83 0.276867513824
56 0.28337997033
33 0.283496504335
28 0.290471299676
66 0.291166377051
58 0.292091632267
31 0.293679813802
97 0.294726974489
46 0.295249065816
60 0.296528387519
34 0.29833445571
36 0.311826271896
39 0.312295716797
22 0.318644198739
43 0.321453539467
61 0.322921882666
68 0.335393066691
59 0.342699200316
50 0.34763644319
70 0.361316768455
40 0.363692242088
55 0.366108286665
82 0.367449675842
51 0.369249512071
64 0.369286953931
35 0.373693492583
38 0.387859451616
73 0.394130212546
52 0.396439156752
15 0.402508675642
89 0.412685654637
26 0.416292363021
78 0.417173839143
76 0.441902116905
95 0.442345252888
27 0.44414841256
9 0.494284614257
86 0.500841681867
53 0.54645619927
79 0.567799576986
65 0.601635837837
91 0.608835808338
44 0.621350504407
0 0.655006863948
3 0.722483630262
7 0.723851571485
90 0.728233488913
2 0.750026456601
6 0.754782217954
1 0.767496074906
12 0.769627200711
85 0.791160163864
48 0.797638711403
10 0.799423819323
4 0.820058585915
5 0.832407434643
29 0.83262137397
8 0.834579426865
69 0.835260444255
87 0.836566585144
17 0.873694573814
92 0.876650363581
45 0.890975880112
16 0.893743791542
24 0.896770390823
63 0.905074583603
37 0.906786805081
62 0.913719095195
94 0.91855358935
20 0.923646306479
11 0.927534307058
75 0.929392939781
30 0.930432141906
18 0.936157293186
14 0.939498839096
21 0.941775912361
41 0.944093774588
25 0.948925068406
13 0.960900713189
23 0.968857729357
19 0.972970305028
57 1.0097884978
88 1.02000219718
80 1.02531993016
74 1.03055904826
54 1.06834171186
