73 0.229662590472
78 0.248838476351
51 0.253821547492
59 0.262401298119
70 0.263982080074
52 0.266727401726
76 0.270639653866
40 0.276723354637
89 0.276746305736
86 0.281381930071
82 0.283792614246
26 0.283958726205
27 0.286165592367
95 0.288896869985
50 0.288907580429
55 0.28966388389
38 0.296248789279
91 0.296757100814
9 0.297586507023
79 0.297906283751
35 0.300241032595
15 0.307742277188
66 0.312823188923
84 0.315286705887
96 0.320039133077
43 0.320128491133
58 0.322969430662
97 0.324651810874
68 0.325259304145
46 0.326246841024
34 0.329734011796
60 0.331314838338
65 0.331630626325
64 0.332155144749
53 0.334281722104
100 0.334900697837
39 0.335603366914
56 0.337168462872
83 0.338118273013
44 0.338231231466
28 0.338690798267
61 0.341395770052
72 0.341941569068
93 0.343691163243
36 0.344999518736
22 0.352641090455
71 0.358027891612
31 0.35803959827
99 0.363125187702
67 0.368052613021
32 0.369905086806
0 0.389164227368
81 0.391120433028
33 0.392555081781
77 0.393732923354
3 0.396920405166
90 0.397622433292
7 0.398100157534
47 0.40121791813
42 0.40618301336
2 0.413115008151
6 0.414321212315
48 0.417667289734
12 0.427838053137
1 0.435102205903
49 0.441348430562
10 0.448434913615
85 0.44898544068
4 0.465507421343
29 0.467484352869
5 0.470440311531
8 0.471143022709
87 0.480162896927
69 0.480633611716
98 0.501050528157
17 0.502321557669
92 0.510026118856
16 0.51607934238
45 0.518705053913
24 0.523874299334
63 0.529731767777
37 0.529800769935
62 0.538573550012
20 0.540051233882
94 0.54089919703
11 0.542545882135
30 0.547459087831
75 0.548840809095
18 0.550189287063
14 0.551057207867
21 0.553714914171
41 0.560595066313
25 0.561255817269
13 0.570257036707
23 0.576252461251
19 0.577477708676
57 0.613234388781
88 0.627460580426
80 0.630249085654
74 0.635589967328
54 0.665665045128
