92 0.15013362373
87 0.150840510934
94 0.150868999817
62 0.156449622233
45 0.157853899845
90 0.158925073301
75 0.159527817381
63 0.161012355162
85 0.161247376224
48 0.161322357276
41 0.164247765662
57 0.16650223458
69 0.167937314071
80 0.169603482394
88 0.170271981898
91 0.172665885405
37 0.173518168705
74 0.173736718809
30 0.174277936033
29 0.174992897772
16 0.175658710096
17 0.178566118401
25 0.179408706356
21 0.181123702116
54 0.181748968118
24 0.184166979532
23 0.184185348395
20 0.185009027744
19 0.185387556098
13 0.185953858604
18 0.19104754809
14 0.191510732166
8 0.197092005455
11 0.197531351357
5 0.200401397935
6 0.204555539203
7 0.205366216271
12 0.206101819922
65 0.209109048429
10 0.210140994296
4 0.211080895234
44 0.212450861142
2 0.224642812306
79 0.230895328224
1 0.240341797844
3 0.240937482079
86 0.292141174976
53 0.295232939449
76 0.334612338936
0 0.340896591586
89 0.343779846767
78 0.347384280585
9 0.357272476468
27 0.363527578614
95 0.377493604967
73 0.387813981664
26 0.400619898162
52 0.407250401287
70 0.421470140412
51 0.432342903624
82 0.433358929263
55 0.445554885738
38 0.460794601034
35 0.46466030838
15 0.47541271323
50 0.476061254093
40 0.479858392541
59 0.482380186727
68 0.524630130733
64 0.532837664626
97 0.583290062653
43 0.590989913512
61 0.596334486868
34 0.608624341755
39 0.60928112807
36 0.612408354754
58 0.617039362316
60 0.628559635639
22 0.637773487228
84 0.644820532182
83 0.646892155161
46 0.648821479906
28 0.653420967902
96 0.661327535258
56 0.671527911454
31 0.691142366839
32 0.695574758505
72 0.719579766722
66 0.737126139387
93 0.738012544323
100 0.750219041273
81 0.760004145517
33 0.772484518251
71 0.772736480377
67 0.830588642739
99 0.836812814592
77 0.843418408665
47 0.865446628995
42 0.865651656041
98 1.00841359654
49 1.01135138812
