78 0.0954343472397
86 0.0958037743165
76 0.0958611345522
89 0.0975685601017
79 0.0987329127612
73 0.100372755875
27 0.10238289978
95 0.103574173105
52 0.103931136086
70 0.104354194896
53 0.104476624646
65 0.105229456227
26 0.105649891782
9 0.105932284585
51 0.106004152522
91 0.107690677169
44 0.109460586831
82 0.109998228107
55 0.112167727752
59 0.11496354564
40 0.115755218679
38 0.11592732902
35 0.116670355707
50 0.116735254542
15 0.119180399064
0 0.125745469391
7 0.126845691298
3 0.129814520909
90 0.131190918969
2 0.133282472469
68 0.133411108966
6 0.134229695669
64 0.13544569886
1 0.136694260777
12 0.13783859223
43 0.141792945316
85 0.143514418322
10 0.143867333661
97 0.14608513728
34 0.146777154691
48 0.147773421758
4 0.147976786091
58 0.14818394743
61 0.149242132587
39 0.149553051591
36 0.150097742071
60 0.151281000512
5 0.151770171148
8 0.152993374074
84 0.154172972319
46 0.154335582121
29 0.154854683409
69 0.154991938086
22 0.155411488209
87 0.157303800624
28 0.157855056113
83 0.158715057875
96 0.15993252881
56 0.160478254553
17 0.163094982991
16 0.168772710498
92 0.169297902625
31 0.169446331381
32 0.170238860338
24 0.170255943186
45 0.172006350347
37 0.174202211474
72 0.175561058714
63 0.175743778073
11 0.176551396602
20 0.176921301613
66 0.17962391712
62 0.180032844715
18 0.180105370033
93 0.180415762879
14 0.180466965127
30 0.181142710002
94 0.182339298011
21 0.182703039306
75 0.183963622316
100 0.184240801941
25 0.185846922512
41 0.187915586516
13 0.188220105175
81 0.190890258048
71 0.190911793285
23 0.190981922725
19 0.191452753877
33 0.191570912362
67 0.206689001592
57 0.210269947496
99 0.210675259115
77 0.211089391851
88 0.215216475219
42 0.215769562486
80 0.216790897577
47 0.217058199829
74 0.217853587995
54 0.228883279801
49 0.264897315461
98 0.270241323048
