91 0.0816592708442
79 0.0917812786402
65 0.0944084013656
44 0.0951816028347
86 0.102284083379
90 0.106199878266
7 0.10908786154
3 0.110869613361
6 0.112519102224
53 0.112796600693
2 0.113673409519
48 0.115150628469
12 0.116314859702
76 0.11662014791
1 0.121731418757
10 0.123302971393
89 0.123821278342
85 0.124556897661
9 0.125997793042
95 0.126969554245
78 0.127970793223
29 0.128193146994
4 0.128322167944
0 0.128417122534
5 0.12926113117
27 0.129272641028
8 0.129807186784
69 0.135167237484
87 0.136293133814
73 0.13899359203
52 0.141158573129
17 0.141183624607
26 0.142180728984
16 0.146247871422
92 0.148002809254
24 0.149560306253
45 0.150125230006
37 0.152460399423
63 0.154152639122
11 0.154763302063
20 0.154841476332
82 0.155249355371
70 0.155505482192
51 0.158038229064
14 0.15830884575
18 0.15835211563
62 0.158917284514
30 0.159274803009
94 0.160499429306
21 0.160530900406
38 0.160905256102
75 0.16235879933
55 0.163844168076
25 0.164162217737
41 0.166669876418
13 0.167071597601
35 0.169318147709
19 0.169527676616
23 0.169657724115
15 0.172091436429
40 0.172226018999
50 0.174629897127
59 0.178476009287
64 0.187703583707
57 0.189766202513
68 0.194698193575
88 0.197192690078
80 0.198264220338
74 0.200139878421
54 0.212413513599
97 0.217790945645
43 0.220074467754
61 0.220485412733
39 0.228420912964
34 0.236347600929
36 0.236562813853
58 0.238182937012
60 0.23896794305
22 0.243839536499
46 0.249290138034
84 0.249307136264
83 0.250204235538
28 0.252999918563
96 0.261386507698
31 0.264292242077
56 0.267404439122
66 0.280061607979
32 0.282152066754
72 0.283625957319
93 0.296095357872
100 0.299549378125
33 0.302302120317
81 0.310052567179
71 0.319437098309
99 0.331820800334
67 0.338516069521
77 0.348213794737
42 0.353481779507
47 0.353822906778
98 0.424010067047
49 0.429833188961
