92 0.107826717962
94 0.108267271569
87 0.108342340571
62 0.110360170504
45 0.111513790536
75 0.111976921507
63 0.112816245481
90 0.113153109462
48 0.113413072562
41 0.114103837779
85 0.114245245887
57 0.115612197331
88 0.116316889436
80 0.116416555954
69 0.116996396704
74 0.11788547214
37 0.11900718238
30 0.119281498541
29 0.121085971137
16 0.121448084048
25 0.121755839206
54 0.121897766797
91 0.122373868368
17 0.122952055939
21 0.123116747043
23 0.123881873957
24 0.124404179687
13 0.124766698969
19 0.12514473315
20 0.125214945805
18 0.128021551935
14 0.128756157693
11 0.131905187192
8 0.132569136205
5 0.135177541654
6 0.138906573368
12 0.139766722899
7 0.13977825484
10 0.140777018958
4 0.141827488558
65 0.144276463838
44 0.144820680669
2 0.151109492817
79 0.156555562007
1 0.159444457303
3 0.160012034273
86 0.191732346212
53 0.194531636213
76 0.219869967431
0 0.220546107195
89 0.225305983635
78 0.2290781528
9 0.232620666164
27 0.236953628383
95 0.242356903622
73 0.257391703664
26 0.259403655356
52 0.262546746209
70 0.273024717962
82 0.27991343898
51 0.281627985341
55 0.287661314068
38 0.294207386735
35 0.298151976929
15 0.304938963695
50 0.305407499095
40 0.307915602745
59 0.311995845991
68 0.334356373244
64 0.337401772903
97 0.367468595306
43 0.373795401232
61 0.376713560295
39 0.385375021653
34 0.386006098668
36 0.387800931237
58 0.390433477208
60 0.394582853423
22 0.402358070066
83 0.406223458777
84 0.407466951823
46 0.41016871593
28 0.411806608123
96 0.418246425573
56 0.426217884358
31 0.434243307086
32 0.43861031805
72 0.451729766491
93 0.465796113345
66 0.47094411786
100 0.474313309696
81 0.476540372638
33 0.483576407471
71 0.488584235869
67 0.525711428761
99 0.526135235302
77 0.529087765889
42 0.541915779108
47 0.54222914739
98 0.62517331359
49 0.638276058509
