70 0.118356049381
59 0.119738386792
51 0.120101816097
73 0.126140372795
40 0.1264103815
78 0.126508288612
50 0.127576570249
55 0.129461888813
52 0.13046171634
35 0.133371098079
82 0.134498071456
58 0.136629735854
26 0.13687917793
34 0.137240071178
15 0.137307086462
43 0.137664509361
60 0.138492445952
84 0.138597472473
89 0.139020683133
38 0.139511869636
46 0.140316386472
96 0.141584897615
56 0.143224986075
36 0.143225433308
28 0.143623204313
27 0.143860276759
83 0.144328626152
97 0.144778048746
68 0.144998621395
22 0.147070568286
39 0.14720071849
76 0.148977360221
32 0.150703428037
61 0.152647357817
72 0.153429543183
31 0.156671939486
93 0.157093264923
95 0.157781679045
9 0.157991373417
64 0.158680046337
100 0.160715310054
66 0.16276420002
71 0.164979359207
81 0.167469660088
33 0.17146233065
86 0.174287241738
67 0.179821459168
77 0.181387740166
99 0.183803237226
42 0.185318761464
47 0.187070537623
79 0.201141085503
53 0.204834401032
91 0.221870858567
65 0.226480368623
0 0.230598702204
49 0.232964146606
44 0.235513251809
98 0.236786968478
3 0.278348554826
7 0.289085083121
2 0.295885266213
6 0.304583842944
1 0.304770944446
90 0.309612675031
12 0.315346926462
10 0.333601925226
48 0.343617416547
4 0.345523705131
85 0.351228575656
5 0.356822943437
8 0.360484893949
29 0.368176668639
69 0.376982530984
87 0.385216045219
17 0.392942755572
16 0.40746219022
24 0.412535422347
92 0.413671999303
45 0.420018552295
37 0.422810121369
11 0.424248759615
20 0.427280129311
63 0.428362546352
18 0.434641053956
14 0.434996599523
62 0.43945365187
30 0.439697967033
21 0.442443376253
94 0.444270456046
75 0.448220266129
25 0.450852288791
13 0.456862049397
41 0.457711616375
23 0.463427125514
19 0.463675933256
57 0.509838410326
88 0.52291922842
80 0.52596197324
74 0.529199839251
54 0.555089065479
