79 0.271308264433
65 0.273437284277
86 0.283479320339
89 0.284926854169
91 0.287499003223
53 0.289118554159
76 0.289287061892
44 0.29048094255
78 0.307022165446
27 0.307604300901
95 0.315178236926
9 0.3187902297
26 0.329552037771
7 0.332895718216
52 0.332928642081
90 0.339461962701
73 0.339596152618
70 0.339814270545
82 0.345533672901
0 0.348061948314
3 0.349595311093
6 0.352618601818
2 0.353177848213
55 0.35506194052
51 0.356921195953
1 0.362157677863
12 0.362773834588
35 0.370419384432
38 0.370586190686
85 0.371879671828
50 0.380074832679
15 0.381975667097
10 0.382679895765
40 0.388179246701
4 0.391316652137
59 0.393607414368
48 0.397005164497
5 0.401465446894
69 0.405403854017
8 0.406192774735
29 0.408193277539
87 0.408292673202
68 0.417952169396
17 0.42863046855
64 0.429370462022
92 0.442167468351
16 0.444269345804
45 0.451974656089
24 0.452818990191
37 0.461404663014
63 0.462875046157
20 0.470884895738
11 0.472365395302
62 0.475051016299
97 0.475169889614
43 0.478954414177
94 0.479612005462
30 0.481645849526
18 0.481843120137
14 0.482452426758
61 0.483380041027
75 0.486516128548
21 0.486803803959
36 0.494630902626
34 0.495238739661
39 0.496248432009
25 0.496363376892
41 0.499445498641
13 0.504054389057
58 0.504909011304
23 0.511737099303
19 0.513268210544
60 0.513780398851
22 0.517621140908
83 0.534844203584
46 0.538187679978
28 0.538896356499
84 0.540656274661
96 0.559877634458
56 0.560923588057
57 0.564598052879
31 0.576454449469
32 0.577990339249
88 0.580757221895
80 0.5849150655
74 0.589043912785
72 0.619901723978
54 0.621798358364
93 0.642224390618
81 0.649369735479
33 0.657173971884
66 0.657255566383
100 0.665183953194
71 0.681907965273
67 0.749713423029
77 0.751926978294
99 0.762442843905
42 0.768655156145
47 0.774130244022
98 0.930187510557
49 0.965077903418
