90 0.080222519377
85 0.0807087052828
69 0.0834044878104
87 0.0855674643433
29 0.0857846129505
8 0.087056219197
24 0.0876620580417
17 0.0877203874334
5 0.0881324762369
10 0.0892584750993
48 0.0894558593829
16 0.0895762022412
4 0.0898849044587
37 0.0901626408101
12 0.090584553739
11 0.0906620669024
7 0.0907693346566
20 0.0909472887116
92 0.0910222242792
45 0.0910672777348
18 0.0914445655378
6 0.091540633014
14 0.0920115067089
63 0.0923133263702
30 0.0929337257555
21 0.0933028907962
25 0.094348068216
13 0.0945904107636
62 0.095018675718
23 0.09610142686
19 0.0964869773677
75 0.0967877414381
44 0.0971421159734
41 0.0977252970077
65 0.0979256989625
2 0.0980880167022
94 0.0981998278344
91 0.0988245814175
1 0.100091823259
3 0.103944897947
79 0.110599731767
57 0.111693259362
88 0.114071009544
74 0.114900814053
80 0.115628615766
54 0.120870862511
53 0.132227332586
86 0.138715175656
0 0.154640112617
76 0.176627930692
95 0.190065476886
89 0.190073878878
9 0.190477753542
27 0.19952027978
78 0.208040834423
26 0.225676004819
52 0.229985101948
73 0.239635744106
82 0.25040341093
70 0.25646326898
38 0.258613612986
55 0.264762280893
51 0.266007366042
35 0.272663570633
15 0.277006959288
50 0.28549306222
40 0.287676721038
64 0.299869624593
59 0.30300720254
68 0.314536983754
97 0.361859385073
61 0.361997882577
43 0.365605323032
39 0.377440326536
36 0.387075170722
34 0.389190919381
60 0.396621220337
58 0.397013946147
22 0.400243805469
83 0.417016589262
46 0.417689463528
84 0.421145843373
28 0.421707853398
31 0.440010252765
96 0.441836265386
56 0.445329540737
32 0.46051759443
72 0.478892927575
66 0.492459205201
93 0.501002427686
33 0.501749899555
81 0.511055634881
100 0.513090106063
71 0.538315382643
99 0.572801027056
67 0.576516235755
77 0.582973660473
42 0.590469159159
47 0.594245336236
98 0.699023401173
49 0.728165744284
