71 0.119903065185
72 0.120242007636
99 0.120288039968
93 0.120453514593
77 0.120660553866
100 0.12075228619
96 0.120887301328
47 0.122738554259
81 0.124228093913
42 0.124784945664
67 0.125281214549
98 0.126339495308
84 0.127957477555
83 0.129006409334
32 0.131946177624
49 0.132974393434
56 0.133407930196
33 0.133958498509
28 0.13517372012
58 0.135786597012
97 0.13621780774
31 0.136492660329
46 0.137331910759
60 0.13785213506
66 0.137859643918
34 0.139909023994
39 0.144661546872
36 0.146378001758
43 0.148979019194
22 0.149097459617
61 0.149700031709
68 0.157177450581
59 0.161588296811
50 0.164293897606
40 0.171111290503
64 0.171484404663
82 0.17346317091
70 0.1736287945
55 0.174957744871
51 0.17722640008
35 0.1783792866
38 0.183444632862
52 0.189676804072
73 0.192198718211
15 0.193359536618
26 0.202643467311
89 0.20313424138
78 0.209785315642
95 0.211662718605
76 0.216886394826
27 0.219819077068
9 0.248601417565
86 0.252341308344
53 0.277146586107
79 0.296791831567
65 0.321419484349
44 0.33504390692
91 0.337844878874
0 0.337952569442
3 0.39390856626
7 0.396406354754
90 0.410905086138
2 0.411104709934
6 0.417489049808
1 0.417940653666
12 0.42725778638
10 0.44511371963
85 0.448478746771
48 0.456456320283
4 0.457431466068
5 0.468651296184
8 0.471451313757
29 0.476191551392
69 0.47705793733
87 0.48205123687
17 0.499940352686
92 0.510245583748
16 0.514307851596
24 0.516353340997
45 0.518551333102
37 0.525592696221
63 0.527554814615
11 0.533684165491
20 0.533962617769
62 0.535706003101
94 0.540127443279
18 0.541693260973
30 0.542194294518
14 0.543334515691
75 0.545743216677
21 0.547676633329
25 0.553999027055
41 0.555403139028
13 0.560683121264
23 0.566817113814
19 0.568791347068
57 0.603423463758
88 0.612147081957
80 0.615793745196
74 0.618810747074
54 0.644132267596
