90 0.133260434566
48 0.13751792354
85 0.137894528327
87 0.138649424101
69 0.143138253186
92 0.14332827796
29 0.146111957692
45 0.146561794165
91 0.148569695457
63 0.148945647887
62 0.149274698971
94 0.149395710147
17 0.151319404164
75 0.15210032938
37 0.152129513207
16 0.152491738577
24 0.153476040858
8 0.153685716415
7 0.15438947872
41 0.154945682011
30 0.155184786056
6 0.156140309303
5 0.156225243861
65 0.157033307579
12 0.157200162418
20 0.157482782305
10 0.157809922718
44 0.158274685846
21 0.158464034478
25 0.158669524278
18 0.160282996425
4 0.160701347604
14 0.161221497464
13 0.16130597402
11 0.161630645373
23 0.162178547648
19 0.163453239963
79 0.165792122868
57 0.166601158803
2 0.166918146326
88 0.169336979808
80 0.170415273359
74 0.171698607661
1 0.173172519203
3 0.174406594594
54 0.17994995248
86 0.195142454953
53 0.196477309387
0 0.231364709855
76 0.232632007349
95 0.240854239744
89 0.249471983273
9 0.258737890958
27 0.263326543368
78 0.269738832081
52 0.282599929377
73 0.282870248481
26 0.287449630361
82 0.301786829074
38 0.312709053967
70 0.313028237223
51 0.317279841796
55 0.322916654461
35 0.331573858202
40 0.337713969439
50 0.339318410322
15 0.341015815206
64 0.34415486549
59 0.348600214689
68 0.361756173306
97 0.394754120961
61 0.401654620776
43 0.409706154231
39 0.417160736802
34 0.434073948942
36 0.434794200659
58 0.435976665511
60 0.436793922912
22 0.447352396945
83 0.449779294942
84 0.449806966919
46 0.453771144136
28 0.458620506403
96 0.465344506179
31 0.472126151119
56 0.481458092383
66 0.494068790508
72 0.49720282822
32 0.502310961219
93 0.515696318168
100 0.519168195022
33 0.529006314722
81 0.537818523904
71 0.549951885919
99 0.562304627374
67 0.576673036163
77 0.590767270236
47 0.599133483153
42 0.600454219715
98 0.692517583118
49 0.701567678903
