44 0.0841785605386
65 0.0849344752806
91 0.0874955006335
79 0.091786054372
7 0.092991576463
3 0.093918011443
90 0.094491064973
6 0.0957638221184
2 0.0959581447216
12 0.0978742716836
1 0.101723674991
10 0.103963165996
53 0.107750663062
4 0.108826310136
86 0.110864757649
48 0.111017814226
5 0.111383768009
8 0.112657172611
29 0.115512805268
85 0.115583709122
69 0.126619126928
0 0.126838191098
17 0.131400501778
87 0.134587480055
16 0.138946510796
24 0.140195672842
11 0.142679549099
76 0.147074911183
20 0.147150759609
37 0.148199859011
14 0.14942269778
18 0.149712719791
45 0.151326973913
92 0.151554723345
95 0.153165522496
63 0.155831918949
21 0.156531002833
30 0.157521390588
25 0.16244714802
13 0.164171449417
89 0.164623165317
62 0.165027679986
9 0.166318533904
19 0.167674849317
23 0.168649730913
75 0.168837638271
94 0.170175856119
41 0.173112195096
27 0.175584832402
78 0.202107211501
26 0.202670641308
52 0.206174662184
57 0.209028996003
88 0.220038063346
82 0.221744114676
80 0.222093690922
74 0.223063721073
38 0.228169581702
73 0.230428063593
54 0.239428039087
55 0.245394779988
70 0.247150273259
35 0.251690737627
64 0.257347901308
15 0.258051375048
51 0.258931409174
50 0.267359485907
40 0.271485178891
68 0.286004752246
59 0.298242896388
61 0.33125901968
97 0.336268384827
43 0.350219368846
39 0.354377495094
36 0.376915539502
34 0.384876923075
22 0.388642210014
60 0.390094479806
58 0.392880767078
83 0.409629762152
46 0.416045411969
28 0.417404016624
84 0.421176495064
31 0.424081146385
96 0.447485468421
56 0.455142964358
32 0.471716993312
72 0.48348685369
33 0.492941396082
66 0.49327526768
93 0.51465189084
81 0.519558542484
100 0.528797882906
71 0.567394580509
99 0.58026657678
67 0.602440897639
77 0.609783079756
42 0.611784657745
47 0.61464867067
98 0.714717114607
49 0.781391888524
