80 0.207487582007
88 0.208895181753
94 0.209010669
57 0.210748695258
74 0.212202090354
92 0.215461105959
54 0.2159348175
62 0.217425088426
75 0.220431942554
87 0.22186292174
41 0.224134198641
45 0.224794421328
63 0.228039410922
90 0.23873224799
85 0.239776671852
48 0.24308190167
30 0.244157523421
69 0.246404114344
37 0.246835763643
25 0.24871191518
23 0.252781446957
21 0.254195796553
19 0.254948556778
16 0.255160956621
29 0.25623377384
91 0.256339270259
13 0.256843394414
17 0.261236260005
24 0.262484204927
20 0.262805356237
18 0.268902946541
14 0.270182744828
11 0.280161751634
8 0.287880432479
5 0.292797533398
65 0.29422917071
44 0.297979230078
7 0.300652315202
12 0.300999672478
6 0.301032695676
10 0.305945816947
4 0.307185121177
79 0.317561522118
2 0.324270912412
3 0.339646447814
1 0.343674179629
86 0.363401275473
53 0.369301523102
76 0.388611226452
89 0.389062565381
78 0.391506039489
27 0.415737846581
73 0.417591482014
9 0.422298093942
95 0.430157038688
26 0.439196330574
0 0.439202439734
70 0.439626396283
52 0.443407290414
82 0.44949728083
51 0.449990139511
55 0.45841373389
35 0.477377354653
50 0.477530386481
59 0.481089752099
38 0.481477507376
40 0.48868337751
15 0.495771446952
68 0.507643370616
64 0.528504716115
97 0.540004760479
43 0.556553324117
34 0.556719572762
61 0.558677352224
58 0.561801797771
39 0.563613003657
36 0.564851868252
84 0.574080130253
60 0.575730835645
96 0.576221405803
83 0.578582231695
46 0.58622194119
28 0.587072201541
22 0.58783758478
56 0.592720951547
32 0.606416799009
31 0.614452987165
72 0.615097047617
93 0.623333562404
100 0.628786427286
66 0.637791201761
71 0.638971511319
81 0.640735142418
33 0.665703553082
67 0.679192255253
99 0.683758183022
77 0.68701202162
47 0.70467542529
42 0.709163469152
49 0.778901165816
98 0.786091763056
