98 0.396350080803
99 0.409216066448
49 0.4107440456
77 0.429915593466
100 0.430937980923
47 0.434208771067
71 0.435042651064
72 0.438500221685
67 0.439162121753
93 0.440365642934
42 0.446453013381
96 0.446775624159
81 0.449137261615
97 0.45321868329
83 0.46057753808
84 0.46998167744
66 0.472433642352
33 0.477793384179
31 0.484715560439
32 0.491790109968
28 0.49248477573
60 0.494489113145
61 0.495028746382
58 0.496360300368
39 0.501461245151
56 0.502157747484
46 0.504160697264
68 0.510970850937
34 0.511547851618
64 0.520402946547
36 0.521842068725
43 0.526059491089
22 0.529796544636
82 0.552707549954
50 0.557109400687
59 0.559987396925
40 0.575493181686
95 0.575887971745
38 0.577040411746
55 0.579957165056
70 0.583685522332
35 0.586537988583
52 0.590475653976
51 0.591854188967
89 0.600501942199
73 0.60066946124
76 0.6164275177
26 0.629248685799
15 0.633061597445
86 0.642909978006
27 0.653488852343
78 0.654327074811
53 0.660580458153
79 0.702586425582
9 0.711583517883
65 0.724635236278
44 0.748847930204
91 0.776654486105
90 0.798973535622
7 0.811983698025
0 0.816410170129
85 0.819580619886
6 0.845138446675
87 0.845148250042
3 0.848370100575
69 0.852621411018
12 0.85505238541
2 0.856685070442
1 0.857267428154
48 0.859053686411
10 0.865238182758
92 0.870809206507
29 0.87939048758
4 0.880350366953
8 0.881631626467
45 0.885132111293
5 0.885590353838
62 0.893741469475
63 0.893937691321
17 0.894513703539
94 0.898129321704
24 0.8989261859
37 0.903094278807
75 0.906953154312
16 0.907935953985
41 0.91763940871
30 0.918535353646
20 0.924312033486
25 0.932364794463
18 0.933101733752
21 0.933410297761
11 0.93466957962
13 0.939204161514
14 0.940529828803
23 0.94404658874
88 0.949326157576
19 0.954765198288
74 0.956386343547
80 0.956419010846
57 0.956873290056
54 0.979848016964
