91 0.213973261984
90 0.226076119053
48 0.231850393539
79 0.234750649876
65 0.234973589467
85 0.23687413678
87 0.237413476658
44 0.239951390915
92 0.243059144216
69 0.2480115629
94 0.249418521984
45 0.249996708081
7 0.250905180108
29 0.252115001234
62 0.252242897457
63 0.253998379633
86 0.254167420867
6 0.256179693201
75 0.256411258196
17 0.2604595377
12 0.260572444542
41 0.261688522668
37 0.261944363256
16 0.261972918101
8 0.264303307167
30 0.266016613702
10 0.266123322042
5 0.266578703376
24 0.266938189557
2 0.267441936831
53 0.268713958273
76 0.270328024395
4 0.270960449254
20 0.271654909852
25 0.271942488243
57 0.272094605574
21 0.272123363031
3 0.272344646774
88 0.275111278709
89 0.275421527452
80 0.275511412305
78 0.276528452689
73 0.276882070368
18 0.277126981396
13 0.277500107159
23 0.277546942943
14 0.278250875595
1 0.278412464104
74 0.278685163697
19 0.279433902633
11 0.279840604219
95 0.283802671184
54 0.288844957655
27 0.291400466467
52 0.29609877048
9 0.296206910771
70 0.303920991716
51 0.304334144362
26 0.304344975415
82 0.309266472603
0 0.313757534929
55 0.320623834281
59 0.322314581359
38 0.324581944948
40 0.327423102863
50 0.329486025431
35 0.331022693456
15 0.341879870732
68 0.350368703141
64 0.353327005694
97 0.363223214426
43 0.377233178932
61 0.379184196151
58 0.384572417896
39 0.385616300208
34 0.386962856225
84 0.387807039505
60 0.389066189718
96 0.392061985352
36 0.393163175894
83 0.393292693644
46 0.397743445307
28 0.401250460709
22 0.404949761458
56 0.410740355194
66 0.411863965821
72 0.417245637626
31 0.419631128536
100 0.421963052122
93 0.424320366834
32 0.428227817895
71 0.439089253752
81 0.449623539375
99 0.455297718825
33 0.458254968254
67 0.460343380787
77 0.474040984705
47 0.484627271119
42 0.48870333785
49 0.53407344248
98 0.557695041463
