100 0.146966368502
71 0.147572597969
96 0.147891432189
93 0.149328404387
99 0.150618156897
72 0.150856901565
67 0.152550373466
77 0.153602359342
84 0.153848438832
47 0.157365937975
66 0.158177150378
49 0.158434479809
83 0.158630050292
81 0.15953644584
56 0.159813666887
42 0.160186027359
58 0.16125325776
32 0.162694092936
46 0.163034204342
97 0.163244838809
28 0.163417217645
60 0.164469147374
34 0.164842847395
59 0.167511417903
31 0.169016775165
98 0.169775969012
33 0.170979871598
39 0.171844717964
43 0.171905177742
36 0.172253815283
70 0.174476323156
51 0.175045133249
50 0.175300155564
22 0.176257544864
61 0.17661455606
68 0.177431808105
40 0.178211818058
73 0.178224752238
82 0.181122220432
55 0.181497047869
35 0.186128769318
52 0.187336310609
78 0.190042442251
38 0.19066768507
64 0.191208131638
89 0.194017534019
15 0.197266861682
26 0.197339919214
76 0.202786646973
95 0.205984046688
27 0.206495390211
86 0.222802634985
9 0.225151209503
79 0.244817291877
53 0.245570850755
91 0.257405831459
65 0.260659844712
44 0.268785582726
0 0.290660637869
90 0.307746648884
7 0.308442186153
3 0.31107576475
2 0.320682897993
6 0.32093192577
12 0.327772200114
1 0.328940599963
48 0.331425016183
85 0.333145250132
10 0.339443804295
4 0.348296577108
87 0.350323448892
29 0.351007708192
69 0.351284677461
5 0.352457559138
8 0.352795507285
92 0.366288870913
17 0.367328788698
45 0.372841006901
16 0.375194341429
24 0.377365497173
63 0.378651830876
37 0.380378710801
62 0.381830774774
94 0.383167876504
20 0.388066652187
75 0.388322650836
30 0.390001625673
11 0.390699381863
18 0.393668486124
41 0.394780573295
14 0.395068584306
21 0.395112808209
25 0.397919357393
13 0.403258396204
23 0.406281816059
19 0.408111387553
57 0.421451500852
88 0.425952811071
80 0.428012864096
74 0.430469524463
54 0.446275744692
