98 0.127030186231
81 0.144429223446
77 0.147298214846
47 0.149159520953
99 0.150807217501
72 0.151529181485
71 0.151855814352
42 0.15249899772
93 0.15348288567
96 0.154004416957
100 0.157014514421
83 0.157253714362
49 0.159629689467
32 0.159737728203
33 0.159783666395
67 0.160963703139
97 0.161484672712
84 0.165501792627
31 0.166126058657
28 0.169071370879
56 0.171211346337
58 0.171638425924
34 0.174207730456
60 0.174258670891
39 0.176228909233
46 0.177798273159
36 0.178191468534
61 0.178399368261
22 0.183329853428
68 0.186092398027
66 0.188553274426
43 0.189016546132
50 0.206014409297
64 0.206325436366
82 0.213272089534
59 0.21588454299
55 0.216183221127
35 0.221119170612
70 0.222228574439
40 0.223923314983
38 0.229711339999
51 0.233864522507
15 0.243288867548
52 0.243473154343
89 0.244476765156
26 0.252621497263
73 0.256086284545
95 0.262070929345
76 0.265829970076
78 0.266531028637
27 0.270808225991
86 0.306524315112
9 0.306609843419
53 0.325317457267
79 0.35362547231
65 0.368751048118
44 0.383348921502
91 0.38738534766
0 0.407186178621
3 0.453438772438
7 0.453590580574
90 0.455241650692
2 0.471426913962
6 0.475403003789
1 0.483137603747
12 0.483930053076
85 0.496231377734
10 0.505355308407
48 0.511891571487
4 0.517806637318
29 0.525658086538
5 0.526362201328
87 0.528189813973
69 0.528261663563
8 0.52902670405
17 0.554509552191
92 0.556056923885
45 0.565130525188
16 0.567896769442
24 0.570116163345
63 0.575512700808
37 0.576952638732
62 0.581259861155
94 0.584250373957
20 0.588346253767
11 0.590949170989
75 0.591810461927
30 0.592862135505
18 0.596853083355
14 0.598889811009
21 0.600352784825
41 0.601781992628
25 0.605308184786
13 0.613323724415
23 0.618719678781
19 0.621243858017
57 0.645595834366
88 0.652866016352
80 0.656273775103
74 0.660030344054
54 0.685345370964
