78 0.102604132688
73 0.104458235893
70 0.108354239226
51 0.108714795016
52 0.110576257812
89 0.111368386175
76 0.11343455012
59 0.114581615367
26 0.114950590482
27 0.115492339825
40 0.117025220761
82 0.117371573342
55 0.117596520889
50 0.119169326204
9 0.121645210862
35 0.121880279407
38 0.122127812464
86 0.123125456835
95 0.123701543917
15 0.124867592464
79 0.135711385161
68 0.136139933005
91 0.136717938638
43 0.137499361225
97 0.140798654933
64 0.141143436451
58 0.142071895391
34 0.14276073817
60 0.144113306726
84 0.144331107015
39 0.144951001384
46 0.146342555947
61 0.146414168046
36 0.147213718926
53 0.148483560837
96 0.149136916965
83 0.149555356921
28 0.150195969294
22 0.151085701467
65 0.15168263412
56 0.153617063466
44 0.15502078021
31 0.15946057568
66 0.160800314293
72 0.161308108416
32 0.164534047116
93 0.166334943617
100 0.167450023502
0 0.171663886161
71 0.177625453737
33 0.178365562211
81 0.179918968516
3 0.185836684798
99 0.18612134891
67 0.188609526262
7 0.193989344137
77 0.194393374881
47 0.19821889668
42 0.198273959499
2 0.198726037572
90 0.199516263055
6 0.20288878912
12 0.210355476311
1 0.211093715729
48 0.219063846021
10 0.224570489687
85 0.233574893266
4 0.234323340526
5 0.239038402032
49 0.240548103714
8 0.240811279915
29 0.241083763408
98 0.2460868075
69 0.252820228837
87 0.255936190514
17 0.264174982024
16 0.27361606578
92 0.275985287547
24 0.277774736923
45 0.279793160819
37 0.283718529463
63 0.286556250939
11 0.286807676795
20 0.287770155342
18 0.293321446199
14 0.29352703952
62 0.29380733365
30 0.295234921194
94 0.296479323614
21 0.29763510219
75 0.299784429224
25 0.303303059173
41 0.306685902996
13 0.307989708515
23 0.312329890803
19 0.312509074553
57 0.342089745395
88 0.351803414746
80 0.353717437708
74 0.356513117589
54 0.375174363161
