91 0.12225724833
79 0.130365090822
90 0.13191205204
65 0.134183476973
48 0.134499899662
44 0.136077304674
85 0.137582381434
86 0.140242130036
87 0.140506478425
7 0.142843842255
69 0.14436734863
92 0.145277572311
6 0.146816742289
29 0.147084124797
45 0.148436444544
12 0.149383764551
78 0.149880812889
94 0.150695430281
73 0.150760660633
63 0.150829573555
62 0.150843631736
10 0.151582196142
76 0.151735456501
8 0.15183774565
17 0.151896545681
2 0.152388016422
53 0.152588245222
5 0.153244129048
75 0.153475242566
16 0.15355672227
37 0.153794011711
3 0.154358970039
24 0.154870044127
4 0.155015386891
41 0.156158644681
30 0.15677140157
1 0.158375525063
20 0.158630472782
89 0.15896645567
21 0.159772006708
25 0.160023055876
18 0.161328937747
14 0.162098381913
11 0.162117452631
13 0.162550996659
95 0.162820187078
23 0.163206560602
19 0.164356818859
27 0.164873784251
57 0.165154467767
9 0.165252368255
88 0.16663382113
52 0.167117517833
80 0.167441120018
74 0.168564807172
51 0.168682777887
70 0.171169855095
26 0.172322339862
54 0.174910407562
0 0.17876650975
82 0.180243161112
59 0.181546929028
55 0.185429584956
40 0.185803817388
38 0.188099240456
50 0.190854997071
35 0.192045258715
15 0.195639848696
68 0.21368504786
64 0.21426894713
43 0.223274682426
97 0.225220036523
58 0.229344620511
34 0.230363194185
84 0.23095267844
61 0.233020092987
39 0.233493960388
60 0.233494511352
46 0.235284229369
96 0.235917620554
36 0.236961442217
83 0.240799358064
28 0.241582984639
56 0.243039342967
22 0.243796596998
66 0.245949398886
72 0.253647314274
100 0.255328305693
31 0.256303975
93 0.256897834433
32 0.259348433894
71 0.266522937635
81 0.27942791451
67 0.280178016941
99 0.282204380276
33 0.282939818748
77 0.291753025124
47 0.299215216222
42 0.300488305378
49 0.334317140568
98 0.362224909214
