98 0.155875078175
77 0.165311363051
49 0.166830480448
71 0.167460912787
47 0.169345529018
99 0.170584096106
42 0.172471356967
93 0.173252821187
100 0.17327690975
81 0.173760472012
67 0.174516487835
72 0.175241561943
96 0.177305686274
32 0.185689494658
83 0.189628308929
84 0.189705323949
56 0.193511214191
33 0.194196408475
28 0.19952109592
58 0.20042636178
31 0.202974602915
46 0.203033008048
60 0.203079982919
34 0.203607951436
66 0.204189957265
97 0.206392537426
36 0.213091058094
39 0.217175461384
22 0.218239935709
43 0.222125602647
61 0.226530128706
68 0.234237696646
59 0.235341552287
50 0.239107355714
70 0.245879299906
40 0.251344329468
55 0.251409382413
51 0.252228908757
35 0.257046094316
82 0.257938449138
64 0.265521237476
73 0.270320202069
38 0.271331706647
52 0.27485435297
15 0.275730442102
78 0.279209828907
89 0.28504802202
26 0.286217533579
27 0.304927259456
76 0.310955253612
95 0.320148565742
9 0.338394418835
86 0.354934874283
53 0.397495729514
79 0.399881432602
91 0.408476592391
65 0.424830687918
44 0.435365030758
0 0.469440732908
3 0.507814758241
90 0.513012752598
7 0.517052377598
2 0.532642777124
6 0.535837847773
12 0.547980005463
1 0.554243925976
48 0.556932130916
85 0.569828733767
10 0.573583728816
4 0.591338293297
29 0.59143981173
5 0.596967082048
8 0.597745222063
87 0.601280396695
69 0.602784964764
17 0.630108302382
92 0.630729872985
45 0.640689505031
16 0.644344423056
24 0.64795018803
63 0.6517133573
37 0.65378305442
62 0.657733030426
94 0.660253050237
20 0.666826032259
75 0.668836192758
11 0.670717586856
30 0.670940063191
18 0.676579064061
14 0.678962423759
21 0.679726480528
41 0.680177384847
25 0.68493186432
13 0.694384826356
23 0.699822852748
19 0.70292034541
57 0.726892860694
88 0.734877422717
80 0.738480808437
74 0.742904964388
54 0.770913146564
