91 0.0972718924526
79 0.11198884098
44 0.112172245141
86 0.112694335174
65 0.114773550002
76 0.122162080669
89 0.12446867803
53 0.128107974744
95 0.130437804808
90 0.131189026246
3 0.132695940275
27 0.133730048861
9 0.134539350436
48 0.139481288786
78 0.140432713274
52 0.143021058538
26 0.143228285464
7 0.144280672103
2 0.144985354545
6 0.145232378287
73 0.146124321516
82 0.146486202508
12 0.150845295979
38 0.151800647877
55 0.156520524731
0 0.157030005135
70 0.157809612242
35 0.160100774916
64 0.161308962711
51 0.162405655942
29 0.162555884652
50 0.164356347028
68 0.166810982919
15 0.167247203698
10 0.167949873742
40 0.168977763476
85 0.171049844413
1 0.172445760909
8 0.174082963536
5 0.174273822245
59 0.177758374089
4 0.180582047169
97 0.184415335592
61 0.185290930976
87 0.18816273928
69 0.193987749249
39 0.19587562702
43 0.198037386405
17 0.201437232706
45 0.205474147202
36 0.206486235031
92 0.206945664331
16 0.207511561848
34 0.210211228548
60 0.21252955081
22 0.212873218965
24 0.213434432299
58 0.213808050769
63 0.215335356257
37 0.215764510644
83 0.217114179242
20 0.220316459992
62 0.220444697677
94 0.221018944099
11 0.221957968367
28 0.223877374892
31 0.223969453163
84 0.224283333772
30 0.224409483906
75 0.224722231285
46 0.224752419041
14 0.225754428439
18 0.22613116947
21 0.226277880654
41 0.230450276302
25 0.231168558197
96 0.233924378927
13 0.234764553519
23 0.238165658486
19 0.238610898522
56 0.241104703972
32 0.245000752241
72 0.24814205567
66 0.249643633705
33 0.251532427767
57 0.256354970705
81 0.260830873977
93 0.261825847647
88 0.265755190723
100 0.266457971473
80 0.266477539896
74 0.270056704521
71 0.285006110702
99 0.285354100644
54 0.285546217275
67 0.297715385896
77 0.302144349582
42 0.303226818945
47 0.303462397325
98 0.332828923561
49 0.371286184769
