59 0.252365086232
73 0.25852845765
51 0.258819611495
70 0.262733295042
40 0.270775970299
84 0.274650311611
96 0.274896377719
50 0.276530092015
82 0.281380194575
52 0.281598186792
58 0.281748416638
55 0.283775452167
78 0.28514470943
46 0.285539036666
66 0.288506808876
56 0.288663884208
43 0.288686322176
34 0.288708120829
60 0.290325889088
97 0.29145811756
100 0.291979168291
35 0.293301405742
28 0.293690100436
83 0.29372678074
72 0.294759705569
93 0.295288202554
38 0.297637640215
89 0.301174399845
68 0.301801828203
39 0.301824416747
26 0.30185102811
71 0.303874695145
36 0.303961966748
15 0.306722216224
76 0.308423432112
61 0.311174703217
22 0.311400507393
32 0.312819526469
31 0.315097867145
95 0.315116805308
27 0.318472865198
64 0.319127886049
67 0.320910884233
99 0.324143374252
81 0.332122612603
77 0.336170871316
33 0.341343236421
47 0.345830314229
42 0.348184504826
9 0.349779575858
86 0.350063329331
49 0.393426332154
53 0.399275079276
79 0.4017517775
98 0.441895558442
65 0.447447639404
91 0.456143863765
44 0.467677570072
0 0.480439011625
3 0.55766643461
7 0.558829199718
2 0.581656705422
90 0.586930231989
6 0.59218107913
1 0.59544912633
12 0.610315194372
10 0.640043384285
85 0.648280642267
48 0.651272707745
4 0.660018935511
5 0.678747286261
8 0.684523054052
29 0.693223731195
69 0.697709992877
87 0.705772791688
17 0.731964297534
92 0.754661652422
16 0.756254552913
24 0.764874494318
45 0.768072063895
37 0.780041418967
63 0.783975698343
11 0.791988745357
20 0.792789405673
62 0.800050548143
94 0.806872498121
18 0.807147293124
14 0.808489523891
30 0.809143325944
75 0.816769055353
21 0.816795285568
25 0.829733331768
41 0.833988745377
13 0.841268453555
23 0.852277795
19 0.85414346623
57 0.921027505862
88 0.941272244203
80 0.946694643618
74 0.953094637426
54 0.998599105155
