91 0.0747405517643
79 0.0749752956542
65 0.0772889658222
44 0.0783835640835
86 0.0792649343575
53 0.0852509537652
76 0.0890686423075
3 0.0905565806748
7 0.0923186360525
89 0.0930859647389
2 0.0947457689016
9 0.0948673179901
0 0.0961843820469
6 0.0963674923354
95 0.0964768734899
27 0.096997075159
90 0.0970224782246
1 0.0988144140794
12 0.0991658694678
78 0.0992639615367
10 0.104877675595
26 0.107401297723
52 0.108360885522
4 0.108833726235
48 0.110714928955
5 0.11207352808
85 0.112637120219
8 0.113333967301
73 0.114777924885
29 0.116185979495
82 0.119265268895
70 0.119775681456
69 0.121717788029
38 0.122787879771
51 0.124781440142
55 0.124980716488
17 0.126566741604
87 0.126976119972
35 0.128896101611
15 0.130421235076
16 0.132286583299
24 0.133344719394
50 0.13456036782
40 0.134613463691
11 0.136334412129
37 0.138722456367
20 0.138894524778
92 0.139130493769
45 0.139933921022
14 0.141022147895
18 0.141080025806
59 0.142213446852
63 0.143181517941
21 0.145435092066
30 0.145504160764
64 0.145664488494
62 0.149033460732
25 0.149318895717
13 0.150901984624
68 0.151514196017
75 0.152162685568
94 0.152463108848
19 0.153552220205
23 0.153950953251
41 0.155322642868
97 0.173490795744
43 0.173844387591
61 0.174217333521
57 0.179467112191
39 0.18144587377
88 0.185951642094
36 0.186265375383
34 0.187329802863
80 0.187461407426
74 0.188131073259
60 0.189722579459
58 0.190440374019
22 0.192316753455
54 0.199115422867
83 0.200922316739
46 0.201120238606
28 0.203149164402
84 0.203398573002
31 0.213548992354
96 0.214817435754
56 0.217010096643
32 0.226239489356
72 0.234814311794
66 0.241861216677
33 0.246699187245
93 0.247363358164
81 0.25352118358
100 0.254256474927
71 0.268713229829
99 0.285871397867
67 0.289895679671
77 0.292914028508
42 0.296445077831
47 0.298569027767
98 0.359621756984
49 0.377189999137
