91 0.0825019439473
79 0.0903517829283
65 0.0913409347682
44 0.0923401115995
86 0.0992713612053
90 0.100380958066
7 0.102001059874
3 0.104321434371
6 0.104682152536
2 0.105913737195
53 0.106877973621
12 0.107228500689
48 0.108508727282
76 0.109254495886
1 0.110647734782
78 0.111154258115
10 0.111519696795
85 0.11187814828
89 0.111987964681
9 0.113992957332
4 0.114749711258
5 0.115774095738
29 0.115955768519
27 0.115991148224
8 0.116018050976
0 0.118426665351
69 0.118672218867
87 0.120332925569
95 0.120973362208
17 0.123293150463
73 0.126031831958
26 0.126163177846
16 0.126975365816
52 0.127320660797
92 0.128472502444
24 0.128570309276
45 0.130161641606
37 0.130951153784
11 0.132233902474
20 0.132476182153
63 0.132572820967
70 0.13358370727
18 0.134665431222
14 0.134811512594
30 0.13571083358
62 0.135997699755
21 0.136604133227
51 0.137387743152
94 0.137695153385
75 0.138511127298
25 0.13897204169
82 0.139062545302
13 0.140856552152
41 0.141309197521
55 0.142109118056
23 0.142680446626
19 0.142724089192
38 0.144243818468
35 0.147073410671
15 0.14874807278
40 0.150937305504
50 0.151200829717
59 0.154321227887
57 0.158124070606
88 0.162714940517
80 0.163726316965
74 0.164563215948
64 0.170846965459
68 0.171153464631
54 0.172944181438
43 0.189615349658
97 0.191721769786
61 0.194336285605
39 0.198527360585
34 0.19897268008
36 0.200178485357
58 0.202148622135
60 0.203391546784
22 0.207118193726
46 0.211902098402
84 0.212853448681
83 0.213797992572
28 0.214848271633
96 0.222136317172
56 0.223550606426
31 0.227715421382
32 0.232936947824
72 0.241928689511
66 0.248413083682
93 0.251328270326
100 0.256915067548
33 0.25808131276
81 0.259614276619
71 0.268128041851
67 0.288577924603
99 0.289344933901
77 0.292726239494
42 0.297774405656
47 0.299504032554
98 0.358860999985
49 0.365732163141
