89 0.220671016642
82 0.226129743969
76 0.227818627956
70 0.230336726935
73 0.231190722748
52 0.232560596954
78 0.233807613639
55 0.233889801994
95 0.234369393264
50 0.235996710576
68 0.236950601048
51 0.236982624895
97 0.238506118704
26 0.238830940622
27 0.239267202675
86 0.239820938371
38 0.240053651203
35 0.240399597649
59 0.241122299806
40 0.242854179431
64 0.245170703388
61 0.250724823183
79 0.254348112209
39 0.255100709397
15 0.255359786079
9 0.256637846582
43 0.25709448985
91 0.258814031347
83 0.258892543042
53 0.2589488117
58 0.259087214679
34 0.259936741253
60 0.261573891285
36 0.261861926169
84 0.26194486868
96 0.263051082625
65 0.264237790609
28 0.267504262552
46 0.269831939376
22 0.270125304718
44 0.272880702244
31 0.273157624416
72 0.276151984647
56 0.278024010074
32 0.282507968935
93 0.284657291927
100 0.286287730378
66 0.286610587478
81 0.290494799618
33 0.294650917274
71 0.298381087591
99 0.302490692201
67 0.313120150777
0 0.314078780448
90 0.314937534067
77 0.316000341437
47 0.320231163948
7 0.320449298595
42 0.322918474618
3 0.323961433332
6 0.334249273317
2 0.334505891949
12 0.34229521669
1 0.348451054562
48 0.34875515771
85 0.350963179985
98 0.351685533549
10 0.360040090856
49 0.36761142614
29 0.370148855791
4 0.37063246921
87 0.373909954553
5 0.374564544534
8 0.376103043144
69 0.376281649712
17 0.395560562925
92 0.396251354627
45 0.403903610262
16 0.405732889864
24 0.411377842136
63 0.41271772281
37 0.414999867894
62 0.418105502649
94 0.419234363989
20 0.42474666796
75 0.42650893641
11 0.428248226287
30 0.428325638866
18 0.433010738139
14 0.433977176154
21 0.434259644248
41 0.435694152323
25 0.439293225588
13 0.446586067122
23 0.450999050334
19 0.452496908178
57 0.473785096552
88 0.483409310352
80 0.485603775656
74 0.490004496824
54 0.512914756203
