94 0.205051050695
80 0.205721615687
88 0.207357877653
57 0.208413744989
74 0.211471585328
92 0.21496650598
62 0.216434970017
54 0.216532119285
75 0.219461954715
41 0.22452678187
87 0.226659753546
45 0.227456684506
63 0.22993858068
30 0.250964136062
37 0.255601038292
25 0.256500559168
48 0.257397292603
85 0.258187887141
23 0.260451495288
69 0.26121017808
21 0.263876691502
19 0.264194867813
13 0.265999339632
16 0.26791471563
90 0.268568382383
20 0.27655602044
17 0.277944752147
24 0.278441814431
29 0.280027374089
18 0.284635208133
14 0.286569245454
11 0.301201392819
8 0.321806500436
91 0.326050540195
5 0.330968067927
4 0.354833414955
10 0.355024759045
12 0.356320631324
6 0.356368120883
7 0.360918387222
65 0.386508465058
44 0.389708402596
2 0.397444034364
1 0.420907555746
79 0.426956693229
3 0.431586933784
86 0.533274527283
53 0.534069388956
76 0.617343638072
0 0.621819349743
89 0.639571064157
78 0.657969120207
9 0.668356071916
95 0.673099078138
27 0.678100533991
73 0.710418577621
26 0.739645859895
52 0.741838188218
70 0.776770444932
82 0.782611555197
51 0.792188005715
55 0.813937495204
38 0.827236091045
35 0.844299179605
50 0.85966729574
40 0.865110524179
15 0.86826113432
59 0.870382500381
68 0.925223582609
64 0.927203179971
97 1.00599924152
61 1.034342875
43 1.03868393316
39 1.06100366016
34 1.07091916438
36 1.07752366312
58 1.07883845918
60 1.09406254259
84 1.11457161528
83 1.11536629387
22 1.1175155097
46 1.1294140441
28 1.13474495911
96 1.13709351595
56 1.17054634868
31 1.18770213447
32 1.20957473829
72 1.22352444723
66 1.24501561626
93 1.25437903691
100 1.26624531561
81 1.29589191818
71 1.30993928098
33 1.31582838828
99 1.38786445503
67 1.39411450185
77 1.41686976878
47 1.44961979296
42 1.45510206008
98 1.65686553985
49 1.65910205409
