87 0.162183700435
90 0.162729142479
92 0.162759397353
94 0.163850019343
48 0.165847914778
62 0.16658665967
85 0.167203872383
45 0.167643806935
75 0.168945811152
63 0.169693122748
91 0.171550426448
41 0.171875013096
69 0.172256898827
57 0.173613003024
88 0.173915446442
80 0.174052657345
74 0.176099486084
29 0.176376457113
37 0.177221307834
30 0.178203585356
16 0.180004048179
17 0.180853823641
54 0.181319437062
25 0.181639774439
24 0.182896255721
21 0.18323536847
23 0.1846255203
20 0.185069330149
13 0.185455056529
65 0.186375218285
19 0.186467555997
18 0.188561018036
8 0.188949104769
44 0.18926493853
14 0.189694148678
7 0.190285584577
6 0.191639849165
5 0.191760876863
11 0.192658785469
12 0.193184425849
10 0.195654030043
79 0.19602497571
4 0.197997638023
2 0.203804004734
3 0.211093295087
1 0.21193778165
86 0.219957416322
53 0.222147726635
76 0.241064458665
89 0.244735667985
95 0.250187974603
0 0.259700005789
27 0.262092835238
78 0.262233162286
9 0.265441036199
73 0.271314080194
52 0.274489375752
26 0.278079662227
82 0.280878261445
70 0.287517293432
51 0.294147006066
55 0.294780558762
38 0.295217684942
35 0.303123448778
50 0.305751889951
40 0.310159092378
64 0.312763107086
59 0.313101425339
68 0.313764389839
15 0.315920818261
97 0.329454670858
61 0.34200674113
43 0.35241157709
39 0.353425484316
34 0.362554133583
58 0.362748780814
36 0.362893409349
60 0.364670977591
83 0.365998975804
84 0.370987682051
22 0.374601414982
96 0.375537023272
28 0.377134939043
46 0.378967472459
31 0.388051265568
56 0.393658644669
72 0.397355353208
32 0.401531714092
66 0.406899986352
93 0.40895234945
100 0.4112290292
81 0.41797065277
33 0.423753798243
71 0.427108392673
99 0.438536648558
67 0.449736877147
77 0.454553801724
47 0.46244581054
42 0.46579735884
98 0.508585391264
49 0.52227637742
