89 0.182859361035
70 0.194281780461
76 0.195655147491
78 0.196298044699
27 0.199612619936
82 0.201558656746
55 0.202625810169
26 0.203336056039
52 0.203585824718
51 0.208233265782
95 0.210086470653
35 0.211738249355
50 0.212790734549
73 0.213165424879
86 0.214445610876
9 0.217529911067
38 0.219534305588
59 0.219902739777
40 0.220876047266
15 0.221801143916
79 0.225552894517
53 0.226067993377
68 0.230265138895
65 0.236510366385
64 0.24857541279
91 0.25056236354
97 0.252083445452
44 0.252453578033
43 0.25614208416
34 0.258393046901
36 0.258899624967
61 0.261886633795
58 0.26229355184
39 0.264997720327
60 0.268547953056
0 0.271829880681
22 0.27209477328
83 0.275982854843
28 0.278563625508
84 0.281706507768
46 0.282037310835
96 0.287685198599
56 0.289253927542
32 0.293930949733
7 0.301923102863
31 0.302069560448
3 0.307061141115
90 0.315838304086
2 0.316518415648
72 0.31986098834
6 0.321033387261
1 0.324048351092
81 0.329100742362
12 0.331128891916
93 0.331488964821
33 0.341070123226
100 0.347667193104
71 0.349229805002
85 0.350251336907
10 0.351354548741
66 0.359123864449
4 0.360334827314
48 0.368368798457
5 0.371840929718
8 0.376850282736
29 0.380524072396
69 0.380891128565
87 0.384875852442
77 0.385600754641
67 0.39281903811
42 0.395979691079
47 0.39907729148
99 0.401146816804
17 0.40137225352
92 0.415373874011
16 0.416068496615
24 0.4238735876
45 0.424289343894
37 0.432234064643
63 0.434101885989
20 0.440191624632
11 0.440501933742
62 0.444737644513
94 0.448487372471
18 0.449842105871
14 0.450201652568
30 0.450472215078
21 0.454977917439
75 0.455015049999
25 0.463609825066
41 0.466385384452
13 0.470964440024
23 0.477735090615
19 0.478591766999
98 0.479059238919
49 0.509145548674
57 0.522462323332
88 0.536596511061
80 0.539884194626
74 0.544001858358
54 0.572637467801
