96 0.127775837422
100 0.128478597884
71 0.128863389178
93 0.129113151873
72 0.12958410977
99 0.130468160738
77 0.132996802214
84 0.134335961115
67 0.134781486092
47 0.135635457147
81 0.137101135227
42 0.138215537106
83 0.13827194454
56 0.139637385558
32 0.141431447229
58 0.141983793065
28 0.142945228006
66 0.143624710776
46 0.143739756451
60 0.145829365332
34 0.145861009031
49 0.146044460092
97 0.146818127688
33 0.147481016459
31 0.14752488651
98 0.147769139311
36 0.153818759908
39 0.154035014333
43 0.155025704159
22 0.157371465682
59 0.158936047309
61 0.16140189364
50 0.164975504321
68 0.166067671342
70 0.168202275402
40 0.170599098342
51 0.171336563495
55 0.173876999656
82 0.176140096575
35 0.178840954695
73 0.183735705166
64 0.185858184824
38 0.187408712688
52 0.188654926796
15 0.192074458023
78 0.196098757831
26 0.199160495939
89 0.200169920271
27 0.215121930453
76 0.215830808127
95 0.221239082317
9 0.24164653469
86 0.253978337249
53 0.28919137795
79 0.295048993583
91 0.31654974586
65 0.321061110582
44 0.332402140189
0 0.347843348159
3 0.39597932316
7 0.403919120558
90 0.411858580466
2 0.417063381855
6 0.423526769857
1 0.432950941294
12 0.435126924364
48 0.455796688645
10 0.458698178074
85 0.461873954211
4 0.473691066033
5 0.482829538573
29 0.484767361306
8 0.485798934944
69 0.494777471677
87 0.496583086361
17 0.518280418292
92 0.5272498442
16 0.533160062788
45 0.536085254187
24 0.538703486924
37 0.546524724634
63 0.547063617517
62 0.555530524597
20 0.556552634566
11 0.5577758643
94 0.558525832519
30 0.56446295054
18 0.56610765786
75 0.566188203515
14 0.567321483182
21 0.570848885075
41 0.577476335656
25 0.578055433205
13 0.586626738201
23 0.592883822995
19 0.594459684934
57 0.628505153351
88 0.640197318011
80 0.643346527983
74 0.64809745762
54 0.676792761015
