71 0.142353242924
100 0.142852070316
93 0.144563445798
96 0.145277556336
99 0.145369876173
72 0.146872121282
77 0.147379163546
67 0.149003118754
47 0.150843538735
42 0.154040676642
84 0.15476606077
81 0.156411516583
56 0.159439216943
49 0.161203196025
32 0.16210097152
83 0.162311092782
66 0.163362356022
58 0.166576090547
46 0.167204125248
28 0.167231970794
98 0.167370637047
33 0.171945257543
60 0.172045803037
34 0.172145529572
31 0.175364628752
97 0.18221834247
36 0.184428475587
43 0.187246311226
22 0.188538800556
39 0.18882504367
59 0.191444777997
61 0.203078462842
50 0.205334150741
70 0.207543562526
51 0.210212505771
40 0.211215611609
68 0.211959588779
55 0.219283872937
35 0.225941583403
82 0.229144797368
73 0.229306945588
15 0.241882018857
52 0.242868056201
38 0.242946738808
78 0.245909750798
64 0.247587315727
26 0.257238316427
89 0.26546750339
27 0.28233234176
76 0.292881327431
95 0.307643071783
9 0.319444052627
86 0.355722418853
79 0.418646128197
53 0.420501141679
91 0.438440873067
65 0.463738054893
44 0.47809098893
0 0.495086208498
3 0.572113636764
7 0.594723860522
90 0.608769337724
2 0.609915917561
6 0.622173744286
1 0.640048170445
12 0.642083149491
48 0.669257542203
10 0.68193936197
85 0.696605300525
4 0.707604374908
5 0.720987690994
29 0.72379452228
8 0.725607484154
69 0.748101890215
87 0.751608822349
17 0.782409932225
92 0.800693989614
16 0.806248514128
45 0.813665245135
24 0.816575037468
37 0.82906462627
63 0.831124690637
20 0.843767059211
11 0.844861753583
62 0.845665046976
94 0.850206804127
30 0.857810241401
18 0.859067140419
14 0.860569413063
75 0.861966161867
21 0.867131170053
25 0.879425873282
41 0.880119666243
13 0.892983148161
23 0.903033900167
19 0.905102345075
57 0.962056737652
88 0.982123244388
80 0.986864023838
74 0.994695911453
54 1.04058795083
