91 0.117716349061
86 0.124427949191
78 0.124528713982
79 0.125605687719
76 0.126004533984
89 0.126758028366
73 0.126895367262
27 0.132182320474
52 0.132511460369
65 0.132783416197
44 0.134131499628
95 0.134396637371
9 0.135400994413
70 0.136130171604
26 0.136198973488
51 0.136813897385
82 0.139648772033
53 0.141163213814
55 0.143313095786
38 0.144342728661
59 0.145356322275
40 0.145553886632
50 0.146477586109
35 0.147233415926
15 0.151736171478
90 0.152314865334
3 0.15551766215
7 0.156676024346
68 0.158766136504
64 0.159747974579
6 0.161256112598
0 0.161800297494
2 0.161980925213
48 0.162038439494
12 0.165951098919
97 0.166083113971
43 0.16828341858
61 0.171065741297
1 0.172010476433
39 0.172766363935
85 0.174341153234
34 0.174439902333
58 0.174526501011
10 0.174782340438
60 0.175548857552
84 0.176976973494
36 0.177452428683
29 0.17900568018
46 0.17970234697
83 0.180146084984
4 0.181626085143
96 0.18168795988
22 0.182080494784
8 0.182106992057
5 0.182177780869
28 0.182786775122
87 0.185568461689
69 0.186103870997
56 0.188192220749
31 0.189294767087
66 0.190938608289
72 0.192790215603
17 0.194665393453
32 0.197096812691
92 0.197155460962
93 0.198645486647
100 0.19893955748
16 0.199907396788
45 0.200330174705
24 0.202656981345
63 0.204681517163
37 0.204800790097
62 0.208125343015
33 0.20839621104
20 0.209105169018
94 0.209111040128
81 0.210105988824
11 0.210387626976
71 0.210521972721
30 0.211701104052
75 0.212132925608
18 0.213118014638
14 0.213626758553
21 0.214393419526
99 0.214989675129
41 0.21679309726
25 0.217215795478
67 0.21952892275
13 0.220789778372
23 0.223167002925
19 0.223890914689
77 0.225950496782
47 0.229234825298
42 0.229878967136
57 0.23775820978
88 0.243258833758
80 0.244528076443
74 0.246605113636
54 0.258907307127
49 0.266164732569
98 0.267150235304
