91 0.215972319043
90 0.22657213569
85 0.239852656571
65 0.240196633641
87 0.241985822635
44 0.249102344087
48 0.249300364651
92 0.250811565294
69 0.256199857113
79 0.256724348108
45 0.260395464483
94 0.261247775088
29 0.261918938051
7 0.262868806259
62 0.265321453095
63 0.266568907673
6 0.268804761179
75 0.271224386631
17 0.272433315628
12 0.272801130769
16 0.274243027737
37 0.277431555897
41 0.278764721131
8 0.281531953605
5 0.282190765777
30 0.283465370248
2 0.283531142547
10 0.284276729535
24 0.284503771696
4 0.287415971916
20 0.290193580412
21 0.290981013191
25 0.291955620931
3 0.293768640043
57 0.296291937908
18 0.298520738899
14 0.298812772031
13 0.300368425855
1 0.300586557688
23 0.300630778172
11 0.301442758822
19 0.301575531737
86 0.302178312907
88 0.303567263702
80 0.303810247807
53 0.306914995698
74 0.30884261143
89 0.323501754662
54 0.324003479294
76 0.324026899198
78 0.33065757056
27 0.346264319291
9 0.349729851248
0 0.362819111207
95 0.369591475356
73 0.371263176421
26 0.375796100774
52 0.384586054497
70 0.385479696668
82 0.399257807162
51 0.400667368129
55 0.406467465306
35 0.42629743342
38 0.431092307299
50 0.434581323711
15 0.438587068136
59 0.442900415779
40 0.443842051526
68 0.479198785287
64 0.499536216337
97 0.535091236423
43 0.539876840898
61 0.547820983031
34 0.549081115688
36 0.552810968846
39 0.556471579389
58 0.558473538604
60 0.573111943592
22 0.578976415526
83 0.588572475443
84 0.588577563219
46 0.591553888431
28 0.592572288871
96 0.601178509362
56 0.606519013758
32 0.624643777524
31 0.632120405385
72 0.659136661709
93 0.675344937952
81 0.687486586326
100 0.693217765309
66 0.694799857837
71 0.705062476646
33 0.707272869498
67 0.768647882593
77 0.77296742761
99 0.782163293315
42 0.795039384301
47 0.796091916569
98 0.932066176049
49 0.947102689369
