59 0.24053723755
96 0.244944729572
84 0.246180312704
51 0.252954318356
58 0.254352227821
70 0.254367764292
46 0.257572486344
56 0.259069331519
40 0.259212709271
100 0.261577225307
34 0.261667360974
50 0.261758561621
72 0.26176148675
73 0.262403547452
93 0.263104354275
60 0.263456745157
83 0.263719850694
28 0.26388294927
66 0.263983387254
43 0.26440368165
97 0.265788767198
82 0.271412548687
71 0.272274647071
55 0.272462830145
39 0.274829673216
36 0.277237426282
52 0.279486784095
32 0.280678018618
35 0.281796391919
31 0.282326993295
68 0.282890556181
22 0.283726961401
61 0.286353902906
38 0.288907233887
99 0.289044719721
67 0.28905977147
78 0.291086494476
81 0.295937569034
15 0.297689449176
77 0.300086638304
26 0.300717929245
64 0.303842098345
33 0.304087967175
89 0.304573781586
47 0.307917248716
42 0.310227455839
76 0.317017244471
95 0.322132752178
27 0.324374228415
49 0.361050754407
9 0.363126294321
86 0.373961560147
98 0.39623923605
53 0.430704958899
79 0.443073967241
65 0.497153155591
91 0.510716620808
44 0.520735262379
0 0.5224125832
3 0.625636016812
7 0.633984457589
2 0.657635113469
90 0.671834853345
6 0.673318267899
1 0.673964818699
12 0.694558286334
10 0.731500434646
85 0.748693694635
48 0.751629798586
4 0.755354548199
5 0.779022302221
8 0.786795381333
29 0.798594613406
69 0.807629903771
87 0.819294979904
17 0.847090151757
16 0.876657125283
92 0.878534414182
24 0.886814592473
45 0.893705703159
37 0.90621334626
63 0.912733510602
11 0.917198178048
20 0.919884778197
62 0.932901083306
18 0.936554039685
14 0.937845254545
30 0.941256725225
94 0.94134693282
21 0.949456066203
75 0.952497205244
25 0.965566303063
41 0.972952372736
13 0.979066449613
23 0.992440915861
19 0.994049737809
57 1.07767782436
88 1.10279485141
80 1.10911943525
74 1.11675557774
54 1.17094438815
