99 0.210295577657
49 0.211127807416
100 0.211672943247
71 0.212650808756
67 0.215803217805
93 0.21819147857
77 0.219031863152
96 0.221391509419
72 0.222630398196
47 0.223697566689
42 0.229895529815
66 0.230477498438
84 0.233549852639
98 0.23672351303
81 0.237573857956
83 0.242895820266
56 0.243960103043
32 0.2496603802
58 0.249868760632
46 0.250875148023
28 0.251312106354
97 0.252000536391
33 0.256072900617
60 0.256143667231
31 0.25705811187
34 0.257649467393
39 0.26675070191
59 0.269430141079
43 0.270066300666
36 0.270739832297
61 0.274745882432
22 0.276342386841
68 0.281047261031
50 0.283204897428
51 0.286247042706
70 0.286829613006
40 0.288093576614
73 0.291715069387
82 0.291943298508
55 0.296147116052
64 0.300668869637
35 0.303631712527
52 0.307392724263
38 0.308906016934
78 0.320055085662
89 0.321636542954
15 0.324257469492
26 0.326633646624
95 0.333095355041
76 0.333509588282
27 0.34489499821
86 0.367205860492
9 0.37856939621
53 0.401501283142
79 0.40832712461
65 0.434645962043
91 0.438886060047
44 0.449369612647
0 0.486912069178
90 0.51160711122
7 0.513635674142
3 0.522207791511
6 0.536148367932
2 0.536471053196
12 0.546650224035
1 0.548295753501
85 0.548736724605
48 0.552942336362
10 0.564514706053
87 0.576379487578
4 0.578459521805
69 0.579101625207
29 0.582430170487
5 0.585412237435
8 0.585844307907
92 0.601975736362
17 0.607129182568
45 0.613072460826
16 0.619639480069
24 0.622178650538
63 0.622713210923
37 0.626733019036
62 0.626892338518
94 0.628837940635
75 0.637710755703
20 0.640288979257
30 0.642083197246
11 0.645389183038
41 0.648179613827
18 0.649416897429
21 0.651057803831
14 0.652017982246
25 0.654961900756
13 0.663618399323
23 0.668366652662
19 0.671819774225
57 0.689664557133
88 0.695619982167
80 0.699098083887
74 0.702985163883
54 0.728068943892
