94 0.190161223685
92 0.192728004308
62 0.196187231059
87 0.196294894712
80 0.198230520315
57 0.198697301947
88 0.198782708005
75 0.199025520379
45 0.200701536787
74 0.201854662455
41 0.202936010619
63 0.203168036725
54 0.207543773496
85 0.210548726262
48 0.211176643103
90 0.211533860207
69 0.215755275775
30 0.216831412975
37 0.217683195675
25 0.221319182826
16 0.223773773913
23 0.224978702222
21 0.224982685807
29 0.225757240865
13 0.227494052967
19 0.227516764919
17 0.227866398371
24 0.229780011449
20 0.230731552518
18 0.236172899494
91 0.237063819194
14 0.23759427064
11 0.244875341513
8 0.249439787163
5 0.254438193393
6 0.263100740122
7 0.26317321757
12 0.264176570228
10 0.265538024794
4 0.266976236578
65 0.268571132928
44 0.27188238988
2 0.285981631931
79 0.289372059648
1 0.299926311967
3 0.303237642801
86 0.342765572326
53 0.345062907614
76 0.386105142492
89 0.396643417957
0 0.403987551222
95 0.41318815446
78 0.41363579563
9 0.421401727814
27 0.422359952786
73 0.441152327022
52 0.453476236093
26 0.454613423979
82 0.471872512189
70 0.473061523038
51 0.483982476804
55 0.491913280819
38 0.498200494163
35 0.508918229693
50 0.515712406848
40 0.521126302224
59 0.524947264281
15 0.526106278402
68 0.546606291003
64 0.547308216639
97 0.58559382365
61 0.604806570559
43 0.611817959734
39 0.621130903899
34 0.629704536819
58 0.632716920936
36 0.633022005526
60 0.640039358202
83 0.648469874212
84 0.65128445233
22 0.655421029012
46 0.66209118601
96 0.662386874726
28 0.662664997414
56 0.686302618308
31 0.689792005195
32 0.705794754974
72 0.708510872175
66 0.727146067515
93 0.727725921298
100 0.7344550966
81 0.748601482598
71 0.760058971932
33 0.760203835999
99 0.797629375075
67 0.807441353849
77 0.816969751464
47 0.834349867233
42 0.838437739992
98 0.941258684758
49 0.953841418385
