80 0.12694364089
88 0.127018588195
94 0.127351451926
74 0.128521283683
57 0.128858732203
92 0.130369172303
62 0.130727188079
54 0.130764523476
75 0.132172677597
87 0.13389397281
41 0.133953035382
45 0.134775865471
63 0.135797445897
48 0.140051619038
30 0.14359011472
85 0.144790712257
37 0.144950090571
25 0.145755967173
90 0.146223851027
69 0.146292292293
23 0.147196157948
21 0.148884261367
13 0.149023767745
19 0.149371765969
16 0.150755531444
29 0.152573093987
24 0.152738225269
20 0.153227081271
17 0.153898030938
18 0.155986301978
14 0.157330174921
11 0.162297270223
91 0.163917285997
8 0.167630488901
5 0.172014442508
10 0.179750730132
6 0.180081380052
12 0.18070856336
7 0.181235923013
4 0.181446558623
44 0.18922915927
65 0.18926050613
2 0.195893160619
79 0.199769266514
1 0.205140521396
3 0.206638618082
86 0.234561118026
53 0.240945523589
76 0.267718932539
0 0.276792689749
89 0.277806574297
78 0.281442372278
95 0.283151775213
9 0.288858653452
27 0.291629842099
73 0.292781581489
52 0.30765162099
26 0.31256267287
70 0.323718900448
51 0.325895550765
82 0.326945574734
38 0.340084857351
55 0.340276083112
35 0.350100624833
40 0.351370331441
59 0.351826549527
50 0.353459837211
15 0.359837292666
64 0.374658712214
68 0.377693286008
97 0.400357957124
43 0.413083522273
61 0.413395095418
39 0.422550758018
58 0.426836352385
34 0.426895914886
60 0.429363256205
36 0.431663112167
84 0.433672988834
83 0.437967031168
96 0.441481437003
46 0.44167914395
22 0.44446568864
28 0.446261941114
56 0.458842687081
31 0.464469783604
66 0.466066961068
72 0.468525427471
32 0.476250392073
100 0.478199751189
93 0.479164387003
71 0.498648660528
81 0.503203726052
33 0.508779647011
99 0.515968550783
67 0.521988941696
77 0.535268072274
47 0.546132020827
42 0.549133731319
49 0.606719080233
98 0.622207251504
