59 0.168944145934
96 0.173575799282
51 0.17407324599
84 0.175303477327
70 0.17580612396
73 0.176212227093
100 0.180551313897
58 0.181144209175
66 0.18211372912
46 0.182869231015
56 0.182952674092
93 0.183092152597
72 0.183189856603
40 0.183233133173
34 0.185083499534
60 0.185271693137
50 0.185648000385
83 0.18604622828
71 0.186759464649
28 0.18725591271
78 0.187907286402
43 0.189078952193
55 0.191519956854
97 0.191799916001
32 0.194022944144
52 0.194835044081
36 0.195165915698
67 0.195664619537
99 0.196306565842
82 0.197018685131
35 0.197392866885
39 0.197662959302
22 0.1996953889
31 0.200492302233
81 0.202842086663
68 0.203158627978
77 0.203162104464
15 0.205569883731
38 0.20599632004
26 0.206350933515
61 0.206395380517
47 0.208659122392
89 0.209445117761
42 0.210324781958
33 0.211411536381
27 0.218235587218
76 0.222547844763
64 0.22389739086
49 0.231874371644
95 0.23556440077
9 0.238776882329
98 0.255063950137
86 0.257200472618
79 0.291359645636
53 0.303612618266
91 0.303960995185
65 0.324861182757
44 0.335007903133
0 0.345820207517
3 0.395601386602
7 0.407247995924
2 0.418060293772
90 0.421405459782
6 0.425934956379
1 0.435181101305
12 0.440183305953
48 0.457956092343
10 0.465091415928
85 0.477920538915
4 0.481643472209
5 0.492187880545
8 0.495537829105
29 0.498020390862
69 0.511641743306
87 0.516050092602
17 0.533350301717
92 0.549690227359
16 0.550013136403
24 0.55805982128
45 0.558809882677
37 0.567286426711
63 0.570050735337
11 0.575736863498
20 0.576018673663
62 0.58128833375
94 0.584935146512
18 0.586392661456
14 0.587047506898
30 0.58740909331
75 0.592383281762
21 0.592795757063
25 0.602060703132
41 0.604802312128
13 0.611007334936
23 0.618229906376
19 0.61909826281
57 0.664222412475
88 0.679707994038
80 0.682886632296
74 0.688152003641
54 0.720239907533
