49 0.259900844881
99 0.275550953093
98 0.279462419322
77 0.285628510501
71 0.288118102499
47 0.290285766282
67 0.29044799543
100 0.293046993486
42 0.301534797139
93 0.301922022987
72 0.310009846582
96 0.317674269526
81 0.322478724965
66 0.340387581244
84 0.34456160128
83 0.353573176822
33 0.356149535651
32 0.359645282823
56 0.360111069065
28 0.371632481246
31 0.371729653794
97 0.375275245589
58 0.376615592527
46 0.377194004963
60 0.386670150461
34 0.391621394411
39 0.402903553773
36 0.412500425329
61 0.416348593436
43 0.419861633296
22 0.419937431927
68 0.441419806967
59 0.453359233531
50 0.467813363512
64 0.475222460434
40 0.484874360334
82 0.486967670844
70 0.494387381472
51 0.498043525408
55 0.498416960582
35 0.509423156161
38 0.518888878519
73 0.525425755216
52 0.535695981968
15 0.553078511908
89 0.568169047362
26 0.572983029438
95 0.576755194643
78 0.587227831295
76 0.594336599262
27 0.617819186415
86 0.671761031925
9 0.691652890534
53 0.724339106321
79 0.773971155081
65 0.82539377108
44 0.857843431863
91 0.869616913224
0 0.902638318544
7 0.988646504193
90 0.999399498639
3 1.0034146642
2 1.03374667202
6 1.03845233037
1 1.04920924536
12 1.05780639623
85 1.06718319452
10 1.09211456204
48 1.09733570568
4 1.11829756369
69 1.12973141951
87 1.12998360671
5 1.13711271728
8 1.13995873969
29 1.14028014456
92 1.18440711633
17 1.18632746513
45 1.20463945027
16 1.2134594394
24 1.21459638594
63 1.22396930029
37 1.22841878451
62 1.23421916083
94 1.24122945447
20 1.25328647274
75 1.25623322981
11 1.25993346832
30 1.26032545643
18 1.2702143158
14 1.275631692
41 1.27606353046
21 1.27677484935
25 1.28531770242
13 1.30050880787
23 1.31141888714
19 1.31857426198
57 1.36336952563
88 1.37360141955
80 1.38155900558
74 1.38767358526
54 1.43740788233
