86 0.109486045891
95 0.11021003854
53 0.111993694227
76 0.112598616369
89 0.114432032584
79 0.124577011455
27 0.125829200626
65 0.128155910757
9 0.131257468519
44 0.132066178622
82 0.133865552859
26 0.13470411876
52 0.136701209046
38 0.13748790529
0 0.138835996971
64 0.141958393049
91 0.146390451952
55 0.148146277234
35 0.150378354413
78 0.153056971259
3 0.156893765088
50 0.157800718393
68 0.158363201153
15 0.158561714883
70 0.158703732348
40 0.1687834824
7 0.169860743964
2 0.171315727484
51 0.17316871458
73 0.173737520812
1 0.177807740215
61 0.179756599765
6 0.179785975253
97 0.18442440285
12 0.18452727909
90 0.186366826897
59 0.190116678218
39 0.19456917907
43 0.198282435418
10 0.198712941478
4 0.207438839164
36 0.209539285644
22 0.215688839129
5 0.216494517307
34 0.216881843002
60 0.219315158568
8 0.220265202427
85 0.222717296841
58 0.22380287343
48 0.22473006602
29 0.227880078304
83 0.22881197521
31 0.233567835086
28 0.23612056123
46 0.239318254796
69 0.243157559861
84 0.244169009613
17 0.253661477967
87 0.255939785473
96 0.260265416001
56 0.264037086996
32 0.265258171721
16 0.266683016471
24 0.267379935603
33 0.271398069029
11 0.272872850306
72 0.278563121252
20 0.280087974173
37 0.280629234448
92 0.282880946888
45 0.283768449936
14 0.284046869416
18 0.28413232586
63 0.291146946523
81 0.291756411812
21 0.294791787511
30 0.295279189675
93 0.302458174018
25 0.303185471604
62 0.303655919029
13 0.306182871168
66 0.30651964578
75 0.310228891937
94 0.311000753818
19 0.312047398863
23 0.312954618082
41 0.31676653706
100 0.318357804539
71 0.339970119537
99 0.345618224148
42 0.354428097677
77 0.357880490065
47 0.358438623942
67 0.364800212167
57 0.366822313397
88 0.379871969735
80 0.383026426974
74 0.384511799269
98 0.404635539687
54 0.407325984927
49 0.485379032183
