80 0.129477527271
94 0.130043122533
88 0.130045877943
57 0.131338530288
74 0.131929239006
92 0.134309273628
54 0.134360414299
62 0.134915876743
75 0.136538745753
41 0.138735989738
87 0.139198301478
45 0.139966601329
63 0.141371883013
30 0.151073752795
48 0.152352454112
85 0.152783902344
37 0.153114297779
25 0.153722630193
69 0.155051886313
90 0.15505695464
23 0.155769255444
21 0.157403208584
19 0.157638113357
13 0.158348391388
16 0.159267731692
29 0.162691936278
20 0.163146247903
24 0.163450977719
17 0.163640294474
18 0.166812056705
14 0.167910658935
91 0.174499932403
11 0.174600674273
8 0.182776770239
5 0.18705152501
6 0.196954944121
12 0.196958149921
10 0.197515363685
4 0.198111537651
7 0.198626865481
65 0.205383081927
44 0.206372346933
2 0.21541663636
79 0.223375681047
1 0.227707168483
3 0.22905983549
86 0.268610606469
53 0.272462841761
76 0.302135503056
89 0.308590177182
78 0.309771828419
0 0.314783564405
9 0.323189724704
27 0.325774518758
95 0.332903126501
73 0.336991741189
26 0.351703335581
52 0.354298229401
70 0.362800457698
51 0.370373528185
82 0.37213625345
55 0.381683733854
38 0.393147723111
35 0.396123519027
50 0.401507686382
59 0.404556024292
40 0.405296192351
15 0.406986421778
68 0.435068564131
64 0.442605889375
97 0.47103480942
43 0.480946388774
61 0.484575261904
34 0.490829044528
39 0.492853816234
58 0.495541559193
36 0.495912557298
60 0.503396355235
84 0.510794873606
83 0.513731439186
22 0.514582211791
46 0.517468353786
96 0.519615561623
28 0.520757596086
56 0.532028226374
31 0.547340732281
32 0.548300963387
72 0.558259235532
93 0.570181544687
66 0.572347525867
100 0.576165728667
81 0.588860495834
71 0.591770497603
33 0.602256456363
67 0.630739724573
99 0.633334943275
77 0.639809625036
47 0.655996295117
42 0.657695169872
49 0.745201365818
98 0.749625752519
