79 0.076444572263
86 0.0765699524732
89 0.0789524362697
78 0.0789832510279
76 0.0790717238865
65 0.0812273506959
27 0.0813191239051
9 0.0815833803492
91 0.0818307409412
53 0.0833898011966
44 0.0839587356603
95 0.087768161205
26 0.0881316760909
52 0.089706022145
0 0.0915738733247
70 0.0932214336525
73 0.0936417644132
3 0.0974927063261
51 0.0979396174789
82 0.0989604745687
55 0.0996317280938
7 0.0998260566486
38 0.102355319501
2 0.102382712576
35 0.103143795465
15 0.103693548387
1 0.104715147264
6 0.105204864248
50 0.10725617917
40 0.107509622326
12 0.108648381008
90 0.109065679569
59 0.111280525318
10 0.114721513772
4 0.118624073722
5 0.123403528634
85 0.123720166384
68 0.124903640861
48 0.12500414978
8 0.125073551654
64 0.12581833293
29 0.130081842379
69 0.133228347406
17 0.138698673484
87 0.139255693574
43 0.139266672469
97 0.144272702093
61 0.145005496274
16 0.145088782345
24 0.146242033472
34 0.147042943137
36 0.147223718176
39 0.148066329202
11 0.149749002505
58 0.150695676094
60 0.151217951236
92 0.15199321065
37 0.152081844499
20 0.152433756248
22 0.152943113728
45 0.153475773981
18 0.154874589762
14 0.154911201039
63 0.156578522887
30 0.159450653695
21 0.15953625164
46 0.159592514602
28 0.161822060916
83 0.162064178505
84 0.162573057503
62 0.162692626806
25 0.163616658875
13 0.165245304039
75 0.166194408228
94 0.166324914818
19 0.168366725036
23 0.168536894029
56 0.16947560506
41 0.16963542371
96 0.171693364168
31 0.174129649797
32 0.176241296848
72 0.190025667303
57 0.195186568984
93 0.199093751893
33 0.200973158669
66 0.201005096546
88 0.201364062243
81 0.202923228841
80 0.203083574481
74 0.203645835311
100 0.206681402006
71 0.214548354019
54 0.21499376187
67 0.235740094084
77 0.236590246733
99 0.239160833705
42 0.240000006341
47 0.243152916722
98 0.299400544951
49 0.311803068597
