96 0.159967173322
100 0.162865845531
84 0.163654481992
93 0.165573228534
71 0.166618088858
72 0.166685765532
66 0.168809351248
59 0.168841491687
58 0.171392021052
56 0.172017668788
83 0.172777283696
46 0.172834750154
99 0.172949101633
67 0.173798263058
97 0.174385936196
28 0.175608412724
60 0.175978093012
34 0.176538072589
51 0.176599678774
70 0.178187349656
73 0.178589039875
77 0.178777909925
43 0.179759256435
40 0.179914483829
50 0.180458624318
32 0.181888397268
39 0.182806067134
47 0.183473527145
82 0.18351525222
81 0.183934964019
31 0.184116750375
36 0.185801911308
42 0.186143319935
55 0.187355406114
68 0.18736855139
61 0.18790269784
52 0.188678073509
22 0.189639134612
33 0.192558209585
35 0.192608863001
38 0.193778278235
49 0.196290496372
64 0.196540925776
78 0.197359667214
89 0.200201296129
26 0.202361559392
95 0.202870856132
15 0.203620316853
76 0.204068045205
27 0.213584684825
98 0.219502787716
86 0.225387992503
9 0.234099648231
53 0.249194710654
79 0.255388608478
65 0.277966690539
91 0.288401465815
44 0.289179063555
0 0.304763868208
7 0.334355702722
3 0.339047250878
90 0.343465468821
2 0.349763486445
6 0.352399456146
1 0.355664367091
12 0.360788846047
85 0.369851604691
10 0.373450831179
48 0.3762805669
4 0.383486779777
5 0.391538580662
8 0.393135166514
69 0.393916865696
87 0.396020099766
29 0.396072738142
17 0.41331511929
92 0.41858403642
16 0.424532646776
45 0.425662735206
24 0.42626620628
37 0.432770162817
63 0.43312215159
62 0.439152021311
20 0.440625013956
11 0.441693456889
94 0.4425092684
30 0.446029122613
18 0.447233166857
75 0.447444044865
14 0.448817517012
21 0.451093477136
41 0.455462598788
25 0.455788560294
13 0.461248020951
23 0.466062982571
19 0.468213992062
57 0.494152288189
88 0.500609987938
80 0.503685846464
74 0.506030694288
54 0.526580639685
