91 0.109531660395
79 0.117557260389
86 0.119366234317
65 0.121693735399
78 0.121947268043
89 0.122107445629
76 0.122202865067
44 0.123623430512
73 0.12589222654
27 0.128320093373
95 0.130223657608
52 0.130916802607
9 0.131294901529
53 0.131582009382
26 0.133482923511
70 0.134337787313
51 0.136014086652
90 0.13666338103
82 0.13747142591
55 0.141049614577
7 0.141772507999
38 0.142821331785
3 0.143414946323
35 0.145074687305
59 0.14529831322
40 0.145322575217
50 0.145393742916
6 0.14603130142
48 0.146688271389
2 0.147469583197
15 0.149685072521
12 0.149868973275
0 0.151187748479
85 0.153959884378
1 0.155398858363
68 0.156243986788
10 0.157290449082
64 0.157894616077
29 0.159771426916
4 0.162428031028
5 0.162921880516
8 0.163029119196
87 0.163035294252
69 0.164203698232
97 0.165079306862
43 0.168915286717
61 0.170258963028
17 0.171814472768
92 0.172626549107
39 0.173234439598
34 0.174814121409
58 0.175261346974
45 0.175774184491
60 0.175977452552
16 0.17606467045
36 0.176709318663
24 0.178911626284
84 0.179120221283
63 0.179510096148
37 0.180208399181
83 0.180388741928
46 0.181640596849
22 0.18187080233
62 0.182162456605
94 0.182697099467
96 0.183668834571
28 0.183681501404
20 0.18425313832
75 0.185669588609
11 0.185845220193
30 0.18599831718
18 0.187883411784
14 0.188257912672
21 0.188468945848
41 0.189762048005
56 0.19000744589
25 0.190798333849
31 0.19112018561
13 0.194062827188
66 0.195299963353
72 0.195785651109
23 0.195950897497
19 0.196507853123
32 0.197297265773
93 0.201760471143
100 0.202493346871
57 0.207321824844
33 0.21085892523
81 0.211014055246
88 0.21221845771
71 0.213005970894
80 0.213154276898
74 0.215114517353
99 0.220268718523
67 0.223698459959
54 0.225623151776
77 0.229310527692
47 0.233436192864
42 0.233907951539
49 0.270428594902
98 0.27044845247
