96 0.186202709713
84 0.186950255199
72 0.193549888937
97 0.194830176995
58 0.195155231017
46 0.195913785755
83 0.196560564003
93 0.196869271713
100 0.197337537613
60 0.198394848857
59 0.19879981121
56 0.199721514238
28 0.199905992314
43 0.200918628825
34 0.201151862428
66 0.201886807541
39 0.202884441472
31 0.205719141673
71 0.205761860829
40 0.206988580862
50 0.207021001946
61 0.207870773519
82 0.210202212842
99 0.211340777911
68 0.211892997472
51 0.211955504289
36 0.212040178929
32 0.212281689381
64 0.213200295005
70 0.213421367646
22 0.214471178695
67 0.216406253275
81 0.21719429002
33 0.218766840226
38 0.219003772807
77 0.219184494283
55 0.21945360235
52 0.220470607008
73 0.221635477946
47 0.223078136499
35 0.223626683479
42 0.224297837132
95 0.231717600473
15 0.238180419902
26 0.241507930367
89 0.244725755811
76 0.24569792837
78 0.250373983309
27 0.261585065493
49 0.266775233285
98 0.275287590805
86 0.276857746397
9 0.291305039067
53 0.307824910365
79 0.338472816784
65 0.378118622243
0 0.388674309262
44 0.393575957658
91 0.417011910819
3 0.461248051869
7 0.463978815404
2 0.482960132263
1 0.485036495511
6 0.493797640753
90 0.497807597161
12 0.505512290554
10 0.521713824484
85 0.537234257719
4 0.537599909161
48 0.553335086629
5 0.555000495397
8 0.558411820894
69 0.573054636199
29 0.575294553813
87 0.588094381121
17 0.60108607893
24 0.617768465404
16 0.621802104204
92 0.628126131736
45 0.634740999745
37 0.636192242387
11 0.636998408145
20 0.642668440152
63 0.645438285789
18 0.649932841199
14 0.652645910035
30 0.658709743722
62 0.659631241729
21 0.662969999655
94 0.67085329422
25 0.672079319856
75 0.672258553654
13 0.676683052278
41 0.682718813066
23 0.686556409668
19 0.689783166402
57 0.75281768869
88 0.761885662202
80 0.768534282953
74 0.768952742511
54 0.800771763682
