92 0.175495793235
94 0.175838556464
87 0.176120294568
48 0.17931881918
62 0.179725553002
45 0.18151601966
75 0.182415950953
90 0.182563294408
63 0.183844167725
85 0.185318895889
41 0.186073071586
57 0.187828243526
88 0.189000955622
80 0.189028346194
69 0.189954718101
74 0.191893122522
37 0.193969327441
30 0.1946733906
29 0.195332985442
16 0.197872650008
54 0.198840420004
25 0.198870551617
17 0.199860343783
21 0.200997105337
24 0.202058836739
23 0.202455340752
13 0.203656181587
20 0.204011265012
19 0.204743479177
91 0.207519067502
18 0.208498876155
14 0.209835451939
8 0.212471055809
11 0.214278580521
5 0.216967742661
6 0.221850049543
7 0.221984452138
12 0.223355013918
10 0.224115564489
4 0.226841896985
65 0.228678982111
44 0.23079680175
2 0.240243866664
79 0.243532806213
1 0.250749150303
3 0.253766434148
86 0.285866029885
53 0.28694221011
76 0.328637123481
0 0.334397856247
95 0.340669664949
89 0.344145875642
9 0.364904073944
27 0.3665535768
78 0.371836164195
73 0.38327554529
52 0.388863805934
26 0.394764005531
82 0.404180814168
70 0.419300442524
38 0.423120453768
51 0.426100908875
55 0.430082928298
35 0.442039432779
50 0.448760961256
40 0.450855058809
64 0.45288708456
15 0.458640296809
59 0.460101922837
68 0.465536872605
97 0.496716812614
61 0.51081093711
43 0.526666850816
39 0.529641892565
34 0.549746321129
36 0.5499447302
58 0.550363621937
60 0.553420783138
83 0.560305843919
84 0.563737945827
22 0.566790421373
46 0.573630647875
28 0.574348459448
96 0.575950993662
31 0.588530177953
56 0.601420978906
72 0.610289507263
66 0.612377856542
32 0.620691829271
93 0.630206920195
100 0.632611112105
33 0.64934857438
81 0.650351674135
71 0.664527163414
99 0.675119459803
67 0.695174447618
77 0.709107310798
47 0.718693929603
42 0.723546572748
98 0.802625296939
49 0.82009215184
