91 0.103384234236
78 0.10421042463
89 0.10610630119
86 0.106733930507
76 0.106955043435
79 0.107768518198
27 0.110810494651
73 0.112279887061
9 0.113385927782
52 0.113918183366
65 0.114290369804
26 0.11548461085
95 0.1159640627
70 0.116021155716
44 0.116281090307
51 0.118883263048
53 0.120583528224
82 0.121394271632
55 0.123307279805
38 0.126233776717
35 0.127362311156
40 0.127974192711
50 0.12823946963
59 0.12875221647
15 0.130361539813
3 0.136016339894
0 0.137289005379
7 0.138124608613
90 0.138266958109
2 0.142318836991
68 0.142320214777
6 0.143137920536
64 0.144949121863
12 0.147457777829
1 0.150183249498
48 0.150956976361
97 0.152511429204
43 0.153243721902
10 0.155737743518
61 0.157285564562
85 0.158594404205
39 0.159649468591
34 0.159732310461
58 0.160448071296
60 0.161160856399
36 0.161399097432
4 0.161467645437
5 0.163580891773
29 0.163636919508
8 0.164315884372
22 0.166441988526
84 0.166585969057
83 0.167140255104
46 0.167667620373
28 0.169382346369
69 0.170024540794
87 0.171724845642
96 0.172165560924
56 0.176498149661
17 0.177357896818
31 0.179101221145
16 0.182957124323
92 0.183892401248
32 0.183902960406
24 0.185267987373
72 0.186194400308
45 0.186301046621
37 0.188676893424
63 0.190344746458
11 0.191147719153
66 0.191168661702
20 0.191395681672
93 0.193217137525
62 0.194736995303
18 0.194761441855
14 0.195003974592
30 0.195639302899
100 0.196318365977
94 0.196642696354
21 0.197263975476
75 0.198468546703
25 0.20055200866
33 0.20081392994
81 0.20098051624
41 0.202616313306
13 0.203455129492
71 0.205497314483
23 0.206055721397
19 0.206261535152
99 0.218159949978
67 0.220407629836
77 0.223392073609
57 0.224786519534
42 0.227911079495
47 0.228341492637
88 0.230619827764
80 0.231929795195
74 0.233452372274
54 0.24504808497
98 0.272175878906
49 0.276433628862
