90 0.0744403696226
87 0.0757128099576
48 0.075861140855
91 0.0759623572312
85 0.0769661311674
92 0.077183253684
45 0.0789956803404
69 0.0794298434652
94 0.0795033417553
62 0.0797860616225
63 0.0800842571415
29 0.0807466718313
75 0.0810269552466
41 0.0824541053756
37 0.0824664566382
16 0.0829639236553
17 0.0831027490857
30 0.0834823436433
24 0.0846110224843
25 0.0852062931046
21 0.085397910236
20 0.0856612031811
8 0.0868858366011
23 0.0868995478594
13 0.0869587016865
57 0.087214636047
18 0.0873711469701
19 0.0874500387923
14 0.0877392848311
5 0.0882969601001
88 0.0885508324861
11 0.0889043735575
80 0.0889240338304
6 0.0890780173436
74 0.0895594198213
7 0.0895805913901
12 0.0898615160717
10 0.0909327998767
44 0.0917309890964
4 0.0920026167995
65 0.0920485870835
54 0.0932158176336
2 0.0962036596558
79 0.0994695253626
3 0.101204649972
1 0.102211622863
86 0.124787182028
53 0.128524195916
0 0.142612788437
76 0.14551541668
78 0.148111645414
89 0.150088019275
9 0.150543375053
27 0.155800957404
95 0.165152078181
26 0.173039253792
73 0.173553314137
52 0.176977480407
70 0.183884631971
51 0.190355408475
82 0.193362384537
55 0.196722408814
38 0.202624875561
35 0.204448492814
15 0.2068712711
50 0.211120170437
40 0.211450705515
59 0.215087262319
68 0.2392361954
64 0.242092981839
43 0.265886700846
97 0.268418348678
61 0.273478798749
34 0.276048383311
36 0.277841524171
39 0.278355546222
58 0.280382407512
60 0.283589003552
22 0.288637607475
46 0.294949976091
84 0.295288237835
83 0.296379775849
28 0.297757819402
96 0.305700759362
56 0.307437704292
31 0.317635688476
32 0.31857907995
72 0.332974220637
93 0.344116898198
66 0.348354016043
100 0.352071966178
81 0.353282882852
33 0.357412925326
71 0.362466859088
67 0.392926995484
77 0.395694150688
99 0.39700717417
42 0.404658053743
47 0.406426523077
98 0.480674382143
49 0.487814682648
