88 0.0168832455056
80 0.0169128716194
74 0.0170320041348
54 0.0170969739217
57 0.0175045989398
94 0.0180824548429
62 0.0184992667998
75 0.0186951262514
92 0.0187790488214
41 0.0187889616597
45 0.0193441251496
63 0.0194562114048
87 0.0195232969705
30 0.0204923477462
25 0.020654174087
23 0.0206984188564
37 0.0208885121116
13 0.0210086808656
19 0.0210847522999
85 0.0212963470915
21 0.0213115083541
69 0.0214119266044
24 0.0219979060365
20 0.0221593747102
16 0.0221994744405
18 0.02239774705
14 0.0226700658232
90 0.0227939616579
48 0.0228038293628
17 0.0228184835596
29 0.0231504124238
11 0.0235226512402
8 0.0255348802317
5 0.0262475218495
4 0.0277239444951
10 0.0277495334814
12 0.0284129312444
7 0.0286786609419
6 0.0288001345125
91 0.0295958900297
65 0.0303455515024
44 0.0304664591902
2 0.0314494428667
1 0.0323228050583
79 0.0330164837781
3 0.0335073115475
53 0.0365369201775
86 0.0375033089712
76 0.0435058992937
95 0.044511400261
0 0.045668761145
89 0.0458896337333
27 0.0492847218794
9 0.0493770943054
78 0.0496042824039
73 0.0503028259854
52 0.0516034629028
26 0.0524339091458
82 0.0527238707454
38 0.0552475798591
70 0.0553932930716
51 0.0559250382827
55 0.056337336293
64 0.0576661779367
35 0.0579330974836
50 0.0582917059827
40 0.0590410829538
68 0.0598301467419
59 0.0598618675878
15 0.0603833976369
97 0.0634695931954
61 0.0650770370862
39 0.0674614877729
43 0.0676259588446
34 0.070049445814
58 0.070262778913
36 0.0704450012468
60 0.0707633627756
83 0.0711839174767
84 0.0712668506422
96 0.0725031160066
22 0.0725253445149
46 0.0727951586801
28 0.073201549683
31 0.0743913935146
66 0.0755936850899
56 0.0759213364391
72 0.0764508701461
100 0.0782637844313
32 0.0782967422351
93 0.0784657922642
33 0.0814875482667
81 0.0816429279562
71 0.0823105821928
99 0.0829989843247
67 0.0852866942497
77 0.0875043603265
47 0.0887251319189
42 0.0894399971847
98 0.0984909654787
49 0.0986312528779
