94 0.320534986578
80 0.329574104728
57 0.331095539847
88 0.333250324242
92 0.333574339877
62 0.339753322473
74 0.340727293399
75 0.345454340802
87 0.348466468078
54 0.350918186275
45 0.354114228484
41 0.354518850186
63 0.360434951501
85 0.391915697351
48 0.392988459359
90 0.394843019404
30 0.395116972454
37 0.400848983071
69 0.402377128187
25 0.405200114922
23 0.414273549457
21 0.415195221145
16 0.415237166696
19 0.417393242011
13 0.423060221759
29 0.424024633136
17 0.429808363098
20 0.433891403748
24 0.436635721011
18 0.448118279779
91 0.448358445151
14 0.44947306315
11 0.472026869975
8 0.493875010829
5 0.504618743828
6 0.5302960855
12 0.530341650771
7 0.536078621793
4 0.538661449753
10 0.538848025807
65 0.54911680703
44 0.556126155597
2 0.586685733046
79 0.612483309173
1 0.630929024104
3 0.631661775736
86 0.76471271208
53 0.770766824012
76 0.859055202648
89 0.874461881878
78 0.879274393266
0 0.899983168236
9 0.921211070263
27 0.92848826019
73 0.970415693078
95 0.972996847246
26 1.0123728365
52 1.03035638926
70 1.04781098474
51 1.0736154893
82 1.07788759884
55 1.1035394975
35 1.15268138881
38 1.15299665133
50 1.17177629254
59 1.18359954781
15 1.18460537796
40 1.18865318628
68 1.27867124662
64 1.31479500113
97 1.40624853986
43 1.43025353891
61 1.44187654641
34 1.4554411741
39 1.46567352942
36 1.46906595457
58 1.47458579296
60 1.50857024805
84 1.53112415641
22 1.53182788616
83 1.53983196634
46 1.54804850625
28 1.55621221017
96 1.55768138896
56 1.58607193662
32 1.63663021839
31 1.64247979188
72 1.68713595368
93 1.7207584789
66 1.73478659787
100 1.7456717389
81 1.77048883469
71 1.78639967855
33 1.81748537768
67 1.9152697244
99 1.93444603455
77 1.94299757934
47 1.99506022014
42 1.99995622132
49 2.28544041042
98 2.29299223614
