90 0.133884633241
48 0.136775197602
91 0.137972578877
87 0.138329045457
85 0.140395641403
92 0.142149609129
69 0.146725482106
45 0.14744740458
94 0.147811330509
29 0.14956497682
62 0.149940525175
63 0.150164789533
75 0.152950506409
17 0.154364456597
16 0.154769783722
37 0.156083884495
41 0.157223211186
30 0.159272436867
7 0.160707192214
24 0.160751527493
6 0.160875400557
8 0.161077343873
65 0.162973802345
20 0.16311122647
5 0.163144005479
21 0.163372549327
12 0.163420704411
25 0.163980185275
44 0.165269229093
10 0.166788219839
18 0.167772006619
14 0.168097913834
13 0.168419608038
23 0.168625314006
57 0.168917644033
4 0.16893035319
19 0.169431605764
11 0.169914106366
2 0.174041066745
88 0.174224000942
80 0.174418276118
79 0.175882808302
74 0.177256651876
1 0.184006239251
3 0.184381782542
54 0.186882117305
86 0.220923000469
53 0.224046815634
0 0.252974613804
76 0.258485810042
89 0.268880217587
9 0.276604397389
78 0.28049654788
95 0.282677230438
27 0.283595045177
73 0.312183576607
26 0.314487561553
52 0.316672393639
70 0.338712054138
82 0.340752033766
51 0.348344270294
55 0.355522271367
38 0.358049328193
35 0.368465476712
15 0.376577726775
50 0.37985224846
40 0.380992075683
59 0.389684100184
64 0.410860277036
68 0.414837479269
97 0.460430631874
61 0.470500135083
43 0.472416036786
39 0.486158644312
36 0.494722251621
34 0.49474828445
58 0.499884247701
60 0.504204013227
22 0.513075238368
83 0.520327933979
84 0.523863423359
46 0.526368326248
28 0.528750134021
96 0.540834802292
56 0.553198378005
31 0.555203666951
32 0.57285495406
72 0.586505063043
66 0.600915546692
93 0.607360002487
100 0.617657226928
81 0.623717845524
33 0.625174189028
71 0.643294159642
99 0.684348465909
67 0.689847731227
77 0.698706614131
47 0.714128967568
42 0.714175929841
98 0.830183819713
49 0.849950009563
