54 0.0800970226296
88 0.0804200356329
80 0.0806152076364
74 0.0808498541525
57 0.084383840386
94 0.0891816784448
62 0.0910882578505
75 0.0917927098142
41 0.0919734017529
92 0.0931171066284
45 0.0957196107546
63 0.0958077701129
87 0.097226765506
30 0.100203117067
23 0.100497387451
25 0.100680352225
13 0.102094718904
37 0.102356019455
19 0.102505245243
21 0.104012057947
69 0.105607183736
85 0.10593810923
24 0.107499891287
20 0.108080340049
16 0.108913299523
18 0.108914570443
14 0.110321118762
48 0.110962179485
17 0.111814803862
90 0.112386776741
29 0.113735169428
11 0.114250133395
8 0.1237726831
5 0.127204830747
10 0.133517596188
4 0.133708554642
12 0.136564740349
7 0.137534920145
6 0.137933542724
91 0.138519530894
65 0.143403803806
44 0.144053957519
2 0.149272895968
1 0.152836877009
79 0.153074752399
3 0.157277068109
53 0.167683569674
86 0.169533576399
76 0.190834432997
95 0.194988565503
89 0.197905172124
0 0.204910043105
78 0.209470099611
73 0.210740606186
27 0.211497188294
9 0.213686218676
52 0.217785167121
82 0.221617444291
26 0.2221250056
70 0.229210083245
51 0.230897066408
38 0.23158256712
55 0.233915085876
50 0.239748284611
64 0.239970923058
35 0.240105278033
40 0.242946872803
59 0.24364668681
68 0.244873047721
15 0.250478648099
97 0.255074166153
61 0.263058792608
39 0.270496739083
43 0.27132514831
34 0.277552104476
58 0.277832828569
84 0.279420951926
60 0.279747153557
83 0.279916837998
36 0.280240869036
96 0.282053265363
46 0.286648235853
28 0.288113264202
22 0.288225706252
31 0.293043055192
66 0.293910441099
72 0.295278275093
56 0.29596242582
100 0.299692958961
93 0.301254913867
32 0.303433309336
71 0.312570880995
81 0.3132728918
99 0.315805172332
33 0.31633156203
67 0.322993647596
77 0.330417976036
47 0.335517387589
42 0.33853033787
49 0.363916674297
98 0.366447527275
