91 0.080083010766
65 0.0834581050395
79 0.0844174593035
44 0.084656500228
90 0.0866255916203
7 0.0898826681019
85 0.0918825529039
6 0.0921738886819
86 0.09245083327
48 0.093344690615
12 0.0935516311796
2 0.0945020329552
3 0.094687569635
10 0.0953912309994
69 0.0959557439819
53 0.0961268102281
29 0.0967029672837
87 0.0967503730097
8 0.0971004571903
1 0.0971793849895
4 0.0974284387141
5 0.0975061825654
17 0.100177773084
76 0.100931321592
92 0.101679213684
24 0.102185839689
89 0.102196431222
16 0.102383507971
45 0.102880157208
37 0.103568713884
78 0.103834125517
63 0.104195242181
20 0.10523168104
11 0.105680836716
62 0.10592233161
30 0.106389337823
18 0.106478710505
9 0.106594275176
27 0.106751744913
14 0.106998365052
21 0.107471102833
94 0.107508569223
75 0.107692149606
25 0.108372452489
0 0.109092669131
41 0.109228552606
13 0.109375796047
95 0.110195910252
23 0.110473153655
19 0.111096373142
26 0.114978193361
52 0.116177999837
73 0.118402959158
57 0.11953381628
70 0.119798186817
88 0.120916616634
74 0.121935603573
80 0.121982726462
82 0.123958298502
51 0.124792874721
55 0.126181100781
54 0.126857941215
38 0.129460550053
35 0.13056486675
15 0.133157823587
50 0.133602654198
40 0.135130489331
59 0.137829070965
68 0.148760962309
64 0.150703033856
43 0.164507107308
97 0.164956650613
61 0.168208271723
34 0.170057485856
36 0.170995557187
39 0.171177199925
58 0.172811492348
60 0.174224404247
22 0.177447149751
83 0.181543627799
46 0.18207909696
84 0.182413553218
28 0.183075378115
96 0.18854980703
56 0.189756851757
31 0.194559449218
32 0.194953893122
72 0.205075498822
93 0.212757249817
81 0.215921660065
33 0.218406065007
100 0.219322276614
66 0.219620859618
71 0.224822879005
77 0.244318372537
67 0.245307354954
99 0.247360571795
42 0.249393397849
47 0.250983893445
98 0.295410595207
49 0.30760205553
