91 0.157027263901
48 0.16964678368
90 0.170948435002
79 0.179290784825
85 0.181907534522
65 0.182157172734
44 0.183472798606
87 0.183880291657
92 0.189645972377
69 0.190409414083
7 0.190496901877
29 0.190698603407
6 0.193568280267
45 0.193996006309
94 0.196175072183
62 0.197221909843
63 0.197270642814
12 0.197312539642
17 0.199360864196
8 0.199491223305
86 0.200421782369
75 0.200460338561
10 0.20093595827
16 0.20102050441
37 0.201731994371
5 0.201831182713
2 0.202665886844
24 0.204354690458
41 0.204368152158
30 0.205460001795
4 0.205934585993
3 0.206166458857
20 0.208306859707
21 0.209527244908
25 0.209997015579
18 0.212268054242
14 0.213047067331
1 0.213346611525
11 0.213585095103
13 0.213934525044
23 0.214511333302
19 0.215717569338
57 0.21605342013
53 0.217793622124
88 0.219462367332
80 0.220096930415
74 0.222254078704
76 0.222605408614
78 0.22765420677
73 0.23029780819
54 0.231314566589
89 0.234221230087
95 0.237879552982
9 0.241756228867
27 0.243887888886
0 0.250817599664
52 0.251606070204
26 0.258988156986
51 0.261904276469
70 0.264656788482
82 0.27219184806
55 0.283470176917
38 0.283540519317
59 0.284466787522
40 0.287042994123
35 0.293110736568
50 0.293807575567
15 0.299028673301
64 0.31985153677
68 0.32337696349
97 0.342292532666
43 0.347295255505
61 0.353891725488
39 0.359764016044
58 0.360617803746
34 0.362267649702
60 0.364935084241
84 0.365249006686
36 0.369065360758
46 0.371961893287
96 0.373927569224
83 0.374696379993
28 0.379314290077
22 0.379587990545
66 0.386950803378
56 0.388711029068
31 0.398382164867
72 0.401290851819
100 0.406970104903
93 0.409435164495
32 0.412191258551
71 0.428635810808
81 0.440494969991
33 0.442028219616
99 0.444210359893
67 0.448871056973
77 0.466703722413
47 0.476596469402
42 0.479567196221
49 0.53637292068
98 0.565983954969
