73 0.134593206115
78 0.140742436336
51 0.145381817331
86 0.148636040459
76 0.149059944656
70 0.149411546294
59 0.150717495141
52 0.151475628938
79 0.151750540643
89 0.154234591444
91 0.155928967664
95 0.157621654508
40 0.158446536027
27 0.159454945601
26 0.159733395396
82 0.160496809584
55 0.1635313311
50 0.163890771072
65 0.164464490983
9 0.164677961418
44 0.167982103769
38 0.168021774445
53 0.168044029307
35 0.169576882662
15 0.173518008138
84 0.180128318752
96 0.181684772661
90 0.181976379509
58 0.182686492638
43 0.182703285598
68 0.184752421272
7 0.184920999907
34 0.185434195694
46 0.185587842876
97 0.186583603702
60 0.187948474453
48 0.188057799088
56 0.188747008756
64 0.188845819113
66 0.190453968503
28 0.191690058697
39 0.191918868963
83 0.192036965311
6 0.192214282182
3 0.192257619693
85 0.193295880027
100 0.193514126438
36 0.194213860165
2 0.194682302966
72 0.194988776808
93 0.195295993175
61 0.195716301504
12 0.196566707544
0 0.198130697798
22 0.199287336313
71 0.200244723143
1 0.200587151254
10 0.20066383433
87 0.202444077033
69 0.203327781552
32 0.204179263209
31 0.204907091874
29 0.205351840336
4 0.206331274214
8 0.206455614602
5 0.207383570105
67 0.211326433389
92 0.211504454524
17 0.213087638292
99 0.213959569833
45 0.215107105702
16 0.21725839336
81 0.217592664018
24 0.217946863111
63 0.21832514534
37 0.219453416159
77 0.220072151602
62 0.220167181499
94 0.221484307509
33 0.223359078825
75 0.223961060865
20 0.224211529808
30 0.224834969715
11 0.22626805421
47 0.22644586585
18 0.227376792179
41 0.227510527001
21 0.227894676905
42 0.228154089982
14 0.228351853816
25 0.229263284809
13 0.232095833712
23 0.233844686988
19 0.235154615271
57 0.243724374987
88 0.245957083205
80 0.247462689617
74 0.248431609402
49 0.251365168772
54 0.257621940648
98 0.280102231377
