90 0.0939231966248
85 0.0998159117523
48 0.102172654993
29 0.102566475204
87 0.103685824102
69 0.103907316356
7 0.106088950706
8 0.106169182295
12 0.106501928428
6 0.106673763738
5 0.107278530156
44 0.107450257373
10 0.107546837519
65 0.107980713168
91 0.108279230662
17 0.108692714481
92 0.109060455862
4 0.109515608131
45 0.110030611627
24 0.110340291573
16 0.110558010213
37 0.111558278152
63 0.111994976026
2 0.112480431925
20 0.113595360845
62 0.11386756324
11 0.114371101187
30 0.114573332632
18 0.115016712499
94 0.115346289424
14 0.115503868979
21 0.115818821433
75 0.115854074653
3 0.115859915017
1 0.116394612729
25 0.116877479063
41 0.117705476121
13 0.118263339488
79 0.118301019761
23 0.11951965356
19 0.119935682054
57 0.130179754725
53 0.132614001607
88 0.133394893069
80 0.134367208856
74 0.134954642156
86 0.137102329143
54 0.142041160775
0 0.156225518068
76 0.16707969354
95 0.171191878258
89 0.178855117896
9 0.185490574974
27 0.189739052167
78 0.204816246669
26 0.209222317603
52 0.209327036378
82 0.220144616693
73 0.22357819231
38 0.226291220594
70 0.236546548559
55 0.237306714678
35 0.242502539307
51 0.244494280589
64 0.245172511749
15 0.250056915426
50 0.250888350419
40 0.254879763333
68 0.263068097922
59 0.2702523926
97 0.293760418905
61 0.293975849671
43 0.306604942337
39 0.308662281093
36 0.324051348682
34 0.32666195437
60 0.329455649684
58 0.331525487327
22 0.333197528185
83 0.340968117874
46 0.346632302865
84 0.346780530854
28 0.34843437831
31 0.353504466238
96 0.361596158221
56 0.37079515078
32 0.381044761989
72 0.384330441801
66 0.393631315535
33 0.397528856559
93 0.403448490253
81 0.410140757108
100 0.411206920547
71 0.435579162162
99 0.443748156471
67 0.457928527973
77 0.462639370034
42 0.466172202783
47 0.467223892599
98 0.529010384225
49 0.56573153655
