87 0.358388178101
92 0.360357890404
90 0.361173507032
94 0.362837368557
85 0.362847878066
62 0.366234735664
45 0.369315337817
75 0.371372166082
48 0.371731997058
88 0.372172475254
63 0.373063378981
80 0.37333235101
69 0.374028772504
91 0.374969461792
41 0.375650262873
74 0.375739894919
57 0.376357985703
65 0.377872295828
79 0.378491925984
86 0.381752798737
54 0.383296262892
44 0.385765426914
37 0.386341500398
30 0.388215470425
29 0.389701900756
53 0.393567205698
24 0.393760467274
25 0.393862091523
16 0.394032997892
17 0.394397660108
76 0.395374518518
95 0.396086132832
73 0.396338969674
21 0.397965501633
23 0.398658023704
13 0.39975709213
7 0.399762446452
20 0.401062278305
19 0.403034338394
89 0.404111408987
18 0.406130858627
8 0.406997394931
14 0.409176178637
6 0.410143369557
5 0.412127525278
12 0.412251985556
82 0.412894879715
11 0.413505470768
10 0.413886041129
4 0.419241337344
52 0.419329693377
78 0.420780775698
51 0.424294298997
97 0.42573510476
70 0.426180526191
2 0.42759344582
59 0.428756997306
64 0.433295249476
68 0.434329059929
50 0.434361654308
27 0.434453818448
3 0.435513002712
38 0.435649441787
55 0.435704408171
1 0.436708186434
26 0.437484579719
96 0.438073148843
40 0.439010878672
66 0.442393424363
100 0.443369418438
84 0.444231797748
35 0.447338627289
61 0.448657748152
72 0.451451679803
99 0.451570665123
83 0.452464427957
93 0.453540638281
9 0.453823430894
39 0.454299822423
58 0.456170099687
43 0.460784470876
71 0.461643874499
34 0.462510538786
60 0.463951616481
46 0.465324531117
28 0.467498713755
67 0.468204388696
56 0.472152070674
31 0.472341817087
15 0.472357926375
36 0.4737427891
77 0.483929742424
81 0.484276236612
22 0.485649035925
0 0.487301813075
32 0.487806554838
47 0.49025014231
49 0.496196454969
33 0.496843860447
42 0.500379314707
98 0.525910333866
