59 0.134069034949
78 0.134630352729
51 0.135698483959
70 0.136404544118
73 0.139133543501
96 0.140585040551
84 0.141206849483
34 0.143682332016
58 0.143926019599
60 0.144292910185
56 0.144490632119
46 0.145337430926
32 0.145953790101
83 0.14644141377
72 0.147532608356
28 0.149150080184
93 0.149454074255
100 0.149478806698
50 0.149887622618
40 0.15046831257
66 0.152376457043
36 0.152805279575
43 0.153096241969
71 0.15454020327
55 0.156135574162
81 0.156524300138
22 0.156583476439
35 0.160755050961
31 0.16154113334
67 0.162863419337
97 0.163005694866
39 0.164126010076
15 0.164253806229
99 0.164796373633
77 0.164932764846
33 0.165986950102
52 0.166167035258
42 0.168384260956
47 0.169232682272
26 0.170878373642
68 0.174937637263
61 0.177177776648
82 0.178118072755
38 0.180625383451
89 0.18224236535
27 0.183248144848
98 0.192619661051
9 0.198717840551
49 0.199094719932
76 0.212908684219
64 0.217378120532
91 0.251058920103
95 0.254384998843
86 0.25949773917
79 0.303525139368
44 0.34318720108
65 0.350426020104
53 0.357791960609
0 0.403060263453
3 0.416142140034
90 0.46624834425
2 0.474866780554
7 0.481495642291
6 0.488236072246
48 0.489402560529
12 0.513096034963
1 0.558366496007
10 0.572783884857
29 0.580458868765
85 0.60491729992
5 0.605011193914
8 0.606093403615
4 0.614938042173
87 0.660694313811
69 0.672159409162
17 0.696568603198
92 0.71760171106
45 0.718289517968
16 0.718400966878
24 0.736720946768
37 0.745204458272
63 0.745240615494
20 0.759355456463
62 0.761026670713
94 0.762722309103
11 0.762802919193
30 0.773424806219
75 0.774935701007
14 0.776859741574
18 0.77734431566
21 0.780473853723
41 0.793501748787
25 0.795326229386
13 0.807905788419
23 0.818160828423
19 0.819969257044
57 0.872147988654
88 0.897295235256
80 0.900095815193
74 0.910412893179
54 0.956579917209
