94 0.204897496815
92 0.207021607661
87 0.210818502039
62 0.211853420993
75 0.214922795972
45 0.215971211877
57 0.218268659683
63 0.218680805209
48 0.218807043915
41 0.219818694121
80 0.219923661711
88 0.220744433377
74 0.224476807506
90 0.226200682276
85 0.227970145917
54 0.232587152085
69 0.232984994746
30 0.234136047928
37 0.234634313288
25 0.23958356794
16 0.24005614966
29 0.241083872676
21 0.242930918245
23 0.244157656868
17 0.244684473371
19 0.246705992023
13 0.246791233116
24 0.248777657552
20 0.248943833407
91 0.251665319204
18 0.255591757547
14 0.256865827566
11 0.265002704054
8 0.268483345115
5 0.274587946309
6 0.284480367739
12 0.286584878825
7 0.287502876956
10 0.288257462598
4 0.290334680608
65 0.301585510922
44 0.303035180937
2 0.312358664833
79 0.327221196241
1 0.330357809993
3 0.333739262651
86 0.403178823018
53 0.408630873777
0 0.465097430508
76 0.466030337394
89 0.482660518145
78 0.498213881037
9 0.500939086795
95 0.504149043331
27 0.509893422716
73 0.537856178057
26 0.556672221964
52 0.557183616136
70 0.588414540901
82 0.591222371959
51 0.600469211025
55 0.615966940254
38 0.620708199508
35 0.636764645586
50 0.650353728831
40 0.652588046026
15 0.654098978282
59 0.660671115294
64 0.695080820508
68 0.698414269334
97 0.758659580051
61 0.779679180481
43 0.78507608703
39 0.802332647209
34 0.814703156646
36 0.817574850293
58 0.820223377003
60 0.827806383868
22 0.846119770482
83 0.846388101807
84 0.847995118095
46 0.858052826255
28 0.861850357896
96 0.868675028254
56 0.89513278043
31 0.899324724193
32 0.924759204382
72 0.932027081129
66 0.944703916924
93 0.959654580381
100 0.968092515869
81 0.99023297163
33 0.9983301564
71 1.00778486388
99 1.05733580471
67 1.06870579166
77 1.08741980619
47 1.10960506643
42 1.11310760655
98 1.26659259762
49 1.27847355077
