94 0.128728597956
92 0.131712791479
80 0.13178793597
88 0.132252183155
57 0.13293313163
62 0.133524294763
74 0.134344293028
75 0.135434720023
87 0.135513518079
54 0.13755820394
45 0.137829865405
41 0.138151422839
63 0.139322257362
85 0.147677168995
48 0.148555511354
30 0.149503902217
90 0.150376582311
69 0.150609502912
37 0.15074760261
25 0.152563463433
23 0.154906521744
21 0.155705567651
16 0.155950000366
19 0.156864114518
13 0.157115737484
29 0.159508295565
17 0.15957820134
24 0.160419810449
20 0.160661744902
18 0.164610795383
14 0.165687620992
91 0.170057501763
11 0.171676664245
8 0.177449648531
5 0.181390224519
6 0.189237479456
7 0.18970336551
12 0.189928220532
10 0.190405852516
4 0.191119788998
65 0.195123006731
44 0.197685442833
2 0.206760448791
79 0.210504891958
1 0.217291076142
3 0.220320857384
86 0.252351824239
53 0.255056695812
76 0.283799293239
89 0.290808904903
0 0.297219512198
78 0.297529058994
9 0.307237461481
95 0.308234273404
27 0.308332905837
73 0.31995294342
26 0.332333882845
52 0.332502559634
70 0.343364725668
82 0.347970690323
51 0.350812217499
55 0.359792585808
38 0.368046795097
35 0.373084192251
50 0.3777287984
40 0.381199786757
59 0.381641613117
15 0.384460842956
68 0.405613317486
64 0.410294213519
97 0.436824302741
43 0.450442931337
61 0.450509997957
39 0.459844045906
34 0.461041093158
58 0.464213265518
36 0.465067679494
60 0.471299906731
84 0.478497016131
83 0.479073364736
22 0.482316673957
46 0.485622336487
96 0.486263779151
28 0.487329999669
56 0.500561184629
31 0.510759376088
32 0.515482108832
72 0.522294906883
93 0.53451964502
66 0.538366056168
100 0.540797009754
81 0.550638716646
71 0.555971243304
33 0.562513557489
99 0.592418311757
67 0.593499756054
77 0.600012121284
47 0.614566783486
42 0.616746707991
98 0.698945634064
49 0.702957426975
