73 0.181824027238
91 0.18363720943
78 0.185336069645
51 0.193135388265
70 0.193970069121
89 0.195366104014
76 0.197676532832
59 0.197746031351
79 0.197753726507
86 0.199823322202
52 0.200033471347
65 0.205000867953
82 0.205356799845
27 0.205628982372
26 0.207111356038
40 0.207197915643
55 0.207380894462
50 0.208373495964
44 0.208957575575
95 0.209625585064
9 0.214055321542
35 0.214293222352
90 0.214872640414
38 0.216167667115
96 0.217311435885
84 0.219192238312
97 0.220219621615
53 0.220257895883
48 0.222148638396
68 0.22229076887
15 0.22234097636
58 0.222627179779
34 0.225680362621
100 0.225689914665
83 0.226218125965
43 0.226351318835
60 0.227043707563
66 0.227814379572
46 0.227889883732
72 0.228891657935
93 0.229123581719
56 0.229734999771
28 0.230463142058
7 0.230492052407
85 0.231371135014
71 0.231603490653
39 0.231946879662
36 0.233010114482
64 0.23347443047
61 0.233863404447
87 0.235761121775
6 0.236356037112
32 0.239545807486
22 0.239708263848
3 0.24017727048
99 0.240949610937
12 0.241431641032
67 0.241778703026
2 0.242230914192
31 0.242647925716
29 0.242996188616
92 0.243052851829
69 0.243175149837
81 0.246683696906
45 0.248835215267
77 0.248982173601
10 0.249266833794
94 0.250563525708
8 0.251929029884
62 0.252326350171
63 0.252933117315
5 0.253326810524
1 0.253456438977
17 0.254621210306
4 0.255453478079
47 0.255515014992
0 0.255767477381
75 0.25644485822
16 0.257443910706
33 0.257885232966
37 0.258706158685
42 0.25892925644
41 0.261291284486
24 0.261419553709
30 0.263496278346
20 0.266893878173
49 0.267900487235
21 0.268723446373
25 0.26921037757
18 0.2718322723
14 0.272853744079
11 0.272893923531
57 0.273014267401
13 0.274133447028
23 0.274815337917
88 0.275662778142
80 0.276308869515
19 0.276500359307
74 0.279067730699
54 0.288964340325
98 0.291615850863
