90 0.0722189194132
91 0.0724429030937
85 0.0753113340715
48 0.0753615098988
87 0.076339940472
69 0.0791611938815
92 0.0795293101302
29 0.0805901128509
45 0.0814115128268
63 0.0829718124424
17 0.0834692234105
62 0.0835176734839
94 0.0836804830868
16 0.0841513919539
37 0.0847513910406
7 0.0848380792133
75 0.0851850025795
6 0.0854449348976
65 0.0854926458459
8 0.0856577797484
44 0.0859051507149
24 0.0859627141996
12 0.0865107747892
5 0.0866436893859
30 0.0867179059108
41 0.087024257562
20 0.087836517137
10 0.0880281961854
21 0.0884826326522
25 0.0889162125316
4 0.0893210280567
18 0.0898326215155
14 0.0901055058385
11 0.0905493458055
13 0.0907493232241
23 0.0911815307169
79 0.0915035835753
19 0.091611671402
2 0.0917179073671
57 0.0949909964333
3 0.0964307852923
88 0.0972021765883
1 0.0973586358434
80 0.0977739536518
74 0.0985125256605
54 0.103523760556
86 0.115768888666
53 0.119195586413
0 0.134642190517
76 0.136597023568
78 0.141262952855
89 0.14273055528
9 0.143008863246
27 0.148385198068
95 0.15519566677
73 0.163392285409
26 0.165702337586
52 0.168785328643
70 0.177413917707
51 0.18238892347
82 0.185754600405
55 0.190359174957
38 0.195204977818
35 0.198309900122
15 0.200228966001
40 0.204177373782
50 0.205070311638
59 0.207476449586
68 0.233649893329
64 0.234648320521
43 0.261463936957
97 0.264139991838
61 0.268584085613
34 0.273135912944
39 0.274288870018
36 0.274838722228
58 0.277146462864
60 0.280821004559
22 0.285697068561
46 0.291739449697
84 0.292315002503
83 0.294171397978
28 0.295322602299
96 0.303340759415
56 0.305177865793
31 0.315650165866
32 0.318600881452
72 0.332353901464
66 0.342052442135
93 0.343088989236
100 0.350377363021
81 0.354880829466
33 0.3577362551
71 0.362175286345
67 0.392446797308
99 0.396966338245
77 0.397812640761
42 0.407302406991
47 0.408905823692
98 0.490026629304
49 0.491280151382
