89 0.0959713854265
82 0.0966128903542
55 0.0978762985749
68 0.099091156
50 0.0992274537276
35 0.100018341639
70 0.100621738113
38 0.100777753872
52 0.101144611882
26 0.101771185485
97 0.102937117556
27 0.103844883649
64 0.105050099454
61 0.105520122782
76 0.105937503331
78 0.106314491875
40 0.106439231268
15 0.106769934367
51 0.108177727305
39 0.108853052314
43 0.11135031986
59 0.111378915683
73 0.112594052069
36 0.113108110567
95 0.113577060205
9 0.114135218815
34 0.115238602207
60 0.116466805885
22 0.116591920566
83 0.117187961959
58 0.117579092185
31 0.121237998085
28 0.12205705301
86 0.123664390402
84 0.124943922181
46 0.12511780479
96 0.129719356384
32 0.132378674849
56 0.134049324168
33 0.134978886129
72 0.137047186785
81 0.140639518114
79 0.146082784572
91 0.146802083776
93 0.147601802715
53 0.149905342975
66 0.153019154437
100 0.154678515296
65 0.161107214704
44 0.163391076556
71 0.164101331877
99 0.164649381866
42 0.170005590263
47 0.170973388151
77 0.17118397764
67 0.175468390373
0 0.175752780312
98 0.184985214168
3 0.198794044289
2 0.221291268615
7 0.221371340641
90 0.227233510225
49 0.229576067241
6 0.229642379037
12 0.239311304503
1 0.245520744252
48 0.255436871878
10 0.263708390966
4 0.279042183892
29 0.281925172974
5 0.28222568683
85 0.283137552775
8 0.285114727076
69 0.31267945146
87 0.315075026097
17 0.32532655188
16 0.338162640257
92 0.344290131909
24 0.345026062121
45 0.346314519825
37 0.353294740061
11 0.355891104786
63 0.357542802965
20 0.357825196717
14 0.365368559282
18 0.365599786259
62 0.367966756633
30 0.368954165262
94 0.371184369155
21 0.371239335473
75 0.375459877275
25 0.379754509111
41 0.384699833714
13 0.385509243934
23 0.391697981422
19 0.391768790417
57 0.43198828099
88 0.446188482365
80 0.448339471555
74 0.452629625194
54 0.477763560294
