85 0.013437709684
87 0.0136573484311
90 0.0137188453319
69 0.0140100293148
92 0.0140344787892
45 0.0142986026931
62 0.014441021297
94 0.0144972367057
63 0.0145166044964
75 0.0147097297761
29 0.0147985549451
37 0.0148272867145
24 0.0148644343202
41 0.0148869965524
17 0.0149394893305
16 0.0150295503243
30 0.0150422157076
65 0.0151355169921
25 0.0152907122889
20 0.0153249206899
21 0.015351491234
8 0.0154329428761
48 0.0154329665773
13 0.0154692831449
7 0.0154784700983
18 0.0155002581909
44 0.0155158181988
23 0.015539352035
5 0.0155616074604
14 0.0156168153402
57 0.0156608332138
11 0.0156634297491
19 0.015681351166
88 0.0157090946883
10 0.0157532337816
4 0.0157788794115
80 0.0158149618563
12 0.0158181794343
74 0.0158847052646
53 0.0159285535846
6 0.0160189158034
54 0.0164810793501
79 0.0166205547886
2 0.0168798873584
1 0.0169177881319
91 0.0172993336641
86 0.0175104176727
3 0.017610126111
95 0.0194532520861
76 0.0200994173925
89 0.0213094975604
0 0.0216587805673
27 0.0236995415314
82 0.023858257725
9 0.0243236312673
64 0.0244273049928
52 0.0248200906159
26 0.025075839221
38 0.0252779483321
78 0.0260753052045
73 0.0263571205555
68 0.0264678470594
55 0.0265407819459
35 0.0271783182514
70 0.0275089028476
50 0.0275435873953
97 0.0284758938415
51 0.0284898213497
40 0.0287994283776
61 0.0288505025022
15 0.028989602225
59 0.0302780942203
39 0.0307975628227
43 0.0320052422288
36 0.0331504804982
34 0.0336079039473
83 0.0337801646065
58 0.033926462918
60 0.0340194324382
22 0.0341744691121
31 0.0346432239002
84 0.0349986547604
28 0.0351945825482
46 0.0356248383936
96 0.0358270464474
72 0.0375986508322
56 0.0377541087684
32 0.0382391145145
33 0.0384004157786
66 0.0385309179725
93 0.0394037882558
81 0.0394407851413
100 0.039877441285
99 0.0416279007523
71 0.0423619097981
67 0.044035423147
77 0.0444208860234
47 0.0445776982267
42 0.0449198594408
98 0.0476451783746
49 0.0525500314716
