88 0.0111113145632
80 0.0111666060872
74 0.0111819390082
54 0.0111981966598
57 0.0115821639954
94 0.0120280349953
62 0.012194372955
75 0.0123254135528
41 0.0123320839812
92 0.0124245776339
45 0.0127386341502
63 0.0127777483365
87 0.0128867279029
30 0.0133458183573
23 0.0134007045796
25 0.0134077761438
13 0.0135715047885
37 0.013597218882
19 0.0136597941408
21 0.0138375028045
69 0.0139195829637
85 0.0139291656987
24 0.014188560587
20 0.0143542208353
18 0.0144467964526
16 0.0144825597548
14 0.0146396683685
17 0.0148530767455
11 0.0151417683346
90 0.0152014777015
29 0.0152589019371
48 0.0157682278785
8 0.0166277050428
5 0.017061313734
4 0.0179188288419
10 0.0180416685039
12 0.0185915133142
7 0.0188207024303
6 0.0189712786234
65 0.0200578280247
44 0.0202200626645
2 0.0206598939842
1 0.0208678534374
91 0.0209227479125
3 0.0221047163497
79 0.0222702467579
53 0.0234120084326
86 0.0249805366206
76 0.0291056042909
95 0.0291829128928
0 0.0296821589038
89 0.0306342951402
27 0.0331940608737
9 0.0334652169749
78 0.0347006798266
52 0.0349721559219
82 0.0350293066749
26 0.0353474550161
73 0.035469923179
38 0.03670337917
64 0.0373125880718
55 0.0377983575926
70 0.0379204561744
35 0.0387175411223
51 0.0387698042157
50 0.0391659623002
68 0.0391756652492
40 0.0401653369686
15 0.0406560336505
59 0.0413445266137
97 0.0418218659573
61 0.0426432416646
39 0.044611533894
43 0.0452751250665
36 0.0468638881138
34 0.0469963550944
58 0.0473062371229
60 0.0474345093431
83 0.0475921970929
22 0.0482548739583
84 0.0483319758197
28 0.0491251955197
46 0.0492315478626
96 0.0492490687948
31 0.0493735111577
56 0.0515276741842
72 0.051645768037
66 0.0522788206922
32 0.0524909906406
93 0.0534436484536
100 0.0536900079734
33 0.0540481354867
81 0.0544621685118
71 0.0564118728685
99 0.0565642592917
67 0.0585621956769
77 0.0594391239912
47 0.0600645928029
42 0.0604584886807
98 0.065102141974
49 0.0680357233643
