80 0.146499490408
88 0.148033777758
74 0.150405842673
54 0.15052865247
57 0.152334102029
94 0.160251705048
62 0.169691926525
75 0.171204966482
92 0.172378023853
41 0.173738889086
45 0.181238762966
63 0.182686690346
87 0.184836506972
30 0.19805992923
25 0.201059763068
23 0.202750229827
37 0.204023984634
19 0.205971737676
13 0.208243756962
21 0.208679191761
48 0.211998087309
85 0.212926890256
69 0.213820664018
16 0.21697823844
20 0.220875058936
90 0.221867538214
24 0.2234931635
18 0.226209735311
17 0.226588715747
29 0.227549047347
14 0.228059994366
11 0.24115540055
8 0.263507867575
91 0.265178129491
5 0.271278088439
4 0.291778320455
10 0.292122596291
12 0.293300059096
6 0.294599836773
7 0.29908685734
65 0.316977857912
44 0.317510081864
2 0.326864811367
1 0.347013166655
79 0.348938742474
3 0.351649768758
86 0.425114170392
53 0.428907743696
76 0.482111105449
89 0.494028030108
78 0.497715253338
0 0.499698065692
9 0.518292137332
27 0.522954988565
95 0.529148813833
73 0.536716801273
26 0.564560925928
52 0.567529230237
70 0.582392193535
51 0.593285202083
82 0.594432154183
55 0.611953140792
38 0.628958066475
35 0.635148395916
50 0.642977215821
59 0.646361707769
40 0.648437180479
15 0.653740503436
68 0.692244512265
64 0.703115888198
97 0.745314314032
43 0.766160060602
61 0.768847867563
34 0.782167162814
39 0.782995621819
58 0.787473094032
36 0.790053560838
60 0.800235497396
84 0.808525837776
83 0.813191586464
22 0.819479643741
96 0.820415717271
46 0.821839501796
28 0.826216623391
56 0.844378295662
31 0.866515762306
32 0.870862748576
72 0.879201507286
66 0.895997046671
93 0.896762538355
100 0.902558536465
71 0.928300956801
81 0.928699629497
33 0.951316207506
67 0.98599362511
99 0.986749034929
77 1.00240975972
47 1.02722296092
42 1.03207519014
49 1.1522188763
98 1.16746977474
