91 0.130022611122
90 0.139703667216
48 0.141067876156
79 0.143531891523
85 0.145292600092
87 0.145441322059
65 0.145638634313
44 0.147929142432
92 0.148444285503
69 0.151284301278
94 0.152038200531
45 0.152277439473
62 0.153199175173
63 0.154409606617
29 0.154503651187
7 0.154560795855
86 0.155625415416
75 0.155660791837
6 0.157764226571
41 0.158318175652
17 0.158937583765
37 0.159003677528
16 0.159683861413
78 0.160019328526
12 0.160368343196
30 0.161138881304
8 0.161494511559
24 0.161773348996
10 0.162944142398
73 0.163140872125
5 0.163291362273
57 0.16391770991
25 0.164366598848
2 0.164656683207
88 0.164731760061
76 0.164733044952
20 0.16478780738
21 0.164809884735
80 0.165229013901
4 0.166199691184
74 0.166669466019
13 0.16741720634
23 0.167444910115
3 0.167449848114
18 0.16774292343
53 0.168101481727
14 0.168555576173
89 0.168706198457
19 0.16871852872
11 0.169665025186
1 0.171709306942
54 0.172142922177
27 0.175949878982
9 0.177983692376
95 0.178030652289
51 0.178760233613
52 0.178951589656
70 0.179471735571
26 0.183248914327
82 0.189767188744
59 0.190504784034
55 0.193419687656
0 0.194603035935
40 0.196009651782
50 0.198871994097
38 0.199494240238
35 0.200622775161
15 0.205490203536
68 0.219637943692
64 0.225020349896
97 0.229084456376
43 0.229724354227
58 0.232706121512
34 0.233625934007
84 0.234592080993
96 0.237220456885
60 0.237528352863
39 0.238628253342
61 0.238743182264
46 0.239915468128
36 0.239969053165
83 0.242332131105
28 0.244198209323
56 0.245124739078
22 0.2477000284
66 0.25402316366
72 0.254569009278
100 0.256721395034
93 0.257171440951
32 0.258198959926
31 0.259412444394
71 0.264307961612
81 0.275545960478
67 0.280108272881
99 0.282593989609
33 0.283523689741
77 0.288097420469
47 0.296183216686
42 0.297888618993
49 0.328486555338
98 0.350294045872
