79 0.0888462517841
91 0.0899752907792
86 0.0908882319745
65 0.09234549684
44 0.0944927645706
76 0.0964487424014
53 0.0980066862629
89 0.0985263697224
78 0.0997487724163
95 0.102653743628
27 0.10274299963
9 0.103553828489
7 0.106571439847
52 0.107758189312
90 0.108069557438
73 0.108084246006
3 0.108331246952
26 0.10893472477
6 0.11092465907
2 0.111013575486
0 0.112505354958
70 0.113086351443
12 0.113682061161
1 0.114328114149
51 0.115751872269
82 0.115917909943
10 0.118086911417
48 0.118985412282
85 0.119251525602
55 0.119386798244
38 0.119818701246
4 0.121559928109
35 0.123007354991
5 0.123758623173
8 0.12428076396
40 0.124625980159
50 0.125036839967
15 0.125377534639
29 0.125594010572
59 0.127037566725
69 0.127101659306
87 0.12936297468
17 0.132823803449
16 0.137163364029
64 0.137957528993
24 0.138098432797
92 0.138512827882
68 0.13924021931
45 0.14039869699
37 0.141257455997
11 0.142354304851
20 0.142948498957
63 0.143056129435
18 0.145183130336
14 0.145495562818
30 0.14658144183
62 0.146683328081
21 0.147576236963
94 0.148678596897
75 0.149547843806
25 0.150076593737
13 0.151825688885
43 0.152374083417
41 0.152546073874
97 0.152992762475
23 0.153949127326
19 0.154242356213
61 0.155627811517
39 0.158861666758
34 0.159903781803
36 0.161307507398
58 0.161624631617
60 0.162127512309
22 0.166289209997
46 0.168691163729
84 0.168813033038
83 0.169818481876
57 0.170425106098
28 0.171198001765
88 0.174614509128
96 0.175806727848
80 0.175865372455
74 0.176574792273
56 0.17814455475
31 0.180496728937
54 0.185273924608
32 0.18583827754
72 0.190415258072
66 0.195132230174
93 0.197876705502
100 0.201797927649
33 0.203624876833
81 0.205484931088
71 0.211220464513
99 0.225989892025
67 0.226375420682
77 0.229726810977
42 0.233482709139
47 0.234760763386
98 0.281519547504
49 0.28634947123
