89 0.13141293943
82 0.135573704941
70 0.135790739279
76 0.136828766639
55 0.138395833725
78 0.139484271405
52 0.139522582308
50 0.140019811785
95 0.140099101173
51 0.140966284226
73 0.141413783415
26 0.14229415299
68 0.142415535746
27 0.142486572702
35 0.14251063765
59 0.143058813982
86 0.143966497268
38 0.144077396056
97 0.144910328101
40 0.144965987435
64 0.149126615956
53 0.149822396605
15 0.150690633392
79 0.151612037672
61 0.152095844499
34 0.152734808008
58 0.152983454042
43 0.153267228123
9 0.153319834309
39 0.15373428033
83 0.154161183119
36 0.154362688761
60 0.154748581031
65 0.154937292621
84 0.155958581754
96 0.156217392975
28 0.158465520432
22 0.159724995215
46 0.159846486898
91 0.160539674518
44 0.161531387173
56 0.162450588268
32 0.163587233808
31 0.164828779542
72 0.165486358313
93 0.169485859486
81 0.171487992556
100 0.172431925451
71 0.175260230648
33 0.177378162337
66 0.178252653351
0 0.181920979398
90 0.182739537038
7 0.184148520612
77 0.186671104921
99 0.187001123361
67 0.187923501881
3 0.189769247888
47 0.191261619741
42 0.191648165755
6 0.192800775039
2 0.193385749326
12 0.196520119874
85 0.196637316415
1 0.197568011288
10 0.204473517427
48 0.205355408118
87 0.208730583019
4 0.208754506604
69 0.209752276702
29 0.211106294317
5 0.21182928709
8 0.212891706124
98 0.213919532661
92 0.22005130403
17 0.220528529494
49 0.221060222841
45 0.224492905692
16 0.225831497092
24 0.228068906348
63 0.228742229733
37 0.230063221254
62 0.23125577778
94 0.232123833655
20 0.235273428794
75 0.235782595849
30 0.236850343302
11 0.237203554242
18 0.239382058186
14 0.24009847719
21 0.240115811684
41 0.240406046124
25 0.242399695292
13 0.246017660992
23 0.248234331195
19 0.24927727236
57 0.260047055923
88 0.264115578047
80 0.265445789115
74 0.26731338818
54 0.278705189777
