94 0.158469165908
80 0.159797801238
88 0.161262747338
57 0.16162223851
74 0.164533874993
92 0.165381272784
62 0.167319937854
54 0.16855650349
75 0.169869435133
87 0.173107026444
41 0.173870542706
45 0.17488475373
63 0.177580786318
30 0.193790904118
85 0.194743134553
48 0.196351253478
37 0.196981231593
25 0.198256795666
90 0.198517474858
69 0.199148631637
23 0.201961326594
21 0.203571155451
19 0.204041965732
16 0.20522699963
13 0.206263834036
29 0.21092294246
17 0.212480512826
20 0.212910264846
24 0.21414535173
18 0.219312420123
14 0.220348757315
91 0.229903225537
11 0.231339104873
8 0.24412485312
5 0.249843686243
12 0.264365350855
6 0.264656608184
4 0.266753934297
10 0.266893072694
7 0.267324215067
65 0.27613829781
44 0.279220402277
2 0.292786887779
79 0.306871266528
1 0.313217562161
3 0.315189771506
86 0.380225255016
53 0.382207930097
76 0.428829890203
89 0.437905468363
78 0.442750543459
0 0.44825300812
9 0.461564188005
27 0.465165709026
95 0.481636559132
73 0.485610026691
26 0.506040707212
52 0.513602059607
70 0.52446855267
82 0.536577396215
51 0.53683549038
55 0.550970129382
38 0.572794449989
35 0.574783523561
50 0.583683501555
59 0.590486718837
15 0.591061020377
40 0.592141576101
68 0.63433860347
64 0.649397293856
97 0.695893630604
43 0.709673231471
61 0.713338064088
34 0.722805261006
39 0.725982008992
36 0.729455319914
58 0.731883868648
60 0.747934115222
84 0.759013809625
22 0.759887269591
83 0.762656150308
46 0.767801810493
28 0.771680598027
96 0.772199583378
56 0.787424050609
32 0.811926994062
31 0.812542373826
72 0.835014731539
93 0.852088572404
66 0.85885346719
100 0.864317351171
81 0.876336631459
71 0.885166300987
33 0.898399703366
67 0.947976865292
99 0.955872308642
77 0.961012419433
47 0.986168931179
42 0.988683958402
49 1.13010755568
98 1.13014082753
