59 0.128670233001
96 0.13176943182
70 0.132280343083
51 0.13260689749
84 0.132819928617
58 0.135584601664
56 0.137381615999
73 0.137470343034
46 0.137665242022
40 0.137681282146
34 0.137976291794
60 0.138066345193
50 0.1382951992
83 0.139226126292
72 0.13937390997
93 0.139962900991
28 0.140257073506
100 0.14057213959
43 0.141330132678
55 0.142429851278
71 0.142503201121
97 0.143438252674
32 0.143577369884
78 0.143667556566
52 0.14468200003
36 0.145064218115
82 0.145565605072
35 0.146482889395
66 0.146763646729
39 0.147696649779
22 0.14852947791
68 0.150352580955
31 0.150729519376
81 0.151483565212
38 0.151860069506
67 0.152561508183
15 0.152593708902
26 0.153151361468
61 0.153657846333
77 0.154109831879
89 0.154230248258
99 0.154990845285
47 0.1590517954
33 0.159135552294
42 0.159224184884
27 0.161242450629
76 0.162895760133
64 0.164036099275
95 0.169079295449
9 0.176605285336
49 0.182388965065
86 0.185311351432
98 0.193625692439
79 0.209484944061
53 0.212813662696
91 0.227150887357
65 0.231226098957
44 0.23955453015
0 0.245095260478
3 0.280277200584
7 0.285044249662
2 0.293909554291
90 0.29643883355
6 0.298799029564
1 0.302117864811
12 0.30763729316
10 0.322061388392
48 0.323816037867
85 0.329350804875
4 0.332398296995
5 0.340333299828
8 0.342314222081
29 0.34613519971
69 0.350692030951
87 0.354980863072
17 0.366130558763
92 0.377041099752
16 0.377304630731
24 0.380647188673
45 0.383176611994
37 0.387583290669
63 0.390019497817
11 0.392493328181
20 0.393134579058
62 0.397334605677
18 0.399333329026
14 0.400169811411
94 0.400653802802
30 0.400687029345
21 0.404300603405
75 0.404769199902
25 0.40993473759
41 0.412520656906
13 0.415336585677
23 0.42012317701
19 0.421070782704
57 0.451734705604
88 0.46037783635
80 0.462950549651
74 0.465557134612
54 0.485930065273
