91 0.142173133014
90 0.152661376265
65 0.15465061846
79 0.156540156122
44 0.158361365745
85 0.160068258803
87 0.160934360506
48 0.161202842501
92 0.164684046398
86 0.166912744695
78 0.167829033517
69 0.168071156484
94 0.168878904392
7 0.169277904137
45 0.169372376325
89 0.170008709824
62 0.17078075988
76 0.170951259588
29 0.17101208662
63 0.172220821968
6 0.173274226168
75 0.173714634784
53 0.175413718826
12 0.175724473985
73 0.176191922873
17 0.176807270423
41 0.177075488638
16 0.177769366498
37 0.177836405444
8 0.179938519818
2 0.179949830821
30 0.180475919358
27 0.180504525468
10 0.180654338962
5 0.180955085924
24 0.181204902225
70 0.182310105574
3 0.182407651679
57 0.183428704409
4 0.183486870524
25 0.184463493039
20 0.184565211677
21 0.184705431635
88 0.18513899172
80 0.185403652838
9 0.185886299392
51 0.186100713948
52 0.186120700387
95 0.186157372137
26 0.186981584058
74 0.1875802676
1 0.187793869269
18 0.188298755141
23 0.188402347394
13 0.188414330448
14 0.18897057985
19 0.189515327526
82 0.189735432972
11 0.190218208887
55 0.192287780575
54 0.19420947656
59 0.19674463329
50 0.198375361257
35 0.19989363385
40 0.201139908966
38 0.202191106555
0 0.206610362278
15 0.20718258826
68 0.213713372555
64 0.223411460225
97 0.223864546
43 0.228147358026
34 0.228447759975
58 0.229440711825
36 0.233108715708
61 0.233139616939
39 0.233462627055
84 0.233796272384
96 0.234966991608
60 0.234979915263
83 0.237147293042
46 0.238800492349
28 0.239897785918
56 0.241697141403
22 0.241906667779
32 0.249025780478
72 0.251735837842
31 0.253377962412
93 0.25524255987
100 0.258073011801
71 0.262020515273
66 0.262876547634
81 0.264779290611
33 0.275020040101
67 0.280565442554
77 0.283154568396
99 0.283159080939
47 0.29104054691
42 0.292351491716
49 0.328043864117
98 0.332947267293
