88 0.0130490945877
80 0.0130780429697
74 0.0131588505636
54 0.0132997787169
57 0.0133933930201
94 0.0135873200719
62 0.013845453502
92 0.0139868705406
75 0.0140015832309
41 0.0140708858881
45 0.0144351675645
63 0.0144693537308
87 0.014516929225
30 0.0151810010524
25 0.0152975739288
23 0.0153452453588
37 0.0154370542939
13 0.0155429390225
19 0.0156036151826
69 0.0157406250041
21 0.0157409850592
85 0.0157586878815
24 0.0161767320597
20 0.0163058634934
16 0.0163194893743
18 0.0164673558303
14 0.0166580747283
17 0.0167445547174
11 0.0172427769733
29 0.0174651273686
90 0.0174763561629
48 0.0182574456666
8 0.0190188551378
5 0.0194806648001
4 0.0203991739964
10 0.0206876771655
12 0.0214210041695
7 0.0216285586884
6 0.0218864229498
65 0.0234636257401
1 0.0238498346245
2 0.0240012083623
44 0.0240521814348
91 0.026207172461
3 0.0262844160859
79 0.0266386788619
53 0.0270508199134
86 0.0302986323703
95 0.0345552721168
0 0.0350439256696
76 0.0356251253723
89 0.0379774862323
27 0.0420714008388
9 0.0427501971724
82 0.0430278724631
64 0.0443872695001
52 0.0444845196662
26 0.0450064771221
38 0.0457479443869
78 0.0466504951427
73 0.0468544432633
68 0.0477275503902
55 0.0479237693105
35 0.049095473805
70 0.0494495379227
50 0.0499168432172
97 0.05094267306
51 0.0511380721283
40 0.0517975947268
61 0.0520156485674
15 0.0522466326095
59 0.0543247914188
39 0.0554858734922
43 0.0576519045976
36 0.0594779580176
83 0.0603443628863
34 0.0604584435707
58 0.0607232433248
60 0.0610114857527
22 0.061379324218
31 0.0620205250784
84 0.0625388335612
28 0.0627615716701
96 0.0636854192511
46 0.0638690454488
72 0.0666426454365
56 0.067382359585
32 0.0682138332163
33 0.0683755653738
66 0.0684669656531
81 0.0694840412401
93 0.0696585765758
100 0.0704101862042
99 0.0729106842334
71 0.0743417236498
67 0.0773012519534
77 0.0778950658273
47 0.078128513817
42 0.0789607368847
98 0.0822271538807
49 0.0906324151727
