70 0.0903499984438
55 0.0926662983309
50 0.0927482687782
78 0.0942459884222
52 0.094844666407
35 0.0948633109529
82 0.0950833317044
89 0.0953916171717
51 0.095436772883
40 0.0965078735654
26 0.0965405053964
38 0.0977900776689
59 0.0979799434515
15 0.0994036875728
27 0.100318231104
73 0.100356060206
68 0.100504233356
97 0.103195920991
43 0.103770583869
39 0.105950708827
76 0.106259682762
61 0.106386787731
34 0.106856086622
36 0.107766596542
60 0.107868752838
58 0.108527614616
64 0.109253468685
9 0.110378290199
22 0.110570352333
83 0.111360670163
46 0.113459351092
84 0.11354747521
28 0.113693058405
31 0.116450609265
95 0.11728806829
96 0.118440704122
56 0.121028200446
32 0.123360547165
72 0.126069929688
86 0.127423147669
33 0.129733462761
93 0.134405848914
81 0.134822907133
66 0.136584840903
100 0.139502654494
71 0.148777779423
99 0.151853255554
91 0.151997739548
79 0.153107973864
42 0.157131336662
77 0.157700479164
47 0.158491625414
67 0.158594445424
53 0.161116015647
65 0.172869362082
44 0.174942195042
98 0.184535737595
0 0.185829980662
49 0.210722490454
3 0.213969369322
2 0.239467781894
7 0.239603417128
90 0.247737880081
6 0.249069220303
12 0.260041937395
1 0.264893825648
48 0.27800344176
10 0.286349532186
4 0.303028774066
5 0.307556202389
85 0.308429524465
29 0.308473269617
8 0.310696077026
69 0.339523835113
87 0.343312183042
17 0.353980466803
16 0.368267562681
92 0.374952842926
24 0.37531823199
45 0.377913234686
37 0.384705267765
11 0.387465313423
63 0.389573229483
20 0.389752432747
14 0.398049883106
18 0.398184909943
62 0.401052248711
30 0.402032536667
21 0.404713316694
94 0.404808910591
75 0.409417780936
25 0.413956004084
41 0.419594760584
13 0.420371551125
23 0.427207953886
19 0.427316706662
57 0.471812923402
88 0.487041238474
80 0.489609818043
74 0.494170585574
54 0.521871131116
