91 0.102734765389
90 0.119495128421
44 0.120992757658
65 0.121046144776
79 0.1214247462
48 0.12335887783
7 0.131148559106
6 0.13259542599
85 0.134422445136
86 0.135383057344
12 0.135615029652
3 0.13630971453
29 0.137030429685
2 0.137175274306
87 0.139538771197
10 0.140975005549
69 0.142000940152
8 0.142412325547
5 0.143390371659
4 0.145561427356
53 0.146248576202
1 0.146396167216
92 0.146709003197
17 0.148057704
45 0.149259692837
16 0.150801600057
76 0.151120657324
63 0.152285863067
37 0.153411258668
24 0.153462570578
62 0.15420125952
94 0.15436198982
89 0.156367286628
75 0.15688954876
20 0.157214042579
30 0.157743521651
11 0.159472773749
78 0.159658217425
21 0.160085643326
18 0.160307974046
41 0.160354465548
14 0.160711365361
9 0.161607299515
25 0.161701425338
95 0.162473231734
27 0.163546712034
13 0.164626873198
0 0.165455809306
23 0.165879343476
19 0.16645089429
73 0.170812532186
57 0.174650646921
52 0.174671834243
26 0.176394909342
88 0.179076451716
80 0.17980581345
74 0.181495831309
70 0.186781750342
82 0.187617548989
51 0.18967297071
54 0.190493143324
38 0.194355166511
55 0.195563718309
35 0.201391546225
40 0.204359756258
50 0.205045538027
15 0.206244419309
59 0.208493034831
64 0.219016837506
68 0.222725674994
97 0.241714493176
61 0.246901680119
43 0.247275173074
39 0.253822382314
34 0.259788415371
36 0.261168399917
58 0.26135786516
60 0.262205029073
22 0.269010260955
84 0.26988393593
83 0.270526157695
46 0.27212943366
28 0.275175972729
96 0.278920458615
31 0.285613796265
56 0.287399609539
72 0.298723423566
66 0.298928472709
32 0.2993243004
93 0.309567667826
100 0.312078392255
33 0.319134351083
81 0.322382349851
71 0.32936646797
99 0.340367755582
67 0.347070341719
77 0.354868726283
47 0.36071528327
42 0.361222300351
98 0.418469353301
49 0.424474427182
