91 0.190064329861
90 0.207141248143
48 0.207615912915
87 0.216841793571
85 0.217938112519
79 0.218055934008
65 0.219642398737
92 0.220808141724
44 0.221880614589
94 0.225437462379
45 0.226837668812
69 0.227014375119
62 0.228132916026
29 0.229482108778
63 0.230257518283
75 0.231727467233
7 0.232363332034
6 0.23588981212
41 0.23607102466
86 0.237454608052
17 0.237826561057
37 0.237903231169
16 0.23860247752
12 0.239803147964
30 0.240994455225
8 0.241776011096
24 0.242963067908
57 0.243760566103
5 0.244474884524
10 0.244696833912
78 0.244756069909
88 0.245999527642
25 0.246113212671
80 0.24632650807
2 0.24667833767
21 0.246689885624
20 0.246904094729
73 0.246998658959
74 0.249213365823
4 0.249711868735
3 0.250436328062
23 0.25103542735
13 0.25117430319
18 0.251721919315
76 0.252731002857
14 0.252770821856
19 0.252771467016
11 0.254750987664
53 0.256999461872
54 0.257965390773
89 0.258530876292
1 0.258731359294
27 0.269608405716
9 0.271440978777
95 0.273047165021
51 0.274871185318
52 0.275124178325
70 0.277351030526
26 0.281243515459
82 0.291748292975
59 0.29325543608
0 0.294896142941
55 0.297804676996
40 0.301462795446
38 0.305277362524
50 0.305873994497
35 0.308090599975
15 0.315743423692
68 0.33491271882
64 0.341111819209
97 0.34910611617
43 0.351893871174
58 0.357682007909
84 0.358594767071
34 0.358654503244
61 0.362767837557
96 0.363190189818
39 0.363800266644
60 0.363954333633
46 0.366990836471
36 0.367900357851
83 0.371070030855
28 0.374417801784
66 0.375306271386
56 0.376208757181
22 0.378979479033
100 0.386742126649
72 0.386988311837
93 0.390704823485
31 0.394221614862
32 0.396307855834
71 0.402441755901
67 0.419494812948
81 0.42072817217
99 0.420811516518
33 0.429317786742
77 0.436765061941
47 0.44714480339
42 0.450300433961
49 0.48516122436
98 0.523956668593
