94 0.172769995025
92 0.175954336695
80 0.178514398575
62 0.178803339087
88 0.179186662915
57 0.179413242154
87 0.179796164195
75 0.181276565105
74 0.18198229471
45 0.18343485025
41 0.184903662433
63 0.185696120153
54 0.186702173539
48 0.192741194736
85 0.193702763125
90 0.194276218642
30 0.198517702602
69 0.19857051407
37 0.199622639153
25 0.202626533508
16 0.205528280726
23 0.205894124217
21 0.20623176192
29 0.207428715389
19 0.208290506526
13 0.208462150789
17 0.209590594404
24 0.211373815477
20 0.211908491414
91 0.2156549814
18 0.216996802021
14 0.21831456818
11 0.22535606235
8 0.229911048488
5 0.234566067617
6 0.242226353222
7 0.242360361795
12 0.243397562539
10 0.244943945155
65 0.246249805905
4 0.246361318596
44 0.249417249848
2 0.263243184709
79 0.264485784108
1 0.276595867299
3 0.278818181271
86 0.312092407501
53 0.315342631665
76 0.348997263605
89 0.357406349412
0 0.369391260155
78 0.371431990405
95 0.373605023307
27 0.381079432192
9 0.381114821658
73 0.394069162869
52 0.407442430363
26 0.408853996982
82 0.422563346245
70 0.422801511677
51 0.432178703417
55 0.440010408594
38 0.44701427313
35 0.455489188495
50 0.460541972823
40 0.465512033385
59 0.467282845169
15 0.471353334104
68 0.4868613628
64 0.48952106536
97 0.518726821403
61 0.537332020584
43 0.543626314498
39 0.551322339891
34 0.558078248663
58 0.560044178963
36 0.561396051821
60 0.567190195504
83 0.572859135528
84 0.575213677015
22 0.581365597354
96 0.583509248567
28 0.585846514909
46 0.585953825111
56 0.606018653072
31 0.61006875002
32 0.622932310051
72 0.623718861875
93 0.639564064152
66 0.639739554063
100 0.644658060545
81 0.658289833334
71 0.666211000314
33 0.6706748121
99 0.698608906567
67 0.707464795689
77 0.716004816401
47 0.731436663108
42 0.735820087635
98 0.822420414024
49 0.830696966287
