94 0.188911754658
92 0.189006251702
87 0.190762779409
62 0.196627826437
45 0.198977861021
75 0.200362839239
48 0.201002912785
90 0.201539056875
63 0.202856307531
85 0.205250409378
41 0.206399293653
57 0.207565969075
80 0.21117815286
88 0.212270440139
69 0.213403669744
91 0.215162899691
74 0.216757075625
37 0.219449022079
30 0.22012735905
29 0.221500344544
16 0.222269822009
17 0.226250998665
54 0.226594562706
25 0.226697207722
21 0.229011151828
23 0.232686153328
24 0.233717464093
20 0.234330536681
19 0.234360367433
13 0.23511081213
18 0.242205219281
14 0.242795467453
8 0.249811477976
11 0.250739593941
5 0.254254750975
6 0.258769544685
7 0.260258569652
12 0.261437067247
65 0.265810404173
10 0.266587984165
4 0.268226569251
44 0.269462234415
2 0.284265144938
79 0.290692095605
1 0.30441177819
3 0.304562176803
86 0.366511527455
53 0.373622491771
76 0.418483844557
0 0.427391092726
89 0.429841424393
78 0.432547907084
9 0.445838885868
27 0.453816269064
95 0.468856738045
73 0.480881484077
26 0.498471100201
52 0.504595495018
70 0.521944908168
51 0.535133755051
82 0.537747069648
55 0.553112342843
38 0.570659428524
35 0.576141147249
50 0.589187984626
15 0.589415076465
40 0.59226154063
59 0.594889798213
68 0.648018701973
64 0.657806321441
97 0.71356889447
43 0.72572440858
61 0.732685664462
34 0.747986601917
39 0.74838299506
36 0.753063475478
58 0.755923984626
60 0.768826718866
22 0.783157147898
84 0.7874070745
83 0.789514593874
46 0.794241731741
28 0.798882203747
96 0.806231409946
56 0.82265920343
31 0.844803793334
32 0.852213128838
72 0.874912183625
66 0.89772572436
93 0.897743674295
100 0.910925808872
81 0.926082343192
71 0.939049095158
33 0.942289089263
67 1.00853706861
99 1.01191519952
77 1.02297435812
47 1.04928109744
42 1.05076762498
98 1.21851187663
49 1.22142036113
