91 0.123313091566
90 0.132913125582
65 0.13623558524
44 0.138847791771
79 0.13905432929
48 0.139448377141
85 0.140315651032
87 0.141298165265
92 0.144838397513
69 0.146214487503
7 0.146620820284
29 0.14810806534
45 0.148661494906
6 0.149074203778
94 0.14919119043
62 0.150250276299
63 0.150793455781
12 0.15135349296
86 0.151995142703
75 0.152743887458
17 0.153145278829
16 0.1542929768
37 0.15471315753
8 0.154717186819
2 0.155042012335
10 0.155417571202
41 0.155582593219
5 0.155752973824
24 0.157044496843
3 0.157144093955
30 0.15729566492
4 0.157996578403
89 0.158132691469
78 0.158335503263
53 0.158760079281
76 0.159453768585
20 0.15995430254
21 0.160584617929
25 0.160678881986
1 0.161476359762
57 0.162823898079
18 0.163021763288
14 0.163614356103
13 0.163814610067
23 0.164053643483
11 0.164245337842
88 0.164654394486
19 0.165004415564
80 0.165073280044
74 0.166700827469
27 0.166873144443
9 0.16975888856
73 0.170439074268
95 0.17270903037
54 0.172852077849
52 0.175704230019
26 0.175855723648
70 0.176041543178
51 0.180906681504
0 0.180917464153
82 0.182461206254
55 0.185071813552
35 0.191486583384
38 0.192252932213
50 0.192633413236
59 0.193785178982
40 0.19507169074
15 0.197569139428
68 0.207111812775
64 0.214356349936
97 0.220340106178
43 0.225363869963
61 0.228320491969
34 0.228509537407
58 0.23006948814
36 0.230882453178
39 0.231098511855
60 0.233047867206
84 0.23711363295
83 0.237203101958
22 0.239417326219
96 0.240436361004
46 0.24061337986
28 0.241078946837
56 0.246658899282
32 0.2524510617
31 0.254158717324
72 0.257809336329
93 0.263933165781
100 0.267738798104
66 0.270089571341
81 0.270411229147
71 0.273640573596
33 0.278256212747
67 0.293697134345
99 0.294743877424
77 0.295147742395
47 0.302983504281
42 0.303432920006
98 0.345343337918
49 0.34885495627
