100 0.371918229296
99 0.375795316588
71 0.378586831102
67 0.38435254131
93 0.385754305093
96 0.390634615742
72 0.39501438359
77 0.397692678938
66 0.399263580523
49 0.400770165448
47 0.406513271242
84 0.411439207748
42 0.417245376428
56 0.43310229852
81 0.438073476038
83 0.439257079984
46 0.444785662353
58 0.447430113232
28 0.450249299541
32 0.455809244371
60 0.461059196201
97 0.46210385891
31 0.465215924798
34 0.466841410766
33 0.467391966309
98 0.473076448205
39 0.487058753165
43 0.487754538217
59 0.488310639578
36 0.497042985913
22 0.504941395126
61 0.507918633429
50 0.526581153147
68 0.527846706811
40 0.529317658717
51 0.5324022422
70 0.538425998913
82 0.550362655712
73 0.553098337739
55 0.560042949868
64 0.563815507966
35 0.573916469837
38 0.582859009043
52 0.584618200216
15 0.614658378882
78 0.63151714785
26 0.633023747436
89 0.638180455488
95 0.647910996832
76 0.660808372231
27 0.684904915909
86 0.755819716848
9 0.764821468709
53 0.840511378853
79 0.882265581533
65 0.965544963837
44 1.00559771686
91 1.00682307268
0 1.03429329778
7 1.17894336019
3 1.18480597261
90 1.21734647174
2 1.22955817537
6 1.24417896434
1 1.25083316787
12 1.2742093124
85 1.31888178316
10 1.32321374738
48 1.33951913973
4 1.36008463071
5 1.39098670579
8 1.39789404127
69 1.40589305784
29 1.40919479658
87 1.41534409106
17 1.47539753556
92 1.49725857047
16 1.51653881497
45 1.52246477201
24 1.52316276596
37 1.54784785683
63 1.54971583358
62 1.571704747
20 1.57552038235
11 1.5780313322
94 1.58365995326
30 1.59612360544
18 1.59934920453
75 1.60175082695
14 1.6045595374
21 1.61385375415
41 1.63038988277
25 1.63137800912
13 1.65126319651
23 1.66904018207
19 1.67598498339
57 1.76905320044
88 1.79308013802
80 1.80382818578
74 1.8130291049
54 1.88742286782
