48 0.184649734532
90 0.188005627794
87 0.190478146141
92 0.191909492552
94 0.19357807832
91 0.195543096697
85 0.196532938722
62 0.196914619451
45 0.197317214961
75 0.199858743988
63 0.200343159369
69 0.203171659754
41 0.203712685248
29 0.204504600303
57 0.207132407705
88 0.208112658566
80 0.208389113341
37 0.209485894458
30 0.211080691762
74 0.211136168281
16 0.212595019682
17 0.213477309972
25 0.215595015669
24 0.216275794042
21 0.217231876259
54 0.218573776021
20 0.219220431116
23 0.219526778004
13 0.220267746716
8 0.220486541181
65 0.220985222563
19 0.221896213384
44 0.222074563553
7 0.222741201141
6 0.22329971725
18 0.223759001066
5 0.224660721355
14 0.225136509926
12 0.225902546017
79 0.228522401798
11 0.228529042486
10 0.228972765462
4 0.233675993585
2 0.238355780436
3 0.246217320526
1 0.2513559062
86 0.259045977832
53 0.268674900088
76 0.289911539801
89 0.301114550914
95 0.303013493583
0 0.311916214551
78 0.314124031183
27 0.31851919898
9 0.318719537932
73 0.320455789167
52 0.331997011566
26 0.338620152703
82 0.346070501259
70 0.351767427194
51 0.355001743216
38 0.36144267959
55 0.364275922767
35 0.374441945175
40 0.376927477144
50 0.376993321028
59 0.380220144759
15 0.387866089762
64 0.388820556063
68 0.394660291203
97 0.415556430651
61 0.428909299021
43 0.435825729802
39 0.440257886716
58 0.451213256745
34 0.451791624755
60 0.454606978797
36 0.455052769228
84 0.45805468177
83 0.459981337858
96 0.466267637825
46 0.467588079694
22 0.468320052701
28 0.470165906362
31 0.483213888257
56 0.487265921781
66 0.490604666757
72 0.492359869338
32 0.504799135106
100 0.505328305679
93 0.505770262938
81 0.527222662436
33 0.529050735863
71 0.530043926259
99 0.53816703774
67 0.552058665467
77 0.565406579482
47 0.573490194021
42 0.577918502241
98 0.64249506063
49 0.643547096077
