80 0.39276941007
88 0.396400138084
74 0.402905511449
57 0.404937076666
54 0.405764392251
94 0.415473896497
62 0.437318080508
92 0.439101179618
75 0.442359029915
41 0.44959377796
45 0.461201158503
87 0.462985530753
63 0.466074724831
30 0.503276731407
25 0.511778964741
37 0.514196135897
23 0.517872202091
85 0.518933568975
48 0.522173230779
19 0.524543255719
69 0.526364209443
21 0.527773029219
13 0.529483978276
90 0.53197423418
16 0.540265279733
20 0.55291927883
24 0.555852840822
29 0.557485950991
17 0.55918054918
18 0.566015622311
14 0.569891078653
11 0.597295217721
91 0.610580340314
8 0.635262797052
5 0.650500883148
12 0.687337721248
6 0.688925047307
10 0.689834441136
4 0.690633271382
7 0.692587750984
65 0.705693975397
44 0.713068188374
2 0.753575126604
79 0.76653215843
1 0.79695353517
3 0.801013443779
86 0.900119079095
53 0.909407155689
76 0.99012375061
89 1.0058459144
78 1.02039566383
27 1.07251693984
73 1.07689660022
0 1.07939990728
9 1.07963132149
95 1.08160268276
26 1.14158726065
52 1.14383714277
70 1.15880857285
82 1.1733793176
51 1.17871285396
55 1.2085163893
38 1.24979643689
35 1.25572104878
50 1.25972427416
59 1.26582806995
40 1.27962627554
15 1.30136179626
68 1.33589371312
64 1.36815022312
97 1.42036329508
61 1.46937138644
43 1.47329996246
34 1.48838038724
39 1.49193239968
58 1.49751534841
36 1.50719515174
84 1.52796367093
60 1.5288435349
83 1.53769921321
96 1.53845454423
46 1.56080270812
22 1.56467964489
28 1.56552485041
56 1.59048073636
31 1.63334275492
32 1.6340904454
72 1.64214779489
93 1.66684766355
100 1.67577404233
66 1.67776374013
71 1.71552021197
81 1.72293539402
33 1.77671743637
67 1.81604915278
99 1.81621155293
77 1.84476970729
47 1.88934808891
42 1.90283719273
49 2.08737318972
98 2.11369966099
