66 0.139391549758
100 0.145422159279
67 0.146917690503
49 0.148997872897
71 0.153950807385
99 0.15436293179
93 0.162067190014
96 0.16953532187
77 0.172998868831
72 0.175675073818
84 0.175887091827
59 0.176288850241
73 0.177069011075
47 0.179214587962
56 0.182743616876
42 0.18473543015
51 0.18618543384
46 0.190102075871
58 0.2014468098
70 0.205427057189
78 0.206669189174
28 0.208653005273
40 0.209264503662
60 0.211252354572
34 0.212479105258
83 0.214265862076
32 0.214790738223
81 0.220251224461
43 0.220921164721
50 0.227983895563
31 0.230262644473
33 0.233915087887
52 0.235422209431
36 0.238999832755
22 0.240961134584
39 0.2428705614
55 0.243028842599
97 0.246156796534
35 0.251830994388
98 0.253468296062
15 0.25446705535
82 0.257076054305
26 0.258517175875
38 0.263540117347
61 0.268531623699
68 0.274720902282
27 0.277530465947
89 0.278257014997
76 0.286624261207
9 0.295678286321
64 0.30551508868
95 0.316416136114
86 0.327256882852
91 0.349805327257
79 0.366340271114
53 0.418869598441
65 0.422474072789
44 0.426339762134
0 0.467228615969
3 0.498706581143
90 0.521180007466
7 0.521473263535
2 0.532458268028
48 0.537013932219
6 0.538267396942
12 0.558512849355
1 0.570780538267
10 0.590973964765
85 0.603618943387
29 0.614756117798
4 0.618120805396
8 0.621791824199
5 0.62201173808
87 0.642137390707
69 0.644244879112
17 0.671188359849
92 0.680057942406
16 0.688960463389
45 0.690534222801
24 0.699132995777
63 0.704990326619
37 0.705774523456
62 0.715352928114
94 0.717294125981
20 0.719544318605
11 0.72322608712
75 0.728022221423
30 0.728068920691
18 0.732783227666
14 0.734209726763
21 0.736871373877
41 0.743272824942
25 0.746004017772
13 0.75798442481
23 0.765197204977
19 0.767468663468
57 0.805962394537
88 0.822027502239
80 0.825505618289
74 0.832547038576
54 0.86974136531
