96 0.105554305077
84 0.108888394434
72 0.108939432799
100 0.10894851965
93 0.109209371613
71 0.109687477127
83 0.11100430542
58 0.112364707201
56 0.113074591574
97 0.113851530709
99 0.114165987545
28 0.114327916632
34 0.114396889868
32 0.114513534734
81 0.114569295511
60 0.114661596329
46 0.114759560508
77 0.115211892225
67 0.115692080613
59 0.116949752617
66 0.117521850899
47 0.11812510429
36 0.119083071551
31 0.119098824626
43 0.119329647703
42 0.119598686768
39 0.119755004142
70 0.12005945651
50 0.120649734439
33 0.122167877153
22 0.122234544944
51 0.122286137082
68 0.122914117037
61 0.123313860439
40 0.12410299659
55 0.124669060125
82 0.125840182399
73 0.127514038682
49 0.128082071308
35 0.128293571067
98 0.130743619856
52 0.131914293027
78 0.133125940303
38 0.133409130301
64 0.135266567515
89 0.135990750047
15 0.136523934119
26 0.137810480949
76 0.145165285545
27 0.145688749139
95 0.149557794704
9 0.160957774176
86 0.165219906259
53 0.184889589373
79 0.186770543286
91 0.197721064861
65 0.200662575339
44 0.207305608309
0 0.22106808898
3 0.244850442216
7 0.247354434017
90 0.250342268471
2 0.25595965601
6 0.258723824733
1 0.264712826545
12 0.265183147724
48 0.275724704549
85 0.277575776509
10 0.278065853936
4 0.286335914706
5 0.291234970067
29 0.291800004998
8 0.292728657433
69 0.296167438844
87 0.296860849322
17 0.30992939721
92 0.313956910898
16 0.318185474263
45 0.319095752141
24 0.321018252016
37 0.325204011088
63 0.325227331212
62 0.329742724113
20 0.331180821456
94 0.33154456374
11 0.332206580642
30 0.335197364823
75 0.335839601185
18 0.336542890039
14 0.337358082261
21 0.338994368558
41 0.342117015715
25 0.342816013799
13 0.347636010096
23 0.351079341966
19 0.352129503451
57 0.370617642223
88 0.376749149173
80 0.378614425948
74 0.381127958449
54 0.397127310537
