91 0.110191579521
90 0.117927295793
48 0.11988464776
85 0.129024491907
44 0.12930745498
65 0.130107930504
87 0.130725415043
29 0.131948986338
79 0.133382442195
69 0.135059652183
7 0.135132428755
92 0.135563822476
6 0.135632602448
12 0.137781510194
45 0.137935406343
8 0.13952983169
63 0.140507143293
94 0.140708079621
62 0.140956957376
17 0.141285052971
5 0.141359508601
10 0.141510259209
16 0.142640903457
2 0.142641313974
37 0.142992999616
75 0.143216312186
3 0.144034267062
24 0.144418500502
4 0.145484290623
30 0.145885582096
41 0.145998913156
20 0.147483442439
21 0.148681261845
25 0.149141790272
18 0.150172309834
14 0.150854258795
11 0.150945569077
13 0.151768727198
1 0.152249019018
23 0.152388630704
86 0.152714306325
19 0.15337570745
57 0.155703140976
88 0.158266060654
80 0.158979073478
74 0.160299302355
53 0.162454339873
54 0.167328270338
76 0.173920914783
89 0.180812306072
78 0.182918310345
0 0.184670057389
9 0.185215476948
95 0.187269305503
27 0.188499641355
73 0.197323068182
52 0.20230945993
26 0.203949685241
70 0.215532753328
82 0.218341455828
51 0.218751545455
38 0.225903306209
55 0.226805228764
35 0.233514036924
40 0.236402830326
50 0.237854929218
15 0.238587658176
59 0.240468614078
64 0.256038259678
68 0.259882376419
97 0.281852161182
43 0.286240377021
61 0.288141387257
39 0.295075288272
34 0.299773932202
58 0.301346416169
36 0.302109897985
60 0.30238238536
84 0.310423277185
22 0.311072626752
83 0.312557645031
46 0.313120755664
28 0.317164137666
96 0.320224741276
56 0.32929964358
31 0.330644944123
72 0.342486907172
32 0.343132681516
66 0.343993932715
93 0.353899084439
100 0.356342978482
33 0.368059368161
81 0.369756938454
71 0.37428080853
99 0.389455921053
67 0.394746438343
77 0.403267485459
47 0.410760886535
42 0.411192147696
98 0.47758468906
49 0.478168043057
