91 0.305054128834
90 0.317027659071
65 0.328342678182
44 0.330864302576
48 0.333369488936
79 0.337798281645
85 0.352580777721
86 0.353969088462
87 0.358878259752
29 0.359911371505
7 0.364114866269
53 0.367327363236
6 0.368276702718
89 0.372874944501
92 0.373459750771
76 0.373855077717
12 0.374052371049
45 0.37811520895
3 0.379634264737
69 0.379689464283
2 0.38244629924
94 0.383216632123
62 0.387249602837
8 0.387853013869
95 0.387899392836
63 0.389500626732
5 0.391415018633
10 0.39210156328
75 0.39371168102
17 0.398252907452
16 0.401096901056
41 0.401384570439
27 0.402108745831
37 0.402145050012
78 0.404044499718
4 0.405299478855
24 0.408768976913
30 0.409095412076
73 0.41122054415
82 0.413309192518
52 0.413740557913
9 0.414614711948
1 0.415792129177
57 0.41730925208
20 0.417342890918
21 0.417817367702
25 0.418443081838
26 0.41887415667
88 0.422285412095
80 0.422719843784
13 0.425991909364
18 0.426491052346
23 0.427084909346
14 0.427843675473
74 0.428285195637
70 0.42848708657
11 0.429821767143
19 0.430396896456
55 0.43225710245
38 0.43373699908
51 0.439492050976
35 0.442959348271
50 0.443789183156
68 0.444361282246
54 0.44467541161
0 0.446055831766
64 0.447091041622
40 0.456170578244
59 0.460645459681
97 0.462434531003
15 0.46628689024
61 0.478619622555
39 0.494012797279
43 0.499255590595
36 0.508539303571
34 0.509043925224
83 0.511214254286
58 0.511312644028
60 0.512237100895
84 0.520658023745
22 0.524376176092
96 0.526282062228
28 0.528407948445
46 0.532519732607
31 0.53567175934
72 0.549351408474
56 0.551041565028
32 0.554859517578
66 0.56530282562
93 0.566817242427
100 0.569892449885
81 0.571170068309
33 0.577459094129
71 0.592143953223
99 0.599797352776
67 0.617430546552
77 0.622642693488
47 0.630563641512
42 0.634603880018
98 0.670124650845
49 0.707948534019
