89 0.124989371496
76 0.126248368171
86 0.130047294443
27 0.132582467737
52 0.133506704282
78 0.133624646357
95 0.135167238794
26 0.135967588192
82 0.136322690746
73 0.136552595752
9 0.137686318501
91 0.138444399338
38 0.140607677715
70 0.142191323752
55 0.142720275897
79 0.143665808948
51 0.145790773375
35 0.146065087971
50 0.146877631305
40 0.150295537209
64 0.151293274629
15 0.15234859868
68 0.152934689675
59 0.156303348758
53 0.156695157334
44 0.156929964537
65 0.15735073925
97 0.164486500823
61 0.166198496476
39 0.172392738434
43 0.172613948702
36 0.181499721304
34 0.182715903351
60 0.18454037417
58 0.18526406657
0 0.186281535809
22 0.186435547671
3 0.187400169436
83 0.189249097999
84 0.193281878401
46 0.193686747243
28 0.19417336423
31 0.194996916731
96 0.202024567911
90 0.205575099714
7 0.206561471867
2 0.207113510511
56 0.208180397658
6 0.212403067081
32 0.213714537667
72 0.214668798306
66 0.217011274433
33 0.219187724858
12 0.220970958058
48 0.223481180819
93 0.22697306733
81 0.228960210458
100 0.231744917113
1 0.233713400925
10 0.242388108502
99 0.24893610311
71 0.249143633319
29 0.253238492371
5 0.257619095173
85 0.257713667495
4 0.257973694503
8 0.258875983798
67 0.260693114418
77 0.264585779693
42 0.264760878811
47 0.265344407165
69 0.285306490674
87 0.285760292618
17 0.296760859308
98 0.29909331448
16 0.307738633189
92 0.31251304162
45 0.313005723378
24 0.313414548181
37 0.320477391859
11 0.323636870858
63 0.323974322034
20 0.324838879831
14 0.331656338916
18 0.331782940027
62 0.333132584983
49 0.333358836942
30 0.334187244235
94 0.336140797891
21 0.336302664725
75 0.339706844854
25 0.343727235777
41 0.347800484568
13 0.348678030265
23 0.354197448325
19 0.35446307739
57 0.389911956081
88 0.402611609466
80 0.404599945746
74 0.408399617363
54 0.431069355356
