91 0.303420084168
90 0.305201302455
87 0.314108271124
85 0.316536627255
92 0.318955699486
48 0.321879050778
94 0.324636206077
65 0.327045677177
45 0.327876052136
62 0.328613239341
69 0.330149200001
44 0.33259622123
63 0.333101671949
75 0.334103709874
29 0.3373504195
41 0.339895547337
79 0.340131683731
37 0.345674637792
57 0.348129515167
17 0.348263531266
16 0.348549096154
7 0.348788183027
30 0.349378920055
88 0.349865215445
80 0.350459352091
24 0.353570844204
74 0.354539046121
6 0.355116681093
25 0.356552069773
12 0.357703558583
21 0.358388234839
8 0.358883209183
20 0.359976729267
5 0.362173951404
23 0.363512650645
13 0.364042096192
10 0.365402745079
19 0.366213247836
54 0.36642466486
18 0.366800505843
86 0.36812541117
14 0.368562127073
4 0.370239696458
2 0.372350518639
11 0.372472729954
53 0.377520902351
3 0.380109367642
1 0.388266584852
76 0.389952183699
89 0.391840607717
78 0.400372318143
95 0.418311442216
27 0.418609244676
73 0.418829563205
9 0.42772503057
52 0.437216249128
26 0.438193468109
70 0.440823749282
82 0.44389184854
51 0.450095656185
0 0.45159392888
55 0.456598594886
38 0.470419535814
35 0.472682444992
50 0.47281983506
59 0.478667333955
40 0.481919309039
15 0.491989800444
68 0.497606435357
64 0.508415065541
97 0.526159884548
61 0.543953348033
43 0.54658409548
39 0.552467863003
34 0.553437695
58 0.557065081619
36 0.559675554435
60 0.566284700658
84 0.568164835391
83 0.570395797672
96 0.574347708199
22 0.579791110289
46 0.579811341675
28 0.581556641413
56 0.593419918007
31 0.603875153975
32 0.608504326123
72 0.610768664611
93 0.623175814302
66 0.62503962754
100 0.626561110295
81 0.642758459268
71 0.645522414422
33 0.657310471076
99 0.678631515703
67 0.681729425909
77 0.692308723209
47 0.707468623936
42 0.71126704197
49 0.792562672307
98 0.793978105064
