73 0.40229198247
89 0.414470671114
78 0.414964197555
70 0.418041337704
51 0.421240750586
76 0.422653064315
82 0.424681921441
52 0.425346835226
59 0.428920188808
55 0.435559550281
50 0.437093380979
40 0.440566993925
26 0.441109575757
95 0.442383218763
27 0.442743521915
86 0.442804375954
38 0.449053069077
35 0.449308443261
97 0.451721813939
68 0.454355609549
91 0.456277006541
79 0.464004022633
9 0.46971802529
84 0.471566292102
64 0.471959044168
15 0.472040066466
96 0.472078088419
58 0.474312279745
43 0.474603796738
61 0.477018032695
39 0.478299162741
83 0.479014699531
34 0.479346799826
60 0.482330271725
46 0.488579109805
65 0.489785763455
36 0.489939106228
28 0.490782222036
53 0.493793277942
66 0.496208741538
72 0.496513648569
56 0.500713537181
100 0.501597511848
44 0.502436627379
22 0.503995402467
93 0.505345836527
31 0.506702828082
32 0.520388097428
71 0.524790983032
99 0.530152597126
81 0.535144391072
33 0.545023846292
67 0.545625758239
77 0.560723076304
47 0.569450608997
90 0.571692195544
42 0.576456323778
0 0.587357925693
7 0.587757360156
3 0.592920302733
6 0.609906950925
2 0.612356829135
48 0.617245432504
12 0.626251309653
49 0.631650542517
85 0.640759413725
1 0.643495875345
98 0.644935193426
10 0.658361940349
29 0.670346329236
87 0.677778165336
4 0.679465905849
5 0.683334495349
8 0.684639510292
69 0.685695498108
92 0.715868810539
17 0.719040803145
45 0.729971749342
16 0.735994027316
63 0.745810175209
24 0.74810035574
37 0.751827902981
62 0.754196280759
94 0.754431821227
75 0.768705607874
20 0.770310776014
30 0.774712351962
11 0.77848414662
41 0.785591987321
18 0.785694828588
21 0.786074963291
14 0.787363875352
25 0.794528879255
13 0.80845990434
23 0.815433464357
19 0.818207418358
57 0.850012918945
88 0.867398048667
80 0.870700277266
74 0.879288052985
54 0.919723898306
