95 0.0221877568521
64 0.0227576116075
53 0.0229058123952
86 0.0243916216783
76 0.0244264891737
82 0.0246342383884
97 0.0247173717353
68 0.0247589011355
89 0.02536144747
65 0.0255042639702
61 0.0257669784283
79 0.025791119837
44 0.0271093659259
38 0.0272107079158
39 0.0282187229746
52 0.0285133097084
55 0.0286795763675
50 0.029149523098
90 0.0292624713448
27 0.029338062465
35 0.0294183870817
26 0.0295704311826
7 0.0297789425617
91 0.0303679433567
83 0.0308800083742
31 0.0310246545532
85 0.0310654110361
40 0.0311450429874
0 0.0311520208548
70 0.0312555822073
73 0.0312556698024
43 0.0312637774038
6 0.0315578787755
36 0.0316213599303
2 0.0318910710203
9 0.0319046424434
12 0.0319575714879
1 0.0320565997633
3 0.032192150369
58 0.0324413756377
15 0.0325555789094
51 0.032663748575
22 0.0326876692048
34 0.0327102283387
59 0.0328419288679
28 0.0328909049104
60 0.0329302845719
10 0.0330270202792
87 0.033120464388
48 0.0331272023008
84 0.0331991053257
96 0.0332434142108
69 0.0334746917394
4 0.0335909941125
29 0.0338394702905
33 0.0339010665624
78 0.0340919262051
5 0.0341399865364
72 0.0343006554344
8 0.034347884378
46 0.0345608220949
81 0.0348465670004
92 0.0350921357966
17 0.0353707154903
45 0.0358535903078
66 0.0359759402832
99 0.0361132156452
16 0.0362346933136
93 0.0362407085269
32 0.0364227995701
56 0.0365431358942
63 0.0366838647312
24 0.0367290199217
100 0.0368540272744
37 0.0370118322357
62 0.0371002588021
94 0.0371359041481
75 0.0378815007815
20 0.0379637630385
30 0.0381878740005
11 0.0383519658711
98 0.0386522612752
18 0.0387226834992
41 0.0387374448049
21 0.0387620417972
14 0.0388108428256
25 0.0391896245995
71 0.0392790572085
47 0.039796743168
13 0.0398711044434
23 0.0402554795883
77 0.0403647243484
19 0.0403871914034
67 0.0405522571021
42 0.0407151201405
57 0.0421425876789
88 0.0430756728564
80 0.0432505621048
74 0.0436977751154
54 0.0458254272302
49 0.0474754356453
