85 0.0181296051332
90 0.0184642235513
87 0.0185646455648
69 0.0190501016021
92 0.0192275294665
45 0.019582387642
62 0.0198894009102
63 0.019933778613
94 0.0200058505701
29 0.0201165735758
75 0.0202922015374
24 0.0203352522102
37 0.0203383728485
48 0.0203908111502
17 0.020406454895
65 0.0204665628736
41 0.0205782279072
16 0.0205805890702
30 0.0207056380236
7 0.020830842709
44 0.0208473442575
8 0.020926193809
20 0.02103832401
25 0.0210832901632
21 0.021126304629
5 0.021135992208
18 0.0213026169935
10 0.0213102300963
13 0.0213104356731
12 0.02143193443
23 0.0214451749421
4 0.0214615088872
14 0.0214700579218
11 0.0214900493941
6 0.021606228935
19 0.0216617564754
57 0.0218978024328
79 0.0219101981564
88 0.0220014547133
53 0.0221697615185
80 0.0221775035068
74 0.0222627898185
91 0.0224900254603
2 0.0228011975309
1 0.0230562238901
54 0.0231751723517
86 0.0234419710251
3 0.0237165753814
95 0.0271852328326
76 0.0275104122419
89 0.0296568381295
0 0.0298713654609
27 0.0323614190503
9 0.0326933531656
52 0.0337866709832
82 0.033910137702
78 0.0340829765135
73 0.0342212107122
26 0.0344094629065
38 0.0355901851368
64 0.0362138062709
55 0.0372571003687
70 0.0374590777779
51 0.0380557038504
35 0.0382393017946
50 0.0386939912653
68 0.0390583122564
40 0.0395067043372
15 0.0401684607597
59 0.0409670277319
97 0.0423373282991
61 0.0428370082051
39 0.0451168141563
43 0.0456988251091
36 0.0480957947831
34 0.0481992767667
58 0.0485529563911
60 0.0487658454544
83 0.0492559734395
22 0.0494866389263
84 0.0497806392588
46 0.0505335887281
28 0.0507660069566
31 0.0508899931388
96 0.0512794943211
66 0.0535590534846
56 0.0535689202656
72 0.0542826656875
32 0.0553705068751
93 0.0564100043396
100 0.0566088687272
33 0.0567644070163
81 0.0582706233303
99 0.0602444493232
71 0.0603919117981
67 0.0625950102133
77 0.0642407692309
47 0.0647983851991
42 0.0651560646042
98 0.0727177556235
49 0.0753237252898
