49 0.170097111637
99 0.174609716778
71 0.176376178202
100 0.177802750332
77 0.178962845848
67 0.179527459216
93 0.182238381715
47 0.182736799339
98 0.183457894317
72 0.185612242433
96 0.186263198512
42 0.187698274326
81 0.193348161294
84 0.197675330322
66 0.198411738536
83 0.202454903668
56 0.20554641287
32 0.206106901422
58 0.210844624157
28 0.210862865596
97 0.210895021264
33 0.210995247985
46 0.212514772908
31 0.214625139787
60 0.215099436748
34 0.216997354312
39 0.224708948425
36 0.226742264964
43 0.229429120501
61 0.230788346607
22 0.2316780848
59 0.234593212758
68 0.236736777579
50 0.243226269851
70 0.24842948551
40 0.249817891039
51 0.250318192095
82 0.251275181115
55 0.254303678312
64 0.255432527031
73 0.258146975378
35 0.260150756665
38 0.266089139284
52 0.267311066843
89 0.277042861672
15 0.279047165472
78 0.280194265267
26 0.282720236854
95 0.288812848171
76 0.29035272543
27 0.298383697398
86 0.320914283085
9 0.328849615152
53 0.346618523495
79 0.355632335906
65 0.375232130976
91 0.381321581197
44 0.388748347757
0 0.419841107801
90 0.440248513177
7 0.443394272517
3 0.452197033806
6 0.462794145088
2 0.463579245025
85 0.47098662784
12 0.471703327279
1 0.473169882824
48 0.478652620157
10 0.487570008717
87 0.493608573425
69 0.497210769539
4 0.498920953239
29 0.501234299484
5 0.504704728352
8 0.505287619866
92 0.51488667128
17 0.521653375637
45 0.524987495858
16 0.532081808991
63 0.5333001098
24 0.53495855609
62 0.536207779096
94 0.537278336572
37 0.537989482074
75 0.545641348058
20 0.550429817568
30 0.550980539025
41 0.554740103569
11 0.555701776073
18 0.558664800407
21 0.559120724358
14 0.560877561871
25 0.562228672318
13 0.569968338002
23 0.573864863472
19 0.576953223454
57 0.589016745602
88 0.593911351132
80 0.596705240822
74 0.600394918359
54 0.621868161846
