94 0.217032460602
92 0.219724970487
87 0.222895622133
62 0.223314686333
80 0.223575816762
88 0.224074645436
57 0.225092036023
75 0.226448494422
74 0.227298177013
45 0.228006471083
48 0.228306713009
41 0.230516614806
63 0.230837349024
54 0.232778372821
90 0.234419920177
85 0.236094312124
91 0.241122378614
69 0.242786921865
30 0.245316429593
37 0.24592572575
25 0.25011603439
29 0.252062094949
16 0.252259606695
21 0.254014318452
23 0.254038912956
17 0.255907770897
13 0.256563218917
19 0.256908393021
24 0.257984432992
20 0.259673185245
18 0.265339637847
14 0.266966960754
11 0.274048932946
8 0.27489946081
5 0.280167551258
65 0.280471935736
7 0.282133319697
44 0.283146681099
6 0.28377964449
12 0.286450662463
79 0.288497575445
10 0.288509431854
4 0.291974993762
2 0.304462660595
3 0.317630530267
1 0.319927028467
86 0.328311211866
53 0.345195233506
76 0.35854361525
78 0.35884403128
73 0.366298022249
89 0.368802314682
95 0.386641313204
27 0.387832311945
9 0.38905841094
52 0.401635614855
0 0.402128257081
51 0.407403084857
70 0.407917303263
26 0.40850679566
82 0.421970601589
55 0.434144823222
59 0.435624469464
38 0.444512334952
40 0.445015948371
50 0.448204079523
35 0.449784589461
15 0.462895485328
68 0.484451714279
64 0.492179287717
97 0.506172546956
43 0.517691964661
58 0.525688040983
61 0.526840390409
34 0.527130348722
84 0.528967442119
39 0.531246380161
96 0.533836886551
60 0.535602417314
36 0.538335657697
83 0.54212907936
46 0.54238033437
28 0.54958873878
56 0.555070053313
22 0.555734745233
66 0.561379683394
72 0.568621091558
100 0.570834846301
93 0.574838692223
31 0.576863572265
32 0.580671041565
71 0.590743261487
81 0.612004988117
99 0.618430948053
67 0.619023557278
33 0.627774448135
77 0.638901643242
47 0.654197223587
42 0.659894196604
49 0.709560904974
98 0.753198220812
