94 0.254107216102
80 0.255722865168
88 0.255988936129
57 0.259213928897
74 0.259551753899
92 0.259886187446
62 0.261633138221
75 0.264939324959
54 0.265003550827
87 0.266448996963
41 0.26914887982
45 0.269496177991
63 0.272068619568
48 0.284631801388
85 0.287555138538
30 0.289177991524
37 0.291427467454
90 0.292096311163
69 0.292228432157
25 0.294164306107
23 0.297645247045
21 0.300298992693
13 0.301179374869
19 0.302142950311
16 0.302664406599
29 0.306458526708
24 0.307170727629
17 0.308667556943
20 0.308856571846
18 0.314959252892
14 0.31766765612
11 0.327503760744
8 0.336802668817
91 0.340558569996
5 0.344982592308
10 0.359914706392
6 0.360877129778
7 0.360885660196
12 0.361587502915
4 0.362719433964
65 0.373555424716
44 0.376636829648
2 0.392095971485
79 0.397161354817
1 0.407951614228
3 0.414997480277
86 0.458585175992
53 0.461145787457
76 0.519849760124
95 0.539339429978
89 0.541286391321
0 0.545056553676
78 0.572798577109
27 0.576417336663
9 0.577267929198
73 0.584086987651
52 0.603184568511
26 0.613893545475
82 0.623314261888
70 0.639319893956
51 0.646532616371
38 0.653553264427
55 0.658795898778
35 0.677653131146
50 0.682424586794
40 0.685452083295
59 0.691230463919
64 0.695499231091
15 0.703892956846
68 0.707713348599
97 0.744741184048
61 0.769657863805
43 0.787945459086
39 0.792529829255
58 0.813555515459
34 0.81455627957
36 0.819469230351
60 0.820215616671
84 0.825599311053
83 0.826178932306
96 0.837772289337
22 0.844130269451
46 0.844267684742
28 0.84677779683
31 0.869157430885
56 0.877539770162
66 0.883958798485
72 0.884204480837
100 0.905668344679
32 0.905870535343
93 0.906850606
81 0.942560392789
71 0.946897823255
33 0.949646281181
99 0.962591378431
67 0.986945648318
77 1.00895826811
47 1.02443666414
42 1.0332857188
98 1.13884219885
49 1.13924787013
