91 0.183637501525
65 0.187182716704
90 0.189062077979
44 0.194098308022
79 0.194330098798
85 0.197053954315
87 0.201070916638
7 0.20725746531
48 0.208066830963
92 0.208121235332
69 0.208530093822
86 0.20919381708
53 0.21109559537
6 0.213630047888
89 0.21388576038
45 0.214166782267
29 0.214243661587
94 0.216103020977
12 0.216275774782
76 0.216714691173
62 0.217533945415
63 0.218068997054
17 0.22057103152
2 0.221602930131
75 0.221765774182
16 0.222954095684
10 0.222964170026
8 0.223567278343
5 0.224051705215
37 0.224078186898
78 0.22499531815
3 0.225618084261
4 0.225702694544
41 0.226512750282
24 0.226841247916
30 0.228652787794
1 0.229211835771
27 0.230701298286
20 0.232264404636
21 0.233746911517
25 0.23415865365
95 0.234536811193
18 0.237119865395
14 0.238054476404
11 0.238541876259
9 0.238683311046
13 0.238824362018
73 0.239356017921
57 0.239390998493
23 0.239516839924
19 0.241127103957
88 0.242088438948
26 0.242367466772
80 0.242969226495
70 0.243071925694
52 0.243780279859
74 0.245327446633
82 0.245444075213
55 0.251430363357
51 0.251899359559
0 0.254048962736
54 0.255125755737
35 0.261242303889
50 0.262736803249
38 0.263055561387
59 0.268868059264
40 0.270336667293
15 0.272231862979
68 0.277889794254
64 0.288787028969
97 0.300919367306
61 0.309632813712
43 0.30998364525
34 0.312052668896
36 0.314418239166
39 0.314554341188
58 0.316250030343
60 0.322946141397
83 0.327478450693
22 0.327874309727
84 0.328681214372
28 0.332067519191
46 0.332739484778
96 0.332804468237
56 0.33928340271
32 0.345400657684
31 0.3492769852
72 0.359191004629
93 0.36730466555
81 0.372071656736
100 0.375416806851
66 0.380085438003
71 0.381331836316
33 0.383777461219
67 0.411320922235
77 0.41259094211
99 0.416342734312
47 0.423801326011
42 0.423824309174
98 0.482861047035
49 0.493940400376
