89 0.088769728502
76 0.0920977303026
27 0.0954668516393
86 0.0958412815461
78 0.0961016877494
82 0.0971350584973
52 0.0971718557982
26 0.0975903192927
95 0.0987441234246
9 0.100319606714
55 0.100447685506
70 0.100727761411
38 0.100921391065
73 0.10114367278
91 0.101187068511
35 0.102897254619
50 0.103572080156
51 0.105086000411
79 0.105375506181
68 0.106287187254
64 0.107575067699
40 0.107965455283
15 0.108124465093
59 0.111875078672
53 0.111888814466
65 0.112296794452
44 0.112543124419
97 0.114276012728
61 0.116013331522
39 0.120352415399
43 0.121020594368
36 0.124962519815
34 0.126179791114
60 0.127767626777
58 0.128494575056
22 0.128783749813
83 0.130235272457
28 0.134346110612
84 0.13472431122
46 0.135085105175
31 0.13532762867
3 0.135892011999
0 0.13649666282
96 0.14001708793
56 0.143841776087
90 0.144550701336
32 0.14504708785
7 0.147681667953
72 0.148506700989
2 0.148997084473
33 0.150885260444
6 0.15205979927
66 0.15520158598
81 0.155493396936
93 0.15707236993
12 0.157698031978
48 0.160345957035
100 0.161142282954
1 0.168142175854
71 0.171121536325
10 0.173182997698
99 0.173832682825
29 0.178047251218
85 0.179473999907
67 0.180632194301
77 0.180921921148
42 0.181395049892
47 0.182133963731
5 0.18263270373
4 0.183535419381
8 0.183688387485
87 0.198175438187
69 0.199625906986
98 0.201629722052
17 0.208163191877
16 0.215309966275
92 0.216295780205
45 0.216852039042
24 0.219729642636
37 0.223742267515
63 0.224827659712
20 0.227581104537
11 0.227721910485
49 0.228493274171
62 0.230412210435
94 0.231891997721
14 0.23262277864
18 0.23272808802
30 0.232924847694
21 0.234761040207
75 0.235060332456
25 0.239613046484
41 0.240710047478
13 0.243186758222
23 0.246802985961
19 0.247135015918
57 0.268150531488
88 0.276612860484
80 0.277801405545
74 0.280704400938
54 0.295987244795
