91 0.220575932911
48 0.236407716972
90 0.239076477181
79 0.24909462518
85 0.250036891557
87 0.250531467901
65 0.255665245942
92 0.256736430355
44 0.258325918071
69 0.262614790551
94 0.263650050693
45 0.263650424642
62 0.266408291224
29 0.266493951361
63 0.268339947224
7 0.268555015696
75 0.270965362394
6 0.274364518749
86 0.274913262353
17 0.276281415383
41 0.276382005705
37 0.277127794148
16 0.277517153469
12 0.279455620042
8 0.280813442441
30 0.281354739547
24 0.282634596682
10 0.283927832983
5 0.28420892407
25 0.287690442988
2 0.287856632307
20 0.287901082919
21 0.288006995336
57 0.288007529191
4 0.290413362575
88 0.291393338627
80 0.291978907153
73 0.29252892451
13 0.293651971674
23 0.293802389801
18 0.293812882174
3 0.294121299249
14 0.295002058725
74 0.295357737159
78 0.295395194447
19 0.295787110502
11 0.29715267968
76 0.299970412648
53 0.30228400528
1 0.302980811627
54 0.306664248398
89 0.317004001071
95 0.325139455238
9 0.328268572516
27 0.329477283875
52 0.33445441307
51 0.334984490125
70 0.342598058473
26 0.345243302379
0 0.35475733737
82 0.360762261491
59 0.361624406074
40 0.372425367207
55 0.372812654886
38 0.378731446073
50 0.38403752693
35 0.387444131679
15 0.394704365607
68 0.430308207503
64 0.431223250844
43 0.449785150531
97 0.450710271114
58 0.461008993901
84 0.461355593916
34 0.464596954617
61 0.468229933997
39 0.469404904762
96 0.469881167903
60 0.471578285449
46 0.472332657615
36 0.478861602429
66 0.479201282686
83 0.483407091634
28 0.485196450024
56 0.487720906357
22 0.492766152463
100 0.502970090888
72 0.505239805273
93 0.509799594744
31 0.514062637191
32 0.52408602918
71 0.527888329944
67 0.551012639354
99 0.551753063991
81 0.560405851443
33 0.567564412872
77 0.579348239786
47 0.593296642946
42 0.598359018794
49 0.650560318758
98 0.718598751194
