90 0.0216730064487
85 0.0220009705627
65 0.0221347173035
87 0.0221711794109
92 0.0226384331799
44 0.0227772204293
79 0.0228600565096
53 0.0228730282005
69 0.0229751753133
94 0.023145095308
91 0.0231464820433
86 0.0231748822727
45 0.0231773028829
62 0.0232815878691
48 0.0234297000852
63 0.0235158759306
75 0.0236643901315
29 0.0237972096147
7 0.023834792228
41 0.0240156906726
95 0.0241008536913
37 0.0241871555149
17 0.0242904237244
76 0.0242958913925
16 0.0244177592653
24 0.0244735079471
30 0.0244864126245
6 0.0246017855825
12 0.0246769466008
57 0.0247165688368
88 0.0247171609281
89 0.0247331978782
8 0.0248021457601
80 0.0248069434597
25 0.0249279277402
5 0.0249738361591
10 0.024975271116
74 0.0249972829571
21 0.0250398134073
20 0.0250461779385
4 0.0252404686005
13 0.0253187904844
23 0.0253425952702
18 0.0254145665433
2 0.0255488552443
19 0.025564373617
14 0.0255714536901
11 0.0256991944891
54 0.0257546089914
1 0.0260028097619
3 0.0260443378022
82 0.0260596244356
52 0.0270355343499
27 0.0270806303751
64 0.0270817977559
73 0.0272892953487
68 0.0276248453532
38 0.0276606153626
26 0.0277063247391
78 0.0277729910891
55 0.0279272860246
97 0.028093157714
70 0.0281449392905
9 0.0283441006954
50 0.0283459005471
35 0.0286646190585
51 0.0287884258751
0 0.0290396181008
61 0.0292033578965
40 0.0293108138054
59 0.0295953879979
39 0.0302561912476
15 0.0304927128644
43 0.0311148365128
83 0.0312839086057
58 0.0316227239946
34 0.0316879341329
36 0.0317894861609
84 0.0317944702246
96 0.0318405309527
60 0.0319250562161
31 0.0325084496929
28 0.0325224106798
22 0.0327261007902
46 0.0328434724386
72 0.0330799570206
56 0.0338996200613
66 0.03395754654
93 0.0340021769826
100 0.0340353005828
32 0.034350967799
81 0.0346526904929
33 0.0349053611461
99 0.0351220055786
71 0.0355148356888
67 0.0367533143829
77 0.0371079558078
47 0.0374474582851
42 0.0379273416557
98 0.0395510313053
49 0.0414609996741
