86 0.092428749043
91 0.0930297505629
79 0.0933495580705
76 0.0958149450569
89 0.0965699241749
65 0.0974947040601
44 0.0991144937557
95 0.100333363173
53 0.100954078474
27 0.101424845485
78 0.102225825691
9 0.103179728534
52 0.105602206003
26 0.107027343923
73 0.109185929821
82 0.111395556974
70 0.112849741735
3 0.113415735447
0 0.114137101312
38 0.114541629669
7 0.115826155156
55 0.115966234651
51 0.116103947343
90 0.118194565822
2 0.118688813137
35 0.118804392885
6 0.119871918309
50 0.120893934482
40 0.121982201579
15 0.122221009751
12 0.123060420972
1 0.12364953153
59 0.126074189586
64 0.126912799002
10 0.1293641286
68 0.12963584192
48 0.129846153146
4 0.134010254264
85 0.135151637321
5 0.136532388015
8 0.137251786848
29 0.138530693013
97 0.141177629252
61 0.143335957249
69 0.144061565066
43 0.145038312592
87 0.147387635397
39 0.148281493525
17 0.149707261366
36 0.152893668667
34 0.15308554075
60 0.153940989649
58 0.15477807384
16 0.154921623039
24 0.156156634283
22 0.157276402316
92 0.158262890028
83 0.159744744405
45 0.159885590956
11 0.160174922446
37 0.160215680158
20 0.161539598965
84 0.161759443666
46 0.161860201082
28 0.163002532687
63 0.163051050275
18 0.163962930808
14 0.164165392946
30 0.166430330081
21 0.16727233865
62 0.167589808615
96 0.168338232063
31 0.168382693388
94 0.169964463922
25 0.170404348915
75 0.170709758695
13 0.172502503685
56 0.172646319788
41 0.174040075484
23 0.175032160248
19 0.175049861027
32 0.178082037271
72 0.180610066528
66 0.184782674679
93 0.18914049335
33 0.189431253424
100 0.192923128874
81 0.193662887317
57 0.194866454885
88 0.200243259196
80 0.201536748706
74 0.202529540931
71 0.203920597249
99 0.211385346478
54 0.212815172425
67 0.216513801706
77 0.219044174105
42 0.221535597868
47 0.222343973744
98 0.258660526808
49 0.272891475896
