73 0.492656937233
59 0.537448639065
51 0.53778814896
66 0.560072667743
78 0.561081537102
70 0.566515020013
52 0.576077907907
40 0.578040238518
100 0.587497673214
76 0.591695399775
96 0.592576979548
84 0.594752083997
82 0.60218661547
95 0.603327419872
86 0.603445309909
50 0.606269933868
89 0.612860451697
93 0.613498742691
71 0.618851755101
55 0.619491867295
26 0.622609932381
46 0.623579653062
72 0.624251824715
67 0.626358524925
58 0.627199800405
38 0.627437403217
56 0.629773878337
99 0.631808449435
27 0.63673792313
35 0.638766158506
43 0.639289381926
79 0.640638517438
60 0.645971171351
34 0.646123463498
97 0.647557878717
28 0.651941285652
83 0.652831434077
15 0.658518135008
9 0.667742344247
39 0.667785910094
68 0.667916638626
64 0.676728961116
77 0.679564134919
53 0.682172383613
36 0.684929898985
61 0.685762192843
91 0.68652877172
31 0.690118818434
32 0.694826875468
47 0.696785269175
22 0.697342610146
65 0.702107876756
49 0.703844750574
42 0.708305387208
81 0.719921599741
44 0.72131250028
33 0.737590542829
90 0.794866388946
7 0.797967805058
0 0.81776582835
48 0.828893182857
3 0.82975126914
6 0.834252172212
85 0.83998215692
2 0.841771428604
12 0.853668254622
1 0.860512562136
10 0.872074868666
98 0.876650976567
87 0.881833779717
69 0.887090914699
4 0.895788535375
29 0.900243243409
8 0.901692352987
5 0.904093211767
92 0.922375986796
17 0.931121267488
45 0.939653631985
16 0.950484690233
24 0.954121927837
63 0.954427807414
37 0.960978362224
62 0.961978841595
94 0.966270091418
75 0.979267219897
20 0.982820913861
30 0.98561570344
11 0.99193355319
41 0.996057052468
18 0.997554084784
21 0.999608938341
14 1.0020052108
25 1.00598320586
13 1.01839834015
23 1.026471358
19 1.03295986546
57 1.06694278619
88 1.0767078608
80 1.08300432612
74 1.08817039264
54 1.12916565894
