82 0.116367878452
68 0.119224567983
89 0.119881907458
50 0.12050159113
55 0.120560237502
64 0.120895353037
97 0.121511259593
38 0.12158201679
35 0.122724829289
52 0.124009688067
70 0.124219747622
61 0.12510146932
26 0.126844081048
95 0.1268862895
76 0.127203600677
39 0.128373908662
40 0.128798275057
27 0.130369644216
43 0.131019337388
15 0.131498927126
51 0.133261487974
36 0.133432950997
34 0.134062392673
59 0.134122599133
60 0.134650278705
83 0.135241501898
58 0.13589601383
78 0.136537642313
22 0.137073621271
28 0.140584307553
31 0.140774328435
84 0.14250991402
73 0.142836945157
86 0.143261735036
46 0.143473144827
9 0.144272239623
96 0.146234360825
32 0.14995644822
56 0.151691180898
72 0.153750333378
33 0.154838421648
53 0.157248230602
81 0.158669400599
93 0.164321102444
79 0.16872382599
100 0.172722256095
66 0.178100464812
71 0.179758675496
65 0.180791696916
99 0.184584309303
42 0.18664474974
77 0.186763858816
44 0.187212965952
47 0.188008192769
91 0.190069553801
0 0.190672988766
67 0.194319459905
98 0.207102246185
3 0.222389830858
7 0.232763655066
2 0.237971048399
6 0.245098835406
90 0.245695905816
1 0.245886462272
49 0.249378157669
12 0.25159486312
10 0.266818776238
4 0.276567491417
85 0.281120268356
48 0.281547850655
5 0.284889640313
8 0.287740079374
29 0.292331202789
69 0.302336826384
87 0.31030352894
17 0.316261588819
16 0.328213945095
24 0.329577522827
92 0.334461871531
45 0.338036386465
11 0.339135217719
37 0.339467763186
20 0.342617333852
63 0.345243027994
18 0.347694586407
14 0.348281919655
30 0.353056439473
62 0.354431752297
21 0.355098586933
94 0.35964117681
75 0.361532773051
25 0.361596310917
13 0.365845889534
41 0.368453252536
23 0.371503398759
19 0.371828112125
57 0.411150311211
88 0.420771486635
80 0.423719936751
74 0.425696486842
54 0.446692765693
