91 0.0934474639448
90 0.106237237365
44 0.106754309894
65 0.106944999246
79 0.108678352089
48 0.112901581144
7 0.116136628327
6 0.117633457309
85 0.118827452109
12 0.119899504912
3 0.120281348953
86 0.12058198218
2 0.121388910976
29 0.121616523831
87 0.124092014662
10 0.12465718792
69 0.12566368478
8 0.126069080718
5 0.126811613414
53 0.12847746644
4 0.128548214382
1 0.129126213119
92 0.130819329635
17 0.131407982894
45 0.132736770398
16 0.134016920791
76 0.134775975406
63 0.135469501062
24 0.135545334089
37 0.136080477485
62 0.137292646812
94 0.137971474432
89 0.13845498699
20 0.139323067009
75 0.139766517999
30 0.139997510602
11 0.140999348419
18 0.14183397243
21 0.141989263049
78 0.142070784125
14 0.142304205325
41 0.142593354901
9 0.142612588787
25 0.143363008784
27 0.144355944561
95 0.145016125305
0 0.14540634983
13 0.145658481915
23 0.146942414241
19 0.147565455678
57 0.155657426653
52 0.155791610556
26 0.156116602775
73 0.15719530299
88 0.159036429633
80 0.159936094488
74 0.161095991608
70 0.165784230062
82 0.167649856142
54 0.168958206367
51 0.170369878364
38 0.172945949292
55 0.17354939302
35 0.178361117854
15 0.182259935531
50 0.182439769012
40 0.18259219096
59 0.187542455727
64 0.196747395665
68 0.199625229702
97 0.218084699949
43 0.220857735461
61 0.222166406172
39 0.227851119329
34 0.231675836813
36 0.23276968443
60 0.23366531108
58 0.233804869272
22 0.239723673999
83 0.242741240295
84 0.242953367994
46 0.243804324333
28 0.246311817338
96 0.251585934964
31 0.256770522036
56 0.257337874335
32 0.266465125945
72 0.269326442236
66 0.276790014582
93 0.28008360222
100 0.284374584882
33 0.286791723494
81 0.289217612575
71 0.297994362677
99 0.312086318744
67 0.316471318523
77 0.320209175168
42 0.32538848815
47 0.32609274484
98 0.378727310224
49 0.389068247738
