97 0.289480576857
83 0.298501247893
96 0.308125421095
81 0.311850301396
61 0.31333051106
39 0.314732038252
72 0.315252629954
58 0.31553298348
31 0.31590567574
84 0.316282261804
60 0.316373443149
28 0.317086185352
34 0.318060014894
68 0.318083385163
32 0.318664056782
36 0.320619741225
33 0.324895501612
93 0.328594459518
22 0.329484067832
43 0.330367636967
46 0.3306404295
56 0.332684180762
100 0.341504992898
50 0.343772585195
71 0.343863963037
64 0.344113458697
77 0.34991087713
82 0.351079315472
99 0.351105708852
47 0.353767572527
42 0.355710484856
98 0.357081413135
55 0.357469744736
59 0.363605445709
35 0.364177796481
70 0.366433824823
40 0.369210130032
67 0.371450093896
38 0.373160091002
66 0.377127039086
51 0.386655575354
52 0.391599443409
15 0.397150535543
89 0.398966245468
26 0.409344894065
95 0.421550909595
73 0.422867872656
76 0.4338052022
27 0.437837453075
78 0.438507210802
49 0.439389054636
9 0.495965163416
86 0.507499640089
53 0.547908450732
79 0.597501623137
65 0.641492544411
0 0.661080618871
44 0.670504254909
91 0.682428141613
3 0.788138730174
7 0.802208388475
2 0.827102267046
1 0.839637613529
90 0.844235631233
6 0.845213215715
12 0.866348304661
10 0.907534150259
85 0.932041821245
4 0.932789429427
48 0.949915519108
5 0.960048449449
8 0.968595933763
29 0.984232437749
69 0.994093970087
87 1.01109954932
17 1.0379498048
16 1.07143090558
92 1.07616547611
24 1.07773660151
45 1.09213267194
37 1.10141030781
11 1.10975900538
63 1.11150589614
20 1.11496061334
18 1.13129014403
14 1.13378675201
62 1.13388351212
30 1.1396133023
94 1.14555662948
21 1.14839473322
75 1.1551920009
25 1.16516139292
41 1.1763332939
13 1.17871397062
23 1.19348373816
19 1.19621951537
57 1.29135448508
88 1.31532474142
80 1.32315246881
74 1.3295142097
54 1.38736919879
