73 0.21928056965
96 0.219356560076
100 0.221571671048
59 0.222575809067
84 0.223774242713
93 0.225692002252
51 0.226156959397
71 0.226819525021
72 0.226872212604
66 0.227532889716
70 0.229312335861
99 0.230911810648
97 0.231104909519
82 0.23257098268
58 0.232998016053
52 0.233349524078
40 0.233383191906
83 0.233843659902
67 0.2338489222
50 0.234723719167
46 0.235225921855
56 0.235575700376
95 0.23758631135
78 0.23772297984
60 0.237808872524
76 0.238060124145
34 0.238431393294
28 0.238799756676
89 0.239947215972
77 0.24006709826
55 0.240232760859
43 0.240607895945
68 0.242809429316
39 0.242862014822
38 0.24359851131
86 0.244126806333
47 0.245439961625
61 0.246317013295
35 0.246456870922
32 0.246804003411
31 0.247116647874
81 0.24724608776
64 0.248207880086
26 0.248361717658
36 0.248883436032
42 0.249520177551
49 0.253241233797
27 0.25403521322
22 0.254118779112
33 0.25785413934
15 0.258624038118
79 0.258647721989
53 0.264075891256
9 0.270208762612
65 0.273823198779
91 0.276593228029
98 0.27852951851
44 0.281665019629
90 0.300911933361
7 0.306927701987
85 0.313091170354
48 0.316153859792
6 0.319216617564
0 0.319304025373
3 0.320819726123
2 0.323750924523
87 0.324180964935
12 0.32454140532
69 0.327079300151
1 0.328744591653
10 0.329571935619
29 0.334802012722
92 0.335486784474
4 0.336896512827
8 0.336913536354
5 0.338578812763
45 0.341628420159
17 0.343275009572
63 0.34582338664
62 0.346562461685
94 0.347893675441
24 0.348021770679
16 0.348738161031
37 0.349309728306
75 0.352154077948
30 0.356167063907
41 0.357003217047
20 0.357597995104
21 0.361738136683
11 0.361760232904
18 0.36191939805
25 0.362324479146
14 0.364016361081
13 0.366311287649
23 0.368312348672
19 0.371210031359
57 0.375770766406
88 0.376063774183
80 0.378339294046
74 0.3794356239
54 0.390979076184
