91 0.17203403351
79 0.18088076669
86 0.186598019663
65 0.194063571921
44 0.195267484494
76 0.207417780922
53 0.214177126572
95 0.218421203983
90 0.226160769277
89 0.228350756146
3 0.233261687669
7 0.234285623236
73 0.239237223712
48 0.24074450431
9 0.240857052483
27 0.24203963704
6 0.242827925968
2 0.243504221208
78 0.246880587964
52 0.249391629032
12 0.252342680448
26 0.258277971796
0 0.258823260959
82 0.263471136318
1 0.267350488268
10 0.271306517942
85 0.27452580898
38 0.275549844534
29 0.279201293383
51 0.279893548178
70 0.281706441441
4 0.286004978516
5 0.286118895245
8 0.286942393163
55 0.289137482153
40 0.296560422807
35 0.298434563758
87 0.301515843115
50 0.302083034548
64 0.302218568382
69 0.302778544122
59 0.307881635121
15 0.308414211271
17 0.317908214663
68 0.323809887377
92 0.329286814707
16 0.329405956175
45 0.333598734775
24 0.338064228088
37 0.343567574824
63 0.344801335519
20 0.351000540994
11 0.352355914681
97 0.352406588749
62 0.354471264106
61 0.356361308953
94 0.356437066006
30 0.359404679507
14 0.360068988817
18 0.360224620366
75 0.362646288697
21 0.363275538168
43 0.366177201659
39 0.370352072697
25 0.371501341601
41 0.373256645995
13 0.378798817481
23 0.384720623321
19 0.384918230916
58 0.396481324688
34 0.397035928565
36 0.398339610851
60 0.401276159567
84 0.406227430114
22 0.408731747747
46 0.410895668558
83 0.412824596161
28 0.417852102916
57 0.423043240664
31 0.423561888964
96 0.424973503477
66 0.426106210499
88 0.439742865683
80 0.441835252872
56 0.443014232498
74 0.447415292717
72 0.454589150151
100 0.47341776936
93 0.474103642764
32 0.475137080294
54 0.476145896987
33 0.482957229526
81 0.50587441673
99 0.506098482445
71 0.516452665723
67 0.531678496323
77 0.558466271726
47 0.559916451647
42 0.564113295394
98 0.662310023172
49 0.668264160016
