80 0.198179331935
88 0.19913356466
74 0.201496109872
54 0.202065374054
57 0.20483753359
94 0.21065778769
62 0.219203336896
75 0.221186939277
92 0.221219791111
41 0.22398989634
45 0.23028980698
63 0.231640744417
87 0.232048483339
30 0.247150086174
25 0.250448798751
37 0.252021167837
23 0.252040940184
48 0.25592859023
19 0.256311874084
13 0.256864253782
85 0.257425694075
21 0.257918243126
69 0.259291126133
16 0.265237476213
90 0.266401601714
20 0.268804110596
24 0.269681716706
17 0.273278506087
18 0.27391088177
29 0.274940501243
14 0.276445320979
11 0.287992202014
8 0.306081626276
91 0.307880267199
5 0.314080379564
10 0.331367993249
4 0.332395742705
6 0.333746112324
12 0.333812912438
7 0.335398431865
65 0.349324971928
44 0.351393321806
2 0.3641776084
79 0.371944783818
1 0.379853845042
3 0.386444383634
86 0.431751611935
53 0.4381485837
76 0.483146117684
89 0.495931567487
78 0.505000888604
95 0.50950149437
0 0.511004594641
73 0.518405219383
27 0.52525598899
9 0.525787774298
52 0.549475540325
26 0.557619633863
70 0.568787788624
82 0.572701884692
51 0.573227559075
55 0.595030242617
38 0.600381012347
59 0.61175340682
35 0.613166851077
50 0.615503233983
40 0.616181680572
15 0.633980428658
68 0.647456833267
64 0.649571778631
97 0.677709695909
61 0.704181460245
43 0.708053279401
39 0.718949247689
58 0.722832057255
34 0.724090848955
60 0.72975767989
84 0.730388737527
36 0.732549973848
83 0.736213738879
96 0.73705954973
46 0.748200190949
28 0.752565169795
22 0.755336508286
56 0.770398719142
66 0.777113036738
72 0.779488106045
31 0.781968593846
100 0.788874375031
93 0.793002391144
32 0.795187398204
71 0.8175782568
81 0.830448237092
99 0.84500108015
33 0.848645718586
67 0.854285654353
77 0.87541047102
47 0.894111626015
42 0.901660462532
49 0.969473719016
98 1.00153611835
