94 0.175619211704
92 0.178569302384
87 0.182126216715
62 0.182605332919
80 0.183261613535
57 0.183694273174
88 0.184261342233
75 0.185526795538
45 0.187077991209
74 0.187522787466
41 0.189715109096
63 0.190074085429
54 0.192833584779
90 0.194506503273
85 0.195942077284
48 0.197367713887
69 0.202432946098
30 0.204514556381
37 0.205456835259
91 0.208312936445
25 0.209251506358
16 0.210597168766
29 0.211263033283
21 0.212804393657
23 0.213443735219
17 0.214878569556
19 0.215254432627
13 0.216325029907
24 0.218293885879
20 0.218867092987
18 0.224796838302
14 0.22572238779
11 0.233439085515
8 0.23662087637
5 0.240603339141
65 0.242550353475
7 0.245325870805
6 0.245623958131
12 0.246817376257
44 0.246940505521
10 0.25112686275
4 0.252330828446
79 0.262252176699
2 0.266204864899
3 0.281218157543
1 0.282520988393
86 0.311282899029
53 0.316315576066
76 0.340298992123
89 0.343596089497
78 0.347387530567
27 0.365951474013
9 0.367879776653
0 0.371416118236
73 0.376401770059
95 0.377670238554
26 0.392754917558
52 0.396218896999
70 0.399775459686
82 0.409887202031
51 0.409902660237
55 0.41974039607
35 0.437387780997
38 0.438121988547
50 0.441609089348
59 0.445073154859
40 0.448511581451
15 0.451739025092
68 0.475868839923
64 0.490983888499
97 0.513451897758
43 0.527367338149
61 0.530440480596
34 0.534349167992
39 0.538385527645
58 0.539180908206
36 0.539958555374
60 0.551062394563
84 0.556574210011
83 0.55842273994
22 0.562129767776
96 0.56311885879
46 0.565371357824
28 0.56656066307
56 0.577591842591
32 0.593872091041
31 0.596875766235
72 0.607112404857
93 0.618649115393
100 0.626858384858
66 0.629443545885
81 0.63575419872
71 0.639716673702
33 0.655733154013
67 0.685903572728
99 0.689804643383
77 0.692956280261
47 0.711489437698
42 0.714347288069
49 0.809293607595
98 0.809642271196
