91 0.10079009132
79 0.111085895001
44 0.115612903489
65 0.116551672713
86 0.117090520417
76 0.13185530804
3 0.133422533852
53 0.133762547405
9 0.135337580337
89 0.137441411688
78 0.140080003426
27 0.14017529751
7 0.141440702266
2 0.143354539687
90 0.144150593289
6 0.145634846416
95 0.146062490604
0 0.147226457217
12 0.150798721985
1 0.155157634925
26 0.155353531807
52 0.156539368173
48 0.160789102272
10 0.161787759257
73 0.165765974359
4 0.170169901089
5 0.172928757905
70 0.173189762338
8 0.174051065962
85 0.174876312393
29 0.175370434994
82 0.176621373982
38 0.178923446125
51 0.17963308481
55 0.182603991485
35 0.187568121591
15 0.188352712631
69 0.189598944358
40 0.194149116667
50 0.195431010169
87 0.195761117533
17 0.197374725956
59 0.205479763563
16 0.206023269665
24 0.208112619358
11 0.213633162554
92 0.214668140337
37 0.215520017342
45 0.215831128743
64 0.216624231133
20 0.216702238904
18 0.220537594411
14 0.220608485273
63 0.221465747251
68 0.224671998971
30 0.225992758144
21 0.226590833984
62 0.230019028146
25 0.232385584003
94 0.234473580219
75 0.234815748535
13 0.235406206323
19 0.239630651897
23 0.239918697245
41 0.240224391874
43 0.251180699351
61 0.256184025078
97 0.256423739682
39 0.263976026749
34 0.270711675909
36 0.270860543673
60 0.273594196359
58 0.275704997152
57 0.276481987873
22 0.278596533344
88 0.286500142013
80 0.288735604541
46 0.28884079035
74 0.29028170747
83 0.292182164117
84 0.292935968505
28 0.294236715715
54 0.307828484243
31 0.308275654451
96 0.310551500707
56 0.312064516053
32 0.326262905169
72 0.337078209658
66 0.347425388534
33 0.354217638445
93 0.355544705775
100 0.365143856039
81 0.366629952587
71 0.387434734029
99 0.409278148127
67 0.415093520996
77 0.419561223313
42 0.422679767124
47 0.426619730154
98 0.513782171142
49 0.539847173189
