97 0.105400940907
68 0.105410522385
50 0.105456747552
82 0.107485693809
55 0.107735831274
61 0.108554483859
39 0.108992617885
35 0.10926727265
34 0.109373980867
60 0.109989617995
36 0.110043208303
64 0.110132472045
43 0.110160605979
70 0.110767924869
38 0.111081826401
83 0.111095556866
58 0.111666806606
22 0.112819999768
40 0.114101411581
28 0.115128991208
52 0.115767993784
89 0.116574492669
31 0.116764381732
15 0.116828754335
59 0.117031351845
84 0.117058817222
46 0.117312271859
32 0.117905305229
26 0.118329947701
51 0.119339911036
96 0.119463788043
56 0.121903070193
95 0.124947355575
72 0.125309239688
27 0.125319021575
76 0.125985982523
33 0.126160627269
81 0.126856603825
78 0.12725663068
93 0.133617548994
73 0.134249722475
9 0.140505399632
100 0.142451796818
71 0.144734751977
86 0.14577359301
42 0.149646962351
77 0.14969579509
47 0.152153609395
66 0.152819880784
99 0.155245411621
53 0.159217617419
67 0.159575773438
98 0.169305922783
79 0.178108812824
0 0.192003040853
65 0.192086370162
44 0.198163180098
49 0.206435855079
91 0.208202204079
3 0.23133920645
7 0.243848117601
2 0.248113542878
1 0.252039126792
6 0.257065475628
12 0.262412478369
90 0.262690757855
10 0.274970149089
4 0.283839277045
5 0.293858750996
85 0.293918143694
8 0.296759748794
48 0.300280906516
29 0.30574380555
69 0.312834312372
87 0.324771502014
17 0.325979584936
24 0.33600222265
16 0.33815247246
11 0.343474843013
37 0.348150807733
92 0.348471213813
20 0.349229560404
45 0.350533592795
18 0.352486013959
14 0.353352554326
63 0.356584412655
30 0.361067339116
21 0.36194043434
62 0.366239373865
25 0.368028732244
13 0.370612846137
75 0.37285675378
94 0.373607709977
23 0.37646005008
19 0.376818358696
41 0.378101904905
57 0.419921737142
88 0.427156392133
80 0.430692041808
74 0.430911499905
54 0.449407085094
