92 0.237834476433
94 0.238472206006
87 0.238961269965
48 0.242854359045
62 0.245935574563
90 0.247518842879
45 0.247909259626
75 0.249883759218
63 0.251849529744
85 0.253758666429
41 0.256303364631
57 0.259974366373
69 0.26224965788
80 0.264139894194
88 0.265068148958
91 0.265220939632
37 0.268331080261
29 0.268687383512
30 0.269531220168
74 0.269739843407
16 0.271594065972
17 0.275176762454
25 0.276546755913
21 0.27885358542
54 0.281123885386
24 0.282730646788
23 0.282791437542
20 0.283696106797
13 0.284993766098
19 0.285141823527
18 0.291780689606
14 0.292822306841
8 0.297459379144
11 0.300462203046
5 0.303009812536
6 0.307916211137
7 0.309960899593
12 0.311340418219
10 0.31557778524
4 0.31846804948
65 0.319457628722
44 0.321978975257
2 0.336185985831
79 0.344990893336
1 0.356503532531
3 0.357670172387
86 0.424824795332
53 0.432290783317
76 0.488982522662
0 0.491669775994
89 0.505890031676
78 0.522011791041
9 0.525628181451
95 0.530787182692
27 0.535031795193
73 0.564581039517
26 0.584760477102
52 0.585860656848
70 0.618157440507
82 0.622145056417
51 0.63132437385
55 0.64812045995
38 0.6543166516
35 0.670724628088
50 0.685634450761
40 0.687670196785
15 0.688651464032
59 0.696194869884
64 0.735562433316
68 0.738186574342
97 0.803499985518
61 0.82606937449
43 0.831201108372
39 0.850533509881
34 0.863736946698
36 0.866359014431
58 0.86954298572
60 0.878107414151
22 0.897040569045
83 0.898452810312
84 0.900416532838
46 0.910698937553
28 0.914465573326
96 0.923234954942
56 0.950996116425
31 0.955771578088
32 0.9836690338
72 0.992584299633
66 1.00513811491
93 1.02251735072
100 1.03191439577
81 1.05548931069
33 1.06358708078
71 1.07496185914
99 1.12937129426
67 1.14141837024
77 1.16213297631
47 1.18606064623
42 1.18974305803
98 1.35920309558
49 1.37134624579
