70 0.100426478945
51 0.101815346856
59 0.102333458891
78 0.102337157074
73 0.10405281222
50 0.106005442092
40 0.106570121086
55 0.107623640546
52 0.107734753896
82 0.109961767295
35 0.111063407005
89 0.111085152865
84 0.111448014828
26 0.111938922304
58 0.112352127066
96 0.112546433584
34 0.113211893076
43 0.113458967034
60 0.113914431527
38 0.114295621878
46 0.114476740994
15 0.115221149022
97 0.115617980278
83 0.115774113384
27 0.116008626953
56 0.116962781832
28 0.11701899578
76 0.11748888371
68 0.117896528595
39 0.118204237893
36 0.118372074044
72 0.118792132736
22 0.121078400896
93 0.1213549363
61 0.122106955887
100 0.122281050091
32 0.122726231047
31 0.123357511194
66 0.124441724402
9 0.125041072793
71 0.127189377716
64 0.127304306928
95 0.127513177605
81 0.130591378751
86 0.132179595759
33 0.132477586368
99 0.132621157381
67 0.134332617873
77 0.135866011049
47 0.138531498363
42 0.138707091627
91 0.147509916342
79 0.149533137238
53 0.159328733519
49 0.163653626658
65 0.164605589823
98 0.166324727264
44 0.167058586477
0 0.187828354356
3 0.200354696781
90 0.211299020768
7 0.211399204125
2 0.215828541335
6 0.21953922052
12 0.227014670757
48 0.231835275558
1 0.232853128918
10 0.243345588756
85 0.248801940901
29 0.254259495437
4 0.254508966299
5 0.256818112213
8 0.257995103277
69 0.269645270375
87 0.269796537153
17 0.282210655285
92 0.289466916692
16 0.291007404456
45 0.292976979797
24 0.294899381346
37 0.299560110451
63 0.300536994909
20 0.305057786963
11 0.305576829234
62 0.30634823245
94 0.308220673785
30 0.310436248313
18 0.310899286437
14 0.311398848273
75 0.31232033883
21 0.313779951547
25 0.318608088354
41 0.31920947533
13 0.323559081691
23 0.32746521899
19 0.328260234428
57 0.350901095568
88 0.359017894438
80 0.360851719789
74 0.363835836452
54 0.381632474166
