82 0.236743801351
97 0.239263763599
68 0.240138328246
89 0.241226720378
70 0.242936709108
50 0.244651752028
55 0.245343179878
95 0.245453461471
52 0.248610446687
59 0.24953668673
35 0.250981348772
64 0.250985822413
38 0.251868903609
51 0.252936989746
76 0.252945399336
40 0.25345512496
61 0.253643292942
83 0.254978939328
58 0.255721885392
34 0.257191431571
60 0.25779427435
39 0.257892088587
43 0.2590500032
96 0.259114943621
36 0.259228080559
26 0.25945116715
73 0.25972572003
84 0.260848795842
28 0.2635243509
27 0.264873377016
22 0.268033464472
15 0.268273143804
46 0.268325121268
78 0.268428422126
32 0.271675785074
86 0.27168815727
56 0.272300751644
31 0.274850036584
72 0.275026142016
53 0.2792868949
93 0.282211159023
81 0.282375721572
100 0.289467016466
71 0.291104808835
9 0.291254398424
33 0.294973050278
79 0.298385697931
66 0.304652443876
77 0.31043629078
65 0.312020530977
67 0.316223855214
99 0.316390557631
47 0.319264572894
42 0.31936613624
44 0.329299382771
91 0.345661993522
0 0.346673086711
98 0.358368144678
7 0.375059500069
49 0.377270597875
90 0.386857273014
3 0.387169996949
2 0.395512043739
1 0.397011544948
6 0.397021201855
12 0.405738151794
85 0.410669282902
10 0.420032193096
4 0.429037663765
48 0.438350449821
69 0.439187887933
5 0.439421394731
87 0.441537492932
8 0.442127852164
29 0.447503715849
17 0.462635532605
92 0.468797884244
16 0.476268291063
24 0.477398891538
45 0.477425599652
37 0.485445924108
63 0.485809897885
62 0.493445536545
20 0.494886318345
11 0.496326419243
94 0.497972698133
30 0.501489180448
18 0.502723972707
75 0.503303642374
14 0.50509517216
21 0.50756775589
25 0.513112028468
41 0.513183980098
13 0.518456171374
23 0.524514599376
19 0.528255880338
57 0.560988322685
88 0.567291456546
80 0.571692817391
74 0.573420763821
54 0.597269862057
