94 0.163426739318
92 0.167306198473
62 0.170954859696
87 0.1731845385
57 0.173502886123
75 0.173747103477
80 0.174389967974
88 0.175328117327
45 0.176610761397
41 0.178305699982
74 0.178859546892
63 0.17892209083
54 0.185590637415
48 0.192781035221
85 0.193555407317
30 0.194669388978
37 0.196398752184
69 0.197035651327
90 0.199200462848
25 0.199612070767
16 0.203224224131
23 0.203552400178
21 0.20372097448
19 0.206023512472
13 0.206801103838
17 0.209349090679
29 0.209964278633
20 0.211348865058
24 0.211993028086
18 0.217891411251
14 0.219091478752
11 0.228710095192
8 0.239458424201
91 0.243075614379
5 0.245855715867
6 0.26269576167
10 0.262783579713
4 0.262831600496
12 0.263274501581
7 0.266007020501
65 0.287112901277
44 0.289898808236
2 0.293572040891
1 0.310705082408
79 0.319400595296
3 0.320305910376
53 0.404168384425
86 0.406713160987
0 0.46834129851
76 0.478900641762
89 0.499175097572
9 0.519387900564
95 0.519946147344
78 0.523384407307
27 0.529924615828
73 0.570504452578
26 0.58355237624
52 0.58600162804
82 0.621318034985
70 0.622921879508
51 0.637981238804
55 0.650476153884
38 0.655853845966
35 0.674290364625
50 0.690828986889
15 0.692832470488
40 0.695212723811
59 0.706123763271
64 0.737470690619
68 0.742950956549
97 0.814796270339
61 0.835801993634
43 0.84482578731
39 0.862860555826
34 0.878135081723
36 0.879639464707
58 0.885209869753
60 0.895188183831
22 0.912333927267
83 0.915224774926
84 0.920396986797
46 0.930034965413
28 0.932659107539
96 0.943248738801
56 0.970792057196
31 0.975077922282
32 1.00272498036
72 1.01760046628
66 1.03914228947
93 1.04871723142
100 1.06189656664
81 1.07829132724
33 1.08818382917
71 1.10252653705
99 1.16626001807
67 1.17682213038
77 1.19317818724
47 1.2195161227
42 1.22297941934
98 1.39737206118
49 1.41940954211
