94 0.173940937788
80 0.175006303969
88 0.175860235306
57 0.177169108515
74 0.178685174812
92 0.180096415603
62 0.181186537274
54 0.182702966526
75 0.183506455906
41 0.186958694391
87 0.187288926059
45 0.188445280145
63 0.190299428886
30 0.204742051507
37 0.207515646059
85 0.207667654394
48 0.208326885218
25 0.208673597056
69 0.210668086837
23 0.211405087779
21 0.213839977007
90 0.214378505467
19 0.21453868692
13 0.214910083661
16 0.216480084142
20 0.222080094289
24 0.222501753379
17 0.222778221762
29 0.223513856042
18 0.227488816567
14 0.229232661725
11 0.238750614569
8 0.25147339474
5 0.258025649186
91 0.258893304061
10 0.273812296297
4 0.27422345197
12 0.275286261553
6 0.275293547829
7 0.277178882588
65 0.293838171292
44 0.296192557263
2 0.303825133908
1 0.318357163763
79 0.321363065942
3 0.327058321329
53 0.386661273983
86 0.38861846823
76 0.448029136399
0 0.454516186664
89 0.465459387518
95 0.476158967547
78 0.491274980789
9 0.49202501682
27 0.496205334876
73 0.520173297186
52 0.535006243497
26 0.536884901233
82 0.557485324034
70 0.565435416776
51 0.577103705397
55 0.585844874995
38 0.587467939623
35 0.605187112209
50 0.614950902404
40 0.620257150181
15 0.625887224376
59 0.627902704345
64 0.641886685956
68 0.648357943399
97 0.696715175424
61 0.71796303865
43 0.73126362448
39 0.740527589736
34 0.75672126825
36 0.75923283112
58 0.76013464151
60 0.767827481625
83 0.778354668083
84 0.781846660605
22 0.78522457509
46 0.794626199611
28 0.795622706414
96 0.79708660683
31 0.824487366546
56 0.827069138781
72 0.850805753645
32 0.851947680473
66 0.864413491534
93 0.875237349136
100 0.881327780616
81 0.901621142933
33 0.910348794955
71 0.916951337731
99 0.953105081608
67 0.968965195878
77 0.984471173883
47 1.00309375777
42 1.00855461216
98 1.12931606895
49 1.1440854596
