86 0.112332903478
76 0.114934863716
78 0.11737456233
95 0.12019609137
89 0.120209554428
73 0.121187652559
79 0.121805684189
52 0.123642948684
27 0.124095310566
53 0.125057340932
9 0.126890079352
26 0.127588137623
70 0.129352774981
51 0.129601665284
82 0.133813449794
65 0.134024849356
38 0.137603368002
44 0.137639878015
55 0.138255150695
40 0.139861981544
91 0.140920808667
59 0.141248956912
35 0.142619631113
50 0.142833594799
15 0.144592867754
0 0.148598867466
3 0.15904805074
64 0.160318279698
7 0.160488121328
68 0.164053120107
2 0.166321144842
1 0.168362695313
6 0.170012249124
90 0.173652570964
43 0.173916540112
12 0.174362314679
10 0.180418931709
97 0.180422839482
61 0.182182935104
39 0.183909269345
34 0.183942283308
58 0.185432503045
4 0.186514787779
60 0.187273668487
36 0.187872026871
85 0.190784669582
46 0.191853413007
84 0.192486868669
22 0.193059552882
5 0.193121083806
48 0.193377570969
8 0.194614144237
28 0.197789008031
83 0.198573685039
96 0.202080275685
29 0.202345625736
56 0.203225234526
69 0.204102662093
31 0.210065426693
87 0.212470493473
17 0.213378444017
32 0.217360392743
66 0.220359260324
72 0.220885200012
24 0.220984345643
16 0.222108195948
11 0.226785865579
93 0.228779391082
37 0.229601029594
92 0.229808298909
20 0.230512262482
45 0.231473512372
100 0.232644859637
18 0.233205885797
14 0.23387279802
63 0.235702698129
30 0.239339279524
33 0.239716355256
21 0.23986825657
62 0.243359954441
81 0.244384935827
25 0.244639460367
71 0.245516801784
13 0.246248437912
75 0.248243278096
94 0.248960013194
23 0.250737984136
19 0.25124457447
41 0.252486385839
67 0.263082469743
99 0.265138992743
77 0.270588367531
42 0.275113705375
47 0.277058852243
57 0.285794998555
88 0.291916168271
74 0.29475731064
80 0.294761065325
54 0.309217199564
49 0.342669628447
98 0.348600918147
