88 0.0229071897356
80 0.0230072848434
74 0.0230495374917
54 0.0230818335944
57 0.0238085910703
94 0.0245717323646
62 0.0249824441018
75 0.0252051706686
41 0.0252906080857
92 0.0254140345793
63 0.0261206283342
45 0.0261257244826
87 0.0264408419474
30 0.0272756799394
23 0.0274154210723
25 0.0274320845796
37 0.0277735378183
13 0.0277885483463
19 0.0279602702279
21 0.0282672262842
69 0.0285662777387
85 0.0288289879226
24 0.0290794199056
20 0.0292750594858
16 0.029493876327
18 0.0295035099107
48 0.0297211995591
14 0.0298908963182
17 0.0302409844976
90 0.0308364731557
11 0.0308950546852
29 0.0309603994822
8 0.033496350497
5 0.0345424080581
10 0.0363144811395
4 0.0364049743218
12 0.037470083515
6 0.0378086334825
7 0.0378667213602
91 0.0387082838352
44 0.0408116322189
65 0.0408420105417
2 0.0412221406357
1 0.0421379406559
79 0.0434602018632
3 0.0437969997562
53 0.0497051150892
86 0.0498382560779
76 0.0581744476072
0 0.0592944684766
95 0.0598211483164
89 0.0614382068897
78 0.0637703429174
9 0.064220412912
73 0.0645816516808
27 0.0647335829172
52 0.067506015413
26 0.0690479221322
82 0.0710781172639
51 0.0723830501865
70 0.0725257227573
38 0.0734727375438
55 0.0749985950473
35 0.0769266321307
40 0.0772360657292
50 0.0773914680968
59 0.0777438391246
64 0.0786267278235
15 0.0793114919004
68 0.0813254504351
97 0.0864077498363
61 0.0883488613312
43 0.089773117787
39 0.0908465543338
34 0.0930316032062
58 0.0932639304006
60 0.0936111409213
36 0.0940722157358
84 0.0942563464729
83 0.0952960049668
46 0.0959670851509
96 0.0962329852551
22 0.0965954576158
28 0.0974169732373
66 0.0989098786944
31 0.0998681558157
56 0.100010040119
72 0.101547964094
100 0.103192165447
93 0.103755660043
32 0.103815746619
71 0.108450778823
33 0.109195802675
81 0.109331126101
99 0.110438818913
67 0.112097736741
77 0.115711447227
47 0.11764694403
42 0.118244603691
49 0.129715351351
98 0.133073945607
