88 0.0212165925876
80 0.0212530730207
74 0.0213770883024
54 0.0214867308767
57 0.0218206507297
94 0.0221100755311
62 0.0225088384223
92 0.0226291835806
75 0.0227282002846
41 0.0228839444176
87 0.0232126199235
45 0.0232637878348
63 0.0233511321958
30 0.0243605891848
25 0.0245823317691
37 0.0246254560377
85 0.0246813841524
23 0.0246972318064
69 0.0248203159382
48 0.0249439938498
13 0.0249702191499
19 0.0250674476625
21 0.0251472327092
90 0.0254280288401
24 0.0255941277354
16 0.0257110579446
20 0.0257988847305
18 0.0260613047377
17 0.0261477630982
29 0.0262951090485
14 0.0263219520736
11 0.0270004666792
8 0.0281398397296
5 0.0287945834809
91 0.0288218629182
10 0.0297069489401
4 0.0299250618404
7 0.0299907534078
12 0.0301247763346
6 0.0301756809987
65 0.0305212285183
44 0.030765945698
79 0.0316133675508
2 0.032251702117
1 0.0330766382203
3 0.0335775480564
86 0.0345558183242
53 0.035199192972
76 0.0380916990139
95 0.0391453965691
89 0.0393766247372
73 0.0396515559357
78 0.0400983489527
27 0.0415792971211
0 0.041814035499
9 0.0420515466724
52 0.0421005765937
26 0.0433504462481
82 0.0435197437702
51 0.0435960340855
70 0.0438759081432
38 0.0452229804425
55 0.045433607212
59 0.0457223043263
50 0.046235789295
40 0.0462836859409
35 0.046645600481
64 0.047474142732
68 0.0480312903282
15 0.0483285950039
97 0.0494680300534
61 0.051162178427
43 0.0517315399746
39 0.0520856556234
84 0.052299281686
58 0.0525277876017
96 0.0526447410642
34 0.0526700369299
60 0.0529511079952
83 0.0531617338365
36 0.0536219555582
66 0.0536786833119
46 0.0537703965008
28 0.054504746193
22 0.0550268958499
100 0.0550378503811
72 0.0551130982915
56 0.0552170040647
93 0.055692897049
31 0.0558570502898
32 0.0571085012563
71 0.0572954300586
99 0.0580986550778
67 0.0588659981136
81 0.0590403733595
33 0.0599220552513
77 0.0607788728763
47 0.0618971005023
42 0.0624672087157
49 0.0654274876159
98 0.0687367752801
