90 0.0694308234911
85 0.0739977597054
48 0.0766335544512
29 0.0775505332836
91 0.0776809094751
69 0.0779282310337
87 0.0788317862594
7 0.0799505116405
8 0.0799641763779
6 0.0801103124047
12 0.0803246957894
5 0.0805921815506
10 0.0811960199604
17 0.0815922348081
4 0.082336014438
16 0.0836533931834
44 0.0838873641457
24 0.084309544611
65 0.0845415960251
92 0.084814275767
45 0.0856161961765
37 0.0859054301244
2 0.0860869926035
20 0.087094322984
63 0.0873575852548
11 0.0873685486815
18 0.0885490177999
14 0.0887176209929
30 0.0892643385716
21 0.0898043412801
1 0.0902103936664
62 0.0903278804525
3 0.0910963210169
25 0.0914985831126
75 0.0922292686275
94 0.0923767909889
13 0.0926605912039
41 0.0941054339516
19 0.0941303898389
23 0.0941379967703
79 0.0957898615802
57 0.10923125635
88 0.113556275781
80 0.114631224056
74 0.11492079842
53 0.122118114848
54 0.122232068742
86 0.125323044454
0 0.138820744605
76 0.159618164173
9 0.16976724435
89 0.171082850907
95 0.17595119866
27 0.179384416978
78 0.184735671899
26 0.205063203727
52 0.210251764702
73 0.215259387036
82 0.230875167976
70 0.233809596945
38 0.239441853179
51 0.242447618691
55 0.243105488879
35 0.251201998717
15 0.254456645804
50 0.264004338969
40 0.265444372421
59 0.27897253886
64 0.281954275639
68 0.293393933173
97 0.33948387374
61 0.339968478654
43 0.342435464886
39 0.354547024096
36 0.362684600016
34 0.365009802147
58 0.372539463314
60 0.373078809458
22 0.375685467938
83 0.392541596435
46 0.392781899505
84 0.396202273732
28 0.396498326618
31 0.415168841624
96 0.416111679261
56 0.419018029338
32 0.434434497605
72 0.452834493254
66 0.462261566523
93 0.473492937913
33 0.475151305439
81 0.483670408412
100 0.484443369549
71 0.509056172983
99 0.542436449631
67 0.545547491766
77 0.553596451934
42 0.561234929173
47 0.564458964704
98 0.666732415551
49 0.691647557892
