91 0.0880783963814
79 0.0887092348736
65 0.0895766277162
86 0.090918826537
44 0.0910094252121
53 0.0960816327293
76 0.0987569505812
89 0.100916514256
95 0.104097075841
3 0.105094525276
7 0.106133206235
27 0.106253010667
9 0.106589076518
90 0.107424622158
2 0.109467212715
6 0.110173035999
0 0.110761927057
78 0.111146816786
12 0.112894424706
1 0.114372389901
26 0.114963858182
52 0.115452165913
10 0.119168817704
48 0.122363330517
82 0.122522520604
85 0.123384673843
4 0.12344951007
5 0.125795853331
38 0.125880348645
70 0.125920920643
73 0.12602970668
8 0.126658794982
29 0.12750426129
55 0.128457463661
35 0.13156964086
51 0.132266827045
69 0.132619825911
15 0.135067808373
87 0.135992377692
50 0.136019886991
40 0.138331997604
17 0.138660026301
64 0.142408132391
16 0.143940361718
24 0.145099062556
59 0.146402604287
92 0.147293242752
68 0.147599846589
45 0.148824213459
37 0.149388751869
11 0.149518653583
20 0.150841240471
63 0.152210744044
18 0.153376081634
14 0.153551911028
30 0.155821555735
21 0.156657084861
62 0.156936556297
94 0.15952139818
25 0.159921030193
75 0.160240380304
13 0.161996702959
41 0.163621272809
23 0.164716241876
19 0.164717633526
97 0.165462637223
61 0.166319877004
43 0.168373363465
39 0.172751764519
36 0.178148402477
34 0.179250019528
60 0.180922828735
58 0.182379012778
22 0.183532513461
57 0.185530804659
83 0.189649203527
88 0.191238704229
46 0.191910696249
80 0.192639923144
28 0.192886485291
84 0.193345823603
74 0.193681573975
31 0.199392569237
96 0.202846082212
54 0.204566355253
56 0.205825808843
32 0.211439615003
72 0.218149985389
33 0.22649550004
66 0.230391265053
93 0.230406644997
81 0.232896762366
100 0.237358714334
71 0.250124824208
99 0.262058197065
77 0.267975701878
67 0.268001872797
42 0.2699146497
47 0.271909907606
98 0.316862097628
49 0.342549796268
