73 0.222471446576
78 0.23493073697
51 0.247530109391
76 0.249558787215
86 0.252066023482
91 0.255458385964
70 0.25567290657
52 0.256407583145
89 0.259108198241
59 0.259984244222
79 0.260024036525
95 0.268825052975
27 0.269338520635
26 0.270851001741
40 0.272153282022
82 0.273980464368
9 0.277611584577
55 0.281486450094
50 0.283948326298
65 0.28554055482
38 0.287959751825
44 0.291282238673
35 0.29294497162
53 0.296083977013
15 0.299781519674
84 0.32258190654
43 0.322604378056
68 0.323350948091
58 0.327717448717
64 0.327886057388
97 0.328208085929
96 0.328547446086
66 0.328874720237
90 0.332122275615
46 0.332836530182
34 0.334077608821
60 0.336964074912
39 0.339714705321
7 0.340543149247
61 0.34433136252
56 0.344495533713
28 0.345033230356
83 0.345164861847
3 0.346070938243
100 0.348431077788
36 0.348910963139
48 0.3513073418
72 0.353246229682
0 0.354798601718
6 0.355094459321
93 0.355969302377
2 0.357054085437
22 0.357375786247
12 0.366056933336
31 0.366946666008
71 0.370759430451
85 0.372931312813
1 0.378341844875
32 0.378436251757
99 0.381725246819
10 0.383542299138
67 0.384909507662
29 0.392297966607
87 0.397578006232
4 0.397802041627
5 0.399884697035
8 0.400080137049
69 0.401931077521
81 0.403677344125
33 0.405729237595
77 0.409190973607
47 0.418076115234
17 0.422437170903
92 0.422454855928
42 0.422729878706
45 0.430319567091
16 0.433122525661
24 0.440114343791
63 0.440579103732
37 0.443249974725
62 0.446614061136
94 0.447516358877
20 0.454083503792
75 0.45559540264
30 0.457722082141
11 0.45854597023
18 0.463378293174
49 0.464049453106
21 0.464277002465
14 0.464347666912
41 0.465978626788
25 0.469868669557
13 0.47814403757
23 0.482767754888
19 0.484290959616
57 0.508298731532
88 0.519703437695
80 0.522007189956
98 0.525938829302
74 0.52696771632
54 0.552495932639
