59 0.193145492891
96 0.194941951551
51 0.196715772448
70 0.19709496129
84 0.197653919119
73 0.19765870748
100 0.20167922053
58 0.202944524094
93 0.203122182889
72 0.203693618279
56 0.204408335955
71 0.204453351786
50 0.2054352132
40 0.205535371365
46 0.205640119707
34 0.205837062402
78 0.205944078768
83 0.205965094818
60 0.206355685575
66 0.208946547237
28 0.20899320645
97 0.209814604549
55 0.209938568339
43 0.211176170162
52 0.211416352189
32 0.211617887592
82 0.212657757184
67 0.214527414525
36 0.215066951928
35 0.215844033678
99 0.217063553323
39 0.217331235007
77 0.218467879249
68 0.21865148355
81 0.218837915695
89 0.219044944179
22 0.220370384665
31 0.22103250552
38 0.221928545127
26 0.221949770145
61 0.223798972408
47 0.224881366027
15 0.225130729889
42 0.226256084994
76 0.228875718019
27 0.229644863777
33 0.230501917291
64 0.235621925177
95 0.237765051917
49 0.241781042927
9 0.247793241805
86 0.250614000072
98 0.261043921268
79 0.272582628678
53 0.281790031854
91 0.283990681846
65 0.293860586188
44 0.30310877404
0 0.325299559424
7 0.35130301777
3 0.351525041633
90 0.354497242875
2 0.364248584601
6 0.365894939427
1 0.374886467088
12 0.375336934023
48 0.381857947301
85 0.388695048011
10 0.390521741807
4 0.401971876858
5 0.408080340328
29 0.408847041556
8 0.408991519312
69 0.411331449946
87 0.411975424601
17 0.43003632657
92 0.433495990802
16 0.440766394178
45 0.441483467367
24 0.444644551218
63 0.448836315703
37 0.449466642515
62 0.454502701371
94 0.456614643296
20 0.458021290281
11 0.460177386154
30 0.462612252231
75 0.462691218367
18 0.465330384475
14 0.466687552479
21 0.468215778749
41 0.471294344422
25 0.472947380497
13 0.479628311685
23 0.484001470204
19 0.485796365738
57 0.5091142027
88 0.516903138044
80 0.51953270254
74 0.522836415984
54 0.544302367435
