80 0.249336291985
88 0.251057642221
94 0.253922615817
57 0.254123242921
74 0.255164420027
54 0.259238677122
92 0.265623209779
62 0.266121634474
75 0.269270465364
41 0.274271237948
87 0.27881155682
45 0.279053200609
63 0.281378496659
30 0.303484043345
37 0.308864780163
25 0.309088603801
48 0.310690009895
85 0.312394319088
23 0.312954615755
69 0.315456672688
19 0.317362463239
21 0.317663541473
13 0.319154209985
90 0.322046462906
16 0.323196940618
20 0.331385415811
24 0.33314152723
17 0.333786256328
29 0.335538757176
18 0.339560653754
14 0.34201837355
11 0.357545114679
91 0.377439754208
8 0.379208542116
5 0.389131800438
10 0.413282684042
4 0.413776304288
6 0.414175888108
12 0.414367183871
7 0.417830310159
65 0.438303975248
44 0.442419566136
2 0.456360848759
79 0.476739437122
1 0.480162417793
3 0.489612091362
86 0.575363060398
53 0.57890141924
76 0.651828711231
89 0.670064051953
0 0.675061714702
78 0.689767501753
95 0.702717356354
9 0.708387711846
27 0.711945623482
73 0.732859932469
52 0.765829675894
26 0.767392308107
70 0.795471674606
82 0.799230961626
51 0.810163052573
55 0.830574424337
38 0.844811767656
35 0.860267161812
50 0.870586380894
40 0.877918303439
59 0.879134260759
15 0.888248547851
68 0.925686136831
64 0.931464195984
97 0.99156705565
61 1.02440883535
43 1.03218548826
39 1.04920452378
34 1.05867837237
58 1.06348376928
36 1.06647767625
60 1.07837571365
84 1.09157742612
83 1.09176778412
22 1.10495368069
96 1.10761223654
46 1.11117039372
28 1.11420083254
56 1.14715667226
31 1.16212320268
32 1.1819070357
72 1.18528528495
66 1.20729596313
93 1.21249849011
100 1.2202675613
81 1.25279606902
71 1.26051560139
33 1.27757965924
99 1.32623095075
67 1.33677452819
77 1.35753247711
47 1.3881361757
42 1.39618482472
49 1.56666794909
98 1.56769253582
