96 0.16988314411
100 0.171304279883
84 0.172916258821
93 0.174773101764
66 0.175264385788
72 0.175647398464
71 0.177700252883
99 0.179813030404
59 0.179862144377
46 0.182751900508
67 0.182979192908
56 0.183031779426
58 0.183240728019
83 0.185539587441
28 0.187796130198
60 0.188153715117
97 0.188243707473
51 0.188283840856
34 0.189147891722
77 0.18935247265
73 0.189418521211
40 0.191124582664
43 0.191180505329
70 0.192210578693
47 0.193105428585
50 0.1934228515
39 0.194773703707
31 0.194981037811
42 0.196073817201
32 0.196376819864
82 0.197395661019
81 0.198069058555
36 0.200824680736
52 0.200876338811
61 0.201581903608
55 0.202531452417
68 0.203599373783
22 0.203850942541
33 0.203859491561
38 0.206507563163
35 0.207891299168
49 0.208906504275
64 0.209601580493
78 0.21154673779
95 0.216546973032
26 0.21744746807
89 0.218324468109
76 0.218650117027
15 0.218862938958
27 0.230573851875
98 0.233677457943
86 0.239514896544
9 0.25136696435
53 0.269595848573
79 0.274971634572
65 0.302978940528
91 0.312400497116
44 0.313188374969
0 0.329373623066
7 0.362070572105
3 0.364234236486
90 0.37360602295
2 0.377450615344
6 0.381007918334
1 0.383826537656
12 0.389762125457
10 0.401808827532
85 0.40292778022
48 0.404500775779
4 0.413569124785
5 0.422256212374
8 0.423250809482
69 0.426992381393
29 0.428430729503
87 0.431808253703
17 0.447559576658
92 0.4561649855
24 0.459600068795
16 0.459840616254
45 0.462805636457
37 0.468075406792
63 0.470303651564
11 0.474989278117
20 0.475312644927
62 0.477349397676
18 0.481414075008
94 0.482195835112
30 0.48219602842
14 0.483262284126
75 0.486005224999
21 0.486967410466
25 0.491957679471
41 0.493889639991
13 0.497078022151
23 0.502457972297
19 0.504648992674
57 0.535870857324
88 0.542123402178
80 0.545813835046
74 0.547523410734
54 0.568969654245
