91 0.168505419869
90 0.176070246659
48 0.181924954573
85 0.188648340273
87 0.189052979082
92 0.195056556221
65 0.195802749932
69 0.198324483572
29 0.198727783112
44 0.198963275041
45 0.20120501583
94 0.202520383552
7 0.203197153455
6 0.205009235245
63 0.205027999177
62 0.205038415391
79 0.20587527825
17 0.20764962954
12 0.208667569246
75 0.208827704837
16 0.209080039898
37 0.211444760244
8 0.211540339789
5 0.213271418215
41 0.214136292118
10 0.214890021841
30 0.215887750706
24 0.216112401515
2 0.217316696386
4 0.218527249139
20 0.219587021856
21 0.220762224051
25 0.221812602929
3 0.224953484979
18 0.225203006219
14 0.22558455859
11 0.226888915169
13 0.227336218309
23 0.227797413132
57 0.228605086708
19 0.228667026109
1 0.229507273524
88 0.234969672436
80 0.235111955205
74 0.238706159482
86 0.243659541859
54 0.250516988862
53 0.250915985491
76 0.273706447327
89 0.28109704677
0 0.286201686124
78 0.292416452797
9 0.295219456206
95 0.297190738221
27 0.298183682777
73 0.317502521262
26 0.324785954042
52 0.325673643657
70 0.343257374054
82 0.344355329947
51 0.352162081423
55 0.358705254368
38 0.362944946681
35 0.371633067987
50 0.380131734656
15 0.382037111021
40 0.382644305399
59 0.388640623633
64 0.408551276193
68 0.409475092989
97 0.447568133581
61 0.459689235257
43 0.463649042678
39 0.474229512211
34 0.482909544586
36 0.483370853985
58 0.486840053321
60 0.491683241144
22 0.500997247778
83 0.503513520092
84 0.506797249841
46 0.51158954147
28 0.512891638566
96 0.520885473185
56 0.535871154424
31 0.536247145327
32 0.553940639975
72 0.562221803074
66 0.572432901177
93 0.580989802241
100 0.588479982644
81 0.59723682046
33 0.599930713946
71 0.613758353994
99 0.646617318625
67 0.654569581859
77 0.664859378611
47 0.678494922344
42 0.67999312344
98 0.781462162955
49 0.79745705835
