91 0.102443305134
44 0.12466654348
79 0.124909144772
65 0.125715010182
90 0.127787841524
48 0.133065317707
7 0.138246501367
6 0.139443480176
86 0.139740048493
3 0.140063423419
12 0.142967531754
2 0.143180593788
85 0.146084482715
29 0.147366600015
10 0.149356582881
8 0.151955064221
5 0.152939130555
87 0.153316319886
1 0.153952121761
69 0.154210583591
53 0.154374531622
4 0.154911237989
78 0.154970784173
76 0.155399649035
89 0.158472952185
9 0.159536834986
17 0.160620459874
92 0.162122297775
27 0.163011719613
16 0.164184476468
45 0.164210530872
24 0.166164940715
37 0.167303297051
63 0.167451139607
0 0.169473819673
62 0.170298441894
20 0.170686789962
95 0.171128366921
94 0.171501763177
11 0.17213038188
30 0.172381518378
75 0.17324090468
18 0.173669078976
14 0.174153845885
21 0.174481875318
73 0.174957846913
25 0.176494052743
41 0.176711808476
52 0.176994738344
26 0.177212149316
13 0.179240471458
23 0.180943464045
19 0.181530334051
70 0.186734478159
51 0.191102165992
57 0.19390156008
82 0.195418350724
88 0.198417991945
55 0.199284525857
80 0.199566767498
38 0.200723231446
74 0.200851065823
35 0.205208190018
15 0.207767234315
40 0.208502029785
50 0.210166282136
54 0.210654185666
59 0.212608314248
64 0.235607587666
68 0.235877196206
43 0.257628963171
97 0.258617603191
61 0.263992062011
39 0.26925781657
34 0.270213939842
36 0.272354392839
60 0.272528864246
58 0.272762258318
22 0.280688660504
84 0.284068677425
46 0.284440161207
83 0.2852004469
28 0.288521443403
96 0.294795254327
56 0.300232443051
31 0.304260189692
32 0.312170851051
72 0.31766694126
66 0.325151462277
93 0.32975848522
100 0.334790078703
33 0.341027110239
81 0.342432892315
71 0.350287930406
99 0.371540123822
67 0.373988044453
77 0.379105037565
42 0.386057158926
47 0.387382040229
98 0.457005611959
49 0.463561352538
