91 0.120392925778
48 0.121134411935
90 0.121772411418
87 0.122001861691
92 0.123208306841
94 0.125011293831
85 0.125055454832
62 0.127111794477
45 0.127214977933
63 0.129170180444
75 0.129223689043
69 0.12994317227
41 0.131823871941
29 0.133566394962
57 0.134922710221
37 0.135094783639
88 0.13597752109
80 0.136107758124
30 0.136327742464
16 0.136488140125
17 0.13693039742
74 0.137913506326
25 0.139356117944
24 0.139458548553
65 0.139961489648
21 0.140225613797
20 0.141380813931
44 0.141411110794
23 0.142124325279
7 0.142323996095
13 0.142588203897
79 0.142799178359
54 0.142828528424
8 0.143094133288
19 0.143346858479
6 0.143848636863
18 0.144483635028
14 0.145185908801
5 0.145275789944
12 0.145819836106
11 0.147417673622
10 0.147630996038
4 0.149985367707
2 0.153211660257
3 0.158967368634
1 0.161041753994
86 0.164612102645
53 0.174231083663
76 0.182601551378
78 0.183407872866
89 0.189269027881
73 0.192291154911
9 0.196219044137
27 0.197566138274
95 0.198576027975
0 0.20054628435
52 0.207845032397
26 0.210718569671
70 0.213779682848
51 0.214302872404
82 0.222931042434
55 0.2291668166
59 0.233045511537
38 0.233686941009
40 0.235776095915
35 0.237478975702
50 0.238756025551
15 0.242537069682
68 0.263654976892
64 0.265804933126
97 0.281137964038
43 0.283181139466
61 0.290599085973
34 0.291452857784
58 0.291717437331
39 0.293698394032
60 0.296254942801
36 0.296984306129
84 0.297216866636
46 0.302040573644
96 0.303141446869
83 0.304091940939
22 0.306659234869
28 0.306946683399
56 0.31202012559
31 0.32442921357
66 0.324544144495
72 0.325817549542
32 0.327578458394
93 0.331687486508
100 0.332140913051
71 0.344489734527
81 0.352050216646
33 0.357928819712
67 0.364571864077
99 0.365646590657
77 0.374712936023
47 0.384114624773
42 0.385564914615
49 0.432770337225
98 0.451962758203
