87 0.0218615331183
92 0.022015634375
85 0.0221130119745
94 0.0222148354807
62 0.0223520078445
90 0.0224409652289
45 0.0225088042482
75 0.0226741694973
63 0.0227619011914
69 0.0228136312102
88 0.0228232733358
41 0.0229061738792
80 0.0229168472207
74 0.0230302376474
57 0.023068832627
54 0.0235332775999
37 0.0235364976906
30 0.0236361650043
24 0.0239529556766
25 0.0239561439125
29 0.0239769182143
16 0.0240890400693
17 0.024140176264
21 0.0242264109807
23 0.0242326617755
13 0.0242915880525
20 0.024434763015
19 0.0244975987668
48 0.0245360594019
65 0.0245523157121
18 0.0247072860928
14 0.0249063814275
11 0.0251916408524
44 0.0251954022958
8 0.0252545787778
7 0.0254479976778
5 0.0255083279604
12 0.0259079874179
10 0.0259385936283
4 0.0259952597439
6 0.0260831157964
53 0.0260944626275
91 0.0264290448115
79 0.0264506982848
2 0.0274112085813
86 0.0276506974336
1 0.0276723054246
3 0.0283688520989
95 0.0295537853744
76 0.0298963271497
89 0.0303892603701
82 0.0330918073946
0 0.0331689374036
27 0.0334218370337
64 0.0341860060962
52 0.0343988750323
9 0.0347134020649
26 0.0347736302451
38 0.0350172633157
68 0.0351952259398
78 0.035400449139
55 0.0355848988669
73 0.0359197985852
70 0.0363497446489
35 0.0364326609062
50 0.0365298730635
97 0.0366664123509
51 0.0376889231282
61 0.0377540321907
40 0.0381756089208
15 0.0387636187422
59 0.0392015588804
39 0.0395612668123
43 0.040851264348
36 0.0414667011477
83 0.0415271290328
34 0.0417883682715
58 0.0420166230427
60 0.0421278308882
22 0.0427618036535
84 0.0429131463231
31 0.0431121096948
96 0.04325408488
28 0.0432544695255
46 0.043958601571
72 0.0449907051654
32 0.0455812992463
56 0.0456169284485
81 0.046364879712
33 0.046528695366
93 0.0466344570504
100 0.047172010964
66 0.0473038094085
71 0.0489904955066
99 0.0489936472207
77 0.050999330171
67 0.051133150595
47 0.0514694291322
42 0.0518854954022
98 0.0535393584233
49 0.0584168993529
