91 0.349020032804
90 0.355250213682
87 0.359809106281
92 0.36238620995
85 0.365193718552
94 0.365515957659
48 0.368648824719
62 0.370885395239
65 0.371772335298
45 0.372857270001
75 0.376411445859
79 0.377422020011
63 0.377616186702
69 0.378454580681
44 0.379613306097
41 0.382241998399
88 0.383675730618
80 0.384036848807
57 0.384609403562
74 0.388254672847
29 0.389067939584
37 0.392770848302
86 0.393850964142
30 0.395463930893
16 0.39773192561
17 0.398148474675
54 0.398232930093
7 0.398846568662
89 0.400022678016
76 0.402491182082
24 0.402584002151
25 0.402678837117
78 0.403745816435
73 0.403860641192
21 0.405885055772
6 0.406724098337
20 0.408858097763
23 0.409299574766
53 0.409364540135
12 0.410471912244
13 0.410693913846
8 0.411064216528
19 0.412852316326
5 0.415181867752
18 0.41590261292
10 0.417720213138
14 0.41818575321
70 0.421975347197
95 0.42211075758
11 0.423200061421
4 0.423303686127
2 0.424376710764
51 0.426630756851
27 0.427142363265
52 0.427279066411
82 0.427426629926
3 0.43140813674
26 0.4359718738
55 0.437952434243
59 0.438934379079
1 0.439267637031
50 0.443795067929
9 0.443891434329
40 0.450893240473
35 0.451926175696
38 0.452602503711
68 0.457713055364
97 0.461673628127
15 0.473163561449
64 0.474039180651
96 0.474996040558
84 0.479245610818
58 0.481319165288
34 0.483280382858
83 0.484907166423
61 0.485289979703
43 0.485961510336
0 0.486948418796
39 0.487804599965
60 0.49004327316
36 0.493350311948
46 0.496194519299
28 0.496918021735
72 0.497460444419
100 0.498098507792
56 0.499882310828
93 0.500932958575
71 0.508133938664
66 0.508160170247
22 0.509238560236
32 0.510959362297
31 0.514434149997
81 0.522771271452
99 0.526422831717
67 0.530525521311
77 0.539107942744
33 0.545132789678
47 0.551396935115
42 0.558000374083
49 0.581213657423
98 0.601593407084
