71 0.159109837841
99 0.161690403001
100 0.162028030856
77 0.162224864859
93 0.164318942609
67 0.16545976809
47 0.166352627203
72 0.168116404454
49 0.168249758707
96 0.168488751361
42 0.170383112846
81 0.178164586162
98 0.180027734913
84 0.180651102651
56 0.18599077776
32 0.188417216976
66 0.18856574366
83 0.18940569064
28 0.195618251769
46 0.195821057335
58 0.195957775609
33 0.196461486631
31 0.202038685071
60 0.202231233484
34 0.202733795663
97 0.209374768665
36 0.216845261203
39 0.218047452267
43 0.219746106644
22 0.221101803277
59 0.230338854447
61 0.231799661654
50 0.242788768858
68 0.243585925037
40 0.25066189934
70 0.250855541334
51 0.253411253912
55 0.259552235042
82 0.263631813048
35 0.266638134519
64 0.273379778154
73 0.274800135328
38 0.279880899032
52 0.284375614187
15 0.286685794404
78 0.298436673607
26 0.302299289401
89 0.308264208382
27 0.330208287791
76 0.330335755907
95 0.33509843771
9 0.371943967805
86 0.389012087487
53 0.440615915111
79 0.457087167398
65 0.498256025712
91 0.500593137535
44 0.515195821491
0 0.53333027887
3 0.608891495459
7 0.619084609292
90 0.634091049871
2 0.639703614593
6 0.649588167437
1 0.658927062069
12 0.665427409041
10 0.696272620169
48 0.698561955722
85 0.70138974745
4 0.717731805286
5 0.73213423147
8 0.735825947986
29 0.737661778611
69 0.747281193634
87 0.752663490534
17 0.782353625937
92 0.796389938471
16 0.803962330603
24 0.80804885673
45 0.80835104429
37 0.8210847781
63 0.823272063586
20 0.834794048998
62 0.835188752487
11 0.83532697266
94 0.841439270382
30 0.84632347057
18 0.847081808731
14 0.849425805317
75 0.850539885705
21 0.855247650614
25 0.864722774637
41 0.865330732709
13 0.875817878574
23 0.884952987696
19 0.887705415871
57 0.937484629692
88 0.951147042233
80 0.956437386073
74 0.961653243833
54 1.00091103254
