91 0.102917014791
79 0.108488420214
86 0.109500250641
78 0.113384230457
76 0.115013894479
9 0.11749033539
89 0.117957150952
65 0.119256503266
27 0.11958760445
44 0.120441796678
95 0.129226145463
52 0.129623178983
26 0.130096051899
53 0.130181103476
73 0.133066474182
70 0.138980844238
0 0.142202035474
3 0.142551741139
51 0.143346618889
82 0.148107174741
7 0.150804735611
55 0.150837373285
38 0.151142801713
2 0.153292126247
15 0.155661971933
35 0.155829988484
6 0.157152340104
40 0.15746728911
90 0.158017370495
50 0.160925512946
59 0.163690456086
12 0.163732876346
1 0.164387354109
10 0.176192425482
48 0.176496820478
4 0.184813939264
64 0.187860414088
5 0.189499765675
85 0.190266192183
68 0.190394527864
8 0.191446983104
29 0.194026494498
43 0.206866619106
69 0.207153707652
87 0.213374791731
97 0.214542084003
17 0.215657722242
61 0.216810872899
39 0.220969544311
34 0.222645329138
36 0.224437983005
60 0.224867599923
16 0.225214551623
58 0.225381289655
24 0.228902176624
22 0.231067907145
92 0.233752573733
11 0.235024929694
45 0.23597783435
46 0.236192870984
37 0.2364365552
20 0.238028345834
84 0.239073617646
83 0.241041484896
28 0.24144201875
63 0.242096953289
14 0.24250476644
18 0.242668974406
30 0.247968511406
21 0.248723082262
62 0.251121944786
96 0.253261913775
56 0.254583080513
25 0.255188584488
94 0.255252758309
75 0.256518388054
31 0.257450106863
13 0.258851511329
41 0.262697233409
19 0.263123402409
23 0.263637449081
32 0.269427945403
72 0.277541483802
66 0.285036062289
93 0.291675449578
33 0.297078023195
100 0.299274247217
57 0.301342556724
81 0.305018786518
88 0.31249481159
80 0.314571883902
74 0.316681121745
71 0.316882971724
54 0.335474302917
99 0.339439001758
67 0.34222928535
77 0.347091251565
42 0.351242289962
47 0.354324526327
98 0.438174886665
49 0.449983322181
