80 0.154088953906
88 0.155757833619
74 0.158491900774
57 0.158587196255
54 0.159877462576
94 0.163418338759
62 0.172591381284
92 0.173657490397
75 0.174485688092
41 0.177278292205
45 0.182273885473
87 0.183890306502
63 0.18455652517
30 0.199818675023
25 0.203296356299
37 0.20472281773
23 0.205963010674
85 0.207884757782
48 0.208329382495
19 0.208378104011
21 0.20993894124
13 0.210933612195
69 0.211111352139
90 0.211500621492
16 0.21536685024
20 0.220833432317
29 0.221323150726
24 0.222710220111
17 0.223820373303
18 0.226408616484
14 0.227778367113
11 0.239782303277
91 0.241787419071
8 0.256560106749
5 0.262831790976
12 0.278816456336
6 0.28004265318
10 0.281045875154
4 0.281108157713
7 0.283365721639
65 0.290619362787
44 0.291666451582
2 0.307995404576
79 0.321495367353
3 0.328296634365
1 0.329331936503
86 0.386358261506
53 0.39060964757
76 0.428131262478
89 0.433604695156
78 0.433954192483
0 0.458976260316
9 0.459789594714
27 0.460757662893
73 0.476846485344
95 0.479848315803
26 0.495369694009
52 0.503820250444
70 0.506278197889
51 0.519763784319
82 0.520112523918
55 0.530635502718
35 0.552956587805
38 0.555067337775
50 0.558735479381
59 0.566244921348
40 0.569698015915
15 0.570572618478
68 0.603609524399
64 0.622680788288
97 0.652928220194
43 0.667769126492
61 0.672465992676
34 0.674483648522
39 0.680939271787
36 0.682350014075
58 0.682876178848
60 0.698135195485
84 0.703946681336
83 0.707874200891
22 0.710212755148
96 0.712612692997
46 0.714432697747
28 0.716769856676
56 0.728186524247
32 0.74708628487
31 0.75292543984
72 0.765356038421
93 0.779617106428
100 0.789599760292
66 0.794422596106
81 0.799912988483
71 0.805367056042
33 0.824384447876
67 0.860571488842
99 0.866467220751
77 0.869488813199
47 0.891881171354
42 0.895125781913
98 1.00760963884
49 1.00793056653
