48 0.103699111664
90 0.106686388528
87 0.112619790618
85 0.113015511096
91 0.114227811068
92 0.116719342565
29 0.117590271486
69 0.11819786096
45 0.119369539997
63 0.12186394157
94 0.121872099686
62 0.122365265188
17 0.124152330155
75 0.124630265959
16 0.12471078924
37 0.125027715547
8 0.126692697322
24 0.127447241461
41 0.127592494872
30 0.127713488811
5 0.129214615857
6 0.129454597679
7 0.129775455179
20 0.129894341945
21 0.130532791452
12 0.131056437967
25 0.1310637736
10 0.132057803144
18 0.132902293822
14 0.133424102498
13 0.133875463506
11 0.134299096928
23 0.134418939688
4 0.135040965952
19 0.135219172858
44 0.135340415207
65 0.136784026295
57 0.138658359715
2 0.140711450771
88 0.142712362139
80 0.143295145114
79 0.144302872938
74 0.144939312727
3 0.148603353526
1 0.15003655047
54 0.153017021168
86 0.181075893435
53 0.187697510231
0 0.215805738492
76 0.223330117505
95 0.239663174652
89 0.242864402688
9 0.243355540809
78 0.251410041999
27 0.253611165085
73 0.268431009747
52 0.278369652569
26 0.281126292366
82 0.305050738416
70 0.308155030305
51 0.310316021418
38 0.316373064751
55 0.324252086901
35 0.334550516059
40 0.338472633734
15 0.340638377167
50 0.343929272848
59 0.348067572933
64 0.361596501023
68 0.377830621234
97 0.417608787176
61 0.424252563228
43 0.42566200094
39 0.439013019726
34 0.453332717343
36 0.455310951126
58 0.455389306883
60 0.457818198674
22 0.46892918981
84 0.47104426361
46 0.47410105756
83 0.475287888314
28 0.481353286159
96 0.489501100527
31 0.500808339588
56 0.503848668985
66 0.516167559763
72 0.526850231625
32 0.530939632109
93 0.545797776165
100 0.548192341146
33 0.565615779083
81 0.574765182345
71 0.581895498705
99 0.600608316804
67 0.611861946795
77 0.631278057766
47 0.641700146242
42 0.643124086207
49 0.752235126534
98 0.756714603322
