96 0.0977558378338
83 0.0985075322786
84 0.0995489373683
58 0.100220317566
34 0.100256682446
72 0.10046659761
32 0.100618652909
60 0.100835108605
97 0.101364195968
28 0.102061282776
81 0.10264985961
56 0.102694734432
46 0.103190931063
93 0.103270484738
36 0.103615958277
31 0.105059914054
39 0.10508181613
43 0.105180422833
50 0.105775171433
100 0.106162472226
22 0.106316447807
71 0.1066266302
70 0.106876127642
59 0.107452348613
33 0.107690974423
68 0.108040741226
61 0.108453536971
55 0.109370843203
77 0.109618479567
40 0.111569137385
51 0.111616954031
42 0.111760454486
47 0.11180158118
99 0.112020312196
35 0.112034421246
82 0.112751033497
67 0.114412959269
66 0.116995762423
38 0.118081583126
52 0.118537391044
78 0.119160318276
15 0.119340473583
98 0.119348958442
73 0.121029126187
64 0.12104014089
89 0.121357553788
26 0.121938072608
27 0.129423265166
76 0.133373775886
49 0.133812698573
95 0.140014181204
9 0.143762756445
86 0.154911249452
53 0.177863350458
79 0.179257673155
91 0.185060780397
65 0.193399295955
44 0.197881734337
0 0.210370029505
3 0.234437047389
7 0.245170989458
90 0.248842392101
2 0.250625179558
6 0.255288322597
12 0.262266256602
1 0.263423649148
48 0.275745549887
10 0.278074008059
85 0.284746042884
4 0.288466721346
5 0.293105145015
29 0.293606172258
8 0.294652831348
69 0.304797269876
87 0.30723610391
17 0.318604917818
92 0.327142349957
16 0.328167002558
24 0.330439074206
45 0.331327452259
37 0.33629406158
63 0.338214005102
11 0.341356135218
20 0.3416165432
62 0.344218113052
18 0.347002392658
94 0.347006670345
30 0.347555366775
14 0.347885460579
75 0.350559776504
21 0.351074268214
25 0.355695123672
41 0.357252567292
13 0.360569608171
23 0.364670426135
19 0.365691408918
57 0.390170599928
88 0.397207860674
80 0.399497333685
74 0.401894387957
54 0.419779035881
