70 0.14047477824
59 0.141817977012
51 0.142022908089
73 0.143243756778
78 0.146829389637
50 0.147542207053
40 0.148069407538
55 0.149073161423
52 0.149152922652
82 0.149935365546
89 0.152577702485
35 0.153382833031
84 0.155694130075
58 0.15574169721
26 0.155827426544
96 0.156733402703
97 0.156881397902
34 0.156901861946
38 0.156924398293
43 0.157468712985
60 0.157853037045
68 0.158475011193
46 0.15977224907
76 0.159933749013
83 0.160021114017
15 0.160055188648
27 0.160887809394
28 0.161941595622
36 0.162189773265
56 0.162525993497
39 0.162784449626
61 0.165677243086
95 0.166416283623
72 0.166595611054
22 0.166597069022
32 0.168943630541
64 0.169087155772
93 0.16951177426
100 0.170655417947
31 0.171511585465
66 0.172197062244
9 0.174562593662
71 0.175955038554
86 0.177885131164
81 0.179862248334
33 0.184615122478
67 0.187100255642
99 0.187669725589
77 0.190109615425
47 0.194929338387
42 0.194977589904
79 0.197978829685
53 0.201292226884
91 0.212201017134
65 0.215788757441
44 0.22371139669
49 0.227136386859
98 0.232733734977
0 0.234336981445
3 0.263539469635
7 0.266888846919
2 0.275793983554
90 0.276038963376
6 0.280019121073
1 0.284233545945
12 0.288253398858
10 0.302866064754
48 0.3044444628
85 0.307949663855
4 0.312419947475
5 0.319782788735
8 0.322048336041
29 0.324485157807
69 0.329474818053
87 0.332800193739
17 0.344429538458
92 0.354519088075
16 0.355190915728
24 0.359337208512
45 0.360559958908
37 0.365718105262
63 0.367623713159
11 0.371132509893
20 0.371394749744
62 0.374816516088
94 0.377640980486
18 0.377824786637
14 0.378444993541
30 0.378655997642
75 0.382132587666
21 0.382190820193
25 0.387948550914
41 0.389999408077
13 0.393437092249
23 0.398159034881
19 0.39891681557
57 0.428801704007
88 0.438212377619
80 0.440528388729
74 0.44352768477
54 0.464074899615
