91 0.0950211353437
79 0.106171913951
65 0.107503457157
44 0.108181930119
86 0.111675685491
90 0.112202356067
76 0.117793080024
78 0.117805975588
89 0.118504540906
48 0.118701765712
7 0.120533230671
53 0.121784759256
6 0.122907995997
3 0.123492356962
27 0.123936255064
85 0.124608082585
9 0.12524092443
12 0.125470796768
2 0.125771873747
95 0.126629648255
73 0.126969971616
29 0.128368004347
52 0.12878392392
87 0.129688247076
26 0.130283528597
10 0.130423201217
69 0.13161273276
70 0.132080379166
8 0.132547767144
1 0.133213016286
5 0.133222349437
4 0.134446987147
51 0.135053730544
92 0.135936018504
82 0.136369681682
17 0.137670929879
45 0.138110805341
55 0.139327024416
0 0.139754771555
16 0.140169518184
63 0.140729010238
24 0.141543625757
38 0.141633672247
37 0.141800419155
62 0.142007018615
94 0.142372294787
35 0.143552649902
50 0.144334512712
75 0.144415984726
40 0.144585540315
20 0.145280187066
59 0.145355603652
30 0.145416780226
41 0.147151647371
11 0.147170310088
15 0.147401038511
21 0.14762977014
18 0.147733658797
14 0.148282442256
25 0.148678385831
13 0.15101133871
23 0.152068331775
19 0.152816548322
68 0.157596159793
57 0.158274063609
64 0.15941322983
88 0.160797063428
80 0.161611499829
74 0.162728637616
97 0.167147424744
43 0.169313456794
54 0.169677150724
61 0.17253209
39 0.174760503435
34 0.174794692022
58 0.175405570697
60 0.176284037036
36 0.177118340338
84 0.180040900874
83 0.181187727226
46 0.182263688641
22 0.18242007842
28 0.184058520217
96 0.184394153106
56 0.189945561757
31 0.192903894557
32 0.196726164151
72 0.196885314698
93 0.20312403523
66 0.203387504792
100 0.205402528588
81 0.211332691872
33 0.212766510765
71 0.213633991219
99 0.224703986728
67 0.227150386676
77 0.229569509263
47 0.234423240973
42 0.234572402417
98 0.271943892544
49 0.274412081633
