91 0.226830012299
90 0.229349174019
65 0.241074866174
85 0.242572329309
48 0.244703045012
87 0.245780887032
44 0.245999190631
79 0.251679679653
92 0.253609451834
69 0.255663742559
29 0.256991866547
7 0.257795578997
45 0.259759385705
94 0.262083173813
6 0.262808258317
62 0.264036184413
63 0.264615814389
12 0.26587665076
17 0.268219311092
75 0.268538156669
16 0.270335729981
8 0.271035305333
37 0.271437593845
5 0.27252029582
10 0.273176421321
41 0.273935189177
2 0.274748343168
24 0.275441778378
30 0.276356723268
4 0.27721637371
86 0.277339964412
53 0.280613194056
3 0.280646392242
20 0.280734435744
21 0.282069890966
25 0.282603672006
18 0.28633441268
1 0.286618880751
14 0.287278960154
13 0.28823781717
11 0.288303839101
57 0.288654027714
23 0.288826637263
19 0.290348864535
88 0.293322330954
80 0.293881068949
74 0.297136847324
76 0.301724061542
89 0.306394924356
54 0.309204778091
95 0.315867497211
27 0.329939225672
78 0.330664645142
0 0.334095766431
9 0.334314274496
73 0.345491479335
52 0.348677155497
26 0.351079829576
82 0.356706582629
70 0.365707655836
55 0.375095160545
51 0.375604279813
38 0.376573718083
35 0.386958762256
50 0.391945436539
40 0.398337051215
15 0.402619123569
59 0.403764779077
64 0.404136435761
68 0.406378929316
97 0.433836540947
61 0.448429762768
43 0.461579426125
39 0.465084739021
36 0.477600771549
34 0.478129414825
58 0.479792454693
60 0.482751237961
83 0.487803338582
22 0.493821797013
84 0.494887143113
28 0.501284211935
46 0.503187808114
96 0.504472181982
31 0.518248359887
56 0.525830725424
72 0.538539107927
32 0.538838041751
66 0.548752510149
93 0.556120603976
100 0.560896789178
81 0.569145380818
33 0.573210176195
71 0.584963589318
99 0.605545468082
67 0.619107481868
77 0.627687647359
47 0.639204246974
42 0.642511112752
98 0.719201916524
49 0.737003657582
