71 0.123495145525
100 0.124576951494
99 0.126245595064
77 0.126749768532
93 0.126799525206
49 0.127332746585
67 0.127426862177
96 0.127983271748
72 0.129010652647
47 0.130150945893
42 0.132652842413
84 0.134665609161
81 0.135424381516
98 0.136851406929
56 0.13865715273
66 0.138783929556
83 0.139521287446
32 0.139747774793
58 0.142861564138
46 0.143588672529
28 0.144082587478
60 0.145813453488
34 0.145998024804
33 0.147539052783
97 0.148928943752
31 0.149049632519
36 0.153993307926
59 0.154334051997
43 0.155274426447
39 0.155340011455
22 0.157413817781
50 0.162026712735
61 0.162084500745
70 0.162160767963
51 0.163140013315
68 0.165000695714
40 0.165916636895
55 0.169340140467
73 0.16940265078
82 0.172106963586
35 0.173694866517
78 0.178370706984
52 0.178671132161
38 0.180776369672
64 0.182137779722
15 0.184328242972
89 0.187104728166
26 0.187573275574
27 0.198457337892
76 0.198721151508
95 0.205012922313
9 0.217567013783
86 0.222400454228
79 0.248247206531
53 0.250147894061
91 0.255299373492
65 0.265518189509
44 0.271914415703
0 0.296095911211
3 0.316265447057
90 0.31676540949
7 0.31899156383
2 0.329798889385
6 0.331049355437
12 0.338328821458
48 0.341225692643
1 0.341839080234
85 0.348433792712
10 0.352255311959
4 0.362744202649
29 0.363305576707
5 0.36622886289
8 0.366445260387
87 0.367302388878
69 0.36804473147
17 0.384724800424
92 0.38478669183
45 0.390760037396
16 0.393154657957
24 0.394820326007
63 0.39723167573
37 0.398437979419
62 0.400762682409
94 0.402560005176
20 0.406234881265
75 0.40746388219
11 0.408538139298
30 0.408587193671
18 0.411877328792
14 0.413373326611
21 0.413789201624
41 0.414020775802
25 0.416757392891
13 0.422187768176
23 0.425462625521
19 0.427366599248
57 0.441973454281
88 0.446405325531
80 0.448665328405
74 0.451059087821
54 0.467528089701
