80 0.300284163408
88 0.301783282653
94 0.304588862707
74 0.306157322806
57 0.306167738009
54 0.310614674367
92 0.31493891251
62 0.316533755451
75 0.320347546342
87 0.325431738319
41 0.325747016559
45 0.328318782029
63 0.3318006154
85 0.354080273446
30 0.354824248023
48 0.354835606086
90 0.35849687241
37 0.359036170928
25 0.36112553138
69 0.361590429975
23 0.36560130438
21 0.369562632937
19 0.370574980118
13 0.371319627565
16 0.373045496392
29 0.37952838734
24 0.381833904069
17 0.381955093274
20 0.382130537814
18 0.39052981168
14 0.39336854746
91 0.398402978689
11 0.407595572715
8 0.421733027103
5 0.430576834351
7 0.446584022094
6 0.447072921697
12 0.448257284999
65 0.449696340071
10 0.450251984486
4 0.452453704749
44 0.455499191568
79 0.479492833512
2 0.484279953894
1 0.507476149954
3 0.510472658511
86 0.550340003576
53 0.557948911088
76 0.602466961229
89 0.612171831849
78 0.629969740115
95 0.641154952016
27 0.65407534864
73 0.654226440256
0 0.659927584144
9 0.660756151178
52 0.686164652356
26 0.691766578059
70 0.701012680568
82 0.702779134843
51 0.713144105106
55 0.728968691684
38 0.744690359281
35 0.754181145449
50 0.755621312545
59 0.759399006102
40 0.764916459188
15 0.783789909176
68 0.790281126512
64 0.801957874247
97 0.826368747687
61 0.861122879542
43 0.870446887974
39 0.878692187068
34 0.884294911461
58 0.884549488651
36 0.893383713355
60 0.89784525035
84 0.898187520308
83 0.898898732433
96 0.903256224823
28 0.92077379134
46 0.921112975829
22 0.924373841052
56 0.943996830732
31 0.956421282728
72 0.958398870245
32 0.968535595736
93 0.976053123795
100 0.977472145494
66 0.978000170875
71 1.00620778085
81 1.00977143585
33 1.03803088197
99 1.04832322087
67 1.06108230451
77 1.07676536236
47 1.10030310281
42 1.11025897942
49 1.21034362503
98 1.22009005337
