80 0.28423335275
88 0.285780040909
74 0.289553169645
54 0.290669742179
57 0.29407972154
94 0.30214467726
62 0.315694425537
92 0.318413944581
75 0.318727028908
41 0.323373162561
45 0.332672016299
63 0.334852048436
87 0.335043721127
30 0.359114580391
25 0.364371810272
37 0.366603686897
23 0.366878920349
19 0.373486603486
13 0.374344980295
85 0.374448692587
48 0.374770756277
21 0.375819915068
69 0.377637733464
16 0.386891349141
90 0.390723986441
20 0.392641493578
24 0.394077818394
17 0.39941176325
18 0.400682452232
29 0.403236626058
14 0.404573041283
11 0.422492224709
8 0.451321817306
91 0.463502892002
5 0.463590053308
10 0.490634786789
4 0.491665946237
12 0.495275644081
6 0.495401845705
7 0.49728431174
65 0.521089966412
44 0.525683109743
2 0.543120131767
79 0.556988143228
1 0.566093424353
3 0.579715241553
86 0.651428973004
53 0.65703335402
76 0.734667990419
89 0.758474189158
95 0.769679798955
0 0.77403523698
78 0.783112961308
73 0.799352768055
27 0.806563893642
9 0.807275457962
52 0.843526329837
26 0.858195781545
82 0.877581375438
70 0.880534777373
51 0.887386822541
55 0.9183517985
38 0.92181182585
35 0.946778418577
59 0.947812376547
50 0.951016639407
40 0.951880045808
15 0.980389383327
64 0.99243913441
68 0.995780055489
97 1.04215527579
61 1.08377438419
43 1.09681016568
39 1.1110148184
58 1.12257062325
34 1.12623899651
60 1.13343761051
84 1.13508284002
36 1.13753208239
83 1.14103628157
96 1.14593077829
46 1.16382718851
28 1.16889535263
22 1.17281052692
56 1.20217001095
66 1.20680533476
31 1.21229117759
72 1.21323318342
100 1.22931678059
93 1.23602332098
32 1.24256609382
71 1.2774193765
81 1.29479748356
99 1.31413430512
33 1.31981910093
67 1.33503959715
77 1.36850376738
47 1.39656474686
42 1.40983177777
49 1.52007050904
98 1.56521227558
