91 0.171848557627
79 0.191263721011
65 0.19605940487
44 0.197783667268
90 0.198891487206
48 0.205038833919
86 0.20697726041
7 0.216333990211
6 0.221658462678
85 0.22170042779
53 0.226781810544
12 0.227187400745
3 0.2278827627
76 0.228218962476
2 0.22872106692
29 0.230820098772
87 0.231264883549
10 0.23600046752
69 0.236696278555
8 0.239892615024
5 0.241239557468
89 0.24128838176
95 0.24212958107
1 0.243274723939
4 0.243916962303
92 0.243917767247
78 0.244391216963
73 0.244975349719
17 0.248568636135
45 0.248942116281
9 0.253328523185
16 0.253387687535
27 0.253817225883
63 0.254727742301
94 0.257096589046
62 0.257457529335
37 0.258010404826
24 0.258381065787
52 0.261749863415
75 0.262500354158
20 0.265562722666
30 0.265711003561
0 0.267260974217
41 0.268834337891
26 0.26921646722
11 0.270151137101
21 0.270231712179
18 0.271428538917
14 0.272105741793
25 0.272968201849
13 0.278270787836
82 0.278667821221
51 0.278945259734
70 0.28021873115
23 0.280492741602
19 0.281640680809
38 0.290898825052
57 0.292651701039
55 0.294636296801
88 0.300078375101
40 0.301034518319
80 0.301243012218
59 0.303126851892
35 0.304196984981
74 0.304615306873
50 0.305785387929
15 0.312902223153
54 0.320280264169
64 0.322480137056
68 0.330991473282
97 0.352876323444
61 0.362393525755
43 0.362698499247
39 0.371316354391
58 0.381157216598
34 0.382063415921
60 0.385411347853
36 0.386849239701
84 0.387413671812
46 0.393992025792
83 0.394812108668
22 0.397678560221
96 0.398960658833
28 0.40067912572
66 0.409565727592
31 0.414502824155
56 0.415597991279
72 0.426588587105
100 0.436848827895
93 0.438915831236
32 0.440389039514
33 0.462749926649
71 0.465837585876
81 0.468858137617
99 0.472097236703
67 0.484291697312
77 0.504424841317
47 0.511500844423
42 0.514983552604
49 0.586649051542
98 0.601560537485
