48 0.17154517703
87 0.174300277178
92 0.175408306493
90 0.177227698006
94 0.177450723706
62 0.180726987216
45 0.180930664387
85 0.181024366226
75 0.183647221601
63 0.183989109268
91 0.186724403347
41 0.187432007875
69 0.187816554936
29 0.192155728532
57 0.192213567401
37 0.193330423524
30 0.194634338593
88 0.194664091757
80 0.194748791173
16 0.196148571549
74 0.197592583378
17 0.197784248034
25 0.199021756029
21 0.20053938357
24 0.200896971994
23 0.203024052739
20 0.203042151345
13 0.203929954172
19 0.204775967363
54 0.205474292375
18 0.207719375366
14 0.208731597038
8 0.209668853558
11 0.212962081758
5 0.213890268931
7 0.216696028679
6 0.217164361054
12 0.219316877915
10 0.22047764796
44 0.222514208105
65 0.222561813104
4 0.223786409036
79 0.232329694941
2 0.235203848902
3 0.247912757189
1 0.249324877673
86 0.279848920443
53 0.292425043658
76 0.32602688054
0 0.339741877676
78 0.344398215142
89 0.34590259671
9 0.35388073302
95 0.353962511881
27 0.362286147677
73 0.362619036518
52 0.389183934365
26 0.393076207632
70 0.412769954414
51 0.413916859509
82 0.419678690971
55 0.438595197345
38 0.439429641875
35 0.454410817592
40 0.455267657966
59 0.457126905174
50 0.461032993979
15 0.463721184276
64 0.499576017408
68 0.506905710036
97 0.549060446753
43 0.558324388617
61 0.563697497824
39 0.576477664268
34 0.583190315127
58 0.584696498255
36 0.590344240273
60 0.592144913417
84 0.599317356053
46 0.607134899631
22 0.609218505011
83 0.609265661865
96 0.61602693569
28 0.616291894529
56 0.635011779671
31 0.646218727222
66 0.651436674846
72 0.662915849721
32 0.66813949784
93 0.679520664883
100 0.680341232351
71 0.713887942641
81 0.71918682852
33 0.72087612548
99 0.746187519144
67 0.752163673844
77 0.776282649122
47 0.792444438205
42 0.795750784525
49 0.904875517443
98 0.931903830317
