90 0.0216674510504
85 0.0217057231639
87 0.0219119963261
92 0.0224169273856
69 0.0227341351959
65 0.0228397092758
45 0.0229302610678
94 0.0229725835084
62 0.0230631365525
63 0.023301849264
44 0.0234131316502
48 0.023416705512
75 0.0234733478186
29 0.0237186705355
79 0.0237648883116
41 0.0238101936128
53 0.0238182851103
37 0.0239867924624
7 0.0241579416666
17 0.0241627285489
91 0.0242411236515
24 0.0242443228151
16 0.0242731901083
30 0.0242908296716
86 0.0243931006661
57 0.0246206769934
88 0.0246363588503
25 0.0247288505615
80 0.0247448974549
8 0.0248143064505
21 0.0248522843168
20 0.0248794249055
74 0.0249279214989
12 0.0249839961229
6 0.0250048486399
5 0.0250251877143
13 0.025105502716
10 0.0251265755266
23 0.0251475321552
18 0.0252401234491
4 0.0253691917686
19 0.0253738546818
14 0.0254055308348
11 0.0255508834274
54 0.0257540952696
2 0.0261298335757
95 0.0262912337876
76 0.0265694454398
1 0.0265964647085
3 0.0268526228656
89 0.0278213959499
82 0.0299078514772
27 0.0305095030225
73 0.0307214006252
52 0.0307581694909
0 0.0312841370126
64 0.0313001459407
78 0.0314845672395
26 0.0315349689739
9 0.0315708872015
38 0.0317453188765
55 0.0325499231076
68 0.0327504680696
70 0.0327884530558
50 0.0332484449914
51 0.0333058852728
35 0.0334553565966
97 0.0339804641914
40 0.0341730967376
59 0.0347703343793
61 0.0349974004026
15 0.0354920645426
39 0.036502542814
43 0.0374302899326
83 0.0386259654366
58 0.0386706015232
34 0.0386877311498
36 0.038801908148
84 0.0390107469281
60 0.0390973223066
96 0.0394552749193
31 0.0399191125557
22 0.0399271109533
28 0.0400036096089
46 0.0401445577309
66 0.0412138067377
72 0.0412779330479
56 0.0418771548807
100 0.0424771049444
93 0.0425589943032
32 0.0429931914831
33 0.0435548419244
81 0.0439104507458
99 0.0441724672484
71 0.0449133154909
67 0.0462999074306
77 0.0473339614797
47 0.0476893590871
42 0.0482784611484
98 0.051767436593
49 0.0534977278963
