91 0.159827007457
90 0.175638484534
48 0.179554048549
65 0.182940381189
79 0.184093326296
44 0.185262987106
87 0.185740558792
85 0.186127625299
92 0.189360352559
94 0.193472065919
69 0.193881905231
45 0.194353170301
29 0.195021039091
62 0.195640612201
7 0.19602245246
63 0.19719189438
75 0.198602530413
6 0.198707675318
86 0.199463871434
12 0.201959420889
78 0.202257563038
41 0.202298896414
17 0.202617259126
37 0.203215267352
16 0.203496704235
8 0.205195408028
30 0.205941311329
5 0.207042948372
2 0.207049436849
10 0.207109538136
24 0.207298592236
89 0.208576270349
76 0.208808624269
57 0.209095779098
3 0.209256733574
25 0.210248170925
20 0.210492385789
21 0.210590743816
73 0.210957269486
88 0.211039966868
4 0.211053515265
80 0.211294754603
53 0.212982287325
74 0.213650390619
23 0.214390371681
13 0.214503322876
18 0.214510678897
14 0.215362432875
19 0.215798326189
11 0.216794547192
1 0.217033665515
27 0.218960927668
54 0.220944146098
9 0.222068517219
70 0.225517038708
95 0.225797060585
52 0.226113262256
51 0.227883586878
26 0.228588677699
82 0.236405706916
55 0.239534348499
0 0.242458358482
59 0.242467953984
50 0.24692732371
40 0.247302962653
35 0.24762180331
38 0.247989658866
15 0.2548542825
68 0.266613870964
64 0.275409281662
97 0.278574278088
43 0.283833349735
34 0.287321615951
58 0.287746960147
61 0.289974351258
84 0.291705257189
60 0.291711621964
39 0.291798008931
36 0.292584974268
96 0.29481813712
83 0.296215523385
46 0.297804872306
28 0.30057690439
22 0.302202861719
56 0.30456701012
72 0.313995057884
32 0.314817877565
31 0.316376822472
66 0.317744689084
93 0.318914128034
100 0.319297511443
71 0.328604564242
81 0.334044601206
33 0.343508038076
67 0.347057159426
99 0.347942017892
77 0.354272638085
47 0.363113846852
42 0.364807233483
49 0.402630297531
98 0.415432755586
