87 0.154854995979
92 0.155358396255
48 0.155360715475
94 0.157102610209
90 0.158532955101
62 0.160081355035
45 0.160557251777
85 0.162189337964
75 0.162676445652
63 0.162809672081
41 0.166209747272
69 0.166311273407
29 0.170006767337
37 0.171025000888
57 0.171102857464
30 0.1723286825
88 0.17350397627
16 0.17360598982
80 0.173667345933
17 0.174939049313
74 0.176335840606
25 0.176370555266
24 0.17759342542
21 0.177670056432
20 0.179618821109
23 0.180007692857
13 0.180674128283
19 0.18184812016
91 0.182819847507
18 0.183775333521
54 0.184061466393
14 0.184850142649
8 0.185015669761
11 0.188306667191
5 0.189099257658
6 0.1935431371
7 0.194478112888
12 0.194871720839
10 0.19551696108
4 0.19816319443
65 0.203740572816
44 0.204701199322
2 0.21060117621
79 0.219093215186
1 0.220494722794
3 0.223341558528
86 0.263315424616
53 0.263480063067
0 0.304161259554
76 0.310161050591
95 0.3227195975
89 0.327406822674
9 0.342256223069
27 0.347297111539
78 0.354979256271
73 0.370704363036
52 0.37380021926
26 0.378292204816
82 0.393500678096
70 0.408624708373
38 0.409848404694
51 0.415460701076
55 0.419452993595
35 0.430712680789
50 0.440158177838
40 0.44120064313
64 0.444090246935
15 0.445086808744
59 0.453516280792
68 0.460562940881
97 0.498430759758
61 0.509357657535
43 0.524710354328
39 0.529715229172
36 0.550581809803
34 0.551407399677
58 0.553676583129
60 0.555182179021
83 0.566477778793
22 0.56729022304
84 0.570236479796
46 0.577402145981
28 0.579651842719
96 0.586257708403
31 0.594310436382
56 0.608908644276
66 0.622883997409
72 0.623003311298
32 0.629452407544
93 0.645392959065
100 0.649168679841
33 0.660108077425
81 0.665814325265
71 0.684387228614
99 0.696906331701
67 0.716442596698
77 0.731681879061
47 0.741405599477
42 0.744676335691
98 0.835428940507
49 0.856624992666
