80 0.279802644784
88 0.28312846494
57 0.285899395479
94 0.28821630771
74 0.288838916387
54 0.293512411238
92 0.304955227405
62 0.305933424494
75 0.310098922134
41 0.316701977886
87 0.322325715781
45 0.322633708241
63 0.327308007722
30 0.357331825861
25 0.364803452878
37 0.365101347779
85 0.365685974379
48 0.368338771438
23 0.370819512941
69 0.372789861005
90 0.373830372744
19 0.374781196223
21 0.376090219736
13 0.379794361446
16 0.382742694989
29 0.39477610404
20 0.395356550155
17 0.397657115719
24 0.398515676373
18 0.406711980654
14 0.4088134566
11 0.430570651416
91 0.434849075158
8 0.458695292604
5 0.469745735206
12 0.498171533964
6 0.499507992011
4 0.501992082035
10 0.502357173273
7 0.504249300631
65 0.518036563576
44 0.523607842625
2 0.551493356102
79 0.573509336173
1 0.58920056015
3 0.59181467128
86 0.698096737965
53 0.702178561696
76 0.779342271496
89 0.793712462708
78 0.804679224217
0 0.830240846636
9 0.844220748268
27 0.845690328505
95 0.867965018016
73 0.871548337027
26 0.912735004606
52 0.923105486266
70 0.938537232961
82 0.955608862793
51 0.959526608272
55 0.982489717217
38 1.02098088312
35 1.02404958127
50 1.03529770574
59 1.04612348961
40 1.05212780983
15 1.05700543902
68 1.11378800892
64 1.14158069555
97 1.2074027853
43 1.24129833814
61 1.24281315728
34 1.25986092167
39 1.26408552329
36 1.27264565597
58 1.27275659384
60 1.30076902228
84 1.31235877343
83 1.31829786428
22 1.32454414842
96 1.32928906421
46 1.33280757387
28 1.33748188189
56 1.36318620075
32 1.4030119402
31 1.40343103093
72 1.4307055139
93 1.45727501735
66 1.46967514285
100 1.47344748705
81 1.50025848427
71 1.50826943176
33 1.54226610774
67 1.60912667232
99 1.61639252037
77 1.63171811459
47 1.67323615394
42 1.68080031573
49 1.8910081549
98 1.89812481459
