92 0.0931294852199
48 0.0933824573412
87 0.09339714661
94 0.0935768512459
62 0.0950741240145
45 0.0958655327245
75 0.0963765253279
63 0.0970159664036
90 0.0971164446688
41 0.0980245224111
85 0.098086606075
57 0.099493279993
88 0.100003052631
80 0.10017220985
69 0.100365163189
74 0.101245861713
37 0.101821632203
91 0.10197452093
30 0.102034660883
29 0.103329583613
25 0.103961399264
16 0.104072285314
54 0.10456298762
21 0.105103083339
17 0.105311238025
23 0.10561384388
24 0.106016107141
13 0.106286842427
19 0.106670300555
20 0.106793862558
18 0.108925322943
14 0.109584056358
11 0.11209801077
8 0.112541051361
5 0.115102554896
6 0.118466542116
7 0.119174188228
12 0.11938094754
10 0.11938200608
4 0.120907844603
44 0.123722712343
65 0.124523099822
2 0.128666462787
79 0.130997396051
3 0.135686066361
1 0.136308398541
86 0.160092630937
53 0.167805973163
76 0.1862766101
78 0.188386623474
0 0.189205015093
89 0.19522424782
9 0.196071787892
27 0.20207986548
95 0.206730183521
73 0.206959604
26 0.220409430607
52 0.220730669485
70 0.230292168597
51 0.232545817823
82 0.241050368462
55 0.247198416481
38 0.251332865299
35 0.256225577511
40 0.258051988246
59 0.258772585977
15 0.259694153678
50 0.260962457083
68 0.293030243865
64 0.293280132645
43 0.319037511189
97 0.320914351273
61 0.328173067721
34 0.330912373232
39 0.332766712211
58 0.333632489985
36 0.335720323308
60 0.337825067187
84 0.344223532643
46 0.346675560505
22 0.347018204543
83 0.350834921178
28 0.352696020014
96 0.354570969441
56 0.360495241991
31 0.373363931477
32 0.377678000858
72 0.382700856632
66 0.384788222014
93 0.392202184978
100 0.395511370954
71 0.410693089897
81 0.412258108368
33 0.415884729767
67 0.436954008582
99 0.439736199097
77 0.447267162354
42 0.458213111741
47 0.458301418998
49 0.529381741816
98 0.541882632273
