94 12.1008874327
92 12.1620147962
88 12.1900834411
80 12.1954652179
87 12.215574307
62 12.3078978106
74 12.3165626176
57 12.3606309253
90 12.4193594381
75 12.4698603843
45 12.5064183043
54 12.512120763
85 12.5640279102
41 12.6173304428
63 12.6408808118
91 12.7599767894
48 12.8883042101
69 12.9364275176
30 13.2285994203
37 13.2296512332
65 13.2696589582
29 13.404432925
25 13.423398816
44 13.534300663
16 13.5472187438
23 13.5887517111
79 13.6072821985
21 13.6107573541
24 13.6279143656
17 13.6369740293
13 13.678890485
19 13.7307209502
20 13.8110868151
86 13.9610236008
18 14.0127375448
89 14.0294502192
14 14.1087372456
7 14.1459940929
76 14.1642375543
8 14.2654715079
73 14.2747457322
53 14.2982325098
11 14.3501921861
6 14.4127962543
5 14.4409269196
12 14.4658788901
78 14.4850083403
82 14.5544296176
10 14.6362095244
95 14.6502189191
70 14.6968329428
4 14.7882641445
97 14.8678222325
51 14.8987205014
52 14.951925142
55 15.0043849159
68 15.0549852685
50 15.0634903406
59 15.0721209653
2 15.0823317425
96 15.0960833052
27 15.1272347239
26 15.2736693043
3 15.3662773119
84 15.4201441054
35 15.4620776617
100 15.4707082042
38 15.4822327314
40 15.4950654124
83 15.507726281
1 15.5646653983
72 15.5758359856
64 15.6163848016
93 15.6217311825
58 15.6561415276
71 15.6926813661
61 15.7015273587
34 15.7485849671
39 15.7923876993
9 15.8726556276
99 15.9193691631
60 15.9647585187
28 16.0198964055
43 16.0248499188
36 16.0751324073
56 16.0780446383
66 16.0951610957
46 16.1088676302
81 16.1467218765
67 16.2160548899
32 16.2326428245
31 16.3335371511
15 16.3515657523
77 16.3745739352
22 16.5845682542
47 16.6904927487
49 16.9112528117
42 16.9819509696
33 16.9886266346
98 17.2888654251
0 17.420699
