94 0.244974433763
88 0.246604155145
80 0.246777185587
92 0.248356587645
74 0.249494530644
57 0.250087837942
62 0.250298831457
87 0.251730668954
75 0.253326779162
54 0.254166329386
45 0.25568495022
41 0.256800258879
63 0.258386357925
48 0.261551829908
90 0.264603018106
85 0.265742489641
69 0.271598100131
30 0.272091339632
37 0.27318765141
25 0.276348113996
23 0.279392063543
29 0.280603015826
21 0.281212408232
13 0.281901109791
16 0.282343391307
19 0.283323504978
24 0.284649049424
17 0.286188306407
20 0.287294235108
91 0.289524913702
18 0.29208197023
14 0.294560721141
11 0.301632626961
8 0.304530226484
5 0.310958527781
7 0.317676769132
65 0.318379488961
6 0.318910128377
12 0.320026541027
44 0.320135397806
10 0.32066912218
4 0.324571707572
79 0.33225275869
2 0.341705507956
3 0.354915174425
1 0.356580816461
86 0.369949933601
53 0.379102499513
76 0.409129898823
89 0.421390201094
95 0.425966370303
78 0.434859774188
73 0.439724260114
27 0.447234942564
0 0.44913936593
9 0.451035397899
52 0.460780610585
26 0.470239400725
82 0.475263112589
70 0.479889021275
51 0.483067811648
38 0.497173584722
55 0.497194649946
50 0.510891989549
35 0.511201664271
59 0.511402482564
40 0.512694700499
64 0.528619346203
15 0.530985716873
68 0.531704026092
97 0.552810915408
61 0.573036954036
43 0.580530885202
39 0.585245347528
58 0.593446043674
34 0.59498923277
84 0.59694007664
60 0.598794519491
83 0.60210479143
36 0.602136872318
96 0.602825976648
46 0.6124591655
28 0.616444951086
22 0.619508621605
66 0.629673358914
56 0.632214668759
72 0.633485339836
31 0.633859335859
100 0.641779659385
93 0.645998678861
32 0.653113057371
71 0.669371858276
81 0.67713660185
99 0.680347681205
33 0.686260828959
67 0.69415224829
77 0.712159031847
47 0.72414733519
42 0.730978479373
49 0.787389288276
98 0.804938309067
