96 0.191045168762
84 0.195543482455
100 0.195698299419
93 0.198138529526
72 0.198292391751
71 0.201332398854
59 0.203585452527
58 0.204584942548
99 0.204631279018
66 0.205145192447
83 0.205740999781
56 0.205823674525
46 0.206686768156
97 0.209646323053
28 0.209649214666
67 0.209702549115
34 0.209951352713
60 0.210705100047
70 0.211683520491
51 0.211748216822
77 0.213753845503
50 0.214853367983
43 0.21496442559
40 0.216634699237
73 0.216721416305
32 0.216947424124
47 0.218070463472
39 0.218210631921
31 0.21853473264
81 0.218655599525
36 0.221627573671
42 0.221707813453
82 0.221737929121
55 0.222838056987
61 0.226313160624
68 0.226355131062
22 0.226473190249
33 0.227867273322
52 0.228572338573
35 0.230145281171
78 0.231245585601
38 0.234924585313
49 0.237709541309
89 0.240682954566
26 0.242136844194
64 0.242615009784
15 0.243353394521
76 0.249482238046
27 0.256224232956
98 0.256391259562
95 0.257881167136
9 0.28103925143
86 0.281332774844
79 0.320430344389
53 0.322639890754
91 0.340321833174
65 0.349410545043
44 0.359736831803
0 0.392248188243
3 0.427194495821
7 0.432418263152
90 0.435975254793
2 0.448105991902
6 0.452787497072
12 0.46466184255
1 0.466966073201
48 0.47716913404
85 0.487001912924
10 0.487562508198
4 0.504011203627
29 0.510881113077
5 0.511684722212
8 0.513642320642
69 0.521327240557
87 0.522328460761
17 0.546635264704
92 0.553965187411
16 0.561537812878
45 0.562551397237
24 0.565907570221
37 0.573797046778
63 0.574105726671
62 0.58237475634
20 0.584616613639
94 0.585883098128
11 0.586360551622
30 0.591855852123
75 0.593354528885
18 0.594139981752
14 0.595717157025
21 0.598774060743
41 0.604650466103
25 0.605591019514
13 0.614212654281
23 0.62051834058
19 0.622496745977
57 0.656497429794
88 0.667471595643
80 0.67100828649
74 0.675420955681
54 0.704557764192
