90 0.104772601989
48 0.105606590966
91 0.115169245629
29 0.117146429075
85 0.11887768367
87 0.121766560542
6 0.125628399773
44 0.126076126436
69 0.126320587764
12 0.12680261743
8 0.126868478182
7 0.126997903442
92 0.128627052473
65 0.128822051951
5 0.129207372898
45 0.129461402119
10 0.130749571348
17 0.132135627152
63 0.133224453135
16 0.133755665246
2 0.134297678547
62 0.134784415375
37 0.134891531315
94 0.135079729776
24 0.135542972646
4 0.135784460458
75 0.137143178379
3 0.137231611579
30 0.138501363553
79 0.138821271866
20 0.139032373872
41 0.140194444936
21 0.140836590303
18 0.141928883351
11 0.142049702801
25 0.14207005497
14 0.142453185443
13 0.144481608256
23 0.145711460703
19 0.146585174705
1 0.14696833838
57 0.153802051736
88 0.158287926028
80 0.159135200169
74 0.160760564949
86 0.16569939628
53 0.167862984469
54 0.170013265879
0 0.197871689865
76 0.204131829625
95 0.212965670431
89 0.221189854159
9 0.227145632464
27 0.234226063539
78 0.247452236028
52 0.2571685256
26 0.258598059474
73 0.262378171176
82 0.272274922412
38 0.281393183654
70 0.290973242955
55 0.294590065143
51 0.296651350103
35 0.301979244216
64 0.306586389106
15 0.311282078437
50 0.31130760578
40 0.312907017581
68 0.327490478046
59 0.328864166779
97 0.363089244015
61 0.365105914475
43 0.380030481363
39 0.382597533701
36 0.40353511813
34 0.405812236155
60 0.40975422239
58 0.409805269059
22 0.415033239794
83 0.422015273385
84 0.425362611274
46 0.427429129279
28 0.430607155772
31 0.436845103864
96 0.442651892704
56 0.456795367264
66 0.467841051371
72 0.470759139229
32 0.474362694154
33 0.491451099745
93 0.491915413418
100 0.496899899721
81 0.506692846664
71 0.529965546217
99 0.533411610925
67 0.552554006637
77 0.565597666252
47 0.570243568779
42 0.571377266242
98 0.64797536101
49 0.677443239604
