94 0.219163226089
80 0.226526231284
57 0.22713212975
92 0.228784204837
88 0.228887053077
62 0.232588254753
74 0.234154821178
75 0.236363438347
87 0.240251005315
54 0.241727214737
41 0.242727707548
45 0.243033843097
63 0.247010548421
48 0.270927807596
30 0.271404263491
85 0.273379342027
37 0.275750820162
25 0.278393416135
90 0.278506246207
69 0.279098444542
23 0.284292610306
21 0.285588672179
16 0.286788133085
19 0.28709120334
13 0.290381418971
29 0.295525271474
17 0.297681786555
20 0.299186401394
24 0.301444064859
18 0.309142695938
14 0.310404527176
11 0.326693938539
91 0.326804046584
8 0.345197478101
5 0.353982477078
12 0.37725748483
6 0.377450227152
4 0.380233705689
10 0.380457448095
7 0.383269207631
65 0.403872173997
44 0.406854863059
2 0.421141714152
79 0.451973590902
1 0.452311243362
3 0.45670303357
86 0.573109704661
53 0.576908253773
76 0.658898685142
0 0.67049516538
89 0.678535082463
78 0.682852288009
9 0.705930288502
27 0.717863272889
95 0.741252557017
73 0.752644749807
26 0.78719107754
52 0.79910718259
70 0.824723224781
51 0.842189862742
82 0.844391062085
55 0.86898057844
38 0.897655626624
35 0.905421576923
50 0.923854122913
15 0.92871899266
40 0.932378992056
59 0.933843994772
68 1.0097796654
64 1.02518709925
97 1.11392739499
43 1.13307883776
61 1.13967911794
34 1.16189373485
39 1.1625428618
36 1.1713550928
58 1.17707402509
60 1.20020518261
22 1.21884682074
84 1.22178214313
83 1.22936087329
46 1.23331565624
28 1.24289934113
96 1.24851558105
56 1.27174210827
31 1.30817627925
32 1.31636023948
72 1.35110318025
66 1.37395407912
93 1.38144669155
100 1.39834434127
81 1.42658052568
71 1.44087908256
33 1.45232350875
67 1.53830507286
99 1.54759328613
77 1.56696317943
47 1.60606587707
42 1.60924638218
49 1.84438740186
98 1.85277417556
