91 0.100638629222
48 0.100759435227
90 0.100937827996
87 0.102516933055
92 0.103750159879
85 0.104887055913
94 0.105403218105
45 0.10653513618
62 0.106784189686
63 0.108105844178
75 0.108333359386
69 0.108676852044
29 0.110067266988
41 0.110364903351
37 0.112308954695
30 0.11332179672
16 0.113486719945
57 0.113563513904
17 0.113815988758
88 0.114571984947
80 0.114749388617
25 0.11563632603
24 0.115672418427
74 0.115992138461
21 0.116240714625
20 0.117018852559
23 0.117708330783
13 0.118050386039
8 0.118160066724
65 0.118448718515
19 0.118705701552
44 0.118801192912
7 0.119099012072
18 0.119348003078
6 0.119391481988
14 0.119947074076
5 0.120002905471
54 0.120006371935
12 0.120830368383
11 0.12162161954
10 0.122496824167
79 0.123250673595
4 0.124397491282
2 0.127465713925
3 0.132064716165
1 0.134494264542
86 0.144442553631
53 0.150877209934
76 0.163093441219
78 0.166976453384
89 0.167950548381
0 0.171375639219
9 0.17326435908
27 0.175732690881
95 0.17677587486
73 0.179057214383
52 0.188591267019
26 0.189672771378
70 0.196634431646
51 0.199138274252
82 0.202711252443
55 0.20884738952
38 0.211444151112
35 0.215761213857
40 0.21775238387
59 0.218211895228
50 0.219123906348
15 0.220367373703
68 0.239574690979
64 0.240237095605
97 0.258505320571
43 0.262738890988
61 0.266189141934
39 0.271687811505
34 0.272258203887
58 0.273337584897
36 0.274969151999
60 0.275470354228
84 0.281066539504
83 0.283573956782
22 0.283911266172
46 0.284422506178
28 0.287511851731
96 0.288015165647
56 0.296169224427
31 0.3027329113
32 0.307997149736
72 0.309234120689
66 0.310507988764
93 0.317208589704
100 0.318816548701
71 0.331610482914
81 0.331721919483
33 0.335422200667
99 0.350619130877
67 0.351492129442
77 0.35936609909
47 0.367818301166
42 0.368563889615
49 0.420229430542
98 0.428087793055
