78 0.121732399797
89 0.123916154567
76 0.124460153981
86 0.125416734794
79 0.128413232544
27 0.129225928333
70 0.130578253319
73 0.131152085377
52 0.131384743339
26 0.132839416901
9 0.1338966702
95 0.134133666199
91 0.134213441334
51 0.134232226125
65 0.135389158793
53 0.136710637876
82 0.137272807395
55 0.138370218276
44 0.139038735959
50 0.143000384302
35 0.143450694092
59 0.143483895284
38 0.143907035394
40 0.144022233927
15 0.146932696347
0 0.1572977958
7 0.158224017039
3 0.159383687682
68 0.160014445553
90 0.161944815443
2 0.164015521519
6 0.164816614041
64 0.164894803035
1 0.168061669914
12 0.168465095636
43 0.169478354555
97 0.172101732719
34 0.17311040836
10 0.174401303247
58 0.17483226754
36 0.17641914219
61 0.176617005285
85 0.176645324023
39 0.176827310239
48 0.177063365854
60 0.177712590449
4 0.179199825253
84 0.182085609419
22 0.182732834996
5 0.182758342549
46 0.18288308105
8 0.183414704159
83 0.184248412295
28 0.18501678158
29 0.185731257834
69 0.18665840246
96 0.18694460829
56 0.188771077954
87 0.190351688875
17 0.194777305606
32 0.196168067449
31 0.197456917469
16 0.200537154916
24 0.201114781423
92 0.202086582647
72 0.203577703824
45 0.204665081325
37 0.205468734497
11 0.206953824253
20 0.207779347734
63 0.207915522165
93 0.209709076271
18 0.210498897975
14 0.211024411586
30 0.212261839502
62 0.2123276103
21 0.213768067714
94 0.215288996362
100 0.215739341131
75 0.216185817471
25 0.216685619882
81 0.216756181712
66 0.21718872075
13 0.219093948641
41 0.219748628216
33 0.220248291128
71 0.220778482435
23 0.221755821853
19 0.222156128415
77 0.24090977941
67 0.241010333329
57 0.242193664127
99 0.243948353173
88 0.246601825558
42 0.246684350888
47 0.247964385571
80 0.248391026556
74 0.249021366827
54 0.259842955243
98 0.298418165427
49 0.304105248127
