89 0.184419807817
82 0.188158281104
76 0.19122540184
70 0.191280684932
95 0.192948921404
55 0.193826580245
52 0.194748732176
50 0.195292375512
68 0.195464882286
97 0.196314362583
78 0.198522392584
51 0.198607933748
35 0.199233244738
73 0.199384996375
26 0.199873168904
38 0.200039269876
86 0.200183855108
27 0.200426567334
59 0.200494377648
40 0.202476413873
64 0.203430838559
61 0.207154343748
53 0.207687640819
83 0.210000372676
39 0.210335714291
58 0.210503833706
79 0.210514220007
34 0.210895418087
15 0.211381614291
43 0.211429083274
60 0.212666265365
36 0.212732110056
96 0.213501994327
84 0.214130635792
65 0.21556122682
9 0.215751936023
28 0.217208707607
22 0.21992377866
46 0.220350652906
91 0.224072710218
56 0.224309945511
31 0.224435140895
44 0.224680814418
32 0.224874553409
72 0.225379630827
93 0.231353329223
81 0.232407705896
100 0.235768164375
71 0.239482074828
33 0.240778973043
66 0.245504005606
90 0.251380375751
0 0.252269483377
99 0.252991840425
7 0.253317786663
77 0.253641626298
67 0.25708294347
47 0.259323164207
42 0.26053094616
3 0.262044044547
6 0.264839048301
2 0.266251124194
85 0.268695167988
12 0.269902653922
1 0.271167977637
10 0.279624666388
48 0.279836835804
87 0.283978652644
98 0.284577387949
69 0.285313081363
4 0.285349380041
29 0.288334866498
5 0.289205134507
8 0.290209345451
92 0.298469701504
17 0.299758272594
49 0.300968006449
45 0.304491266817
16 0.306646311915
24 0.309142664021
63 0.309757166835
37 0.311649399037
62 0.31286969917
94 0.314112055645
20 0.318661285875
75 0.318794228461
30 0.320416414448
11 0.321370492861
18 0.323949972645
41 0.324779225531
21 0.324841609933
14 0.325072377745
25 0.327599806721
13 0.332165240592
23 0.335018128048
19 0.336675492043
57 0.350104612425
88 0.354800360302
80 0.35666534006
74 0.358871727198
54 0.373446380702
