91 0.351416966041
90 0.352659405407
65 0.366544240333
48 0.366898590809
44 0.371568175361
79 0.373855610532
85 0.375656871469
87 0.381251776035
7 0.38941299568
29 0.39181715629
69 0.393125960762
92 0.393448929752
6 0.396357231049
86 0.397436878805
12 0.401135941023
45 0.401602740175
94 0.406456137216
53 0.407765011709
62 0.408299521126
63 0.408573044665
8 0.409147043473
10 0.410525863846
2 0.41189251081
17 0.411909262591
5 0.41262403726
75 0.41506816268
16 0.416003553022
3 0.416728606602
37 0.417155320923
4 0.419433561128
24 0.420986428954
41 0.422806999232
30 0.425070854827
1 0.428570330855
20 0.430342940267
76 0.431279563571
21 0.433367188235
25 0.434288503864
18 0.438067114561
14 0.43990137125
11 0.440012872841
95 0.440496160862
13 0.441934893119
23 0.443522104047
89 0.44538695175
57 0.44590241545
19 0.446316444178
88 0.45184986215
80 0.453308669069
74 0.457768619818
27 0.476178281818
54 0.476478139393
0 0.483140534818
78 0.483561888435
73 0.484254196131
9 0.484659463564
52 0.488452141326
82 0.494770488765
26 0.499074077073
38 0.517311757691
70 0.519832324663
55 0.526331367369
51 0.527166371279
64 0.536162793144
35 0.539557116893
50 0.5411822646
40 0.547910493506
68 0.550719772018
59 0.557254165555
15 0.563940153525
97 0.576964346965
61 0.592868966216
39 0.6128173204
43 0.616305059443
34 0.639176640685
58 0.63963564962
36 0.640873606712
60 0.643153651767
83 0.646449984599
84 0.649365824637
22 0.658788243892
96 0.66084764694
46 0.663078379248
28 0.663730724567
31 0.671682528514
56 0.693278812179
72 0.693463589434
66 0.693483268274
32 0.713429069651
93 0.715600956391
100 0.716943344257
33 0.733765225511
81 0.73863227469
99 0.753834702044
71 0.755361317861
67 0.782297878411
77 0.799241415028
47 0.806755441178
42 0.813293246662
98 0.887818942195
49 0.914387743474
