70 0.121420240673
59 0.121550446351
51 0.122800862649
96 0.124883273192
78 0.124917144716
84 0.125579556055
73 0.125679543404
50 0.127136538781
58 0.127364790841
83 0.128249920437
34 0.128345145331
60 0.128412122064
40 0.128668816936
46 0.129878005102
55 0.130115592092
72 0.130476693337
56 0.131073547455
28 0.131471227898
97 0.131512671389
43 0.13164426712
93 0.132546914059
52 0.13298706621
100 0.133145246581
35 0.133689953331
36 0.133709481229
32 0.133961626902
39 0.135821787118
82 0.136006914071
22 0.136944368905
71 0.137341650392
66 0.13746241801
68 0.13801933949
31 0.138031911428
26 0.138263509674
89 0.138552477301
15 0.139058319954
81 0.139332996196
38 0.140416146239
61 0.14085300201
99 0.142004806313
27 0.143824595765
67 0.144350830547
33 0.144451011705
77 0.144891875616
47 0.147720235021
42 0.148200394463
76 0.151457156201
64 0.155007198289
9 0.155710058421
95 0.166074134462
98 0.167429408793
49 0.170078622237
86 0.17342924313
91 0.182358302649
79 0.19430131414
53 0.213069196971
65 0.214794226943
44 0.216801536227
0 0.24236760726
3 0.257484673872
90 0.273580306676
7 0.276446992558
2 0.279793571434
6 0.284381788506
48 0.293785417232
12 0.295188836062
1 0.306277815722
10 0.318438681099
85 0.328203612041
29 0.32956163165
4 0.334740744316
5 0.335571788695
8 0.336353994259
87 0.353577705818
69 0.355023190402
17 0.370284582825
92 0.378564682358
16 0.381344334001
45 0.382949814017
24 0.387615464982
37 0.392542896625
63 0.392953748238
20 0.400078405279
62 0.400141719653
11 0.401521734344
94 0.4017478162
30 0.406396902643
75 0.407651467313
18 0.408080079009
14 0.408680716641
21 0.410997747237
41 0.416772773188
25 0.417182623187
13 0.423904835265
23 0.428741090495
19 0.429936432383
57 0.456343472367
88 0.466937608249
80 0.46908252231
74 0.473352887497
54 0.496319922023
