91 0.0890977857437
79 0.09681970919
65 0.0974883877633
44 0.0981443154354
86 0.104088997117
90 0.11001274674
53 0.11141945687
7 0.111581182598
3 0.112059734411
6 0.114747777964
76 0.115232571709
2 0.115389101349
12 0.117574219525
89 0.118118848599
48 0.120960565756
1 0.12126586146
9 0.121955257881
78 0.122903613217
10 0.123298328843
27 0.123459358711
95 0.124894835004
85 0.125516928201
0 0.125868451672
4 0.127480107415
5 0.128748296648
29 0.12901396523
8 0.129178144468
69 0.134008093753
26 0.134565198443
52 0.135435173497
87 0.136482143231
73 0.138065250547
17 0.139580832379
16 0.144251942006
24 0.145694240441
70 0.145739184142
82 0.146252378702
92 0.146791058952
45 0.148312161794
37 0.149144348614
11 0.150021756682
51 0.150605951832
20 0.150778897195
38 0.150955235044
63 0.15145055255
55 0.151686372021
18 0.153291032433
14 0.15345976225
30 0.155062675581
62 0.155789015106
21 0.155936743632
35 0.156184495584
94 0.158100813079
75 0.158839774283
25 0.158933406596
15 0.159277556931
13 0.160940268089
50 0.161268978059
41 0.162072930529
40 0.162253004359
23 0.163376932374
19 0.163431452906
59 0.168454493255
64 0.173991314294
68 0.177478261401
57 0.182575115991
88 0.188058987957
80 0.189351224759
74 0.190332986459
97 0.199018374113
54 0.200547606165
61 0.200977438748
43 0.201302499569
39 0.207949289216
36 0.212616394462
34 0.213164677799
60 0.216222677086
58 0.216548159828
22 0.219560673601
83 0.226231202278
46 0.227445980545
84 0.228385956557
28 0.229518359016
96 0.238865900482
31 0.239523937576
56 0.242318848915
32 0.250692408159
72 0.258463629181
66 0.264521570691
93 0.270404482768
33 0.271825446952
100 0.276145556412
81 0.27666832363
71 0.290852912878
99 0.307000419887
67 0.310875809452
77 0.314866687347
42 0.319071491475
47 0.320663498545
98 0.376991195187
49 0.393613406059
