80 0.474717444417
88 0.475555817772
94 0.476065910191
74 0.481293315471
57 0.482523676797
92 0.483830969531
54 0.488361061429
62 0.48838056974
87 0.49119444075
75 0.494652033703
45 0.500068657808
41 0.501384971479
63 0.505738276015
90 0.513143447457
85 0.515826216227
48 0.521616679105
69 0.530089154827
30 0.533810008293
91 0.534726388794
37 0.53631997085
25 0.542286287498
23 0.549119447871
29 0.550976966329
21 0.551823110425
16 0.552089793349
13 0.554745048029
19 0.555266189479
24 0.559351915981
17 0.559465417575
20 0.564184941446
18 0.574095010271
14 0.577975972877
65 0.581207372944
44 0.590527232231
11 0.592230923452
8 0.597047932081
79 0.602343798263
7 0.605450368975
5 0.60621717501
6 0.61277189449
12 0.615019692268
10 0.621480077256
4 0.627042813397
86 0.64593841709
2 0.649161777934
53 0.664874071676
3 0.668964944187
76 0.67295749411
89 0.673745045051
1 0.67594853024
78 0.679122116867
73 0.681727958617
95 0.712439363835
27 0.720697711216
70 0.72188672102
51 0.728791349554
52 0.729422873427
82 0.729488697259
26 0.740593737362
9 0.743890549356
55 0.749215137991
59 0.754293952016
50 0.762199946831
35 0.774706004079
40 0.775001714691
38 0.775317312191
68 0.787050800742
97 0.798535330272
0 0.798648122755
15 0.810975859603
64 0.814091669723
96 0.821081749761
84 0.829148770432
58 0.833237885453
34 0.835733607248
61 0.837882088655
43 0.840782186743
83 0.840877830243
39 0.842726133047
60 0.851019364658
36 0.853214042953
100 0.857114160334
46 0.85905676171
72 0.860149933122
28 0.860658007715
56 0.863695917596
93 0.86409141157
66 0.872640719989
71 0.874073927337
22 0.881716214414
32 0.884120468442
31 0.890257253667
81 0.903289553881
99 0.904120994454
67 0.910016420329
77 0.928094436107
33 0.943278967499
47 0.949106859561
42 0.961925091694
49 0.98647586926
98 1.03098870421
