91 0.12216101859
79 0.128245167377
65 0.132082630305
86 0.135396413517
44 0.136102216184
89 0.139625397195
76 0.139910857116
78 0.1410208566
53 0.14594914866
27 0.146274430675
9 0.148610939389
90 0.149840424006
95 0.149845126908
7 0.151294497098
73 0.152414243456
52 0.153264090529
26 0.154886242569
3 0.155789981553
6 0.156252078642
70 0.157679835488
2 0.157854144492
12 0.160856058523
48 0.161841328782
0 0.162067149297
51 0.162121665649
82 0.162910240581
1 0.163517945177
85 0.165746177235
55 0.166577420404
10 0.167928972194
38 0.170098438822
35 0.171999682225
4 0.172502714218
29 0.174258953838
50 0.174290028669
5 0.174472744188
40 0.174571059496
8 0.175003790554
69 0.17599983124
59 0.176025172495
87 0.176154521574
15 0.176244737747
17 0.18353915595
92 0.186785297496
16 0.188584458502
68 0.190708564287
45 0.190823115843
24 0.19249802076
64 0.193390766331
63 0.194316959056
37 0.19434763251
20 0.198080310208
62 0.198081562003
94 0.198967962979
11 0.199281353082
30 0.20112111031
75 0.20199411513
18 0.202132575874
14 0.202347063531
21 0.203345099813
97 0.205648577826
25 0.206449901518
41 0.206636687701
43 0.208921402588
13 0.20992164016
61 0.211953171651
23 0.212217838519
19 0.212583822386
39 0.216230866662
34 0.216694154818
36 0.218089777599
58 0.218151012258
60 0.219581804855
22 0.225576697501
83 0.226688353001
84 0.227418931592
57 0.228319494404
46 0.228871805264
28 0.230134317981
96 0.234066398245
88 0.234633098293
80 0.23570069876
74 0.237749574659
56 0.239542302116
31 0.243028920611
32 0.247761767091
54 0.249751758229
72 0.253428714755
93 0.262350239288
66 0.263421525575
100 0.267588049185
81 0.26996056999
33 0.271707336933
71 0.277672942453
99 0.297398516099
67 0.299133567443
77 0.301419649695
42 0.30794375713
47 0.308497450925
98 0.36218520175
49 0.37199418574
