91 0.0692739443339
79 0.0736624733424
65 0.0780790097487
44 0.0784717945156
86 0.0802134504609
53 0.0899166600353
3 0.0913968308304
76 0.0939603184952
7 0.0953269061765
2 0.0970347890358
0 0.0991043974144
6 0.0992077912844
90 0.100859512721
9 0.101028276175
89 0.101493612914
95 0.102111838336
12 0.10343536076
1 0.103657741598
27 0.105370829544
78 0.109699154496
10 0.111415289375
48 0.112587430271
4 0.117036854172
26 0.118671126322
52 0.118787690773
5 0.120550917726
8 0.122093178284
73 0.122353823772
85 0.123422209001
29 0.124963835372
82 0.132727976736
69 0.134880057122
38 0.135908798188
70 0.137071249547
17 0.139899394591
51 0.140491473004
87 0.140653715071
55 0.142104018356
35 0.146228469037
16 0.147035600295
15 0.148061123003
24 0.150060053912
40 0.151951643078
11 0.153451378431
50 0.153524132495
92 0.155859495014
37 0.156196600973
20 0.156445715514
45 0.157079616891
14 0.159348355913
18 0.159730165689
64 0.160410677133
63 0.161385418325
59 0.162259997298
21 0.164788772047
30 0.164958748371
62 0.168952527161
25 0.170157767542
68 0.171441428581
94 0.172373106588
13 0.172563790628
75 0.172780651133
19 0.175619340645
23 0.176391075026
41 0.177309213122
61 0.197374641961
97 0.198312697745
43 0.200374191645
39 0.207443165975
57 0.208049323992
36 0.217333953455
88 0.217766075293
80 0.21923985466
34 0.219441760502
74 0.220868377344
60 0.221986533709
58 0.222928639569
22 0.223938543277
46 0.23454279386
83 0.235177532926
54 0.235538340395
84 0.237147967176
28 0.237955606972
31 0.246251571057
96 0.252203381865
56 0.255960110894
32 0.269395962473
66 0.271206422763
72 0.274602786755
33 0.286352693085
93 0.29010498827
100 0.295719715667
81 0.299862602165
71 0.318510061907
99 0.328741499574
67 0.337740581613
77 0.346736257017
42 0.349249184048
47 0.350880690141
98 0.420832433672
49 0.441317042236
