73 0.12268949639
70 0.122800500522
59 0.123875425567
51 0.123999472613
78 0.125216289046
50 0.127708292245
96 0.128268290262
82 0.128372689035
89 0.128445857783
55 0.128808431821
52 0.129069165477
40 0.129337030284
84 0.12961198306
97 0.130060005587
58 0.131430356672
83 0.132193657168
35 0.132617031689
34 0.132854899292
68 0.133328218521
76 0.133350360916
60 0.133383817936
26 0.133853037038
72 0.13424386742
100 0.134588486987
43 0.134661218035
46 0.134677208365
38 0.135017834594
93 0.135263583025
28 0.135425563425
56 0.135460180681
27 0.136413182402
39 0.136718313414
36 0.137017608285
71 0.137557215599
61 0.138269326851
66 0.13848909687
95 0.138845436488
32 0.139006172701
15 0.139068962215
22 0.140786220628
31 0.141513362211
64 0.141722531131
86 0.142321584397
81 0.142889489961
99 0.143429459733
67 0.144417127505
9 0.146003557241
77 0.146330365905
33 0.149169956558
47 0.14997855842
42 0.151351486512
79 0.151765216724
91 0.153287926887
53 0.157152914074
65 0.160011102736
49 0.162744682829
44 0.164297731802
98 0.169275501407
0 0.185690901186
90 0.186761126706
7 0.189807888544
3 0.191381913974
6 0.1970214444
2 0.197428616157
12 0.201465425478
48 0.201858664491
85 0.20468051962
1 0.20473745109
10 0.209787981882
29 0.214924250227
4 0.215564867989
87 0.215684887416
69 0.217097712006
5 0.217379043358
8 0.217677157637
92 0.226346010698
17 0.227130659489
45 0.230335187083
16 0.23206764765
24 0.234192590927
63 0.234483912143
37 0.235765012279
62 0.23668891156
94 0.237331052182
20 0.24082491343
75 0.240832308011
30 0.242062304695
11 0.24278682863
18 0.244695847122
41 0.245213885058
21 0.245307531093
14 0.245441648224
25 0.247334836071
13 0.250944953324
23 0.252888312261
19 0.253916817817
57 0.262954147493
88 0.266634744108
80 0.267828296487
74 0.269671736351
54 0.280321939082
