97 0.107559417702
68 0.10801813022
82 0.108925389769
55 0.111930949682
50 0.112339285569
61 0.113484067606
89 0.114081002131
70 0.114980268872
35 0.115418286428
38 0.117154016383
39 0.117740257259
52 0.11777717143
40 0.119988065291
64 0.120134459792
73 0.120252668701
26 0.120708475432
51 0.121219540153
59 0.122731495294
43 0.123227682742
36 0.124730136407
78 0.125620906091
15 0.12569759567
83 0.126040040311
27 0.126406543528
76 0.127068449074
34 0.127850867522
58 0.128672755171
22 0.129230317364
60 0.12939739174
31 0.130163319284
28 0.132837827807
84 0.13537876028
46 0.137893387842
96 0.139613097872
95 0.141396278988
9 0.141597323308
33 0.145661591056
72 0.14789716035
32 0.147904046219
56 0.148313348234
81 0.151927705379
86 0.155633283573
66 0.15603599957
93 0.159463488873
100 0.164811119307
99 0.172171274925
71 0.178846126078
91 0.183204827376
47 0.186117588582
42 0.18700036646
77 0.188069649352
67 0.188556180194
79 0.190595672308
98 0.19675404419
53 0.20519061238
65 0.217587078663
44 0.217996436051
49 0.248508764556
0 0.255514371046
3 0.276158413512
90 0.312382998397
2 0.314633450293
7 0.316757947466
6 0.326645178481
12 0.343842665527
48 0.3454274245
1 0.372601542983
10 0.389685179451
29 0.400899997983
85 0.412633193531
5 0.415132558435
8 0.41876332711
4 0.419374054297
87 0.462520406142
69 0.47070461776
17 0.489486083939
16 0.507824139335
45 0.510828334845
92 0.511230889629
24 0.524224440033
37 0.532844915626
63 0.534045891878
20 0.542679974557
11 0.543812709459
62 0.548518902393
94 0.550041428681
14 0.55611370069
30 0.556706829755
18 0.557511193732
75 0.560005728409
21 0.560827778591
25 0.574557015569
41 0.575359317287
13 0.584354846945
23 0.593472825964
19 0.593649831653
57 0.643602678773
88 0.667751074209
80 0.66945829142
74 0.678639223535
54 0.717665420338
