65 0.0152036902039
53 0.015219486021
90 0.0153571545006
44 0.0156771415917
85 0.0157025341308
79 0.0159666591305
86 0.0160267363508
87 0.0163122323333
7 0.0165215003289
69 0.0165755530555
95 0.0168892762159
91 0.0169639843865
92 0.016982666467
29 0.0171054352446
12 0.0172149006302
6 0.0172167724933
48 0.0172474399846
45 0.0173117638248
76 0.0174208964249
10 0.0174577204329
17 0.017582132237
8 0.0175856849264
63 0.0176216967799
5 0.0176287632911
4 0.0176470801517
62 0.0176640876496
94 0.0177262572277
2 0.0177675391558
24 0.0178152043072
16 0.017838258005
37 0.0178739730864
1 0.0179444263461
75 0.018007560508
3 0.0180889937986
89 0.0181697036046
30 0.0182675307125
41 0.0182940997412
20 0.0183883729348
21 0.0185858736168
25 0.0186368338617
18 0.0186560100161
11 0.0186716622061
14 0.0187526334997
13 0.0188904840541
23 0.0190215618111
19 0.0191437372201
57 0.0195156667488
82 0.0195902959414
88 0.0197172701081
80 0.019828316915
74 0.0199575197968
64 0.0199620888047
27 0.0201713220715
0 0.0203127603497
52 0.0205687241559
54 0.0207805837976
38 0.0208005950984
26 0.0209340077042
9 0.0210183194064
68 0.0212995682334
55 0.0216218464823
73 0.0216762165472
78 0.0217902962978
35 0.0221477750776
50 0.0222067994376
70 0.0223311275293
97 0.0224483540087
61 0.0229046387681
51 0.0230778422496
40 0.023213414801
15 0.0236855446739
59 0.0241632669187
39 0.0242612923308
43 0.025238357366
36 0.0260649286892
83 0.0262590136955
34 0.026300439458
58 0.0264634385866
60 0.0265897719275
22 0.0268451684629
31 0.0269377906098
84 0.0271030558791
28 0.0273686503532
96 0.0275990848756
46 0.0277078283843
72 0.0288625597376
56 0.0292137796185
32 0.0295976230051
33 0.0296360793986
66 0.0296633786013
93 0.0301640775134
81 0.0303084572212
100 0.0304813656292
99 0.0316445835473
71 0.0323263990371
67 0.0335406068369
77 0.0338162384809
47 0.0339252002053
42 0.0342301135307
98 0.0361739933992
49 0.0397509255837
