73 0.143036165456
78 0.143636715167
89 0.144843080478
70 0.145269545435
51 0.146906631533
76 0.147642619165
52 0.148916914698
59 0.14971089303
82 0.150983577002
86 0.151096883413
55 0.152921237563
27 0.153212940731
79 0.153229267976
95 0.153284795479
50 0.15383936817
26 0.153934538773
91 0.154533588633
40 0.154655962452
35 0.157470224649
65 0.158639182429
38 0.158673849588
9 0.161480008025
53 0.161896167965
68 0.16228004832
97 0.16280262046
44 0.163616481223
15 0.163972978998
96 0.165334702576
58 0.165762180776
84 0.165884242332
34 0.167055978922
43 0.167489700609
60 0.168118233493
83 0.168609636103
64 0.169639366529
46 0.170947054532
39 0.171230404078
36 0.171285675674
61 0.171749586236
28 0.171852783327
56 0.172848940109
72 0.174935846279
90 0.175323819786
22 0.176437511628
93 0.17677360336
100 0.177390713324
32 0.177780385806
71 0.180186857259
7 0.180351907422
31 0.1810721223
66 0.18201277927
81 0.185480833207
85 0.186404670649
6 0.186760033393
48 0.187615968907
3 0.187629118566
0 0.188699672831
2 0.189418850118
12 0.190486459674
67 0.191591306563
99 0.192173851528
77 0.193243826412
33 0.193510996039
87 0.193600806006
1 0.194238524215
69 0.196061239849
10 0.196121810907
29 0.19825138635
47 0.198709555588
42 0.199879371264
4 0.200327670085
8 0.201117825354
5 0.201350563562
92 0.201351689901
17 0.20537275015
45 0.205662998506
63 0.208778705481
16 0.208973202028
62 0.209806316018
94 0.209925448961
24 0.210991417196
37 0.211196821112
75 0.213450310294
30 0.216089884459
20 0.216462664076
41 0.217219877177
11 0.219375472101
21 0.219497094104
49 0.219819786481
18 0.219993021436
25 0.22063953569
14 0.220819111389
13 0.22397786938
23 0.225283734335
19 0.226495705411
98 0.227010366139
57 0.230958797893
88 0.23339483852
80 0.234414207428
74 0.23599558092
54 0.244756356894
