80 0.227778135065
88 0.229426925542
74 0.233152080476
57 0.234423453047
54 0.235439939394
94 0.238891091379
62 0.251133845931
92 0.252464355977
75 0.253984628635
41 0.258312678025
45 0.265402541974
87 0.267075721406
63 0.267535746
30 0.28937255583
25 0.294299234871
37 0.295795454068
23 0.297252255418
19 0.302101979814
85 0.302265325302
21 0.30378426407
13 0.303796664179
48 0.304161327214
69 0.304717293277
16 0.312104403381
90 0.315799297493
20 0.318681616283
24 0.320504886935
17 0.32353661929
18 0.326311456371
29 0.32660880822
14 0.329065717735
11 0.345316733349
8 0.371193570643
91 0.379963773414
5 0.381549099632
4 0.407031920974
10 0.407036935058
12 0.40971911921
6 0.410538542276
7 0.413884084265
65 0.436777058711
44 0.440325635051
2 0.453538486961
79 0.475967868952
1 0.476633423163
3 0.487558812108
86 0.57221213197
53 0.573938393913
76 0.650420074346
89 0.670710273053
0 0.67594741602
78 0.690706000834
95 0.698448983397
9 0.709932850136
27 0.713136180914
73 0.728675384236
52 0.764075840732
26 0.767038963015
70 0.794515806629
82 0.79621922389
51 0.807210088211
55 0.828905577199
38 0.841068369185
35 0.858119735748
50 0.867088642886
40 0.873799207138
59 0.874093159234
15 0.886582871953
68 0.920077650847
64 0.923276881108
97 0.983317162096
61 1.01572411988
43 1.02417949163
39 1.04010566177
34 1.05021322581
58 1.05432914296
36 1.05899988775
60 1.06898923826
84 1.07912218033
83 1.08149913267
96 1.09435727927
22 1.09637560367
46 1.09956763517
28 1.10377320408
56 1.1346564836
31 1.14947222635
72 1.16896497231
32 1.17017418706
66 1.18442570396
93 1.19437819477
100 1.19951134127
81 1.23776578071
71 1.24026154518
33 1.26155556414
99 1.3007095181
67 1.31123011008
77 1.334612737
47 1.36424134686
42 1.3727797878
49 1.52893163379
98 1.53961439683
