54 0.0313528302787
88 0.0316864610001
80 0.0318065135325
74 0.0318100230072
57 0.0335990142538
94 0.0364048273936
62 0.0371317181241
41 0.0372955581705
75 0.0374108843708
92 0.0384065680403
45 0.0393925979064
63 0.0394169847567
87 0.0405104982855
23 0.0409772259369
30 0.041209664426
25 0.0412362140624
13 0.04173695346
19 0.0418947841089
37 0.042419972715
21 0.0429190742035
69 0.0444256417407
24 0.0447490181238
85 0.0447638678474
20 0.0450185164694
18 0.0452142220652
16 0.0458522997156
14 0.0458961221725
17 0.047427418399
11 0.047873578676
29 0.04895600796
90 0.0495170336568
48 0.0510203318645
8 0.0541128225339
5 0.0556954214427
4 0.0589908178857
10 0.0595595720803
12 0.0615904298457
7 0.0628678197052
6 0.0630840125279
65 0.0675505356654
44 0.0678927072214
2 0.0691213818353
91 0.0698779266412
1 0.0701045691567
3 0.0741457567096
79 0.0756793851074
53 0.0795636331204
86 0.0851259074417
76 0.0992532822933
95 0.0997201148284
0 0.101827906968
89 0.104150034149
27 0.113248592655
9 0.114194427578
78 0.118078367809
82 0.119151742296
52 0.119487930048
26 0.120535053547
73 0.121039341512
38 0.125156944383
64 0.126743443614
55 0.128542436027
70 0.129168868087
35 0.131814976895
51 0.13222132294
68 0.132714033892
50 0.133179823437
40 0.137119476524
15 0.138595421831
59 0.140958950346
97 0.141389004707
61 0.144401601379
39 0.151256104011
43 0.15392679068
36 0.158915595849
34 0.1593874926
58 0.160487129809
83 0.160933074845
60 0.161062565898
22 0.163747169756
84 0.163916376494
28 0.166594982899
96 0.166686165319
46 0.167228632862
31 0.167234605942
56 0.174787716802
72 0.174865639899
66 0.177431370014
32 0.177603674608
93 0.180811098656
100 0.181617220827
33 0.182866283077
81 0.183834942044
71 0.190624488934
99 0.191078972051
67 0.198051222909
77 0.200693823654
47 0.202874261655
42 0.204387860523
98 0.218581514394
49 0.229157210014
