80 0.0379983622522
88 0.0380040491869
74 0.0383241624461
54 0.0384167349196
57 0.0391657954279
94 0.039944308981
62 0.0409227796072
92 0.0411888612966
75 0.0413092294928
41 0.0416578325888
45 0.0425052647641
87 0.0425063251333
63 0.0426731127298
30 0.0448015680368
25 0.04526310037
37 0.045386845236
23 0.0454863697134
85 0.0456354768391
69 0.0459575108675
13 0.0460917160068
19 0.0462057177821
48 0.0462425804476
21 0.0463832076375
90 0.0469401909267
16 0.0474504046279
24 0.0475403729854
20 0.0477745543539
18 0.0483848485563
17 0.0483925130289
29 0.0486774502097
14 0.0488590195196
11 0.0503059306533
8 0.052557357524
91 0.0528052768194
5 0.0537385321922
10 0.0556929238237
7 0.0559539303424
4 0.056005914201
12 0.0561766312231
6 0.0562088839328
65 0.0566212554716
44 0.0571751454193
79 0.0590647503152
2 0.0602284404952
1 0.0619758381133
3 0.0628383294931
86 0.0648239163441
53 0.0658392347769
76 0.0705768251202
89 0.0719980097393
95 0.0728462439796
73 0.0736543205928
78 0.07376102604
27 0.0764515853201
52 0.0776913745287
9 0.0777220133496
0 0.0779492257345
82 0.0794912123984
26 0.0795826644647
70 0.0798505527911
51 0.0801083783362
55 0.0826755516492
38 0.0831249562515
59 0.083682082036
50 0.0842555166087
40 0.0848107958246
35 0.0849310144934
68 0.0868566047354
64 0.0870911956769
15 0.0883789862797
97 0.0889095799758
61 0.0926203198855
43 0.0938052275489
39 0.094240700518
84 0.094360545565
96 0.094433322093
58 0.0945911149702
34 0.0949596447012
83 0.095294658947
60 0.0954598039715
36 0.0964667385943
46 0.0972770383414
28 0.0978708782005
66 0.0982361274418
72 0.0987316291887
100 0.0989055272647
22 0.0992099221958
56 0.0994320728727
93 0.0999002059636
31 0.100611392758
32 0.102112569315
71 0.102264177318
99 0.104195085969
81 0.104854387179
67 0.10573265275
33 0.107521034938
77 0.108336346125
47 0.110460876812
42 0.111663336033
49 0.116427885561
98 0.120954749747
