90 0.101894339998
85 0.103471499147
87 0.103577468932
48 0.106788368432
92 0.107256078249
69 0.107641924979
29 0.108513868214
45 0.108617815554
63 0.110874687715
62 0.111077800546
94 0.111528299988
75 0.113037694331
37 0.113042274402
17 0.113978280203
24 0.114034422824
16 0.114322379946
41 0.114955735675
30 0.115015685713
8 0.11676703466
20 0.117034652933
25 0.11736579761
21 0.117399572821
18 0.118811652715
13 0.119107130504
5 0.119146011538
14 0.119621876353
23 0.119751150388
11 0.120236023018
19 0.120740612632
10 0.122944849416
12 0.123930563875
57 0.124196537176
4 0.124495265243
7 0.124694614352
6 0.125264276593
88 0.126627306312
80 0.127500869077
74 0.128375888444
44 0.133422911341
65 0.133524853039
54 0.13510689219
2 0.136079982847
91 0.13802377018
1 0.141095561922
3 0.145075676354
79 0.149669562297
53 0.16749343659
86 0.17814842328
0 0.209269903025
76 0.222628195263
95 0.224142471243
89 0.243642908656
9 0.258073549794
27 0.262864458716
78 0.286555368542
52 0.286758920319
26 0.289063095093
82 0.295578791518
73 0.297600314334
38 0.307849668171
64 0.322981628303
55 0.32560329857
70 0.327556596701
35 0.333605798507
51 0.3351408058
50 0.343728403726
15 0.347314612378
40 0.348838537117
68 0.35106182804
59 0.368428980777
97 0.389093402774
61 0.39097445971
39 0.413954752276
43 0.416776860008
36 0.440544658743
34 0.445221174234
60 0.449428313607
58 0.449515113286
22 0.453467081511
83 0.459007440106
84 0.466737331691
46 0.470160208882
28 0.471077179507
31 0.473630075026
96 0.484463047747
56 0.502770689882
66 0.512027899397
72 0.514046250125
32 0.519209763564
33 0.532622579907
93 0.537888077763
100 0.54344035198
81 0.549980793579
99 0.579434707486
71 0.579908128312
67 0.603824950197
77 0.616835238969
47 0.621038255364
42 0.623108072439
98 0.696000868392
49 0.736327673305
