94 0.258551990129
92 0.261557907142
87 0.265129117879
62 0.266149892697
80 0.266156859008
88 0.266766748666
57 0.26806839739
75 0.269989420122
74 0.270621591019
45 0.271784351558
41 0.274946682555
63 0.275258133464
54 0.276941120207
48 0.277975914381
90 0.278702963783
85 0.280415216505
69 0.288625028914
91 0.291535090415
30 0.292590493829
37 0.293308071386
25 0.298349023466
29 0.300796744514
16 0.300872049794
21 0.303058799258
23 0.3031519882
17 0.305176842304
13 0.306302414196
19 0.306380022677
24 0.307616618414
20 0.309787467981
18 0.316523132654
14 0.318422350214
11 0.326890251986
8 0.328445091437
65 0.32991606372
5 0.334173354956
44 0.335165339706
7 0.335805936836
6 0.338393013532
12 0.340818258611
79 0.34362494583
10 0.34419066516
4 0.34748770023
2 0.362574689042
3 0.378293887949
1 0.380084943254
86 0.389629682692
53 0.402948843589
76 0.421608755822
78 0.428791968887
89 0.428828487035
73 0.441314762298
95 0.452750752167
27 0.454925703858
9 0.460316647912
52 0.47304489546
0 0.474502001519
26 0.479320085598
70 0.479618237983
51 0.483681573808
82 0.490057276662
55 0.504908378134
59 0.515038348827
38 0.519004133052
50 0.522306721099
35 0.523428940809
40 0.524114954656
15 0.541600882463
68 0.556150955177
64 0.567928492906
97 0.581860581577
43 0.602735118657
61 0.606214057815
58 0.6106371642
34 0.611394556041
39 0.614037965369
84 0.618052003763
36 0.621326758964
96 0.621647019216
60 0.621827258293
83 0.625847372108
46 0.6338050158
28 0.637839213848
22 0.642978276653
56 0.647415374582
72 0.662761349505
66 0.667701788591
31 0.66803258141
32 0.670540873861
100 0.670589876113
93 0.671495236961
71 0.689591238989
81 0.704448484211
99 0.726069772408
33 0.726174942391
67 0.727838150575
77 0.743653028412
47 0.762300441649
42 0.768820394716
49 0.834014301249
98 0.864805188707
