70 0.13159667531
51 0.13441489736
59 0.13478825427
40 0.138649734319
50 0.138668208248
73 0.139241658863
52 0.139836755654
55 0.140313132766
78 0.140420016043
82 0.140865984595
35 0.145050915956
89 0.146247411767
26 0.147201416267
38 0.147928516777
43 0.150778575046
15 0.151385157482
58 0.15232066851
97 0.15249099176
84 0.153812732041
34 0.154079232914
68 0.154154383998
27 0.154241136914
76 0.154277942598
60 0.154719213306
46 0.157059614762
96 0.157466591385
39 0.15758257915
83 0.158371920241
36 0.159722425036
28 0.15975584125
61 0.161099960319
95 0.163439483174
22 0.163605394147
56 0.163865355467
64 0.164053821276
31 0.169262857815
72 0.169324248396
9 0.169832807886
32 0.174107175818
93 0.175514908045
66 0.17742713701
100 0.178527412093
86 0.180822867083
33 0.187325684752
81 0.188296144702
71 0.188318950887
99 0.196922919802
67 0.201818125706
77 0.204363967724
42 0.20786352458
47 0.207935309175
79 0.211375211913
53 0.216528008761
91 0.227756167796
65 0.237834753915
44 0.246459120755
0 0.254679034921
98 0.258734638755
49 0.261392851185
3 0.298760518334
7 0.312847648572
2 0.320521367427
90 0.328392057547
6 0.329787385429
1 0.337155438243
12 0.342010977299
10 0.366147407739
48 0.368300989773
4 0.381291772969
85 0.382544605398
5 0.391718029772
8 0.395826261147
29 0.398548487482
69 0.415386901854
87 0.421431171253
17 0.434628850725
16 0.450919884135
92 0.455214868798
24 0.458142766765
45 0.462123680448
37 0.468672466044
11 0.473180157281
63 0.473401807092
20 0.475250278801
18 0.484636913689
14 0.484857642479
62 0.4855641132
30 0.48822164955
94 0.48985261678
21 0.492155685813
75 0.495788661463
25 0.501854469042
41 0.507417767869
13 0.509765860188
23 0.517169830139
19 0.517332672611
57 0.566585159292
88 0.58284506483
80 0.585923827432
74 0.590819884182
54 0.621949398483
