80 0.339850085699
88 0.344510762471
57 0.349220761956
74 0.351805105682
54 0.356728103417
94 0.359112171393
62 0.384051213713
92 0.386614459778
75 0.388966086501
41 0.396688373725
45 0.411538728641
63 0.415916654457
87 0.417245244308
30 0.456622440747
25 0.465488933402
37 0.470599017629
23 0.472660402838
19 0.477782906073
21 0.483130799909
48 0.484668112767
13 0.486582301636
85 0.488989621687
69 0.490103137991
16 0.498799745002
90 0.508242502219
20 0.513463752161
24 0.520887392759
17 0.523460508041
29 0.524757831543
18 0.528513336201
14 0.531316743622
11 0.565155153196
91 0.614794119284
8 0.620285354896
5 0.639041636189
4 0.691221977674
12 0.692911444933
10 0.693585476483
6 0.697551140373
7 0.712598202389
65 0.760117217474
44 0.761987086844
2 0.780472093836
1 0.838372257995
3 0.847205159119
79 0.854024931238
86 1.07627423974
53 1.08359643008
76 1.23004713216
78 1.25435036809
0 1.25650085522
89 1.26321766473
9 1.31130384304
27 1.33170349109
73 1.37776907117
95 1.39863955497
26 1.45466804908
52 1.48120440135
70 1.51422460323
51 1.5398834019
82 1.56008865885
55 1.59550957214
38 1.65881774012
35 1.66394362535
50 1.6908222881
59 1.70268890282
15 1.70447077426
40 1.71085406249
68 1.85499429919
64 1.89695129916
97 2.05374862835
43 2.06518207575
61 2.08968922737
34 2.10068063375
39 2.11828848286
36 2.12592962059
58 2.13447255296
60 2.18370442246
84 2.20988485186
22 2.21414486411
46 2.22957132351
83 2.23950693836
28 2.25449152883
96 2.25471442855
56 2.28297360739
32 2.36202872991
31 2.37190568013
72 2.43564960261
66 2.47198552419
93 2.47913299649
100 2.50928858629
81 2.5638898828
71 2.57540257888
33 2.62015717737
67 2.74115859726
99 2.78199287455
77 2.79805369598
47 2.86953404059
42 2.87322414227
49 3.265679577
98 3.30608456242
