100 0.185740693548
96 0.187985223207
71 0.188755459357
93 0.189673658834
99 0.190073508375
72 0.1917509999
67 0.194302377701
84 0.19492044691
66 0.197024993505
77 0.197589742853
47 0.201886039905
83 0.204658972155
56 0.20594506861
42 0.206155624938
49 0.20688715354
58 0.207370120285
97 0.207551138191
46 0.207901683079
81 0.209899305061
28 0.210231196832
60 0.212129468253
59 0.214285573529
34 0.214697133733
32 0.215432109413
31 0.216056361398
39 0.219279330362
43 0.219589087587
33 0.221093820332
61 0.224508463525
36 0.226064832276
51 0.226318606161
50 0.226815318885
40 0.226843820847
73 0.228041221592
68 0.228576465829
98 0.228605211244
70 0.229186304046
82 0.229228037119
22 0.229776209749
64 0.235208059815
52 0.237473607873
55 0.237578127352
38 0.24069419748
35 0.242999495171
95 0.246560542739
89 0.253479156567
76 0.25462290111
78 0.255712914274
26 0.256775238569
15 0.258018784781
27 0.270707591636
86 0.273484755196
9 0.295220114732
53 0.297579099181
79 0.307654920881
65 0.332340330556
44 0.344204713652
91 0.349966218289
0 0.367398817869
7 0.386164266201
90 0.392200957051
3 0.396557477115
6 0.40547836909
2 0.405596305372
1 0.409258631983
85 0.412462748881
12 0.413180754152
48 0.421817269011
10 0.421874057965
4 0.432212987011
69 0.434289471586
87 0.435893175699
8 0.438744065134
5 0.439024996588
29 0.442269269371
17 0.455826753605
92 0.456269203762
45 0.463358313593
24 0.464059355651
16 0.466168417043
63 0.469727971887
37 0.470205671154
62 0.473973894081
94 0.478065124089
20 0.478979341457
11 0.480868631035
30 0.482024515224
75 0.482079057457
18 0.484471545139
14 0.487113623952
21 0.487982784329
41 0.489017172369
25 0.49076107747
13 0.495248698071
23 0.499523902263
19 0.503052169322
57 0.522971304319
88 0.524948805084
80 0.528709860184
74 0.529551814745
54 0.54728663273
