86 0.175782674506
79 0.176392255036
65 0.177524767224
44 0.181123097063
53 0.181246905581
91 0.182233135575
76 0.184223811684
89 0.186759490905
95 0.189043539365
90 0.191036638427
78 0.195430515721
7 0.19617975291
27 0.19835094396
85 0.200407932164
52 0.201132430453
73 0.201521687637
6 0.203161492257
9 0.204419605193
3 0.204618557449
26 0.204710826396
82 0.205014251823
12 0.20519722686
2 0.206354266882
48 0.207368042359
70 0.207780244516
10 0.208582853149
69 0.209531638764
1 0.209646224997
87 0.21060277738
51 0.211973310382
29 0.212616308262
4 0.212876371244
55 0.212892965832
8 0.21326570925
38 0.213382129496
5 0.213995181479
50 0.218298355355
35 0.218513804603
0 0.218624414548
17 0.219812740312
92 0.22024036654
40 0.221905235167
24 0.222418615918
45 0.222925343282
59 0.223762276574
16 0.224274746904
37 0.225516936202
63 0.225891488072
15 0.227131385379
64 0.227506360177
62 0.228275388856
68 0.229065352549
20 0.229537665164
11 0.230452023356
30 0.230962288373
94 0.231061246662
18 0.231810081294
75 0.232084116395
14 0.23313031854
21 0.233625962333
25 0.234869092468
41 0.234995884299
13 0.236790608257
23 0.238966423094
19 0.24053368438
97 0.242689418292
61 0.248683826837
43 0.250641415768
57 0.25290904049
39 0.253802532793
88 0.254355021346
80 0.256444601533
74 0.256536659932
34 0.257086440546
58 0.259114019244
36 0.259595568435
60 0.260456807641
84 0.265395930133
83 0.2654904956
54 0.265765310872
22 0.267388119988
46 0.268808482405
28 0.270837908969
96 0.271254496162
56 0.279038943438
31 0.279557716266
32 0.286284422147
72 0.288197597897
66 0.296706185477
93 0.29688673654
100 0.300617842911
81 0.305724438191
33 0.306752017425
71 0.312160897905
99 0.327491041239
67 0.330210084094
77 0.333756432281
42 0.340192204187
47 0.340339674263
98 0.388834786526
49 0.396954153167
