70 0.106192900341
78 0.108654256421
51 0.11038103495
59 0.111288255602
50 0.111512759598
55 0.112145810085
40 0.114465272287
52 0.114647088387
89 0.114974415474
35 0.115413007446
73 0.115454987226
82 0.115764957041
26 0.11728764582
34 0.117734462976
58 0.117770799864
60 0.11850930147
97 0.11908625615
84 0.119400528313
83 0.119450841895
43 0.11957769767
96 0.119726956032
15 0.120149635282
27 0.120262692605
38 0.120419893099
68 0.120777369418
36 0.121179160032
46 0.122087949855
28 0.122111166883
39 0.123328263976
56 0.123872513014
76 0.124092305117
22 0.124666437333
32 0.124968258692
61 0.126186281755
72 0.126479753931
31 0.129042267544
9 0.129592527251
93 0.130300741704
64 0.132478460328
81 0.13256101033
95 0.133492479249
100 0.133797013271
71 0.13563575502
33 0.137509520595
86 0.138417763216
66 0.14209250897
77 0.143585983378
99 0.145926321059
42 0.146921771442
47 0.147234670076
67 0.147246579974
91 0.150019464763
79 0.152413606253
53 0.16101602945
65 0.164774795502
98 0.167561194932
44 0.16783133527
49 0.178332461325
0 0.183017060513
3 0.196636558824
7 0.205255205174
90 0.206965729244
2 0.209470421936
6 0.212419045032
12 0.218839735944
1 0.221176038401
48 0.225377090073
10 0.231748149634
85 0.238038799808
4 0.240738641473
29 0.243709265262
5 0.243868837505
8 0.244721421233
69 0.253764807224
87 0.255685239227
17 0.264508733839
92 0.271866791333
16 0.272269126532
24 0.274774754116
45 0.275471853249
37 0.279221257879
63 0.280907532725
11 0.283419497193
20 0.283496568887
62 0.286096970164
18 0.288041712735
94 0.288291901366
30 0.288503610842
14 0.288690722575
75 0.29118895218
21 0.291318495397
25 0.295263651631
41 0.296834588462
13 0.29938805812
23 0.302704536098
19 0.303448248165
57 0.324485125389
88 0.330823703228
80 0.332655084102
74 0.334681082871
54 0.349611904031
