96 0.128974018132
70 0.129528707933
59 0.129913778189
84 0.13083796248
51 0.1316057327
83 0.133061812079
73 0.133092036141
58 0.133130031951
72 0.133679317482
50 0.133797661841
97 0.133953148875
34 0.134347258958
78 0.134625842808
60 0.134691564875
100 0.13472870795
93 0.135053654566
55 0.136085328237
46 0.136106081349
56 0.136162656498
40 0.1363900412
28 0.1365759825
71 0.137547641979
43 0.137929186816
32 0.138178045464
82 0.138369031865
36 0.138880226517
52 0.139592673026
68 0.139600252061
35 0.139783062408
39 0.139864018128
66 0.140679931521
89 0.140966427618
81 0.141079843725
31 0.142218686992
99 0.142229011067
22 0.142598123007
61 0.143073945026
67 0.143914778614
26 0.144449885998
77 0.144672951655
38 0.144892178186
15 0.146995952602
33 0.147787714278
47 0.147797214164
42 0.148964372223
27 0.14903688051
76 0.150479020952
64 0.15272317008
95 0.15933340235
9 0.161228670278
49 0.161722289997
98 0.162903742014
86 0.166539332667
91 0.178540985053
79 0.181560668859
53 0.190151774707
65 0.194157509931
44 0.198527744743
0 0.220779372149
3 0.233656521317
90 0.235594723709
7 0.23834505693
2 0.245529625841
6 0.246884495929
12 0.253878442268
48 0.255395592683
1 0.258674974747
85 0.267059902904
10 0.268165884723
29 0.276485017033
4 0.277517807439
5 0.279895606479
8 0.280662014719
87 0.283649478551
69 0.285141372904
17 0.29816320522
92 0.299812425855
45 0.304975792125
16 0.305696754616
24 0.309787558403
63 0.311272097847
37 0.312419550124
62 0.315233418164
94 0.315996897068
20 0.319092734474
75 0.3210431502
11 0.321283631012
30 0.321989119361
18 0.324928756721
14 0.325689866365
21 0.326232073867
41 0.32765993886
25 0.329853310817
13 0.335183759865
23 0.338238096945
19 0.339385014509
57 0.35447643455
88 0.361024439801
80 0.362584307243
74 0.365657938577
54 0.381815930502
