53 0.0269883803936
65 0.0279636455515
90 0.0287619632315
44 0.029027477821
85 0.029256957971
86 0.0297986998798
79 0.0299284127438
7 0.0305246950284
87 0.0310112318227
69 0.03113092746
95 0.0314386070672
12 0.0319558425594
6 0.0321206823933
29 0.0322254558349
10 0.0323396237663
4 0.0326109300609
92 0.0326630314348
5 0.0328216598136
8 0.0328508407361
1 0.033011687631
2 0.0330367619993
17 0.0331392231809
45 0.0331923001328
76 0.0332365437397
48 0.0333483865855
91 0.0335087528816
24 0.0335984269169
3 0.0337828371305
16 0.0337965254714
63 0.0338582855602
37 0.0340414673345
62 0.0341659858935
94 0.0344861200591
20 0.0348717488672
75 0.034882658251
30 0.0349605829873
11 0.0351652004649
18 0.0353385594089
89 0.035379277266
41 0.0354347869679
21 0.0354597756981
14 0.0355082724769
25 0.0356818796901
13 0.0361104314023
23 0.0364793029474
19 0.0366562783619
0 0.0380583290976
64 0.0383684886069
82 0.0384686073557
57 0.0384972491394
88 0.0390671064569
80 0.0393341470643
74 0.0395398533219
27 0.0398718850072
38 0.0410640962869
52 0.0411454563759
54 0.0413470786957
9 0.0415693175848
26 0.0417181378808
68 0.0423479007264
55 0.0435403918914
35 0.0445961035031
73 0.0446999996831
78 0.0449467829487
50 0.0450676110074
97 0.0455601862437
70 0.0459453174499
61 0.0459910486861
40 0.0475366770324
51 0.0478024955563
15 0.0479950511686
39 0.0495155554134
59 0.0504303810812
43 0.052130059433
36 0.0540643799598
34 0.0550509368854
83 0.0551425108562
58 0.0555912952542
22 0.0557295657473
60 0.0558035700918
31 0.0560416182936
84 0.0575160801111
28 0.0575866155443
46 0.0585403763572
96 0.0590313603715
72 0.0618828400115
56 0.0623757325061
33 0.0624721820759
32 0.0631500080993
66 0.0637022174098
81 0.0648810125792
93 0.0652351160159
100 0.0662712688336
99 0.0687760260073
71 0.0707689791068
67 0.073506311505
47 0.0739822920992
77 0.0740211599822
42 0.0745738351984
98 0.0788450452066
49 0.0889427363281
