90 0.176348962568
85 0.186114119975
48 0.186823936478
87 0.192327922685
29 0.196051979192
69 0.19615296072
7 0.197098205083
65 0.197488190629
91 0.198356169134
44 0.199777265351
6 0.200679168046
92 0.202001571083
12 0.202167788677
8 0.203754466154
10 0.204881306851
5 0.205312582914
17 0.205797551058
45 0.205939609238
4 0.208592023023
16 0.209143652128
79 0.209775205666
63 0.210293947518
2 0.211634807589
24 0.21245930232
37 0.212472064219
62 0.212935222498
94 0.213364053312
75 0.217163239949
1 0.21820332548
20 0.21828086522
30 0.218612315869
3 0.220448770121
11 0.221925479463
21 0.22196614526
41 0.222048931292
18 0.222724082641
14 0.223266751532
25 0.224260098933
13 0.228319361996
23 0.230374527993
19 0.231059882531
53 0.236336715389
86 0.241069402556
57 0.244486633736
88 0.252094110885
80 0.253169621589
74 0.255906191233
54 0.270355689611
0 0.282742962816
76 0.288441803767
95 0.292947845213
89 0.313259273968
9 0.330045923476
27 0.334479470587
78 0.356961308975
52 0.359528918002
26 0.364340770646
73 0.368595584333
82 0.373836467529
38 0.388524042666
70 0.405509098802
55 0.407955844419
51 0.41303726825
64 0.41374199897
35 0.418129508644
50 0.428776604532
40 0.431359918478
15 0.43346896473
68 0.445132027667
59 0.452534260945
97 0.489562715824
61 0.493124191266
43 0.516535813851
39 0.517353035817
36 0.548310527383
34 0.551302336921
58 0.555259910211
60 0.556204350536
22 0.563649569793
83 0.570359334918
84 0.574389349128
46 0.578753474403
28 0.582217681261
31 0.588785551458
96 0.596426194038
56 0.61792437621
66 0.628212067271
72 0.633214491524
32 0.642540535357
93 0.661268002943
33 0.661462140883
100 0.667270895579
81 0.682510755965
71 0.712309340617
99 0.713234065852
67 0.741275807877
77 0.759617316205
47 0.765091899267
42 0.767522375416
98 0.868984407428
49 0.907132295196
