53 0.0116049368971
65 0.0131922475246
86 0.0133736439262
79 0.0139710366239
44 0.0139754326538
95 0.0141816785059
76 0.0154357755382
7 0.0160136017905
90 0.0166744532051
89 0.0169878832366
3 0.0170591684959
1 0.0171444235351
2 0.0171763472187
91 0.0173112020859
6 0.017324263537
12 0.0174811423607
0 0.0176345780337
10 0.0183022282042
85 0.0183436060693
4 0.0186849418621
5 0.0194519063997
82 0.0195574147263
64 0.0195888735121
27 0.01960574048
8 0.0197975205593
29 0.0201637878219
69 0.0202489421922
9 0.0203676402139
48 0.0206944219756
38 0.020941226071
87 0.0209671992289
52 0.0210413145723
26 0.0210804115105
17 0.0215124515327
16 0.0225104849667
24 0.0226840269271
68 0.0229220511724
55 0.0230290634309
92 0.0231366975459
45 0.0234447537097
11 0.0235424658254
35 0.0235908212402
37 0.0236141321625
20 0.0238588971897
78 0.0238591548608
63 0.0241218715112
14 0.0243229980415
73 0.024326389646
18 0.0243290982231
50 0.0244564237554
30 0.0248528461574
21 0.0249478469699
70 0.0249575922274
62 0.025026991299
15 0.0254791851502
94 0.025513904617
25 0.0256111695357
75 0.0256895099559
61 0.025878407996
13 0.025951806295
40 0.0260395979602
97 0.0262691411297
41 0.0263172785264
51 0.0263976606258
19 0.0264610103412
23 0.0265153789641
39 0.0286581956417
59 0.0287728186391
43 0.0302282591685
57 0.0305616079938
88 0.0317873721491
36 0.0319322161623
80 0.0320217498452
74 0.0322711100181
22 0.0329853922637
34 0.0330528750937
60 0.0336424386883
58 0.0336977982096
83 0.0338533082049
31 0.0341829465997
54 0.0343843305126
28 0.0353162241188
84 0.0358712405229
46 0.035946126396
96 0.0377032945683
56 0.0393721783359
33 0.0395897236794
32 0.0400793372656
72 0.0401648028081
66 0.0412119014314
81 0.0424226218385
93 0.0431067592882
100 0.044266911615
99 0.0468678188157
71 0.0480462180289
67 0.0503541691329
47 0.0506074238682
42 0.0507353503104
77 0.0507800547623
98 0.0557427754082
49 0.0647005507242
