80 0.242054871407
88 0.244572127069
57 0.248229457803
74 0.24903948073
94 0.251796859018
54 0.252104142752
62 0.266410913339
92 0.266537632854
75 0.269712269829
41 0.275003103053
45 0.281448603796
87 0.282132081202
63 0.284639834831
30 0.309547692113
25 0.315506780626
37 0.316479240802
23 0.319922596898
85 0.320122003032
48 0.321082892291
19 0.323901586429
69 0.324534651075
21 0.325474641451
13 0.327590055001
90 0.329233459211
16 0.332465617033
20 0.341977190886
24 0.344807260362
29 0.344996011128
17 0.345232216473
18 0.351213453995
14 0.353376026854
11 0.371829214513
91 0.383520355712
8 0.397529653976
5 0.407616015882
12 0.433726334231
6 0.434476670137
4 0.435279318747
10 0.435479197132
7 0.43886832976
65 0.454394215999
44 0.458986805675
2 0.479589608452
79 0.499723967597
1 0.50998780395
3 0.514668399038
86 0.606865917927
53 0.611487814621
76 0.678596965937
89 0.691629518951
78 0.701177329801
0 0.717849140674
9 0.733661381408
27 0.735345463656
95 0.750778186529
73 0.757122557683
26 0.792827246885
52 0.799197170794
70 0.814659081588
82 0.829771458444
51 0.832252075847
55 0.853540666458
38 0.883982418835
35 0.88832486588
50 0.897707663842
59 0.905671514172
40 0.910435073866
15 0.916431537703
68 0.964865482528
64 0.987201244926
97 1.04227454981
43 1.07222651379
61 1.07407051404
34 1.08923393255
39 1.09254944605
58 1.0989302625
36 1.10038200034
60 1.12145339944
84 1.13197139714
83 1.13656173784
22 1.14417659468
96 1.14632567836
46 1.1501667226
28 1.15400990983
56 1.17724162422
31 1.21082828933
32 1.21126894733
72 1.23238691237
93 1.25581848787
66 1.26825984512
100 1.26963237225
81 1.29304979938
71 1.29953947284
33 1.32944950485
67 1.38669957419
99 1.39152582354
77 1.40442631237
47 1.44010823942
42 1.44665704349
49 1.62826353408
98 1.63185491996
