79 0.111723129306
65 0.113057947642
44 0.114771887809
86 0.1161133378
91 0.117906025406
53 0.119040496744
7 0.121392539581
3 0.124714679189
90 0.125408073486
6 0.125482662184
1 0.125797033139
2 0.126273825246
12 0.127426595866
76 0.128386148807
10 0.128780586405
89 0.130847798421
0 0.131484709592
4 0.131765733288
85 0.132019561274
95 0.13224050586
8 0.134048373787
5 0.134250659191
9 0.134939790389
27 0.134979554072
78 0.136937194941
69 0.136981631019
48 0.137183647009
29 0.138935297497
87 0.142378966055
17 0.142567834522
52 0.14345189459
26 0.14469340057
24 0.144807179115
16 0.147171344251
11 0.148457571214
37 0.149744417204
20 0.150352127491
92 0.151085157531
18 0.151312388891
73 0.151793096111
45 0.15193559945
14 0.152181763322
63 0.153375591475
70 0.153667272839
30 0.154758838406
21 0.155203492558
82 0.155687147043
25 0.157222180189
13 0.157444266714
62 0.157471430129
38 0.157616795564
51 0.158935853107
23 0.159961170565
55 0.160047234225
75 0.160192582149
19 0.160914266668
94 0.161646881663
41 0.161922072503
35 0.16288194355
15 0.165683964759
50 0.167442342757
40 0.167797032379
59 0.173781089717
64 0.179624094379
57 0.18061681664
88 0.182403984496
68 0.183379371185
74 0.183581154947
80 0.184534156041
54 0.191091649206
43 0.202381141317
97 0.203260551008
61 0.205242632921
39 0.210620372901
34 0.212020642745
36 0.212355634135
60 0.213139052592
58 0.215479802757
22 0.218491635577
46 0.225027668627
83 0.225091582229
84 0.226797072523
28 0.227596447822
96 0.236577013933
56 0.237882096805
31 0.239169904184
32 0.243494844405
72 0.254354835894
93 0.26564864534
33 0.268011891519
66 0.268773924062
81 0.269888401939
100 0.273217346277
71 0.283231969373
77 0.304888794842
67 0.305120805222
99 0.306200708987
42 0.308608629453
47 0.311992287743
98 0.366782828665
49 0.384131108617
