91 0.123292838362
90 0.124175449416
48 0.124613512446
87 0.1253179943
92 0.126581542368
94 0.128821633623
85 0.129273080468
45 0.130815372499
62 0.131092662595
63 0.132880200108
75 0.133265991206
69 0.134011861776
41 0.136197341616
29 0.136259497307
37 0.139049390307
16 0.139956770253
30 0.140435441017
17 0.140650774593
57 0.140921283715
88 0.143259488258
80 0.143300649378
25 0.143822381745
24 0.144176103149
21 0.144467777557
74 0.145438642166
20 0.145651782589
23 0.14706112197
13 0.147580355742
8 0.148006155581
19 0.148053904007
18 0.149213658888
6 0.14972142983
14 0.149750138413
7 0.149915259655
65 0.150230736279
5 0.150311483727
44 0.150781125153
54 0.151486594303
12 0.151562065271
11 0.152362443837
10 0.154319451714
4 0.156438536401
79 0.159427708363
2 0.161113637385
3 0.168556522915
1 0.171307464134
86 0.193377182371
53 0.201192332439
76 0.21911117905
78 0.222353510718
89 0.22509675023
0 0.226656912443
9 0.230605856735
27 0.235312547701
95 0.244726718094
73 0.249892974185
26 0.256819799639
52 0.259705092358
70 0.26791552494
51 0.274943991997
82 0.278906840444
55 0.285174456466
38 0.293331803928
35 0.296203096066
15 0.301831135278
50 0.302564287307
40 0.303216958598
59 0.305524650505
68 0.336266141054
64 0.34069762509
97 0.369034130436
43 0.371194569425
61 0.37849915575
34 0.383247801662
39 0.38492627635
36 0.386763874812
58 0.387430880309
60 0.39275450287
22 0.401188263833
84 0.403304448251
83 0.405588716662
46 0.405917654774
28 0.409307581492
96 0.414504505052
56 0.421356842813
31 0.433230547745
32 0.436783067441
72 0.448501177694
93 0.461518211306
66 0.463720693423
100 0.469159982919
81 0.476386247418
33 0.483008812061
71 0.484128320755
67 0.52014136404
99 0.521838661722
77 0.5260332542
42 0.538796300129
47 0.539096576217
98 0.62868135823
49 0.633740218298
