90 0.102405208379
48 0.116600957328
29 0.117412585159
85 0.117515378697
7 0.117771729212
12 0.118367510888
44 0.118381959946
6 0.118584069146
65 0.119110175563
10 0.122807081736
8 0.123124756078
5 0.12370046439
2 0.125011243435
4 0.127062816158
69 0.128205602549
87 0.12849507041
3 0.128935817051
91 0.130779406525
1 0.133643296187
17 0.134338068498
79 0.137139813366
16 0.138646259334
24 0.139931720122
45 0.140795639177
92 0.141098142593
37 0.143537503212
11 0.145278375114
20 0.145576880273
63 0.145888037494
18 0.148500428402
14 0.148600455495
53 0.148967948572
30 0.150037970189
21 0.150844119836
62 0.151060273614
94 0.15369169235
75 0.154347378798
25 0.154439245382
13 0.156467722766
41 0.158106097078
23 0.159487087134
19 0.159516949639
86 0.16369377169
57 0.183536201436
0 0.187207676354
88 0.191911142078
80 0.193307000204
74 0.19496995254
54 0.208744547205
95 0.211169333519
76 0.212390395414
89 0.235229039241
9 0.248917547851
27 0.255841411352
26 0.287275320055
52 0.288577157248
82 0.295744375191
78 0.297587487916
38 0.306491254127
73 0.318476141363
64 0.319341596552
55 0.331607497905
35 0.338704136717
70 0.341939968478
15 0.353098880288
50 0.354549792531
51 0.355480772786
68 0.357714170888
40 0.364418894322
59 0.396223426485
61 0.404226458618
97 0.408668192323
39 0.434935194142
43 0.441507106067
36 0.468062044854
34 0.478681126265
22 0.481908078162
60 0.483968096902
58 0.487047980468
83 0.497661399568
31 0.509012735109
28 0.51168238775
46 0.513190681161
84 0.514334953208
96 0.53984321958
56 0.556239256339
32 0.570356967432
72 0.574063412159
33 0.580152731931
66 0.581790754109
93 0.608018929983
81 0.609836517599
100 0.621170774863
99 0.663436977526
71 0.665823572215
67 0.696516840359
77 0.705512490138
42 0.70729156974
47 0.707576553075
98 0.789087575274
49 0.872495922997
