85 0.0151346729428
87 0.0153978396338
90 0.0155356166145
92 0.0158666900468
69 0.0158875609618
45 0.0161928338954
62 0.0163885929721
94 0.0164345334624
63 0.0164811196075
75 0.0167218580299
29 0.0168493101913
37 0.0168977926597
41 0.0169516121882
24 0.016972491623
17 0.0170155284461
16 0.0171139370818
30 0.0171657227084
65 0.0174286357753
25 0.0174814685055
20 0.0175244226299
21 0.0175434789484
48 0.0176174321414
8 0.0176853547572
13 0.0177088410273
7 0.0177469650283
18 0.0177629670987
23 0.0177962295578
5 0.0178260416566
44 0.0178848173074
14 0.0178929730441
57 0.0179129379431
19 0.0179613123597
11 0.0179667373548
88 0.0180136256757
10 0.0181052219309
4 0.0181127096945
80 0.018134270421
12 0.0181664742507
74 0.0182397862612
6 0.0184110517147
53 0.0185909629193
54 0.0189912227648
79 0.019295617862
2 0.0194909261804
1 0.0195761348334
91 0.0200035480452
3 0.0204682100492
86 0.0205941845736
95 0.0232243707006
76 0.023935545897
89 0.0255586770086
0 0.0256486261541
27 0.0284961575376
82 0.0289286894077
9 0.0291490407406
64 0.0299298659133
52 0.0300317121827
26 0.0302961665115
38 0.0307541430595
78 0.0313885303202
73 0.0317703443925
55 0.0323079721151
68 0.0325082814805
35 0.033132486607
70 0.0333972546896
50 0.0336649925915
51 0.0345981074233
40 0.0351150318799
97 0.0351641948438
15 0.0353203947826
61 0.0356417674781
59 0.0369584891394
39 0.0380950164394
43 0.0394798018289
36 0.0410281786799
34 0.0416066593175
83 0.0419317015479
58 0.0419725287618
60 0.04215032902
22 0.0423275981685
31 0.0430746489861
84 0.0433794292385
28 0.0436151643132
46 0.0441369389989
96 0.0444733543074
72 0.0468271320047
56 0.046855349995
32 0.0476454855865
66 0.0478020299664
33 0.0479853160582
93 0.0490983968554
81 0.0493051126717
100 0.0496548183017
99 0.0520356335862
71 0.0528247789237
67 0.0550027138219
77 0.0556210558191
47 0.0558535028911
42 0.0563005393985
98 0.0602630076581
49 0.0659773370864
