95 0.0125383673215
53 0.0126526260743
86 0.013522725753
64 0.0140069117105
76 0.0140220525951
79 0.0143226034877
65 0.014342669257
89 0.0148688064642
82 0.0151775923316
44 0.0152554716005
68 0.0159661142445
38 0.0165518911806
97 0.0168805623825
0 0.0170418468297
7 0.0170773393734
61 0.0171305308414
27 0.0171996142006
52 0.017203382557
91 0.0173070197126
90 0.0175292661321
26 0.0177542845428
55 0.0179839070731
3 0.0180009787198
2 0.0180768245222
6 0.0181454152372
1 0.0181522700754
35 0.0183824760034
9 0.0184556090183
12 0.0184729945156
50 0.0185987041192
39 0.0191481979695
10 0.0192297189099
85 0.019246776859
73 0.0193899240484
4 0.0197001980038
70 0.0197955529414
40 0.0198559664915
48 0.0198640343836
15 0.0202207119656
5 0.0202575624014
8 0.0204530140961
29 0.0205998010462
51 0.0207437619506
78 0.0207769614808
69 0.0208191747692
43 0.0210628079938
87 0.0210957208756
59 0.0215106460539
36 0.0216536972789
17 0.0218516433494
83 0.0219738574806
31 0.0219922033049
22 0.0223753641013
16 0.0226135653285
34 0.0226353722505
58 0.0227229772402
92 0.0227306841561
60 0.0228115727811
24 0.0229294659285
45 0.0231081463548
28 0.0233210727339
37 0.0234481809312
63 0.0236574523595
11 0.0237044208115
20 0.0237866211801
84 0.0238085401519
18 0.0242384439857
14 0.024249760986
62 0.0242557005383
46 0.0243278674819
30 0.0244013424235
96 0.0244304725845
94 0.0244682865798
21 0.0245953934512
33 0.0247719387898
75 0.0247735013709
25 0.0250685927665
41 0.0253525023308
13 0.0254544427431
72 0.025559318357
19 0.0258216207667
23 0.0258267427
81 0.0262168976442
56 0.0263444457954
32 0.0263490743817
66 0.0264406911928
93 0.0273827089286
100 0.0280764044461
99 0.0283441716964
57 0.0284053732892
88 0.0293166088942
80 0.0294619215979
74 0.0297237356712
71 0.030346633642
47 0.0310963829956
54 0.0313534570336
98 0.0314907560614
42 0.0315027031925
77 0.0315084463101
67 0.031516558822
49 0.039064954909
