94 0.222891102392
80 0.229387628337
57 0.230655445266
92 0.230863258073
88 0.231267914238
62 0.234644759465
74 0.235978989422
75 0.23827285578
87 0.240290202205
54 0.24269793502
45 0.243905036035
41 0.244168339491
63 0.247464345664
48 0.266359573183
85 0.268424573949
30 0.269629170625
90 0.272286566724
37 0.273014894722
69 0.27453544204
25 0.276158800782
23 0.281493952465
21 0.282617128753
16 0.282950373054
19 0.284554048587
13 0.286743610551
29 0.290090048941
17 0.291897886371
20 0.294204451323
24 0.295443184343
18 0.303187090426
14 0.304651817434
91 0.309725749099
11 0.318607074873
8 0.332316970393
5 0.340151354803
6 0.357574851583
12 0.358615992213
7 0.360936866048
10 0.361601767606
4 0.362309875335
65 0.374486035642
44 0.378541929891
2 0.395202568189
79 0.411387884352
1 0.421480457304
3 0.425079672837
86 0.509895693104
53 0.516447057087
76 0.577876222707
89 0.592441941192
78 0.59762041087
0 0.599354263201
9 0.620694099105
27 0.627240331813
95 0.642566867789
73 0.654268410294
26 0.682342824088
52 0.68872123131
70 0.707648194449
51 0.72380337914
82 0.724975531496
55 0.745944579509
38 0.770272592064
35 0.776334593768
50 0.789098537495
59 0.795887371531
40 0.796066551688
15 0.797640188721
68 0.858382087823
64 0.873744147285
97 0.935268148101
43 0.956094478905
61 0.962271820307
34 0.978453295883
39 0.980331695125
36 0.987269361474
58 0.987878608711
60 1.00635818035
84 1.02250295415
22 1.02628663072
83 1.0268304961
46 1.03519457669
28 1.04052875504
96 1.04130800793
56 1.06591006132
31 1.09586239421
32 1.10104628559
72 1.12418819716
93 1.14952735021
66 1.15494897248
100 1.16396868124
81 1.18574053217
71 1.19593969052
33 1.21217639048
67 1.27976794477
99 1.28386521483
77 1.29732135937
47 1.33027331903
42 1.33414952058
49 1.52561597083
98 1.52658934794
