80 0.223686798608
88 0.225923070898
94 0.22598035016
57 0.227307386034
74 0.230628948145
54 0.23571668142
92 0.239123510544
62 0.239920334081
75 0.243179569028
41 0.248809576163
45 0.253720531355
87 0.254247818168
63 0.256513786622
30 0.281127787426
25 0.287296970731
37 0.287380296764
48 0.291217152455
23 0.291708675114
85 0.293102213595
19 0.295824361675
69 0.295838795143
21 0.296344942786
13 0.298655953502
16 0.302308674234
90 0.305395753337
20 0.312135845902
17 0.314952015203
24 0.3151495365
29 0.317263945735
18 0.321548211575
14 0.323643139085
11 0.341634496183
8 0.368271612005
91 0.371461959678
5 0.379106666058
4 0.408157441618
10 0.408772730421
12 0.409936898781
6 0.410564795656
7 0.417155337505
65 0.448153738044
44 0.450799880603
2 0.459268401609
1 0.488583769526
79 0.497694837266
3 0.499442301234
86 0.625453400025
53 0.627848595068
76 0.723674233404
0 0.729364539323
89 0.748747208081
78 0.761325177452
9 0.779285066061
27 0.792043221383
95 0.797872243052
73 0.827266513802
26 0.86508584445
52 0.870977514964
70 0.907032649038
82 0.920580202533
51 0.92423421034
55 0.953002981325
38 0.973768123816
35 0.989714687409
50 1.0078968331
40 1.01458199147
15 1.01637339065
59 1.01834219291
68 1.09181230896
64 1.09902829248
97 1.19246012091
43 1.22236120027
61 1.22336437708
39 1.25109007606
34 1.25700091276
36 1.26671526945
58 1.26899266453
60 1.2892937927
84 1.31162744848
22 1.31479346799
83 1.31717846759
46 1.32733523691
28 1.33635258934
96 1.33888044167
56 1.37230729223
31 1.4011515705
32 1.41939128466
72 1.44232144717
66 1.46508177238
93 1.47627824885
100 1.49080649589
81 1.52673581253
71 1.53998500363
33 1.5516543128
67 1.63884615138
99 1.63906305211
77 1.66816675249
47 1.70772764101
42 1.71290173624
49 1.95189449681
98 1.95803792215
