85 0.0195957052427
87 0.0198659254034
90 0.0201632449347
92 0.020357765456
69 0.0203872515592
45 0.0206979509372
62 0.0208453963778
94 0.0209604853433
63 0.0210017131149
75 0.0212232745534
41 0.0214285567551
37 0.0214595859914
24 0.0215147922485
29 0.0216053930037
30 0.0217177405892
17 0.0217689542002
16 0.0218595714687
25 0.0220325064239
21 0.022169011178
20 0.0221851182815
13 0.0222589168238
23 0.0223448921367
88 0.0223636430522
18 0.0223983791038
57 0.0223996327281
65 0.02250423835
80 0.0225292373735
19 0.022564611564
14 0.0225822779119
74 0.0225897333385
8 0.0225922452597
11 0.0226847172288
48 0.0227634587326
5 0.0228021811548
7 0.0229124045351
44 0.023017275394
10 0.0231691588073
4 0.023175115377
12 0.0233327620204
54 0.0233649120827
6 0.023693332223
53 0.0237061355619
79 0.0248633386147
2 0.0250017088259
1 0.0250608279301
91 0.0258128298311
3 0.026098758302
86 0.0261992422198
95 0.0292685212392
76 0.0301333077171
89 0.0318836595667
0 0.0324198582424
27 0.0354527062698
82 0.0358227226387
9 0.0363584505467
64 0.0367968065984
52 0.0372634809098
26 0.0375390687025
38 0.03795507499
78 0.0389214149912
73 0.0396450953388
55 0.0397379124886
68 0.0397482390055
35 0.0407075482015
70 0.0411781631576
50 0.0412805444117
51 0.0427224537153
97 0.0428764535513
40 0.0432408022218
15 0.0433894691153
61 0.0434191006039
59 0.0454559995462
39 0.0463165172899
43 0.0480697656211
36 0.0497054209341
34 0.05039809454
83 0.0507456028975
58 0.050932342804
60 0.0510532012266
22 0.0512638828178
31 0.0521249482039
84 0.0526251472331
28 0.0528601039347
46 0.0535196677173
96 0.0538889744428
72 0.0565932936926
56 0.0566526634496
32 0.0572667561665
33 0.0577738375039
66 0.0582942095894
81 0.0592105522913
93 0.0593061555276
100 0.0601041393554
99 0.062934823262
71 0.0636831780788
67 0.0663660287063
77 0.0667959164047
47 0.0671045472257
42 0.0675623441335
98 0.0717498359394
49 0.0792277756176
