87 0.0437813925439
85 0.0439320793674
92 0.044322183842
62 0.0449157969641
94 0.0449362835218
45 0.0450911425862
90 0.0452209339841
69 0.0454748178261
75 0.0456313555191
63 0.0456854599649
41 0.0459835111029
88 0.0460877976095
80 0.0464022092814
74 0.0465034786247
57 0.0467017399236
37 0.0470820121331
30 0.0473178601807
24 0.0475834561878
54 0.0476424810706
25 0.0478872857035
29 0.0481192986005
23 0.048377435058
13 0.0483798606733
21 0.0484707271133
16 0.0484739329452
17 0.0485496565269
20 0.0488769461832
19 0.0489772214197
18 0.0492818996432
48 0.0493878677816
14 0.0497564032068
11 0.0502584940492
8 0.050696094787
65 0.0507126606706
5 0.051373346732
44 0.0515020270372
7 0.0518778122125
10 0.0523090278894
4 0.0525381881701
12 0.052766390311
53 0.0532908121645
6 0.0534522411898
79 0.0544024073617
91 0.0554473815245
86 0.0562448178823
2 0.0563844344191
1 0.0570771085432
3 0.0583328437748
95 0.0622509692764
76 0.0632914070727
89 0.0667871244639
0 0.0718840478255
82 0.0729449242643
27 0.0733418500148
52 0.0750576406836
9 0.0753636628885
64 0.0753875044526
26 0.076417490211
73 0.0766195680079
78 0.0769417144683
38 0.0769633472291
55 0.0797161995735
68 0.0801502887062
70 0.0811789754806
50 0.0817009778365
35 0.0817645717285
51 0.0828571251985
97 0.0844330165421
40 0.0846466966634
61 0.0860460549664
15 0.0867462856979
59 0.0871237642266
39 0.0902113664072
43 0.0929163978382
34 0.0963000956977
36 0.0963068530816
83 0.0967124227608
58 0.0968665433937
60 0.0975119813419
84 0.0982213308904
22 0.0990571865616
31 0.0993678209917
96 0.0998653359252
28 0.100366685552
46 0.100573602045
72 0.10428575807
66 0.10493399077
56 0.105321897342
32 0.107499310823
93 0.107950911578
100 0.108197504467
33 0.108627450684
81 0.110449625047
99 0.112621995349
71 0.114558851557
67 0.118019115451
77 0.120082059863
47 0.120825028659
42 0.121947157645
98 0.130146277721
49 0.137102876004
