80 0.203042607184
94 0.204380959583
88 0.204576024539
57 0.206406248051
74 0.208383658413
54 0.212601909554
92 0.213566286825
62 0.214891445486
75 0.2178274732
41 0.222409615661
87 0.223783259082
45 0.224995939101
63 0.227593172397
30 0.247037485164
48 0.250857156831
85 0.251011269458
37 0.251115638462
25 0.252202925455
69 0.255103625533
23 0.255985143527
90 0.257999471124
21 0.259067426472
19 0.259479317096
13 0.261035250595
16 0.262371108976
20 0.270450038471
17 0.271060937568
29 0.271230990922
24 0.271547276587
18 0.277816438711
14 0.279668711595
11 0.292685255563
91 0.300962845534
8 0.308895998599
5 0.316722789525
6 0.336008536143
12 0.336262619073
10 0.336716661599
4 0.337208364389
7 0.338632490157
65 0.353255846297
44 0.356711628867
2 0.370720567191
79 0.385718213677
1 0.392085342422
3 0.397985096865
86 0.46829220452
53 0.472105171256
76 0.530245668743
89 0.544771241265
0 0.552588567625
78 0.556051651059
9 0.574898783785
95 0.57757461289
27 0.578455118085
73 0.595003156887
26 0.624541548696
52 0.625445589886
70 0.646388646695
82 0.653961026778
51 0.658517370586
55 0.677230606351
38 0.692603490842
35 0.70266662976
50 0.711457827803
59 0.717095278505
40 0.717491697772
15 0.724463459081
68 0.762261698833
64 0.770167289966
97 0.820422558327
61 0.846490263916
43 0.84840795172
39 0.864864171252
34 0.868791337687
58 0.874177335916
36 0.876362992831
60 0.888090769631
84 0.898587542692
83 0.901240233237
22 0.908844090269
96 0.912544581611
46 0.913438801251
28 0.917264495544
56 0.941455908377
31 0.959727778196
32 0.971315480221
72 0.978915393448
66 0.997315651605
93 1.00027436065
100 1.00775932451
81 1.03464043737
71 1.03915443444
33 1.05631170711
99 1.10024597748
67 1.10396986019
77 1.12190241447
47 1.14835308063
42 1.15407461884
49 1.29800253449
98 1.30441831106
