98 0.146788569401
99 0.150828710779
77 0.152407745679
49 0.152551833956
71 0.153164427104
47 0.154876072793
100 0.155239127565
93 0.156412139066
72 0.157191186989
67 0.157694390534
42 0.158765460381
96 0.159015349682
81 0.159249128991
83 0.168584192408
84 0.168956088728
32 0.172266341675
33 0.173134775552
97 0.173341969783
56 0.175985253137
66 0.176990524477
31 0.177224779456
28 0.177633516777
58 0.178739799189
46 0.181472926842
60 0.181657128265
34 0.183045190849
39 0.186101948436
61 0.189326914959
36 0.189702892475
22 0.193815467785
43 0.194228348355
68 0.196123478715
50 0.208452637522
59 0.208464797755
64 0.209807500957
82 0.214005505087
40 0.218446520586
55 0.218760283045
70 0.219072344516
35 0.223281392939
51 0.223664406585
38 0.227087989587
52 0.234093098652
73 0.235154643096
89 0.240700689636
15 0.241843483816
26 0.246709374486
95 0.246732007724
76 0.252785334887
78 0.253026259239
27 0.261933783763
86 0.280161387773
9 0.290832498594
53 0.297486803523
79 0.317184547326
65 0.332901007364
44 0.344923429089
91 0.350192943191
0 0.36831221969
7 0.394180587082
90 0.394932481825
3 0.400700418158
2 0.411878454308
6 0.412457537631
1 0.417831895519
12 0.419158237551
85 0.420230189557
10 0.431856790702
48 0.433752735455
4 0.441564077496
87 0.442800757947
69 0.443066394415
29 0.447568717019
5 0.447812801458
8 0.448471410571
92 0.462633229294
17 0.464914648097
45 0.470240999025
24 0.474330837238
16 0.474801213606
63 0.477279177846
37 0.479227651419
62 0.480623100099
94 0.483412998346
75 0.488856261698
20 0.488963370916
30 0.490836118287
11 0.491859856021
18 0.495096082339
41 0.496068771146
21 0.497360824071
14 0.497424181238
25 0.500039518019
13 0.505668751041
23 0.509576587431
19 0.512602698252
57 0.527761759236
88 0.530585004141
80 0.53374718697
74 0.535729158515
54 0.55394574389
