48 0.0869383757043
87 0.0871512870546
90 0.0880197845453
92 0.0881702123543
94 0.0898262752584
85 0.0902197821698
45 0.0904829205861
62 0.0908630393589
63 0.0919285425548
75 0.0922891059259
69 0.0929930458137
41 0.0941224750444
29 0.0944079219167
37 0.0956882339148
30 0.0965635161887
16 0.0972040942618
17 0.0977950160996
57 0.0981768262932
25 0.0986629543374
24 0.0987843369188
21 0.099268354538
91 0.0995733166926
88 0.0996003783572
80 0.0998979893439
20 0.100082743836
23 0.100582764508
13 0.100800831704
74 0.101021499019
19 0.101545587131
18 0.102129671495
14 0.102770082532
8 0.102843187544
11 0.104467605605
5 0.105130664594
54 0.105473557673
6 0.108208016695
12 0.108737878514
7 0.108832129269
10 0.108880573663
4 0.110445502021
44 0.114199122806
65 0.114953055397
2 0.117924982385
79 0.123519606636
1 0.124512804704
3 0.12476338294
86 0.151148106747
53 0.153755870675
0 0.177221877677
76 0.181571335751
89 0.193246975185
95 0.193477436782
9 0.196921052159
78 0.201714682161
27 0.202707915824
73 0.216849420985
52 0.221161491067
26 0.222564112476
82 0.238517654072
70 0.240793681524
51 0.244370501412
38 0.247422582478
55 0.251614726244
35 0.259106236307
40 0.263911483586
15 0.265032008256
50 0.265513631561
59 0.270664818045
64 0.2785551561
68 0.28789013157
97 0.315392890181
61 0.321245973517
43 0.323075003958
39 0.331601416337
34 0.340585387007
36 0.34202376246
58 0.342505700428
60 0.34374024097
22 0.352322673539
84 0.353628855947
83 0.355129148141
46 0.356527170737
28 0.360677016495
96 0.365506443458
31 0.374458528495
56 0.376383222781
66 0.390251069261
72 0.391150947719
32 0.3926521652
93 0.404781017946
100 0.407296311094
33 0.418785359684
81 0.422567001896
71 0.429187045883
99 0.444158325739
67 0.451699713953
77 0.462552437479
47 0.470506754798
42 0.471375202292
98 0.545835407012
49 0.547357085073
