80 0.391645375149
88 0.393077217746
94 0.39596003176
74 0.39840589679
57 0.398767135303
54 0.404169688796
92 0.40645735445
62 0.409157646702
75 0.41430663057
87 0.416973155607
41 0.420482885288
45 0.422062149047
63 0.42690385055
48 0.441381889804
85 0.447031562763
90 0.448170714991
30 0.453958137199
69 0.457786271216
37 0.458209407689
25 0.461574926856
23 0.467579680136
21 0.471358537986
19 0.472999732909
91 0.473356643428
13 0.473981798528
16 0.47419965716
29 0.477770197391
24 0.483543754094
17 0.483779676852
20 0.485447304698
18 0.495231714056
14 0.498500874814
11 0.514581541992
8 0.526516462414
5 0.53689649941
65 0.54091248165
44 0.546666953322
7 0.54770166312
6 0.550526504212
12 0.552719535867
10 0.55640628095
4 0.561247379386
79 0.563863950537
2 0.590938167718
3 0.61653880354
1 0.621515006768
86 0.633822151108
53 0.65900292205
78 0.680047206583
76 0.680746848045
89 0.693094312727
73 0.698542605174
27 0.733917136114
95 0.739466961225
9 0.74359257784
70 0.759571256884
52 0.760417008637
51 0.763711454574
26 0.767762726141
0 0.78099110123
82 0.782071729261
55 0.801291794118
59 0.810159325186
50 0.825523208935
40 0.830227185989
38 0.830612785613
35 0.832020122119
15 0.861327446239
68 0.883524040587
64 0.9089777246
97 0.920350637555
43 0.945212004087
34 0.949948858401
58 0.950576097856
84 0.956350789541
61 0.958254968727
96 0.958335981892
39 0.962444141374
36 0.9712222357
60 0.973512440556
83 0.977730886561
46 0.982269201806
28 0.991404852032
56 0.99473050822
22 1.005351378
72 1.01870782109
100 1.02365975379
66 1.02572657148
93 1.02643432405
32 1.0319007672
31 1.03803987281
71 1.04797339256
81 1.08161897115
67 1.10177104288
99 1.10523964808
33 1.1201693868
77 1.12859390328
47 1.15672921435
42 1.16752105048
49 1.2461285548
98 1.30806445454
