98 0.147860133995
99 0.150547104052
71 0.15118463957
77 0.151911340484
49 0.153141207679
100 0.153523463379
93 0.154336959938
47 0.154749578588
72 0.155094107475
96 0.155278360111
81 0.156793817339
67 0.156929604723
42 0.158747363991
83 0.163646631265
84 0.164776746472
97 0.165788978915
32 0.168684718523
33 0.170861312641
56 0.171856430846
28 0.17250306346
58 0.17293908121
31 0.173084924971
66 0.173994339925
60 0.176140170432
46 0.176688534765
34 0.17713700942
39 0.179349836673
61 0.181217780114
36 0.182785237591
68 0.185574138023
43 0.186909621492
22 0.187307193905
59 0.19708748872
50 0.197129046663
64 0.197871991773
82 0.199690219274
70 0.20517045359
55 0.205250821754
40 0.206145858472
51 0.209675576425
35 0.209904230857
38 0.212913469997
52 0.217565590768
73 0.218205337924
89 0.22063562441
95 0.225497430087
15 0.227101988855
26 0.228962285988
76 0.230862149288
78 0.2341648339
27 0.240838976521
86 0.252819032284
53 0.265703547384
9 0.266302965613
79 0.280611293948
65 0.292088244466
44 0.303415047349
91 0.307129829001
0 0.329203141235
90 0.339418117484
7 0.342388393146
3 0.352193106472
6 0.357873328442
85 0.358276787922
2 0.359264987171
12 0.363446325926
1 0.364221355089
48 0.371846860942
10 0.373760079299
87 0.374842997492
69 0.377387459529
4 0.381345612171
29 0.38339107746
5 0.385759054875
8 0.386022418392
92 0.390160342604
17 0.396362214377
45 0.397438865015
63 0.403278524486
16 0.403864046171
24 0.40424732553
62 0.404937807379
94 0.40622792948
37 0.406720492202
75 0.411839511967
30 0.415841406664
20 0.416030350125
41 0.418124927135
11 0.419967149944
18 0.42157031491
21 0.422071944153
14 0.423611068756
25 0.423712160851
13 0.428929759898
23 0.431674097801
19 0.434450879497
57 0.442191114573
88 0.444117716865
80 0.446504377516
74 0.44851709962
54 0.463285020983
