91 0.0852786838229
79 0.0924816460234
44 0.0926674992921
65 0.0934701388214
86 0.100147685566
53 0.108373501784
3 0.108468451437
90 0.110782758094
7 0.113237172431
2 0.115389770717
6 0.116121448661
76 0.119641380939
12 0.120619771315
48 0.122479419646
95 0.12489603512
0 0.127963171645
1 0.128539491467
89 0.131259955586
10 0.131888938319
9 0.137037559763
29 0.139032090984
4 0.14008944191
5 0.140548016778
27 0.140558773666
85 0.141417772504
8 0.141476255574
52 0.156088693838
26 0.156477995483
69 0.156767346885
78 0.157729981252
87 0.159376165149
17 0.163445623811
82 0.163853748067
73 0.166480311518
38 0.169468932528
16 0.170935040827
24 0.175040865371
92 0.177003348518
45 0.177901361774
37 0.180407880168
11 0.180875517122
55 0.181991836916
20 0.182457141921
63 0.184232495976
70 0.184316455576
64 0.184323585402
35 0.186486788584
14 0.186750371014
18 0.187015380612
51 0.189814061514
30 0.190205800964
21 0.191071936128
62 0.191803230678
15 0.193221448148
94 0.194442893833
50 0.194729723658
75 0.196206815958
25 0.196788312395
40 0.197017053462
13 0.200200351013
41 0.202006195587
68 0.203033984571
19 0.203941810007
23 0.204286346097
59 0.213694535756
61 0.22968496613
97 0.231970301708
57 0.235107213401
39 0.245022379487
43 0.24567943841
88 0.246122012156
80 0.247634562191
74 0.250298000911
36 0.264196112074
54 0.267817462343
34 0.269220717982
22 0.271826055255
60 0.27252062317
58 0.273209988977
83 0.282460248509
46 0.287452532592
28 0.28841957542
84 0.28858082439
31 0.28861483068
96 0.305110569178
56 0.313986895551
66 0.322892945675
72 0.326608791744
32 0.327174351366
33 0.332602874223
93 0.346610177508
81 0.352820120388
100 0.353023964837
99 0.379333030858
71 0.382838194316
67 0.399543025368
77 0.409400025712
47 0.409850010489
42 0.409941834868
98 0.469354004085
49 0.5121502925
