57 0.23245252866193872
41 0.2582745745721177
48 0.2842308337321972
69 0.2895004648122688
63 0.30197864791109635
74 0.31917503131125396
44 0.43672682810753577
75 0.6003418495742849
80 0.7532432776335042
70 0.8681354684321032
54 0.8984022974563496
95 0.9150318487034826
53 0.958127606668409
45 0.9946242260920699
88 1.0060228093138164
79 1.0151123438920506
50 1.0915668434226125
59 1.0934494957380512
58 1.3517483265261983
51 1.358716420813576
61 1.4606733111274874
86 1.5153209904521345
81 1.5401032967068178
66 1.5629062813269954
76 1.569661931000391
55 1.5780718231307613
77 1.598973255798137
67 1.6468492018556404
52 1.722607134570462
78 1.7570136884674346
49 1.9847482314074207
68 1.9916510898618185
39 2.1708534457954003
64 2.222820333842943
62 2.2827605117859004
73 2.298661654158974
65 2.316214560299769
34 2.47705344824831
83 2.5850981806282065
82 2.735759386362294
84 2.8045691817415195
47 3.008956622768028
60 3.041095275672632
28 3.179980897033266
89 3.791166065463821
85 3.9215370626124293
56 4.320825482239099
91 4.334134112940329
93 4.463399605304585
37 4.470347477922719
98 4.521169871224567
94 4.570831793093209
72 4.715768878450547
71 4.755698613423087
46 5.123729565274209
32 5.2632609015710194
29 5.40884332717952
31 5.689588513033796
30 5.716547978783696
92 5.854326285955437
40 5.89612780384195
99 6.128645734573488
38 6.188939868998727
35 7.110723590526596
43 7.258390349537464
87 7.3089085215355984
36 7.4183167935708525
42 7.956792836175213
90 8.098991961076633
100 8.435606813313065
26 9.970047595002304
96 10.326426088155854
27 10.91161083395652
25 11.070606269572076
16 11.143869412936919
17 11.532147111462749
24 11.691217094509106
97 12.031093719418157
7 12.63476381598304
33 16.031640954302432
21 16.16128065361399
23 16.99074334636468
13 18.928311368178704
22 19.928517536338298
20 20.76675927103895
19 23.419039439809787
6 26.622185616266524
8 28.58378900398601
18 29.461827522715055
12 30.73510456830973
14 35.03390258761591
5 36.60099472661278
10 39.866571312060216
11 44.31125864317853
15 44.42648271330843
9 50.93988393583792
4 51.171145390942606
2 59.61172805040466
3 72.69978560165023
1 87.75548135129992
0 218.306445124355
