5 0.1467331344334976
12 0.15369471708510085
14 0.18878405269776302
10 0.19314791041362497
8 0.24557020428822224
6 0.27155886731644946
18 0.29082352918212834
11 0.3269532898234128
22 0.5079946780003908
4 0.6513682898784181
19 0.6613398588709484
15 0.6839929710515079
33 0.8331532112159425
20 0.8469629037636269
9 0.9349004809408505
13 1.098011427602223
2 1.2615587257511258
23 1.3759088397272
21 1.4703027252792515
7 1.7980367461166618
27 1.8003077054419423
26 1.9879290044678093
24 2.2854321161820157
17 2.295403755304736
42 2.3548213909552085
16 2.4306818181444028
3 2.498210645337679
25 2.5390633632280624
36 2.6003840125485573
43 2.6539814395246446
35 2.7992058057468294
38 3.1573272503413743
31 3.245747562078675
40 3.2665561163829095
32 3.466332695445136
46 3.539463895854906
98 3.858103170589667
56 4.000425375270572
1 4.151485924036392
29 4.397804108426869
30 4.447741869238371
28 4.8304966477164895
60 4.940993454835949
47 5.038133813946772
37 5.083831971657197
34 5.5254756773904
64 5.839429316223858
39 5.9057913051961775
78 6.4659029648551725
52 6.482290687373498
55 6.749729134695098
49 7.110896715036354
51 7.150612078491558
61 7.205554762416564
66 7.365385595583716
81 7.594560514163458
58 7.6247286821138225
50 8.025004696795795
59 8.050615057415959
77 8.062709311265172
53 8.070820730681755
54 9.155614499596322
67 9.364496141582835
70 9.650095295651537
44 10.299678795198036
95 11.003128980710354
69 11.174961518996925
48 11.179682732113962
41 11.270108177939745
57 12.354577510524203
63 12.480413720771267
68 12.70564737785885
83 12.971196948621632
79 13.130153429076248
74 13.227658956627506
76 13.310940402962428
84 13.348415332140913
86 13.650813142357274
75 14.121251161785771
73 14.243585455638092
82 14.629042686854158
80 15.027326496660079
45 15.103178712702265
93 15.19745275558348
71 15.399140177052455
72 15.585724547914506
88 15.679279523551397
65 16.10585864711358
99 16.664633320467374
89 16.77661370580528
62 17.789630051423686
91 19.235979625787966
100 19.341377019599676
85 19.551097901178437
94 21.094867035268944
96 21.446155291258517
92 22.39147290377335
97 23.36824964488789
87 23.741462364872916
90 23.958184073123025
0 26.71156783718705
