97 0.9821299773105242
96 1.3054922632179744
90 1.350789797634355
87 1.5091573622189485
100 1.785020203621286
92 1.8558114406699018
94 2.2412536116292556
91 2.3821661030298507
85 2.5190612909053955
99 2.5907720645869787
89 2.908098893147863
72 3.0426739511886804
71 3.095724343137492
93 3.1927953087796155
62 3.296111527517359
65 3.477924515499656
82 3.6990770458242612
73 3.9107022614500897
84 4.099144059336923
83 4.304395544423253
88 4.337212705453194
45 4.398512204057741
86 4.401627631026132
76 4.4830320256691705
68 4.582815239511394
80 4.65967279209073
79 4.818533459227096
75 4.957152553287996
74 5.6265608447407125
95 5.812708301854353
63 5.842872522094673
57 6.125649804402125
48 6.457303213389141
67 6.488334008569172
69 6.549459110534262
70 6.632712244185471
41 6.708150109659761
44 6.7254859914420475
77 7.562706692309358
59 7.888930895249589
50 7.934477533450934
81 8.068491514063892
58 8.146427687260648
66 8.311539179401896
53 8.368120122813028
49 8.423216845033702
54 8.61829147147407
61 8.6209944081367
51 8.834135763168858
55 9.263239384550522
52 9.60257797299879
78 9.718594816641355
39 10.033209591823132
64 10.245989850309524
34 10.49217182895503
47 10.948160341886974
60 11.251454656878924
28 11.40464528874316
56 12.687766706223508
98 12.748298002701164
37 12.796802044873079
46 13.513028331942463
29 13.62753908287508
32 13.63398891559391
30 13.848855580959526
31 14.056326838296311
40 14.231261942400282
38 14.49593064838989
35 15.252175757044624
43 15.410839330985599
36 15.541522889634317
42 16.001008608584698
26 17.378860253342626
25 17.72154697522483
16 17.80229825676321
27 18.00478912986744
17 18.075993289768917
24 18.174030862181592
7 18.911739995869453
21 20.8922244260485
23 21.36237538376608
33 21.690626537044473
13 22.485311140416428
20 23.54417631671977
22 23.94154307772346
19 24.93569624798657
6 26.862944051512095
8 27.798908485503198
18 28.133896406075536
12 28.962759736064992
14 30.896183958685423
5 31.794788756293748
10 33.42119729706296
11 35.32958261946912
15 36.3805050593641
4 38.63296256591687
9 39.12814514194409
2 42.4882167525752
3 48.1869858342824
1 54.420262355979304
0 104.37643388682554
