0 -4959094105160372.0
1 -2337429816524953.0
3 -2007518625930275.0
2 -1724949821560308.0
4 -1542646186719140.2
9 -1501389275254039.8
11 -1391594874213727.2
15 -1341016921168306.2
10 -1281824078494035.0
5 -1207518512442463.0
14 -1174681971974729.0
12 -1063262265917083.2
18 -1040709342985743.4
8 -1014767630653288.1
6 -962188946678772.8
19 -890870027935353.0
20 -821864527216586.9
13 -775447158997015.6
22 -743303531419282.9
23 -723881587175049.9
21 -700198690979373.4
33 -630110782192500.0
7 -593008991192327.4
24 -573746358510620.4
17 -568321794769288.8
16 -557449996355172.56
25 -556966739230883.06
27 -518577144725773.8
26 -486189428508119.56
35 -392765779380768.44
36 -391068048539605.8
30 -387847949515995.94
43 -386133611490955.3
42 -383753104242359.25
29 -373157397756428.9
38 -363894780933642.9
40 -347331952003502.1
37 -342882542756126.6
31 -326099952839524.5
32 -308395460993146.94
46 -305325839477533.9
56 -271233776532338.2
98 -258861615546406.78
28 -229426908566000.03
60 -227073489823060.62
64 -201200737238028.47
34 -199672320371894.53
47 -198413390676876.88
78 -188026911360445.4
39 -185721607120822.12
54 -183333074357425.03
52 -182700918305405.97
55 -168325692327439.34
53 -152881325751406.9
51 -151637852440420.94
61 -141335948612010.47
50 -122755804409239.67
58 -121941508172874.84
59 -118604346516009.1
66 -118023725782692.12
81 -114198194318004.95
41 -113084258505302.23
49 -109542103460953.0
69 -105305109889348.14
44 -103922118280512.7
48 -100364703244520.94
57 -95102976054387.72
77 -93552356903338.27
70 -85410184521794.5
63 -84698930322089.95
74 -79727374146281.55
95 -67627726078387.695
67 -64047753479918.22
75 -58828917610255.44
80 -51432783018723.91
79 -46958507948352.95
45 -43262300625129.914
88 -42791977723597.92
86 -34457989014241.0
76 -34364611150080.637
68 -32474499761186.43
83 -23252925986648.215
73 -19540077899523.008
65 -18556227653977.367
84 -18534930095559.25
62 -18198159567143.41
82 -16482174724117.854
97 -14897103900220.88
96 -8610576429205.431
89 -6571338396691.031
85 -5099787461329.423
93 -4616066990406.385
72 -3622589957180.064
71 -3299278423209.382
91 -2788606514568.2495
94 -2500689484116.0776
100 -2489175274503.2554
90 -2046260632446.2095
87 -624789019082.0913
99 -250621584399.05927
92 -160177028284.57748
