19 0.02365186401089863
20 0.027965289481224606
13 0.033967771187615056
18 0.034043941145893535
6 0.03423560007326216
8 0.03548871248332528
23 0.044766082092405846
12 0.04786687612429565
21 0.050511621161910436
14 0.06054542617237768
22 0.07350753477328427
5 0.07780958559140032
7 0.08243822198820593
33 0.08915725525964242
24 0.09748212592536741
17 0.10004283213947246
10 0.10566812187277276
16 0.10696752071913931
25 0.10963368912584513
27 0.11155001502221273
26 0.12711634968418647
11 0.1329785571764843
36 0.18817333255397503
42 0.18861514132018614
43 0.18956682748906087
35 0.1896660166460161
38 0.21309224262918236
4 0.21490948474585872
15 0.21715219770524732
40 0.22634106293317985
31 0.24097150018778538
30 0.24278820466824266
29 0.24989578434078913
32 0.2623967201257966
46 0.26273587303244134
9 0.2677348504189503
37 0.29278030761464247
56 0.3026026015040923
98 0.31345057385090724
2 0.3275505906537159
28 0.3670566951076926
60 0.3740243964002639
47 0.40204802040211357
34 0.42209454009459474
64 0.4301876563429652
39 0.4504174883254586
78 0.4743770277443056
52 0.4779684044736209
55 0.5071314568382429
3 0.5183340748747692
51 0.5419304066529338
61 0.5582163321797636
53 0.5815916347197865
66 0.5879323932604225
49 0.5915308783363411
54 0.602713505456297
58 0.6032553037281373
81 0.615087140800715
50 0.6214252889457252
59 0.626024640969335
77 0.6646673976753886
1 0.7548547626268347
70 0.7603700304746908
44 0.7633007449970313
67 0.7791026326037007
41 0.7968511750513276
69 0.8033071338707679
48 0.8141496544693693
95 0.8583112381425649
57 0.8819938322231033
63 0.9070591437244357
74 0.9557664055211113
79 1.0226292028519628
68 1.0429168559810003
75 1.0477929067623357
76 1.0665817269941786
86 1.0842496360431744
83 1.0885206597029458
80 1.1147227657303123
84 1.1248204385266996
45 1.1407757437980872
73 1.168470450024819
88 1.1735845795647692
82 1.207037791468918
65 1.2836742525321028
93 1.309228564472819
71 1.3331860754584883
72 1.3428701252277455
62 1.3784351926309704
89 1.3915044987708247
99 1.45517281741629
85 1.5596824940886753
91 1.5747093110385981
94 1.678326912432624
100 1.701762657969817
92 1.80502756357462
96 1.8919432580005233
87 1.937721799501073
90 1.9830422930340885
97 2.054687613933767
0 3.5401338964021294
