56 0.1931611855940412
46 0.2026931343035826
40 0.21149662458579543
32 0.21517204085986538
37 0.21804181165409028
29 0.21873692708282538
28 0.22431120716478137
60 0.22459811501671276
38 0.23133304684760717
31 0.23720226130576214
30 0.25655446448580616
98 0.268184680309032
34 0.2909214551530423
35 0.2926390992446459
47 0.3075739292193442
64 0.31222715536723417
43 0.32633217598168524
78 0.3366230027254989
36 0.3424170179495663
39 0.3498354496631206
52 0.3648997613799283
55 0.4359507593870895
42 0.43893658388560447
51 0.5119703792309697
26 0.5659199352601472
61 0.602494761465375
53 0.6295771604919377
27 0.6717829249666728
54 0.684093776217021
66 0.7095366515946699
25 0.7118899384334637
16 0.7139978996653477
58 0.720304419268298
50 0.7481556261649471
59 0.7571717757954326
17 0.7592898835775913
49 0.7646632379010476
24 0.7826073772226473
81 0.7832715959907243
7 0.8886782235577046
77 0.9564836626317961
44 1.1502141308886222
70 1.183773161003011
41 1.2530455177698374
69 1.282009071033191
48 1.2976910665843644
67 1.3627630707423721
21 1.3797014145556266
23 1.504144649312198
33 1.5130311730537174
57 1.5458522227538776
95 1.5629458484965026
63 1.645025864577964
13 1.8014484056235238
74 1.8189253073287381
20 2.0955001593044593
22 2.119974718277096
79 2.1495977677602243
75 2.1877861542010213
68 2.3634299899439646
76 2.394642012215712
80 2.449394704748933
86 2.451773321489456
19 2.530786661211353
45 2.580576079337438
83 2.5960341109395224
88 2.6984497132072414
84 2.7644657549543497
73 2.8539019676794584
82 3.071742445725675
6 3.1199706795035334
65 3.2886687227721105
8 3.468505534033086
18 3.6132652966756744
62 3.6319761928121688
93 3.6749846741691905
71 3.800959738982127
72 3.833962448270372
12 3.8742423369339773
89 3.891495123648571
99 4.453871576615239
85 4.544785012419652
91 4.62850196006229
14 4.6600190249084985
5 4.993217617252593
94 5.073540428862479
10 5.659238898836685
100 5.707830701371172
92 5.7347860729938684
87 6.445977858277092
11 6.512872770854489
96 6.701649445174808
90 6.728890736100236
15 6.822441927351458
97 7.562937655118163
4 7.984645961652098
9 8.104605913054
2 9.815545411017906
3 12.728980301842988
1 16.178898080432855
0 48.390923616281434
