90 0.7527733092314473
87 0.8035599977237061
92 1.0656690261831339
97 1.1705203728270275
96 1.3609524946842904
94 1.4070297034170276
91 1.702956052782472
100 1.7268652225982946
85 1.7748205147502314
99 2.479243643003398
89 2.4818383753282185
62 2.574984052652789
72 2.875653337655957
71 2.9494672542924
65 2.967802290040137
93 3.0358704611332383
82 3.4290842547865616
73 3.6034533426157718
88 3.815984025456554
45 3.9492995203793617
84 4.002534782208996
86 4.153972409184226
80 4.232221152604452
83 4.263013638858541
76 4.294103040547215
68 4.546730885295599
79 4.633218837214652
75 4.662493886344463
74 5.527990174030046
63 5.867157157284013
95 6.025496571047002
57 6.222226147567743
48 6.7326830441537835
69 6.869405035433279
67 7.03221572863027
41 7.058869803603373
70 7.131358563913868
44 7.174444078123395
77 8.477830985720631
59 8.86038847558956
50 8.938108404753871
81 9.171253668248372
58 9.252449272049232
66 9.470866295610001
53 9.521659802856654
49 9.655294894645943
54 9.792305672582483
61 9.927407785068286
51 10.185188346763226
55 10.816163209128307
52 11.300219481796418
78 11.456634834345936
39 11.929533662817654
64 12.248377828784136
34 12.586840575991161
47 13.224614231090627
60 13.69805899442063
28 13.913633022387765
56 15.796485002453549
98 15.851767252212344
37 16.134831589433517
46 17.03999641906186
32 17.216001521798177
29 17.414966093466155
30 17.772029222094176
31 17.85478891875168
40 18.176814033706425
38 18.59876184190296
35 19.75352932869479
43 19.942983081163476
36 20.138541631929684
42 20.74151698696587
26 23.08628764527693
25 23.904285471865684
16 24.019313585532938
27 24.09850347583518
17 24.44938838539724
24 24.609189982519467
7 25.71962329390671
21 29.018286686808157
33 29.63465676850858
23 29.793240696845285
13 31.620734438872343
22 33.316386134917295
20 33.33680131935049
19 35.65379405397
6 38.680119880068354
8 40.287382472420944
18 40.920355992838246
12 42.16242951510369
14 45.53026073964501
5 46.935546033611615
10 49.6179851103524
11 52.96275009434681
15 53.882319087283236
4 58.417511140562915
9 58.72194904429051
2 64.86614520617988
3 74.53118318191483
1 85.28632550292092
0 172.17749718912435
