0 -5217051586645158.0
1 -1684383530980855.0
3 -1304685806008771.0
97 -1029204766837469.6
2 -988199156150070.8
96 -941053733194087.1
90 -849238438677660.1
100 -823623751702531.8
87 -802444833063578.9
4 -797763203533904.4
9 -771402172862316.6
92 -711637345992816.0
99 -661899927966820.4
11 -647179336403981.9
94 -627121134157977.5
15 -621481522107913.4
91 -611655267451257.8
85 -574661663572751.6
71 -569954439598164.6
72 -563705094616891.0
93 -548905953666119.3
10 -546214251522079.3
89 -538034831353630.9
5 -477398861105215.4
62 -449828099011579.9
14 -447349677014951.8
82 -440078206935182.56
65 -439471697651499.06
73 -422657882931849.8
84 -417818275701288.4
83 -390455504327207.3
12 -355651355930281.5
68 -345482879048538.7
86 -344292200539611.3
76 -344118518810308.2
18 -335529777929782.4
88 -324166499941270.6
45 -322414599597188.56
8 -316206020766032.44
79 -301050027799040.25
80 -293284032231497.6
6 -275283893239409.78
75 -269776200810040.62
95 -232645576794465.5
67 -228376963994005.66
19 -221779822615412.12
74 -214081634320831.22
63 -203070729450036.0
70 -187783118396092.3
57 -182461834061439.44
20 -175168338697854.88
48 -170942527535377.84
77 -162108895270166.44
69 -160572226907071.0
44 -159060113202803.4
41 -149473521014560.75
13 -145739195985479.5
22 -142039326951373.88
49 -134657252682228.2
59 -128857303442286.45
81 -128665332376662.4
66 -125471937091961.52
50 -120879017704446.14
58 -120427614677000.25
23 -115289348011115.69
21 -102171840636382.5
61 -96229836047229.44
53 -88927150894634.69
51 -87899127510806.36
33 -81370619992532.39
55 -70186013705736.85
54 -66392911849187.48
52 -59429538047908.51
78 -55333741028702.79
39 -53261277149129.94
7 -52078119709814.06
24 -43892920097862.664
64 -43830379815135.836
34 -43288738590068.375
47 -42072252812139.46
17 -41168798707895.18
25 -37039957637581.46
16 -36892649653790.08
27 -28114928822394.75
60 -27875760949734.723
28 -26750585991915.96
26 -18875950515715.555
98 -12405273547518.742
56 -10512190714390.77
46 -3475918796269.551
32 -2768051772807.5444
36 -1817480955539.3481
42 -1651356645667.4536
35 -1622953356456.979
43 -1343192501394.0164
37 -1165310270455.606
31 -959848906530.5575
30 -324634267587.1528
40 -169410178141.6128
38 -47457056472.99539
29 -6767350108.19129
