6 0.26493639142621095
22 0.3029404159819888
8 0.31679534517518637
12 0.35344063106148493
18 0.3693744246798347
19 0.3875989418230258
20 0.45441086552299953
33 0.528922172180737
14 0.5726968484471543
13 0.5849138438107789
5 0.6425093094704926
23 0.7502780485619854
21 0.8157046730705138
10 0.8669782681387439
7 1.118910961016297
11 1.2277473827879621
27 1.2470040188533698
26 1.4267911624802432
24 1.4268157707116216
17 1.4427239926559587
15 1.445950322831239
16 1.5410604154355767
25 1.6036029145990167
42 1.9033736142869881
4 1.926085640326548
9 2.059340403930061
36 2.0918738353253103
43 2.124819067089247
35 2.2122343658813244
38 2.544165782047735
40 2.6523857971267173
31 2.7552575939631394
2 2.966407945513549
32 2.981559346821311
46 3.015263645437383
30 3.244475715033922
29 3.291363212774876
56 3.4952188795571
98 3.516794820727298
37 3.841900108666505
28 4.341920142945424
60 4.439841235692969
47 4.6598533863768745
3 4.875950907705021
34 5.044004917194888
64 5.272562656531087
39 5.4333990125902725
78 5.754662193237864
52 5.819771743731246
55 6.168261780549861
51 6.543285470381397
61 6.777868877653311
49 6.9070457689569995
66 6.991318345946756
53 7.21214450352928
58 7.2486237792766115
81 7.351074013662056
1 7.373278358365762
50 7.532331177889186
59 7.538019341866772
54 7.540089554268897
77 7.884832612145128
70 9.180050596010208
67 9.25522010416649
44 9.349804524254939
41 9.791723607070614
69 9.86052020654114
48 9.937214552010909
95 10.438737061077061
57 10.783650923039838
63 11.070575733688363
74 11.636684680528809
79 12.36561999073229
68 12.587852972798833
75 12.701919789822869
76 12.873046531589127
83 13.056092954004408
86 13.08698095160723
84 13.451234717915362
80 13.471889568443439
45 13.779390277095214
73 13.970851094059785
88 14.149452771951776
82 14.514536995094899
65 15.436496557098797
93 15.595691670948316
71 15.858093255137753
72 16.00871706043383
62 16.516658069852127
89 16.672456093056514
99 17.29628425472259
85 18.62361815759526
91 18.73485928145754
94 19.961509165829778
100 20.180326221739953
92 21.421162573820766
96 22.43796871784132
87 22.950899890693996
90 23.480017005131728
97 24.407812230427435
0 36.754364873014
