11 0.02269948452764162
10 0.02533205029558191
4 0.03143065677845604
5 0.0317798735315919
14 0.03900833008375719
15 0.04826069235899962
12 0.053084560377794424
9 0.05341551084071943
2 0.062056167495562205
18 0.06618137136438064
8 0.06755255654090371
6 0.07881501895748085
19 0.11966507985510727
22 0.1306199060515031
3 0.13475749020944142
20 0.14695532600743177
13 0.17532564533791758
33 0.1803140211720529
23 0.20755663080615416
21 0.22015363308862249
1 0.24250551069066167
7 0.27223352412557233
27 0.2931829408367681
24 0.3133604371361597
17 0.31589352518261227
26 0.3165643852294683
16 0.329173351715432
25 0.3373067002589124
42 0.3742076451298017
36 0.3928515062277226
43 0.3988016318672184
35 0.4093990667744102
38 0.4469273541732738
40 0.46272402766608045
31 0.46649431288533405
32 0.49276145144039063
46 0.4995414615164686
30 0.5363244289356938
29 0.5402084488084574
98 0.542891173250238
56 0.5505780510246524
37 0.6020576944065887
28 0.6352638027135532
60 0.645993583198621
47 0.6672703641256441
34 0.7061343032051083
64 0.7262398893892364
39 0.74216659340818
78 0.7897765848759375
52 0.7910271702801872
55 0.8201177570640277
51 0.8633482208952298
61 0.8708889171657701
49 0.8884324348326103
66 0.9015237876296536
58 0.9196659814064326
81 0.9231457214255863
53 0.9273946256566011
50 0.9504901031578543
59 0.9563221832840011
77 0.9770536125475973
54 0.9890209848374912
67 1.1075303070102152
70 1.1092359980046382
44 1.1397048827299432
69 1.20021339123537
41 1.2002675103901461
48 1.2101175299858604
95 1.226208878784134
57 1.2977466330824197
63 1.3182016324079306
74 1.3791850551382916
68 1.4067220984148334
79 1.416567617572714
83 1.445620004554165
76 1.4496294079769676
75 1.4709464062001214
86 1.475426700433557
84 1.4851602633253491
80 1.548427958829459
73 1.5521292641161868
45 1.5667208213727408
82 1.5859050370915218
88 1.610170989446181
93 1.6705962229270381
65 1.6921526734607601
71 1.6927771902702293
72 1.7056498876894368
89 1.7820026244540614
62 1.8155961633118327
99 1.8166380985587984
0 1.942100494489992
91 1.990816433382904
85 1.991489749600945
100 2.067586880896356
94 2.1211561679659345
92 2.2451240261470797
96 2.258691418494847
87 2.3741275214537536
90 2.409706112600158
97 2.4241534925146397
