2 0.24438577150410068
9 0.28502390587873405
4 0.4660941298421318
3 0.4772238094622561
15 0.4823420477652431
11 0.9836470900166027
10 1.149360551939858
1 1.259396876724851
5 1.5490658279978204
14 1.958529733721673
12 2.2326044309652535
8 2.7356810687290456
18 2.8212406373649035
6 2.9311160997211845
22 3.3561981883844365
19 4.22220418767907
33 4.314921264685882
20 4.80194253769155
13 5.471075612920084
23 6.168889375543116
21 6.401567913433105
27 7.033984963940218
7 7.159970124947819
26 7.418084159334282
42 7.889861620009642
24 8.231293189174337
17 8.248955472262693
16 8.533111186385911
36 8.592316751980375
43 8.707813317771254
25 8.761207657112125
35 9.078732552512378
38 9.811715239798465
31 9.856372577533323
40 9.965379990040383
32 10.247438223382916
46 10.403669510471916
98 10.891669000468172
56 11.25163241176175
29 12.370160775618727
30 12.478582688337609
28 12.823330223182742
60 13.044012434152169
47 13.075670475517637
37 13.639160464506164
34 14.092877243610369
64 14.769049723255442
39 14.799889996045524
78 15.815513458655918
52 15.863771536383782
55 16.31052495268436
49 16.588828072982615
51 16.94564659326015
61 17.072263756279316
66 17.16360874371735
81 17.606674736889932
58 17.70182423035735
77 18.31096378338792
59 18.436920429841923
50 18.452473870351117
53 18.706134430983717
0 20.18228062553347
67 20.44471663820341
54 20.675383945181498
70 21.122779989886304
44 22.39250672783721
95 23.42750719411208
48 23.859331118555065
69 23.901966969293696
41 24.087105568811662
57 25.83795828129387
63 26.006107142567032
68 26.058349807939614
83 26.373936507075477
79 26.85909433826998
84 26.926203897937352
76 27.067968479565963
74 27.233327317105164
86 27.64582165501877
73 28.39747311390347
75 28.598140657624057
82 29.072323006114924
93 29.743316692789847
71 30.016374905872404
80 30.04640333859279
45 30.112258459851414
72 30.370969451249263
88 31.05760622006457
65 31.52475095223518
99 31.95660008637353
89 32.421173347266716
62 34.25354240727524
100 36.02455985915341
91 36.238258975350206
85 36.870418417890235
96 39.2383784065248
94 39.24423567422139
92 41.164380532498356
97 42.216752819449816
87 43.14963135489084
90 43.40722300274452
