97 175.26318327384385
96 180.99401624655516
90 187.00977436583526
100 188.08707746057763
87 189.8989879567724
92 195.99158817205378
99 198.6616123628816
94 202.17165968362818
91 203.697751748246
72 205.68446582476562
85 205.75942377200246
71 205.8164313528766
93 207.35363691572064
89 208.33150817685103
62 216.45419680923578
82 216.738535765268
65 217.169447141307
84 218.63359372959889
73 219.50148569715142
83 220.73084041451835
68 225.24918325190646
86 226.11498736193167
76 226.53296581228565
88 229.01222014381054
45 229.19485168049087
79 231.3558773209113
80 232.60200531475815
75 235.3031000533648
95 238.73121969563806
67 240.0545095089289
74 242.50261698063036
63 244.01483921849876
70 246.21111993817394
57 247.41342500616108
77 249.27156590181087
48 249.32736151059967
69 250.1966021124775
44 250.4880639310404
41 252.40572946713917
49 254.57916414684215
81 254.5809291871421
59 256.12580426454025
66 256.42988926370913
58 256.7291496855777
50 256.8629454418762
61 260.84219965826503
53 262.9879235346095
51 264.64101457797733
55 268.14625962789876
54 269.6631387632162
52 270.8588732704993
39 271.90140527732007
78 273.1499391364991
64 274.26531078177686
34 275.4804349826089
47 275.6498272171995
60 280.44876436621615
28 281.4311271192065
98 287.212781293342
56 290.58984155978374
46 296.3912685509325
32 296.93856321358925
31 299.66719983510745
37 300.5907226295121
40 303.42866750632146
38 305.5544223260806
29 306.1434065741942
30 308.2049091094089
43 309.86923393046345
42 310.321496991283
36 310.66516110175274
35 310.7798058518792
26 325.47202620226335
27 330.0210269759252
25 334.0268851390178
16 334.1153613234008
17 335.59808615418206
24 336.3159373076661
7 339.23479787732794
33 346.4238334605314
21 353.58572010473966
23 356.5736255492229
22 361.1536400349289
13 363.1231432840437
20 368.9966252667706
19 377.54305593196324
6 386.0387422348498
8 391.9779004227469
18 394.87569059050594
12 397.7445245570724
14 409.86363027991587
5 413.41646137802167
10 421.38279545870625
15 429.84513131601915
11 432.71766316502493
9 445.78731384356183
4 448.0107962869097
2 466.1524686278517
3 492.8129828563613
1 521.3452119813281
0 723.9264079439794
