97 1.141165931833268
90 1.2315192656353557
87 1.3826259346027117
96 1.4367100953150689
92 1.798810300871735
100 1.9009232442638397
94 2.287788675568367
91 2.511183170742721
85 2.6615256672669014
99 2.723427761790171
89 3.1258936513406375
72 3.215508939533689
71 3.27451962901521
93 3.387294749460504
62 3.7029793498022636
65 3.9037284662149205
82 4.069687145513459
73 4.381061008179382
84 4.478892109983073
83 4.719131983490943
86 5.0552727278890375
68 5.12752509891784
76 5.13307036729714
88 5.166856246944927
45 5.232977729122391
80 5.632963222915038
79 5.676569609697262
75 6.034869062177353
95 6.845921520382105
74 7.022593097733458
63 7.291344613749482
67 7.385761703147321
57 7.7574689085084625
70 7.9203378634611985
48 8.138966016161323
69 8.260482454078149
44 8.363226862880952
41 8.56495562899702
77 8.74357623966619
81 9.468106613792317
59 9.562700677226546
50 9.616909518857451
58 9.730026167518236
49 9.760623069221948
66 9.868782188912986
61 10.387054465893085
53 10.505845470297514
51 10.939012413468502
54 11.44857637284012
55 11.498504450732385
52 12.031880802908843
39 12.30591270187446
78 12.336545330739353
64 12.710429973933314
34 12.949620553038276
47 13.233773079695204
60 13.960996276610825
28 14.14111525514373
98 15.471449545205006
56 15.91930991182044
46 17.109694656602375
32 17.19252830469693
37 17.546962270077096
31 17.783490404001736
40 18.47709272337677
29 18.722568429592595
38 18.889149124425938
30 19.165489070435704
43 19.91053142946309
35 19.98156379062184
36 20.054869983099177
42 20.231569811091106
26 23.263598409222357
27 24.30565935235636
25 25.062676713748615
16 25.10838619543007
17 25.47643203821295
24 25.63531215504175
7 26.41922085625299
33 28.53402809554089
21 29.898162099938723
23 30.656176042472758
22 32.182571421286724
13 32.35566255522541
20 33.916783865597885
19 36.179076694713636
6 38.60253613994278
8 40.224893123199024
18 40.99992408161338
12 41.855187271488205
14 45.29321212817577
5 46.37415124768755
10 48.753745113431556
15 51.41295514669178
11 52.11095162430331
9 56.25586601569564
4 56.874435315005925
2 62.63267131098083
3 71.34212806267428
1 81.12505920032825
0 158.39626036812547
