7 0.2480982220270685
24 0.2673782784929333
17 0.26907776113923987
16 0.2853336080170366
25 0.2991117653574977
21 0.3043988210043289
23 0.3385710766583964
27 0.3590928103891138
26 0.4067097524067593
13 0.44357087166803266
20 0.579020818826628
35 0.6559610123482467
36 0.6970832162264321
43 0.6991689908162629
38 0.7724394623275943
33 0.7948290934472739
19 0.8005712077773729
42 0.8032045480012494
40 0.8555858606337726
30 0.9021711593996875
29 0.9316264892535017
31 0.9865133248345552
22 1.032854958477485
46 1.1073153465321406
32 1.1091274784231635
37 1.2071831980381396
6 1.2398415033411483
56 1.3606799520070623
8 1.4454490764542374
98 1.4934155259590567
18 1.5084671662859874
12 1.7714206187726338
28 1.783780162315293
60 1.8231074111569303
47 2.0875346831655164
34 2.169756348205438
64 2.221049908147967
14 2.292979368188121
39 2.383829179575773
78 2.5104633942649066
52 2.5569354657574697
5 2.6152676547763005
55 2.783244212736882
51 3.068236700286865
10 3.195720479884295
61 3.2211557483737296
53 3.358854783357669
54 3.496732965289794
66 3.52644262855211
58 3.592334799107445
49 3.60033570419976
81 3.7085378858035805
50 3.710115697966122
59 3.7626517594282807
11 3.8546164412790973
77 4.153673213364713
15 4.723732353609101
44 4.831399042664997
70 4.864410941429249
41 5.101037889320403
67 5.140317637181982
69 5.162976080210426
48 5.251245869633522
4 5.2675169778697635
95 5.717995550141893
9 5.768198309687948
57 5.827719210813847
63 6.05072430443843
74 6.467755453662884
2 7.0867833224355055
79 7.118150885315147
75 7.287099109043781
68 7.37332212207787
76 7.552798382486761
86 7.698214414229198
83 7.822187501463279
80 7.875864702033347
45 8.124349826536905
84 8.1685584875806
88 8.405239607493302
73 8.511732563107865
82 8.860238410804453
65 9.47109246109783
93 9.905308448139333
3 10.054731404822377
71 10.140999118655827
72 10.205545957422173
62 10.290752023603236
89 10.52646166382037
99 11.319212105265288
85 12.007295182614424
91 12.154266940824035
94 13.0947685238742
1 13.607795827664194
100 13.646760303404916
92 14.307210363238326
96 15.445414938661136
87 15.588061518697739
90 16.04132364190856
97 16.982734146684518
0 50.71944839477419
