51 0.27250241464457364
59 0.2997192691465475
55 0.308039913958277
78 0.30849313185310967
50 0.312505159923193
52 0.31445021618759117
53 0.32092172661192137
58 0.33164984315693213
61 0.3341473330155693
66 0.33544907204282937
81 0.38984425554242735
39 0.42125493798710867
64 0.43002874299752636
77 0.4302705494044264
49 0.4467109601473505
70 0.4677755712682589
34 0.4804995235329565
44 0.5511089927482995
67 0.5694333879960632
54 0.6018342951318262
60 0.6171846219335817
47 0.6477287143941771
28 0.6550339075226169
95 0.7154678562457327
48 0.7286294152040603
69 0.746234133679326
41 0.7949472678137901
37 0.9393154006005725
56 0.9642227750586132
57 1.0358618841586993
63 1.0394566044243678
29 1.122284472338967
98 1.1517763673417096
46 1.1907905805014674
79 1.2066121223880417
30 1.2201447712894868
68 1.2554740957222181
74 1.2595388512973804
32 1.2650842460125487
76 1.3214660859299254
40 1.3411366244742635
31 1.3867155438246879
83 1.4027565276147813
86 1.4044087779294343
38 1.4274979269202503
75 1.48491836190336
84 1.5170836676422983
73 1.6492165440128055
35 1.70044515851091
80 1.7788374241369083
45 1.7924892396991756
43 1.819298854038136
82 1.8377471131338585
36 1.8880998323226372
88 1.9966202905878867
42 2.1973588103499084
65 2.214541090175585
93 2.2550563889066977
71 2.3561881269108533
72 2.403673564729081
26 2.5242731641901814
25 2.6084699108615945
89 2.6189806279843633
16 2.63160070111414
17 2.7495661499591493
62 2.7821570459065548
27 2.785857874909209
24 2.7993632190674287
99 2.92275423893624
7 3.1254154565624823
91 3.511218290609251
85 3.5696813346339398
21 4.087197978362484
100 4.122030502060833
94 4.2229728380308496
23 4.3317564501855745
92 4.869715018322558
33 4.911959004378446
13 4.92778461453994
96 5.143957197030318
20 5.514002124340073
87 5.5796218575377186
90 5.777610644314997
97 6.102867606813816
22 6.1224100203811185
19 6.310834080836242
6 7.529890707478553
8 8.103269975268637
18 8.294187351305826
12 8.876872697441623
14 10.120511856923818
5 10.776273185413519
10 11.943879646959587
11 13.267513623122472
15 14.505756654080924
4 15.80569748878854
9 16.473347692316292
2 18.87795645918424
3 23.599629861827385
1 28.965362253866093
0 78.05471994264842
