97 0.8589965636768075
96 1.3071965727168269
90 1.3819164837802265
87 1.6512522706250259
100 2.0189380128563457
92 2.2662143199124833
94 2.9839376149860692
91 3.1950350146370092
99 3.292157791806109
85 3.4649895054566264
89 4.0122185551705565
72 4.077315830697935
71 4.164105164414201
93 4.340794611412552
62 5.008779346205889
65 5.213516454923467
82 5.409389563792318
73 5.879003085043336
84 6.015424347590457
83 6.380970095704359
86 6.891333734620357
68 6.9960369332167955
76 7.002157355028859
88 7.139839970397318
45 7.205776004615549
80 7.808974257880431
79 7.809089796733229
75 8.369142420698854
95 9.547756570510774
74 9.808027451243786
63 10.18077395902988
67 10.436148938933334
57 10.859838328675533
70 11.152056071737643
48 11.402805859082628
69 11.58351705291893
44 11.743948552967792
41 12.023292057901338
77 12.500110377756142
81 13.574115177743597
59 13.609769024647612
50 13.692737185438586
58 13.914905427581084
49 14.072724795674548
66 14.144208121999998
61 14.889162085930872
53 14.926188609223018
51 15.63109892091799
54 16.186901192192064
55 16.47266532958673
52 17.241313071489103
78 17.649663343663818
39 17.758642695386232
64 18.318799343365487
34 18.717563318147487
47 19.267938665347334
60 20.23743035713707
28 20.519402032389493
98 22.71588326311827
56 23.17557437309712
46 24.933078551262465
37 25.051471515553594
32 25.095228985939386
31 25.970856899445568
29 26.78167999791667
40 26.826046931736972
30 27.391406231870924
38 27.42143333014277
35 29.039446173769836
43 29.051207508470466
36 29.285847417205808
42 29.742672091268172
26 33.80793115971363
27 35.29464543224531
25 35.950100786426965
16 36.0445614169356
17 36.59717690928884
24 36.82414171313667
7 38.09167637212578
33 42.02844678697765
21 42.983044823719645
23 44.07064234191799
13 46.55107792794323
22 47.28014537670727
20 48.84811156030333
19 52.091809850235904
6 55.84354005682482
8 58.13062628895955
18 59.152694235344185
12 60.5773400985547
14 65.39574876185091
5 67.10187399720806
10 70.62869234338687
11 75.35032442482945
15 75.35335036026365
9 82.16871465122978
4 82.45573810693246
2 90.96370954829324
3 103.74919318058501
1 118.00898989164118
0 231.5271866876345
