0 -4.866062382921685e+16
90 -1.6833242468036066e+16
87 -1.6388415140549716e+16
97 -1.633966301796375e+16
92 -1.5137269221019162e+16
96 -1.510000658782666e+16
94 -1.398431421403702e+16
100 -1.3326550451067774e+16
91 -1.3130799626054852e+16
85 -1.2710331092905682e+16
1 -1.2637988272814528e+16
62 -1.1112968952430312e+16
99 -1.0815002803370954e+16
89 -1.0735923796057468e+16
65 -9932268040134146.0
72 -9857056314268094.0
71 -9811686094395062.0
93 -9575560352115446.0
88 -9317830821779776.0
3 -9120965354659356.0
73 -8988969654751724.0
82 -8890952210747622.0
45 -8882306261335894.0
80 -8775741961667302.0
86 -8063295964756575.0
75 -8050133422965344.0
84 -7981078587977565.0
76 -7813369481959995.0
79 -7555813489851127.0
83 -7467503630034468.0
74 -7312077587882308.0
68 -7151522411002540.0
63 -6735443271148335.0
57 -6621038822532580.0
2 -6386184561337018.0
48 -5974880927837708.0
41 -5787191512395375.0
95 -5726264785473001.0
69 -5721724678142472.0
44 -5328515453715348.0
9 -5149816154429922.0
70 -5099437768265920.0
67 -4841882508404026.0
4 -4695050544548998.0
15 -4245280789836305.0
54 -4192246517275920.5
59 -3881355185117523.5
50 -3769982923284781.5
77 -3768025182433706.5
53 -3552096880296085.5
58 -3445346118246376.5
66 -3363965383596894.0
81 -3343569573219603.0
11 -3306720471653906.0
51 -3270132013965025.5
49 -3138567278406603.5
61 -2985865748577820.5
78 -2889540806892145.5
55 -2872196427427096.0
10 -2803298174008860.5
52 -2658560891155336.0
5 -2251030536998830.8
39 -2208765160000341.0
64 -2058492325404546.5
34 -2042028291295252.5
14 -1912393513950882.2
47 -1717385124947916.5
60 -1648906677755871.2
28 -1602739044631946.5
37 -1585100422113951.0
12 -1532897234808926.8
29 -1279363056675269.5
30 -1243828363754296.5
18 -1243457183161273.0
8 -1228348552479218.0
56 -1193970145019290.8
6 -1076263114110834.1
98 -961153472918165.5
46 -945745198415559.1
32 -886955304991572.2
40 -848567032333109.0
22 -813255741916920.5
31 -770042402928550.5
38 -757578060529043.1
19 -653014069045775.6
35 -637205515340072.4
43 -570227038076609.5
36 -540195090378650.9
33 -535927080835002.44
20 -507301640650764.56
25 -473607235761426.8
42 -454765447533355.1
16 -450325597640136.8
17 -420187645468690.0
24 -416400232900863.9
13 -407545245538156.5
26 -406973244161412.1
27 -369279475232896.8
7 -352131739326493.9
23 -350529287951485.8
21 -340933846106158.0
