5 0.13024688804800305
14 0.15264628559290983
12 0.18754468810887612
10 0.2089996080764452
8 0.31173494311415695
18 0.32485965186673327
11 0.3796758560467511
6 0.40848161163092006
19 0.9178162568088581
4 0.9322945585157232
15 0.9952728265157681
22 1.0323493666849068
20 1.2590421205719549
9 1.3893387182265893
13 1.6462444844840918
33 1.6563108378268212
2 1.9271289064640094
23 2.1001559882761107
21 2.279495951557753
7 3.018025997747826
27 3.287417179999478
26 3.6380068684823192
24 3.664226028403658
17 3.707955909974419
16 3.9157116371803404
3 3.9242580021122127
25 4.040399015725236
42 4.449575282093193
36 4.799005927774464
43 4.885482693730909
35 5.078693795471085
38 5.669823305286933
40 5.911348587110423
31 5.943532721560383
32 6.3605809984518045
46 6.468185924397173
1 6.625959054471825
98 7.110371349204921
30 7.217592562024592
29 7.259341400188423
56 7.291984149642404
37 8.296405300239638
28 8.70142995941592
60 8.874113394812973
47 9.160979003998973
34 9.877532519825436
64 10.247073183860891
39 10.487296224579046
78 11.332586754580516
52 11.346910684086785
55 11.849319372461506
51 12.56236826913573
61 12.672917863339942
49 12.82691319311926
66 13.103881079794066
58 13.485014543164398
81 13.511956387337017
53 13.727764936281066
50 14.045562344562255
59 14.13673046122226
77 14.38489503947661
54 14.819967088657922
67 16.612215283673823
70 16.798515287401596
44 17.38790509757712
69 18.478036619440257
41 18.483185816273874
48 18.609746188539063
95 18.84247810048513
57 20.183802636732327
63 20.54381693407056
74 21.585654990204798
68 21.95675920893117
79 22.213674324567513
83 22.59154300005431
76 22.753471276792006
86 23.19162848283201
75 23.22223960373995
84 23.256841426188135
73 24.51329957821083
80 24.5665132778711
45 24.908437324070086
82 25.129374659644863
88 25.647774821015588
93 26.485465538161904
71 26.883799105118705
65 27.098685972782437
72 27.109056954606945
89 28.63784643286769
99 29.018796774103723
62 29.311629103789045
91 32.399227653525095
85 32.44163907166046
100 33.51973328667309
94 34.77657288803661
96 36.989758724695974
92 36.993043025415574
87 39.30401795053587
90 39.90840272134951
97 40.01494669411354
0 43.41480952040991
