7 0.13764042561395057
21 0.15093537762994624
23 0.165185308622162
27 0.17874879002164348
24 0.19609907743412608
17 0.19697430205805672
13 0.2054969992427133
33 0.21001615053384404
16 0.21736719148628808
26 0.2288230936519469
25 0.23336495142515634
20 0.26187419883050156
22 0.29807171713295333
19 0.3853440331181098
36 0.48051496441072805
42 0.48205956553087365
35 0.48565146456844327
43 0.4893974804165825
6 0.5674818549369798
38 0.606068360342183
40 0.6581394994610703
8 0.7055265210029361
30 0.7466691226207823
31 0.7515665881821395
18 0.7700870046142266
29 0.7748168917857473
32 0.8444195267036141
46 0.8515924911766333
12 0.8705926887557559
37 0.9838517529654682
56 1.0632506108810762
98 1.152162405157288
14 1.2290555333628481
5 1.382992157577518
28 1.4314841607185513
60 1.467747077935307
47 1.6560180063830165
10 1.7127284739823918
34 1.746062455887634
64 1.8147394084721737
39 1.9286427701053859
78 1.9901990431984924
52 2.0451647276789595
11 2.162676576278883
55 2.2241824813427353
15 2.3562057490447206
51 2.4223402378345114
61 2.582993635380831
54 2.6254581195650117
53 2.649129167403224
66 2.7891442991546596
49 2.840389190855825
58 2.848915842770839
50 2.9289221760059103
81 2.949368484357283
59 2.9520680042834613
4 2.9762919680558757
9 3.0605054537425334
77 3.280808822325978
44 3.6836661053449404
70 3.768030308906112
41 3.786353425023826
69 3.8632259455224123
48 3.919977513540915
67 4.020338484409236
2 4.055126471929035
57 4.275770916033266
95 4.395855556575906
63 4.464862502359902
74 4.7196934679585185
75 5.320307762488596
79 5.329036502278425
68 5.643919778418958
80 5.697559058696537
76 5.699247478807183
86 5.781829410089026
3 5.874202598823936
45 5.91760392749418
83 5.992112222454246
88 6.067650571420663
84 6.235893012675348
73 6.384099085823064
82 6.6795340932391065
65 6.978961572721951
62 7.410667946999164
93 7.512399198926963
71 7.68487553562489
72 7.731243885209055
89 7.823889742041898
1 8.12858729712211
99 8.556432333194868
85 8.657200617252526
91 8.817034474986004
94 9.337673069975281
92 10.19398518266326
100 10.194727858561956
87 11.097109146539786
96 11.448882852296505
90 11.46671162894667
97 12.508032174246408
0 31.625481608473706
