1 0.118708026788444
3 0.26460464073923223
2 0.5696092739242202
9 0.7739337317596365
4 0.9157738384299156
15 1.0018527276590117
11 1.3460122676573543
10 1.5210325113448102
5 1.7844677015040826
14 2.007868199024338
12 2.2206533923186127
8 2.4924131523739357
18 2.510976259059819
6 2.6183236568749217
22 2.863811390560513
19 3.248143175743505
33 3.3509639549470807
20 3.5471286688527925
0 3.6140481679225127
13 3.8698650182316596
23 4.203049782880181
21 4.31627051631301
27 4.664448061993297
7 4.697046046823749
26 4.840183852684641
42 5.049364270834208
24 5.163102207518731
17 5.172239496614938
16 5.298391513338722
36 5.351483105679374
25 5.396542440726926
43 5.4121295180754645
35 5.5749909653800325
38 5.8982480692768435
31 5.909157906061553
40 5.974828532884918
32 6.079123588020937
46 6.159280287353874
98 6.342361741304969
56 6.5219555880365485
29 6.987227270277577
30 7.0169354466749505
28 7.179499067683532
60 7.275034493776095
47 7.29194356873136
37 7.509006453707119
34 7.711676467453623
64 7.9838181135676685
39 7.999466657063104
78 8.44730531922481
52 8.457064302247066
55 8.626576247039248
49 8.752628250258836
51 8.904354444426225
61 8.925331737572522
66 8.99910902485351
81 9.139199320440667
58 9.190286485301238
77 9.439089519212676
50 9.498712689364792
59 9.504893733490157
53 9.59709725313634
67 10.30518492410958
54 10.394063742176007
70 10.57183257232443
44 11.086960378716025
95 11.482430037814874
69 11.674666822768323
48 11.682623095799514
41 11.750276206166756
57 12.440911328434126
68 12.491361376198324
63 12.503442163871869
83 12.615537719136062
79 12.839745988913313
84 12.842804622458065
76 12.911187307705056
74 12.99026493542581
86 13.147862897606478
73 13.440928725080045
75 13.515262555341092
82 13.672389063979141
93 13.928949227618089
71 14.030059773253809
80 14.083049745033282
45 14.101898340050687
72 14.16776685075146
88 14.474724822798185
65 14.635462978076117
99 14.783320391910259
89 14.961212278118076
62 15.693242556332851
100 16.32805066832522
91 16.451792782030555
85 16.684343787369453
96 17.53034298365423
94 17.587825882570286
92 18.309165866971693
97 18.63964620438161
87 19.054050549041346
90 19.153675165679186
