20 0.17294280863179784
13 0.1935417581016977
19 0.22076047265327353
23 0.28482733140844846
21 0.3446993382936562
6 0.5065748852026871
8 0.6445350746937505
18 0.6839646236845365
7 0.7772394246873213
22 0.8275832796266372
12 0.9262546259932422
24 0.9703480916063166
17 0.9989804094179974
33 1.03148701081514
16 1.091979155596436
25 1.1261267752017554
27 1.2625821679319686
14 1.3959838416228731
26 1.5264312757310963
5 1.724991865014905
10 2.336794329447006
35 2.588135930767424
36 2.615096850928407
43 2.639175355186459
42 2.6718615087931927
38 3.0033871387137947
11 3.071364427243301
30 3.1760367117380084
40 3.20874318940314
29 3.3234117169403077
31 3.579626371225968
32 3.917472983528398
46 3.9175965466275255
37 3.994596862054822
15 4.063897476368004
56 4.620592636070144
4 4.726796938309467
98 4.954823239586
9 5.283532771864354
28 5.7581437599827625
60 5.862864008002973
47 6.488236490384242
34 6.714999440711142
64 6.85493538111401
2 6.964478823988348
39 7.244149005437431
78 7.381197989885363
52 7.536667160427911
55 8.093356612570997
51 8.673990882181306
54 9.041284680771527
61 9.156587478570724
53 9.247996456449716
66 9.773216731608153
58 9.953410219653717
49 9.975482750192906
50 10.156396399261943
59 10.221331146153634
81 10.27029964615167
3 10.788868003055924
77 11.22450696747008
44 12.2236932761896
41 12.45114413858508
70 12.547842326178857
69 12.68778980016868
48 12.858115575868315
67 13.301263172648934
57 13.842767340992452
95 14.262135267887336
63 14.391097424559222
74 15.103984239939614
1 15.579915661942072
75 16.800198734768863
79 16.857559456365255
68 17.775748760795857
80 17.854208201051325
76 17.910191099568248
86 18.12645518176768
45 18.470419708485544
83 18.742421528187297
88 18.887591682291525
84 19.415417905650354
73 19.801731700698184
82 20.613766389087647
65 21.41598778178753
62 22.59707689806915
93 22.886594422737563
71 23.352027560221853
72 23.478217145593515
89 23.733972841712944
99 25.6819803946309
85 25.99658702256597
91 26.44014297867106
94 27.85444436771348
100 30.07836757588019
92 30.167679178872604
87 32.59524175440726
96 33.43001235437712
90 33.58058554202808
97 36.23923526337562
0 68.94024415532257
