95 0.13001487371345116
79 0.22277073767655123
68 0.24946961177834762
76 0.2621619599104624
70 0.2776103151303886
86 0.2893967467880066
67 0.334770272405851
63 0.3525202193794979
44 0.36018376700682314
83 0.38140746342690923
75 0.390004015463361
48 0.40443957682872494
74 0.41636680787797636
69 0.41871999141363975
57 0.451365935393773
84 0.4748327840951819
45 0.49079458644316193
80 0.5109314611249809
73 0.5231399341825221
41 0.5248444082792685
82 0.5975506123117875
88 0.5997928430067773
77 0.6029670238242869
50 0.6924685318755617
59 0.697923983864397
81 0.7636477556072441
65 0.7706419305081758
58 0.7885250062677659
66 0.9169052988859556
53 0.9303163703729105
61 0.9949075436685105
49 1.0221621051122065
93 1.1021532110432728
62 1.1058929434890548
51 1.1583702402291751
89 1.196336074488947
72 1.2138595494687399
71 1.2227494333402442
54 1.3655609104470183
55 1.3705331386936181
52 1.5940179363564981
78 1.70505360418267
99 1.794803682020739
85 1.8140102423278583
39 1.8194251896676072
91 1.9130422081956793
64 1.9650464486403927
34 2.1385902791983273
94 2.3587756555275017
47 2.4680941095483915
60 2.6919041056944826
28 2.8029588197061592
92 3.027419007542731
100 3.058121230795319
87 3.807629699896947
56 3.853583250408348
98 3.857360752462298
90 4.1284494917755925
96 4.164601122015595
37 4.34734430578416
46 4.5896013479301825
32 4.678987339161547
31 5.067181213415757
29 5.073325712761862
97 5.180401845966188
40 5.32065134130649
30 5.344750637593779
38 5.575406237278565
35 6.323952053703117
43 6.432834192058938
36 6.550022283502105
42 6.974357984632954
26 8.64080151757902
27 9.378583733974368
25 9.474124833243918
16 9.527248410387799
17 9.828363705684028
24 9.957161750440747
7 10.688886302881999
21 13.294413884183262
33 13.528418765457479
23 13.912442611344842
13 15.355138036811256
22 16.494404757173506
20 16.718738780690206
19 18.6402636508489
6 21.106164222587797
8 22.5144880109892
18 23.092185301181043
12 24.10978824023095
14 27.128944420754387
5 28.35209304951349
10 30.76626654368314
11 33.85397632154567
15 34.63387068371158
4 38.90504623446879
9 39.167013366779955
2 45.02585088259777
3 54.45021544043247
1 65.18760046150072
0 157.79216112288586
