97 2.427166169382192
96 3.0724993956234754
90 3.1278533780804483
87 3.4370538551047276
100 3.9845577742229015
92 4.175533855506893
94 4.986422789791268
91 5.318759398201837
99 5.465896956461607
85 5.575467677415039
89 6.269364508160857
72 6.339433204307109
71 6.419964629597288
93 6.6135343402839615
62 7.159936443726718
65 7.469994383160376
82 7.724748898429367
73 8.184003628342065
84 8.337461175385258
83 8.70469027870624
86 9.179426034806204
88 9.257216634956785
76 9.291927926090414
68 9.30839984455385
45 9.364318579703193
80 9.903938871735452
79 10.044226666212511
75 10.47504245659592
95 11.743943953837036
74 11.809453882679094
63 12.195643362138343
67 12.5697909222406
57 12.790366237752972
70 13.218171829172519
48 13.349740680162258
69 13.518338406377778
44 13.714346862848037
41 13.887607355074232
77 14.468579919996815
81 15.442218892079548
59 15.462657673466122
50 15.540370969334656
58 15.748888870696554
49 15.88445182689891
66 15.966290470923285
53 16.632463776428402
61 16.63298621372132
51 17.265107677117065
54 17.614468609642703
55 18.013421174524378
52 18.6995550841419
78 19.03232568147747
39 19.169955498950184
64 19.672154314255835
34 19.999151484287914
47 20.490336027475028
60 21.33684164619813
28 21.574765808882766
98 23.47935587304964
56 23.856884625109927
37 25.370402342977727
46 25.37062869348645
32 25.49899823174683
31 26.263688339087878
29 26.84953649219009
40 26.971341320333774
30 27.35808609140179
38 27.484642965988368
35 28.83653057147568
43 28.864276917602343
36 29.052678010169714
42 29.450884198531096
26 32.82840329768333
27 34.059469218002945
25 34.54897485296836
16 34.628726159947696
17 35.09529582033857
24 35.292242513173306
7 36.360167089777114
33 39.66642182943699
21 40.36849410550752
23 41.26542363245439
13 43.304077023703066
22 43.95381344166549
20 45.180849989733815
19 47.81362486115445
6 50.8747729042157
8 52.73123678970072
18 53.5484152009698
12 54.69686262278838
14 58.569877321299046
5 59.946608406630794
10 62.77786151851673
15 66.53132263882307
11 66.54202911002596
9 71.9454267134812
4 72.19294965621461
2 78.9141037186836
3 88.98857666060793
1 100.17248344214983
0 187.6345544798833
