2 0.08487225568407292
3 0.08508523233935017
4 0.123183957203312
1 0.14740236548334296
9 0.1483575443789809
11 0.18760250963059932
15 0.2138614490575139
10 0.24545047734358846
5 0.3002160941249598
14 0.3333592020942398
12 0.4212912957957023
18 0.45972171117769134
8 0.4769020684078273
6 0.5296226246542232
19 0.6486297331759163
20 0.7444914571171158
22 0.7544972251694414
13 0.8264304072310255
23 0.9206893786039818
33 0.9309577599911818
21 0.9616498109301727
7 1.144809339333646
24 1.22896224540616
17 1.2398467497850623
27 1.2464984660497684
16 1.271948976430578
25 1.2835997679792734
26 1.316858120002965
42 1.5063132128080925
36 1.5572189938923167
43 1.5656312899990723
35 1.5838733295963294
38 1.6818044888862123
40 1.7174615171870038
31 1.760546498956906
30 1.796493758434427
29 1.824395289755064
32 1.8293058974020746
46 1.8342606283927934
37 1.9630850902868997
56 1.968848961023206
98 1.9888027825976085
28 2.1906914505644597
60 2.2148569689397464
47 2.2810863613484553
0 2.332305223303811
34 2.3644751011784386
64 2.4088417862234546
39 2.4572585020159896
78 2.511878028640563
52 2.5332801893064674
55 2.6205677147569237
51 2.705751807470624
61 2.773011874254779
49 2.8212237038590584
66 2.824470509399147
53 2.8334084837873172
54 2.840750280945751
58 2.8841445943930037
81 2.9174103593025715
50 2.936265288872487
59 2.937339799865573
77 3.0395656412931666
44 3.2939279191440693
70 3.294568243525719
67 3.3350900181186978
41 3.3505131270130586
69 3.377995903911115
48 3.3975034513037152
95 3.5522635259276596
57 3.553514305038105
63 3.6253428474750895
74 3.729191963100407
79 3.9313985354221064
75 3.959060794923139
68 4.015318041387112
76 4.051300697028381
86 4.0857640589470225
80 4.104900370202998
83 4.121017587779661
45 4.180785656772048
84 4.197557705025397
88 4.2415136324228335
73 4.275588922513769
82 4.392721249315156
65 4.542223848928503
93 4.628118990634593
71 4.681408488890096
72 4.708263752817389
62 4.719274986291263
89 4.808110828686577
99 4.960499258130972
85 5.137214097437198
91 5.1756363823847815
94 5.378861173406226
100 5.504609658272834
92 5.65705497494571
96 5.924012830217522
87 5.944924783071971
90 6.052413773500963
97 6.283571676741721
