19 0.02412580192412413
20 0.02804581457414733
13 0.032486915030999736
18 0.03285130944384326
6 0.03529613230930218
8 0.03529763174430928
23 0.0410461111554954
21 0.0458335820088749
12 0.04628838658477154
14 0.05398470258315178
5 0.06948584040442606
7 0.07271395554842662
22 0.07523394460973883
24 0.08347177072331591
17 0.08568601098537851
33 0.08744807057977842
16 0.09109553106538544
10 0.09245951817195862
25 0.09292698222155209
27 0.09834998231762473
26 0.11078190059333759
11 0.11206437474960208
36 0.1596994096973486
35 0.1597564223340135
43 0.16047014845324795
42 0.1618417219127049
38 0.17757167925853298
4 0.1798247898928088
40 0.1883164597095856
15 0.193379355361278
30 0.19916465463591457
31 0.20056271645604312
29 0.20494646786030338
46 0.2173901156366103
32 0.21755800134003123
9 0.2306111741928361
37 0.2390176639417367
56 0.24854125408694747
98 0.25792657580650247
2 0.271585452926216
28 0.29838798754620866
60 0.3037238545268739
47 0.3259969136398717
34 0.3412340674368121
64 0.34651025796728707
39 0.36290745146551645
78 0.3831542509443691
52 0.3850771072960049
55 0.4078927001666622
3 0.42521080477471357
51 0.43578472280009717
61 0.44694694269365176
53 0.46633987787188613
66 0.4708198343982759
49 0.4736091773403347
58 0.48290553119444585
54 0.48678888226514105
81 0.4917765009143277
50 0.4975752633445617
59 0.5016595836254286
77 0.5306293040525101
70 0.607756343811827
44 0.6118786106782664
1 0.6138218476986286
67 0.6203866820604969
41 0.6411281393850513
69 0.6452711708425697
48 0.654603006881169
95 0.6841554310996183
57 0.7096247424814831
63 0.7287112437241406
74 0.7685870820928452
79 0.8171933848974984
68 0.8282082739859141
75 0.8412032510482158
76 0.8496636268399951
83 0.8635443074573735
86 0.86449017645314
84 0.8926183394082589
80 0.8955194837010336
45 0.914853733028877
73 0.9310278077354533
88 0.9424102539838264
82 0.9589653661025187
65 1.0245150963071639
93 1.0370682836425822
71 1.055896853759505
72 1.0635317496676275
62 1.1046828681306744
89 1.1066134243746966
99 1.1509493277626275
85 1.246904540670784
91 1.2584304513619633
94 1.3440381908136365
100 1.3465347513891028
92 1.4442749148953669
96 1.4971464551835652
87 1.5491715639228425
90 1.5834896443248625
97 1.6255592136630534
0 2.8489146983716283
