0 -1.3337039794118346e+16
1 -8116301397403657.0
3 -7384426548427667.0
2 -6763151351367499.0
4 -6344607449100097.0
9 -6182820709942354.0
11 -5995592455957077.0
15 -5765101304076168.0
10 -5715226945106961.0
5 -5539928969731599.0
14 -5470425687134809.0
12 -5173165689053259.0
18 -5128166955535964.0
8 -5050764610574019.0
6 -4914405737717372.0
19 -4745014159224215.0
20 -4553675566051557.0
13 -4424779043355774.5
23 -4284302024648657.5
21 -4219128003021778.0
22 -4197245865679351.5
7 -3887298274081101.5
33 -3848292223786779.0
24 -3839105646991744.5
17 -3832227627166158.0
16 -3803678743610130.5
25 -3799578113431921.0
27 -3609762178924907.5
26 -3498689701154538.5
30 -3263829612914581.5
29 -3207549329849987.0
35 -3183753647338448.5
36 -3152139963705909.5
43 -3139046018319286.0
37 -3107725713847459.5
42 -3090927946109045.0
38 -3087051991007317.5
40 -3033527777895478.0
31 -2916269152328203.0
32 -2856199869340692.5
46 -2854946236742612.0
56 -2729209361563076.0
98 -2631053389395725.5
28 -2577540002360742.5
60 -2569354816777264.0
54 -2507692874492414.0
64 -2475854920500792.0
34 -2459136903888346.5
78 -2457690050034393.5
52 -2428036098222518.0
47 -2425548554033081.0
39 -2399977402560621.0
55 -2356063362606968.5
53 -2312419061020701.5
51 -2291340639030095.5
61 -2212378701732963.2
41 -2180335257296438.8
50 -2140940155208799.8
59 -2130234650043902.0
69 -2129685539816351.2
58 -2121057737927867.5
48 -2109811439215987.2
44 -2099438037235348.8
57 -2093465138443122.0
66 -2092963587849343.5
81 -2063915239399574.0
49 -2027429460334666.8
63 -2027169355354418.5
74 -2001156228759733.5
70 -1961769295311493.8
77 -1953537196483343.2
75 -1873699534699398.5
95 -1865244364234094.0
80 -1826679696644360.0
67 -1788929197275265.0
45 -1762944403974315.5
88 -1762188977832400.0
79 -1760526855768998.8
86 -1643253885127872.5
76 -1640565145212036.2
68 -1597285083257493.2
62 -1547136209512833.5
65 -1525491635304064.2
83 -1508203012535861.0
73 -1507009221185894.2
82 -1461833006039258.0
84 -1458995526242124.0
85 -1360431041610047.8
89 -1345772488553837.2
94 -1317300031377563.5
91 -1307316901297267.0
93 -1267953308050347.8
72 -1245803851212743.8
71 -1242963857090879.5
92 -1216131935016770.5
99 -1128505758310366.0
87 -1118790410030225.6
90 -1061812882990608.0
100 -978973476741852.0
96 -890015581652391.8
97 -834025226406085.5
