35 0.13845085565085005
43 0.1406604291552313
36 0.14164087453474267
26 0.14226703651785194
42 0.16621897239170322
27 0.169624411603772
38 0.17475064950493194
40 0.18459070703848712
31 0.21810821208934017
32 0.2493356768768423
46 0.25232553301599076
16 0.2808610048833354
17 0.28600889899490006
7 0.28699204891560537
25 0.2977346207745493
24 0.2994925989554329
56 0.3473174848327212
29 0.365173398027186
30 0.38750115237755056
98 0.39389677003809476
37 0.49820823539762327
21 0.5341074902322075
28 0.5508442957198597
33 0.5635977128705997
60 0.5736440910135873
23 0.5984345456112136
47 0.664386935687349
34 0.7459230720055965
13 0.7463963474924487
64 0.8221391806681088
39 0.8706378291261027
22 0.8968653708656807
20 0.8987734370640242
78 0.9473972038542088
52 0.9796713157931355
55 1.094636614097478
19 1.156461130724915
51 1.2257029411341438
61 1.3271436364059175
49 1.4281156912212478
66 1.4288319023055769
53 1.477753649657326
6 1.4951626902310533
58 1.4968907805134724
81 1.5496502693667207
50 1.5889528157158197
59 1.59443409209993
54 1.6545233310805134
8 1.7270128439180181
77 1.767598786935636
18 1.8295336190007416
12 1.9889962484122543
70 2.2306747290010978
44 2.297524997266532
67 2.3209694810897252
41 2.5119116405472837
14 2.5301780878116173
69 2.5307845672976605
48 2.55153827743889
5 2.756414493881335
95 2.768943178248816
57 2.931356376593653
63 3.044509434571442
10 3.228230442578154
74 3.3005887327957604
79 3.5962974862826385
68 3.7234306884579107
75 3.7612103195982796
76 3.833737148592477
11 3.840113955946845
86 3.9306592645853966
83 3.9531421321171387
80 4.1155621333865575
15 4.139969817355237
84 4.140489908104527
45 4.24691651592862
73 4.349399925233699
88 4.4257566715704595
82 4.606141134752604
4 4.925963535472488
65 5.012944697137982
9 5.07082921877098
93 5.172503781284039
71 5.304129035014396
72 5.367567580147913
62 5.535413360001814
89 5.621522134981274
99 6.024901461891332
2 6.315659864787803
85 6.563379588132404
91 6.602557477832962
94 7.22746968658268
100 7.4574934944540825
92 7.96664687825475
3 8.584609396943028
96 8.599512632572054
87 8.752146211809448
90 9.024485315837836
97 9.61014021130477
1 11.313523848046376
0 38.26255785987875
