97 0.6270166433231977
96 0.8093506164074257
90 1.0692909037720442
100 1.1380635102393142
87 1.2178203910872352
92 1.4986253074357392
99 1.7535166901699386
94 1.823761487215247
91 1.8449387335068204
85 2.009651877132346
72 2.1536968213093206
89 2.179225367837559
71 2.1817135930646065
93 2.2730291569014374
62 2.7176180926044777
65 2.7605513092681466
82 2.815228533608733
73 3.0172519766827914
84 3.0785711147906554
83 3.2609174670126526
86 3.5122338735380945
76 3.554818389435814
68 3.558789653643289
88 3.6771543615943494
45 3.68971929517512
79 3.930004652499364
80 3.972376274282037
75 4.2109872376442725
95 4.7362570043487295
74 4.860797333066137
63 5.016778917091285
67 5.157010248045625
57 5.321129291397006
70 5.457762949899046
48 5.5525935410220715
69 5.643383022685845
44 5.714409967890776
41 5.839314230185006
77 6.13352063114946
59 6.595076118473291
81 6.632460829174049
50 6.640383251882603
58 6.766123153108557
66 6.8841129835136465
49 6.884717599296533
53 7.182624280770021
61 7.224699441859105
51 7.51411969181363
54 7.697313492376259
55 7.909898473593167
52 8.256611668715603
78 8.413846890634106
39 8.548186649832651
64 8.796306429248824
34 8.983139546385724
47 9.299835179542468
60 9.69648660139737
28 9.82971783409673
98 10.949318322217158
56 11.053598529058
37 11.671640055959578
46 11.861698595718444
32 11.948808844135897
31 12.36029649669859
29 12.453107226761503
40 12.66578276802663
30 12.714823774822806
38 12.935204220485335
35 13.668589409932242
43 13.73584735225413
36 13.847659178314169
42 14.15932138753342
26 15.80825697705153
27 16.459243561634597
25 16.54851013705996
16 16.59993464903319
17 16.857551189506907
24 16.962918293694614
7 17.58756639154483
21 19.704369439637016
33 19.78290645406687
23 20.18857562981254
13 21.307099229887125
22 22.107056437521294
20 22.347726087059897
19 23.78028458114882
6 25.56903104358689
8 26.567213077426103
18 26.976249274913314
12 27.694715112738663
14 29.77555724545331
5 30.604792525000477
10 32.22209210273975
11 34.264522607778794
15 34.75892905748702
4 37.53532703304403
9 37.70579519471158
2 41.41287209444192
3 47.21230044397873
1 53.628688879993746
0 105.12100049867158
