75 0.18247589820229645
80 0.1836687715650135
88 0.2205115858466467
45 0.22385014775770742
74 0.22856743872780766
63 0.27088140922764625
79 0.3138098927739208
57 0.319296419061119
48 0.4210906441320802
86 0.4333599053656142
69 0.4473801149867194
76 0.47531258688906197
41 0.48264770371060767
95 0.49817777213419
44 0.5469643251505769
62 0.5611224287457942
65 0.6002716427329998
73 0.670600660616965
68 0.67528005225867
70 0.6934935326394959
82 0.8187353903828669
83 0.8679440409651157
84 0.9232121836308863
67 0.9807148917546086
59 1.1339643838221696
50 1.139481696500211
89 1.1408996036574246
85 1.1452654963485092
53 1.2205097501168316
77 1.2401115759520571
58 1.3028755935996543
91 1.3040472358302482
54 1.310702290053339
81 1.3520188232270176
94 1.3999299903292735
66 1.4499562934740944
93 1.4754711405728895
61 1.4813397108998976
51 1.524989104277713
72 1.5592284138526138
71 1.587312458232937
49 1.650786260253691
55 1.7350076462561657
52 1.9084642469016242
92 1.9210234138863396
78 1.9682481007064208
99 2.103919427093974
39 2.2050896739273567
64 2.2980302023863586
34 2.479618882388709
87 2.536053325823655
47 2.8371395061247378
90 2.8766845182472416
60 2.9586611425468305
100 3.027380831948124
28 3.0625792642415277
96 3.841640001722828
56 3.964784840132925
98 4.027732439275797
37 4.161813602931762
46 4.582653229157739
97 4.599186939770362
32 4.666806938617414
29 4.834324399674234
31 4.990237172464299
30 5.052651009750595
40 5.177228142486223
38 5.386350502301821
35 6.03238044132053
43 6.1357095205696295
36 6.237459665414999
42 6.611651762179469
26 8.010731304087944
27 8.643063173239614
25 8.702666606664218
16 8.756865257500921
17 9.01883464070962
24 9.123727183382556
7 9.76906019758187
21 12.035598841257034
33 12.073582837922993
23 12.568901365072797
13 13.815267206374777
22 14.592257765380086
20 14.99331864942542
19 16.66116868505173
6 18.728604527633987
8 19.944046334274816
18 20.467380435715373
12 21.29468555659828
14 23.925961717629598
5 24.92540077670041
10 26.95551006661672
11 29.643053348833583
15 29.906953538427416
9 33.848416854607315
4 33.869285882206675
2 39.014431809416806
3 46.92390140297104
1 55.96362078269144
0 133.09133904803798
