19 0.1260017489234618
20 0.12792271617160914
13 0.19826103157198494
6 0.21325862858189443
8 0.30759756073805894
23 0.3191326599595757
18 0.3511667480883616
22 0.35657984575761104
21 0.3763785121217387
12 0.46956047715731136
33 0.5082997904420865
7 0.6968463693902635
14 0.8028041792754468
27 0.9422323942055348
24 0.952891016238389
17 0.9753779045737635
5 1.0060144284046733
16 1.0701793574335727
25 1.121421968785344
26 1.1388029992849709
10 1.4224324280945975
42 1.8245711998525185
36 1.899884945824794
43 1.9331879875565143
11 1.9446093045154909
35 1.9708803826901162
38 2.3142455127023953
40 2.4705137662411514
31 2.6287980393946007
15 2.6576429448120167
30 2.883297682415781
32 2.8948577232604236
46 2.926909083061263
29 2.955093499855745
4 3.109208156932263
56 3.4714026715402944
9 3.538769145881134
98 3.550788665429473
37 3.5555595840401515
28 4.391265639117481
60 4.489060195984986
2 4.72554832430326
47 4.836552355310412
34 5.169664826062406
64 5.351831289517484
39 5.590463377804616
78 5.93118587030071
52 5.999980214262541
55 6.401594105194719
51 6.880318950822999
61 7.120913440999264
49 7.502677532751829
66 7.512218291532428
53 7.5160403768624455
3 7.536375629100643
58 7.725147062858611
54 7.801251228898183
81 7.86708186026861
50 8.002983177885373
59 8.059578366880999
77 8.557960207856906
70 9.952782145672781
44 10.022692060712847
67 10.192263958264524
41 10.48896313386201
69 10.586713677688596
48 10.711184550447415
1 11.068945109310707
95 11.381300550119537
57 11.665105799039516
63 12.022939679671452
74 12.681592599496753
79 13.659983112587781
68 13.966107851991069
75 13.978800916103205
76 14.297777489045567
86 14.536712019972624
83 14.596955070648898
80 14.893170696676608
84 15.108879171059714
45 15.282451708052804
88 15.71130188719212
73 15.716130178685027
82 16.28970230649049
65 17.327099302211497
93 17.72953088535963
71 18.07177305923414
72 18.20339857460588
62 18.595870253727472
89 18.8714365226498
99 19.819854308139295
85 21.17128716726837
91 21.368949567921504
94 22.797511044455447
100 23.316156870782493
92 24.58588920457491
96 26.01659529375059
87 26.4628465525969
90 27.118288252228485
97 28.331026406311015
0 51.34343680470585
