7 0.13560432295862213
21 0.14721971933858335
23 0.167906518735645
13 0.2302318985148379
27 0.23448566090158468
24 0.25146256241008275
17 0.25261441077658237
16 0.29452036106151125
26 0.31278820888238634
20 0.3278492778095091
25 0.3314663523325293
19 0.5306284224270486
33 0.5349286406636364
35 0.7079496741509017
36 0.7083731975426886
43 0.7165673435072315
22 0.7441073880336192
42 0.7565108296026789
38 0.8901221796167109
6 0.9258686401248432
40 0.9863666805398613
31 1.1116135178291608
8 1.1419199035244718
18 1.2164879868133796
32 1.276110517899753
46 1.283054183584383
30 1.3084145224103498
29 1.3250809161118153
12 1.4720101307918931
56 1.6237684634669218
98 1.725799837855072
37 1.7431295225968593
14 2.0303194995766853
28 2.215251433829002
60 2.2787128252370157
5 2.3671708983418718
47 2.5419823553475447
34 2.7458519678465647
64 2.873319437131696
10 2.9936261727106572
39 3.0404517508981956
78 3.295926289563823
52 3.340422943740548
55 3.627169417856392
11 3.7130217764442244
51 3.984175327700779
61 4.152191444686744
66 4.451087431749037
49 4.455930140686831
53 4.504839702383385
58 4.600678937955784
81 4.704982079832532
15 4.735754327714741
50 4.818651561753306
59 4.863312411064725
54 4.908642627163037
77 5.2297617593649175
4 5.274343625087973
9 5.882121824742134
70 6.323871598867886
44 6.472517261914099
67 6.485356828746715
41 6.9741497700496025
69 7.009046485657325
48 7.089969633570563
2 7.317562016620369
95 7.480653542303088
57 7.945643965770425
63 8.191768390201666
74 8.780998676568547
79 9.371630660496443
68 9.504021346401831
75 9.79752809052776
76 9.830047887866181
83 9.988280836441138
86 10.057231651362768
84 10.407497747997745
80 10.594637413322475
3 10.695515381029493
45 10.854890166380518
73 10.969924035817803
88 11.27109796846665
82 11.420933646320783
65 12.407536795998478
93 12.539449597922507
71 12.815114529201525
72 12.933421983556217
89 13.58783128208928
62 13.63192702904855
99 14.262685151608737
1 14.756389184681774
85 15.743261105881595
91 15.804720168205982
94 17.19472331827314
100 17.20194219270437
92 18.702693616850656
96 19.499268124734485
87 20.29276847106267
90 20.790098372655216
97 21.505182159943466
0 58.194047393128685
