29 0.13107160476265237
37 0.15767275441023182
30 0.16029685176279476
40 0.1944639763808644
38 0.19861875485697164
46 0.23283545641411216
56 0.245779537641491
32 0.25920258049979944
31 0.2641770230774407
35 0.2651457289770291
28 0.3026711513888464
60 0.3030763118651981
43 0.32988398550022646
36 0.3548642600103478
98 0.37902336353958954
34 0.39912982622377496
64 0.4022829649810775
47 0.4406516012459892
78 0.46202936972589115
39 0.4725416800366308
52 0.4924546056427522
42 0.5209858782087597
26 0.5312681407583817
25 0.5634072841413693
16 0.5689897102618301
55 0.5912186522786557
17 0.6171855648717041
27 0.6329250076446147
24 0.6394473232865396
51 0.7037398840747014
7 0.7767872943182275
61 0.8107757032254865
53 0.8348184038406056
54 0.937581484255852
66 0.9677247373763335
58 0.9796712574562193
50 1.0117707942164804
59 1.0323151915088853
49 1.0587735816499355
81 1.0650433997009976
21 1.2661897989235584
77 1.2960335392731706
23 1.3973386997266426
44 1.558419795959413
70 1.5911055144148285
33 1.7153217175952307
13 1.7234797767986558
41 1.7235718467153651
69 1.7500784139552081
48 1.783622854675872
67 1.8138236783380952
20 2.055346217673162
95 2.0725705573729867
57 2.1285021999537577
63 2.247608997227759
22 2.3788803699456955
74 2.498563006038802
19 2.5309222753215748
79 2.8668054322245085
75 2.9728480066885394
68 3.081133987208305
76 3.150768177086906
86 3.2366186149754768
6 3.2595110814698405
80 3.335259646153961
83 3.3736776789326215
45 3.481623938402227
84 3.5875455463763295
8 3.6294303475485035
88 3.6621608163012684
73 3.744288168421318
18 3.762750967702987
82 3.9920854523866973
12 4.118544602064064
65 4.3375542876605016
93 4.722114529507524
62 4.8558623868606965
71 4.879922638227311
72 4.920603383560248
14 4.958456352575008
89 5.053969425809876
5 5.381642780984397
99 5.6839451608196905
85 5.995293620427162
91 6.080971597921836
10 6.166620690580481
94 6.715574436599545
11 7.101521774833277
100 7.257111557193057
92 7.548223502376089
15 7.82578438241738
87 8.440611767192392
96 8.500703556777195
90 8.766319794825764
4 8.864971545772958
9 9.241339489307517
97 9.584066531168265
2 11.053205597051544
3 14.50931742353432
1 18.55371197956738
0 57.18881470218626
