16 0.18662532144595156
25 0.18952714493541692
17 0.19571302219860431
24 0.20353175055259157
26 0.22667679504583216
27 0.23122413300182595
7 0.23535248419925509
35 0.2856026033660879
43 0.3210085364283401
30 0.32673329560716524
36 0.329644081317373
38 0.33031588348850316
29 0.33967550427276194
40 0.3541453856101729
42 0.39912159480702347
21 0.4108235585849626
31 0.45914564742480846
37 0.46211645310966787
23 0.46733831652570856
46 0.49582201342684606
32 0.5104156823323815
13 0.6152581024005852
56 0.62499186549125
33 0.6808818733986882
98 0.7539431470269742
20 0.7751754148597884
28 0.8613748370820468
60 0.8797068074597307
22 0.967267878889819
19 1.0220541317103515
47 1.048958965840718
34 1.078998565680002
64 1.1199616512250221
78 1.1998052680513844
39 1.2158807415795063
52 1.255872679370616
55 1.4114878533757986
6 1.4116433414567089
51 1.5486425628756586
8 1.6280328820946341
54 1.6624830317739452
18 1.7107862032747994
61 1.7222332797177846
53 1.7249183892463649
66 1.8727072829591176
12 1.9074846933261145
58 1.9293398181466423
49 1.9525385905413144
50 1.9762241025573808
59 1.9810947171345352
81 2.0372045246269757
77 2.3032419308648846
14 2.423197650988348
44 2.5603907759639406
41 2.631454329844887
70 2.6606578850392735
5 2.6741112744026934
69 2.7023805986892575
48 2.734695594962316
67 2.9100349812867328
57 3.051182579339218
10 3.1606645279063614
95 3.197303346606949
63 3.2184102783177444
74 3.4389047151227534
11 3.7654512003056873
75 3.9722502348785835
79 3.989901240444299
15 4.158719193562419
80 4.308063017342648
68 4.331184161475614
76 4.3434610850701425
86 4.405620721755336
45 4.509028450425318
83 4.640819748680163
88 4.641417344024035
84 4.84725530042281
4 4.895269595436941
73 4.935458982624934
9 5.086845278808515
82 5.24579762848078
65 5.489325778101472
62 5.869043573933025
93 6.007923799713108
71 6.164605305138689
72 6.21168888645919
89 6.284793196803769
2 6.330768308154005
99 6.962703194690889
85 7.030262524615173
91 7.163779386905778
94 7.660781978844129
92 8.46822933239766
100 8.483175213472517
3 8.666530076607636
87 9.32501226762733
90 9.677961023926478
96 9.68022038942206
97 10.711033223024808
1 11.476088483651491
0 39.362360458793766
