3 0.29009908518219574
1 0.44868021531324725
9 0.5710212955146075
2 0.6117136912697569
15 0.7709923515365005
4 1.1807640793581295
11 1.9430344547552552
10 2.0345879827305664
5 2.4763021898658715
14 2.9964395307256817
12 3.083720279293119
22 3.465635467671599
8 3.626536033035601
6 3.717690654283875
18 3.821315862270221
33 4.187118796966735
19 5.106192369483544
20 5.563135882993576
13 6.16424428699645
27 6.75098960854668
23 6.7563756011667335
21 6.921616044625509
26 7.01588372312585
42 7.027116999265929
7 7.268892378747443
36 7.671969739236415
43 7.8329074357912
35 8.211798611872723
17 8.351609118783383
24 8.365502537686082
16 8.60076492262838
31 8.612202556791578
38 8.820588890725439
25 8.845837198811893
32 8.862337403460742
40 8.951613316687487
46 9.107716630568039
98 9.110830452428894
56 9.721898168284158
0 9.76121684473916
28 10.88853817436798
47 10.974870466067912
60 11.068311424002326
29 11.47287075070419
30 11.743039260725412
34 11.851059484653279
39 12.381175317827594
64 12.469492716778506
37 12.60781224148362
52 13.471319437684084
78 13.499542744864403
49 13.615183024910202
55 13.668946131305207
61 14.054632892725225
51 14.268338794402887
81 14.274446755182225
66 14.284245478252517
58 14.533283041865886
77 14.84446500879175
50 15.223559135037389
59 15.312753503431303
53 15.803296849510422
67 16.514167847062783
70 17.26861834764687
54 18.123683349578243
44 18.647494984846404
95 19.10452034278203
48 20.084456351660695
69 20.199896864251013
41 20.491072533861626
68 20.61630284978452
83 20.738456180625032
84 21.236839442183804
76 21.75008187010671
63 21.84739975680402
57 21.869827350065854
79 21.891931381871988
86 22.308360035979923
73 22.764068992827337
74 22.923195077732267
82 22.968746699818503
93 23.188978372447274
71 23.3690442590162
72 23.612310792419425
75 23.779187394495555
99 24.764330695282638
45 24.80860113325377
80 24.971315878941958
65 25.256698759198468
89 25.46215671365534
88 25.70044157388327
100 27.708379244821124
62 27.860092133507415
91 28.68688726609312
85 29.50890002141995
96 29.94289319731739
94 31.46072763063198
97 32.00501272879314
92 32.766643681475415
90 33.99929501838543
87 34.09623233951677
