9 0.16758705251280162
2 0.20807519952488784
15 0.2929850473191657
4 0.3588193633140599
3 0.44084503746536496
11 0.7358380049364603
10 0.8600598072318127
5 1.163439982458717
1 1.1670990526015916
14 1.4720367836066743
12 1.7004248221940224
8 2.0871267688556037
18 2.1394203929518962
6 2.2579374078563803
22 2.6433350926601538
19 3.230244483501302
33 3.4423765354938753
20 3.7015894160829226
13 4.217661769059981
23 4.769409008770447
21 4.966351841223467
7 5.655056208104641
27 5.66385284104314
26 5.995746594225346
24 6.439673065744115
17 6.471628432855974
42 6.494412947535397
16 6.692484325583476
25 6.845197352317437
36 6.977731961875257
43 7.099552037402034
35 7.361870386365616
38 7.958356897198604
31 8.045964287424647
40 8.157134164148655
32 8.382535413430785
46 8.552025524758914
98 8.918569690620156
56 9.273727827705304
29 9.799543767266197
30 9.839323227213905
28 10.534654212237987
60 10.697084113639171
37 10.787057558069725
47 10.842989938790021
34 11.562628872468968
64 11.990928896996863
39 12.105162074181123
78 12.970274280435667
52 12.97710632556038
55 13.32990012400174
49 13.925195750509724
61 13.940017268708573
51 13.959317406385358
66 14.31633357015799
81 14.501158260325896
58 14.578969033625988
53 15.097478109838098
50 15.119694614582567
77 15.215633097493592
59 15.220165738958292
54 16.356293377556867
0 16.985839984518034
67 17.059272396161976
70 17.360825809976223
44 18.082036606607385
95 19.095314963021217
69 19.14207877822439
48 19.202658687818126
41 19.213465542694298
57 20.5856822142376
63 20.80337270490171
68 21.316884184221255
74 21.687634351027874
83 21.733785047051263
79 21.835815958973445
76 22.116369118136642
84 22.28260038800729
86 22.52317175439865
75 22.88937202237324
73 23.455360613098357
82 23.824534885882137
80 23.9772692598016
45 24.1504300282174
93 24.70243531851865
88 24.79798376242929
71 24.987786502604585
72 25.16641982119706
65 25.559457407645734
89 26.507038677034103
99 26.61564151564615
62 27.497794260503948
91 29.513412518735297
85 29.737576354348747
100 29.979204457108573
94 31.564840363155664
96 32.513759331186066
92 33.16630469782683
97 34.722176078450204
87 34.82181554932203
90 35.14275200048795
