59 0.1423876532296428
50 0.1485466726395192
58 0.16184393781948594
51 0.18203945181552142
81 0.18415924743947795
66 0.18420854632308983
77 0.1911394581846394
61 0.1926832980737463
70 0.19515026542238645
53 0.21027798791170998
55 0.22609288765545504
49 0.2449516005639606
67 0.25235484065481617
52 0.2623038266709413
78 0.27208453754914597
44 0.28342395329015274
39 0.33768418303300834
95 0.3446912439564757
64 0.37157010858637607
34 0.405122284105758
48 0.4097129796758293
69 0.4242161024211211
54 0.47080552014192006
41 0.4728349525224619
47 0.5296233169285428
60 0.5490453071636824
28 0.5840361017887976
63 0.5938101540878522
57 0.6101508228280812
79 0.6569003175501061
68 0.6629436737470672
76 0.7192136587110866
74 0.7393129739470873
83 0.7627427629873438
86 0.7797326098851177
84 0.846399049332626
75 0.8629241807643571
56 0.8879383911302171
73 0.9458575151202118
98 0.9804233970289081
37 1.0201348167985835
45 1.0551574826748238
80 1.0565175925682095
82 1.0597988916716101
46 1.1116544661457002
32 1.1591427536890018
88 1.1957020272883492
29 1.2099176025999274
31 1.2844507108691035
40 1.302490836284851
30 1.3097319393260127
65 1.3206452292435915
93 1.364808320295918
38 1.3900393827087398
71 1.4385093804547824
72 1.4668649971261354
89 1.5966890500151796
35 1.6371795266840048
43 1.7081472339019315
62 1.715941438716215
36 1.759495121954164
99 1.8574222365654005
42 1.971172643548182
91 2.2240620466108685
85 2.2631983633707518
26 2.4096998152327904
25 2.6348974952383637
16 2.647986041994775
27 2.6571444168606355
94 2.7198842538256116
100 2.7249807416668466
17 2.7518656059080264
24 2.800839116575179
7 3.059466796666319
92 3.182457545744042
96 3.462209711993249
87 3.6961058019074366
90 3.845358632441551
21 3.9727045413881714
97 4.154563571426905
23 4.195917622092009
33 4.367816927502559
13 4.723039517122964
20 5.229875721017512
22 5.4503737451096015
19 5.94175432134222
6 6.928656236204307
8 7.451896398805582
18 7.65020580397324
12 8.093210504399579
14 9.22113299772975
5 9.740498281855496
10 10.71712513467794
11 11.896879738049954
15 12.614552778680856
4 13.99109518594651
9 14.350225730482212
2 16.536903537376478
3 20.468547978182748
1 24.944326870619214
0 65.15182184416182
