97 0.3056124982531592
90 0.35952593079333944
96 0.3932358770085008
87 0.4572572823388409
100 0.6478717646600033
92 0.6918846447062956
94 1.0074373540067465
91 1.086527991612917
85 1.2370219001316025
99 1.2553739083249142
89 1.5572691681415345
72 1.6597156161891384
71 1.7047185734265908
93 1.798514061492875
62 2.0382519462393573
65 2.1748779506352496
82 2.3479417454123928
73 2.568493920341553
84 2.7398576354932302
83 2.9761593145168086
86 3.1680813237135177
88 3.241845543151406
76 3.2448637406630767
45 3.2884313488997856
68 3.3228767477199126
80 3.633863988902417
79 3.6920353072172043
75 3.9790541311729366
95 4.845534254652424
74 4.85072880139955
63 5.097074624176852
57 5.49945068876964
67 5.514278155743065
70 5.853276896108862
48 5.864305987660326
69 5.99792680073942
44 6.142589919728017
41 6.252055830548418
77 6.881266109084853
59 7.4706140859413885
50 7.5425012919913055
81 7.584359450272423
58 7.748513835371773
66 7.916912744591018
49 7.95474888592949
53 8.28795822554545
61 8.414179946631846
51 8.786880011589375
54 8.937129944435446
55 9.377754735793546
52 9.882100057031902
78 10.090719909246518
39 10.341777903484601
64 10.708293714199907
34 10.97844926375822
47 11.461850815734083
60 12.04880513054915
28 12.242727728044642
98 13.945879960397612
56 14.067400674102107
37 14.978438178516761
46 15.296130985672116
32 15.435564853121333
31 16.06597734351636
29 16.185082013253854
40 16.520443753314442
30 16.586563105707448
38 16.947323341389243
35 18.071178400545456
43 18.170612783991242
36 18.34631541943874
42 18.803376717422317
26 21.390564865566102
27 22.415906257016204
25 22.587197690904997
16 22.66999823060308
17 23.0780800569544
24 23.243948784802665
7 24.227413842439315
33 27.591773544713806
21 27.59958010844043
23 28.374901497385714
13 30.166137880420816
22 31.296718864544083
20 31.834501608274554
19 34.143386635689076
6 37.004350782228116
8 38.634113961980326
18 39.31380623963355
12 40.4478719687635
14 43.868083143319865
5 45.19909304642652
10 47.82983008091851
11 51.21028672534227
15 51.75066862159357
4 56.552888654294634
9 56.64453955395977
2 62.911526214263965
3 72.4905243823892
1 83.19660428545667
0 169.79005767613174
