12 0.18612217867251593
5 0.24774698729160363
8 0.2666226655214335
14 0.2714414833559349
6 0.283020127287764
18 0.31583551378624297
10 0.3429037059815337
22 0.5540498764247226
11 0.5719686159817002
19 0.6676139362558856
15 0.8158147611678042
20 0.8681441402604776
33 0.9854056247634956
4 1.042450388967761
13 1.1349662760287609
9 1.2289910897859506
23 1.4394425529647323
21 1.5509563717523058
2 1.8642567609939067
7 1.999233373761764
27 2.1163160788181368
26 2.362397919982711
24 2.4989998340229653
17 2.515892686022079
16 2.6639469401387306
25 2.769348507441842
42 2.957097339466289
36 3.2169989146329114
43 3.2718647354844874
35 3.4045072922883546
3 3.5009908918013393
38 3.849312837928727
40 3.9837007746917394
31 4.06907827177021
32 4.347877254874004
46 4.411106932526165
98 4.976648885519043
56 5.005921515603279
30 5.0152523943032365
29 5.02499479208326
1 5.72214971193546
37 5.785617865021855
28 6.057246189161551
60 6.185736514313683
47 6.4144288990207485
34 6.922618772948711
64 7.257961375476819
39 7.404909536643049
78 7.882249808869535
52 7.956696474793088
55 8.341637952510577
51 8.810059405841947
61 9.03635140773928
49 9.103003650180076
66 9.276578370311526
58 9.57757566282637
81 9.648696173988748
53 9.763629397507314
50 9.970867903528777
59 9.983093284188255
77 10.274547861523718
54 10.531593409267572
67 11.904830350885847
70 11.94800229709141
44 12.38885577402074
41 13.191777865508952
69 13.194182593077912
48 13.241518896670211
95 13.538302814427958
57 14.434728190729505
63 14.699404483853252
74 15.47689003781474
68 15.907499832944291
79 15.932900325526312
83 16.375210273719727
76 16.38869036418397
75 16.66553358225883
86 16.712626610790768
84 16.839989683342278
73 17.614468831775074
80 17.66121850589578
45 17.909060387125255
82 18.204056520915948
88 18.46170484866986
93 19.270741712113963
71 19.551228489857955
65 19.561731503858997
72 19.75315689994393
89 20.761879951505023
62 21.157348750143978
99 21.20217591598235
91 23.38528632147321
85 23.49458736590857
100 24.517043941545076
94 25.185548111081722
92 26.83849856440766
96 27.11227720592142
87 28.562921328379577
90 29.02977979882078
97 29.42567122357676
0 34.48999638124005
