88 0.29016790895845346
45 0.3339638307557476
80 0.3746116652799905
62 0.3986281216525421
75 0.5082855584132319
65 0.5843027412400523
79 0.659842677828002
86 0.6889618654096957
76 0.7854967312588458
74 0.8750585394799175
73 0.8969088884265364
63 1.0355358922826647
85 1.0407142882540918
82 1.0573270889356785
68 1.140312505133326
57 1.248770535195204
89 1.2791754632201302
91 1.2822059037626852
94 1.2950935303471651
95 1.321819717107026
83 1.3666155607530095
84 1.3884122298023123
48 1.537429961099118
69 1.6156805135576604
41 1.7597174116384504
44 1.8191976302932094
70 1.9316930167648863
92 1.9868945726768066
93 2.0121104047818372
72 2.101878862518471
71 2.169731527764392
67 2.2607466578564726
87 2.8526807614139567
99 2.90180805839781
77 3.0430636627160257
59 3.0911813591311876
50 3.1316950410228137
90 3.3762068132565806
58 3.4191580687856526
81 3.429933239369371
53 3.52646306161983
66 3.6640013556706292
61 3.9013038600049934
49 3.952096057723897
54 3.9598064139385407
51 4.10715284305216
100 4.157950230488855
55 4.624254683612168
52 5.040206458917565
78 5.229702074957119
96 5.307814633524182
39 5.592840767348244
64 5.8659126758742755
34 6.205913090190746
97 6.41786694738547
47 6.809336906544402
60 7.241656827588473
28 7.460450834624283
98 9.339449962462677
56 9.391733089103303
37 10.350947340784787
46 10.71355456558737
32 10.88441243198792
31 11.56843082580932
29 11.77973265987942
40 12.089602853267243
30 12.266950759459764
38 12.567853772901529
35 13.92557721584463
43 14.015562126918539
36 14.233911737229276
42 14.770296937401277
26 18.053079855990475
27 19.38671503292309
25 19.877287779519396
16 19.967241990179637
17 20.48622492323754
24 20.70017466952908
7 21.91266698704503
33 25.906622903111092
21 26.65425408351944
23 27.736110073130956
13 30.23123931132572
22 31.03938284206723
20 32.5737553389624
19 35.946031731541055
6 39.865357110365835
8 42.320960621089704
18 43.44297943834994
12 44.951168853481235
14 50.26320758017387
5 52.11827606616967
10 56.03729931578029
15 61.19500591460271
11 61.42002317538662
9 69.0228418941513
4 69.52042246709703
2 79.41319829250169
3 94.61132378028071
1 111.94407088093472
0 257.79460271333903
