97 7.996486428079499
96 8.99467297773213
90 9.420301432694327
87 9.888373078302699
100 10.313708829078212
92 10.932822545238364
94 12.025705204839563
99 12.333514326936555
91 12.426864168588219
85 12.77058702330798
72 13.528794034303152
89 13.575558601461232
71 13.612219007304716
93 13.871075654438195
62 14.755603758352592
65 15.10268425950494
82 15.348785305616559
73 15.893687238342045
84 16.024333885799873
83 16.46534676374431
86 17.098354926304772
68 17.21246890147505
76 17.227973877350006
88 17.231925334910105
45 17.349951886932743
80 17.970615998166682
79 18.1038303056733
75 18.611277540539394
95 19.98774870330623
74 20.094256136679622
63 20.516501467183865
67 20.845689346355215
57 21.16587060449962
70 21.627072196193705
48 21.766493170619945
69 21.95107299140218
44 22.173627799863745
41 22.345252128514296
77 22.934249522026736
81 24.005431711626684
59 24.023973674667815
50 24.124195542671735
58 24.33359128173508
49 24.416140500608122
66 24.516683442150896
53 25.261523423436866
61 25.267748680306713
51 25.92344224958279
54 26.24029271404242
55 26.719660146122337
52 27.403132841087146
78 27.756029084370276
39 27.9094591739888
64 28.410102847959788
34 28.763930730187756
47 29.24693950555151
60 30.105892055785052
28 30.354818835279417
98 32.28778836275679
56 32.647945975149135
37 34.004476521592686
46 34.13658940289143
32 34.28645419329288
31 35.02601049156637
29 35.460050862089226
40 35.68062901351241
30 35.93088795012884
38 36.18087013317866
35 37.50656933119879
43 37.545081152948896
36 37.74363415237028
42 38.13814316828778
26 41.30776021762385
27 42.46130131762608
25 42.76601815342195
16 42.852652862693034
17 43.293992453994825
24 43.474620735963505
7 44.51641103462291
33 47.827991102424846
21 48.173733690930014
23 48.99074584867574
13 50.86049025681371
22 51.76230687901926
20 52.58144472028897
19 54.95536886943602
6 57.78732959619265
8 59.422993568835444
18 60.11853431216701
12 61.21086759137501
14 64.58379121711414
5 65.84478969860419
10 68.35665990002221
11 71.60369673990449
15 71.93605449769198
9 76.57942322731657
4 76.58223651444966
2 82.43875955482595
3 91.10431688687855
1 100.57275724056035
0 172.8756651036554
