97 0.7023806404150866
90 0.7281953211863632
87 0.8211527866236521
96 0.9277066274275787
92 1.0647564150948856
100 1.278666554750368
94 1.3543875149503237
91 1.5137619760037755
85 1.598451223811804
99 1.9060337215990548
89 2.0178394915508555
62 2.2274949100176404
72 2.2400969831247215
71 2.2987552633654986
93 2.368095509964646
65 2.441057207698188
82 2.7117461223307426
73 2.8754073261802238
84 3.1124678478226975
88 3.1290457528791444
45 3.2007579433614364
86 3.277005981815572
83 3.294678335679624
76 3.3671685555988407
80 3.419524244846072
68 3.508298080115805
79 3.6333947418865904
75 3.7023106425570917
74 4.307770818915925
63 4.523697460180159
95 4.579035217049554
57 4.776579814577644
48 5.107059978400266
69 5.195250822657862
67 5.2817089776139525
41 5.333019331157248
70 5.357743066338403
44 5.390104932663742
77 6.288324177360662
59 6.543464153905897
50 6.5915125657464575
81 6.760482741996747
58 6.812197970676891
66 6.95912869012015
53 6.9682298891106305
49 7.104627368548689
54 7.1573147424951244
61 7.2598222955284175
51 7.438959901435327
55 7.862414119966581
52 8.178920585738803
78 8.28800182722907
39 8.619114797496723
64 8.814256669021715
34 9.067900952467973
47 9.519541907307918
60 9.809036741656998
28 9.958502269013296
56 11.216545647104
98 11.296957108655013
37 11.297900593129883
46 12.029651067912008
29 12.135573269386622
32 12.164393055267762
30 12.354216832393439
31 12.572954015833536
40 12.740544152188475
38 13.008843059252632
35 13.774767924456148
43 13.924908730562548
36 14.065315961896356
42 14.505961073746525
26 15.919363719760618
25 16.287308041036002
16 16.370381021742972
27 16.56079120845752
17 16.649331969923825
24 16.747739886001522
7 17.498160872972164
21 19.546342577280072
23 20.032219603113493
33 20.275653432743827
13 21.19331304243399
20 22.29029950144683
22 22.60654652976173
19 23.741852249950377
6 25.73003707448346
8 26.71387216064807
18 27.076439759743163
12 27.927264735199426
14 29.975837028995805
5 30.905187905255158
10 32.60706545552697
11 34.645488436101424
15 35.601454073714834
4 38.11929931805734
9 38.54566114764231
2 42.19691152275311
3 48.258362265120965
1 54.92821651919876
0 108.88201802617607
