37 0.2082718752395605
29 0.23945748287707497
30 0.2684220031138611
60 0.38670432425503987
28 0.3945501241905095
56 0.39757046978369165
40 0.4059790129683873
78 0.4187556526608982
46 0.4254837082983048
64 0.43131936155815864
38 0.43164976348759054
34 0.4457413535937383
52 0.45708666853471774
32 0.47375488991012493
31 0.4981392535080347
39 0.49981361285525555
47 0.5183766708442445
35 0.5419459647472032
55 0.5579153707594283
98 0.576333439162332
43 0.6238558659841755
51 0.6276375931179479
36 0.664445856847215
53 0.7223109605988502
54 0.7284784337013201
61 0.7740544818597954
42 0.8577069125642978
66 0.885336961595839
25 0.9015538078313481
58 0.9140303835461946
26 0.9149003088802382
16 0.9181966045774159
59 0.9197294088195909
50 0.9200409220102652
17 0.9860573881146716
49 1.008779035906333
24 1.0127464385176366
81 1.0214111194477447
27 1.0495004409214
7 1.213932163520112
77 1.2191765875532965
44 1.340839847338815
70 1.4266726959002085
41 1.4364201144791542
69 1.4776081717290401
48 1.4992052691389879
67 1.6771967190662689
57 1.799661888846282
21 1.8011546156432907
95 1.860288899410565
63 1.925810251675899
23 1.9594031042097497
74 2.143791687689231
13 2.3574063146017945
33 2.3738045176375926
79 2.567701814160635
75 2.605301132370176
20 2.7596466749676365
68 2.8766513155299354
76 2.8832265230557916
80 2.936575448666462
86 2.9464014856299143
45 3.0984374401561077
22 3.1631616766313764
83 3.1701270806412016
88 3.2513064629263284
19 3.3186935504793222
84 3.363969653875304
73 3.441964392746535
82 3.73205696259371
65 3.992697253729804
6 4.188045312218451
62 4.424839939391687
93 4.483361450722407
8 4.612720129109327
71 4.63935487930375
72 4.68282014083032
89 4.754816802886122
18 4.760590039451588
12 5.180359355590042
99 5.4339863636453805
85 5.5704991761333575
91 5.684048247780123
14 6.135458502635347
94 6.249336278512684
5 6.623718775444425
100 6.990017201789653
92 7.084168028809495
10 7.516803233387433
87 7.982471097404924
96 8.240862150228342
90 8.337371111089872
11 8.571791980022363
97 9.334444636825172
15 9.36522942091625
4 10.558567841635735
9 10.959250267835772
2 13.00220586715086
3 16.837883097713302
1 21.313246668615715
0 63.41380343102675
