7 0.07070487242296995
21 0.07217318108692508
23 0.07458652737144034
24 0.07744237798375866
17 0.07814685996865463
16 0.08199413209292909
13 0.08354642099036758
25 0.08544996359518649
27 0.09078262290419835
26 0.0959567749055491
20 0.09793105161239361
19 0.12067440744001151
35 0.1253007061602194
43 0.12964562871345456
36 0.1326575920012241
38 0.13615533418970546
40 0.14612290047880278
42 0.14926816045354932
31 0.16089157569977444
33 0.17321405744156865
46 0.174529150825943
32 0.17944412723483108
29 0.1821333800422007
30 0.1829425785913426
6 0.18339925791004966
8 0.2019640236127513
18 0.20314079749620273
56 0.2039819427025637
22 0.20680690272994695
98 0.22185975629309843
37 0.22680465725352972
12 0.24745233812636666
28 0.254483645606855
60 0.2611030717543446
47 0.2831749177126771
14 0.29709055815407914
34 0.30275679844562664
64 0.3118129276096323
39 0.32794204322324516
5 0.34601921779666195
78 0.36130164609446963
52 0.36151360424729984
55 0.3886173671378938
51 0.42170770590158096
10 0.421820918625454
61 0.4335511218595511
66 0.4514632007949796
49 0.45172179252144545
58 0.475740143765171
53 0.4836121495883474
81 0.4843888354060698
11 0.4897168375870203
50 0.5021872567456556
59 0.5042846260001916
77 0.5288203776691901
54 0.5722214154664689
67 0.6453778029135644
70 0.6536836375169242
4 0.6812068276189431
44 0.697710735625217
15 0.7015770675348726
95 0.7745285954986398
69 0.7746610728267983
48 0.7809364184894562
41 0.7821888444485179
9 0.8148232809391144
57 0.8929297993507271
63 0.9080716054411191
2 0.9267439238263379
68 0.9678501972697857
74 0.9853223951045745
79 0.990388588332464
83 1.005044502965214
76 1.017178360539362
84 1.0431611398680058
86 1.0495188123791894
75 1.0825653586689739
73 1.1224620498735451
82 1.1674496192918964
80 1.1800100798602882
45 1.1906622081001823
93 1.248451713913818
88 1.2524290299462635
71 1.2725912986646295
72 1.2915049193592902
65 1.3150280369254093
3 1.315530045203857
89 1.4051960190309085
99 1.4122004644905002
62 1.4917609210815075
91 1.6794963156914955
85 1.6978148440604215
100 1.716852674712072
1 1.7647243251902105
94 1.8752467512101965
96 1.9628747762260967
92 2.0304545502212146
97 2.18835966506198
87 2.1939402114691684
90 2.229023540191139
0 6.675632867523798
