88 0.355912895688501
45 0.3834199989251253
80 0.43530223440008775
62 0.5544723669599081
75 0.5628910873962706
79 0.7057413240054851
65 0.7161881762951656
86 0.7671517946172963
76 0.8639612335279151
74 0.9838006964698022
73 1.0392428067481352
63 1.1457159287685794
82 1.247317736895212
68 1.279029179809175
85 1.3935963814622225
57 1.4035903269906949
95 1.4388403325390877
83 1.5748868835488306
89 1.5890638198195286
84 1.617118341645763
91 1.6646995162501448
48 1.705798347473825
94 1.7506887127750277
69 1.802016548664053
41 1.9845445016170966
44 2.00486028082578
70 2.1048699308646928
93 2.45849300454375
67 2.5128841710875833
72 2.5843615738338332
92 2.635444935687664
71 2.657685393140695
77 3.399918535368715
59 3.4491443615882202
50 3.49789164262766
99 3.620863000479361
87 3.7331463535477867
58 3.8302708636262675
81 3.84310529062874
53 3.9932682065887826
66 4.1266557958795715
90 4.374635528415038
61 4.4039831496435315
49 4.4621068266386965
54 4.590295807457344
51 4.642910307506953
100 5.24112978831987
55 5.253190634514333
52 5.753477164640541
78 5.97571087594011
39 6.394872472741603
96 6.701496855650599
64 6.732573279302114
34 7.11541588702028
47 7.823105879552137
97 8.118140952818584
60 8.34715147297858
28 8.60490387689735
98 10.831985040040184
56 10.90343244646013
37 12.18626734155249
46 12.487598151526965
32 12.686760180910488
31 13.512726392822325
29 13.887596490909306
40 14.15341652530863
30 14.4901256246046
38 14.735869179571834
35 16.36109488452427
43 16.453213468968148
36 16.713154695412232
42 17.331789243841172
26 21.335859542983787
27 22.949846090273233
25 23.653772022719085
16 23.751056398320767
17 24.372027543295516
24 24.63370011115363
7 26.05944942336852
33 30.750858972337923
21 31.832025060801694
23 33.14359631162048
13 36.15674069593467
22 36.9644259660483
20 38.98307774827156
19 43.07603608391312
6 47.76896179416649
8 50.759157329546895
18 52.142277005197464
12 53.93366628834105
14 60.40936392251198
5 62.6312510168423
10 67.3727242076781
15 73.51467606391861
11 73.9341992613634
9 83.04443831086601
4 83.73676660342721
2 95.73264926042009
3 114.18614081609188
1 135.25066902572078
0 312.7196733569184
