25 0.19831696709120078
16 0.1994689721104431
17 0.20987548685392524
24 0.21554460076498044
7 0.26005993946674094
30 0.28304333153655536
26 0.28783754958176017
27 0.290465652839053
29 0.29800659613381675
35 0.3243265236915654
38 0.35038979201552817
43 0.368874167958532
36 0.37607750596317213
40 0.38127413946681954
37 0.38588207477054026
21 0.398530189191282
23 0.4457171526219305
42 0.4700031463898224
31 0.47484000515131175
46 0.508062149265211
32 0.5215229842764857
13 0.5727901587495615
56 0.6115448313059852
20 0.7110010705246675
33 0.7167423810982183
98 0.7266637772558027
28 0.7820379271514587
60 0.7920094050704384
19 0.916178459494115
34 0.9456163393295829
64 0.9496340113982022
22 0.9545762433721341
47 0.9579858232397092
78 1.019840299774272
39 1.0436566833506884
52 1.0609714166170818
55 1.183534110725662
6 1.2617879641042773
51 1.3051835611155596
54 1.3171566574682467
53 1.3969818152236722
61 1.4328021408835967
8 1.434335715024467
18 1.4944771248225277
66 1.6017381596272366
58 1.6150781061811073
50 1.6329196350293287
59 1.6523336526492074
12 1.6740105930018128
49 1.6964807904011214
81 1.7087937468182932
77 1.9435986642809238
44 2.049004018840145
14 2.086423947877505
41 2.087529410500089
69 2.1481942089694646
70 2.1747467933011455
48 2.18151922768052
5 2.304171006326028
57 2.4190557323537925
67 2.4324181028961425
63 2.5552276959977247
95 2.5817560843484912
10 2.7094937437646296
74 2.727447036240377
75 3.1547147459745912
79 3.1969566828544527
11 3.197626165579417
80 3.4202403474611835
68 3.491643226860262
76 3.493708169839743
86 3.537471917358858
45 3.584152005805485
15 3.6017210265843382
88 3.686564976711324
83 3.7639221283015796
84 3.942335520016135
73 3.996580964240063
4 4.139007223572931
82 4.22183358575719
9 4.352870916011533
65 4.380482777056488
62 4.669841121028168
93 4.88475647086614
71 5.018208008492441
89 5.036129320328439
72 5.038668635325055
2 5.332200665139275
85 5.603916719291054
99 5.6651730122560515
91 5.719342515097036
94 6.103741980223068
92 6.752058548151983
100 6.8759329581552855
3 7.2592567159037
87 7.440406084796406
90 7.724194325257189
96 7.812722392658797
97 8.606166292662056
1 9.5494959572664
0 32.358644140142054
