65 0.08490354984382545
62 0.10597283589812227
82 0.12738575236801197
73 0.1378321383762747
89 0.1394792887181894
85 0.18369164969529456
86 0.18799059791734343
84 0.20258200857664677
76 0.20421635497047547
91 0.2093663262191856
83 0.22250631435219778
45 0.2257838133508857
88 0.23286014425533164
93 0.24178713871127705
68 0.2436852859137881
72 0.2534284706701844
71 0.2693987846667409
79 0.2819964145342248
94 0.2844115891307435
80 0.30829897373849735
75 0.3728691267922961
99 0.4143153827706327
92 0.4601617701524453
95 0.5666616599747224
74 0.6130881159893393
63 0.6705892121042791
87 0.7016557199389837
100 0.7608450417920645
57 0.8091652317258589
67 0.8110621561451902
90 0.829711080471837
70 0.8681093496535836
48 0.906372947516121
69 0.9489605615995551
44 0.975144453557334
41 1.0506701334728146
96 1.1234373955273786
77 1.2369500956810833
59 1.435520856799331
50 1.453811334792644
81 1.4709789258152963
97 1.488909359087548
58 1.5310983577997588
66 1.6215813690333931
49 1.6467746387480773
53 1.7573117359591162
61 1.783209811759425
51 1.9480895305389436
54 2.1054006641094607
55 2.179245898718573
52 2.3998906065259322
78 2.499943070620507
39 2.575289433637021
64 2.7406972630746513
34 2.851331889184312
47 3.0599069304005933
60 3.32702713707463
28 3.4138786870424807
98 4.173764601395345
56 4.268071740364494
46 4.864709598267011
37 4.881047545710193
32 4.918248003972832
31 5.233061729190788
29 5.474758944737448
40 5.503778669334256
30 5.699886561489478
38 5.720198152695512
35 6.289737950473134
43 6.313656208009688
36 6.3946598968545
42 6.596472090891847
26 8.058908888029036
27 8.625868552787278
25 8.897837577066372
16 8.928204440058646
17 9.145588595580527
24 9.24208004970619
7 9.730364403320836
33 11.34543978564093
21 11.703107875903125
23 12.153922415523908
13 13.181924617102313
22 13.485652910969668
20 14.138905215722767
19 15.513303322129094
6 17.117861219347432
8 18.12659880209441
18 18.578671080968398
12 19.18749905818852
14 21.342390026096563
5 22.103543407945978
10 23.70036434278299
15 25.822664694336606
11 25.861646336787103
9 28.967493019801612
4 29.13959689243085
2 33.11566876358895
3 39.22299932143292
1 46.179978539083166
0 104.17876043489689
