97 0.26740617756804724
96 0.29114462349057346
100 0.42942489406371853
90 0.501929177910867
87 0.5909837249851744
92 0.7494631121504189
99 0.7906997398330903
91 0.9287689024482125
94 0.9600812436287327
85 1.0667106457258435
72 1.0680603983039092
71 1.0827888404595105
89 1.127031123862725
93 1.1507495796534057
82 1.590841348339889
65 1.5977544866049014
62 1.6083758162429271
73 1.7523462732312056
84 1.7682152560594389
83 1.9163689744046948
68 2.175802095915384
86 2.177027395896196
76 2.1997345172638476
45 2.3929224179343014
88 2.396718191292768
79 2.542085610484184
80 2.647002121485433
75 2.840639974647895
95 3.1984446132875832
74 3.418018977522321
67 3.4753342935302634
63 3.541151780389517
70 3.807619121954067
57 3.8258356422699142
48 4.002513334512999
69 4.08904551184359
44 4.112452295381586
41 4.283499570434863
77 4.32932362190077
81 4.791119341732395
59 4.8124018142969565
50 4.856524058978746
58 4.938572030526397
49 4.978881280039579
66 5.027884836127233
61 5.3692637749919765
53 5.421963311578252
51 5.665124020041055
54 6.017341036725671
55 6.0294533664806735
52 6.3681496512155995
78 6.526764521662451
39 6.582731500589016
64 6.845720053122681
34 6.983293569332498
47 7.2201190366357055
60 7.655432506832405
28 7.770629784195782
98 8.747555009111803
56 8.92133128171551
46 9.707433093320006
32 9.774789358477081
37 9.801330090369419
31 10.17944283526384
40 10.544829168100398
29 10.546640121776894
38 10.821503198105683
30 10.828278269632763
35 11.528918045993723
43 11.545720434427809
36 11.646130810554054
42 11.864798384197405
26 13.662805992092066
27 14.330165967409911
25 14.638281995761323
16 14.674826656164612
17 14.926150205100102
24 15.036253189053383
7 15.602071637321707
33 17.451625335909114
21 17.815122361023487
23 18.314356832243718
13 19.44739404463791
22 19.842649486159704
20 20.49434576081457
19 21.97540255977111
6 23.716336276889294
8 24.776640667431433
18 25.241318962287874
12 25.904178956457226
14 28.132121626826113
5 28.93920759117503
10 30.594295480078184
11 32.784322548671284
15 32.881184971802284
9 36.05139041795185
4 36.133428635289725
2 40.14338443396347
3 46.208053913410595
1 53.00925702356331
0 107.87989838712754
