53 0.2588158632030817
54 0.26051274941061026
44 0.28650452645162905
51 0.29131733257975695
59 0.2941783358366847
50 0.3064246023518914
48 0.30901761671456734
41 0.3155058134545531
78 0.3169001424009418
69 0.31892076152664384
55 0.3362985880754685
52 0.33792708121153414
70 0.3437707336731065
58 0.3578473905281331
61 0.3709981750848416
66 0.376866674608385
57 0.4057941127669774
81 0.4207359236767494
63 0.43271826103969147
77 0.44509075619954575
95 0.4510438104296235
64 0.46191372892250526
39 0.46359147384210364
49 0.4879843866307139
67 0.5028279328028421
74 0.5061532903697985
34 0.5081562416054659
60 0.6132504640348652
79 0.6293438070120011
28 0.6448504221858334
75 0.6448692066346169
47 0.6507913832157932
37 0.7163743398270539
76 0.7571515651568215
80 0.7664614238464557
86 0.7733703862950785
68 0.8039241151265522
45 0.8172902207959178
56 0.8650862746332024
29 0.8805323384878032
88 0.881779869336633
83 0.9304593048225434
30 0.9316985017518252
73 0.9589512072518728
84 0.992457600845542
98 1.0163064240807396
46 1.0236142789219653
32 1.0778374117114107
82 1.0983689780142274
40 1.118783240125672
65 1.1646686771161419
31 1.1679249381693062
38 1.1833675809053676
62 1.3437796933383044
35 1.373350643421321
93 1.4554859541187966
43 1.4583739828727484
89 1.5017314218536648
36 1.5071200694856353
71 1.5257987108913207
72 1.5388672466660434
42 1.7087586727069817
85 1.8404845061532085
91 1.8718383715266012
99 1.8862184964146969
26 1.9370018094969421
25 1.9525408802520587
16 1.975941148923948
17 2.0620271813122595
24 2.095452893410517
27 2.114726728087426
94 2.149260347350812
7 2.339515851088449
92 2.5395387723864737
100 2.5792133088179234
87 2.9703588931736884
21 2.9953889983096786
90 3.13758421118124
23 3.1637175332987146
96 3.167128360759217
33 3.5191670773946293
13 3.57706699563374
97 3.709875469522783
20 3.980433967580922
22 4.326746644747296
19 4.526248818312852
6 5.340140190527036
8 5.73372095171742
18 5.870286192435419
12 6.2473395721183715
14 7.099331750199602
5 7.524089821145517
10 8.293904637821726
11 9.198361992677558
15 9.845797992388992
4 10.855228883569913
9 11.178352726634346
2 12.857150813113673
3 15.941520285648512
1 19.45040880355605
0 51.02805708786762
