23 0.17755102564129838
21 0.1780171839125217
13 0.19268641009331414
20 0.23120718158052178
7 0.2445199554714947
24 0.29732969719403163
17 0.30270900693808866
19 0.31486958576057317
16 0.3280557803002131
25 0.3414354190407077
27 0.3753407615037727
26 0.44512201809598095
33 0.47020889352201745
22 0.5116922939267317
6 0.5117325133670386
8 0.6115206712785975
18 0.6437637128530069
35 0.7476800840858782
36 0.7645202048066627
43 0.7670867426959956
12 0.7759567174627366
42 0.7958492435301622
38 0.8717859243976738
40 0.9352869525756983
30 0.9702413662029604
29 1.00543841665933
14 1.0497969572233998
31 1.0547371821289961
46 1.159741026642305
32 1.1633316400638425
5 1.2220089342010712
37 1.241776367304981
56 1.3875690001611372
98 1.4934560391932805
10 1.541235554806118
28 1.7685720902779993
60 1.8016921421588674
11 1.9140779924950253
47 2.003295116632565
34 2.0941704303653585
64 2.1553454627114523
39 2.2793521404699626
78 2.344928241804945
52 2.3978787128657872
15 2.413546890032428
55 2.593840137675173
4 2.7224609528359474
51 2.7966386595567956
61 2.959212275882078
9 3.009460407981036
53 3.0441895895963023
54 3.05926849393124
66 3.1539318231241644
49 3.2093728450096104
58 3.234892495115312
50 3.3236201714359503
81 3.3350902268471403
59 3.34568785414866
77 3.664948593212727
2 3.7866667326099632
44 4.14500094485427
70 4.200556889617625
41 4.299382590598112
69 4.36529374861258
48 4.412886047319267
67 4.414137123243606
57 4.834032351678744
95 4.8570473162437215
63 5.017890096564415
74 5.3071131989358005
3 5.56856499744898
79 5.862214621985218
75 5.931593868806834
68 6.128095635068402
76 6.218954951368936
86 6.309595577108232
80 6.348526918668736
83 6.4603173022187335
45 6.556168339366437
84 6.701183595113678
88 6.737953417680928
73 6.902690009854276
82 7.211081614392112
65 7.601966541855635
1 7.736428024945934
93 7.9866248187071225
62 8.134855113615034
71 8.160534156277249
72 8.210593064961847
89 8.416525015111416
99 9.02374094340391
85 9.409057691407297
91 9.51654018176311
94 10.163699150992242
100 10.70905115764344
92 11.04488334688069
87 11.973221102683707
96 12.018182177513523
90 12.31442007913702
97 13.142573498989119
0 31.121022666183283
