54 0.23508911601180024
53 0.3298306944966254
41 0.41550086313754486
51 0.4804793763573608
69 0.4908386202694179
78 0.4920147756542677
55 0.5005357376435097
48 0.5091696869379992
52 0.5093546579536327
44 0.5175708845025184
50 0.5797301766564562
59 0.6005552373191735
61 0.6311435590895575
57 0.6342890035809736
64 0.6909080007047681
58 0.7134248679421459
39 0.7183927200951359
63 0.7899680127987881
34 0.8129205006039084
66 0.8404196970652067
70 0.8824805150542682
81 0.8924896955648824
74 0.9167336557341559
60 1.0266485516930428
28 1.0876897065066604
47 1.1093715260874701
77 1.1246158068000558
49 1.1421793235378184
95 1.246257054030219
75 1.4074176224157733
67 1.5655806826602443
56 1.6057324819744325
80 1.6828061416646163
37 1.7021373354700888
98 1.739970274864509
79 1.747972215905641
45 1.9678496270938135
46 2.00203714291066
88 2.0337920412888013
32 2.0610416035750134
29 2.187688467108664
31 2.280000289614667
86 2.3354309666396724
76 2.3403903808641275
30 2.3796374758745
40 2.4076583330117556
38 2.550913873269059
68 2.6359685233268286
35 3.058293741750798
43 3.1454925427252363
73 3.1613194393186226
83 3.21726653241976
36 3.2218321224192343
65 3.427974553839769
84 3.4842882035886675
62 3.5414139120560826
42 3.5614999635626123
82 3.638429247843967
26 4.749553429759451
89 4.885970231574845
93 5.244017380737354
85 5.257423160668088
27 5.329791119724424
71 5.523360618872678
72 5.524277862454116
25 5.548251450780942
16 5.584244146346489
91 5.6179685352836195
17 5.821298122474848
24 5.921650636283254
94 5.969660686947329
7 6.477057027899517
99 6.878407772216284
92 7.2376019663803
33 8.452470954917079
87 8.640247404000709
21 8.764791640291872
100 9.204789932418327
23 9.306723787924149
90 9.373649409103455
13 10.56645922962631
22 10.99114534944872
96 11.075827876513173
20 11.766409295286932
97 12.726688421250127
19 13.53103251401473
6 15.635076613537533
8 16.9739101763536
18 17.586653311873324
12 18.407948508166918
14 21.38443142122794
5 22.43818216047655
10 24.684005761744956
15 27.65604261289901
11 27.788326755112195
9 32.270366300435384
4 32.552582326139486
2 38.46925401788991
3 47.72207951395021
1 58.53036965957777
0 153.7442729072896
