98 1.4329982973345277
47 1.4582114491017646
28 1.5292749504319851
60 1.54102179341289
56 1.541369644647141
34 1.5446863511836413
39 1.5602068427634683
64 1.5906027211253249
32 1.5906680382523635
46 1.6014352251516748
49 1.624906445901412
31 1.6253290087049612
55 1.6477900489605037
52 1.6501998205070865
61 1.652649847837431
66 1.6617007281222538
78 1.6685380032595534
51 1.6759507249857564
81 1.6852619709197325
58 1.694245492295562
42 1.694727807368876
50 1.745887700206384
59 1.750924502913862
77 1.755617160296345
40 1.7651104722924074
53 1.7792311430627683
43 1.8103875829645792
38 1.8168786177420977
36 1.8176047411849023
35 1.8916210377274962
70 1.9508179470539306
54 1.9748932618962232
67 1.9754097430640236
44 2.001506050723199
37 2.070589482833305
69 2.0862398336318386
41 2.096230130549936
48 2.097159537348014
29 2.1195172927370716
95 2.1247772947099692
30 2.196478986228071
57 2.206923500338742
63 2.2309426941971795
26 2.2357210777203584
74 2.3089679161438026
27 2.387685915973322
79 2.421975130846643
75 2.4493470622351077
68 2.5023416973527715
76 2.5345045455466955
80 2.5627252248527355
86 2.565903130520592
45 2.6155609349972595
83 2.633540004921988
33 2.634804095132045
88 2.6693307880093706
84 2.74310725669206
73 2.791805873104734
16 2.796139004217907
25 2.8054277631568105
17 2.831280387436988
24 2.848190069539283
7 2.8696828274207173
82 2.8801098957323386
65 2.957234969783557
62 3.093520415179368
22 3.2494362924100164
93 3.2656539205097843
89 3.2978390883916378
71 3.340682094633848
72 3.3495940072586716
21 3.4617073134389393
85 3.5497264095199794
23 3.584483718830451
91 3.6415611254065463
99 3.7350689289216876
94 3.785293960819229
13 3.8428896249967908
20 4.083166662896138
92 4.126334569370169
100 4.4545483801304755
19 4.48212184915827
87 4.500706192601141
90 4.68920305265978
6 4.812091776109287
96 4.992299581505863
8 5.140470306822713
18 5.335801907093007
97 5.40450726257779
12 5.414625867566546
14 6.16978601085264
5 6.336221406043056
10 6.79601090070477
15 6.9083538628722145
11 7.573720157774776
9 8.089584830110073
4 8.567244374562854
2 9.832689625257585
3 11.860601580605
1 14.388557740937419
0 36.147778947069604
