29 0.14118273182697766
40 0.14228669447755138
38 0.1454734589521845
46 0.17014457794192028
30 0.17928348116917836
37 0.18672467524162414
56 0.1890636915904856
32 0.19259710197879973
31 0.19530308416144068
35 0.21551312909259174
28 0.26611063761787546
60 0.2714455408591384
43 0.27386549268780785
36 0.2978895227430972
98 0.30292594966693476
34 0.3925818790847006
47 0.4053560112798133
64 0.40538384016055573
42 0.46384379889639055
39 0.47982639185177667
26 0.5162079091693509
78 0.5232298475675333
52 0.5416248420755464
25 0.6053965108582721
16 0.6077899913585227
27 0.6340025556249514
55 0.6530565804397324
17 0.6592552890603848
24 0.6848222127208515
51 0.79416619796163
7 0.8243612697389384
61 0.8856879312741633
53 0.9731265338195184
66 1.0589936372970383
58 1.0866540619987455
49 1.128673645306046
50 1.1500154969267131
54 1.1622657650924295
81 1.1649947714956723
59 1.1755301733090877
21 1.3887112652718514
77 1.4279907895263162
23 1.5377480173632503
33 1.8202313452217778
70 1.8503099747481466
44 1.8627190314055757
13 1.904986419680805
67 2.043079497320368
41 2.093641889839978
69 2.112708683627376
48 2.157254944178611
20 2.2784649744379353
95 2.4189034066348625
57 2.581499472951997
22 2.5862966584441813
63 2.712247944056737
19 2.8200089981395187
74 3.0207203582914355
79 3.3993763159204886
75 3.5735180151216004
68 3.578688806722811
6 3.638322531294069
76 3.703958565568981
86 3.8167715242461244
83 3.8997653746096694
80 4.010946255824567
8 4.063881263874954
84 4.15411959073821
45 4.170365371766507
18 4.220001335966787
88 4.395981743807129
73 4.397026053485419
12 4.617976140790277
82 4.668130716240814
65 5.138452186121418
93 5.466592630538185
14 5.584808648254147
71 5.6462933653872485
72 5.7016017322012384
62 5.792131644256718
89 5.938603238962127
5 6.064688075004705
99 6.571985748425869
10 6.962408490867296
85 7.1141774481922395
91 7.210912030392587
94 7.980010750566735
11 8.03674962645142
100 8.428670133116823
15 8.840831115017497
92 8.951060805997177
96 9.896689184552823
87 9.991681541837847
4 10.05609757121928
90 10.36285092152879
9 10.473700093818
97 11.17159268968454
2 12.56619589861341
3 16.53769176196248
1 21.198045046669858
0 65.78881628080069
