97 36.44664601075072
96 41.85016253651328
90 45.10261581020036
87 47.79987965553424
100 48.94051977769449
92 53.92715575271613
99 60.07634106727285
94 60.4217292539008
91 62.49548061224565
85 64.57385696363939
72 67.19893852397908
71 67.5362706534315
89 68.5506520865958
93 69.12114547067947
62 76.62065407961838
65 78.0644746048187
82 78.66625094024424
73 81.78052845968354
84 81.8140566864774
83 84.34864497711537
68 89.32397173879953
86 89.38925238328012
76 90.10343177303992
88 91.80758057700658
45 92.1896751546964
79 95.66534644757694
80 96.34378798505274
75 99.93303801732152
95 105.96131238372838
74 109.2777713377466
67 109.49895893356145
63 111.45491721901466
57 115.88931330244384
70 116.04888669981683
48 118.80938289761018
69 119.98797352196887
44 120.79799744310046
77 121.93766636460664
41 122.83978960241627
81 128.91431644986446
49 129.92476704443848
59 130.0288003476669
50 130.97748702546974
58 131.39853044168726
66 131.52725485428982
61 137.13705210495544
53 138.85314155547664
51 141.93076393565747
55 147.0247885723384
54 147.33577949177368
52 150.93152162562535
39 153.25193154074
78 153.96014275656714
64 156.47589801133626
34 158.55324562494224
47 159.86478308930057
60 166.18656708581892
28 167.75430100991917
98 177.92493656599746
56 181.92049405602447
46 190.98487530853492
32 191.95999946684074
37 195.08613608065465
31 196.3344555371381
40 201.55786460758034
29 204.1179174544498
38 204.87863020225788
30 207.3432663622936
43 212.44724752533588
35 213.36698747920482
36 213.7840256052872
42 214.27442749501904
26 237.5817997571995
27 245.1462578207699
25 250.61443542660135
16 250.84981204575172
17 253.4535295490555
24 254.6733924329013
7 260.0950018521696
33 275.30769591978725
21 284.9193381223517
23 290.22726622537783
22 301.0591697812885
13 302.05438317091586
20 312.81724714925156
19 328.4706397648181
6 344.7601835345527
8 355.80173401130696
18 361.10203892526914
12 366.8893457712374
14 389.8715897067525
5 396.9875354263787
10 412.68647219859804
15 430.9462587800241
11 434.8470983739245
9 462.34774146811833
4 465.82826309494277
2 503.0935548531474
3 558.9168320691597
1 620.0251610184474
0 1089.3771317784933
