90 0.13119117497315555
96 0.16174899366282006
87 0.16280864572246093
97 0.19824115548188295
100 0.21855150071270465
92 0.22899519822840572
91 0.3517764130011571
94 0.353466275503071
85 0.43135751130422634
99 0.4661702234670054
89 0.5569076649767802
72 0.6398286331791324
71 0.6725808859659256
93 0.714700662003635
62 0.8418615235582732
65 0.8813818039862156
82 0.9737556703037433
73 1.1076262194817925
84 1.2074029661784975
83 1.3316947739711444
86 1.428177657189372
76 1.472226156294961
88 1.5088465525844443
68 1.5159766901182963
45 1.519134508699076
79 1.728681375056784
80 1.7316398573751752
75 1.9178553984865034
95 2.399356801735805
74 2.4393894999322856
63 2.57170496286023
57 2.8244750375043752
67 2.852916896370686
70 3.0217897210405607
48 3.0332449715331276
69 3.1063981695232754
44 3.187671269315713
41 3.2709036070628397
77 3.682089341581234
59 4.023800014385103
50 4.060459146794442
81 4.101872597550826
58 4.197080007830918
66 4.325711276669138
49 4.3729459632343275
53 4.504708548497281
61 4.59975286849071
51 4.844874749731531
54 4.937767015577134
55 5.208246005351268
52 5.520459781434009
78 5.666480527126259
39 5.82442815387175
64 6.040120721321513
34 6.236528656181928
47 6.569434765667851
60 6.911346690695206
28 7.0447396109494465
98 8.16509788632896
56 8.235381529976861
37 8.772227271769276
46 9.023239531752298
32 9.115303068567478
31 9.519392486282607
29 9.55687484546974
40 9.804052915712084
30 9.815675965302088
38 10.070046447485764
35 10.811350495652569
43 10.886723978372816
36 11.002595908386754
42 11.334244797941613
26 12.988360264168238
27 13.657473518183584
25 13.743624492703724
16 13.795917260502776
17 14.06345120712043
24 14.174322202282726
7 14.823316870048624
21 17.059080901678893
33 17.133511638155635
23 17.573726474073744
13 18.765442983129944
22 19.591274664024002
20 19.87752805266822
19 21.423666657849513
6 23.341957733076736
8 24.434049237173145
18 24.88930235712127
12 25.65953585467768
14 27.957206120918595
5 28.857186320786088
10 30.636294397768957
11 32.91952106328484
15 33.37699587633517
4 36.547100889678575
9 36.67631384756907
2 40.883992677171584
3 47.431203352361926
1 54.73376319798691
0 114.55382009481984
