97 5.370137859749757
96 6.4074429914268185
90 6.613548665315694
87 7.083116734455908
100 7.824981168767251
92 8.154005698673888
94 9.296278049159106
91 9.766831654849712
99 10.055182396108728
85 10.118994562680227
89 11.149500909653755
72 11.32413230669065
71 11.442992873014513
93 11.715835145641334
62 12.259137547500952
65 12.738267834403054
82 13.195105635598757
73 13.78345081993513
84 14.107814545310445
83 14.617337016813762
88 15.008890488177643
86 15.082875390582736
45 15.172192350671919
76 15.264931851236758
68 15.389801983900393
80 15.843829592944404
79 16.179007506174404
75 16.60199922024953
74 18.287602378123257
95 18.523461107895606
63 18.816088708750872
57 19.531637705640026
67 19.878045260453582
48 20.31601088069564
70 20.491094155699415
69 20.531023958987813
44 20.896657830005815
41 20.944767674756935
77 22.39935520109257
59 23.424898403173238
50 23.531576104188964
81 23.627983659796985
58 23.915088870802137
66 24.238527786985653
49 24.314912497891385
53 24.70556370936442
61 25.027923402983255
54 25.538341315752817
51 25.675414987517645
55 26.648803213731902
52 27.460495525379738
78 27.80706186791857
39 28.271958738719984
64 28.81684202777848
34 29.323687230708796
47 30.1590136502313
60 31.017344619214626
28 31.344903673229577
98 34.06895574901658
56 34.21822217190569
37 35.11348912870881
46 36.07002534224087
32 36.29365085950412
29 36.95763448901687
31 37.227836878111795
30 37.492948189187175
40 37.825040917000194
38 38.42596235714801
35 40.09396255445074
43 40.30708034492909
36 40.57180779383941
42 41.35473381470556
26 44.832113864005116
25 46.08232408927433
16 46.228614603079244
27 46.24320892809314
17 46.81071074954983
24 47.03314643892611
7 48.51379047054288
21 52.98276156038768
33 53.701857836728614
23 54.013941130124486
13 56.42738380997918
22 58.638214777884635
20 58.67549114972372
19 61.694488534697854
6 65.60092442066592
8 67.65486260855936
18 68.45479395894206
12 70.053968556649
14 74.28804367965215
5 76.06776509512034
10 79.42912297208885
11 83.55254631975194
15 84.9246858859655
4 90.29045354211125
9 90.8390716155338
2 98.17586622542305
3 109.83047858990015
1 122.55994576793118
0 222.07657612506287
