74 0.3540935758084621
75 0.4239108486172688
57 0.42784292880388897
63 0.435543812025744
80 0.4367988309966189
88 0.5516285955270009
45 0.5973793496244866
48 0.6159554375969706
41 0.6268201691788617
69 0.640019808301721
79 0.8291362800694467
44 0.8682740895155786
95 1.0716696797614926
86 1.1422655401163746
76 1.233756020562674
70 1.2843760057109257
62 1.3179567434782407
65 1.4984731018839355
54 1.6297923358178097
68 1.6573413059790028
73 1.674602390011437
53 1.7634943887740617
59 1.8155307572847876
50 1.824101266334016
67 1.9419919661023586
82 1.99265100844511
83 2.0823843151255894
58 2.1196412294488742
77 2.1972437927484836
84 2.2002279468708905
51 2.270416785989207
81 2.274852971505592
61 2.3243773979269546
66 2.3477788015741456
85 2.454988991239163
55 2.562539772109568
89 2.601009591538339
49 2.7566575386525995
52 2.758792855400412
91 2.801789103265404
78 2.803645343957671
94 2.8561784737093436
39 3.2758822635653457
93 3.300636368025637
64 3.3532067568357076
72 3.4600671748347653
71 3.514235379513977
34 3.647544905730188
92 3.790056661211294
47 4.237299568141307
60 4.30569198925245
28 4.462484053133278
99 4.475805183805046
87 4.8710505690289905
90 5.49758425348878
37 5.673827833802788
56 5.725659934088709
98 5.9420369065573375
100 6.095760106316018
46 6.585692141134174
29 6.666314513752487
32 6.73369207715026
30 6.95240269262801
31 7.185695529550011
40 7.365603191260616
96 7.478905242343124
38 7.660327468070297
35 8.601791621966015
97 8.74398374404167
43 8.790789640779257
36 8.953729865180373
42 9.555216280084599
26 11.449497052707216
25 12.289984144477337
27 12.361744679308815
16 12.383246137591023
17 12.77374668053574
24 12.922839658095965
7 13.918714854434125
21 17.230431996376172
33 17.523414399225917
23 18.01744059174302
13 19.876390916480393
22 21.226617047513727
20 21.643458265854182
19 24.133865912859296
6 27.265641357823093
8 29.07585802995597
18 29.85004107966858
12 31.12205964266975
14 35.05996509908397
5 36.57777031559388
10 39.641775541614926
11 43.69451227569373
15 44.1600617943841
9 50.09841894319065
4 50.10030348066155
2 57.90960884561392
3 69.93007035086897
1 83.6778287951716
0 201.70839860911695
