87 0.03277333638247411
90 0.03405470395369604
92 0.03819556203567697
94 0.046914483547210215
85 0.060577617695635244
97 0.06356457552611905
91 0.06550378508327503
96 0.07398821438163636
62 0.08415076785057043
100 0.08961905788701593
89 0.10221047894639185
65 0.1094119283265071
99 0.12131581210001675
88 0.12454366738320478
45 0.13369617782938678
72 0.13462274178551778
80 0.13947769297202128
71 0.1414176491475421
93 0.14262430267222076
82 0.14318236493519262
73 0.14945847075966393
75 0.1586401506531738
86 0.1604514108196594
76 0.17113062507516613
79 0.17528924469953
84 0.17868288992143322
74 0.18703129084229966
83 0.18898113253733945
68 0.19255895341873194
63 0.20506362161755104
57 0.21419930127459627
95 0.2415285411389163
48 0.2438306587407266
69 0.24705410622782434
41 0.2491114197222788
44 0.2722901514767848
70 0.2970876924747881
67 0.31744175866158086
54 0.3497109984763309
59 0.3738880811949888
50 0.3753951178067569
53 0.37577516729011284
77 0.38183218668720154
58 0.4003869747749864
81 0.4066926276358094
66 0.4147829795022753
61 0.42405644189134967
51 0.4255238408588049
49 0.4424139564167379
55 0.4525898186152279
52 0.46796714261374495
78 0.4709388293965714
39 0.512533408123989
64 0.5157065640706542
34 0.5432552055979459
47 0.5907163935818303
60 0.592161137395168
28 0.6044441045541006
37 0.6156636000851851
29 0.6742222624064876
30 0.6810566913113736
56 0.688864663993548
98 0.7161124355260539
46 0.7395873814691651
32 0.7530606950379257
40 0.7705412789135997
31 0.7775227774229938
38 0.783972923760838
35 0.8365031597810042
43 0.8591524535010633
36 0.8708390619453269
42 0.9221509767299532
25 0.9336794061363997
16 0.9439768820205794
17 0.9641215284579023
24 0.968454057030221
26 0.9709125095579398
27 1.0084676639960495
7 1.034920483042712
21 1.1485525913210477
23 1.1782992125849383
13 1.2561536708748453
33 1.3037860066188174
20 1.3327304477073503
19 1.4247763168344667
22 1.4498789493623805
6 1.5822127301921916
8 1.639502127858162
18 1.6529087640649578
12 1.7292572765696839
14 1.8487797055398911
5 1.924554465272419
10 2.045332509637305
11 2.1686217186703645
15 2.3234594304353178
4 2.421363651169261
9 2.5046366419976502
2 2.712526216180158
3 3.137535762599766
1 3.5990100699864835
0 7.45553261525045
