97 5.855754695091182
96 6.524429703196851
90 7.269237426560834
100 7.408675438407984
87 7.648449918709438
92 8.41546303901405
99 8.772464771720804
94 9.217194481161219
91 9.367315823194199
72 9.663471977696453
85 9.670340297654771
71 9.698749894999393
93 9.896891151447235
89 9.964932592710321
82 11.134995011501012
62 11.14900320947572
65 11.20560556235699
84 11.452499051740746
73 11.573162523139597
83 11.750155768137464
68 12.364710839075167
86 12.50061441678
76 12.545766811433964
88 12.953680394165152
45 12.972425462311886
79 13.285028973939335
80 13.483375872089491
75 13.885370415038047
95 14.42567846288926
67 14.7028850621408
74 14.981595365487175
63 15.212815933486814
70 15.53890738955139
57 15.738437810414286
48 16.04699054535421
77 16.13207228069534
69 16.175323465960002
44 16.189751718732122
41 16.525274009385694
81 16.923513233443042
49 17.0721556807455
59 17.162689386891017
50 17.23308474610732
58 17.257561760981822
66 17.31968557665088
61 17.921069356725326
53 18.227061498486815
51 18.535382544772606
55 19.071965891044638
54 19.33107279496314
52 19.58010112559548
39 19.750043142170792
78 19.90601328226464
64 20.160468016040195
34 20.346379605151448
47 20.49039868887402
60 21.250019025059725
28 21.408056007002966
98 22.48527825104662
56 22.99539708989593
46 24.03968910856628
32 24.10382139403046
31 24.617533831995974
37 24.67425830117869
40 25.269276815910274
38 25.63364981273611
29 25.653539212615772
30 26.0404300429937
43 26.450430534454004
35 26.553145982348745
36 26.57026673042005
42 26.6369173799995
26 29.271305668965557
27 30.12045499125243
25 30.827338576766447
16 30.8514200112929
17 31.138549842067302
24 31.270898771473902
7 31.85456615200515
33 33.40135166697365
21 34.594227033346094
23 35.17852553759427
22 36.2476013306178
13 36.47102334470496
20 37.64541788100511
19 39.34550816563761
6 41.11786325954163
8 42.32070237793369
18 42.895587687684085
12 43.50977317276367
14 46.00784971848024
5 46.77934690257819
10 48.48223485788369
15 50.40106268437202
11 50.86460834154716
9 53.80110306388173
4 54.20649828855155
2 58.20043557237877
3 64.16310590176414
1 70.73089122279889
0 120.38339505165628
