97 4.113419320506131
96 4.969609797518805
90 5.3436476159359225
87 5.7695917808906785
100 6.129871442118234
92 6.7166995675382095
94 7.733817776110369
99 7.963312223629012
91 8.07979109895256
85 8.406297784496054
72 9.071409667074006
89 9.120379862256181
71 9.16611628727261
93 9.404026106726127
62 10.339432539220908
65 10.62505626382703
82 10.823472602754187
73 11.391008407227615
84 11.485492268560478
83 11.913035175334581
86 12.573033196124069
68 12.651640972020553
76 12.699921376686538
88 12.811997865922551
45 12.91073614090321
80 13.562053942832538
79 13.613694850877227
75 14.19767701745493
95 15.48598917335495
74 15.73465668604829
63 16.151801289179236
67 16.354938072639804
57 16.85172796789734
70 17.198849715709926
48 17.447442516081487
69 17.627454815691785
44 17.817735076019332
41 18.06920683328028
77 18.513513737840956
81 19.630334148742165
59 19.7110174873076
50 19.796216160351236
58 19.99936091287916
49 20.081645114234558
66 20.19761754024659
61 20.972079786804777
53 21.03495980232906
51 21.742619345260877
54 22.235136552648587
55 22.57263576261919
52 23.320933075252256
78 23.73738418404636
39 23.803905190113117
64 24.34586168655035
34 24.741522391726146
47 25.233623327848473
60 26.194872635910105
28 26.465195176473426
98 28.499660407496656
56 28.98228202732418
46 30.623792357551423
37 30.704506041943056
32 30.775467666026977
31 31.57966914608908
29 32.31555439827731
40 32.388819938555656
30 32.86102168153506
38 32.93192432157077
35 34.42258053952159
43 34.42330447231515
36 34.639491693826656
42 35.03276618577239
26 38.73812802374597
27 40.06739700719283
25 40.58862067422311
16 40.681598308980725
17 41.17538073030824
24 41.37238999377388
7 42.521021516081746
33 46.01633451854957
21 46.792248092902845
23 47.73755738036717
13 49.89611752765223
22 50.607033525031774
20 51.88899955386964
19 54.673616067529686
6 57.91899553561668
8 59.85256603163419
18 60.70398038200649
12 61.94037300601766
14 65.97856561029734
5 67.43183448286982
10 70.3914311297902
11 74.3070760781891
15 74.41191686794838
9 80.04995515904231
4 80.21715899331232
2 87.23669599120741
3 97.68178253916662
1 109.2085637208623
0 198.76108910153104
