97 516.8621323285366
96 523.6725925685867
100 531.7871154618031
90 535.5443016136644
87 539.4327284281374
99 543.7867361099713
92 546.9272422725442
72 552.6392387684389
71 552.6621859907492
94 554.4737813171196
93 554.5780177827149
91 555.1561306628433
85 557.9166633016165
89 558.3650208613042
82 567.3533088969078
84 568.1201745726916
65 570.1247488045215
83 570.3303635926247
62 571.0371831956248
73 571.2416534999251
68 576.3135902661131
86 579.3347134546334
76 579.4538483012042
45 585.5145700872549
88 585.8884146413837
79 586.03115451218
80 590.0314706079042
67 591.4690078514989
95 592.5580057090338
75 592.6247893388988
70 600.9940200307028
74 601.1401845339325
77 601.5050018235137
63 602.2506675979749
49 606.6430656362794
57 606.6489747828068
81 607.7305427905466
48 607.8606727669273
44 607.9001717499458
69 608.7001490832142
66 610.1487244815986
58 611.050789219853
59 611.5264378598777
41 611.7930699046167
50 612.2596007882707
61 615.475617780837
53 620.4374838636169
51 621.3052264571356
55 624.8708066895153
39 627.5420372940641
52 628.0081739786453
47 630.1372772094106
64 630.432990382802
54 631.252813834214
78 631.4192089124582
34 631.5721291826519
60 636.5998564343313
28 637.5754523768275
98 641.4631522537613
56 647.4443402424047
46 653.6173399595118
32 653.904189109978
31 656.6427426410811
40 662.305034192778
37 663.5784349209804
38 664.5330465052232
42 666.8757378654424
43 668.1083475703122
36 668.8121815975193
29 669.1881226889782
35 670.1090033928716
30 671.7417618449256
26 686.0117403098535
27 691.0547948985171
16 698.4829112585453
25 698.6423674731275
17 699.8467688797585
24 700.6059188690134
7 702.6037940818702
33 704.4564968592505
21 718.5717359706464
22 720.332743948313
23 721.689680070943
13 728.2207966081453
20 733.9619952797931
19 742.8370725404986
6 749.9824558272877
8 756.2686055467556
18 759.7203137737908
12 761.6288172340467
14 774.4936063627802
5 777.2931672005525
10 784.7641880361109
15 789.4833397044971
11 796.5435350297388
9 806.053590493457
4 810.5248443130507
2 827.4475630783343
3 852.3375601919014
1 878.8455864768301
0 1057.5596645519397
