25 0.22409615752940273
16 0.22961477147695578
17 0.2376882726597786
24 0.2400456154666113
7 0.31200367737779444
21 0.4277528094564815
27 0.4721602378979124
23 0.4855922704074235
26 0.5052484673663129
30 0.5757239189536904
29 0.6302803566036674
13 0.6602783823426841
35 0.6894942750880856
38 0.7684578396246425
43 0.7777746449067089
36 0.7921044994657145
37 0.8183255967973329
40 0.8397301130349485
20 0.8629930143430389
42 0.9614557755379166
31 1.0492472760123157
33 1.125819452130744
46 1.1284116391969015
19 1.157222842749767
32 1.1600224677019193
56 1.360509914809897
22 1.4292976649320872
98 1.6055026418195886
6 1.7234781307413558
28 1.7311134240422845
60 1.7537487043024957
8 1.9746611784652344
18 2.049564323479573
34 2.0691232796029824
64 2.0708097925524536
47 2.0881152851789024
78 2.2041163008411906
39 2.266803529845169
52 2.2888622585274603
12 2.3630816741971183
55 2.5399941444757252
54 2.698580025900291
51 2.7726577674872304
53 2.9292842244270694
14 2.9825337913381365
61 3.0389007240392867
5 3.350691406025407
66 3.353636729320413
58 3.3946995408368186
50 3.4219843036010618
59 3.453560851339304
49 3.5471515071403514
81 3.586720318985463
10 4.009537924521804
77 4.034531182003778
44 4.182684029920707
41 4.2050173273159475
69 4.335831762332787
48 4.408889852977473
70 4.460528630589741
11 4.774802507384991
57 4.828158811834768
67 4.961706122858422
63 5.100697175574536
95 5.218266524124513
74 5.41093171891504
15 5.579834500112502
75 6.2293009781810005
4 6.334745167865675
79 6.360616738523898
80 6.716021312542232
9 6.772590556861246
76 6.936799579737859
68 6.9597980003668996
86 7.0083140517464
45 7.040070681875257
88 7.2158858717802
83 7.478333720435599
84 7.804163090609278
73 7.877462912681115
82 8.310993638055736
2 8.317694592133929
65 8.570363012915031
62 9.06082882445326
93 9.559468455120168
71 9.807778764846772
89 9.819702835248712
72 9.846310873303615
85 10.80571739905626
99 10.999910864422574
91 11.056701740308938
3 11.529598987362107
94 11.712124000310938
92 12.910684924984603
100 13.227336868039256
87 14.180028576844855
90 14.720245817821755
96 14.949041192544714
1 15.358557638401836
97 16.401324640443015
0 54.2252631240984
