0 -4.7513638230672024e+16
97 -2.203579380610966e+16
96 -2.076333453211261e+16
100 -1.911819012298795e+16
90 -1.6736569813049062e+16
99 -1.668872998359109e+16
87 -1.5768902348864482e+16
71 -1.4761433613315208e+16
72 -1.4748977702157014e+16
93 -1.4410614767277482e+16
92 -1.4258741633988162e+16
91 -1.308302972437676e+16
89 -1.2932806095541096e+16
94 -1.282409248971937e+16
1 -1.2526845853843712e+16
85 -1.2399287636873158e+16
84 -1.1845373345452546e+16
82 -1.1585516455570702e+16
83 -1.1320407718600138e+16
73 -1.096026848828227e+16
65 -1.0558400401255182e+16
68 -1.0200902770601164e+16
62 -1.0111107545055088e+16
76 -9514716122484890.0
86 -9469143758950138.0
3 -8970867769727475.0
67 -8491661104279661.0
79 -8244550996473784.0
45 -8001774106660552.0
88 -7923920632846333.0
95 -7598799354925152.0
80 -7354884438572717.0
77 -7093006079104411.0
75 -7034181231585976.0
70 -6704843535623959.0
49 -6612932002425601.0
2 -6272054444013785.0
81 -6216434573980391.0
74 -5993856899689631.0
66 -5992624484742507.0
63 -5880116018890714.0
58 -5706198449367224.0
59 -5523233478603409.0
44 -5501108466378600.0
50 -5458136081754025.0
57 -5335615688411050.0
48 -5327432740361629.0
69 -5213130766700795.0
61 -5139983547870328.0
41 -4829997320263177.0
4 -4688932383989262.0
51 -4462506256719017.5
53 -4305249083716814.5
55 -4100656209898441.5
39 -3996821029590966.0
9 -3988020284119744.0
47 -3980930457562434.0
52 -3733235241780357.0
34 -3664592020792428.0
64 -3618981731414403.5
11 -3552352961925578.0
78 -3470024092368712.5
60 -3180954192258806.0
28 -3135595804515788.0
98 -3055680816260080.5
54 -3003363721632075.5
10 -2637733533369735.5
15 -2613332468625658.5
56 -2439479577237204.5
5 -2173781140015441.8
14 -2035895887487596.2
32 -1992940469156392.2
46 -1990506868297985.5
31 -1808756353157427.0
40 -1356962758519794.2
42 -1324177656296617.8
12 -1292914993165474.5
18 -1237005461914065.0
38 -1224607322465006.0
43 -1121949503533664.9
36 -1088104878605770.1
8 -1054680696357850.8
37 -1000193580492097.8
35 -965110093160654.5
6 -792389587335937.0
29 -780056212003623.2
30 -660017137818782.4
19 -573811373523662.8
26 -369029096724247.44
20 -315778627893755.6
27 -227225411014542.8
13 -190988030386339.22
23 -88575124443004.58
33 -81631327378488.36
21 -52795858326809.01
16 -45027775131940.75
25 -44271302549847.56
17 -34592607132075.402
24 -31214667213929.793
7 -21712076065597.387
22 -10176147921044.605
