26 1.0141922745280456
27 1.0436795843073818
35 1.0501514995275898
36 1.0866446823803058
43 1.0884554352750826
38 1.1271861192772417
40 1.1684961879308786
7 1.1944048254572397
16 1.2128188878502864
17 1.2147446040524315
42 1.220852240061983
24 1.2475257593952302
25 1.2590102760263733
31 1.2721303604638206
32 1.3471455303335682
46 1.3515292798987981
29 1.465204238304668
30 1.5171067401404188
56 1.5495457517288773
21 1.623085752695687
98 1.6975777175355269
23 1.7363517823572319
37 1.7455692914265313
33 1.8287019033644274
28 1.926032094094986
60 1.9660321890408556
13 1.9857944227338238
47 2.221329058587384
20 2.241674625156179
34 2.292368557931365
22 2.386965570425727
64 2.4149271845938154
39 2.526849364426643
78 2.6309176826514022
19 2.6945741401106815
52 2.706123859519675
55 2.9150080914055123
51 3.186488713342291
6 3.292894100051843
61 3.390768116508556
53 3.648620416563169
66 3.68125038482943
8 3.6988895216259694
58 3.7306148061050592
49 3.746710376173154
81 3.8528177813210154
50 3.8712090738714213
18 3.877299442214369
59 3.9009481900737675
54 4.0675157631473775
12 4.173368234187446
77 4.321692601228835
70 5.072413250453691
14 5.12432945654956
44 5.194587837174897
67 5.38593116441312
5 5.538058700003861
41 5.674018935695225
69 5.687670264566214
48 5.711715360819761
95 6.1249118674111145
10 6.38777745659848
57 6.493209119197953
63 6.679118963375777
74 7.219873940772696
11 7.473306977228493
79 7.6648605726393155
68 7.903344092113894
75 8.050248051349055
76 8.110431326925822
15 8.223913330376906
86 8.320593649090727
83 8.3681976381057
84 8.745177203563186
80 8.765039850234885
45 8.961252331974787
73 9.10273635375763
88 9.358607011093834
4 9.447506753151066
82 9.563531117471838
9 9.8698910979411
65 10.325049462720314
93 10.713385627429515
71 10.963520651479994
72 11.070636286068954
62 11.41201678390422
89 11.437570115490178
2 12.000069225599308
99 12.370999609019234
91 13.271572477621726
85 13.317796947839986
94 14.60010382725075
100 15.021344136966714
92 15.982672452947057
3 16.15195571957903
96 17.10480584821841
87 17.450357987331532
90 17.909590031253405
97 18.970699223380954
1 21.08075739802856
0 70.61410506292736
