44 0.2066669301616966
48 0.21818308216151633
41 0.22612275442941107
69 0.2266678503677486
53 0.23049257873107426
59 0.24443079075101787
50 0.2495629702566728
54 0.2508435627152885
70 0.25511555710462824
51 0.26843433559933727
57 0.28075764928841734
58 0.29378975160186194
63 0.2989232173288793
55 0.310308427284587
61 0.3140808943715565
78 0.3204463786289705
66 0.32758452650627357
52 0.32980425275956154
95 0.3318750366695429
81 0.3370706425545217
74 0.34901043540929383
77 0.3554541822130491
67 0.3973112245492761
49 0.41246638911128697
39 0.43023726860334205
64 0.44231490573347443
75 0.45271462074653535
79 0.45938925977831957
34 0.48097201677385715
80 0.5422848227584967
76 0.5718522577473727
86 0.5822751274802104
45 0.5883008628509784
60 0.5924402449537715
47 0.6030685411725962
68 0.6164838923635003
28 0.621871023695669
88 0.6326646598191867
83 0.7320637473360062
73 0.7522237899275352
84 0.7912450391976397
37 0.8196467912465264
56 0.8507621139008766
82 0.8643872034544814
65 0.8920162496207967
98 0.9424326425400054
29 0.9923666510605822
62 1.014379348633578
46 1.0173158641053102
32 1.0544590004357395
30 1.0545481798978158
40 1.1487227627464909
31 1.1504378186005237
89 1.200022257024611
93 1.2020561391882911
38 1.214753577413546
71 1.266896952919473
72 1.272157925133082
35 1.401981895112511
85 1.4454542336047427
43 1.4622700504376671
91 1.4885039465209235
36 1.500494750445084
99 1.5947339397868505
42 1.6617905030472901
94 1.6924514468333738
26 1.9863709137413552
92 2.0332259619004533
25 2.119327267232379
16 2.1364824250905667
27 2.173822032186055
100 2.2080157648122514
17 2.2207615505315816
24 2.256906968250512
87 2.4126105090186822
7 2.4742233930021498
90 2.5737901396211313
96 2.722755782014455
21 3.1738378620930643
97 3.1920663447649362
23 3.34675558499295
33 3.4381253624794903
13 3.7585743738152178
20 4.153417744716059
22 4.254560149508412
19 4.705334064166182
6 5.455023085339211
8 5.862634178205552
18 6.022300428884317
12 6.346642370813998
14 7.2289209953346765
5 7.612374010655816
10 8.350215199306854
11 9.2723333840719
15 9.6409807153268
4 10.841086173303843
9 10.995087888826433
2 12.748234754892177
3 15.703133236140786
1 19.08732339362312
0 49.05538705096421
