8 0.009690688512831886
12 0.009944146578546555
18 0.010078214054423364
6 0.010079755732447189
14 0.01246384701598902
5 0.014651400524680265
19 0.015492068478875791
20 0.01985381299361018
10 0.020180724834712675
22 0.022106002658581585
13 0.025729385057645007
11 0.027153661395803663
33 0.03171096248060504
23 0.03289278456729565
21 0.03565942550609461
4 0.0469873041455165
7 0.047838453567363846
15 0.048005571652340456
27 0.05401956935333124
24 0.059403001019014315
17 0.059896439348278485
26 0.06054320228340445
9 0.06131579864294457
16 0.0636195271058981
25 0.06621901172979498
2 0.07757513264431785
42 0.08001534545610083
36 0.08299764822821354
43 0.08470597606840859
35 0.08689363681271269
38 0.0979040472956199
40 0.10304603863067867
31 0.10508029021504826
32 0.11313057179807505
46 0.11511690662529392
30 0.1253366903271343
29 0.12612180925501784
98 0.13001725536330616
56 0.13104710835990452
3 0.13308915725282489
37 0.14601687282463904
28 0.15739264523263874
60 0.16064087665103793
47 0.16904319470025236
34 0.18015103549059325
64 0.18610533517672348
39 0.19184069927690636
1 0.20418811194845057
78 0.2072279597317011
52 0.20757690814758248
55 0.21724970962939605
51 0.2322760166080684
61 0.2346392033437232
49 0.24334584981410567
66 0.2467255336187665
58 0.2516692686280449
81 0.25318627143975125
53 0.2533207715820431
50 0.26171520472445403
59 0.2641369017477229
77 0.2724519721631722
54 0.27615535130715907
70 0.316760874272798
67 0.3179917704282476
44 0.3270999500791554
69 0.349054023943863
41 0.34947642291240666
48 0.3526987747973831
95 0.3577930267860284
57 0.38439857667836375
63 0.3912850366572345
74 0.4137495448088396
68 0.42217806978168665
79 0.42594917054681075
83 0.436759475594336
76 0.4378522091530938
75 0.4463598143177662
86 0.4473297347494295
84 0.4515529636575427
80 0.47491278934989634
73 0.4758434211196658
45 0.48099189881616305
82 0.4872664657865213
88 0.4974209901257392
93 0.5194659857972005
65 0.5259707717429474
71 0.5277602152921477
72 0.5320859089794937
89 0.5588795186691089
62 0.5724115854594856
99 0.573639340095633
91 0.6367144791207762
85 0.637228161768288
100 0.6666441561800224
94 0.68603867669201
92 0.7324192820878905
96 0.7376266489093828
87 0.7809085119159898
90 0.7940441880636626
97 0.7990561159744161
0 1.1025699595514413
