97 0.2733884138649135
90 0.2944998945920278
87 0.3534781729043061
96 0.383809531117119
92 0.4883384058970855
100 0.5902421413808372
94 0.658788513231641
91 0.7263457941045317
85 0.7967931824559279
99 0.9983261421702622
89 1.0544351616433147
62 1.2008124780752658
72 1.2186397342010182
71 1.2584708271684553
93 1.304685044912736
65 1.3296046109903212
82 1.5234972544310403
73 1.6234900134540489
88 1.7979550074764636
84 1.8105147646579811
45 1.8401752423320459
86 1.8981101758989847
83 1.9400854538029284
76 1.9626896854673375
80 1.991742009674975
68 2.081176093238418
79 2.135504775815358
75 2.179465104476251
74 2.5955002561408143
63 2.742307089140225
95 2.8158157554109047
57 2.9159191488897434
48 3.146118219363814
69 3.211744805104263
41 3.3039807259925453
44 3.3573701268525245
67 3.3653249415112443
70 3.3675893492177917
77 4.097521195241927
59 4.229107559177036
50 4.263200484230547
81 4.430687098773797
58 4.446653027793586
53 4.503088606022499
66 4.571864505677429
54 4.586431637036087
49 4.714816550212163
61 4.770463978452294
51 4.867608906478765
55 5.177340184768993
52 5.402405235336452
78 5.462401883744477
39 5.764114772320296
64 5.8939517839328195
34 6.091504747427762
47 6.474518910382776
60 6.642637227327627
28 6.757758244315805
37 7.578516329477519
56 7.690732080839104
98 7.817900896751399
29 8.195199250060238
46 8.2900577777902
30 8.34543942310262
32 8.396873999139233
31 8.70263027102669
40 8.77384641367371
38 8.965613717358874
35 9.531330093037425
43 9.683433052101591
36 9.790140101262867
42 10.189412532188973
26 11.104827739845259
25 11.231594599677871
16 11.301488032284794
17 11.512692750446353
27 11.567169987291738
24 11.583706134666652
7 12.177059960180987
21 13.645289983555237
23 14.001868393971732
33 14.496687279211661
13 14.867639544984645
20 15.692355489509824
22 16.20644671290706
19 16.761844637468947
6 18.311503870668428
8 19.02700494935441
18 19.26887702662602
12 19.955653368966754
14 21.44275256501735
5 22.177362493453206
10 23.47578455028993
11 24.964626819119875
15 25.96886889304359
4 27.632002031470034
9 28.125217778726793
2 30.748406401334563
3 35.36662705625881
1 40.438669606384806
0 81.95577346664795
