67 0.2955876568379362
70 0.34119849288874615
77 0.4338835689607
95 0.44015177115704457
59 0.4838205354855169
50 0.5054371663545738
58 0.5377661368288059
81 0.538198207994506
68 0.5720369898506539
66 0.580845427146175
83 0.600455835000233
44 0.6240815188107439
49 0.6702679707836038
84 0.6720408085999702
61 0.6783986844730285
51 0.7235143676229039
76 0.7327929603576591
53 0.7436890064993884
79 0.8031427154992196
86 0.8530868233640229
48 0.8585518316932049
55 0.86214151338147
73 0.9027207155664034
69 0.9107083264957027
52 0.9830236582613021
82 0.9915548062098385
78 1.0253526313334949
41 1.0620207735002782
63 1.0890771031513278
39 1.1442202023018455
93 1.1599472804632784
57 1.213174367014212
71 1.2248282141376012
64 1.2394088835495054
72 1.2776431450653605
34 1.3270722276391924
74 1.3452985688391974
75 1.3608387297420383
54 1.381506025715234
45 1.5265604900899203
65 1.5392000539035493
47 1.586537035426468
89 1.6505521495560411
80 1.6605107137345116
99 1.6724430279360905
60 1.6741645930803324
28 1.7473769645134631
88 1.811742527740645
62 2.3222818620295667
56 2.4133589290540525
98 2.589450903881142
91 2.651496099157517
37 2.669045001430164
100 2.7211618660529178
85 2.875517945890251
46 2.8770336681518294
32 2.980017098434203
29 3.038073984004556
31 3.221961400053605
30 3.229643439634488
40 3.25193210635603
38 3.4189992370670463
94 3.5944467799811823
96 3.668340313722205
35 3.90052040724218
43 4.048522581633225
36 4.152544340598587
92 4.154083268339931
42 4.581024875940977
97 4.6168935736555845
87 4.788595659867485
90 4.869944719072062
26 5.331542289219356
25 5.640477860490676
16 5.666082894846416
27 5.7742796217412815
17 5.8523433388238475
24 5.938620804965924
7 6.417277400343245
21 7.968152469386595
23 8.347640726337813
33 8.954995080251088
13 9.248158634136873
20 10.11569098845444
22 10.81842538104961
19 11.303088403740189
6 13.035524256801533
8 13.878702100512186
18 14.17047304001457
12 14.977801249171689
14 16.770183115718083
5 17.679615833918668
10 19.311446642593435
11 21.173056283960516
15 22.838386448138706
4 24.6665711942656
9 25.571115825988752
2 28.870217572137108
3 35.27530981212861
1 42.45484584715048
0 106.72319681189147
