97 2.2345169267136047
96 2.5754482224201833
90 2.6391108760693553
87 2.7926963132168683
100 3.0364605985987443
92 3.144555023839565
94 3.517427203945916
91 3.669499689697156
99 3.7513956294581297
85 3.7862737942674434
89 4.111048661189362
72 4.156043217821239
71 4.191520009609754
93 4.279944975813762
62 4.475813937904733
65 4.6250433299396105
82 4.760238688301951
73 4.9492878545442505
84 5.039139005123263
83 5.198150960498328
88 5.356262539308307
86 5.36687090363063
45 5.405936479295893
76 5.420445754648544
68 5.447982997692727
80 5.621779860181889
79 5.7153809226797065
75 5.860125738881731
74 6.395741041980977
95 6.442501393493742
63 6.558623638720513
57 6.78740899884835
67 6.8353618269937675
48 7.026771324642201
70 7.049686972477637
69 7.095162406866924
44 7.1994311902988635
41 7.229128379883325
77 7.614058125325468
59 7.958029076070294
50 7.991658697931816
81 7.9982039493742905
58 8.098322140222455
66 8.194783225431843
49 8.197549598847926
53 8.378018153608252
61 8.445891557280614
51 8.659658444842021
54 8.670714759297526
55 8.958967785764365
52 9.214348366991631
78 9.327411909100135
39 9.445408406234156
64 9.622656922143909
34 9.767823863556863
47 10.00280364576105
60 10.285640101142391
28 10.384059473465577
98 11.186541059247732
56 11.264002443894954
37 11.627476138378228
46 11.833328753902897
32 11.895247996496657
31 12.183030905710124
29 12.190448929295536
30 12.362163841712855
40 12.390403018305825
38 12.57776981380392
35 13.086085446507546
43 13.134356823729721
36 13.211854377109939
42 13.42241023437519
26 14.542361231334594
27 14.9790938206132
25 14.998644788205473
16 15.038128883998887
17 15.213602850318543
24 15.28361893545164
7 15.715507768326113
21 17.105366613111503
33 17.182038180409148
23 17.422256487664995
13 18.156304878109708
22 18.695367401064303
20 18.83607293146009
19 19.760464725039732
6 20.91505423585334
8 21.549009133206628
18 21.80604726750484
12 22.266227678281226
14 23.573381164240857
5 24.094485701145313
10 25.103322364979
11 26.370349971670116
15 26.65770938883905
4 28.38220265549066
9 28.471181868877736
2 30.74287474232557
3 34.23737893897
1 38.05934598837829
0 67.67853856009056
