70 0.1706465349385877
95 0.2055673305337183
44 0.23769468402809607
67 0.2504636933133083
59 0.2906647684384744
50 0.30536635308358506
48 0.32326479886154613
77 0.34941435012970373
69 0.35383703090002666
58 0.3724463695586018
53 0.38617891520561165
79 0.3970898885176274
68 0.40030089954761205
81 0.40923846719209606
66 0.4163783129815412
41 0.42087314399400616
76 0.4291252391915702
63 0.44804078586731905
51 0.4543200333385702
61 0.46414782551299005
83 0.47837024709762005
86 0.4789626670426986
57 0.49744607635749344
84 0.5357602915007684
49 0.543132036225391
55 0.5667633953431692
74 0.5790852182313242
73 0.596396986092899
75 0.6323482929215772
52 0.6406308044892117
54 0.6439474765863238
78 0.6563216159762353
82 0.6979330080239696
45 0.77285751585774
80 0.8084654326783912
39 0.8209244501377643
64 0.8655660545500614
88 0.9216967502478136
65 0.9435990267230158
34 0.9637614389398536
93 0.9662854540395948
71 1.033531185336087
72 1.0543424275658149
89 1.1693715157146132
47 1.2031923594989584
60 1.2303050074782877
28 1.2918189790667511
62 1.3583894920329977
99 1.4040511228277048
37 1.7678914963419037
91 1.7813163326852108
56 1.8027132414304685
85 1.8512641568542092
98 1.980616801322656
29 2.0876018528625973
46 2.152333647438574
30 2.208498183111606
100 2.2201076916347082
32 2.2415260768343885
94 2.323285935265706
40 2.411491728575399
31 2.422214667844157
38 2.5344945363305027
92 2.776262584773859
35 2.911904289277403
96 2.9467615579768003
43 3.0447031603871744
36 3.129741465790777
87 3.288579960942612
90 3.419683248132753
42 3.4811530508026243
97 3.6485403676425667
26 4.009497418855156
25 4.123419278293427
16 4.159923762688452
17 4.31244322304991
27 4.348025587180113
24 4.373020658089246
7 4.793518664497883
21 5.97122039545301
23 6.26540339720163
33 6.841075678880462
13 6.979580271543035
20 7.6725153422933285
22 8.281138755015254
19 8.60269508261107
6 9.994549095656797
8 10.649659392541123
18 10.869889340760986
12 11.5191780621725
14 12.918911952190008
5 13.639806940702266
10 14.921846338773307
11 16.385215618934176
15 17.629887704278154
4 19.127839503086882
9 19.78584834018324
2 22.417924082713874
3 27.42986880893958
1 33.06478412104773
0 83.2488983223341
