0 -2210652192699277.0
1 -1189882226296694.8
3 -1056253431690809.9
2 -938348826641431.4
4 -861587580129285.8
9 -845407257119376.1
11 -797464036418940.6
15 -777304883375843.1
10 -749901597941571.1
5 -717448901709712.2
14 -703236186297333.1
12 -653828781148539.8
18 -643938459158231.4
8 -632259599114595.5
6 -608268904737949.6
19 -576371787361300.8
20 -544474681740220.9
13 -523108966018382.1
22 -509930523939883.56
23 -498900560809125.3
21 -487611476780481.3
33 -456647769732885.7
7 -435987208697149.44
24 -426944600306465.0
17 -423879748027539.75
25 -418607381070325.6
16 -418514067354254.5
27 -400542995664445.9
26 -384533408602157.7
35 -336737720672317.2
36 -336164658912320.25
43 -333413380572445.3
42 -332808364490348.7
30 -332690573169723.6
29 -325089805764496.7
38 -321171767815323.9
40 -312345672314462.4
37 -308769899845025.8
31 -301568151795055.25
32 -292060212061561.06
46 -289999971962265.3
56 -271236055580324.84
98 -264643151163533.66
28 -246530838165383.28
60 -245024783465334.0
64 -229352624991262.53
34 -229132375134453.4
47 -228521123198097.66
78 -221597461942865.1
39 -220436111609784.0
52 -217752750227021.25
54 -217694812872435.22
55 -209294238739655.06
53 -198759373089214.8
51 -198357020368383.8
61 -191728959292724.6
50 -179432923432296.97
58 -178894141050181.9
59 -176213228460969.56
66 -176106566766975.2
81 -173780081642840.12
41 -171531742702744.2
49 -170495614294060.06
69 -166117177860374.34
44 -165507965254170.84
48 -162413313818209.47
77 -158936648085535.9
57 -158684466534122.94
70 -152343093128914.66
63 -150833235678956.75
74 -147289081082963.5
95 -137771424637904.77
67 -135972285408063.95
75 -130195929505657.75
80 -124009562485583.34
79 -120020148565542.03
45 -116444707805973.89
88 -116211392521297.62
86 -108554869253035.98
76 -108520168956042.73
68 -106789982009604.12
83 -96729540952529.42
73 -92139204215025.2
84 -91290198402396.8
65 -90520881675788.84
62 -89865309054179.45
82 -88387598452015.98
89 -72965656183604.03
85 -69605892465331.33
93 -69449913717459.86
72 -67164104454540.28
71 -66273020511396.01
91 -64273845340701.3
94 -63196088116151.56
99 -54721571020359.39
92 -53015489047761.52
87 -43656697213679.42
90 -39131518816040.98
100 -38649614268138.22
96 -29621500775681.746
97 -24000202584900.258
