29 0.14749677255137655
30 0.17831977001462931
38 0.20132083259108768
40 0.2034972180033324
37 0.20849395117525263
46 0.25317533251707186
56 0.2686168986039988
35 0.2745253124503471
31 0.28596562368734146
32 0.28934484613596306
28 0.3254656687788759
60 0.32710078946533655
43 0.35380213434247587
36 0.38571980724007066
98 0.4101851220466272
34 0.43335183148110235
64 0.4365278975570789
47 0.45777056699022317
25 0.4936478514630695
16 0.49856689914780955
39 0.5079066040051166
26 0.5372319225824557
17 0.5445860663373464
78 0.5502699038674141
52 0.563511873951225
24 0.5662854952938944
42 0.593099722077231
27 0.6332797303978966
55 0.6703562972151328
7 0.7129190651345223
51 0.7966621128266124
61 0.875890675484223
53 0.9902192087787338
66 1.0131262068664995
58 1.057035153493959
49 1.0779507089606075
81 1.1239916721578624
50 1.1255777414429955
59 1.14507295102672
21 1.1648778531568733
54 1.255267271132851
23 1.2916118110008612
77 1.3496299635713127
13 1.6162241208512151
70 1.7820650306962924
44 1.8634990657711388
67 1.896803288717727
33 1.8971235129921853
20 1.9539112487636905
69 2.1548527512044213
41 2.1619657108983072
48 2.1873881363835177
95 2.3298826132391106
19 2.42321951324981
22 2.579088811901111
57 2.657810046889797
63 2.75848811335358
74 3.0919601898263487
6 3.2311966986202587
79 3.3115277522866844
68 3.369219830240096
76 3.5436279492851255
8 3.5876058830827837
75 3.6038681598863795
83 3.629041388402381
86 3.671216940271417
18 3.6916550101048733
84 3.8551810439172414
80 4.057863248856467
12 4.1172742734009375
73 4.159390013433866
45 4.169807348392924
82 4.404896795371506
88 4.429217458222211
14 4.922247402128663
65 4.983372235853835
93 5.033285655745536
71 5.190252533940509
72 5.255363485686758
5 5.405700060728633
89 5.633163106233785
62 5.741501495502061
99 6.017680162782258
10 6.244962907989548
85 6.953947816366515
91 6.962862699360213
11 7.157250912315075
100 7.748662081567263
94 7.8472291832995715
15 8.34574289682649
92 8.754452356688292
4 9.064238668008134
96 9.139468282757127
87 9.725452418660112
9 9.739902951267133
90 10.016402613157247
97 10.378225313496712
2 11.417450321341905
3 15.110083901467886
1 19.3724970652125
0 60.950102024407116
