20 0.24834279521311803
19 0.2648657578336912
13 0.2691656889597201
23 0.3437902831618635
21 0.39420425391179276
6 0.4712007539202433
8 0.5536801854429968
18 0.5703185297220613
12 0.7485162149422242
7 0.7578978975995312
22 0.8100448678568224
24 0.8749368445734176
17 0.8994392138845756
16 0.9655879200240123
25 0.9824847661659255
33 1.0025473324431107
14 1.0536132367350246
27 1.180530584996058
5 1.2867894327133
26 1.3883421278324093
10 1.710380523799641
35 2.194183691499294
11 2.2124555981051355
36 2.233218181430805
43 2.2501378659384965
42 2.301192430836887
30 2.4898443980062486
38 2.49973333232952
29 2.616812417876406
40 2.66242487981417
15 2.939917072687751
31 2.961326637259582
37 3.090644461272687
46 3.2136599722197157
32 3.217285825875671
4 3.3658278780436386
56 3.7409061488203696
9 3.7787270252132994
98 4.0072495254312095
28 4.573992419001525
60 4.641553044590135
2 4.929974808153437
47 5.141299047924834
34 5.268546702679285
64 5.3461354334983495
39 5.6528058283814495
78 5.692464144352804
52 5.821675787339175
55 6.24313952029476
51 6.665479013782205
54 6.706121406426162
53 7.0199530895825655
61 7.048181291008012
66 7.53019857567849
3 7.614036099903874
58 7.6409500745787655
49 7.725273634892269
50 7.753504594847031
59 7.807579229723416
81 7.896120745339674
77 8.611273177026353
44 9.130806899431489
41 9.196206220814851
69 9.399034733727538
70 9.478578063634393
48 9.523620396774172
67 10.122617942950164
57 10.181403539290082
63 10.60482826280624
95 10.699242707183101
1 10.969638375423939
74 11.08054659470862
75 12.33205468924146
79 12.50280887216618
80 13.060522937579806
68 13.297465429697382
76 13.329501627556262
86 13.450562020278978
45 13.546518131127668
88 13.803447213503986
83 14.036518748407396
84 14.522027217132049
73 14.714604469060363
82 15.329325810998158
65 15.776844327518727
62 16.504577290582905
93 17.06267181096451
71 17.413367006743012
72 17.479780138036343
89 17.540127241541573
85 18.99717362092323
99 19.10757768718476
91 19.358126965524274
94 20.281093384326905
92 21.956766200825538
100 22.263255396572138
87 23.715920220870146
90 24.459893607326972
96 24.665950872006732
97 26.66924774633768
0 48.61251893617071
