10 0.18313946655860366
11 0.2570157454588666
15 0.2889407578134461
5 0.2935775688303142
4 0.4447291385817238
14 0.4761762115454672
9 0.5454567295245208
12 0.6209046071578823
8 0.9208561067650228
18 0.953057279073325
2 1.0728151151749794
6 1.081886359879783
22 1.7062046789687992
19 1.960642428587373
20 2.46322387062264
33 2.6236150835533962
3 2.6398964013719026
13 3.0171837314887746
23 3.6396450897485972
21 3.878712105472669
7 4.828071180388389
1 5.015932251690744
27 5.0668360567336865
26 5.508739977943266
24 5.685132844655032
17 5.736640681187962
16 6.001793564938101
25 6.163419819170443
42 6.385614267951017
36 6.948651828342445
43 7.060573646844285
35 7.345181347954518
38 8.110285953891152
40 8.365141576220116
31 8.3947057016755
32 8.882572439090328
46 9.02199116186822
98 9.795034064725645
56 10.027811864981445
30 10.085957910984865
29 10.141863057540444
37 11.388865645186755
28 11.789475214115521
60 12.008424918987966
47 12.296527623139966
34 13.227149408650693
64 13.753157499378952
39 13.995614249662653
78 14.947060531825992
52 15.007013538650318
55 15.613432298243989
51 16.412282397491794
61 16.632681872264413
49 16.6568069980352
66 17.03253569979821
58 17.538656365535513
81 17.579357989571687
53 17.883575558830994
50 18.216212370688666
59 18.27602372878427
77 18.56822511131926
54 19.06053472857906
67 21.17554292824553
70 21.41821678039423
44 22.121722253008226
41 23.322854005292672
69 23.343848412739266
48 23.477552236754306
95 23.855386237354455
57 25.261767174766966
63 25.701063728043763
74 26.865592847387454
68 27.50167634909259
79 27.68617522562183
83 28.21256736426016
76 28.34938452271945
75 28.760528244069544
86 28.841153033908736
84 28.945834260667013
80 30.268084715491664
73 30.304585443320892
45 30.696923939085163
82 31.11541274179043
88 31.500887229702897
93 32.663632373589465
71 33.106269855232604
65 33.289623363756355
72 33.39607918940484
89 35.107123061051716
99 35.57651820094744
62 35.69077683332795
91 39.251732763228794
85 39.28327829732759
0 40.21666127314364
100 40.69221271777696
94 41.85796834600131
92 44.37153249604805
96 44.65497512331394
87 46.98878179304816
90 47.72056351385813
97 48.13092935086514
