37 0.24300928238495664
29 0.3617409690267338
78 0.36220375958499246
60 0.40395600184183456
30 0.41509293914854944
28 0.4158125318657038
52 0.4310886688200511
64 0.4314320893083482
56 0.45092780020405404
34 0.4525836635217977
54 0.46795364237754233
39 0.5166449978319203
46 0.5177006086475243
55 0.5376587120417404
40 0.5530598600695079
32 0.5557819607581526
47 0.5824159024360426
38 0.5962818858710056
31 0.6136952505352656
51 0.6263407176373286
98 0.6441697950629037
53 0.6575769466145972
35 0.7624257263454043
61 0.8415135647657443
43 0.8433308901855245
36 0.8815334467922156
50 0.9761736683839793
59 0.9925074991124762
58 1.020230506117747
66 1.0496620944742392
42 1.0926316300222396
81 1.1857106839415081
41 1.2429815669226667
49 1.2520354881619171
44 1.2965171235028157
69 1.3462945915538183
26 1.381147921911378
48 1.387251139833107
77 1.4791722938104492
70 1.5728343506790539
25 1.586011555955899
16 1.6020963072549632
27 1.6067529833123997
57 1.6114100942053355
17 1.7072327593147243
24 1.7552391868671482
63 1.81430391158134
74 1.9914762313935381
7 2.0200645763216647
67 2.084036498276221
95 2.0966188842050517
75 2.585902140198283
79 2.818077207024507
80 2.9089379115578082
21 3.0298691814446426
45 3.19519029241715
33 3.2380541228707305
88 3.2838565750311712
23 3.286064466167144
76 3.326635561055377
86 3.356715298859341
68 3.4716877052644457
13 3.8967197389726684
83 3.949696211919113
73 4.094762972585183
84 4.199448552888503
22 4.428852799401664
20 4.490837780732193
82 4.5025918179309485
65 4.531922513380843
62 4.7761422027473825
19 5.365340873858978
89 5.718507200476479
93 5.738145257049742
71 5.967263156248551
72 5.990115667770805
85 6.305589872015842
6 6.49894229048934
91 6.587176537400148
94 7.0091486596276935
99 7.0839276966105595
8 7.1853874344744
18 7.480220002442236
12 7.957696116591058
92 8.094077557249502
100 9.077264374889284
87 9.266253036723068
14 9.498914660754137
90 9.82814743002271
5 10.105261064821333
96 10.655431924547887
10 11.349450153931613
97 12.025463393755254
11 13.009532066364248
15 13.290376640647022
4 15.712204754851898
9 15.761013765863108
2 19.08463873000785
3 24.43791741761484
1 30.72281173221345
0 88.36786450185811
