0 -1.141209187395362e+16
97 -7765470734630045.0
90 -7472810291834104.0
96 -7274829677439358.0
87 -7268783379851306.0
92 -6770001469676938.0
100 -6605879515280207.0
94 -6296708662169578.0
91 -6063580604276812.0
85 -5895776740152334.0
99 -5641068038835042.0
89 -5352940010183704.0
62 -5195494623353641.0
71 -5193231307115002.0
72 -5190410340961692.0
93 -5084201584538731.0
65 -4923710247024940.0
82 -4663427644633623.0
73 -4640756024574649.0
88 -4411928544723460.5
84 -4378749127744344.0
45 -4329568156571656.0
86 -4216514991402599.0
80 -4195437910548967.5
83 -4188354135582556.5
76 -4153331124466286.0
68 -3993544893936581.0
79 -3985038798183852.0
75 -3976444911531029.5
74 -3607786496846644.0
63 -3460277799348678.5
57 -3343967551126135.0
95 -3333624877996524.0
48 -3170458941261525.5
69 -3085665990826048.5
67 -3057136996616178.0
41 -3041063593676071.0
70 -3009527005237853.0
44 -2978159357106620.0
77 -2565381805112812.5
59 -2499778746584371.5
50 -2435479896596218.0
58 -2344736994642610.5
81 -2338553383578072.0
66 -2338110812768864.0
54 -2292576262627236.0
49 -2290929828304010.0
53 -2269210459088609.0
1 -2197734318382662.8
51 -2176128832039051.8
61 -2129913087114720.2
55 -1989516342895736.5
78 -1917110930223654.0
52 -1894656831889277.5
39 -1719386151589159.5
64 -1637038425151662.8
34 -1616711445320789.0
47 -1500881158996209.8
60 -1416998793521062.8
3 -1407751657174730.5
28 -1388691694537117.2
37 -1145428447043653.8
56 -1132251442231906.0
98 -1049031250783721.9
29 -986321368371514.1
46 -968749917328324.4
30 -948831862781248.0
32 -931550140238343.5
40 -863476318307017.1
31 -849186252066516.5
2 -817601802436281.5
38 -796035846185751.2
35 -691150903579686.8
43 -661407647764299.2
36 -635451178455861.4
42 -580246191745425.0
9 -524471310256268.4
4 -495547610382041.4
26 -438680972299684.5
25 -416215542428489.25
16 -406568524116532.8
17 -377712859226774.1
27 -375614097809882.94
24 -367322884259118.56
15 -338597185465050.6
7 -297583986897130.94
11 -270715384648519.38
10 -170452082193077.0
21 -161853514479436.6
23 -135561734955627.6
5 -100237590471006.47
33 -97677560349334.56
13 -82299617617987.4
14 -68211758323539.19
20 -45076061811134.9
22 -26452189914278.676
12 -20990471193118.04
19 -14177320480717.79
18 -8323405496441.511
8 -5093513914431.219
6 -130318924850.50809
