97 0.6667281129831912
96 0.909042785918281
90 1.0526385004242205
87 1.1985725165639134
100 1.2820440137974558
92 1.4943160020656883
94 1.833040813769148
91 1.9043821119752327
99 1.9279439616192358
85 2.0428546289246006
89 2.2758927300631253
72 2.3153678364926655
71 2.363240128284804
93 2.447518113416113
62 2.762976007900985
65 2.8432239925178755
82 2.943246490253904
73 3.178392096354229
84 3.2532958385658373
83 3.422828582410412
86 3.634696928066101
76 3.687309265261264
68 3.697120910719933
88 3.7359132671254693
45 3.7621153236616323
80 4.036875698822894
79 4.052036341127562
75 4.289424141906037
95 4.880759547960946
74 4.938267720512873
63 5.108924017684388
67 5.382841987225203
57 5.407617202320707
70 5.633167175474922
48 5.670372109723366
69 5.74756611510838
44 5.839855090791757
41 5.9361732058820476
77 6.351527838784794
59 6.790199571627425
50 6.814182680252242
81 6.825548664581453
58 6.956609636180209
66 7.107327703399755
49 7.132091820750178
53 7.3179631616496
61 7.3924739972995415
51 7.704769459756093
54 7.79295618291794
55 8.080125488890166
52 8.430728781549071
78 8.592876875705322
39 8.721902412982088
64 8.951875945976592
34 9.166365194976894
47 9.50887357693856
60 9.877974903549598
28 10.013977533379707
98 11.130018438983111
56 11.24110835949425
37 11.778511790882233
46 12.039143123091204
32 12.121055417526659
31 12.520300562629915
29 12.56277584765746
30 12.815703490402894
40 12.829098228848421
38 13.079764187134083
35 13.811220166342759
43 13.886769660841226
36 13.994574304814538
42 14.329417276114475
26 15.93264402804558
27 16.575922091409236
25 16.622087722113932
16 16.68031423470902
17 16.936402723498297
24 17.034659132297737
7 17.670485066014276
21 19.7504317183132
33 19.86765647107953
23 20.22611802351632
13 21.332679244987876
22 22.1631600373094
20 22.366065628400147
19 23.77877110176584
6 25.563347640791143
8 26.53876827538748
18 26.93522245218153
12 27.657581007294265
14 29.69776356988686
5 30.522082113353893
10 32.11694517963188
11 34.12054520557225
15 34.63246830219934
4 37.34876335365975
9 37.53369027497256
2 41.171436682702904
3 46.86792909457713
1 53.17102065037222
0 103.62373560014039
