0 -1.0786992341461338e+16
1 -4365098697177278.5
3 -3615359236894818.5
2 -2966330291658183.5
4 -2557277075989984.5
9 -2525219086725952.0
11 -2219654206304905.2
15 -2205697895171929.5
10 -1998110568719501.0
5 -1835546319354688.2
14 -1758225940830572.0
12 -1542346383327100.2
18 -1484003079721301.0
8 -1439138512091638.0
6 -1336162601003571.5
19 -1181284593944370.2
20 -1050409512486108.4
22 -989149870387898.9
13 -961009076598186.4
23 -863518721449403.9
21 -820314116198009.6
33 -788590950231464.2
7 -640108521330651.8
24 -599697372024560.6
17 -587786112485388.1
16 -567586846197112.2
25 -566722186834638.1
27 -539087656251894.75
26 -488653594188484.8
97 -473478238084147.2
96 -400685364372628.6
90 -363050421067833.1
42 -354663470971669.44
36 -350538230635636.2
35 -342174578951024.94
43 -340924981898141.44
87 -329882329812858.8
100 -309097048985872.44
38 -296986742152204.75
30 -296797290779276.44
29 -278476950611375.06
40 -271799121024796.25
92 -263589665665927.72
31 -255751654174631.03
37 -233537515603485.6
32 -229689701758152.44
46 -221651889038887.3
94 -205717945348001.72
99 -193177173735357.16
91 -189915812973710.72
56 -175667738477503.5
98 -173752689401247.6
85 -167724882259217.47
71 -139892977720907.27
72 -136813069725973.05
89 -132828921821044.58
93 -127144960496274.06
28 -119748871651382.08
60 -116125861431498.64
62 -97430835303066.44
47 -90484155361340.86
34 -85534739252330.36
65 -84800284664202.12
64 -84248934889817.89
82 -76505982073361.77
73 -70927695478096.1
39 -70824109140869.33
78 -65028449345862.62
84 -61661870292092.19
52 -60715907716984.88
54 -50891072658070.69
55 -49680150087464.44
83 -49243517137410.91
88 -41434988337493.48
86 -39538535824724.29
45 -38766033350380.516
76 -37848132815463.54
51 -34923531923419.266
68 -34000220338290.863
53 -33589093856885.645
80 -30848755945018.387
61 -30267665882698.08
79 -26378488949975.535
75 -22670517901679.24
58 -17658029523831.812
50 -17248782654731.32
66 -15870877226795.44
81 -14580237656048.52
59 -14436652212052.025
49 -12988171358710.467
74 -12795333549704.549
41 -11974128626575.135
63 -10436083269799.281
57 -10366419957134.086
69 -9900899048139.762
48 -9322021259086.148
44 -9084243427640.99
95 -7514897949023.045
77 -5716130795352.098
70 -5146148884057.91
67 -3681398536098.173
