35 0.11632969158729932
38 0.12094650316332548
40 0.12268213397631515
43 0.12373592161150757
36 0.12631613712679549
31 0.14334880448272933
42 0.14880639552581534
46 0.15223503352044646
32 0.15365783024091176
29 0.15648988437023895
26 0.16184413177904453
30 0.16291456286919426
27 0.1901216785256328
56 0.1911388531835616
37 0.19723637105212438
16 0.2211109698883441
25 0.22369607158487692
98 0.22475384781703248
17 0.233463629708097
24 0.24226584454993344
7 0.26683664308605304
28 0.2818720600429796
60 0.2911422441877575
47 0.345425231593123
34 0.3734637815712822
64 0.40113031975475755
39 0.4337703718564708
78 0.4464456316648205
21 0.44741772278666186
52 0.46726155799948466
33 0.47482692436148966
23 0.49560692385147076
55 0.5318279247945061
51 0.5942176845917801
13 0.6109993089557092
61 0.663067139032579
54 0.6861271815107203
53 0.6894164861699776
22 0.7104984652505556
66 0.7216067268039095
20 0.7272374267206315
49 0.7401676658249096
58 0.7541944407200281
50 0.7867344484942377
59 0.7886090238818926
81 0.7951845943376904
19 0.909316089059488
77 0.9129611683409993
44 1.0878353466776518
70 1.1154595189752425
41 1.1308580801824133
6 1.1504230523186532
69 1.1620024359267167
48 1.1779193602943097
67 1.204145606046818
8 1.3080664865618647
57 1.3308846920096624
18 1.3762135138122162
95 1.3785788121920501
63 1.4105900049423825
12 1.4817578430606184
74 1.5147495589920985
75 1.7764803915022866
79 1.778558238090994
14 1.8444856300953898
68 1.930525229430085
80 1.9384564562374167
76 1.9445363173066137
86 1.9756849497263267
5 1.9899098696722313
45 2.0401541410313313
83 2.0761153026427297
88 2.1016042457698916
84 2.17476708986762
73 2.2345130954581727
10 2.295350999859208
82 2.3913573121485285
65 2.5290253028224012
11 2.698687900838146
62 2.716741072435511
93 2.754757967586799
15 2.8064394391138454
71 2.8335486692872918
72 2.860301959951557
89 2.926042212372461
99 3.2336112992063097
85 3.304516149700983
91 3.3817570739539407
4 3.3827415155853884
9 3.4175264185583294
94 3.624089892017508
100 4.020755427763239
92 4.03689782582024
2 4.248868087489088
87 4.477244758857527
96 4.650413472716018
90 4.663661429538022
97 5.1983391265322885
3 5.658290462645318
1 7.35232279703323
0 23.60067254301405
