97 54.20285190245637
96 58.51255428576125
90 62.0285236824813
100 63.995084111723756
87 64.16582944273338
92 68.78902704277655
99 72.33864051121365
94 73.56243206190292
91 74.94554417625056
85 76.49180119812208
72 77.68598164387689
71 77.8968508091032
89 79.05573792049982
93 79.06054405863041
62 84.9935808632892
65 85.89335981664591
82 86.0831425241675
84 88.10277835572167
73 88.29970760421705
83 89.8693390578014
68 93.34888268554958
86 93.55211547709474
76 94.00446028474576
88 95.29258730044667
45 95.56442393078724
79 97.83824295503948
80 98.31073776466373
75 100.70146497556651
95 104.5959315663764
67 106.68613453272629
74 106.77664423547265
63 108.22159366453157
57 111.05004550977075
70 111.1283438604616
48 112.96475032630157
69 113.71094663087563
44 114.22384256704203
77 114.80862241492389
41 115.5091093085352
81 119.3162576471722
49 119.91266989270801
59 120.10315700537689
50 120.67672304425976
58 120.94022826352557
66 120.99995055032693
61 124.58949539671981
53 125.6805116895012
51 127.61404350260933
55 130.78249483257557
54 130.8114149673041
52 133.25255774099895
39 134.66263806774862
78 135.05952171447262
64 136.6856839885129
34 137.93716105133026
47 138.7724199101271
60 142.69244027208313
28 143.6445154571423
98 149.86084044953967
56 152.23703774251365
46 157.7245318762722
32 158.30391804367875
37 159.80944962170352
31 160.9462833007489
40 164.00782459311526
29 165.1828363593622
38 165.9718560087684
30 167.04482398086066
43 170.51976699074277
35 170.98259203723245
36 171.3100265116113
42 171.69711106477033
26 185.13756078843156
27 189.5043779676983
25 192.20680983629774
16 192.40420845375448
17 193.9241233064482
24 194.590060154644
7 197.88894569732003
33 207.20569095349293
21 211.7903711593369
23 214.76588883479042
13 221.4421627523091
22 221.7926189699424
20 227.5297690923665
19 236.20070476736194
6 245.55906751483215
8 251.55652484490125
18 254.3421205276422
12 257.75823115333145
14 270.1317111994957
5 274.1921545111571
10 282.81308191139397
15 293.5096385137858
11 294.617629364641
9 310.24622374900923
4 311.53335526239385
2 331.6085141557208
3 361.2870873310863
1 393.47459233218535
0 633.9949085237544
