97 4.600717641845204
96 4.937780436181947
100 5.482620654786137
99 6.650800034266433
90 6.968297625749531
87 7.5234835783720175
71 7.93555487824323
72 8.058354403495018
93 8.300405353777315
92 8.622749633042107
91 9.69318125453005
89 9.705939644429284
94 9.899507410726343
85 10.318632737285597
84 10.79590676048494
82 11.11473467899203
83 11.205418729540073
73 11.891969236487563
65 12.317024637388355
68 12.761213546637975
62 13.10143408488003
76 13.891621012051946
86 14.007886853139086
67 15.42175566219973
79 15.672221338218625
45 16.393193544796894
95 16.738405102649796
88 16.805706331151406
80 17.86783596637702
77 17.98041420596339
75 18.29146433186034
49 18.913871011333825
70 19.040882414210518
81 20.035666221632933
66 20.459188422148074
63 20.8915824800256
74 20.940697689936833
58 21.27041021734969
59 21.662281874825062
44 21.967712430042518
50 22.151299508983108
48 22.267186164381247
57 22.45789967646677
69 22.59545680288987
61 22.672934775810674
41 23.87216431770159
51 24.921731702988815
53 25.327361989665512
55 26.231465407263467
47 26.50796857835101
39 26.517780070684186
52 27.104501448367174
64 27.635842704094802
34 27.934914402772332
78 28.88741680406502
60 29.39966680760225
28 29.69859949255769
98 30.26490985802482
54 30.684951268519825
56 33.269584127613314
46 35.59746143247861
32 35.78523929547948
31 36.74081424416524
40 39.5397316672006
42 40.09618354131008
38 40.662373851769644
43 41.61932368561897
36 41.97088451679726
37 42.6022033862358
35 43.115579093511876
29 44.8386222173507
30 46.161637997212694
26 50.307236818108464
27 52.758831986172055
33 57.304313044397595
16 58.21083067199129
25 58.6055644912321
17 58.79661654490211
24 59.36518165590128
7 59.48401928663596
22 65.7195028114487
21 68.55214999605975
23 70.33331695562607
13 73.7958488369467
20 76.66475666098867
19 81.83637734938172
6 84.74501447140202
8 88.86358930256706
18 91.37613691172454
12 91.64957496645859
14 100.2477586354688
5 101.40337140568374
10 105.79962039476399
15 106.08126147534142
11 114.05751764032554
9 117.60011722836175
4 122.47046847615638
2 133.52662469716495
3 151.14546322111903
1 170.54471312972072
0 322.9000804723731
