2 0.030627003458777485
4 0.03429477157479889
11 0.056498434876030554
9 0.05708685907678694
3 0.05741669405033413
10 0.08277775784435178
15 0.08313731106468923
5 0.10722537019394053
1 0.12207569306788829
14 0.12229833392298499
12 0.16549852070487656
18 0.18418817728432482
8 0.19310979676650042
6 0.21996103473864473
19 0.28116183273260387
20 0.331078152075469
22 0.3374849511104852
13 0.37476264515818064
23 0.42524511284858074
33 0.42996063462894296
21 0.44706591034964804
7 0.5445370527841491
24 0.59156512765081
17 0.5973843007063435
27 0.5990113799941182
16 0.6152687018891523
25 0.6222781678939839
26 0.6377262871321533
42 0.744482400033008
36 0.7648007685796998
43 0.7726452183518903
35 0.7814323096218121
38 0.8356413253794404
40 0.8604546299005179
31 0.8774931561159601
30 0.906405972405188
32 0.9158527403975364
29 0.9209089571005344
46 0.9235633710144425
56 0.9988224776155357
37 0.9993184821143357
98 0.9998392241546864
28 1.118288850417607
60 1.1311198635242103
47 1.1732558223621739
34 1.2150643017235256
64 1.2346085862711824
39 1.2643674740952944
78 1.3087933270046497
52 1.3153314978037733
55 1.3600342612024454
51 1.4177481624926207
61 1.4391330455499391
53 1.480995735959541
49 1.486238813192841
66 1.4897324349319605
54 1.5001568183663807
58 1.5091005806904718
81 1.5225995937966361
50 1.5392754914187843
59 1.5482069889135444
77 1.6004749819873365
0 1.644109555122386
70 1.7475284362641266
44 1.7487846853618083
67 1.7752251992576917
41 1.78892671028415
69 1.8014983120506218
48 1.8180393567222681
95 1.890641217869313
57 1.9073881280763891
63 1.9457422382570264
74 2.0090674621276876
79 2.1164706013279195
75 2.138690960337793
68 2.1459845530387556
76 2.1801234967460004
86 2.203156170633606
83 2.209637318792601
80 2.2257813125316694
84 2.2619090154360317
45 2.2656801766620385
88 2.304635348653676
73 2.3218130805278476
82 2.370585111494494
65 2.464610195788648
93 2.510756987193458
71 2.5429326086008666
72 2.5540109077606528
62 2.5779595357770595
89 2.610908144605395
99 2.7054378833084503
85 2.8162947846345605
91 2.839763153523669
94 2.961315768424827
100 3.0217417430424014
92 3.1217382894373142
96 3.2580939896775867
87 3.2881353304644145
90 3.347599808661583
97 3.4551319144583794
