97 0.23023244335152626
96 0.30268460395025776
90 0.4435168080457475
100 0.4862099226788664
87 0.5355487246223815
92 0.7096222579231047
99 0.8879053686304663
91 0.9285589013119823
94 0.9298664535388992
85 1.057372174574991
72 1.1625359026093263
89 1.1710714534756612
71 1.1838905827411161
93 1.2497494528640167
62 1.5904712137588062
65 1.6146066056609496
82 1.6527951857600889
73 1.808414330968146
84 1.857467228242532
83 2.0008996308022953
86 2.206336085825369
76 2.237051710085282
68 2.2382640233275173
88 2.3554568395055533
45 2.362841247233657
79 2.54708486734722
80 2.597159067183579
75 2.792193143268364
95 3.2095631664978996
74 3.3382423538210304
63 3.466755441933971
67 3.5363868789991515
57 3.7281640608516864
70 3.801493981175627
48 3.9150690994348305
69 3.997320187659048
44 4.043835289330905
41 4.169797269694774
77 4.355224779840081
59 4.767236849518458
81 4.784069655761925
50 4.807797416625743
58 4.90653390605276
49 4.987730466376543
66 5.002882121561208
53 5.305559068683474
61 5.309487420783412
51 5.564947613981311
54 5.794914057192482
55 5.910925629699938
52 6.222656762225626
78 6.359091669442354
39 6.457307679226111
64 6.69118880846761
34 6.834858832598886
47 7.090543130088784
60 7.467626224517719
28 7.5795776519649225
98 8.54043828671425
56 8.65941544048023
37 9.344934625665951
46 9.388974743715286
32 9.46062712004817
31 9.835401140333312
29 10.045159024126605
40 10.139518347171448
30 10.295551865612952
38 10.39330911554646
35 11.052547149385333
43 11.090692405971673
36 11.18876934658843
42 11.428241122111446
26 13.01660185252632
27 13.625578261732025
25 13.817863265350573
16 13.858680723869405
17 14.093766450478467
24 14.193055668607945
7 14.741196098925942
33 16.589263853115714
21 16.745937412243546
23 17.201447570617795
13 18.244345181636156
22 18.770984376287636
20 19.211869838712232
19 20.563866569483807
6 22.196942544045857
8 23.15504307787447
18 23.564163071498466
12 24.200831570192886
14 26.209995209850973
5 26.96743994399097
10 28.48842374753745
11 30.465275422612066
15 30.694429490136535
4 33.545729005147216
9 33.55300474309573
2 37.21859608688923
3 42.75276059138297
1 48.93690787041105
0 98.76786785168974
