21 0.27439021352332615
23 0.2806594371052831
7 0.2832227423305005
13 0.2932446619690851
20 0.3293031152181223
27 0.3405357672154123
26 0.4033494364646963
17 0.4116402853995533
24 0.4143278887999734
19 0.4399821450533641
16 0.45139473189337465
25 0.4913873887044582
33 0.521634377044362
22 0.6286134238614705
6 0.6543834297816283
43 0.7131264336516899
36 0.7140035509861559
35 0.7165509798589185
42 0.7279049648307157
8 0.7864171294284064
18 0.835954386805883
38 0.8575266539838131
40 0.909877719416592
12 0.990629498440766
31 1.0110621642721407
46 1.122478785085138
32 1.128160223833058
29 1.2690713533503029
30 1.280524633202579
14 1.3367032124023766
56 1.3665648866285593
98 1.4587797584910154
5 1.5510874206756362
37 1.609185831390451
28 1.8062478542229496
60 1.8565831767750571
10 1.9542470253745683
47 2.0149247609372862
34 2.1931656388502674
64 2.327483343070569
11 2.4070115223648356
39 2.4181225440366774
78 2.5953656127604408
52 2.6398042649856985
55 2.8480289986527447
51 3.0743117789856282
15 3.2084693615420035
61 3.2273698705123093
49 3.3316062757041545
66 3.354752028994251
4 3.433064069388912
58 3.510871935004723
53 3.5603185758556957
81 3.580761121101691
50 3.6929141001981223
59 3.6931413692623
77 3.915470114991723
9 3.925407595131671
54 4.011791829226874
70 4.755820285882087
67 4.783494602452787
2 4.791093971796756
44 4.988796190141058
69 5.464020227181221
41 5.476009506848414
48 5.47740732954486
95 5.644142084227144
57 6.202989260888307
63 6.342179626523272
74 6.819245212563974
79 7.030917318387577
68 7.040337840842579
3 7.04512756373767
76 7.303277049175964
83 7.324380747846715
86 7.494619233921744
75 7.509123904687398
84 7.593745306666457
73 8.027919546270425
80 8.124316535784448
45 8.252668899323188
82 8.397750497774187
88 8.610054525087355
93 9.060174551885478
65 9.22765422324521
71 9.234068848342849
72 9.353588628851373
1 9.746108828670868
89 9.959066007566161
99 10.24297137610496
62 10.253676380032486
91 11.6026680786314
85 11.70221593715837
100 12.306732984906077
94 12.796298014607457
92 13.84977035809862
96 13.95640179295052
87 14.95814390094993
90 15.24280720186881
97 15.451258727023939
0 39.28182331383764
