38 0.3167377211616859
40 0.3212491738365689
29 0.33943370122203076
35 0.341566868929877
30 0.3690233558636093
46 0.38964301752883446
43 0.39712402491467613
31 0.40182011485339025
32 0.4168068212868171
36 0.41868469506558764
37 0.4262534102414551
56 0.42875002302949494
16 0.4471121517087476
25 0.4545522862002114
26 0.4551084899402212
17 0.4680538312568946
24 0.48436167546728764
27 0.5024824309339677
28 0.512953667011426
60 0.519171333642765
7 0.5429414280537408
98 0.556421774933095
42 0.5613088886871954
34 0.6206080272766801
47 0.6342469933991478
64 0.6434197370393215
39 0.6950342604599129
78 0.7125096207833361
52 0.737374417126878
21 0.8178582037073345
55 0.8242882675788953
23 0.8945274515650298
51 0.9218447298131269
61 1.0093651086717823
13 1.0848815838563062
53 1.1090771754665856
66 1.111009048421127
58 1.1438741177781289
49 1.165022387468529
50 1.1972792497893432
81 1.2039481813629678
59 1.2045323817211921
20 1.2846321195100487
33 1.30164397357334
54 1.3620048868031918
77 1.3841079378325845
19 1.5748789657178068
70 1.7001086276507402
22 1.7085177094055362
44 1.7879424080389763
67 1.809525423244614
69 2.0436916590553085
48 2.051882826184842
41 2.059410644499053
6 2.0678980200276937
95 2.1499591825757305
8 2.2935940495928957
18 2.363589690027668
57 2.4477026052363833
63 2.511666982491244
12 2.629788174450265
74 2.787631775794948
79 2.8853724955910094
68 2.92751185775317
76 3.0529308615707724
83 3.1183452831000316
14 3.145637130538989
75 3.1552863033436838
86 3.161228973187193
84 3.2855432330782905
5 3.4541294182162816
73 3.495862650604678
80 3.5144523846637403
45 3.5740724290553536
82 3.6932001730462165
88 3.794415976939531
10 3.9946169645562946
65 4.135759571259251
93 4.163435194359194
71 4.273417406830005
72 4.32966534396583
11 4.5852565423199
89 4.5937134754582445
62 4.749380587417591
99 4.900343492245194
15 5.412640236332586
91 5.568259846711978
85 5.623609636408564
4 5.831162460402541
100 6.155457408323898
94 6.2963890224502475
9 6.310270206381907
92 6.955185132888473
96 7.161808683745991
2 7.384377352724053
87 7.656648193377248
90 7.843062482804829
97 8.071060480995545
3 9.830595369349888
1 12.659446245814987
0 40.7344474806186
