97 -2.6214551118050068e+16
90 -2.618568343941923e+16
87 -2.56900724795941e+16
92 -2.42731918154818e+16
94 -2.2924430099216972e+16
96 -2.2740915711080916e+16
0 -2.205165177042289e+16
85 -2.1670337001466452e+16
91 -2.115046576303797e+16
100 -1.9688070223218344e+16
62 -1.9665051441975516e+16
89 -1.9495102710682836e+16
65 -1.866296473246851e+16
88 -1.7354323139035358e+16
45 -1.7075354662140874e+16
99 -1.70412206693819e+16
82 -1.7022700820346974e+16
72 -1.6930107289106766e+16
80 -1.6714596160082798e+16
93 -1.6177125585863752e+16
71 -1.6147808665782712e+16
75 -1.6019181116571816e+16
68 -1.557602678135461e+16
86 -1.5529362713647344e+16
76 -1.5408235128433478e+16
83 -1.5216214355377246e+16
79 -1.5023759387909028e+16
74 -1.4916183661184188e+16
84 -1.4736834108243826e+16
73 -1.4661839564335122e+16
63 -1.4431155487275468e+16
57 -1.412642084087636e+16
69 -1.3222156228892184e+16
41 -1.3148656857912888e+16
95 -1.314655341500335e+16
48 -1.2679868744661004e+16
44 -1.2666418777349462e+16
70 -1.1424833281009572e+16
54 -1.081286588386634e+16
53 -1.048793200040879e+16
50 -1.0056525223415106e+16
67 -9734374580346504.0
61 -9590581877100608.0
81 -9570215488975984.0
58 -9378861888321048.0
59 -9194387316818172.0
77 -9099212662048344.0
55 -8881730738900421.0
51 -8348875144591130.0
52 -8152726102089438.0
64 -8138692674274180.0
39 -7929158809853297.0
78 -7899310632748317.0
66 -7452507074489895.0
34 -7320806016262329.0
49 -7053001251254681.0
37 -6915254337891049.0
60 -6637165777587071.0
28 -6457456698881569.0
29 -6322664265921252.0
30 -6223545768537966.0
47 -5997952148913820.0
98 -5398576604215090.0
56 -5215717136462977.0
32 -5072794453728592.0
38 -4892266046533286.0
31 -4824498176662118.0
46 -4781120209186793.0
40 -4586476979708282.0
35 -4570869470046278.0
36 -4286638435391059.0
25 -4167961576310248.0
16 -4122151495825420.5
43 -4114016317286112.5
17 -3985625966604971.0
24 -3928854387633315.0
1 -3641322162548969.5
26 -3548785583769031.0
7 -3495839839672717.0
27 -3421127741972662.0
42 -3184760665610477.5
21 -2989316595130255.0
23 -2850597815003478.5
13 -2530074004403332.0
3 -2395423165991490.5
20 -2258194142150329.5
19 -1989463238797520.2
33 -1815132387481234.0
2 -1572078849908497.8
6 -1554899495618633.2
22 -1502601600725774.5
18 -1475714721268326.2
8 -1459196580732032.8
12 -1328302235266801.0
4 -1241811776080235.5
14 -1240317394111985.5
9 -1179086054052187.5
5 -1154923431412518.2
11 -1141335917798594.5
10 -1083190472073218.5
15 -922421581011507.9
