1 0.9806416466240411
0 1.3018161256790264
3 1.6214346188065012
2 2.4127708634542113
9 2.9810570250442856
4 3.0837604790674464
15 3.5096401991910735
11 3.7801045457732125
10 4.195716672711485
5 4.612052785644653
14 4.874649105594153
12 5.382552402165853
18 5.667836581875342
8 5.743276648460038
6 6.026053198108415
19 6.7434593241233225
22 6.905258480111535
20 7.235917389682035
13 7.659828898242894
33 7.739509562909254
23 8.128397043132955
21 8.322960691216391
7 9.130651576223862
27 9.467253436858169
24 9.558736002002927
17 9.608627901386308
16 9.760148025604684
26 9.764809532244987
25 9.821249520215899
42 10.39523196092055
36 10.695611946309617
43 10.758836233539117
35 10.893660036250113
38 11.318902251404397
40 11.484244673318793
31 11.535553008128108
32 11.821919608023586
46 11.888607825168064
30 12.040960958009787
29 12.14022569814428
98 12.345240165472799
56 12.438134732514296
37 12.727371063184757
28 13.337660076716144
60 13.44534430557869
47 13.636622682735714
34 14.046745822901567
64 14.232648643502655
39 14.401628056027924
78 14.802331546392594
52 14.831896944451985
55 15.131276422284364
51 15.515268859098834
61 15.628158663812888
49 15.757583160720444
66 15.872267498580843
53 16.025625971495305
58 16.079951268989763
81 16.13013737794505
54 16.241671406129598
50 16.337862450875928
59 16.381804347604092
77 16.60496012596991
70 17.743125606150425
67 17.754866083341344
44 17.852067900534106
41 18.155593137307854
69 18.227018129183467
48 18.3337228479258
95 18.696778172093214
57 18.92815244687004
63 19.17008213586974
74 19.574883387558284
79 20.20429528270539
68 20.292702840134428
75 20.401943106820216
76 20.55669826557864
83 20.648927329319452
86 20.712927057821382
80 20.949543903546605
84 20.956613740055104
45 21.19753844934096
73 21.40945103276581
88 21.4406652680203
82 21.719200726703658
65 22.401244755398213
93 22.471776880928978
71 22.66039268202677
72 22.749239677925296
62 23.132647265699422
89 23.247696928189583
99 23.625638305550947
85 24.56948031969865
91 24.71536990520589
94 25.461198944518078
100 25.565755891362997
92 26.415140064647716
96 27.01533991280964
87 27.39648951660412
90 27.740247466499742
97 28.22236034524347
