18 0.30723679765874945
8 0.330335946331412
6 0.3576375562437259
19 0.36870267476553786
12 0.39290323737714816
14 0.45875550166340234
20 0.501718817376867
5 0.5857499261474713
13 0.6343894487758437
10 0.8083265268670424
23 0.8251017919347133
21 0.9223283361260974
22 0.9918692395929171
11 1.0568728499873412
33 1.3757681350870017
7 1.456576224126707
24 1.6523852793143983
17 1.6880505368020653
15 1.7291597381808104
16 1.7811745763418665
4 1.7858222395048182
25 1.8071785764947734
27 1.9205090444014135
26 2.169157268286036
9 2.1953234749180264
2 2.838494214843882
42 3.0868822079585327
36 3.103308686082352
35 3.11242404509266
43 3.1275610315261884
38 3.4614748129382433
30 3.6168674237433733
40 3.6347766835996635
29 3.745315369711587
31 3.894930316028919
32 4.175519678598704
46 4.182835004776585
37 4.2817689360474676
3 4.732001304959925
56 4.743539388283933
98 4.934589420847916
28 5.637103413027479
60 5.715316750943138
47 6.154325720129295
34 6.3665378524827645
64 6.477207546801821
39 6.761731946850033
78 6.897925589212301
52 7.006975918733898
1 7.161636792370153
55 7.4248629585698485
51 7.852802229751011
54 8.107272431149104
61 8.186163184800408
53 8.280780073399674
66 8.606571461191123
49 8.728085861797432
58 8.766815875679521
50 8.928056631900121
81 8.977654766139896
59 8.979618879063917
77 9.652325241904158
44 10.43751105164826
41 10.59561689733076
70 10.662547927395902
69 10.767248480802715
48 10.883714181422942
67 11.133281226580984
57 11.590689779956145
95 11.88306786833243
63 11.983279633604802
74 12.474545255367213
75 13.685516696044623
79 13.723703040323416
68 14.339686647492522
80 14.415372867165152
76 14.45081561637565
86 14.58792673271735
45 14.857168162650565
83 14.99732288476807
88 15.133539719716895
84 15.448113830475407
73 15.749822980353182
82 16.32324082483121
65 16.906538605640534
62 17.719536183309348
93 17.829699334786557
71 18.155876752813736
72 18.231655038911637
89 18.48676818532811
99 19.720668322918343
85 20.05949763315226
91 20.34912677381623
94 21.337707077891174
100 22.72163471196603
92 22.91015479288003
87 24.55575385219791
96 25.01395181002503
90 25.207990205342664
97 26.94156420648548
0 36.79897675043177
