15 0.07039289692775334
9 0.08444210039527769
4 0.09814133811817571
11 0.11181046826878373
10 0.18554380221416344
2 0.26376713416354164
5 0.30511148694022105
14 0.39104456273574884
12 0.6273248987963923
18 0.7462306088186222
8 0.8002161706375026
3 0.8245082446257048
6 0.9720599647727616
19 1.3735526537538372
22 1.6782907318069447
20 1.7236734652744774
1 1.8154269164676144
13 2.0256968243610634
33 2.3558712740049357
23 2.388066952457751
21 2.555156363035214
7 3.337114101134289
24 3.647786728034985
17 3.7050340889599296
27 3.790182760907176
16 3.8368528469098995
25 3.8675571540318576
26 4.094777503614904
42 4.86623355806794
36 5.1313264680394814
43 5.1763964838251635
35 5.2751333719839435
38 5.7084826873816406
40 5.8934052085982405
31 6.048258193070679
30 6.097219377913388
29 6.266748291733746
32 6.374355438473946
46 6.411405649992156
37 6.852213446514889
56 7.045806681416653
98 7.057855951169227
28 8.084395856592222
60 8.190361077089573
47 8.503216799438057
34 8.910546518672884
64 9.067566215444876
39 9.335771318888957
78 9.64192379096345
52 9.70729189086625
55 10.141131337639363
51 10.576064938668207
54 10.814148929897023
61 10.842198124265558
53 11.051754986157608
49 11.14758671317665
66 11.15740450381113
58 11.428912264698825
81 11.580785131359253
50 11.666497272105198
59 11.703069467899718
77 12.20011786099864
44 13.260876894440328
41 13.31307454760765
70 13.441025491819893
69 13.509470040752282
48 13.660990681057623
67 13.676256859794872
57 14.248599512741277
95 14.59342067745675
63 14.664030204998225
74 15.06940236570475
75 16.267264545561783
79 16.414354437835694
80 16.900090704546127
68 16.960732160848266
76 17.09562887502984
86 17.205867382840268
45 17.38177266534793
83 17.54663928707917
88 17.56660463019605
0 17.92624908244697
84 17.95344361793002
73 18.306706376403486
82 18.84930732906577
65 19.40750693354948
62 20.00805892453583
93 20.152364459018496
71 20.452411654093726
72 20.540228755593763
89 20.906924094647582
99 21.846548238184862
85 22.194328570092416
91 22.626671444178516
94 23.29006484702999
100 24.638665721674982
92 24.7167534198602
87 26.203963371419132
96 26.76045192079542
90 26.868761032220586
97 28.5039293687343
