90 0.19873623532870383
87 0.2722667204779787
97 0.2855187099013929
96 0.3884880590203408
92 0.49061393955931026
100 0.6348949322814981
94 0.7884861881721494
91 0.9200834554171181
85 1.031354481199888
99 1.1977535430242932
89 1.397937341572279
72 1.5495005554767456
71 1.6034721039088589
93 1.6856283463841142
62 1.7871058857579531
65 1.9602709700742575
82 2.162534115625157
73 2.3897841379979132
84 2.5598258795220348
83 2.77335421994172
86 2.9331717506666153
88 2.940141391420783
45 3.001244455672388
76 3.011719247443305
68 3.0875222922496817
80 3.320663125426259
79 3.429477164723867
75 3.6662736397651634
74 4.501223366264663
95 4.5443757877216155
63 4.751986808404497
57 5.134370542389228
67 5.203561706062701
48 5.508846618168298
70 5.513727801901411
69 5.629129637053334
44 5.779748763803938
41 5.868709956787336
77 6.495261090907829
59 7.068519397857528
50 7.128889183893632
81 7.1569763698633535
58 7.3230928504950885
66 7.498085782957463
49 7.522333450457292
53 7.846988991931898
61 7.9564987860327845
51 8.331708834853409
54 8.466841382182597
55 8.890073694970752
52 9.381237652420333
78 9.586409004988814
39 9.805437293701393
64 10.16248561496076
34 10.415822799322948
47 10.865573951692916
60 11.440052097742198
28 11.625202094255966
98 13.222265222271412
56 13.376445052557973
37 14.329265252666003
46 14.558751127158327
32 14.682137799662831
31 15.29213650886046
29 15.497078888734956
40 15.758624548202397
30 15.889669587577083
38 16.172398439115636
35 17.251883797674672
43 17.328278622636407
36 17.49194467888116
42 17.897356987570372
26 20.46493357215606
27 21.462765861223875
25 21.709952962638763
16 21.785721889747315
17 22.17840154619768
24 22.34033537505261
7 23.270741590754312
33 26.36105322483505
21 26.57032816780856
23 27.324710000920746
13 29.06050033115002
22 29.95840332733525
20 30.673709336953873
19 32.92217193610707
6 35.6498442360555
8 37.246772446617
18 37.928257028760825
12 38.99025909860725
14 42.34652467085942
5 43.60881451237537
10 46.1473256342338
11 49.46226058556455
15 49.756073690543026
9 54.548896895966365
4 54.60715473752548
2 60.74365639213803
3 70.01187566830478
1 80.39841045826618
0 164.19095690500876
