78 0.20641957694407692
52 0.21315937253968517
34 0.21760132255166875
39 0.21819383282212712
55 0.22071537829970012
51 0.22970844894941583
64 0.24016973488456683
47 0.25635843083376986
60 0.26196750864871987
61 0.27388613719978006
28 0.27579683067920374
66 0.291137236083863
58 0.30125786458817333
49 0.3172563697557201
59 0.32374474938365005
81 0.32938237540305026
50 0.32956933924464515
53 0.35598444016216657
77 0.4073561463405528
56 0.415474430197403
98 0.4729301994252095
46 0.5485091070348914
32 0.5748651418322512
70 0.5771176520126453
54 0.6100448039728448
67 0.6475764244905162
31 0.6621826840528864
37 0.6662206998660188
44 0.6702002526388884
40 0.6869828460216751
38 0.7586752617930014
29 0.7622517863800861
48 0.8390051719405132
69 0.8438970981242497
30 0.8508173892805136
41 0.8712839256586041
95 0.8758604021381136
35 0.9205979780543795
43 0.950163937566764
36 0.9845541996228772
57 1.098919821291664
42 1.0989913238515527
63 1.125327988718535
74 1.3071178342404717
79 1.3622112273065952
68 1.424162573259077
76 1.4934606160860182
26 1.4937219927627639
75 1.5438228558544436
86 1.5684379137983135
83 1.5788828133382076
27 1.692608844650925
84 1.704087998065094
80 1.7906080135757816
16 1.8147731089847048
25 1.8171437858514674
73 1.8315935376077197
45 1.838599920210008
17 1.8909352021792951
24 1.9344698048206836
88 1.9892679459398837
82 2.003497220442378
7 2.0949929941967493
65 2.298594929437119
93 2.437991464222662
71 2.5371863813813516
72 2.578058778640722
89 2.71882445386141
62 2.723898577310942
21 2.889489057989229
33 2.9669409638333573
23 3.080262386887747
99 3.099709742809699
91 3.462039017892191
85 3.46328651783172
13 3.5185755995669847
22 3.8860043050764075
20 3.9375566520503766
94 3.989324378867673
100 4.209451133744191
19 4.558725673548782
92 4.567109143665419
96 5.118192513115264
87 5.198456739271911
6 5.348635382965622
90 5.410516923938206
8 5.829591646917961
97 5.945013496948261
18 6.033760537672696
12 6.3716504229343505
14 7.423694045370478
5 7.851599616900339
10 8.711781456270943
11 9.820296850419885
15 10.198966808820318
4 11.680335785454654
9 11.832700866768521
2 13.976987752438017
3 17.587425714875724
1 21.776019052929016
0 59.88911156067743
