30 0.24786312866524582
25 0.25787789829715885
16 0.2753897694874457
29 0.2861349136341658
17 0.3140140858384856
24 0.3246961454091371
37 0.41448284023473747
35 0.47613198087698
7 0.48605821631787793
38 0.4872869231831707
26 0.5048752745343399
40 0.5340359568034697
27 0.5413567025466182
43 0.5782482635455856
36 0.6062605994150901
31 0.7278003508006227
46 0.760080621035819
32 0.803581399436486
42 0.8178353585354757
21 0.8333702686917945
56 0.9287237759384727
23 0.9495488835179958
98 1.182125873460595
28 1.2208048509164944
60 1.236684709212156
13 1.2715391795353796
64 1.5055278178929594
34 1.5140027831482172
47 1.5427768220959601
20 1.6199500440102026
78 1.6335850061426362
33 1.6578730140103048
39 1.6920531296898031
52 1.7067865118074597
55 1.9511426669557743
19 2.106377038372585
54 2.1290096073384492
51 2.1703316896447813
22 2.2642643876085042
53 2.3283438666365295
61 2.4277289031419524
66 2.7146463190923007
58 2.7764615449224634
50 2.8121210703816226
59 2.8384806134588847
49 2.9037844122961967
81 2.966826237171347
6 2.9672310850704315
8 3.358116315762063
77 3.400145229839679
18 3.479249947014501
44 3.6221728093846055
41 3.663501804266221
69 3.7920038542459027
48 3.872708888394211
70 3.8781341552057134
12 3.9281543269145143
57 4.3203505922568946
67 4.34026267333251
63 4.602759427212092
95 4.659170013338343
14 4.850340878870598
74 4.934033007725537
5 5.371881425885934
75 5.8088370224708346
79 5.911671550299824
10 6.307948492682362
80 6.336022643754069
76 6.503568668215374
68 6.504794850849717
86 6.5851593354549
45 6.681452723732826
88 6.875779722950084
83 7.039891260043191
84 7.382786062238108
11 7.3921031221033155
73 7.507156975589785
82 7.974838748786587
65 8.322217247433443
15 8.406687463498638
62 8.891661375206986
93 9.272796125479408
71 9.540117739862538
4 9.546670189022867
72 9.594457801517594
89 9.660049542270764
9 10.081327076337939
85 10.807165559171068
99 10.825667143602933
91 11.101568634783439
94 11.836518011929293
2 12.24001074410329
92 13.172196167835045
100 13.318340379481006
87 14.593019153708436
90 15.197036713478367
96 15.274781687934215
3 16.546613489911906
97 16.93583261345323
1 21.643844162217153
0 71.79586873012936
