98 0.180811604840236
56 0.18905660338369573
32 0.1997757971849094
46 0.20311155101733314
31 0.23290731999365813
28 0.2764943546645549
40 0.2867440440563799
47 0.2921872270780708
60 0.2995135057475004
38 0.3321304816361769
43 0.3700344744027218
36 0.3831509196983298
35 0.388299758146841
34 0.41433330468152635
42 0.4202903694126046
39 0.5206416550891175
64 0.5399953548628578
78 0.7049367854323477
52 0.7064028157392588
29 0.7377578352010347
26 0.7470612263607325
55 0.7761912287514328
37 0.8410389272173296
30 0.8475204556287532
49 0.8922195819988368
27 0.898965225911949
51 0.8996963065184475
61 0.9335917746279919
66 0.9768512571918615
81 1.0678048837372902
58 1.068147539684113
59 1.2301553980558027
50 1.2328141164209634
16 1.2384644354682346
77 1.2594394057170526
25 1.273808174505858
17 1.2759599817796374
53 1.313121615657587
24 1.3178458382623945
7 1.332569465199305
67 1.8556224541337876
33 1.8902841824799483
70 1.9358008974072598
54 1.9461472001343814
21 2.0410543515840462
23 2.2055619603561754
44 2.274398484008969
13 2.56373361024383
95 2.616591344392767
69 2.7209230544639054
48 2.721847566284054
22 2.7257072826841733
41 2.7895597555380496
20 2.910540685196227
57 3.329282330614969
63 3.3778011871994695
19 3.4758113584078534
68 3.605528069189044
79 3.737560180740333
74 3.7870895055438027
83 3.8002965345919226
76 3.885735507953487
84 4.030560653880578
86 4.073009142671763
6 4.15464662354162
75 4.259723967674809
73 4.465711918482748
8 4.6281437552257865
82 4.731863791077722
80 4.775336604810867
45 4.8240731226850935
18 4.842870102785559
12 5.139181883724343
88 5.157231068575412
93 5.247936125361364
71 5.390344493671477
72 5.500635294684561
65 5.5130774597776515
89 6.069449099495129
14 6.198431424212747
99 6.283476448683785
62 6.4656757102637155
5 6.615440403134338
10 7.490254379956449
91 7.5729045621860145
85 7.673765187473993
100 8.144212379401734
11 8.626986654437161
94 8.65547491439418
15 9.102745497782674
92 9.587947628724866
96 9.654044258058224
4 10.579409202770474
87 10.58880355068667
9 10.805151041640455
90 10.852051105605609
97 11.031159380085034
2 13.0412202163699
3 16.983774946640615
1 21.64840005616483
0 66.06227184821266
