0 -1.1501415388213342e+16
1 -3460792182607782.5
97 -3100692650189969.0
96 -2879096660431776.5
3 -2606933801669044.5
100 -2568690336306810.5
90 -2535339574255455.0
87 -2395763519959021.5
92 -2146907079629003.8
99 -2127420947845162.8
2 -1925563595734799.0
94 -1913519163442858.8
91 -1896800137414331.8
71 -1869481900652025.2
72 -1853097953861071.5
93 -1807077000721117.8
85 -1785952356018481.2
89 -1730163801902696.2
4 -1515782428779724.8
82 -1468026581090594.2
62 -1433122285095720.2
84 -1427236609194444.0
9 -1426544591595956.2
65 -1426328909872556.0
73 -1407958358764413.5
83 -1342713182791654.2
68 -1205529377560926.5
11 -1197569308372528.2
76 -1180652249572534.8
86 -1179415716571115.0
15 -1095649057213235.9
88 -1080218519834054.4
45 -1074963514264973.2
79 -1035833089275671.4
80 -991266809292469.4
10 -980503730345265.0
75 -923557801810008.1
67 -880282703097988.6
95 -851356467551252.2
5 -841184387629503.5
14 -781718349283172.9
74 -763435732805270.1
63 -730480766468117.6
70 -726252580184617.8
77 -676422878722438.1
57 -666887891790245.0
48 -637050242965628.8
44 -617874992653733.4
69 -610411803230492.2
12 -590766905809275.6
49 -588871039550418.8
41 -570707370942401.2
81 -565670918934606.8
18 -554259256180332.7
66 -547207109410760.7
59 -544388588869900.9
58 -529030786586998.7
50 -525314745855843.7
8 -513270544447167.56
61 -447080753853478.8
6 -433569505815655.9
51 -408442045679992.9
53 -403895114764926.44
55 -352083248084374.3
19 -333095507738661.56
52 -308732644721531.44
54 -306843273248931.06
39 -300364810626408.0
78 -293935419420972.1
47 -266610289951835.62
34 -263395496078711.38
64 -259448943888293.84
20 -245394970296076.56
60 -200750491641843.06
28 -195956236433954.7
13 -192185609561361.1
22 -158185898760528.5
98 -142482801509559.7
23 -139182119545566.5
56 -123228425214035.33
21 -117169860797290.83
46 -79143700766176.2
32 -75790523152084.14
33 -61368771315406.086
31 -57982576577588.74
37 -43554166095383.58
40 -40224211047964.26
7 -38418561445956.5
38 -28931094056242.68
24 -28327893327843.13
17 -25754642090985.594
29 -23475536931582.883
16 -20907436232146.918
25 -20691734525304.527
42 -18123152752074.848
43 -16984239209461.72
30 -16148473741066.707
36 -14802157917233.982
35 -14076602376050.047
27 -7448816626103.227
26 -1307477851854.5654
