19 0.1227573942251912
20 0.14527978201193956
6 0.18802052857339271
13 0.20614304269332165
8 0.2339609425105468
18 0.24839566086345902
23 0.3060973735293434
12 0.34834723800132983
21 0.35377538312593854
22 0.4442940861437584
14 0.5368428366490077
33 0.5766596162867572
7 0.6152310380871799
5 0.6895943367476085
24 0.8007312146395241
17 0.8174069505239414
27 0.8274308935450926
16 0.887706332057806
25 0.9254052918116898
26 0.9743518140445517
10 0.9767320811645739
11 1.301545436559135
42 1.5108283780437262
36 1.5513437542459216
43 1.5660389985958334
35 1.5847455450930121
38 1.8282192964088888
40 1.9336143231845204
15 1.9922980308939284
31 2.072211612058086
4 2.120939140643862
30 2.231688729522362
32 2.2651067374690133
46 2.273199608267156
29 2.279971390246193
9 2.5481702374910635
56 2.6610199443438005
37 2.7236255467307067
98 2.7530518799306174
2 3.255553045534367
28 3.318298734509234
60 3.388778461324405
47 3.6319496717735764
34 3.871913534725818
64 4.011244906359396
39 4.174959371312484
78 4.399598248719093
52 4.4557482843852965
55 4.748887025577001
51 5.071768249584555
3 5.2178252219739045
61 5.268499638667399
49 5.495035745950292
66 5.500010378222061
53 5.567677264288732
58 5.681866930981573
81 5.788851240262248
54 5.828137940946334
50 5.886322929218958
59 5.908802202046656
77 6.257968743287378
70 7.268522238381581
44 7.369781921041644
67 7.399522632394102
1 7.657798372323611
41 7.756532016638821
69 7.811410998269068
48 7.879819842008342
95 8.310562487860906
57 8.615383393866358
63 8.85660385307623
74 9.353253530013223
79 9.957591986328922
68 10.139870807065295
75 10.269458331730082
76 10.386004394339897
83 10.559255531382277
86 10.569175656910426
84 10.905259955841675
80 10.94645377855
45 11.199516261661374
73 11.352652481635477
88 11.534857354191237
82 11.789694307137891
65 12.60000131995139
93 12.74416792863562
71 12.976928413465991
72 13.089479347138006
62 13.586041534892674
89 13.647449087014262
99 14.20495154421764
85 15.402360099509199
91 15.475844233128688
94 16.602174187735063
100 16.68528389047599
92 17.873162294588138
96 18.624715157849856
87 19.205292539552413
90 19.637595544518568
97 20.31799911303952
0 36.01359161009493
