91 0.11152585618000553
85 0.11739058814745476
89 0.1470739428881434
94 0.1561142326540693
62 0.18548911344416175
65 0.1974926886756775
92 0.24453442761440827
72 0.26547989838929836
82 0.26996384304681637
93 0.2783040258592251
71 0.2851271239025135
73 0.3080644141767838
99 0.3290614189058787
84 0.3984059381703385
87 0.3987744885309071
86 0.4461431926794977
83 0.4542449792717154
76 0.4734834613843626
88 0.48501842437224113
90 0.48695026797803675
45 0.48766992910590456
100 0.503818560452658
68 0.525405993781496
79 0.6039765009268433
80 0.6095765251482254
75 0.7184104401364049
96 0.7519606208657991
95 1.0260646409152983
97 1.0320351994068373
74 1.0533474609113467
63 1.1402349821116768
57 1.3160496718333388
67 1.339165112654505
70 1.4320420786677026
48 1.4544923747875669
69 1.5112049663213225
44 1.5582867673949408
41 1.6330724165306627
77 1.9022256066310033
59 2.1505494454475236
50 2.176086631622654
81 2.202036041581514
58 2.274396232165396
66 2.3762916186853187
49 2.4074969098892214
53 2.5359392687353592
61 2.5826996055990956
51 2.7737500832956345
54 2.9153324073568956
55 3.053847088547045
52 3.3125862421446794
78 3.42546591986767
39 3.528581363938086
64 3.7185812432418723
34 3.8533458299689265
47 4.1027478060767395
60 4.408756914148
28 4.509649161872076
98 5.393534885304123
56 5.489117329374824
37 6.12106712074347
46 6.1653555810358895
32 6.229535365125609
31 6.582179684307706
29 6.792249414029736
40 6.875127812270058
30 7.037774660556611
38 7.114375182629399
35 7.752551624106008
43 7.788773549403124
36 7.8808870896189545
42 8.120299021763367
26 9.707095799346208
27 10.327333695934612
25 10.571906195077917
16 10.610553057811602
17 10.85075205670051
24 10.953680987274165
7 11.505753969898633
33 13.335734330141825
21 13.63097118819967
23 14.117343964117195
13 15.230575749682554
22 15.649967198243111
20 16.267375559101815
19 17.74156323166265
6 19.491212425761447
8 20.561286723260377
18 21.032713716643226
12 21.704188020053987
14 23.982973065145412
5 24.80820943127167
10 26.51200142532973
11 28.7890252505715
15 28.83779336937915
9 32.15328607219084
4 32.27819287380806
2 36.491451427014375
3 42.92747078326397
1 50.23030781941103
0 110.6519227025684
