7 0.13037306096743523
27 0.1487211813950444
17 0.17022776854124536
24 0.17157587992339837
26 0.18143016441220364
16 0.18476909917182155
25 0.1999436079290889
21 0.20326497080320982
23 0.23293896161093583
13 0.3125118007834912
33 0.3462952609015213
35 0.38403512112420013
36 0.3851394664378568
43 0.3890025729795087
42 0.3992315792381446
20 0.4094207549173281
38 0.486922836657086
22 0.5304371234513835
40 0.5338114009041323
19 0.5870065898199948
31 0.6174451908027705
30 0.659231257579253
29 0.6770948398712822
32 0.7051666353364917
46 0.7077009244094955
6 0.8673310642889654
37 0.8922439803448545
56 0.9063732543579897
98 0.9831134474284594
8 1.0461112130877612
18 1.1199441263959504
28 1.2638950858733267
12 1.2725220484016289
60 1.2988909212735356
47 1.4648083314960088
34 1.5793864982131178
64 1.6585248043240297
14 1.718481134449277
39 1.7636595918921585
78 1.853811639879975
52 1.900390607756768
5 1.9314961231478993
55 2.0882467622029712
51 2.283305733957946
10 2.3612757725463456
61 2.43862666656151
53 2.5658522318555774
66 2.6052595334220956
54 2.6262377630889233
49 2.6325666374263887
58 2.702843596031033
81 2.7929533140012377
50 2.8105168304641377
59 2.823805903659267
11 2.905398941013118
77 3.109918850580678
15 3.2937462223771434
44 3.6881185360689326
70 3.702388349789998
41 3.8620689495274156
67 3.872237702863681
69 3.923969783037189
4 3.9394856015723354
48 3.9696515650292077
9 4.144436102385195
95 4.385654739859369
57 4.40674490565945
63 4.592535310047431
74 4.889495144120845
2 5.285403359241975
79 5.441959635915076
75 5.5321560335273725
68 5.699719427254303
76 5.800729756620726
86 5.899854304061088
80 5.962570148019745
83 6.027794518815745
45 6.178986555177153
84 6.272167878685933
88 6.366138064243066
73 6.495279539213833
82 6.833823171834693
65 7.268747104203586
3 7.520631634303897
93 7.615930426208715
71 7.793521104139452
62 7.827406910142678
72 7.861325960196735
89 8.11905816842708
99 8.704347488223789
85 9.171621057405245
91 9.293311692775264
94 9.966932862129902
1 10.24274618401316
100 10.507479902510608
92 10.904131625883611
87 11.894813649292816
96 11.92704056741402
90 12.270060095809438
97 13.15917993972715
0 38.30873154522604
