92 0.1554596772188318
87 0.176848766511538
90 0.23174264832358368
94 0.24463247316939973
91 0.32575717351220806
85 0.37118464157856
89 0.7062468216205529
100 0.7636019363856601
96 0.8334798494751983
62 0.8707103844520137
99 0.9321657779262877
97 1.0163948236355647
65 1.0285268266565388
72 1.0314418425086058
71 1.1000625862813431
93 1.1280058858495128
82 1.2952446123851495
73 1.4628464381566486
84 1.7131033976630654
88 1.8357299926834487
86 1.8652710592850819
45 1.8807996366296327
83 1.880871061392365
76 1.9559024171766488
68 2.0894348664122173
80 2.1802783103343066
79 2.288859897929678
75 2.4916302272367026
74 3.3014364777924428
95 3.3656305733741436
63 3.5364363858096066
57 3.9301804555166218
67 4.174494814992721
48 4.298040746122079
70 4.364584698888596
69 4.410737996961779
44 4.572556494317438
41 4.6654996370736965
77 5.454154528981021
59 5.966414542565333
50 6.016361731921986
81 6.100291518647547
58 6.245072377067362
66 6.45727817220187
49 6.558437640009727
53 6.7123632335383165
61 6.876737581708387
51 7.293020821005296
54 7.418182860135378
55 7.878815919146469
52 8.391286291470372
78 8.647989891242185
39 8.866163446300401
64 9.215380834106414
34 9.551230271761288
47 10.073650063863296
60 10.657217052246839
28 10.87445444920749
98 12.659110870503339
56 12.850175771697185
37 13.925105356697221
46 14.163725031963146
32 14.310575157800221
31 14.97056049357464
29 15.266527778322514
40 15.527869501189285
30 15.719560897883488
38 15.973031117661632
35 17.237357283015847
43 17.30897411640326
36 17.502245423238538
42 17.977186739012872
26 20.98154315003356
27 22.15723116876077
25 22.512103426673086
16 22.597313654697963
17 23.051599621299964
24 23.235886877309934
7 24.310452750336964
33 27.848060173827612
21 28.287149614674465
23 29.189003692779348
13 31.266831184759937
22 32.16969397729566
20 33.20583769763442
19 35.94392980415077
6 39.199359792075846
8 41.14875553032925
18 42.007113957054884
12 43.27398955833263
14 47.42220669041899
5 48.93682714932321
10 52.03904272460653
11 56.172021947711805
15 56.36437040095543
9 62.359785556958094
4 62.50462760217088
2 70.13764214769705
3 81.70724573009132
1 94.71845335396137
0 201.37611065828736
