0 -9693834822592680.0
90 -4054847448595115.5
87 -3994135619721688.0
97 -3733882569776495.5
92 -3710589837710493.0
94 -3438885894413682.5
96 -3401460440179069.5
91 -3143048038587935.5
85 -3116982798154310.5
100 -2989170459234479.5
62 -2755579781208073.5
89 -2523842781768236.5
65 -2428505263330320.0
99 -2413102230965258.0
88 -2311371662014511.5
1 -2273687202485462.5
45 -2222761812032090.2
72 -2210742034042156.2
71 -2189515661298367.8
80 -2184109708558310.5
93 -2145221753416553.2
73 -2109128145935878.8
82 -2066112093858933.0
75 -2025277925606845.0
86 -1926662452407529.2
79 -1865856997486218.0
76 -1855034093865718.0
74 -1830109340319919.0
84 -1806152568784352.5
63 -1711919313245760.2
83 -1705114674743644.5
57 -1674391053812658.5
68 -1654865397382442.2
3 -1611641831816455.8
48 -1514964695540078.5
41 -1477067177007763.5
69 -1465719494298622.8
95 -1392139905830022.2
44 -1316386959171287.5
70 -1187371638559298.2
54 -1069488576705545.5
67 -1066704809988051.8
2 -1052586741348414.5
59 -907917197188783.0
53 -874754966827663.6
9 -867534032670522.4
50 -862892463663304.9
77 -819581404861368.6
58 -777554419461163.5
51 -762901492258131.8
66 -755071351777941.1
81 -731662265693567.0
4 -723286289214079.2
15 -715155142971965.9
61 -677801644585074.4
49 -669171032719491.4
78 -663332324611982.1
55 -659580137989814.1
52 -638350707835988.0
39 -486311647201572.2
64 -471032617635603.1
11 -467068788635889.5
34 -440752574543280.56
37 -417214943328695.75
10 -372127710561641.94
60 -358378762957134.0
47 -346701877409284.25
28 -338963969678094.4
29 -327519507769740.6
30 -323060022128348.3
5 -274604705041358.2
56 -233043738649360.16
14 -215767001116096.6
46 -177878217275259.16
40 -168436344001183.03
98 -160431820967121.06
32 -155510339214393.4
12 -151076508072717.34
38 -145658753995170.3
31 -129343720399211.81
35 -108271371676992.9
18 -104639205349231.1
8 -101555382583170.3
25 -87076097399095.02
43 -83364914131698.03
16 -81180615342621.38
6 -76911937302790.83
36 -73670152985276.23
17 -68938510116635.08
22 -68088360062290.01
24 -64901946019186.305
26 -41632985571189.625
42 -41495482215052.6
7 -33155254067388.93
27 -30524563088465.086
33 -25937138075818.996
19 -20194429279571.367
21 -8407821096921.123
20 -4897356060453.907
23 -4252361734462.659
13 -13030342936.121748
