35 0.16608877792758084
38 0.17231524170662432
40 0.17655953465197732
43 0.1908553515270272
36 0.19977916090669426
26 0.20750224562176084
29 0.21013359391912825
30 0.22083226042165424
31 0.22910452161173597
16 0.2316916303339763
27 0.23514737684789158
46 0.2355376437844896
25 0.2362600061395212
17 0.24489192908514218
32 0.24560984938309696
24 0.2556837825427128
42 0.2605353967514464
37 0.28476667474535217
7 0.2878246626700404
56 0.2906697025429736
98 0.36388328836943723
28 0.4104144281196346
60 0.4203879939165402
21 0.4875114021566008
47 0.5051212882104542
34 0.5310283988383385
23 0.5437860225539245
64 0.5695132292833962
39 0.6129769564652475
78 0.6256338848001642
52 0.655915875348441
13 0.682901184246213
33 0.6980659793962086
55 0.7445290764617783
20 0.8273950779175179
51 0.8279982095167576
61 0.9225486046984614
53 0.9842606498198193
22 0.9869967121786953
66 0.996355724224451
49 1.024965802405657
58 1.0421213576856474
19 1.0472853352188014
54 1.0571407614973913
50 1.0906543753479685
59 1.0915012635460335
81 1.0956002917237397
77 1.251330850000814
6 1.3828101751629427
70 1.539402160749013
44 1.5523784573527568
8 1.5683952720213008
67 1.637913005095339
18 1.6379323188767414
41 1.6803967754362894
69 1.7023378271364753
48 1.714060858324152
12 1.8050111577709977
95 1.9189114374750724
57 1.9814508545498224
63 2.070962786820335
14 2.232349617766262
74 2.2501160528431843
5 2.4429381004861055
79 2.5014672573536085
75 2.5955134437517677
68 2.6358198270619315
76 2.693225542426975
86 2.75504649863936
83 2.8125795212290217
10 2.8466207941115824
80 2.8509524029753646
84 2.9459249919011596
45 2.956937471783018
73 3.071819338751088
88 3.0806400117663966
82 3.274871139011197
11 3.332434989841729
65 3.5475654492090443
93 3.7109928959353145
15 3.7218966157020343
71 3.8112578026925927
72 3.85434042948827
62 3.912522940785923
89 4.01936719070624
4 4.253659375291221
99 4.3437021283784025
9 4.45868929492565
85 4.689302458946804
91 4.724393087307936
94 5.179412192069053
100 5.4055667063770425
2 5.412512493823167
92 5.737077796996071
96 6.259814431281606
87 6.3308638336184275
90 6.54051892538944
97 7.0199404271053085
3 7.279685597483516
1 9.490608450299016
0 31.201681949103275
