97 0.6528614659350658
96 0.6909098701749709
100 0.8401203280520346
99 1.165312486441032
90 1.2256179367055242
87 1.3664279156794334
71 1.4166461112563211
72 1.4198061020651613
93 1.4825892767173792
92 1.5285598545061871
91 1.5390823367254816
89 1.5862793909542217
94 1.7212181483917037
85 1.744135701840324
82 1.9155390826438181
84 1.9877144154289534
65 2.0484621948446877
73 2.05234084283254
83 2.098251732353098
62 2.207080238110004
68 2.3262001788638895
76 2.4093275331462536
86 2.424891313759898
79 2.7140578637511403
45 2.751700237956128
88 2.814247731585362
80 2.9879177186711607
75 3.0772793677109216
95 3.1172844662670927
67 3.2122116304845227
70 3.5101999158572283
74 3.5138944612462724
63 3.543368141124889
57 3.7767900310294746
48 3.8135101206532402
77 3.8149500651484196
44 3.82216810714655
69 3.885740679434216
41 4.05697923239692
81 4.144611176623224
59 4.196556356850587
50 4.228596744322252
49 4.260387593019507
58 4.263309741408931
66 4.315562825509748
61 4.565196407147059
53 4.677850123858131
51 4.788563805087719
55 5.033733303728725
54 5.244598652888096
52 5.271033413770869
78 5.385797017935134
39 5.389424468531928
64 5.578036546455371
34 5.660394517701497
47 5.808679022987299
60 6.113271317431787
28 6.189151521477799
98 6.838699106047573
56 6.9606821941014605
46 7.4838724429965335
32 7.530313658616801
37 7.645485123005112
31 7.794289585609085
40 8.041455840927155
29 8.11003591777528
38 8.22228990108245
30 8.310164226749306
35 8.688602237567297
43 8.698424400907417
36 8.766288556023111
42 8.919493980544905
26 10.080747479828863
27 10.513422455461962
25 10.742490518642517
16 10.75879719396642
17 10.916219035474205
24 10.988378144276076
7 11.33426468844007
33 12.565722089301753
21 12.753183693090659
23 13.070056039219052
13 13.783637958352594
22 14.100349999150934
20 14.4420791997736
19 15.3744757566242
6 16.48026812744799
8 17.138932368885566
18 17.423662101025883
12 17.856369398853722
14 19.233685067278476
5 19.752758471456442
10 20.794215670495884
11 22.140262821346642
15 22.381179525135252
4 24.254771125016312
9 24.32988876392429
2 26.782029516858934
3 30.572629662433098
1 34.783234514229626
0 68.83121431442848
