20 0.2198861846983556
19 0.23537969327767078
13 0.2406741098255022
23 0.29169409822834647
21 0.3198316428733588
6 0.3331968202048976
8 0.3959805289763869
18 0.41976879246632376
22 0.47403756188134766
7 0.5044364398036231
12 0.5127295718876378
33 0.5549076461826448
24 0.6189737844965325
17 0.6312330636445371
16 0.6783836645867724
27 0.6940077768938105
25 0.7005336190273788
14 0.7227325115749976
26 0.810288897526778
5 0.8604634454956759
10 1.1287911659039964
42 1.2715045346408915
36 1.2813748105339942
35 1.2868329857748277
43 1.2905720496329698
11 1.4528098527619964
38 1.4747779474450406
40 1.5606397589297336
30 1.660807979251368
31 1.701814852626937
29 1.709395540697497
32 1.8537141752298059
46 1.8553391798963217
15 1.9279140380651245
37 2.037143664631049
56 2.169074578161179
4 2.1806806943007855
98 2.27469269368863
9 2.4605292834522916
28 2.6906781577000514
60 2.737610880946724
47 2.975805406534115
34 3.125528203528499
2 3.1732903974359137
64 3.218414346883777
39 3.3693936223724004
78 3.4707232711935827
52 3.5359185277784464
55 3.7887208673631334
51 4.041088469804253
61 4.245033311278022
53 4.375920224008951
54 4.39645149148284
66 4.465339905476705
49 4.513592633292287
58 4.586337195102258
81 4.7037429799679
50 4.709861313428588
59 4.7304906174338575
3 4.886488410145329
77 5.1049003526926535
44 5.749024384896682
70 5.802964667136436
41 5.941807429806387
69 6.023397336114047
67 6.032602490678421
48 6.072505880775419
57 6.598024262049324
95 6.616564143732379
63 6.823440818486804
1 7.016835038266518
74 7.174091851324404
79 7.843369914966404
75 7.934431889461643
68 8.163072420784621
76 8.274711317386982
86 8.382393992547309
80 8.436875531500633
83 8.552406500158762
45 8.689031373763468
84 8.836364674268442
88 8.905608043722118
73 9.082704726454166
82 9.469287033253162
65 9.945153650624054
93 10.372499401515324
71 10.578369522236653
62 10.581313617725694
72 10.643282026483535
89 10.915415626140415
99 11.600556775091174
85 12.099023160313113
91 12.215050740874254
94 12.991822084295489
100 13.601630920519945
92 14.032359236288226
87 15.12538909648939
96 15.15624028642018
90 15.52351690668157
97 16.493434211791968
0 31.01243213130505
