0 0.8736186648700511
1 6.348387607036642
3 7.37308257179433
9 8.738855852787774
2 9.024326294143
15 9.159103918904787
4 10.594017194863518
11 12.193627064176862
10 12.26359335285561
5 13.024326256796945
22 13.511979719881367
12 13.855186101104154
14 13.944964020552787
33 14.355538713698047
6 14.692674102136788
8 14.709481174889989
18 15.124955226112885
19 16.8181834677677
42 17.281270412510192
20 17.3052009215863
27 17.607570597004287
26 17.834369799149073
13 18.060234117029484
36 18.297741796669193
43 18.483791982495443
23 18.73627616382537
7 18.865538150216047
21 18.874812702003425
35 19.000691589040894
31 19.24685626378894
32 19.27520987945397
98 19.432176297160723
46 19.5877217492451
40 19.63260588771054
38 19.72703223050045
56 20.09263371679837
17 20.28859323133983
24 20.364841276266123
16 20.57140441123949
25 20.92333723701084
47 21.128005286275876
28 21.314709278002677
60 21.4867805316337
34 22.211908258529178
39 22.892307954201076
29 23.19662596312042
49 23.219707026780817
64 23.336673398741663
30 23.711310665941262
78 23.748540385157547
52 23.941719769141947
55 24.062171174941167
66 24.19077304784768
81 24.217232647743074
51 24.391885781583568
37 24.472171721618988
61 24.48503832406014
77 24.495778774539392
58 24.551275801807122
59 25.233655721715404
50 25.350376664368028
67 25.879876562767045
53 26.70736806068122
70 26.95398470325471
44 28.97208942154289
95 29.12204499502072
54 29.590275745055525
83 29.660014486257626
68 29.941812472192048
84 29.94740216661554
48 30.39233057927382
69 30.863650275936212
76 31.057400537673374
41 31.290362678399852
93 31.31144070666636
71 31.324628164156156
73 31.337534653768536
79 31.437307844369638
86 31.683883405667764
72 31.715638989896465
82 31.8274759007461
63 32.29848829600631
99 32.50896555347648
57 32.51757334173122
74 33.42036890456818
89 33.7686540956295
75 33.868873809342155
65 34.20079865106866
45 34.58577614864677
100 34.661859431564466
80 35.00270422361482
88 35.56377301643135
91 36.35207404329462
96 36.44362238477255
62 36.97634655480289
85 37.96264627647642
97 38.394029346346535
94 39.6493719287126
92 40.52702775824701
90 40.93863146484478
87 41.399951154063714
