0 -1.6772475870307344e+16
1 -8978576188884012.0
3 -7942132785786462.0
2 -7057765963949834.0
4 -6477504971505518.0
9 -6267961778967193.0
11 -6000890983687190.0
15 -5702788399087826.0
10 -5617390582590101.0
5 -5378794949645430.0
14 -5286010360365126.0
12 -4886460386683412.0
18 -4829658952051098.0
8 -4726402898566697.0
6 -4540830314672182.0
19 -4322933429376792.5
20 -4073346311699310.0
13 -3909923445059617.5
23 -3728622188430514.5
21 -3643325778389879.5
22 -3637441054866994.0
7 -3223246624401402.0
33 -3204029956977570.5
24 -3168596142222445.0
17 -3153698483495355.5
16 -3117452083626535.5
25 -3117102070610315.0
27 -2891527782022116.0
26 -2759423621118169.5
30 -2464458527966131.0
29 -2398180723356158.5
35 -2384364167147808.0
36 -2350172670927857.0
43 -2334142453378899.5
42 -2283252808768530.5
37 -2280094505137950.5
38 -2268509798521447.5
40 -2205131490019079.2
31 -2077683421835578.5
32 -2008556010722499.0
46 -2004635973026463.2
56 -1863040078794845.2
98 -1759806540511422.2
28 -1688921443736579.8
60 -1680136639380544.0
54 -1601318311660990.2
64 -1575311051638740.2
34 -1561654915685279.8
78 -1556265040933898.2
47 -1527419105325120.0
52 -1519017880643996.0
39 -1497330688185004.5
55 -1446584966679369.5
53 -1394776295051277.0
51 -1374514600323873.2
61 -1294240329907304.5
41 -1248949825079215.0
50 -1220589720511149.8
59 -1205714300968465.0
58 -1200436340949708.8
69 -1197282692364765.8
48 -1175222711827817.2
66 -1171936086654648.2
44 -1170748717669490.8
57 -1159047905934113.5
81 -1144262590711247.8
49 -1107486788447997.9
63 -1091789046217128.1
74 -1068782296509005.1
70 -1036203417323672.4
77 -1033603099327714.1
75 -939837377774909.2
95 -937095676683021.4
80 -896418071656588.6
67 -872555044820289.9
88 -835962844171226.8
45 -834137952240355.5
79 -833573204532309.9
86 -731080438669887.9
76 -727463405652971.1
68 -691014608068196.1
62 -637373764299294.6
65 -620092711122231.0
83 -612325378631636.5
73 -608662771625557.4
84 -571368892541796.6
82 -570919393708750.9
85 -479854391622813.75
89 -472259002150336.6
94 -443162123749690.94
91 -437570109785272.6
93 -414780663591944.4
72 -398263704914430.0
71 -394518624099243.1
92 -365328937726558.9
99 -310045021276333.3
87 -294977411197331.5
90 -256853970991159.88
100 -209150243812967.75
96 -154496975708559.47
97 -122471523012470.19
