78 0.14572705559280505
64 0.15656425493813367
52 0.16284166326406657
34 0.1783609094132739
60 0.1830247646024146
39 0.19401346950181914
28 0.19922690688724673
55 0.21361016674536595
47 0.26701056316146243
51 0.2715475991832524
37 0.2837197235940115
56 0.3082049790723199
53 0.3296777900068471
61 0.35267962644548195
29 0.384089690804037
54 0.40739871502328967
46 0.4108199457041095
98 0.4197558405439459
32 0.4428651776870744
30 0.4480485682028232
58 0.4617628413713978
50 0.4639023111338214
66 0.47591238832725624
59 0.4794599943440827
40 0.4928489800860324
31 0.5102228686974184
38 0.5378937205550746
81 0.5381153204614701
49 0.5756275531443596
35 0.7048893524459074
77 0.7110961140276525
43 0.7743097105303502
36 0.8101004629512186
44 0.8150311963125682
70 0.8757765499267987
41 0.9242254390144019
69 0.9469601840058792
48 0.9721113631564395
42 1.0048038121407845
67 1.1065273076280262
57 1.2302935912035031
95 1.2449366645718536
26 1.2879026605728483
63 1.32875857825408
25 1.4555416031737691
16 1.4711398152014303
27 1.48991895647344
74 1.5228543082028159
17 1.5605585664490496
24 1.5986014704087534
7 1.8322042358447308
79 1.8790598324972234
75 1.9208607647415334
68 2.1344213739842424
76 2.156763539319378
86 2.217387572634079
80 2.218494282882461
45 2.359490456036668
83 2.4141508257256477
88 2.5002537108130856
84 2.6077390666554474
21 2.657628986816814
73 2.696781093078913
23 2.8661399985468745
82 2.93374986415616
33 2.9983097456544985
65 3.171701606208375
13 3.369344920742748
62 3.575206300390101
93 3.6682372887545425
71 3.8216423679326135
72 3.8506559656779697
20 3.8642484890556115
89 3.8888410073249924
22 4.017547797152825
19 4.568361133512494
99 4.591437179859447
85 4.651834811161318
91 4.773506423052814
94 5.292997569354745
6 5.55649888846384
92 6.09241390410688
8 6.093754015131416
100 6.095666252692305
18 6.303698273253715
12 6.746903515707619
87 6.959743766136086
96 7.299516503336362
90 7.3100689016761145
14 7.942173292290093
97 8.344767947785916
5 8.478330910453817
10 9.51010061802125
11 10.793275398429104
15 11.383965239092506
4 13.04614189241996
9 13.308410187597076
2 15.817674484507126
3 20.164026045291457
1 25.23963613302323
0 71.82749196204992
