23 0.10106177548108988
21 0.11355144890070712
13 0.11717856895778488
20 0.1953139520600063
7 0.3305969670989958
19 0.38323038187628217
24 0.47200794889198955
17 0.49234360894342566
16 0.5618976155488025
25 0.5911482133036434
27 0.6659249110610486
33 0.6661967182839532
22 0.7058385778716293
6 0.8259120654905623
26 0.860005671534412
8 1.0671525437434883
18 1.152841567168649
12 1.4486638545972423
35 1.7047606442657313
36 1.7179212154964207
43 1.7384149666789301
42 1.7637881152436987
38 2.0520702851522157
14 2.134741695168831
40 2.2337206481913934
30 2.272842769003812
29 2.3947324546013746
31 2.527782257198387
5 2.5342960661032468
32 2.82685844782433
46 2.8318476551715324
37 2.99086618228747
10 3.29895368128813
56 3.45452080555965
98 3.7122157820624535
11 4.2428358022568124
28 4.480440525344755
60 4.577211986747483
47 5.124116193086908
15 5.174999661472826
34 5.364219786351398
64 5.4919852205729915
39 5.848336730762002
78 6.041519057475775
52 6.161351561686539
4 6.200852586136518
55 6.676282909227105
9 6.706905097565382
51 7.231909293580183
61 7.6384716672702355
54 7.653491429743223
53 7.7798828809020835
66 8.214421723843763
49 8.37277542107277
58 8.397505725351738
50 8.614272614989472
81 8.673356269414393
59 8.683638812697941
2 8.798614528733134
77 9.57087073550926
44 10.647575035516171
41 10.891744535866886
70 10.916446178781685
69 11.106886355997073
48 11.284070845875666
67 11.56308534254433
57 12.234718292737412
95 12.551160394793039
63 12.75496057384942
3 13.174117816909982
74 13.44540777170184
75 15.088398274998383
79 15.113145816857365
68 15.933898916087301
76 16.107969522341794
80 16.113928458099245
86 16.320566180321602
45 16.71025236902825
83 16.857408010533604
88 17.11708801322759
84 17.51517378229769
73 17.95775046789503
1 18.595548117942794
82 18.72514926707404
65 19.567614321439248
62 20.744378006779264
93 20.89828518993168
71 21.356308484814118
72 21.47819973470599
89 21.81329211621561
99 23.623989100667437
85 24.07792714713741
91 24.54361506880379
94 25.923859304757254
100 27.987974110019703
92 28.20617800915096
87 30.60828183427743
96 31.329719970857518
90 31.588388450875676
97 34.12765723803377
0 76.87473810865978
