88 0.17723598314399147
45 0.18848617625108371
80 0.22363121917053977
62 0.26789853398877306
75 0.29236245240480735
65 0.3366191634993763
79 0.35250423993281577
86 0.36260855857122354
76 0.4179758519605581
73 0.4941615993126384
74 0.5257037233863593
82 0.5879472686815259
63 0.6143295706428947
68 0.6196747801363085
85 0.6950981879410192
95 0.7459423654286949
83 0.7520778410753183
57 0.7557774360268124
89 0.7653866040072297
84 0.7698672398769012
91 0.8356413593864693
94 0.8996061871017097
48 0.9266700818291735
69 0.973912001182782
41 1.0733310798516815
44 1.0883494957928859
70 1.148068046546715
93 1.1648046629410744
72 1.2234816931423935
71 1.2649880878096518
67 1.3411681960380017
92 1.3627831392893262
99 1.7194931050948559
77 1.8538010264007483
59 1.907002459676453
50 1.9192625515783142
87 1.939437609472654
81 2.1011796353020853
58 2.104362319277715
53 2.1768578108195276
90 2.272199167351581
66 2.28324591060819
61 2.4069418114092183
49 2.4678957248511333
54 2.485368104473068
100 2.5595033680381785
51 2.573669547372559
55 2.8919187733268
52 3.1751216082946807
78 3.307100091027729
96 3.341933359123952
39 3.5190627360785895
64 3.6916411381205334
34 3.9297910004888403
97 4.095868350133505
47 4.343800337664871
60 4.616683619641136
28 4.757566794919863
98 5.991096482892392
56 6.035977381825383
37 6.612785051019455
46 6.905091680354422
32 7.005823019769269
31 7.449723202520412
29 7.537521059482452
40 7.799539153400857
30 7.855434414284984
38 8.09313475322718
35 8.979462753401982
43 9.059689935973555
36 9.191999082134615
42 9.599093979617466
26 11.681941044273731
27 12.547583919384055
25 12.805720013751245
16 12.866803764252934
17 13.209088272823088
24 13.350385159582311
7 14.159743068648014
33 16.889314179340285
21 17.223864866870528
23 17.93022682826999
13 19.56165776178905
22 20.23938756797981
20 21.092356441948684
19 23.28149585160408
6 25.890080119409806
8 27.484131272800703
18 28.19339821315948
12 29.207240199518207
14 32.64745967075878
5 33.89001475911455
10 36.47054309590401
11 39.954041347119464
15 40.00574221502296
9 45.099722345619114
4 45.28831057262481
2 51.78933920532476
3 61.764847396820116
1 73.1338851039068
0 168.99496271072388
