37 0.32306678480458567
29 0.4220000833329485
30 0.4240077487469481
40 1.0711684853920498
38 1.07394024311745
35 1.2343377703918978
46 1.2844978503484183
56 1.3549497801452568
32 1.368528806197712
31 1.371419162755494
54 1.4081132758539703
43 1.4380674078672753
36 1.5001258477785353
78 1.514439286464587
60 1.535875292193299
28 1.5440271785169943
64 1.6930436306904475
52 1.7191417902412387
34 1.766153265248973
25 1.79923419090686
16 1.8408488189645433
26 1.8695321387172903
98 1.9094372349896749
42 1.934502857793641
39 1.9700443680661455
17 1.9884178327595727
55 2.0207987363340627
24 2.0435728378372215
47 2.0893159203450833
27 2.1214979871246724
53 2.2118621278387476
51 2.25248162872028
7 2.476289921620003
61 2.8313508092646282
50 3.112860919098918
59 3.1535867354144855
41 3.2118016791733788
58 3.2819583315165533
66 3.376502090817545
69 3.5056372420961406
44 3.554412355705484
48 3.6053619119554385
81 3.7156021023557613
21 3.805978765330916
49 3.9233313549411584
57 3.930736515452205
23 4.164214989713384
70 4.396364157932251
77 4.417617618185861
63 4.419636819716066
33 4.558476514675082
74 4.7056085092264786
13 5.053418789814839
95 5.439648826727779
67 5.721569976114268
20 5.941646655695428
75 5.946343224080739
22 6.182046564297224
80 6.52141341123477
79 6.708190464892434
45 7.167975211052482
19 7.2344573257035165
88 7.261297411063946
76 7.865509362158741
86 7.876805826792483
68 8.335372438473806
6 9.003812068945908
83 9.39755293571923
73 9.434660876210911
84 9.8953384726445
65 9.991116545936123
8 10.01664230391901
62 10.188743795616022
82 10.2719805756971
18 10.44374646223614
12 11.222598314193014
89 12.498447072442028
93 12.953230671294225
85 13.180752448587675
71 13.412270008056714
72 13.432166964056139
14 13.554354476255915
91 13.823843545894066
94 14.365692375150433
5 14.513258453021345
99 15.613744272755252
92 16.420092059117913
10 16.448601396062795
87 18.624444003314387
11 19.026073870959397
100 19.302031974364894
15 19.569596417630954
90 19.751987322731786
96 22.152621705467435
4 23.297887256874706
9 23.423804804243705
97 24.594600930558673
2 28.66024600922437
3 37.19240576240433
1 47.274167260196364
0 141.2819003309595
