22 1.7824539795113927
33 1.7932399321600558
42 2.876846090584775
15 3.2734377816186626
12 3.7554595544985827
6 3.8080995883820035
36 3.878601217125964
27 3.896193620623707
26 3.93914556123721
10 4.005898982473227
43 4.028513529661295
9 4.030716643245311
5 4.051839201123546
8 4.180354676626837
98 4.356922778435683
32 4.469797839822658
31 4.494759909354818
14 4.57365220494265
35 4.632914420714883
11 4.699249491387032
18 4.728291089684868
46 4.75416187345836
4 4.7695351644199935
40 5.048752226457182
56 5.127291843558773
38 5.259335127151963
2 5.385127292319082
19 5.431040988921381
20 5.47350104967656
7 5.711643398387333
47 5.861079932417534
13 6.022786212469629
28 6.293738197364939
21 6.451888647382971
23 6.459549058785104
60 6.5150129578496045
3 7.109289733998381
34 7.24958174796795
17 7.261747218424012
24 7.407621146372432
16 7.552902830662392
49 7.821015915277093
39 7.993334274209204
25 8.025531943131602
64 8.663625129799298
66 9.152608887214065
81 9.268236561679313
78 9.328530979285924
52 9.440954697736425
77 9.449835193515204
55 9.51402915927138
1 9.655908257918234
58 9.789229498498889
61 9.81874633286152
51 9.852767733580206
29 9.88158205440378
30 10.631088496005827
59 10.755739309909377
50 10.978626133148477
67 11.097528294636243
37 11.392805578461468
70 13.074420540833007
53 13.176345267638743
95 16.1251301951921
83 16.501367520076464
44 16.505266621463896
84 16.86238464118546
68 17.1030203993718
54 18.194694504214613
71 18.73995611083182
93 18.762799866898145
48 18.888204141405307
76 19.020402743036907
73 19.291958562324048
72 19.426935186329583
69 19.502695426961843
79 19.894817152220778
82 19.994287410305333
86 20.10759462491559
41 20.36318675881017
99 20.445102331324183
63 21.79115709727996
57 22.32907329966219
89 23.286229339288866
74 23.751744655662005
100 24.023805962008346
75 24.26973137619989
65 24.333552972761794
45 25.368103288724832
80 26.25400187168353
88 27.15497695493048
96 27.15507601466509
91 28.155149820784185
62 29.33108633408261
97 30.679429715342323
85 30.856648981300832
94 33.98760897035285
92 35.49479137927974
90 36.26575084344045
87 37.057223617039156
0 42.018080600467975
