42 0.8454891519594473
43 0.9094343147753434
26 0.9133839432932562
36 0.9179921060838325
27 0.9388536021842715
35 0.9650813747891227
40 1.0046588240646863
31 1.0118803530326788
46 1.036997310358686
38 1.0385715652536585
32 1.0410649830857395
56 1.1418502925235519
98 1.162051170485963
7 1.1823045576987743
33 1.2184114398061419
17 1.3283623395382722
16 1.3533020667218039
24 1.3587171943373941
28 1.418567484627984
25 1.4207007851276494
47 1.4472813732053622
21 1.4605633181922324
60 1.4649233359545306
23 1.5165360866076598
22 1.5271674566961502
13 1.6004951692003466
34 1.6766375283745365
29 1.679279680639023
20 1.68058438011031
30 1.7762742047893763
39 1.854992382864433
64 1.8924283414073715
19 1.8951617623185146
37 1.9520687552473035
78 2.0515611280990114
6 2.079792842749917
52 2.08143670033282
49 2.1954458642752472
55 2.1976496504608347
8 2.3004768818964254
51 2.3059547987994162
66 2.3376694032797847
61 2.417654259803385
18 2.420247316415887
12 2.514212891144796
81 2.5246437789627167
58 2.527428723019767
77 2.679881680587628
59 2.6926183697938635
50 2.749721779900684
53 2.9281735895871224
14 3.0203558248235494
5 3.2040781763989927
67 3.274906557060649
70 3.4943024082896676
10 3.629256120252874
54 3.735937893632498
44 4.012209243509004
11 4.192662167459203
95 4.288349917878598
48 4.519240346399252
69 4.577269570166554
15 4.644134508896492
41 4.685575853476081
68 5.185024410968097
4 5.211539200750333
83 5.266361875314377
57 5.285390547739167
63 5.292031648288222
84 5.439407068005123
79 5.444430772572198
9 5.482996983120775
76 5.50906745285794
86 5.7380041648802
74 5.778896342001043
73 5.912495326174874
75 6.194930668919042
82 6.237185952752446
93 6.47364950897491
2 6.558659984436726
71 6.561270106683483
45 6.724742402342758
72 6.725826264496585
80 6.761769797336176
88 7.1331664840975355
65 7.170145352305523
99 7.3336027468163945
89 7.493131444549332
62 8.289289201040043
3 8.783008843181292
100 8.937921939568296
91 8.968110732103558
85 9.295682301238942
94 10.270261344005974
96 10.2777318784854
92 11.059768615927345
1 11.441562892750916
97 11.579890624786463
87 11.896253833727412
90 12.008501977036666
0 38.99244301033818
