1 0.028502784979195506
3 0.06766925189971836
2 0.1380820272623663
9 0.19821194540451087
4 0.21037405673688858
15 0.2566004576317523
11 0.2950857839888522
10 0.343064753877722
5 0.39692263676285516
14 0.4348220876369341
12 0.4961018307697067
18 0.5411696086794447
8 0.5474725013708711
6 0.5830076513969206
0 0.6751854268637366
22 0.6864781376702943
19 0.6927076935941702
20 0.7607060136643113
33 0.8007530301308257
13 0.8238925033715259
23 0.8928093066911458
21 0.9199903710261608
7 1.027706638121526
27 1.0611611612560126
24 1.1018735128202257
26 1.1036985924335543
17 1.1079517749459156
16 1.1320147676407657
25 1.1446048533839934
42 1.1853792816438484
36 1.2330865310841796
43 1.2448481990870326
35 1.268866644078803
38 1.3347964740791347
31 1.3583608409433754
40 1.3597639052183956
32 1.4002313846945305
46 1.4144396276678217
98 1.4717619883963948
30 1.4851384199504536
29 1.4938207103254149
56 1.4971473625945264
37 1.5910226668688987
28 1.635379065102184
60 1.652833751679336
47 1.676980103080865
34 1.7464375766790463
64 1.7818813156442923
39 1.8026668970286142
78 1.8806036903799908
52 1.8826133379290362
55 1.9248231506894766
51 1.9891193196551527
61 1.9965568206328288
49 2.008345290779637
66 2.0369098854681753
58 2.0667093104678944
81 2.067117387310004
53 2.085680799556888
50 2.1150239570762768
59 2.124041352952675
77 2.1427135807910727
54 2.1648202692805936
67 2.3296524334701583
70 2.343484551170028
44 2.388163300573388
41 2.4669792895581364
69 2.4694087126018593
48 2.484381716253771
95 2.507787778710875
57 2.599430889463997
63 2.6303506641829335
74 2.7080733282080653
68 2.7505425344321384
79 2.769266310251328
83 2.8008289921259006
76 2.8121544400605454
75 2.8361058243457227
86 2.845756938267953
84 2.8532007734471323
80 2.9356614633338505
73 2.9490379722317406
45 2.9647736343373925
82 2.992378420057441
88 3.017084734233458
93 3.097411464627417
71 3.12658909517588
65 3.135116550399412
72 3.143370706341874
89 3.251639475967813
99 3.286370198637039
62 3.290213065594053
85 3.519537822147846
91 3.5230516353731645
100 3.611351635168113
94 3.6829342341452245
92 3.8402982523790543
96 3.855452981122451
87 4.002766428697442
90 4.048477002521363
97 4.064160930671785
