27 0.32980424809571945
26 0.3700635771524089
7 0.4201820551464279
33 0.5360955897876473
21 0.5605708455222403
42 0.5873972790427748
17 0.5960069905789397
23 0.5965225653606766
24 0.6114030499752843
43 0.6360167006693642
36 0.6378404051566049
16 0.6398649038885421
13 0.6577750408481942
35 0.6752554374478238
25 0.7022590532036909
20 0.735927493620995
22 0.7836355525021381
38 0.8399673240014666
40 0.8685648603525982
19 0.94987370881545
31 0.9554852339463766
46 1.0702809850694939
32 1.0735178567162544
6 1.2173867138172607
56 1.3423916965303464
98 1.4263864062701501
8 1.4555519478327834
29 1.4841780978794308
30 1.5289135258221427
18 1.5713608191767878
12 1.7323794530891767
28 1.8789057978148658
37 1.8944220216867507
60 1.9468222739625434
47 2.0809663161107737
14 2.319960525586348
34 2.3527030912915836
64 2.57242718439755
5 2.582527627934931
39 2.641984518152241
78 2.870014291607648
52 2.9312248392272475
10 3.1403950750393848
55 3.17956503693975
51 3.4281051580203123
61 3.6386958727239094
49 3.641087403350077
66 3.716968105150842
11 3.849768219865554
58 3.9480090415608946
81 4.022580709107665
53 4.120688293927127
59 4.171854122280374
50 4.201343802735718
77 4.4013352154210255
15 4.538910881729371
54 4.768196631484339
4 5.22842109240329
67 5.465498546089466
70 5.496009565355609
9 5.636081803864799
44 5.868108160029696
48 6.479063560424308
69 6.486177209065538
41 6.515641672957055
95 6.638805808522033
2 7.057209016828365
57 7.410290699956546
63 7.566850898118768
74 8.170892159219692
79 8.358013781611326
68 8.359831400625536
83 8.681150294523887
76 8.68493419875328
86 8.935297334406322
84 9.000979449725463
75 9.001042667222615
73 9.534308702653062
80 9.770424539505917
45 9.913495913207163
82 10.043207801370896
3 10.105789667239476
88 10.370043965290401
93 10.825771835784197
71 11.030433705665947
65 11.098457277832582
72 11.206269159226222
89 11.995301748826833
99 12.308673803614148
62 12.389950890026466
1 13.797569570763299
91 14.028733442405569
85 14.187663013392234
100 14.902103380644716
94 15.54537059623197
92 16.860209684232434
96 16.99794587981242
87 18.247156594806146
90 18.60921361319466
97 18.919200735889326
0 52.9235580249905
