78 0.32435985778970144
52 0.36963580766748205
37 0.39630862747441087
64 0.41648882628148887
55 0.443286604142722
54 0.4555563990820971
34 0.48421391151934084
39 0.49271658206135377
53 0.4948777819401339
51 0.4957713152567896
60 0.5062461855959387
28 0.5346459390810993
29 0.5430477211786247
30 0.6053134744311468
61 0.6605273044140938
47 0.6804738253314119
56 0.6929128891390133
50 0.7366346713075107
59 0.7509466554919318
58 0.7932652069731871
46 0.8157547772677409
66 0.8382426722416603
40 0.8616074416579296
32 0.8766658148044797
38 0.9043399474064029
98 0.9263016193551833
81 0.9381000851488761
31 0.9484083722997021
44 0.9994353036348493
49 1.0548586535390547
41 1.0553370543654375
69 1.1041762003459303
48 1.1227921365389788
35 1.1238996126214755
77 1.1632733351375832
70 1.181919128534503
43 1.2520923525771808
36 1.3056171093204363
57 1.398386481940112
63 1.530681292971882
95 1.6032986990688378
67 1.6083253658225152
42 1.6284263287564327
74 1.7426162962502976
26 1.8279153972725448
25 1.867728685097771
16 1.8933934524524856
17 2.0082017517467565
24 2.055005042060713
27 2.0627433850618226
75 2.2177953754173148
79 2.2565019569061193
7 2.3782157466735767
80 2.554790266034696
76 2.6445256812277975
86 2.695445840801978
68 2.7188344370369695
45 2.739553854495918
88 2.88874842392476
83 3.097595990923241
73 3.2810151542089425
84 3.3136308418045144
21 3.3536904282035134
23 3.606982436247099
82 3.614969668938625
65 3.7691305069262415
33 4.043248619746247
62 4.1692613248393835
13 4.226959126669679
93 4.603091909286025
89 4.699818957737294
71 4.792933341328403
72 4.819891781241777
20 4.838751733262832
22 5.25713491635397
85 5.47285737175648
91 5.609786687888943
19 5.695492474329183
99 5.738183975337471
94 6.197129167184049
6 6.944870788500032
92 7.156529992118213
100 7.486310497319473
8 7.584857993335561
18 7.822500569995135
87 8.19706029083933
12 8.397615617790567
90 8.628648748538334
96 8.8951893650193
14 9.821938721547252
97 10.145748432462465
5 10.49467131626489
10 11.75765340286699
11 13.296610542268192
15 14.203529290256796
4 16.05379114319686
9 16.507556725713695
2 19.447707803659025
3 24.743872465660743
1 30.860669547926708
0 87.27640561733013
