60 0.1114231540983251
28 0.11513575376310611
34 0.12078127520610954
47 0.13495336660357904
64 0.14400697473272261
39 0.14704327747793475
78 0.16355824964487822
56 0.170815790072384
52 0.17141758696499618
55 0.20463333258905747
98 0.2255759621036901
46 0.2429012714956199
51 0.24858045647395516
32 0.2633899972910245
61 0.2976490342244546
31 0.31332220497118274
40 0.32409962449459384
66 0.3466681745335261
58 0.3671458086405875
38 0.3686820041328559
37 0.3700361043221134
49 0.3733319730528017
53 0.3866654275316185
81 0.40256982577551337
50 0.40737048799672837
29 0.4082700614726956
59 0.40874763467097375
30 0.4767027613287784
35 0.4810058084756983
43 0.5056594174230314
77 0.5181352713862374
36 0.5316718936444023
54 0.616697085955635
42 0.6299608541203342
70 0.7492460812166232
44 0.8240384248510182
67 0.8310755246994699
26 0.9008586470843365
69 1.0073204345435436
48 1.013287955560611
41 1.0222185913663144
27 1.0528529218800926
95 1.090426431024714
16 1.15432283763071
25 1.1586512226048917
17 1.2115132927882764
24 1.2452691811536614
57 1.2927280816775202
63 1.3406693114471164
7 1.3644027637031633
74 1.5375021520913488
79 1.653809172036761
68 1.73076201124417
76 1.8085986882336131
75 1.824831567751622
86 1.887306817357251
83 1.906590969263942
21 2.000202381110382
84 2.047924779025673
33 2.088125398746341
80 2.0937505767601983
23 2.1544769816570764
45 2.1607467808583936
73 2.192491091581397
88 2.3166171772288036
82 2.3730527718397476
13 2.511094918255719
65 2.687115591491529
93 2.8419636017559258
22 2.8427393196103914
20 2.856323436310373
71 2.948321204347157
72 2.991234191196248
62 3.1288500702405284
89 3.147963966110314
19 3.372288456658477
99 3.5363494474320474
85 3.923022472803214
91 3.9375568732021087
6 4.042380654327293
8 4.446799003010385
94 4.473842734171967
18 4.617184501104914
100 4.703273122144844
12 4.9108086204287416
92 5.079834871652657
96 5.646768696410128
87 5.735936214378971
14 5.8063228969622305
90 5.958740426131542
5 6.179553344424872
97 6.492870211153589
10 6.92612567745037
11 7.88197516391895
15 8.262706460550234
4 9.515645105489222
9 9.684551636106056
2 11.544634201426485
3 14.747274700537918
1 18.482578956952793
0 53.04246521313083
