4 0.1480963699236369
9 0.18509025913900184
2 0.20161564389370074
15 0.2797577903083446
11 0.3707342810994846
10 0.5098686779494926
3 0.7433935132364369
5 0.7677987601027493
14 1.0099541158747571
12 1.3002605901866242
8 1.649306956965025
18 1.65363168828593
1 1.8006780312507489
6 1.85424440577154
22 2.511235119121913
19 2.739732470971739
20 3.2437189912737088
33 3.368931406811446
13 3.7692315446839117
23 4.3460794164032786
21 4.563389154549871
7 5.398529757301985
27 5.580084151668253
26 5.94768974512668
24 6.1545931289265745
17 6.1951166456319084
16 6.42400399565526
25 6.569287706054644
42 6.601003529890639
36 7.1123430125975124
43 7.204465809138987
35 7.466370799905882
38 8.091162484658572
31 8.27345044355908
40 8.29001156604267
32 8.672530462379703
46 8.785673485624827
98 9.348456904568598
56 9.584476841446893
30 9.83239854610179
29 9.861705543133931
37 10.88287622700404
28 10.985477361156853
60 11.170816858539173
47 11.333185706005105
34 12.128231551933453
64 12.560875418789438
39 12.72603376731102
78 13.559516542673757
52 13.577866378158918
55 14.033505596240389
51 14.652202624567936
49 14.666076156500443
61 14.773165097084265
66 15.023231367633276
81 15.451546282267566
58 15.457576452606556
53 15.861664880611022
50 16.02937048500762
59 16.064890730607615
77 16.1772639149979
54 16.98927811137302
67 18.15496041807887
70 18.493762064006873
44 19.179238909769136
69 20.20220308002124
41 20.231916099808394
48 20.299739241195226
95 20.369518389244096
57 21.740585826603674
63 22.031496610817268
0 22.18971511628506
74 22.975375429017838
68 23.043519417758603
79 23.3657437431618
83 23.517997406653752
76 23.774607559838643
84 24.060233570363515
86 24.18833463425783
75 24.36527844264744
73 25.201918864688256
80 25.551761402641574
82 25.780178530338823
45 25.807913087360816
88 26.48145950415622
93 26.78279933683484
71 27.09273511319072
72 27.338454137706023
65 27.59466561730455
89 28.81399449768112
99 28.894789648227988
62 29.57199477202304
91 32.07295179718265
85 32.17565410207327
100 32.69666728842377
94 34.16974415797416
96 35.64331029769466
92 36.008335563711846
87 37.91640624714005
97 38.24055674473971
90 38.39286140154318
