15 0.21286317791581844
9 0.24576535922709505
4 0.2976565626457384
10 0.4088819065085425
2 0.4144353154509963
11 0.41775171978358866
5 0.5673841563073322
14 0.7851407449588991
12 0.8480131009244832
3 0.9791029036158951
8 1.1141153547194131
6 1.1886028817628178
18 1.1943327883138843
22 1.3431731639746143
33 1.8605409472692402
19 1.9426229185078625
1 1.966979721562189
20 2.2536274638285274
13 2.643043300080099
23 3.0502287632822225
21 3.180693983502281
27 3.4506613412972094
7 3.579945643240159
26 3.6786832249075867
42 3.9547587596038656
24 4.269148979354184
17 4.275035954704444
36 4.373609182752438
43 4.452215410224199
16 4.4522681573159755
25 4.603036399492577
35 4.683265902423925
38 5.140949483856059
31 5.15343557672286
40 5.244704349275119
32 5.395142832040286
46 5.507021221624887
98 5.7836123865942
56 6.039374587368359
29 6.82419068963872
30 6.922988948100593
28 7.029579721157782
60 7.169180163675457
47 7.196331496107714
37 7.658872567850308
34 7.839590467770445
64 8.27285707370935
39 8.289984561880974
78 8.989302474467587
52 9.010134969493938
55 9.283386211909566
49 9.494001198378161
51 9.724298965985724
61 9.75916534937631
66 9.875565452085814
81 10.105904613909134
58 10.186181985018786
77 10.591251602459842
50 10.68211552491859
59 10.698267671564144
53 10.871067189003286
67 12.017519947393291
54 12.262715923815495
70 12.458200658859173
44 13.319454306427486
95 13.987572464637042
48 14.338080658222779
69 14.37048883570704
41 14.509092621588987
57 15.687428394776223
68 15.704992874826075
63 15.786440819110071
83 15.926558986322721
79 16.31260988389106
84 16.319813990882796
76 16.426448341313467
74 16.623549947585
86 16.823439122319975
73 17.361719080690985
75 17.53008245047698
82 17.755325242942384
93 18.223032796926656
71 18.4165258776925
80 18.516304586956544
45 18.54258073651019
72 18.635137233563317
0 18.67873593337108
88 19.19796650353754
65 19.44699013214722
99 19.7315920618665
89 20.02443106616372
62 21.35278478279733
100 22.50430401892411
91 22.672193619245085
85 23.111959642138586
96 24.676938850528025
94 24.75715402417256
92 26.065919257204833
97 26.677450388450954
87 27.419403157603085
90 27.571444178844036
