56 0.08677071396621393
46 0.08823976761961742
32 0.09091298027179516
31 0.09192575449098842
28 0.09547688985065318
98 0.09627204454644658
60 0.09673584657145727
40 0.10176159588918435
38 0.10720233902218511
64 0.10978889365842544
34 0.10986807236144058
78 0.11392301274298901
47 0.11987422385524674
43 0.12086209585778611
39 0.12236028922096867
42 0.12260631738983978
52 0.12277996130665142
36 0.1252375086367238
37 0.1258492544802638
35 0.12900584363897416
55 0.13491824437789912
29 0.1408644368506789
54 0.14745449479439063
51 0.15434042448672575
30 0.15487931335169644
53 0.15886989985025085
61 0.18260879383642345
50 0.20522687456115143
26 0.213765318225641
59 0.21440979752325906
58 0.21504920979623832
66 0.22639381500279607
81 0.2405376286012605
41 0.24125157101053687
44 0.24910163322121248
27 0.24938062672124808
69 0.25640346062656516
49 0.26144333306656803
48 0.2641969460263747
57 0.2869131218529059
77 0.29801419726095496
70 0.29807719696025364
63 0.316484514058933
16 0.32220906224921647
25 0.3281227420081644
17 0.33317281174734825
74 0.33472377518266017
24 0.34266023319589994
7 0.35114394571060287
33 0.3716015456947015
95 0.38353512719635063
67 0.40114105172596876
75 0.4162546003308134
80 0.45225085240850954
79 0.4717127331417655
45 0.49782570947544386
88 0.5011792391141557
21 0.5319176620218244
22 0.5451886387345656
76 0.5474163130685533
86 0.5503004519267489
23 0.5720044360738856
68 0.5848303770249023
13 0.6562952774584607
73 0.6732101056121139
83 0.6781259836973752
65 0.6976978695435139
62 0.7055864810183062
84 0.7147236364343057
82 0.7268452498605322
20 0.7322053820036818
19 0.8676968298938663
89 0.8860650499740063
85 0.9220073569064196
93 0.9598554108219782
91 0.9662586642112734
6 0.972520790725995
72 0.9943161008994644
71 1.0017454853939876
94 1.0023386766906244
8 1.0856181062159787
18 1.1513457174396797
92 1.1531531609777
12 1.1789900972995746
99 1.18676597106298
87 1.3159369946759965
90 1.3972389004766737
14 1.434229817590314
100 1.4675910259019729
5 1.4875639283532114
10 1.643962198424658
96 1.6733573602965166
15 1.7537747293616155
97 1.8544557584835866
11 1.9145468269883459
9 2.1408778565492916
4 2.246981410013975
2 2.690331886431889
3 3.4179912353472983
1 4.259461564645032
0 11.972779549204482
