57 0.41418461661252914
41 0.43860298047646756
74 0.4611120938965897
63 0.48790826964559786
48 0.4894218608416512
69 0.49715000536274695
44 0.6354046111636178
75 0.6385507312383276
54 0.667966169864917
80 0.6894046983008164
88 0.8183258100247628
45 0.8489738944945397
53 0.9341872143825403
70 0.9385985223994602
79 0.9458959418974093
95 0.9559099644216004
59 1.0549238670724477
50 1.0707317687803015
51 1.1591393820245033
86 1.2131373178970581
58 1.2324796998605996
76 1.2617324799063643
55 1.2872291084975642
78 1.2990488481048628
61 1.3001711255814659
66 1.3354710938276824
52 1.3354761877985015
81 1.3603020385136262
67 1.3782276242482976
77 1.3809457559615161
62 1.4788650886988628
68 1.5133650083961356
49 1.5759885838985301
65 1.5767782865708657
73 1.6033539435255733
39 1.6416121965617616
64 1.6546887474358107
34 1.7743599991991814
83 1.7980772390039874
82 1.8454097271437453
84 1.8934580469422628
60 2.0531456014596365
47 2.0922928006361015
28 2.124705787601873
85 2.3057263748477594
89 2.3311945061051302
37 2.366396579056989
91 2.5426182604961802
94 2.595104238329998
56 2.6632501221070193
93 2.672323511330393
72 2.788356114925652
71 2.808432196290667
29 2.8211960086471333
98 2.893676555346949
30 2.932704118986652
46 3.0464682317984866
32 3.133242017975838
92 3.2244953135945322
40 3.3328490993524826
31 3.3551032429653938
99 3.4373361753986136
38 3.4846468012443035
35 3.9076821457978403
87 3.9327029465181873
43 4.049053516506195
36 4.134224854331768
90 4.335430431741763
42 4.481067729168832
100 4.517680007960287
26 5.209642972119316
25 5.420904369631267
96 5.423576919246651
16 5.472743955041203
27 5.6244338681935035
17 5.669184441287791
24 5.74736923193398
97 6.222444251524378
7 6.268389516471721
21 7.803208856085828
23 8.185447757966696
33 8.330476578478846
13 9.101333232166738
20 9.976486157540489
22 10.094134455431023
19 11.18816126008534
6 12.810042323115844
8 13.703120452577567
18 14.059386101443243
12 14.73864689807971
14 16.668991402678028
5 17.471939491223004
10 19.04226536990629
11 21.05142464386924
15 21.53623993282227
4 24.352577875032292
9 24.472824586160467
2 28.35278404351572
3 34.55375255476407
1 41.67113566073272
0 103.53558562359427
