54 0.1363995797509787
53 0.3658549292544762
78 0.36618243046247806
52 0.41288765017937445
55 0.46635402364855916
51 0.4806811949969691
64 0.5321618963046457
41 0.5944072614083014
37 0.6032785099096941
39 0.6040103890990262
34 0.6343724020669917
61 0.6505706995095768
50 0.6532954877731371
59 0.6709526902941249
69 0.6784080728808151
44 0.6903342966444228
48 0.7171007346310636
60 0.7244731428997209
58 0.7540924140437949
28 0.7686254650272556
66 0.8195762734739344
57 0.8474820225249802
29 0.8650698381175046
47 0.8813200193165516
81 0.910490872053679
30 0.9237177161460823
70 0.9925724573171961
63 1.004987591476636
56 1.0349940594170413
49 1.0678965934254265
77 1.1072643036257994
74 1.1259013174167054
46 1.2336415230438265
98 1.2909700257771288
95 1.3068783753783524
32 1.3093209015991554
40 1.3393257973466075
38 1.4140430148046188
31 1.4270782315910893
67 1.4783365576899254
75 1.5958598985315255
35 1.7075523265089771
79 1.8219803631238416
80 1.848592492682407
43 1.8530682106839254
36 1.9226348150218984
45 2.0874326922780653
88 2.153220711027695
76 2.2482893087767035
86 2.254540226494664
42 2.269889981939423
68 2.39532840486928
26 2.620530996957633
25 2.6291221074094184
16 2.6751506382881383
83 2.8082489889136535
17 2.825615161408526
24 2.880116082036971
73 2.902379899109775
27 2.9192475196752916
84 3.015462080207777
65 3.2106992642067573
82 3.2165162485431202
7 3.314253843695744
62 3.410387322877585
89 4.229940547133875
93 4.294464775113873
21 4.491134112978774
72 4.495946953958114
71 4.499083978019988
85 4.72954645164141
23 4.79726529372301
91 5.0043165098165945
33 5.268636470510275
94 5.3635293687479875
99 5.433771042158873
13 5.5537452487577195
20 6.295605822160572
92 6.325709523913821
22 6.724783631374267
100 7.166123733754796
19 7.316847562956684
87 7.375216580580209
90 7.874581443824866
96 8.554144339026506
6 8.797490955336531
8 9.555625399889255
97 9.751918537102114
18 9.836355212698553
12 10.503683751204298
14 12.1740175139675
5 12.948059429195157
10 14.40447342822013
11 16.197196033012197
15 17.063558379519044
4 19.341855811076233
9 19.724879617962838
2 23.182817960316406
3 29.173857726890216
1 36.08471208615338
0 98.70429139394845
