7 0.13643593713116356
21 0.14858156781909854
23 0.16527821298856343
24 0.1967041779519938
17 0.19883073200050658
27 0.1999061057731879
13 0.2165022355721301
16 0.22210487095472936
25 0.23970982711447714
26 0.2540740824095202
20 0.2894590461884847
33 0.3391736974727846
19 0.4352385112145365
22 0.4668950467688128
35 0.531415071055826
36 0.5339553317320993
43 0.538513078319313
42 0.5479427431345141
38 0.659250046919776
6 0.6884789820499818
40 0.7176085118988312
31 0.8217860621018871
30 0.8446153644426662
8 0.8456331458333164
29 0.870405992828927
18 0.9084350796307525
32 0.9290060706669235
46 0.9300677591647301
12 1.057723294232815
37 1.1239223355108516
56 1.1644586678364373
98 1.259641305429647
14 1.4631955473230414
28 1.5769420562668597
60 1.617643539342156
5 1.6708667320687163
47 1.809177647389319
34 1.9349319743657638
64 2.020570838674795
10 2.0827607460824447
39 2.1414828448655063
78 2.238610948026861
52 2.2930753945565563
55 2.502163461347188
11 2.5952984697562393
51 2.720952264095535
61 2.8953342692645907
53 3.029237425793843
15 3.0506796870796133
66 3.0814720986486064
54 3.0986431752886934
49 3.1159793857601557
58 3.1893991536501916
81 3.291539397861065
50 3.3057726609183287
59 3.321755012407839
4 3.607989766054444
77 3.6424155597980223
9 3.8591519042332947
44 4.271142858867681
70 4.287377255447355
41 4.468383258735349
67 4.477505047341771
69 4.535184353063122
48 4.586936474063165
2 4.936680434842771
95 5.036195780503994
57 5.0684562077254425
63 5.270373449524609
74 5.598417365916333
79 6.190645130559168
75 6.298299005441998
68 6.463977655061023
76 6.5750488885011125
86 6.684840042299868
80 6.770257207634561
83 6.821550274078903
45 7.001012955964897
84 7.0853558119600475
3 7.15458179319896
88 7.209471976590194
73 7.329574700994853
82 7.691649943758027
65 8.171339119942383
93 8.536217489801246
71 8.727211046299255
62 8.790787793545563
72 8.799904456208123
89 9.081241806411063
99 9.707074288985503
1 9.86049058970621
85 10.23475821822198
91 10.358701979912757
94 11.100519853481122
100 11.641643739915136
92 12.106704241346753
96 13.16155006349854
87 13.167587138996918
90 13.56179007929386
97 14.48033243845142
0 38.30870546736035
