27 0.17817522474799646
26 0.1873814910427822
42 0.22612835519133212
36 0.29685260270192193
43 0.3229257124797837
33 0.3450457437907317
35 0.3975233299543992
7 0.4159189925613165
38 0.5554430760695668
31 0.5608728426611512
40 0.6014126049003735
17 0.6278901382122429
24 0.6508851360806799
32 0.665623187612082
16 0.6740192834665362
21 0.6825959310141454
22 0.7089942886007072
46 0.7125134937093861
23 0.7394660187782313
25 0.7529608951988275
13 0.8287027370038292
98 0.8816956048980968
20 0.9258677841031274
56 0.9607111673872815
19 1.1976808775223438
29 1.428909803069825
6 1.462845125576655
28 1.463346028929249
30 1.5122957165000943
60 1.5371490642718715
47 1.615895865107942
8 1.7592070966223523
37 1.8585105710526955
18 1.914748675799738
34 1.9342792953746335
12 2.053953329186512
64 2.1600022483439703
39 2.2046589487946324
78 2.6314736585221086
52 2.6346481241496997
14 2.764499312575574
55 2.8272311136182795
5 3.0311272864139474
51 3.147028502133054
49 3.180146552252676
61 3.186032777545887
66 3.3539691882550167
81 3.5162952600319763
58 3.526334947257613
10 3.6467935416560353
50 3.838946698423649
53 3.8613058575970713
59 3.867034067071834
77 3.923176136716647
11 4.4667286425740755
54 4.801566249584017
67 5.042444582993965
15 5.045238692226706
70 5.20229267841073
44 5.721084831200129
4 5.955822150739201
9 6.308055125382056
95 6.366295932239448
69 6.45408698613049
48 6.483091255956007
41 6.536697438214669
57 7.4809791179433445
63 7.5970126407681455
2 7.9414314401564345
68 7.982768746144921
74 8.261587831736213
79 8.262453241477237
83 8.284994710340666
76 8.484866987885038
84 8.654647204420176
86 8.784633263946706
75 9.080206218796592
73 9.417725945695938
82 9.78689812192294
80 9.906206111056019
45 10.000660268152108
93 10.494440948975058
88 10.518521720193261
71 10.707732847315173
72 10.86937518405499
65 11.064918831049164
3 11.259895319696003
89 11.847841033272562
99 11.997891297896235
62 12.562583741903365
91 14.17411494751865
85 14.35397890833508
100 14.705086095425477
1 15.270196073365392
94 15.833514025598262
96 16.856447850053048
92 17.172224592813404
87 18.587188292951247
97 18.80546560204817
90 18.91016346181371
0 57.28539860001173
