57 0.28207966247818095
48 0.29227715408721516
41 0.3061636496066457
69 0.30710460848454046
63 0.3316785055583019
74 0.3866943079088223
44 0.41920151540606765
75 0.6919388359452063
70 0.8273208717678655
80 0.9038018426529417
95 0.919986820412572
53 1.0622458205080079
79 1.0825312557551996
59 1.111684411112052
50 1.1187197576835632
45 1.1581224742988376
54 1.1734141766209372
88 1.2100352813431001
58 1.4026097871313319
51 1.4726450029971114
61 1.5706720324367185
81 1.601107645418912
77 1.6468644009491062
66 1.6504680728516088
86 1.669939211805362
67 1.6972260665058296
76 1.7057238630271867
55 1.7556793358553107
52 1.9575889042295764
78 2.010632913780974
49 2.107386384734539
68 2.164181346837652
39 2.4678723625312977
64 2.575873155013883
73 2.5818950939761027
65 2.6781671340111823
62 2.740821262181173
34 2.842382554327443
83 2.8627838364865825
82 3.0946912357818253
84 3.133609788191294
47 3.4475460314693653
60 3.5508981987187114
28 3.719476903684119
89 4.41393983985501
85 4.718557124790921
56 5.143604611852376
93 5.1571155173342875
91 5.173433678633652
98 5.340249239750161
72 5.4732595903571655
71 5.507718149496085
94 5.556908388061545
37 5.632025020383118
46 6.164096614203763
32 6.327366860123234
29 6.790336509353849
31 6.881327245907099
92 7.1284720660774665
40 7.184279763576778
30 7.205171647757658
99 7.214834652766506
38 7.576720781308947
35 8.724636465708855
43 8.8690496834205
87 8.913440462778375
36 9.066436634285054
42 9.663391390332462
90 9.855396181399339
100 10.073680452052287
26 12.331167431888668
96 12.411373320086987
27 13.526359244343869
25 13.922845920947934
16 13.997327327282525
17 14.47594345097846
97 14.537160663321686
24 14.68134955555266
7 15.802885058285241
33 19.820880333882176
21 20.292179816949414
23 21.3364059399869
13 23.755736735475065
22 24.725687796995043
20 26.044975130727707
19 29.379778752481048
6 33.30445762977765
8 35.78211611210691
18 36.91572711331951
12 38.453212910106046
14 43.8801328874662
5 45.79828198780159
10 49.86187765541057
15 55.37883084660694
11 55.459160377647166
9 63.55268466811373
4 63.98648248639283
2 74.4970626152695
3 90.81772817573886
1 109.60815209934006
0 272.3308880383716
