89 0.4284316037784262
82 0.4401365067218818
72 0.46741870907753114
93 0.4727172075479484
65 0.4754750527289392
73 0.48071835058245854
71 0.48542402916879285
84 0.5186083685351652
83 0.5419210310069893
99 0.5455271782593802
86 0.5566626598293797
76 0.557047217013411
91 0.5733988774109247
68 0.5740261867802469
62 0.6325261503650786
85 0.6488750573974161
79 0.6549506411909433
45 0.6993613683359711
100 0.7534583550996028
88 0.7604597877716525
94 0.8118473259079502
80 0.8147590199675682
75 0.825409167276289
95 0.9068837269370429
92 0.9448999501258467
96 1.0107129700704205
74 1.046559057189119
63 1.0520954895418297
87 1.1298860696788255
90 1.1654971798978853
57 1.1880042754211837
70 1.2002102118630265
48 1.2236769710334918
67 1.2276270512721341
44 1.259796504820348
69 1.2637946250714407
97 1.3057394628665164
41 1.3648095414347807
77 1.6544960809631908
50 1.7461640689374045
59 1.7482297515896972
81 1.8440674401683939
58 1.8646971207606933
53 1.9492023916461545
66 1.998806446241915
61 2.068915227134494
49 2.1139712674902347
51 2.1975838440258513
54 2.2311762282114267
55 2.3892242117127216
52 2.5785783151141204
78 2.650959469134797
39 2.805699918320568
64 2.9046534979895187
34 3.0714278647309188
47 3.3896421505937404
60 3.512123874558439
28 3.6030456526864647
56 4.396305929027835
98 4.454401513090055
37 4.495652729808644
46 4.910960904288892
32 4.981828689796483
29 4.998478190557279
30 5.165087813435229
31 5.239859819279118
40 5.361881700969114
38 5.510203556316448
35 6.0168650536707355
43 6.141185536003048
36 6.221528107899004
42 6.605890561738223
26 7.497247730856944
25 7.799654627159193
16 7.84648574111632
27 7.9445394382806755
17 8.038436750605294
24 8.111733628239197
7 8.619213567149483
21 10.124262080301243
23 10.484784175286551
33 10.699711535896686
13 11.342008437663155
20 12.158129498860777
22 12.438548047327625
19 13.261623461915665
6 14.78778302580495
8 15.555573534625575
18 15.839239655887651
12 16.503908279290705
14 18.13222300550619
5 18.879070508581364
10 20.260665347718927
11 21.909760225535504
15 22.82179241510036
4 24.785766869353786
9 25.244513737810248
2 28.221367973958085
3 33.3976098697892
1 39.178573725905004
0 88.36626978289499
