30 0.14646850234393705
29 0.14879811149870703
38 0.21603935411035324
35 0.21893357191079496
37 0.21936056137837667
40 0.22963491702684224
43 0.27211744834933177
36 0.28832808069608856
26 0.3322825688490144
31 0.3385672928465172
46 0.35107470236725985
25 0.3548075233659761
16 0.35855798668620154
32 0.37132118096234334
17 0.3963344317310747
27 0.3991776078476005
42 0.40526380861825984
24 0.4151131954637554
56 0.45342301706060384
7 0.5206112213811875
98 0.6247000525448725
28 0.6639228618816049
60 0.679364277026229
34 0.8717914641353945
47 0.8925840182390121
64 0.8938763706757673
78 0.9553261666323257
21 0.9597363243467452
39 1.0125391007915427
52 1.0268940207042365
23 1.0818696663640817
55 1.191475303488655
33 1.2198622557342147
54 1.3351800443042967
51 1.3532560465226278
13 1.3855623545043667
53 1.4859612953545898
61 1.5628850709650164
20 1.695561437211361
66 1.7920798020654467
22 1.8057804162563618
58 1.813497149145337
50 1.8313100576096055
59 1.8541089845707934
49 1.9335337821622707
81 1.961016251947259
19 2.163018258673195
77 2.3039957536676305
44 2.4116006875823772
41 2.424805142685466
69 2.528648218569503
48 2.5857100698423463
70 2.6215641984336906
6 2.8228236956884936
57 2.893874388431352
67 3.0352723259843306
63 3.1123072264467533
8 3.2100354874700567
95 3.238031389213971
74 3.3430703434994387
18 3.3703244631321256
12 3.673984629297424
75 3.9966728641136826
79 4.135912134319524
80 4.3731260543845805
14 4.573902535780443
76 4.609561543398065
45 4.6499179887486655
68 4.6528432288460335
86 4.668570618708493
88 4.775671267483985
5 4.962046678831601
83 5.096288217587948
84 5.364055485829303
73 5.39578709672145
10 5.739980919721091
82 5.762309254537866
65 5.9405430212789545
62 6.301466381144774
11 6.755753140964916
93 6.862132439210074
89 7.02280024105136
71 7.076624047320817
15 7.106283860286356
72 7.110567399347233
85 7.782685390037567
91 8.027260404924345
99 8.123923953216387
4 8.512135522186341
94 8.52249284188523
9 8.64268741503913
92 9.553288512577344
100 10.050167423599262
87 10.652488440643594
2 10.730249518555516
90 11.144598228350446
96 11.543594755758775
97 12.810336421883415
3 14.306659703665195
1 18.575198407507152
0 59.53104140152607
