0 -4296674116055954.0
1 -1413441549120130.5
3 -1102542096748278.9
2 -840643552322456.1
97 -769379100538470.6
96 -700075332186015.0
4 -682631699018981.9
9 -664487683526702.2
90 -638797182057012.2
100 -609009253231989.6
87 -603679677874997.0
11 -557410625142408.1
15 -541589017584416.1
92 -533466294745461.4
99 -483628228978002.56
10 -473719483269335.2
94 -468190640388636.0
91 -454532638011959.1
85 -426686791836212.06
5 -416224833834666.75
71 -414545638744871.6
72 -409804684910132.1
93 -398251582752142.6
89 -394301582468856.4
14 -390540660708209.7
62 -331246366116301.3
65 -321194538950692.8
82 -318185199841366.6
12 -314111901940882.7
73 -306113946186702.56
84 -299465182090008.6
18 -296827060708677.9
8 -280785574193417.9
83 -278881372861316.5
86 -247013299063967.3
76 -246307289560544.25
6 -246240970547475.3
68 -245574982758737.9
88 -234726832817922.12
45 -233255969183167.03
79 -215669641937805.66
80 -211484277443716.0
19 -200253974070651.56
75 -193543739315283.44
95 -162465602298077.1
20 -160588043444923.66
67 -156197211719492.38
74 -151307953888530.62
63 -142979495874132.38
22 -136247304872023.23
13 -135476764017436.94
70 -128299134416128.81
57 -127749027138870.45
48 -118745643801840.98
69 -111191456645777.52
23 -108953250393123.23
44 -108921870879031.78
77 -107365082079344.75
41 -103002882873409.75
21 -97418668147325.16
49 -86960858444811.2
59 -84994162773322.03
81 -83287873452450.2
33 -83149554729961.38
66 -81407226341145.6
50 -78977561126092.33
58 -78067942427795.67
61 -60743494590348.55
53 -57041983201367.91
51 -55632965524508.43
7 -53243184483012.5
24 -45691135156882.76
17 -43017995339857.945
55 -42890436537816.71
54 -42049233010635.086
25 -39235702544767.82
16 -39070490522773.72
52 -35830043185020.49
78 -32842739349536.34
27 -32024845401515.414
39 -30655583469180.45
64 -24546399017124.664
34 -23906179521239.902
26 -23220153623577.586
47 -22674243459983.168
60 -14028923284514.799
28 -13171364743597.094
36 -4850717698366.928
42 -4842976008632.805
35 -4398659184673.732
98 -4236978208725.776
43 -4083717208301.94
56 -3577925257562.9546
30 -1744342709992.03
38 -1307101732774.1204
29 -803170515750.6415
46 -444010415361.0246
40 -334422676183.1776
32 -219209054618.62305
37 -24090078893.440845
31 -18934089833.83877
