15 0.1993556502242323
9 0.2617656388403641
4 0.46923716468485743
2 0.48808195428522483
10 0.5189656351116945
11 0.574816102672879
5 0.6131886033759558
12 0.7402158853578971
3 0.7709736353530865
14 0.7739879784612691
22 0.8179469061675504
8 0.9105728347122579
6 0.9206553906812128
18 0.9938665747603652
33 1.0900670544713347
1 1.3506629842616729
19 1.404647407438811
20 1.5610673423737769
13 1.779547240813521
23 2.0010290687620627
27 2.0578786092656243
21 2.0650984140037925
26 2.177023011992122
7 2.2211541764724636
42 2.2632420046766497
36 2.5107015358649987
43 2.5726156186069886
17 2.6427016969079906
24 2.646166918041298
35 2.712427762117478
16 2.742256422027759
25 2.835900029539133
31 2.943933394022823
38 2.977538578533125
40 3.04069345246149
32 3.06278013936534
46 3.156413940265584
98 3.240572959240671
56 3.4469557287770156
28 3.988734955561786
29 3.997314581860817
60 4.065308459954793
47 4.078652166212116
30 4.087379517934081
34 4.4352961515832785
37 4.4821402809351705
39 4.683462416343481
64 4.684787320608247
78 5.118555766317815
52 5.123892734363274
55 5.247295787764085
49 5.3839463892686945
61 5.485178381147306
51 5.525952607453774
66 5.625835967764062
81 5.664136662936275
58 5.7374312710463515
77 5.9642660014315405
50 6.0176622853321655
59 6.059867714155558
53 6.152647221048699
67 6.785086366703371
54 6.990183920574331
70 7.009004728165235
44 7.49134208110129
95 7.85347289661952
48 8.086661157742768
69 8.111897855779794
41 8.194639014859177
68 8.742393611665264
57 8.836733934214358
83 8.880328224496903
63 8.883897791177295
84 9.13229418054549
79 9.143490262172564
76 9.18730325519017
74 9.345072352672148
86 9.413217193930949
73 9.754553726959125
75 9.830107791695678
82 9.895767658724616
93 10.190390985659132
0 10.2947801063883
71 10.30520316637201
80 10.368400500508185
45 10.372481813105672
72 10.402022246940465
88 10.737351808090711
65 10.828036003598163
99 11.042762987907517
89 11.126906427540257
62 11.900784885373474
100 12.569250386823407
91 12.597933576900123
85 12.842793727421688
96 13.725276077347848
94 13.745948315351693
92 14.455300563601302
97 14.754849044847921
87 15.184534136573257
90 15.247324904229211
