26 0.12084963029153231
27 0.13387423121279143
35 0.17017294528313243
43 0.1858200668200767
36 0.18823337260941472
16 0.19252950850715117
17 0.19545324092353336
7 0.2004585624101092
24 0.20650551727704675
25 0.20755349952408067
38 0.2225583601426949
42 0.237239701390635
40 0.24833881613246164
31 0.3152221421280618
46 0.3672758770938357
32 0.3689077728076653
29 0.3830035197597129
30 0.3912335767021842
21 0.4212336865887275
23 0.4836521440686321
56 0.5022888063843618
37 0.5439004106291265
33 0.5669984892758776
98 0.5839701977474335
13 0.6347132245097062
28 0.7589448110865887
60 0.784957660624925
20 0.7961833349080016
22 0.898095400137429
47 0.9321157865779149
34 1.0024530800865878
19 1.0634566017940295
64 1.0659596882678577
39 1.1498099537541497
78 1.2230063247462883
52 1.2610170726500596
55 1.4083289943943729
6 1.4502523236654254
51 1.578927175320259
8 1.689707356890252
61 1.7031914367147754
18 1.7892707317926693
53 1.826064081533484
66 1.87215733795879
49 1.9056921673719365
58 1.9302785066475598
54 1.9605557071863156
12 1.9833968416996797
81 2.0084716076144526
50 2.019713909364408
59 2.037737558114594
77 2.2965015135706617
14 2.5518658797606495
70 2.79392561036332
44 2.804489692433296
5 2.81286650640962
67 2.972847112113447
41 3.0099847455620417
69 3.047113154468359
48 3.0868220807493514
10 3.3341149153946588
95 3.4088842300194595
57 3.5041948298691152
63 3.6522004524861282
74 3.9447565835131173
11 3.9933917108921335
79 4.370952630661528
15 4.407794222438925
75 4.503222833768085
68 4.5713791157321095
76 4.682751147508773
86 4.788055591622864
83 4.877041915533339
80 4.914688842049401
45 5.08522645641269
84 5.117049044831194
4 5.210564205910148
88 5.284364903753685
73 5.335088989271117
9 5.419254458408333
82 5.616303069897734
65 6.035321499782192
93 6.3623508496342245
71 6.5265379297840465
72 6.58477979222753
62 6.607885113851522
2 6.767889237939146
89 6.797567064835441
99 7.391003725509785
85 7.83654900806171
91 7.921930558221863
94 8.600623148100153
100 9.076033538933157
3 9.306530784240351
92 9.475373608068798
96 10.391896427061587
87 10.403587192132788
90 10.740218072792892
97 11.527888606915788
1 12.36053068353013
0 42.8442299983161
