97 7.935384349887448
96 9.026527137836075
90 9.869296062542698
87 10.44530050774564
100 10.494093729964614
92 11.666579716285193
99 12.772019868008806
94 12.952576322432153
91 13.302391936008762
85 13.755530971746369
72 14.194026004455788
71 14.273154376533498
89 14.461333675542985
93 14.585773877242731
62 16.137250717972268
65 16.381472776650423
82 16.46504780895527
84 17.135811737975203
73 17.158598273937415
83 17.64306253036615
68 18.589385981019753
86 18.63902157511492
76 18.74808563484481
88 19.101494162601263
45 19.18449159328847
79 19.88967075850078
80 19.980672052059944
75 20.697359659729976
95 21.971483331518144
74 22.504042967798565
67 22.72975331624477
63 22.948873806809228
57 23.777888328083
70 23.885539805420564
48 24.40078848513284
69 24.61668965534259
44 24.758589421194472
41 25.15077078228093
77 25.18066702752333
81 26.482207368207607
59 26.70219262908785
50 26.811613162998125
49 26.888843818230306
58 26.96360875535091
66 27.15207944509398
61 28.08350033130956
53 28.34068184332124
51 29.01221830585436
54 29.880679862943637
55 29.936147797471566
52 30.79387899990128
39 31.23477985180964
78 31.28740083534637
64 31.88880299323322
34 32.26321041482213
47 32.69621674262499
60 33.85944484605281
28 34.141945082921055
98 36.238969177607245
56 36.89699151693813
46 38.70512340634759
32 38.84058015233815
37 39.16753591009584
31 39.7347116655746
40 40.70611434758836
29 40.89379163885028
38 41.31650288665323
30 41.51962262815399
43 42.85733938682694
35 42.9156660896517
36 43.072919233375245
42 43.3950875100668
26 47.59713030878985
27 49.03952106719017
25 49.84853781560183
16 49.92039230547909
17 50.44196491492812
24 50.67134121093845
7 51.81560877586822
33 55.191392734964985
21 56.451146639666796
23 57.46726128735926
13 59.74982321015027
22 60.09495196260936
20 61.8340354184488
19 64.78452971363673
6 68.09029630095715
8 70.16141106319165
18 71.09537729864222
12 72.30468371277112
14 76.59559062892106
5 78.05853991070533
10 81.1191787784282
15 85.02158877019303
11 85.23704342880052
9 90.92175352067748
4 91.28316258232499
2 98.46324302664807
3 109.15938395725843
1 120.9246062012005
0 210.84920973286194
