30 0.5072309458588241
25 0.5480197475398277
16 0.5748605234933413
29 0.5882537747691587
17 0.6275580949675138
24 0.6423767245015308
37 0.7198615774739331
7 0.8545501335887684
26 0.9327378645050738
27 0.9525799931710071
35 0.999010731954488
38 1.0554304065303313
40 1.126094826037102
43 1.1611986697135237
36 1.19041604986944
21 1.2976077750801585
23 1.4494823959796952
31 1.4714441055920457
42 1.4849982587438395
46 1.5242317956866591
32 1.583971049668799
56 1.7956267125130534
13 1.8629834930623894
33 2.16619279392921
28 2.2554371548499654
98 2.2743798054023885
60 2.277802481820368
20 2.302695184156274
78 2.6069847118857776
64 2.6393952739555107
34 2.6615764313323957
54 2.727866935994831
52 2.7992938240091916
47 2.8198640959238204
22 2.8428710029828292
39 2.9341830516194203
19 2.938425505377199
55 3.1556124391867098
51 3.429892079808987
53 3.5018017598577034
6 3.9518865793173177
61 3.96946807589258
50 4.364852482526874
59 4.390908721752648
66 4.444807708856699
58 4.446634032271916
8 4.476010615244819
18 4.673606149162047
41 4.721057106932129
81 4.824180201526106
49 4.866839680370157
69 5.00326496518326
44 5.009854096342262
48 5.0997742042199015
12 5.163588228952751
57 5.466020343687442
77 5.48537162882529
70 5.715691707232692
63 5.932977130765847
74 6.225494676345925
14 6.420362103915874
95 6.732133888816835
67 6.768691322519807
5 7.014807678407891
75 7.41058537809065
80 7.964058704119762
79 8.031973293184375
10 8.163126833177047
45 8.548815808405083
88 8.648689959675183
76 9.049830137951465
86 9.067884448612674
68 9.389535897507278
11 9.632595923170895
83 10.268037270213703
15 10.283077598963084
73 10.41513544062264
84 10.706450671893627
65 11.052900266143105
82 11.171127199171668
62 11.290775294018685
4 12.255293546691389
9 12.527290379257254
89 13.180886191151219
93 13.344960777557242
71 13.728237799101292
72 13.765045045445678
85 13.897190207701053
91 14.437840458313456
94 14.958362826155719
99 15.5572030920941
2 15.579420977880279
92 16.710992649578454
87 18.572699781052
100 18.71837684968527
90 19.510417949117368
3 20.94600841963136
96 21.16453293142253
97 23.232669665123247
1 27.375309164108803
0 89.91265048417424
