37 0.1972152418719127
29 0.23436987099938056
60 0.2470810985499671
28 0.2548108639517256
78 0.2564039254507849
30 0.2661307717439627
64 0.2728898501647704
34 0.27611696638630906
56 0.28108192538540205
52 0.28263945715593186
39 0.3106683875347434
46 0.32204087510754686
47 0.32837897914275654
40 0.33374971580222124
55 0.34574362676902315
32 0.3538847758485654
38 0.36241900697249935
31 0.3873034471009094
51 0.3917313235432215
98 0.40014645550135575
35 0.4563737740769748
53 0.46941761040292307
61 0.48905148301617324
54 0.5009683212591433
43 0.5142064980826424
36 0.5436409426344324
66 0.5646929792620017
58 0.580269861838872
59 0.5889195713631754
50 0.5889928702105228
49 0.6416116572948023
81 0.6500960727115989
42 0.6845968582925253
26 0.7857405138396131
77 0.7864262817912496
25 0.8261750535508895
16 0.8373733789172482
17 0.8932509723558175
27 0.9025037678530768
44 0.902721424149528
24 0.9171581636686735
70 0.9450932665597661
41 0.9873403432146161
69 1.011654387741877
48 1.0258500111989566
7 1.0727182467895287
67 1.112878149768496
57 1.2485874695251078
95 1.2631328165961555
63 1.3346946251240246
74 1.4956968517557405
21 1.5694851524706896
23 1.7001062766527244
79 1.7826201422399195
75 1.8256932458505135
33 1.9466350715953245
68 1.9862800821022353
76 2.003543968191644
13 2.022815241317126
86 2.053801314104193
80 2.0691198409628258
45 2.1827067648336125
83 2.1938814928266326
88 2.2978207261450962
84 2.337685666556366
20 2.3451503838169017
73 2.4108327778857896
22 2.5913821251142415
82 2.6167725188373616
19 2.7975229496664875
65 2.8237186131273093
62 3.1540929225947907
93 3.1560167940984454
71 3.269453432019586
72 3.3027886359241996
89 3.37172177207839
6 3.474862017957176
8 3.8210352732304393
99 3.8566603601568623
18 3.9468068115686954
85 3.9942430764983277
91 4.072384396687209
12 4.265632093751224
94 4.500191183241826
100 5.01171221766509
14 5.038034765021715
92 5.117362972969411
5 5.41513875988538
87 5.783029278703461
96 5.942040540025176
90 6.043493314009685
10 6.117923148656579
97 6.756950168817848
11 6.961268966917936
15 7.514863293940883
4 8.513447917677059
9 8.781622280392176
2 10.420093107779778
3 13.415954870688008
1 16.914424911788622
0 49.54413977570489
