90 0.08981247148144231
87 0.09224963813233603
92 0.11078731240158848
97 0.11846645151404327
94 0.13249960667575728
96 0.1419542578038817
85 0.15961727003138237
91 0.16146004061136296
100 0.17455318912270126
62 0.20273326846123543
89 0.21906616256362646
99 0.23024806210657767
65 0.23843945684175424
72 0.2549964389989247
71 0.26160529885782025
93 0.2659486940392725
88 0.2674898952487569
82 0.2799197712781866
45 0.28006915706255847
73 0.28830899268717547
80 0.2896198470358542
86 0.31187874439726393
75 0.3165632679481115
84 0.321976937344702
76 0.32393075664924775
79 0.33372057384063447
83 0.33686823088630974
68 0.34750280291964475
74 0.35752467606524185
63 0.3809028157528026
57 0.39422153358475787
95 0.41966161020202725
48 0.43053504337485027
69 0.4363185987204605
41 0.4402371657266189
44 0.46465363818968436
70 0.48439644630315243
67 0.4984851580700279
54 0.5710174491982358
77 0.5772449869985091
59 0.578260897787736
50 0.5816972132350716
53 0.5933367060394853
58 0.606981796430405
81 0.610248865404498
66 0.6225122228427495
61 0.6392850557896742
51 0.6426853144257392
49 0.6456054022591708
55 0.6758666356436673
52 0.6962861124983291
78 0.6997059980954858
39 0.7431220033790654
64 0.7522735078719055
34 0.7771021325527975
47 0.8242369587836081
60 0.8336254821891912
28 0.8468273748538809
37 0.8894251842814406
56 0.9422335248121572
29 0.9556887341826382
98 0.9643678507700069
30 0.9662764077130256
46 1.0016362517276987
32 1.0141339987024718
40 1.0434191644480113
31 1.0446356244650803
38 1.0613976229369106
35 1.1187401711933977
43 1.1392529498600803
36 1.1508338222947976
42 1.1984490958528746
25 1.255801547280072
16 1.265377374641685
26 1.2722332182892186
17 1.2874283739806294
24 1.2934930836701461
27 1.315855010812134
7 1.360945325554184
21 1.4960137996867826
23 1.5301029717839654
13 1.6159736212554379
33 1.6213817363909837
20 1.6987037395900582
22 1.7842129940096345
19 1.8015660541655079
6 1.962410104247081
8 2.028894909938293
18 2.0483091072042314
12 2.1220446663414734
14 2.259659886077116
5 2.3352628774209787
10 2.4624718061542152
11 2.6012315312597525
15 2.7224364095560887
4 2.8625757405849694
9 2.9234833995495038
2 3.164064051513782
3 3.60646767311107
1 4.088786378484368
0 8.001537093376097
