15 0.229342545226312
9 0.3364557157965537
10 0.3676512157567159
5 0.3950871156151032
22 0.42041311262244047
12 0.4249550472915747
11 0.44669824993253565
4 0.4614799873529503
14 0.4806283780780534
6 0.508850340364715
8 0.5163997418639686
18 0.5747701246347714
2 0.5798426180018623
33 0.5851723324183272
19 0.7981063057192395
20 0.8855131124970484
3 0.940137139927802
13 1.0188632195193106
23 1.1555811177786632
27 1.1891003285215473
21 1.1954197298792153
26 1.2690088515241844
7 1.2960356861324827
42 1.336168414645201
36 1.5146828905644305
1 1.5327967932990596
43 1.5471898226807734
17 1.56884048083229
24 1.5698201876093099
16 1.634131028527466
35 1.6400654111163284
25 1.6937535359232143
31 1.8150584696235168
38 1.8216059101522846
40 1.849966260937911
32 1.8930593851088815
46 1.9423440491262902
98 2.045248326935059
56 2.144578344380027
29 2.4891479580106686
28 2.537919481654686
30 2.5414515501963937
60 2.5896982295741706
47 2.5971956212248877
37 2.816587570420577
34 2.8533760255166998
39 3.0423380759715646
64 3.0482594399840948
78 3.2851276068284885
52 3.3130280406229593
55 3.42336935401724
49 3.5056483552704467
51 3.5863851051817703
61 3.628761632181709
66 3.6617216224148277
81 3.758653779818051
58 3.785498778475784
77 3.948217821095173
59 3.9770126386006655
50 3.9778343431554846
53 4.06557443718727
67 4.5211064563920464
54 4.57335747067077
70 4.676460505975657
44 5.003349696036159
95 5.307022233371607
48 5.381980975978007
69 5.4151066057955655
41 5.458328887200719
57 5.914904845310882
63 5.965280087702097
68 6.011790090939321
83 6.105200395520853
79 6.203767690840873
84 6.260150998416624
76 6.273710816503426
74 6.280382897498165
86 6.421500589578373
73 6.6408287243860284
75 6.652148027288806
82 6.830246556544898
80 7.029751666697413
93 7.044364663545054
45 7.059224765145778
71 7.124808010914875
72 7.2132943066526725
88 7.300591028248702
65 7.460932391224749
99 7.673770661769033
89 7.729884784740733
62 8.178254248174413
91 8.730086524850861
100 8.800868868213728
85 8.909189865180474
94 9.54536472217112
0 9.555469297031701
96 9.691096061931782
92 10.082740052462523
97 10.513738190513697
87 10.638985951818045
90 10.714512515279907
