79 0.12891046808701428
86 0.1433665077771945
76 0.14454302093686192
68 0.19381354442605198
73 0.2011772541398243
45 0.20217167743912845
75 0.20382285566146174
95 0.22110215611105383
80 0.23778362930115202
83 0.24461505600673125
82 0.25159791378879687
88 0.25300907689989277
84 0.2625207316665188
65 0.26332742677791815
63 0.26591834029358774
74 0.27993393209913686
57 0.33599879837268215
48 0.33878995749591384
69 0.3656949400063599
44 0.36715089384340377
70 0.36789586816474257
62 0.3943690134713404
41 0.42406978904518683
89 0.43721227070043894
67 0.46242620205733725
93 0.4807673490728366
72 0.5206892749013192
71 0.5277527697825921
85 0.6629767346809817
91 0.6633087653756542
77 0.7002713205155408
59 0.7010276495932787
50 0.7028730700032155
99 0.7596764520540832
58 0.7990746425516421
81 0.8087558891668679
53 0.8149684630810433
94 0.8876764671023314
66 0.8979378410226209
61 0.9357690488130357
54 0.9903536662841388
51 0.9975206047755146
49 1.0129763108708758
55 1.1402617851537278
92 1.169649993929041
100 1.2524030344714567
52 1.2698759829143778
78 1.3166520933415216
39 1.4601593652581681
87 1.5078378799404648
64 1.5292656877506874
90 1.6409624585004097
34 1.6566618960494746
96 1.7202635487385616
47 1.9131154817141267
60 1.9942418422134243
28 2.0666284987054078
97 2.1837085654370525
56 2.6933756636458934
98 2.7563410202441174
37 2.7736304466654094
46 3.111705155420388
32 3.1719811281038646
29 3.194894561826977
30 3.336292431143617
31 3.3868882238304003
40 3.4851558502280606
38 3.613945345760137
35 4.0404581474149595
43 4.14070115261365
36 4.209427742267766
42 4.523885825923577
26 5.3171517033386895
25 5.628710327645194
16 5.667627530784162
27 5.712236396685008
17 5.8366915805306085
24 5.902738353709424
7 6.3418276740982185
21 7.715658284755364
23 8.04541209766731
33 8.108595251788433
13 8.826798932868565
20 9.57116102828344
22 9.68934384205759
19 10.594972829378955
6 11.974032583834216
8 12.703315116465625
18 12.986297384234161
12 13.575371324952487
14 15.138490271041283
5 15.81850710097894
10 17.113214295408113
11 18.710154630050507
15 19.36585001892242
4 21.418368809681738
9 21.718092731315952
2 24.681355190481277
3 29.650511648583464
1 35.26728482686532
0 83.57233114367797
