4 0.18466738896488705
11 0.1979771547839436
9 0.25862952350452134
10 0.26475787429007236
15 0.27295698013043784
2 0.36042230589636776
5 0.3818940199114266
14 0.487196785493219
12 0.6886156635296392
18 0.8478986560458652
8 0.8727103625779292
3 0.9415011702110248
6 1.0220003404537348
19 1.490764659251193
22 1.6673436299017055
20 1.827209601946461
1 1.9298033780411672
13 2.1443083075443052
33 2.2908754349950007
23 2.5121454439732527
21 2.667606417808883
7 3.337745194323891
27 3.641367279306518
24 3.741063298229828
17 3.784519693994279
26 3.9199705840443495
16 3.925805026957706
25 3.987288535763468
42 4.588599138107658
36 4.8596154448889886
43 4.908080121875134
35 5.024541214731514
38 5.452965671451161
40 5.608776856769049
31 5.715383935127604
32 6.00686967228549
46 6.057086606639139
30 6.205722521064081
29 6.289063001216941
98 6.617767593162871
56 6.643311553781143
37 6.942623609548828
28 7.639190364286473
60 7.750848143988668
47 7.987949988327672
34 8.431119264138648
64 8.667127896549214
39 8.854375538808924
78 9.237600549093724
52 9.30436352987024
55 9.678799679981095
51 10.102019726173388
61 10.313400107252438
49 10.458810923425762
66 10.559835817913717
53 10.769523675840157
58 10.832930499094541
81 10.923029370680958
54 11.033186044343386
50 11.131021296846848
59 11.161118869962637
77 11.487987226198099
70 12.860348031463474
67 12.905300860747346
44 12.999603421217392
41 13.4168528220811
69 13.505302846582842
48 13.590048729668421
95 14.114723957013897
57 14.414261850504985
63 14.723692319783463
74 15.257148955787072
79 16.049632607585302
68 16.229506174818958
75 16.346289748410136
76 16.534184705776706
83 16.694397068945317
86 16.731431691988696
80 17.080674943739982
84 17.08073581927674
45 17.408688943487398
73 17.6316453101277
88 17.741136761280824
82 18.121495801655513
0 18.23252659879467
65 19.032632020843447
93 19.141171512215085
71 19.402923073826273
72 19.527427893093993
62 20.054517259499494
89 20.205071212283364
99 20.74155319821386
85 22.061726355936294
91 22.192793918755775
94 23.32730862372475
100 23.462780612327453
92 24.69214474209566
96 25.55800513521196
87 26.109177343039804
90 26.584267167829818
97 27.358120838190324
