1 0.1275175303813573
3 0.27749526504846384
2 0.5278277418147141
9 0.7503993898930518
4 0.7761836305447002
15 0.9602469291422404
11 1.0616734830687637
10 1.2324838101164157
5 1.4143569706782875
14 1.53741128173396
12 1.7548158179332454
18 1.8980352038557495
8 1.9250310264901036
6 2.0500347926040887
0 2.1182783718117313
19 2.4079853374877414
22 2.4389341166383804
20 2.63983329226585
33 2.833329401371635
13 2.8504123484375286
23 3.0816055704354204
21 3.174615960897536
7 3.55088916492939
27 3.6860016922161316
24 3.787915111806758
17 3.809802320871952
26 3.832839850836267
16 3.8892018464258524
25 3.9277736120817255
42 4.139067646442448
36 4.282707732741849
43 4.322037822699511
35 4.392868022408532
38 4.613863347722121
40 4.701260592285156
31 4.7095929860032095
32 4.850323292233711
46 4.896963811433935
30 5.068604768062689
29 5.104093099723795
98 5.106435317201518
56 5.176868416305382
37 5.4240625875756825
28 5.637821162224125
60 5.693355338649256
47 5.792378656115318
34 6.006644267836851
64 6.11635297775941
39 6.194009933046449
78 6.434418637441108
52 6.4462614440729915
55 6.59035401684773
51 6.806987116811435
61 6.840123843706778
49 6.9133834424027025
66 6.992292960673853
58 7.08002260132637
81 7.089541623715445
53 7.10897498178296
50 7.229466393526627
59 7.262939729906147
54 7.327689740194952
77 7.351422501180592
67 7.978033168360267
70 7.988775882768098
44 8.105841962185368
41 8.342273953615884
69 8.35878637057005
48 8.411158400108837
95 8.529960920450629
57 8.778474667558317
63 8.88879242495018
74 9.138495203350654
68 9.351509561458595
79 9.382658946166833
83 9.532081526028483
76 9.542121056616045
75 9.571335120714915
86 9.647268618057291
84 9.710819323839123
80 9.895666821840054
45 10.002525342723915
73 10.008059773569538
82 10.15301721272613
88 10.16672250636958
93 10.533741242777802
65 10.594294165373213
71 10.634147333945593
72 10.684112707532837
89 11.004125728326601
62 11.082168963312462
99 11.172836535759581
85 11.85539809776097
91 11.879356589216847
100 12.24890590825325
94 12.385945897876175
92 12.91199809419813
96 13.05185108439607
87 13.455082762840316
90 13.615634796704507
97 13.732248485896928
