41 0.37447609150179256
48 0.37996123705905044
69 0.38056794549330225
44 0.3891826299841433
57 0.4139549051594699
63 0.4376784878651029
54 0.46768923323127637
74 0.4795243418325497
53 0.48718878072325983
70 0.5072861875755552
50 0.5444151917498012
59 0.5511194716071516
95 0.5558937803293218
75 0.594957136149897
51 0.6055356884694628
58 0.6308196731986381
61 0.6546278214525435
79 0.6547606985537636
55 0.6600410154112218
80 0.6856903497470743
78 0.6886429313051082
81 0.6970150333435314
52 0.6973892383569862
66 0.7078204363862566
77 0.7266057319109414
45 0.7483529844966291
67 0.7501322363940296
88 0.7878991314891036
76 0.8067965823415872
86 0.8078723272021002
39 0.8529567207303306
49 0.8547184102316857
64 0.8561657837672351
68 0.8949109566753841
34 0.9397217226305167
73 1.0464643081630336
83 1.065284507578159
60 1.1102179864306965
65 1.1369873403975357
84 1.1398723397118384
47 1.144784382931593
28 1.1545042459769155
82 1.167894788513154
62 1.2407644641946252
37 1.3564470106350703
56 1.492718862087606
89 1.5478600287021673
29 1.61263557302923
98 1.6282397566428066
93 1.6496584898310214
30 1.6903475939558397
46 1.7260059228928704
72 1.7285353956443068
71 1.7365630685618416
85 1.7702126359199146
32 1.7773537607803263
91 1.8517545600110359
40 1.9000226800573607
31 1.904778337408474
38 1.9781138293057952
94 2.0530739154027953
99 2.148934551570654
35 2.244590950986979
43 2.339376687381583
36 2.391203851595552
92 2.4736386695691555
42 2.641484559832259
100 2.8875047020917632
87 2.9442841271317306
26 3.0524047520762934
90 3.1562522523330663
25 3.1765823586514728
16 3.2059305748564615
27 3.307119798677348
17 3.323211875920041
24 3.3688377619279093
96 3.5012677102816645
7 3.6854403330330476
97 4.058856924884661
21 4.6256769919931715
23 4.859057415323307
33 5.0500355760776445
13 5.4200862839653485
20 5.960230215864765
22 6.1522142131292465
19 6.70624567247955
6 7.7364784408865805
8 8.277735826251257
18 8.48600239471811
12 8.936241839120559
14 10.11094585173432
5 10.632179392494765
10 11.622367081824551
11 12.851105640246022
15 13.382421680709157
4 14.954262577606588
9 15.189431545728823
2 17.507969260260726
3 21.44382699376738
1 25.929588414571892
0 65.52951422820937
