44 0.11605120370410388
48 0.12075241075745492
41 0.12278787112604565
69 0.1238458844620425
57 0.17826835071346203
70 0.19828461917173798
53 0.19881776862634293
63 0.20147216637189502
54 0.20912562086133507
59 0.22641144526802687
50 0.22845918353287617
74 0.2559640193194893
95 0.2570115825190346
51 0.2945458604236612
58 0.2987599442880343
61 0.33529165352009516
66 0.35076261971177075
81 0.3532990257226738
77 0.3619580540621026
55 0.36274472491164783
67 0.3827013556554127
75 0.39124818418290785
78 0.40086827508461215
52 0.4034320624993454
79 0.4157044304651201
49 0.473988027523173
80 0.5026134073135103
39 0.5560363701483426
76 0.5625785626933278
45 0.5687176762175149
86 0.5706379301631782
64 0.5742119743429573
68 0.6180405622110601
88 0.6208132034925881
34 0.6510188810393277
83 0.7758455941380795
73 0.8170762501769143
60 0.8393779140531149
47 0.8403760151234239
84 0.8580907556976586
28 0.8851985823853267
82 0.9475879614721512
65 0.9841529633213923
62 1.1401969040560098
37 1.1733127536559478
56 1.259422059310823
98 1.3891814756659582
93 1.4065573288315487
89 1.4068252471859317
29 1.4539856559402338
72 1.4977428749418527
71 1.4983002472862856
46 1.526448012048967
30 1.5413416482629423
32 1.5857173520240597
31 1.733045343091562
85 1.733335699801812
40 1.7367292970596342
91 1.8243539070967398
38 1.8365252618438888
99 1.9324579127701313
94 2.076983914198714
35 2.1323032115525336
43 2.2277086690570775
36 2.2880408306419966
42 2.5394539918018912
92 2.5515338386623743
100 2.7874749383182555
26 3.037605996481403
87 3.0826593031483958
25 3.1880875352634463
16 3.22192627033761
90 3.314974938345013
27 3.325819228471142
17 3.353664098282259
24 3.405034012248816
96 3.50488254392229
7 3.759133992282188
97 4.144976513339702
21 4.8001372770215
23 5.059570252963972
33 5.280101866866555
13 5.68586621352379
20 6.289813159211682
22 6.521185233025466
19 7.117503577703013
6 8.280339645999405
8 8.883994198092127
18 9.110301260408328
12 9.621450720567035
14 10.924780125953305
5 11.516690345517688
10 12.630745066709682
11 13.993582937696367
15 14.626897052175007
4 16.36102349974751
9 16.63544105081678
2 19.220985348338573
3 23.63495339226113
1 28.683493238869485
0 73.2075231427885
