77 0.12692741825808113
67 0.12860047391905013
70 0.1356794526547746
81 0.1415402966145049
59 0.1461911854988112
50 0.14710547212672337
58 0.14744039321956326
66 0.16014113055192458
49 0.1675230984064343
61 0.17557520682258757
95 0.17620064322972134
44 0.19385684589420482
51 0.19736364024663447
53 0.2039070387838878
55 0.22537460862667918
48 0.2502814591078057
69 0.2541075211210908
52 0.25816789984722105
68 0.26873995649208987
78 0.27353768050923055
41 0.2822756903578968
39 0.283812217286027
79 0.30034857408497617
83 0.3010018054627489
63 0.307098292478978
76 0.30944588934706274
64 0.3135628768175583
57 0.3233706057975765
34 0.32796288182346195
86 0.33624301422581193
84 0.33767459042471915
54 0.34677674313215884
74 0.36201323316473494
47 0.3764258268904842
75 0.3973023689559489
73 0.40206957980900454
60 0.4150224010845026
82 0.43080923637656854
28 0.432680371973946
45 0.4649969539155823
80 0.4711640884513666
88 0.5219181446205676
93 0.5421872203083372
65 0.5543303299414359
71 0.5729390393509306
72 0.5826822330791427
56 0.6063357855236621
98 0.6193671518758456
89 0.6552727907376182
62 0.7233019753424171
46 0.7358276780323638
37 0.7387195846161287
99 0.7439573329795336
32 0.7538640976248077
31 0.8269478920020272
29 0.8503305294076032
40 0.8629112875190192
30 0.9060475174827811
38 0.9143663792985628
91 0.939560719972143
85 0.9447373730152239
35 1.0468590308472712
43 1.069851817120834
36 1.0933809946241582
100 1.121570032097908
94 1.139200533971781
42 1.1766203615490427
92 1.3347197918359865
96 1.441868470249505
26 1.4708054029271143
87 1.5549208833774437
27 1.6076988282358757
90 1.622148584077546
25 1.6368366477157528
16 1.6429958942749663
17 1.698031205882586
24 1.7244779339777203
97 1.7358097237971422
7 1.8540052946486618
21 2.3479680390891513
33 2.4445660345776057
23 2.4662725956049596
13 2.7418877955926497
20 3.003933218854186
22 3.0175852588669287
19 3.3754724163223826
6 3.865725860585242
8 4.141963668227778
18 4.252070734043908
12 4.46231316465002
14 5.054052992897018
5 5.307278350070744
10 5.798158274359553
11 6.409615022358931
15 6.664216603953124
4 7.451056609210787
9 7.560730315497075
2 8.714352447210677
3 10.67048409469411
1 12.906185256234252
0 32.64440352873428
