1 0.07152436097722462
3 0.1327817835071533
2 0.2303188620520611
9 0.25580757812426685
15 0.2989989772617001
4 0.3295261690255301
11 0.4458968064550868
0 0.4490041221718246
10 0.47801322232537985
5 0.5434841216477497
14 0.6046527241060395
12 0.63910496735181
8 0.7074589608385862
22 0.712246608567117
18 0.7201960288369241
6 0.7285294844040314
33 0.8066084133860022
19 0.8890579813967173
20 0.9510816512814796
13 1.0250941630367265
23 1.0985534713027765
21 1.1208938459027573
27 1.134391080757798
42 1.16041595422386
26 1.1664240792251812
7 1.181185131018454
36 1.2453160778493662
43 1.2629106688984424
24 1.2986791351957556
17 1.2988909657954024
35 1.3110877655643958
16 1.3279272372449196
25 1.3538117771994564
31 1.355291400509369
38 1.3816608014268816
32 1.3868671833380788
40 1.3956870220523077
98 1.4127050265963652
46 1.4127779431657645
56 1.484298952474276
28 1.621383999015785
47 1.6254186714125058
60 1.6439720114683014
29 1.6785538527952668
30 1.6946766810176477
34 1.7342373493608325
39 1.7941964964758574
37 1.795162606981736
64 1.8031864090415273
49 1.917066227356993
52 1.9182792555310806
78 1.925191170653593
55 1.9429440451026603
61 1.9845695773220402
66 1.9965978089233563
51 2.006594223236005
81 2.007069113415049
58 2.0360034361510815
77 2.0641630745280857
50 2.1167325910844403
59 2.121725032980112
53 2.173563645248664
67 2.245405933941507
70 2.343292027820147
54 2.4078351574991816
44 2.4954768748659033
95 2.5392595089165315
69 2.6438990617752283
48 2.6463875307165314
41 2.6726657152729922
68 2.7112945690182704
83 2.7209867606422176
84 2.770070830793195
57 2.820621927580918
63 2.821526715494527
76 2.831258440540666
79 2.8443817776726013
86 2.8912747702518864
74 2.933655435795835
73 2.935396333058705
82 2.963185399385974
93 2.9765735680064016
71 2.9935457924018616
72 3.0247554488411246
75 3.029549869225452
99 3.139658569476457
45 3.1433311660600656
80 3.154695607239142
65 3.2085646120876645
88 3.2329689604346674
89 3.235502832210798
100 3.4549349341272158
62 3.4665661659893328
91 3.5833099463790035
85 3.6481297337448586
96 3.697693774742391
94 3.8475705781287832
97 3.923259311670953
92 3.985874224178226
87 4.128585025235955
90 4.133284629818846
