100 0.5089116038548699
96 0.557120363633601
90 0.6623314121734992
91 0.6839019053426131
87 0.6885967369085791
92 0.7010829099260155
99 0.7089858434077358
97 0.7342090253252301
94 0.7918945746736269
85 0.818433403883901
89 0.8639371058967695
72 0.9064606084499309
71 0.9246023598841898
93 0.9759631201128309
65 1.2367106425067356
62 1.2524700439370056
82 1.3022405375226582
73 1.3996646510620563
84 1.5367828003807058
83 1.7072719971798902
86 1.8214993931698515
76 1.8686610921932783
68 1.942631771304591
45 1.9918263424335074
88 2.00307351128895
79 2.1771539985792834
80 2.256432835322504
75 2.456142082640414
95 2.9795470831722635
74 3.0812073535333147
63 3.2226213891302002
67 3.485380305243037
57 3.5339718503428146
70 3.7106563741747913
48 3.7461028899205653
69 3.858890237080858
44 3.939180158258695
41 4.064598255524594
77 4.535973772825976
59 4.933662361761018
50 5.006373673766923
81 5.086627332036363
58 5.18257854219972
66 5.29608636496191
49 5.375541694253364
53 5.57130707836087
61 5.710784831770288
51 5.953154732315598
54 6.109835014348199
55 6.441400046859064
52 6.822148799926245
78 6.976061745048351
39 7.2386612555489025
64 7.518926802378445
34 7.749121755402498
47 8.17760170889468
60 8.615727683404925
28 8.781176726589662
98 10.270876072731676
56 10.28175223159345
37 10.910046298744147
46 11.292153725853543
32 11.434876385353432
29 11.903431258062644
31 11.95250637858692
30 12.231186039493345
40 12.266331177846952
38 12.623110221638518
35 13.574037998934177
43 13.688908930941619
36 13.853466096099758
42 14.294545559230423
26 16.354254383020976
27 17.213791863429254
25 17.244893720009404
16 17.32006409270978
17 17.667587134204517
24 17.805890439882333
7 18.668294922898678
21 21.511069959236554
33 21.81735582271107
23 22.171026450285854
13 23.711459305595756
22 24.99079657399853
20 25.15819370945325
19 27.1478996215744
6 29.694928918507692
8 31.092518249923536
18 31.658590827394015
12 32.706135109815804
14 35.65105245024771
5 36.858700968865016
10 39.19444442921335
11 42.13388709329388
15 42.95742364568554
4 46.92696513701194
9 47.223182729010325
2 52.640058079406124
3 61.25224528196159
1 70.88090007876507
0 150.26377504173817
