15 0.1927922071829936
4 0.1930645881888581
9 0.1991222732502104
11 0.28666147143612436
10 0.41098427196101983
2 0.5192446357237485
5 0.6910321377467659
14 0.9499039254795758
12 1.3621004567917967
3 1.7057861213317624
18 1.7488071336254614
8 1.7891415081330795
6 2.099390467400095
19 3.1700231562240515
22 3.365067122434632
1 3.789563301918507
20 3.8953286942986827
13 4.598216221116664
33 4.7511762600979095
23 5.401029976422938
21 5.733810269895448
7 7.168131824121515
27 7.795343102547967
24 8.068083740951327
17 8.152681515673295
26 8.40753886047841
16 8.462078910832698
25 8.607942735228056
42 9.872622068795195
36 10.444923804962864
43 10.57018120814423
35 10.82154477497446
38 11.77355778579213
40 12.121230931081794
31 12.347420002181138
32 12.976674218205481
46 13.108633663921024
30 13.422142279865987
29 13.614621938219909
98 14.335147337341244
56 14.396730016241413
37 15.019578427553359
28 16.56331875667474
60 16.807160320033862
47 17.370978650942245
34 18.304073913493422
64 18.80697064665999
39 19.229559228336008
78 20.058466342993967
52 20.198025659085257
55 21.005345304896597
51 21.951058769447393
61 22.404885302607394
49 22.82508248472737
66 23.032378747186605
53 23.361578760381782
58 23.557017108584844
81 23.762392147204352
54 23.88988246877477
50 24.191879095670163
59 24.266852280130077
77 25.0417032824276
70 27.946417987073957
67 28.166131591748748
44 28.195776238919912
41 29.040112420141767
69 29.240917822385743
48 29.461012065277256
95 30.661247494704167
57 31.19050800831119
63 31.865820405466355
74 33.024613746387296
79 34.81925979059209
68 35.288556448194846
75 35.37106271695978
76 35.92561953450655
83 36.339711190979244
86 36.3594640391377
80 36.96040102123636
84 37.2219767260914
45 37.67724646985083
73 38.354977381957774
88 38.392942061184364
0 38.40992958810591
82 39.39820520448613
65 41.258574913175124
93 41.745433384656636
71 42.311653337668616
72 42.58100360821535
62 43.391121677100834
89 43.87529213316063
99 45.28281259206256
85 47.76405526352636
91 48.10281870942092
94 50.449337353354835
100 51.1755424016224
92 53.410650585409996
96 55.67782698519074
87 56.48924894871499
90 57.57565786982091
97 59.51041491218753
