0 -5215200196243007.0
1 -2218759299928826.2
3 -1855104969086702.0
2 -1548459963410157.8
4 -1353623669955102.0
9 -1302113501825872.5
11 -1195412576555820.0
15 -1128740961243088.8
10 -1077393400177168.5
5 -1000867398457156.1
14 -969049268191292.8
12 -851695821168661.2
18 -831004492227369.6
8 -802937147321259.6
6 -748932816412226.1
19 -681128215577876.6
20 -611706552766558.8
13 -566330521972459.8
22 -521595105882936.94
23 -516726573959120.94
21 -493950227372559.44
33 -412751225323244.5
7 -390110721995574.25
24 -374078310966041.25
17 -369323972434559.56
16 -359714413395404.56
25 -359684556983770.94
27 -318564636962865.75
26 -289164078906415.8
30 -210486218788113.7
35 -207988788293901.53
36 -204780607108119.9
43 -200901043813986.66
29 -197732371957982.8
42 -196402546052031.06
38 -184073030657881.06
37 -173148968273228.88
40 -170854331553569.5
97 -160069038811008.1
31 -151716706370293.34
32 -138258134800442.55
46 -136252921701235.19
96 -134656420810870.2
56 -110896495023144.6
100 -101662827750666.19
98 -99229006651313.36
90 -92497674359819.11
28 -81282197742695.17
60 -79818834267172.88
87 -78532979181335.61
64 -63099160531315.33
34 -62011241036439.2
99 -60018811433965.96
47 -59928138042470.93
78 -56749568642660.51
54 -56641129966861.27
92 -56119840553865.46
39 -53174366368084.805
52 -52702797499923.23
55 -43958382899484.46
71 -38552759517194.875
94 -37566905769227.61
72 -37361311063720.43
91 -37003740762294.13
53 -35877407538198.22
51 -34728635892596.29
93 -34003273400464.285
85 -29228356872260.773
61 -28188971105012.344
89 -27091960614088.66
50 -19824149913277.008
58 -18943211964922.65
59 -18027824584333.11
41 -17543506316340.65
66 -16931399520860.059
81 -15135302904447.71
69 -13914558682427.322
44 -12893891913869.717
49 -12884374893744.594
82 -12546568082419.246
48 -11980247943845.736
84 -11187972907826.613
57 -10308218404633.684
65 -9786093109823.32
73 -9513781543939.229
62 -9465643259901.334
83 -7616350185941.204
77 -7396505438040.071
63 -6473074146140.8125
70 -5694683046990.082
74 -5123566023998.819
68 -2962367568517.0156
76 -2071225209241.59
86 -2005065483761.275
95 -1478928222839.46
67 -680824595183.2971
75 -652682952861.7881
88 -211917549765.58972
45 -203728925077.41028
80 -71059192282.4179
79 -59033268235.19131
