97 0.18776402945516818
96 0.20535657814393354
100 0.2953078939729686
90 0.29965324375007113
87 0.3545440943912289
92 0.4571494164879867
99 0.523156322016069
91 0.5802932278194747
94 0.594380034857261
85 0.6712313480604174
72 0.6921263745295267
71 0.7024635480300283
89 0.7183369722912701
93 0.7454757804584276
82 1.0209973542245927
65 1.0215788604203722
62 1.023506549747304
73 1.1300355941962972
84 1.1384722629782988
83 1.23026349384393
68 1.3965281561713625
86 1.4044180398308619
76 1.4164029887856866
45 1.5406648856470258
88 1.5420054924625457
79 1.640384255557315
80 1.7066826930740049
75 1.834880267799795
95 2.0672231520336455
74 2.2154185983516226
67 2.237639334953471
63 2.2959412690556116
70 2.456994769258574
57 2.4831248465360822
48 2.5978151945774566
69 2.6557149264218163
44 2.665543602873235
77 2.784133920254134
41 2.784366539840394
81 3.0804255629370143
59 3.1098088367637517
50 3.1359560303196363
58 3.1833596058088203
49 3.2026893647568477
66 3.2458414937401265
61 3.4630973081353216
53 3.518231947066909
51 3.6662257657279675
55 3.8987884425503907
54 3.927474548390358
52 4.125665240550541
78 4.231830550412892
39 4.249755110535867
64 4.427787303073166
34 4.50940265782256
47 4.651645607681733
60 4.9467513410708595
28 5.018309731929856
98 5.628360563995837
56 5.764821541015614
46 6.278743946474783
32 6.31574879364505
37 6.4078793678526305
31 6.580423679293786
40 6.839356456453221
29 6.891816962187175
38 7.021730562831696
30 7.08330436207559
43 7.478734460907551
35 7.4800914533849845
36 7.539730477870527
42 7.66300870084778
26 8.88108558921568
27 9.3225511200367
25 9.585445628564395
16 9.604469633112432
17 9.767603697509797
24 9.842165657976912
7 10.194785791751002
33 11.301746414610937
21 11.669452947538424
23 11.99989254232404
13 12.742610899448305
22 12.876477846700817
20 13.425239812915441
19 14.402362583954801
6 15.515348825971392
8 16.221976188465504
18 16.540358484147696
12 16.950504558719718
14 18.436680712500433
5 18.949520026098064
10 20.028030917568266
15 21.418767288960655
11 21.485584122888675
9 23.527724233818397
4 23.660835966329067
2 26.274273569352733
3 30.24071791937768
1 34.703623668676954
0 70.58278999244648
