5 0.12114749421617675
14 0.1251067416677765
10 0.17121558541211798
12 0.18068965122853367
18 0.25367204500427804
8 0.2605801944695195
11 0.26203795415338726
6 0.3413185673609745
4 0.6380189689015637
19 0.6656400226651444
15 0.7536876944071899
22 0.8529310932763325
20 0.908806116205081
9 0.99172915347676
13 1.171699897715864
33 1.2988602508472373
2 1.3080210410737123
23 1.483632161985992
21 1.6107632983756424
7 2.148939241086054
27 2.3779364786739383
24 2.5671594397950663
17 2.6004838795291896
26 2.6233315032169746
3 2.6434220581731447
16 2.7403865250720556
25 2.818542447336301
42 3.227366501275045
36 3.4464673546652573
43 3.5006896295942584
35 3.6202534081980993
38 4.021385621502128
40 4.1886996348542285
31 4.235809217184305
1 4.445502211957427
32 4.525729407424802
46 4.589702526189628
30 4.9939555072370405
29 5.039445977774204
98 5.066313491565249
56 5.156443391554161
37 5.733558585101723
28 6.116465681157422
60 6.232929925452791
47 6.448704514974317
34 6.917808416040807
64 7.153250577862982
39 7.330955584829714
78 7.878435073731528
52 7.891645669029826
55 8.242355815240943
51 8.724480334231414
61 8.817795528487444
49 8.954241872007971
66 9.117482650303435
58 9.376232100974738
81 9.411109879248718
53 9.487873484016383
50 9.743461286556514
59 9.802872868736223
77 10.0097618315471
54 10.16238490545541
67 11.522797000839347
70 11.612670009060938
44 11.97267379457004
41 12.671571846163783
69 12.68073273446674
48 12.781520745749269
95 12.98558553631085
57 13.82136569045622
63 14.078237049096538
74 14.773128272258088
68 15.133306750436644
79 15.260245370131052
83 15.578463500075282
76 15.648682494314624
75 15.897548163364547
86 15.93826418945216
84 16.032114146936188
80 16.801721590113836
73 16.85419618189241
45 17.049906795384587
82 17.27978547683321
88 17.537810239898246
93 18.23706911965353
71 18.509030601687368
65 18.57893664269544
72 18.66128146293677
89 19.656843805842144
99 19.964854766211037
62 20.04092376877753
85 22.18371713460333
91 22.187817662487873
100 23.018949520120177
94 23.754372827819747
92 25.26561434838956
96 25.371427782136795
87 26.841176844794475
90 27.271841725124677
97 27.414167343074226
0 29.235537801909356
