98 0.15191785198633811
32 0.1735558445237355
31 0.18222361482672253
42 0.18997840666580187
46 0.19110182542781243
56 0.20185387819841613
36 0.2105017046529785
43 0.21515605608667562
40 0.2332489283194092
35 0.2442668481490862
38 0.24799619328019587
47 0.262970732834054
28 0.27059842796286987
60 0.2869503626146744
26 0.34008825360400163
34 0.3526751817488607
27 0.38900966552442995
39 0.40925899657991716
64 0.4335919973413927
52 0.5424557958525551
78 0.5496137161817527
49 0.5530234825656076
29 0.5548759462326065
55 0.561509191174425
7 0.5943138763793734
61 0.610938165090771
30 0.6141499165315418
16 0.6271649165165448
17 0.6289210866338918
51 0.6334824642046712
66 0.6342983673412176
33 0.6349459815306917
81 0.6416276226228323
37 0.6424021046039136
24 0.6464414975990593
25 0.6542434880449034
58 0.6706555656502631
77 0.7264530706483525
50 0.7710444815932459
59 0.7782510438103211
21 0.8496341480497362
53 0.8671573933523095
23 0.9033504122588175
22 0.9153296021942003
67 0.9993750369955925
13 1.0061776166254195
70 1.097963819849947
20 1.1023984918263874
54 1.268275373808883
19 1.2870740018632043
44 1.329530324138248
95 1.4224673127939425
6 1.461963783313503
48 1.5818267417523415
69 1.5853324345580884
8 1.6302181308603365
41 1.639906660291803
18 1.7174368307813752
68 1.778905514065374
12 1.7872872644883426
83 1.8327215191812043
63 1.893260305586668
57 1.8947705348043513
84 1.9376875625738275
79 1.9569989029636767
76 1.9665551253211806
86 2.071176953457897
74 2.1000256954206935
14 2.163629351256328
73 2.203997136777445
82 2.2788745407283972
75 2.283290400125577
5 2.288143946213324
93 2.421022051459774
71 2.47333188368736
45 2.5153034478881082
72 2.5241967306311373
80 2.528071589661585
10 2.5794484604680736
88 2.6900173122960163
65 2.710511204924926
99 2.8341865064232934
89 2.8558333041603414
11 2.979359141609943
15 3.102334012795339
62 3.215886011534883
91 3.5756871220658626
100 3.600082830804922
4 3.6386625698096076
85 3.6787817799652918
9 3.696703228459795
94 4.128958720537501
96 4.21233597779203
2 4.487289104544023
92 4.4985485743422835
97 4.776331463188689
87 4.893333024863048
90 4.956466983211436
3 5.87102874672286
1 7.524342983454015
0 23.604902696580456
