0 -1.7223818084925848e+16
90 -8027437544958017.0
87 -7960105502421291.0
92 -7431661126283772.0
97 -7145269465303768.0
94 -6920013962579242.0
96 -6484778412533202.0
91 -6275224829127723.0
85 -6250046270890533.0
100 -5686971197536027.0
62 -5591062042030752.0
89 -4951062674773217.0
65 -4861583998526267.0
88 -4736562827144723.0
99 -4596330575649596.0
45 -4550551984186301.0
80 -4493655123780119.5
72 -4236891195072240.0
71 -4193321623896517.5
75 -4175221015302259.5
73 -4149830852548805.0
93 -4111577673146822.5
82 -4036590363632500.5
1 -3845236774235738.0
86 -3832024463091122.0
74 -3798244984050675.5
79 -3771861924194641.5
76 -3675303519516125.5
63 -3558474735436272.0
57 -3500236686657543.5
84 -3494345504956566.5
83 -3305519403973468.5
68 -3233768425646812.5
48 -3155142467320227.0
41 -3101398835963715.5
69 -3060963632953738.5
95 -2794009922936015.0
44 -2708534054426134.0
3 -2699979361540131.5
70 -2376154533178485.0
54 -2302252161072924.0
67 -2070379252813369.2
59 -1828564087112361.2
53 -1813220929142107.8
50 -1738718500081795.2
2 -1713414298324140.0
77 -1598180618052743.2
51 -1561560770188428.2
58 -1549061206302904.5
66 -1494976728245211.5
9 -1451782257661372.8
81 -1441093302836567.0
78 -1388071649176361.2
61 -1362024578391333.2
55 -1348504871597428.2
52 -1330474556500513.0
49 -1299871730906308.8
15 -1214912629906530.0
4 -1141688284011622.2
39 -987567089468434.8
64 -975962347606449.6
37 -974583993261370.0
34 -903966009757451.1
30 -780818878332918.5
29 -780269457927714.5
60 -749523295417162.9
11 -704169068834459.5
28 -703376012561027.5
47 -699091092742841.1
10 -556909833997811.06
56 -493131368672035.44
5 -395730369409331.6
46 -389289476898952.1
40 -387885393671389.7
32 -342113499543923.44
38 -342074117924923.9
98 -329906045518714.3
14 -297228329003028.4
31 -288370770871647.0
25 -268644824658919.72
35 -264603711202218.16
16 -255133622788504.66
17 -225060979386390.6
24 -213282960182226.12
12 -205161120378748.4
43 -205019232827471.62
36 -182315039148132.56
18 -130888818362387.25
7 -130302135780323.12
8 -129209701959651.33
26 -128279365419321.84
22 -113753938767388.78
42 -107024689869999.7
27 -106244351610058.36
6 -95382187889798.92
21 -66797041889203.3
23 -51737917088517.72
33 -50478488905126.09
13 -24668660745371.69
19 -23623270211016.336
20 -15440125174341.037
