0 -1.0038018034043768e+16
1 -4546320103492704.0
3 -3887343016216766.0
2 -3300427894543964.5
9 -2917233915891726.0
4 -2917024294137522.5
11 -2618946606826253.0
15 -2579480296658155.0
10 -2398610429915178.5
5 -2239296941803511.0
14 -2179312979441772.5
12 -1943091549041880.8
18 -1908003599685571.5
8 -1857324147823215.5
6 -1748200793672481.5
19 -1610752641763661.5
20 -1469031259492856.8
13 -1379047614568184.5
22 -1333580406590643.2
23 -1277523577776867.8
21 -1229508241973078.2
33 -1131354186225249.0
7 -1017934479917502.8
24 -979314194378447.8
17 -967259296077385.9
25 -949756179639195.1
16 -947373688277168.9
27 -895129945025884.1
26 -845788158176324.5
42 -729347581190530.5
43 -664403618756404.1
35 -645364264126548.8
36 -636029852295439.1
30 -624477332981795.9
40 -622346186627203.9
38 -598556368975701.2
29 -594858200768377.1
46 -543348202907413.94
37 -539145664762502.56
31 -535996322496835.7
32 -501464303715358.56
56 -482934526498098.3
98 -397840077358664.94
28 -367003539584061.4
47 -359764733527179.56
60 -354625282599158.9
78 -317660874518384.25
34 -303902376384164.44
52 -285093420448640.94
64 -266944482946756.6
39 -262491079700785.8
51 -260183981928756.3
54 -254395288758895.25
66 -253786093133014.56
49 -244071587867275.28
55 -234572672825505.62
59 -198644694649575.06
53 -187063889171419.72
58 -172915674050614.03
61 -170315378584474.94
50 -163438090109733.5
77 -153808161272177.44
81 -145644106263930.44
41 -132932099690276.33
48 -132487164634782.3
67 -122634609198783.86
69 -118383236712017.28
44 -115803816146640.8
70 -112438625059956.33
97 -106131115118738.64
57 -105634794207531.38
63 -87661668017857.31
74 -82196593406924.42
95 -67573325679367.586
75 -50463460019396.89
96 -47644138596727.26
90 -42870306503150.27
79 -42788185362321.914
80 -41610755826751.5
87 -30873591059911.48
88 -30332320291907.168
45 -29707292620735.645
73 -27523048958203.016
86 -26610221580552.117
76 -25068550016302.67
84 -14977297721508.012
92 -14114607452679.156
100 -13212176299916.42
68 -12497923555928.303
83 -11057559460400.95
62 -4120945656438.787
82 -3918446735673.0884
94 -3853795076155.5093
65 -3388785118824.9004
93 -1515795531636.8447
91 -1264122775873.5066
71 -1216718836554.5383
85 -1120869411219.3247
89 -452014725067.3837
99 -207837182758.29028
72 -91333520467.88683
