2 0.02248210386301558
3 0.02378813518958594
4 0.038556195142181476
9 0.04252976825787923
1 0.050889794939591365
15 0.06424810396357121
11 0.06733165763740875
10 0.08741243301374081
5 0.11060814123337963
14 0.1273698606343328
12 0.15775825076419775
18 0.1790308130239478
8 0.1826778224223935
6 0.20137615623680616
19 0.2579771768713611
22 0.2679119515006089
20 0.29538228105051434
13 0.33048799781382915
33 0.3331171229219
23 0.3695783928764544
21 0.3852854661706242
7 0.4500154915906511
27 0.4751195247593787
24 0.4926861517284657
17 0.49624243368744153
26 0.5012384694013611
16 0.5104387341026457
25 0.5177767845492882
42 0.5582507473984644
36 0.5857714444850424
43 0.5910153994389294
35 0.6039652095419086
38 0.644033017135205
40 0.6581100521948822
31 0.6639043344411526
32 0.6906181042054855
46 0.6961685019900555
30 0.7274882909211765
29 0.7338680037390158
98 0.7420520181152249
56 0.7486815333486123
37 0.7945467852052309
28 0.8374262185971045
60 0.8483088348110683
47 0.8658430504911118
34 0.9086300061259049
64 0.9313247611631802
39 0.9457988519829994
0 0.9642308437311641
78 0.986582844505122
52 0.9903729496973702
55 1.0211526831396034
51 1.0588461375747926
61 1.0730576588677174
49 1.0791095105765143
66 1.0928188256370772
58 1.1170855499522052
81 1.1219965449237654
53 1.1228434914670706
50 1.146500429756751
59 1.1487332031677284
54 1.164761194375781
77 1.1694734475121655
67 1.2907720168889436
70 1.2954493967664633
44 1.3198297026373191
41 1.366719484458195
69 1.370140190168764
48 1.3779387299803545
95 1.4054353312631258
57 1.4546863031639798
63 1.4769469482417563
74 1.5280670832940386
79 1.5759733511363054
68 1.5774044944132648
76 1.610334400558303
83 1.6121155134771852
75 1.6158050444536889
86 1.6310019141650642
84 1.6447903413517355
80 1.6824115847615506
73 1.6993789338977787
45 1.7040366900019628
82 1.7379463542118405
88 1.7381379307709988
93 1.8130861089633623
65 1.827300949212002
71 1.8329042516209728
72 1.845775429934416
89 1.9141916213112549
62 1.9268423886239
99 1.943398026744378
85 2.088041613967057
91 2.091007976883085
100 2.167468182511297
94 2.198392975811858
92 2.3090105195655912
96 2.339788818843731
87 2.423624925047748
90 2.458214156597071
97 2.48966699500751
