21 0.28069379827853613
23 0.2989661650817479
13 0.38988488274804234
7 0.41604660049881886
24 0.49691450176681534
17 0.5069293380092086
20 0.5378717099650775
16 0.5571113335666231
25 0.5791170595115394
27 0.8040376541518861
19 0.827023812603143
26 1.000903180425253
33 1.0755666020491528
22 1.1564433788026096
6 1.3924938107658142
8 1.7144859202251712
18 1.8399542688582424
35 1.8476401196202046
36 1.9531465112631146
43 1.9643740324308472
30 2.101314346032299
42 2.128489000377585
12 2.1762231719984664
38 2.201691220888886
29 2.2356167263436575
40 2.3769310761993707
37 2.7987261435512685
31 2.823922312632708
14 3.0492433584984457
46 3.0921798208499722
32 3.1110441319909476
5 3.5011664195402146
56 3.73158100183081
98 4.229309936867716
10 4.394363217593503
28 4.793388619934822
60 4.8822328103890555
11 5.545065060127174
47 5.601759226687673
34 5.666617411200787
64 5.797953206009515
78 6.07151983483902
39 6.195615129662384
52 6.322097319775479
15 6.390057834592269
55 6.877116071404864
54 7.357551606835365
51 7.410560740311879
4 7.76642172447049
53 7.893925129144662
61 8.069011871610863
9 8.198546420503007
66 8.72819826190154
58 8.837240277906332
50 8.92246806990811
59 8.976506125417107
49 9.088164195006184
81 9.257025550234255
77 10.256386196970574
44 10.663262370126846
41 10.691462120091531
2 10.706470822652555
69 10.998049518474422
48 11.13695363039813
70 11.228718543146565
57 12.014210207250015
67 12.327897993214052
63 12.6223777184444
95 12.980041723474894
74 13.256571116933385
75 14.998316613979084
79 15.349805006064038
3 15.640028044481108
80 15.98937425989088
76 16.580393269722965
68 16.69540492477685
45 16.698592132388
86 16.74084747355494
88 17.03160190925354
83 17.801601390091957
84 18.459763327851643
73 18.518264997385213
82 19.490773952059307
65 19.942662418705773
62 20.854592240569477
1 21.708538875552325
93 22.144316674474243
89 22.57633291832287
71 22.650805325176144
72 22.75718779168467
85 24.450814584853386
91 24.949180442446796
99 25.172562057799126
94 26.21698417890249
92 28.645462919180083
100 29.68126699204187
87 31.201802267852717
90 32.3137912127545
96 33.14129584899091
97 36.08834837801721
0 85.7503493950275
