97 0.9829281912981842
96 1.2071638035246912
90 1.49362890206298
100 1.5321378719550238
87 1.6401703744032827
92 1.9226659978489609
99 2.0626526441488493
94 2.2303156989624866
91 2.2640560215967565
85 2.3976917168087684
72 2.4085464483317587
71 2.4289247965908136
89 2.5007635573371068
93 2.506988046432255
82 2.9966732339270834
62 3.008517404271369
65 3.0163556405510326
84 3.1597591813168004
73 3.1934203520688875
83 3.2872683998993595
68 3.5402019346425635
86 3.5871503606344946
76 3.6051847803519794
88 3.7885498433770293
45 3.789776228669758
79 3.929429883615039
80 4.020876276754528
75 4.19673951142748
95 4.468489500250422
67 4.66305736410475
74 4.69843387640937
63 4.8012230141177366
70 4.989701725294727
57 5.042916163160226
48 5.19130425543381
69 5.249312799896941
44 5.261437379632658
77 5.339522989163531
41 5.41297509054445
81 5.700110339681264
59 5.780526874339342
50 5.804461162040889
49 5.832784331947939
58 5.843046549648403
66 5.909992745708988
61 6.158562794826459
53 6.2565432171966515
51 6.441954635795402
55 6.698584366756748
54 6.762652579239861
52 6.953461967416662
39 7.0677218312462085
78 7.103253688345594
64 7.259618874577544
34 7.368650287988121
47 7.500114304482896
60 7.838231851303354
28 7.921310565251804
98 8.537749126207393
56 8.739621634282951
46 9.280267849706666
32 9.315157223797028
37 9.460212748704864
31 9.584540537683566
40 9.884967668940865
29 9.9700593411098
38 10.06466101715789
30 10.16632971518774
43 10.530424635806071
35 10.547318168237535
36 10.592070717155153
42 10.7001309413524
26 11.979822499207375
27 12.423234048290901
25 12.699902304384878
16 12.717812305504344
17 12.876962366148884
24 12.949166203542099
7 13.292184779645455
33 14.333732230995825
21 14.743170065932665
23 15.062052722094313
13 15.775784921935273
22 15.870415991561378
20 16.428201772706394
19 17.360802833903993
6 18.402171336113557
8 19.06356958122468
18 19.363798610795822
12 19.74556475318335
14 21.124385388325813
5 21.593377034685933
10 22.58021941222301
15 23.85962241445977
11 23.91335065470141
9 25.776887173940498
4 25.879707895219614
2 28.231651536711706
3 31.758547327277473
1 35.66259178297693
0 66.21588728643334
