97 1.069221741638082
96 1.469813036518316
90 1.9064726591958425
100 2.1522110446333373
87 2.197929090133602
92 2.785379599224511
99 3.4114599054339707
94 3.464380054044415
91 3.5724189494853436
85 3.8762085843545457
72 4.233110588503173
89 4.28078513087014
71 4.295325381574882
93 4.480160791834511
62 5.341188156826544
65 5.471452606093026
82 5.5946438431591865
73 6.023792292576982
84 6.13677888742549
83 6.509648764853589
86 7.032760823042196
68 7.1231879471637525
76 7.124344968008541
88 7.329405393847795
45 7.376118821962723
79 7.903784782697495
80 7.946451380559061
75 8.45870447975021
95 9.561839981992902
74 9.797630641339238
63 10.138688786780643
67 10.390384797839868
57 10.761912157068469
70 11.05200136746002
48 11.261450210334639
69 11.44393869376303
44 11.596043794042416
41 11.844819498193843
77 12.390217923534525
59 13.38617226654893
81 13.423030535044095
50 13.476673371263036
58 13.717412436353124
49 13.909827519368536
66 13.943980143110315
53 14.618525136921937
61 14.662739049919113
51 15.283873858050933
54 15.693771591077013
55 16.095072225560376
52 16.818976297100054
78 17.150118330448834
39 17.379027968747806
64 17.906086184269835
34 18.271600138129244
47 18.876210152774707
60 19.739093223365433
28 20.004994858998952
98 22.23417557849275
56 22.508051472069297
37 23.933690309864684
46 24.175258752297538
32 24.343818545582756
31 25.192307085553416
29 25.5449626437618
40 25.871046151260042
30 26.092546333655342
38 26.434807531515165
35 27.93947422101568
43 28.041835750392842
36 28.267021545791494
42 28.83700555133083
26 32.35986207955167
27 33.71570763140302
25 34.01740367157443
16 34.12076065542999
17 34.649663439180735
24 34.865503685591214
7 36.129217247161336
33 40.402807248860526
21 40.534689662963025
23 41.536962949749004
13 43.84403470574316
22 45.22046786788484
20 45.98691015750734
19 48.95101098844806
6 52.590609913673305
8 54.6666214228115
18 55.53474426962035
12 56.97242298689959
14 61.30762688532181
5 62.9865460050339
10 66.304621089144
11 70.55487883290506
15 71.2743132711663
4 77.2550335876865
9 77.412623136455
2 85.20583311670798
3 97.11833581245811
1 110.34614542627993
0 216.05093417877225
