78 0.2169385016074346
52 0.24073906798888092
51 0.24442695429999833
53 0.25466131603555037
55 0.25843315529935484
54 0.2863037705187241
59 0.30983473284651997
50 0.317622393790556
64 0.318195796515952
61 0.3292808966529131
39 0.33030174907821264
34 0.3470079859949463
58 0.3483662200952998
66 0.3580354052379058
60 0.4061434769465252
81 0.4119657111852428
44 0.414413450930385
28 0.42867273337129663
70 0.4547657971665195
49 0.45652867602866454
47 0.45898683558542247
37 0.4631397735071605
77 0.47241145924754874
41 0.4749755660828922
48 0.47672123172914765
69 0.4802457941587516
29 0.5766226131269975
56 0.5782501701664673
67 0.6131454546163126
57 0.6214220734768771
30 0.6218042508154061
95 0.6338936052995527
63 0.6614916222222216
46 0.6927595303798487
98 0.7189153679807758
32 0.7385145280191506
40 0.7550764539497253
74 0.768636714752353
38 0.8053309689469067
31 0.8064850904980004
79 0.9174070106707268
35 0.9570544230779082
75 0.9584336604924814
43 1.031540116168476
76 1.0639520265708908
36 1.0726570766041916
68 1.0861302698066166
86 1.0949274142390906
80 1.121272350006567
45 1.1825403334328422
83 1.2329412149369545
42 1.251795283005946
88 1.2694716603999119
84 1.3167097965905687
73 1.320568458019537
26 1.421932945206032
25 1.4479608353029711
16 1.4640844277095928
82 1.4763994049478653
17 1.5361846391052771
24 1.5665682086454706
27 1.5721334751346119
65 1.596471361485051
7 1.7677307600876098
62 1.8358410762117854
93 1.8745969206132498
71 1.9554037661165744
72 1.9754550861117703
89 1.9778582760743784
21 2.347525976551983
99 2.3775729300791073
85 2.4182231811667743
91 2.447820124099199
23 2.4971628523281884
94 2.7866330158651276
33 2.812717137247514
13 2.8630639814919236
100 3.1880700800261073
20 3.2216426673984437
92 3.2333402234396678
22 3.533036974760221
19 3.714754951333142
87 3.721482351600081
96 3.8610833648012175
90 3.903981392776369
6 4.447939264347767
97 4.476639255498199
8 4.809832996867129
18 4.937487414958569
12 5.279852778015258
14 6.069491562521075
5 6.46095306940123
10 7.176670433298987
11 8.02251690366888
15 8.635352663273299
4 9.576248506858818
9 9.886374850642133
2 11.466954903123558
3 14.39826581237093
1 17.75110825029367
0 48.380737656797095
