0 -5553215616696238.0
1 -2328884510962036.5
3 -1944178692731420.8
2 -1612671747480008.2
4 -1404703988533542.8
9 -1362639461773112.8
11 -1235903414948832.5
15 -1184111341841046.8
10 -1112480551054294.9
5 -1030161006666347.0
14 -994882569800736.1
12 -872742693300499.8
18 -849616155706990.8
8 -821272862943768.8
6 -763519409632075.5
19 -690305692566331.0
20 -617916076165790.0
13 -571069064672919.4
22 -542794624336224.7
23 -518520125349898.25
21 -494187367326883.25
33 -431122601748722.2
7 -387855194023084.5
24 -370951384878546.8
17 -364224403549667.8
25 -354553367639805.5
16 -353789072363302.6
27 -320300575402709.9
26 -290928453326463.56
35 -207935060897039.28
36 -206953585361587.75
43 -202442083575605.8
42 -201573882023864.38
30 -200726393799401.62
97 -191461871717751.28
29 -188428720472973.22
38 -182552380999668.44
40 -168742909906012.12
37 -162957443863049.16
96 -160690921333268.38
31 -152690265891971.4
32 -138852687407352.02
46 -135694982549549.81
100 -122010921085523.73
90 -120689833456874.48
56 -109813826433104.33
87 -105201259468762.77
98 -101155744623353.4
28 -78342776373688.5
92 -78230206396279.16
60 -76571355157694.31
99 -73544853230760.34
34 -59016721482969.59
64 -58946327195094.22
47 -58273488159014.54
94 -55397177227802.805
91 -53125840874471.38
78 -51349831381234.49
39 -49968106560928.24
71 -49233761108156.89
72 -47483244863696.09
54 -47201807037221.414
52 -47044538818555.86
85 -43682402891820.15
93 -43631035926949.92
55 -39315613701989.445
89 -38176287452436.445
53 -30067118496388.215
51 -29796041979052.754
61 -24558684411977.324
82 -19099875800042.516
62 -17834287412693.344
65 -17237795612414.031
84 -16324721368221.37
50 -16192335275826.316
58 -15788644444820.807
73 -15659418135148.34
59 -14088301578733.092
66 -14054630670408.006
81 -12761084574168.742
83 -12012911664385.56
41 -11375550792623.521
49 -10893084934419.387
69 -8603675957176.529
44 -8393664931969.104
48 -6890351721760.712
68 -5822329544109.543
77 -5584724027294.481
57 -5399969932885.075
76 -5018099885165.476
86 -4958686824568.558
70 -3272665157719.7197
63 -2746612881814.809
88 -2176689859249.7505
45 -2163913492970.451
74 -1881839288846.4321
79 -1278261218040.8833
80 -539259315401.6589
95 -260732312457.3737
67 -143408036176.60962
75 -29320957361.42068
