6 0.35753325385692325
8 0.39507788995293935
12 0.42328680028100896
18 0.44042544102722553
19 0.5124391758008744
22 0.5337605253731076
20 0.5946884793573092
14 0.595145254675291
5 0.6648561809944296
33 0.7449531786963635
13 0.7475428447759831
10 0.8744031781635013
23 0.9307547176946354
21 0.9952556632278444
11 1.1714956078077572
7 1.262475655029719
27 1.346893138481165
26 1.5161985468717818
24 1.6276563500637033
17 1.6332736881744558
15 1.69557034737871
16 1.7399364062816562
25 1.8252719144876188
4 1.846095051362392
42 1.973598070221167
36 2.1313117726905886
43 2.1637660729368773
9 2.1988046739582274
35 2.2525429273439705
38 2.57011038280093
40 2.668962940960912
31 2.744164861727446
2 2.8614738441013414
32 2.9570452690691864
46 2.992647466933537
98 3.436398331959182
56 3.437880807615827
29 3.487478443216996
30 3.493213946395851
37 4.084106451811638
28 4.228592416322968
60 4.327835077773276
47 4.503642449379384
3 4.705412321099948
34 4.898094924817417
64 5.152328691943499
39 5.268430227645951
78 5.668644782200462
52 5.710456805654111
55 6.01451101444405
51 6.384872966978137
61 6.5482506036846875
49 6.584310975013445
66 6.725423346128991
58 6.978444493055773
81 7.029989734357995
1 7.052770968782732
53 7.167149344544912
50 7.3065096045293085
59 7.311583210661124
77 7.52042303114305
54 7.908819935600647
67 8.822929890905003
70 8.904763444419984
44 9.324614654791983
69 10.030285656426182
41 10.056400860524883
48 10.068054303777824
95 10.199999224077814
57 11.100102118058606
63 11.291007124349026
74 11.973145350017791
68 12.117705213257679
79 12.22071240123372
83 12.480460628384314
76 12.557669510917277
86 12.846650669822655
84 12.864814654523395
75 12.931598605701078
73 13.560524500455385
80 13.792585969490187
45 13.95837610385207
82 14.031153256191274
88 14.462270759784788
93 14.856259328482718
71 15.082338428469095
65 15.252219601156805
72 15.26046772592179
89 16.18955444668851
99 16.440395080458643
62 16.691912681926024
91 18.489305708400373
85 18.62045920582538
100 19.225438399108317
94 20.097156231361097
96 21.4216734392146
92 21.485406306922055
87 22.937232336036278
90 23.301326766453638
97 23.390557797841797
0 35.64743440268766
