20 0.22704295941959038
13 0.22815344754927122
33 0.24426328232603386
23 0.25454079648442973
21 0.26211965073398363
22 0.2827719430925893
19 0.31341741365269943
7 0.32269136547470856
27 0.36436498839336995
6 0.4353640529961624
26 0.45938668359406615
24 0.5160821525612896
17 0.5180001734940456
8 0.5745536496966828
16 0.575571692014589
25 0.6247254223152792
18 0.6463504559868635
12 0.7426534709411218
42 0.8078504689754105
36 0.8613680322223785
43 0.8799369791451336
35 0.9148594393495892
38 1.1234542369014249
14 1.124817092097023
40 1.202276880537606
31 1.2845098834889197
5 1.301468051195442
32 1.4376068846721766
46 1.4586922704249663
30 1.6718015658699512
29 1.6742759801570672
10 1.6890381469337374
56 1.787780775300801
98 1.8305064584235413
37 2.089796077960627
11 2.1917052280804965
28 2.374026493324954
60 2.4413809793998684
47 2.6321913915390445
15 2.707205998439193
34 2.87986236132822
64 3.043512742663193
39 3.1648858808556417
4 3.1999578658319376
78 3.417277630500439
52 3.464534494255092
9 3.507775831075732
55 3.718528031019695
51 4.023539181996221
61 4.183317997184081
49 4.345241459834432
66 4.391572451128268
58 4.557001095905873
53 4.558922182475918
2 4.571867300136342
81 4.633992705510939
50 4.776243213580029
59 4.79717723269635
54 4.969399102506866
77 5.071760736294208
70 6.0916993528049685
67 6.167961842967123
44 6.280823610028892
41 6.752110096871355
69 6.7737855674604095
48 6.822054774258164
3 6.9172204324749975
95 7.129115050382761
57 7.589677793637193
63 7.7922370536294645
74 8.305283564720414
79 8.75397524546488
68 8.847588929503475
76 9.130280496940818
75 9.159393062324712
83 9.231122920197333
86 9.331100796819392
84 9.572901766656155
1 9.817541463820827
80 9.840734971614937
45 10.049574733064313
73 10.056056478708953
88 10.41088320916203
82 10.471335831944803
65 11.332023495375742
93 11.362879314242958
71 11.58523073286916
72 11.704068814473617
89 12.302190829668767
62 12.383205749347452
99 12.801936363218585
85 14.13661489362661
91 14.147230835057098
100 15.258563399478525
94 15.347280945192413
92 16.594561057754913
96 17.186970974093636
87 17.90557288726853
90 18.306041268997074
97 18.885010893281105
0 41.6608877281324
