15 0.20505540668727779
9 0.3509495548247696
4 0.7157064849014287
2 0.8514996270711638
10 0.9238402369890933
11 1.0118220129561157
5 1.2305028850761273
14 1.6741256037905383
12 1.6816033654356635
3 1.7679242726773157
22 2.114141528820599
8 2.1912177053904704
6 2.2625463109560027
18 2.3878342908628913
33 2.971141104161293
1 3.4472818437468202
19 3.713099793943445
20 4.218401599363209
13 4.920696576471777
23 5.628139925299828
21 5.834088200910017
27 5.904012875324795
26 6.272339887025871
7 6.378394451180189
42 6.525016136981706
36 7.360127129098695
43 7.509196766472375
17 7.673219774885045
24 7.686351123218213
35 7.967188400059344
16 7.991549677616348
25 8.29283127147894
31 8.69929113102455
38 8.790531624350072
40 8.905282358124845
32 9.061401691755684
46 9.279598491059838
98 9.681434397821624
56 10.169541412044703
28 11.902865467434966
29 12.054775661066074
47 12.105239924598962
60 12.153579986484031
30 12.27299745930961
34 13.314861903985573
37 13.52308377764003
39 14.142437631333884
64 14.218541460880779
78 15.35774424810907
52 15.428345889496427
55 15.877321999320031
49 15.964563822236462
51 16.582130448843053
61 16.701206099635677
66 16.747690025737512
81 17.15866069876218
58 17.335185186206452
77 17.928438639473757
59 18.227958552345033
50 18.266959533406812
53 18.84657774137757
67 20.369174128124126
70 21.28427416492185
54 21.548028927067563
44 23.0643629213857
95 24.093905506809072
48 24.900526418229692
69 25.00695498814997
41 25.313984809109254
68 26.93874442771009
83 27.198729794385645
57 27.376865846827542
63 27.475981215911837
84 27.843574978692168
79 28.13114211968383
76 28.248810031249874
86 29.00238025343395
74 29.007697620977204
73 29.687396038756262
82 30.469517049554522
75 30.481513073240063
93 31.059504011570063
71 31.34183064568261
0 31.72346421557266
72 31.799738483194428
45 32.2009202801183
80 32.24633274408504
88 33.41597859628647
65 33.55899951096226
99 33.641797911966286
89 34.379373313858274
62 37.028453406516114
100 38.379537305828045
91 38.98834364331843
85 39.985137144024186
96 42.15435022054319
94 42.8559320792831
92 45.0755487763748
97 45.73228631672648
87 47.37995549963705
90 47.58262726448356
