22 0.17386067172580463
33 0.3496457342800786
12 0.6243300181643384
6 0.6276436773695976
8 0.7429904260025791
5 0.858256919113867
18 0.9267646565312901
14 0.9596345030700099
10 0.9948941588414465
19 1.2588146862416991
20 1.3677175767440424
11 1.399489328691283
15 1.4849185197953025
27 1.6123489338876285
13 1.6785600310495599
26 1.7669727657340093
42 1.7805412473486901
4 1.9421100917974332
23 1.9860475846664827
21 2.0485903328208046
7 2.0841105160718234
9 2.0916660961857843
36 2.2061401948518755
43 2.303556676307946
35 2.5819363763744394
17 2.8792414270603914
31 2.8914529800185464
24 2.909177007476219
2 2.9345423087454017
38 3.034128548574363
16 3.064258597606913
32 3.0894557667785247
40 3.106274000190183
46 3.245240232510259
25 3.2771467807414996
98 3.352775215357253
56 3.737741533678394
28 4.730263614156971
47 4.819071571275651
60 4.88798410490183
3 4.914559348261974
29 5.310120231299013
30 5.533962875425044
34 5.586956951238335
39 6.0824574352787035
64 6.164606520622566
37 6.275575943949773
52 7.027026108453767
78 7.039352195625657
49 7.213686195512049
55 7.256834670906257
1 7.519041742188982
61 7.686583713056292
51 7.767901794268553
66 7.784065996604548
81 7.925849005613406
58 8.114103118855095
77 8.444892713347691
50 8.78177750560289
59 8.803069229215694
53 9.32683919254321
67 10.083171286344973
70 10.832833812037437
54 11.631480141634636
44 12.263993023981316
95 12.769393407460301
48 13.725840248191107
69 13.799559040390832
41 14.110621440107751
68 14.567718281362522
83 14.704248793584462
84 15.191772044136949
63 15.58652866784304
57 15.607104509521495
76 15.674940199557646
79 15.749064474153284
86 16.27256600777783
73 16.72302842085829
74 16.771364956201918
82 17.12700339918194
93 17.414319357868855
71 17.61350929554226
75 17.733817901286653
72 17.927521696885133
45 18.925713105754955
80 19.07562028351934
99 19.22359764279781
65 19.614121631650303
88 19.91058366182569
89 19.988938241129258
62 22.43847171458848
100 22.676094967026057
91 23.63537864879168
85 24.47794599342208
96 25.425060709659096
94 26.729306332721052
97 28.04261238808453
92 28.335865564550613
87 30.012309888729984
90 30.054291747503267
0 40.46674517681277
