14 0.3188049562235891
5 0.35803740028903874
10 0.41353157204019364
11 0.4572012056036374
18 0.4652284258393889
12 0.4706194356640826
8 0.5288607894203373
6 0.66480468921737
4 0.8717525602738847
19 0.8875858062573856
15 1.0818522829299282
20 1.1831750255992277
9 1.264355099544165
13 1.4397970592680176
2 1.5625839969627184
22 1.6214427495585406
23 1.7673149179031933
21 1.9239497595302268
33 2.247871524970023
7 2.6989825813677446
3 2.932076060295232
24 2.9934796034095017
17 3.045832840671859
16 3.1765595255512356
25 3.211976677679875
27 3.2528431850043593
26 3.5729127805928234
42 4.6021945362806855
36 4.722766013412199
43 4.755634138585554
35 4.784743526384653
1 4.8160821409525445
38 5.227154567595225
40 5.425681715585031
30 5.555930231547233
31 5.690603894851218
29 5.712611164283017
32 6.030869598287297
46 6.045753424442938
37 6.3736468682007175
56 6.717395614461156
98 6.876640901685654
28 7.800711377907706
60 7.904682148438549
47 8.337649311707247
34 8.6740497500168
64 8.832816650869649
39 9.137981311898695
78 9.38102796012521
52 9.484963989485152
55 9.960776225502354
51 10.444065144714735
61 10.787698051643906
54 10.898056898941801
53 10.999779720446405
66 11.186739492410569
49 11.248488140142264
58 11.43564364834522
81 11.639840260550638
50 11.669478803550234
59 11.712556798705497
77 12.360231532777426
44 13.503353673720934
70 13.650192015932335
41 13.731290758865496
69 13.90908105656466
67 14.015692833676944
48 14.045507832222828
57 14.859538841154587
95 15.023196982641121
63 15.288752369847302
74 15.84769730569453
79 17.150637871591066
75 17.19117158889474
68 17.705280947543883
76 17.893206763373747
80 18.009701017632466
86 18.064276478614467
83 18.37776329752012
45 18.484044153210487
88 18.80262302562131
84 18.861394931171603
73 19.288258045366902
82 19.90716645111049
65 20.676940543006964
93 21.421354228519657
62 21.63640487085986
71 21.762029575542908
72 21.872347825750815
89 22.324064213589686
99 23.424419767205613
85 24.159014428340726
91 24.47611468580425
94 25.58215255558001
100 26.692945409863935
92 27.2747848203643
87 29.038925492221004
96 29.194465356690635
90 29.725340954020925
0 30.671461177608013
97 31.296002972481077
