94 0.3606429680341527
92 0.4702758326228827
85 0.5031178926894986
91 0.5705430844098885
87 0.7709434620057214
62 0.8845288637420189
90 1.0494768232974152
89 1.1130354149409176
65 1.221702767003658
82 1.7352324393712992
72 1.8247444670662276
73 1.8633286976161136
93 1.8971136184182045
71 1.9218628310938473
88 2.0243805618144775
99 2.0247022683944875
45 2.1225568728420305
86 2.267346516124058
100 2.2867732950897426
84 2.325259995055996
76 2.406541189491912
80 2.4785654135846924
83 2.5086960129507707
68 2.676535717402285
79 2.756316204519433
96 2.763190188721038
75 2.9222701249036396
97 3.3495547606142644
74 4.018358125155673
95 4.229931805874129
63 4.370056061654875
57 4.91486095175856
67 5.36455182297082
48 5.455418472481448
70 5.5695679864591465
69 5.61759001361771
44 5.859530941357016
41 5.97560011705817
77 7.065285107136615
59 7.791948358783089
50 7.87113878001905
81 7.956743587229408
58 8.171018778110662
66 8.462707291245286
49 8.571491043159027
53 8.917045768257115
61 9.080238445801333
51 9.692667502787357
54 10.028426540108375
55 10.544930525384652
52 11.299947673329013
78 11.694960939011777
39 11.926470350215894
64 12.475383768507987
34 12.912840456187542
47 13.575072035778728
60 14.52006051709329
28 14.82915503038879
98 17.29837921760803
56 17.73742025608376
46 19.712172891154083
37 19.89462464377424
32 19.90156477004363
31 20.9059533642093
40 21.894221726741097
29 21.938905699148272
38 22.600116220955922
30 22.677511212446714
43 24.50385987874192
35 24.51564605383354
36 24.782976680200093
42 25.291568992798847
26 30.331343114471483
27 32.200243086962
25 33.28103967684589
16 33.38126601013364
17 34.07261436397915
24 34.36554444632313
7 35.9008153181519
33 40.48462219123486
21 42.37214829714794
23 43.81410244674586
13 47.09185697977923
22 47.363076646041854
20 50.13784073476533
19 54.550936907626856
6 59.450880114624994
8 62.65127158457041
18 64.15615013022308
12 65.95882912386485
14 72.8268694902721
5 75.08459282063835
10 79.98085553654019
15 85.87058216672561
11 86.82978623159885
9 95.7923326215303
4 96.81066850887511
2 108.96489783115133
3 127.54119386306931
1 148.62723668363512
0 321.6322474726636
