33 0.13825109674000108
27 0.27900783721781847
7 0.33504936067279156
22 0.3460689156821138
26 0.3719791380793524
21 0.4196144222793074
23 0.448325595256063
13 0.4990390724719665
17 0.5617205857942323
24 0.5656121415978902
20 0.5767186715895632
16 0.6241134758068441
25 0.6878169451531643
42 0.7398605304741407
36 0.8133248137069226
19 0.822780665109236
43 0.8506310505206071
35 0.9035262816662671
6 1.0884125180956954
38 1.175212114551315
40 1.2886530732498438
31 1.369822374863797
8 1.3847488621580355
18 1.5457234846457606
32 1.5701457650719852
46 1.6187505143556664
12 1.6896963010490036
30 1.8876810774783013
29 1.8974075545138858
56 2.0636200893763674
98 2.1058931074002105
37 2.410623303410609
14 2.4570683447081527
5 2.7353467908384244
28 2.857902183113343
60 2.9521756083175834
47 3.25671054301128
10 3.3933675299511146
34 3.554258901104407
64 3.7475091805985405
39 3.942525722534886
78 4.2846026454376975
11 4.336474351048994
52 4.34739983703714
15 4.6377124100613925
55 4.685775141684208
51 5.148032021802583
61 5.3533865024340415
49 5.753520658861817
53 5.766950540524772
66 5.773630359087475
58 5.918169202765163
4 5.977211106971817
81 6.045549365017721
9 6.1187352472532845
54 6.164612986498585
50 6.182429546598439
59 6.248636055622279
77 6.732570097233768
70 8.034005947218219
44 8.127511383028192
2 8.194585587936317
67 8.33379573320923
41 8.623736635144352
69 8.70044931752231
48 8.823915751671613
95 9.43845615991193
57 9.744683871140445
63 10.07279818987834
74 10.727757358089976
79 11.6396979714942
68 11.95219883690805
75 11.955232106390236
3 11.95975026277912
76 12.269676130595263
86 12.522958173982296
83 12.608535320794592
80 12.854554032972862
84 13.143501059612625
45 13.217796558165679
88 13.654243582836552
73 13.712764760386541
82 14.250915720616664
65 15.224428189804177
93 15.804165559224678
71 16.150997663499464
72 16.27736215586033
62 16.475052148862027
1 16.64250458195029
89 16.797367981020965
99 17.977239593567273
85 19.042524831387276
91 19.248375015748334
94 20.647761741632436
100 21.517452396505774
92 22.452901718445613
96 24.227749577297885
87 24.35598460044889
90 25.04191030679782
97 26.53939724163686
0 65.94494776927021
