43 0.133262516596
36 0.13359743893299436
31 0.1355001653513348
35 0.1394500672696059
42 0.1401211529877723
32 0.1403513550676977
40 0.14146202779697062
38 0.14468289672408624
46 0.1453739612207723
98 0.1754687539366213
56 0.17546974999203024
26 0.19722639014694465
27 0.23066290627825592
28 0.26109833962050527
60 0.273274518624833
29 0.28438154773153296
47 0.2944984640824799
30 0.3109859511077019
16 0.33407509809028
17 0.34144175600145543
25 0.3450683488283744
7 0.34728645312521994
37 0.348661872334464
34 0.35118340289046057
24 0.35223000016009776
64 0.4005256078892014
39 0.41102836055859643
78 0.47679526901457775
52 0.48644081259333144
33 0.5039105799600374
55 0.5360044898157738
21 0.5448151723780416
23 0.5926159412315131
51 0.6015864429555742
61 0.6347277685064854
49 0.6487373965749912
66 0.6720393554032411
13 0.699040525678235
58 0.7142111920246675
81 0.7264956993988606
22 0.7496861517102196
53 0.7584086685532542
50 0.7764610909347391
59 0.7792248500921582
20 0.8045047992288089
77 0.8276592609952327
54 0.9154810746957941
19 0.9813426567918051
67 1.1120747930686443
70 1.112109719790653
44 1.1925819456100042
6 1.1958924758278955
69 1.344584894897453
41 1.3470473737664868
48 1.3482863610886227
8 1.352609729513542
95 1.4044179781520056
18 1.4244500336052084
12 1.518241485543735
57 1.574281836394419
63 1.6237874802056584
74 1.7692271302784022
79 1.8701757795581022
14 1.8753632968358982
68 1.8839049689219158
76 1.9706813711677833
83 1.988173197407796
75 2.007639385328893
5 2.0134774975411096
86 2.03077583965708
84 2.086085691444614
80 2.2048773683254606
73 2.2361900499995038
45 2.2638534667928725
10 2.3111311931612124
82 2.366804474355088
88 2.3701050742202057
93 2.626950519695736
65 2.63821208336838
71 2.6952796441507694
11 2.702643365935809
72 2.7341721115073616
15 2.8531154632607625
89 2.9312946546053333
62 2.9625921185964725
99 3.075132966381538
4 3.3732419545739507
9 3.4413277807956217
91 3.5067508764405964
85 3.5077766589264225
100 3.8632492413008346
94 3.8886918529689747
2 4.226269052143686
92 4.289264129882146
96 4.498786199378066
87 4.716028613872788
90 4.849486524005311
97 5.069279732551756
3 5.616820016659065
1 7.280384027480765
0 23.413354974608268
