98 0.1387380630572646
32 0.14128673672628192
56 0.142172243753758
46 0.14427547263709875
31 0.15553816307983231
40 0.1740208241974766
28 0.1835589925646074
47 0.18853411980207863
60 0.19202068570863845
38 0.19360349279845024
43 0.19926214722456786
36 0.20324900490568973
35 0.20848323515467101
42 0.20974242051349493
34 0.2389923901570096
39 0.2850888848622746
64 0.2978099065935905
26 0.331940672380734
78 0.347608264731519
52 0.35485299377654794
29 0.3636600054005143
55 0.382759567258079
27 0.38605388489828796
30 0.40860216345885914
37 0.41069354431804966
49 0.42241612456944183
51 0.4265823660282238
61 0.44849316057503474
66 0.45849145779769773
81 0.4941391414134215
58 0.49450286985684994
16 0.5339942886036504
17 0.5460445224599486
25 0.5489804396582377
59 0.5544808066239163
7 0.5569978037610955
50 0.5585739515500564
24 0.5619314186519776
77 0.565308803313797
53 0.6022213257840137
33 0.7317327538804347
67 0.7927821624020615
21 0.8189009004271199
70 0.8237608157408268
54 0.8458720370679981
23 0.8786203700950128
44 0.9615308427901048
13 1.006334743006717
22 1.0324544466518075
95 1.0953452074868937
20 1.128975945590949
48 1.1304222356791025
69 1.139453233702066
41 1.1663851172938449
19 1.3341236676230563
57 1.3715542616321341
63 1.3886514125556078
68 1.4640302371948428
79 1.514372894804027
83 1.532151169551255
74 1.544250173860511
6 1.5679431133647996
76 1.5695481606201018
84 1.6169481392353353
86 1.6410473758235147
75 1.7216306210284815
8 1.7433905165429004
73 1.77813196553514
18 1.826153893934695
82 1.8876892397936338
80 1.9166990416462821
12 1.9251556707100366
45 1.93361917583406
88 2.0600356367364996
93 2.0739293384190853
71 2.1262678159111723
72 2.169491883885699
65 2.18462908421958
14 2.3172159513621957
89 2.386652800830365
5 2.463585835487029
99 2.4648650271049393
62 2.5503044210083403
10 2.780011073770402
91 2.941874980533498
85 3.0020208654230593
100 3.1590168594154724
11 3.19901314057367
15 3.346170727285856
94 3.370711872637705
92 3.7188116780583953
96 3.724794421732328
4 3.9052851832704376
9 3.9697959267229925
87 4.0920559961456675
90 4.1829116540791285
97 4.247293974686592
2 4.798155433724125
3 6.236049511427265
1 7.944363150025335
0 24.217977883520476
