54 0.3517726763520954
78 0.7969437746747248
52 0.9733411446312393
53 1.0455553818083787
55 1.121333880749942
64 1.1823320657753709
51 1.2080656622791672
34 1.2854441583745404
37 1.2903852913622673
39 1.3368796271272505
60 1.3614600952880198
28 1.4154044126929974
41 1.437809381794761
69 1.7086447871668664
47 1.7352119344289711
61 1.7399443791679292
56 1.7452876103689388
48 1.7802769313691693
50 1.7832009191282514
29 1.8089845362621375
59 1.8178438734301254
44 1.8359941466611076
57 1.9546010697079632
30 1.982784405220422
58 2.0307686853996607
46 2.0677838491289693
32 2.1670864026461234
98 2.213084090860135
66 2.2136435016952514
40 2.3196947433024775
31 2.390956079489593
63 2.39993283263326
81 2.4564453981024537
38 2.484452433652895
74 2.5833054659417254
70 2.713344193571443
49 2.803280262537265
35 3.0143731940730194
77 3.0598487973023336
43 3.1846647673234063
36 3.289850953830743
95 3.6305140518335914
75 3.7103339667702877
42 3.7614580719980983
67 4.167956683299368
80 4.184011550949691
79 4.624607699618138
45 4.856613265813257
88 4.876578707394828
26 4.880818536612536
27 5.5472885808527845
25 5.675186616403927
16 5.722497887757426
86 5.8055750882589034
76 5.829911186274984
17 6.01764568540975
24 6.147394210968164
68 6.460051757779279
7 6.854919040484229
73 7.437827972729237
83 7.625736793875
62 7.802883798597067
65 7.80597207613505
84 8.117466033302822
82 8.336237267369704
33 9.556450333024372
21 9.715550010753464
23 10.411646939790714
89 10.576650963696967
85 10.979575583112243
93 11.395876719267504
91 11.730999146253303
72 11.904346018061489
71 11.909310828973538
13 12.043232829200267
94 12.133044638378603
22 12.719908034015315
20 13.607015094740111
92 14.373021419643088
99 14.381860467312407
19 15.935322641278805
87 16.812153824646757
90 18.124336867719624
100 18.414237314795688
6 18.696414984030774
8 20.502546270810587
18 21.34285983294273
96 21.56299195552191
12 22.42278273890071
97 24.313285532462785
14 26.472045337601724
5 27.876420331624026
10 30.92165332448746
15 34.89615182346224
11 35.2171804790266
9 41.216031033907385
4 41.73237838585498
2 49.887960371322016
3 62.800979675102234
1 77.93724354600626
0 213.56254724387736
