67 0.12913421793820878
77 0.14558568383765316
70 0.17445037716106268
81 0.19011233012641943
58 0.21033946667237152
59 0.21161652364013758
50 0.21810596867849633
66 0.2287976699026616
49 0.23389246697310095
95 0.25578937351009157
61 0.2794304928767367
44 0.33570117435131713
51 0.33671730825001805
53 0.3701943878592594
55 0.4012899205835929
68 0.4082621450079319
83 0.4549685991001657
48 0.46610084180569905
52 0.47701074987640024
69 0.48354111159357077
76 0.49904304110590225
79 0.5039449004056691
39 0.5164950377301681
78 0.51722772565506
84 0.5190052351626063
41 0.5587188924331935
86 0.5611528289128798
63 0.5870587091256378
64 0.5877361201548305
34 0.6131713072998564
57 0.6403014067735299
73 0.6552315427247359
47 0.7007347749981387
74 0.7136942405363922
82 0.719545524144608
54 0.7405720224389593
75 0.7556634039018287
60 0.7997827905606826
28 0.8346876784634213
45 0.8755357059567949
93 0.9070801208511665
80 0.9138392436883448
71 0.962775514022083
72 0.9897936881924538
65 0.9975943394996565
88 1.0096196814730918
89 1.1635346071311552
56 1.203852188231091
98 1.2080364067940628
99 1.2977508763684318
62 1.3768316629225879
46 1.4787131454780595
32 1.5142418868763718
37 1.5732681170253666
31 1.6638045507058556
91 1.7396656221730584
40 1.7624299339276561
85 1.7895166270252494
29 1.8021361234806075
38 1.8699416948100231
30 1.9301781902606843
100 2.0402489610378343
35 2.149738051058875
43 2.183974352783923
94 2.189755469852216
36 2.2316942562936375
42 2.3891469081442
92 2.5688542739720654
96 2.6820766286857927
87 2.998427458926225
26 3.0458096002104553
90 3.115025292516959
97 3.2892646713847036
27 3.3373512800036953
25 3.463088130470561
16 3.469686445957621
17 3.5813886915730113
24 3.6377508610486746
7 3.886753336165271
21 4.941107307694812
33 5.023267334487976
23 5.1892570645228995
13 5.759041213416502
22 6.225482989132089
20 6.297524963309802
19 7.072637754246751
6 8.061272164660297
8 8.638335079445596
18 8.876778790806393
12 9.292933230161019
14 10.531582492655785
5 11.04103868609827
10 12.046446581140975
11 13.31961101703757
15 13.77397467641863
4 15.448682363061712
9 15.643826133986545
2 18.04297211700054
3 22.055574903937114
1 26.638825126852023
0 67.01897445989843
