36 0.09007018134593435
43 0.0921429871040712
35 0.097628939210963
42 0.116967533737953
38 0.1200537249105674
40 0.12762519209884815
31 0.1289219013472624
32 0.1518315379901988
46 0.1628976973625338
26 0.16324669541559364
27 0.21180098110000722
56 0.24174430657525114
98 0.2541160490682387
29 0.3775998632502612
16 0.37939597734050223
17 0.38819513927849253
7 0.3910650326769953
25 0.4018169350051068
24 0.4067770392795401
30 0.4169306032688272
28 0.424189292866598
60 0.44788459040854545
37 0.5108845314972557
47 0.5215101479911537
34 0.6136450633130222
33 0.6829124325950265
64 0.6935640420082201
21 0.7192536946846382
39 0.732404863093461
23 0.8002799561023044
78 0.8606138144196942
52 0.8761443099576345
55 0.9770876771339794
13 0.9808762763266127
22 1.1040456884252152
51 1.1228028940116375
20 1.162757488888312
61 1.1831814778912153
49 1.2757561335056569
66 1.3013269073277802
58 1.358491383866787
81 1.3903352507394153
53 1.397706474185148
50 1.4703906392067372
19 1.4714026636714663
59 1.4860870755159705
77 1.6156155013277729
54 1.6905313156716542
6 1.860118345809274
8 2.1327916568604586
70 2.1381391135536734
67 2.1914350080378053
18 2.25534091089186
44 2.26511602631935
12 2.4340421635382934
69 2.548151244274216
41 2.5512223209116534
48 2.5748630961922925
95 2.701332879973977
57 3.000782757983642
14 3.0633590540224884
63 3.0975972359706154
5 3.319398806944178
74 3.3906805116017207
79 3.606619000394963
68 3.6503338923371715
76 3.817896545553756
75 3.852396319581523
10 3.8573020495199364
83 3.876303546961522
86 3.9379101706778075
84 4.084031800366703
80 4.244475136884988
45 4.354518745226294
73 4.365237332905491
11 4.5578426328732675
88 4.569947065965502
82 4.59633260525872
15 4.8816498931354815
65 5.0933017491499015
93 5.154044230633327
71 5.289731670923163
72 5.356365763511725
89 5.679943525127682
62 5.717421458686523
4 5.787046500603107
9 5.946888676370009
99 6.044852197093955
85 6.776531386107157
91 6.791574079104353
2 7.358402253661071
94 7.510624967657824
100 7.565760816284119
92 8.285739869843175
96 8.771090871131943
87 9.11166073735938
90 9.378009756446334
97 9.836524467524896
3 9.911450970035778
1 12.967515239458992
0 42.93521016887962
