0 -1.1425849832850558e+17
1 -3.92709232667494e+16
3 -3.0853616276342204e+16
2 -2.404226141147676e+16
97 -2.0735728492731536e+16
4 -1.9860592160256276e+16
96 -1.911996993375394e+16
9 -1.8137154869439176e+16
100 -1.7015408650599944e+16
11 -1.6695888415839136e+16
90 -1.4582339833246788e+16
15 -1.4239387581943466e+16
10 -1.4050305882189018e+16
99 -1.3952456792441708e+16
87 -1.3462362420168472e+16
5 -1.2599384421510962e+16
14 -1.2129953802554282e+16
71 -1.1784262962457992e+16
72 -1.1705825658996062e+16
92 -1.1670778999911542e+16
93 -1.1330864507471482e+16
91 -1.0198959345306212e+16
94 -1.0005637456258088e+16
89 -9859344143797274.0
12 -9654938232806422.0
85 -9438021623767772.0
18 -9435374987842248.0
8 -8788409737105409.0
84 -8446992306688703.0
82 -8281843377546913.0
83 -7903294976256090.0
6 -7748739142512305.0
73 -7635948960642348.0
65 -7343249830148730.0
62 -6926341515928324.0
19 -6781522577241164.0
68 -6733735595210534.0
76 -6096315621527879.0
86 -6052803666965028.0
20 -5524287319152416.0
79 -4911346779345796.0
67 -4868785671822138.0
13 -4794573122259083.0
45 -4725611405236670.0
88 -4643027927421096.0
95 -4163300404355569.5
80 -4090096610794468.5
23 -4025472696850550.0
75 -3785711192419803.0
21 -3673807335954129.0
77 -3545618354822838.5
70 -3304185509477545.0
22 -3280149219171672.5
49 -3084061287261428.0
74 -2815504862821066.0
81 -2768081127252506.5
63 -2722176889923930.5
66 -2592657745120323.5
58 -2381382131954313.5
44 -2333906032052645.5
59 -2284101183862524.5
57 -2270385334613392.0
48 -2244859738516134.0
50 -2197725310461211.8
69 -2143962393461554.0
7 -2070099915141503.0
24 -1955256487396569.2
61 -1920362820371229.2
17 -1908682714289857.0
41 -1840294560121775.5
25 -1824900060972711.2
16 -1810149792656516.2
33 -1770412277975238.5
51 -1459656926842081.0
53 -1368297143346188.8
55 -1197019756633184.8
39 -1090479518539226.1
27 -1085798000553953.1
47 -1046387620453870.5
52 -976392468994345.9
34 -876317722340071.1
64 -861702220913835.9
78 -807474652301756.5
26 -790097766920405.1
60 -610738258084157.4
54 -608885085441521.8
28 -584129934612817.4
98 -500045979822013.6
30 -377894930726261.2
29 -293979773788701.6
56 -281941574446261.3
35 -227063670607456.06
36 -186537549482015.12
37 -185845993643379.97
43 -175019932755310.38
46 -158127143105235.22
32 -156057579344325.9
38 -144258336883874.4
42 -136278296102371.48
31 -127452813135612.92
40 -122336719954636.11
