87 0.14653659590751775
90 0.16612921645564743
92 0.1727166709552858
94 0.2639041569395309
91 0.3281508854892835
85 0.3737740091262229
100 0.4686961332263362
96 0.48056021303385826
97 0.5660715457103509
89 0.5802871062571298
99 0.6161932866299846
72 0.7198231716337241
62 0.7310724312355423
71 0.7491294471748597
93 0.7802344453167842
65 0.833147345748956
82 0.9649544341172233
73 1.0762528933799713
84 1.1917393342790217
83 1.3050247015274283
86 1.3742972717713908
88 1.3763547205628734
45 1.4100641649778203
76 1.4169842256544583
68 1.4705447780266134
80 1.6018144695873942
79 1.6569869822702339
75 1.8079432575147307
95 2.3254229168837885
74 2.3281586516757358
63 2.4791906154996144
67 2.7103891012398265
57 2.7267143725663066
70 2.90815148279903
48 2.9517145617416674
69 3.0322014520418454
44 3.108205110474658
41 3.1945580848537265
77 3.498862905494892
59 3.89019592669161
81 3.91638659397585
50 3.9274592922789946
58 4.036383239137944
49 4.1448072214376
66 4.153968866583447
53 4.4342548800009824
61 4.450366470758982
51 4.716810603739259
54 4.923383409186247
55 5.0773774164645396
52 5.416259735314304
78 5.562539911080574
39 5.656724708269693
64 5.914182804348692
34 6.059011141910455
47 6.322861443509056
60 6.744267833707863
28 6.861073834929393
98 7.870215457435551
56 8.04106955541932
46 8.856486684967932
32 8.922243922299801
37 8.926580140292854
31 9.34642277121165
29 9.727390373308793
40 9.733483086815179
30 10.025586254646617
38 10.026484633175892
35 10.770797074065136
43 10.783127757320095
36 10.885275290797015
42 11.104058822486925
26 13.055329081987315
27 13.780309735619827
25 14.163888629224479
16 14.202411405886414
17 14.476545491492269
24 14.597710293226863
7 15.20384283119313
33 17.076183442683778
21 17.661008311214307
23 18.21587338565106
13 19.471719970945493
22 19.704516262510946
20 20.631146062842678
19 22.29048275678712
6 24.1871757123243
8 25.393169350484506
18 25.93949347468163
12 26.638245245733657
14 29.19283136517639
5 30.068214322311512
10 31.919905245606124
15 34.23503044671941
11 34.44574706588155
9 37.895702129609376
4 38.19691579667926
2 42.718747846281005
3 49.61336917515687
1 57.4220411924009
0 120.72810099231639
