65 0.4926951935606609
73 0.5058729374831148
82 0.539470632781551
86 0.5423301491782093
76 0.5497936900997605
68 0.6795904994304428
79 0.7157374154138475
84 0.7346411229141058
83 0.7367486522354395
45 0.8096006623676812
89 0.8108823500975708
62 0.8155862905934019
88 0.9565795324602538
80 1.095410286509871
75 1.1361700354548703
93 1.1755808093217537
72 1.2627212679166289
91 1.2718423342009004
85 1.272111550127741
71 1.3018351743312948
95 1.3604406941122538
74 1.7884425823163848
94 1.7991942935828134
63 1.8199665514229773
99 2.004196394931167
67 2.126974666027015
70 2.1328205876619437
57 2.2558291275567064
48 2.366038287802286
44 2.4551283168189393
69 2.4875229371616947
92 2.5098527548331453
41 2.8317741479864056
77 3.2570031424523496
100 3.3844811782270305
87 3.4297968525530536
59 3.6780441531708523
50 3.735950675332024
90 3.832652127111397
81 3.8682080151103166
58 3.9818035082236847
66 4.246447237174753
49 4.436277498857101
53 4.561239587567948
61 4.66911144146269
96 4.7075783034583525
51 5.107962976145533
55 5.777526089592074
54 5.808119167027632
97 6.052285432586425
52 6.374306133545926
78 6.689762703749004
39 6.9336779975172105
64 7.3636295094775495
34 7.745466545370941
47 8.408990422786916
60 9.099750921813214
28 9.376577142283544
98 11.718068662279471
56 11.906036171106514
46 13.636299029754996
37 13.714595932887736
32 13.843878110028385
31 14.73566580334563
29 15.46065699493079
40 15.484891025926876
38 16.112595611053017
30 16.1441188504358
35 17.853242003510612
43 17.92692554200808
36 18.205502906698598
42 18.847953915549546
26 23.14580559247053
27 24.849939252169843
25 25.68597241512404
16 25.767744559126676
17 26.40602434644917
24 26.685153820340886
7 28.126799754621118
33 33.14929478675632
21 34.139121400676686
23 35.4963345525703
13 38.60027597666828
22 39.648889849328896
20 41.509200463185294
19 45.71643566729233
6 50.58541701459497
8 53.63910990042444
18 55.032503202710785
12 56.92686942126355
14 63.505748934950624
5 65.83213055666114
10 70.7168599868182
11 77.35695356454579
15 77.50686418765856
9 87.1429295589502
4 87.46638046033752
2 99.80336848787051
3 118.70308375026477
1 140.1621345763023
0 321.1260183140231
