97 3870.434228296824
96 3909.024677239591
90 3939.2877906576787
100 3956.408771450793
87 3957.0404406944126
92 3996.0626896562685
99 4026.028607410415
94 4035.2036121218694
91 4047.8993305687436
85 4059.987808227387
72 4070.1840776092163
71 4071.1403077523582
93 4080.7713490021365
89 4082.214042645692
62 4125.676337230375
65 4134.392581713419
82 4136.620284238511
84 4150.882408466483
73 4152.135188894403
83 4164.276924329841
68 4190.920453672055
86 4192.075300192017
76 4195.521079256314
88 4202.252153519078
45 4204.803507817181
79 4222.522220928054
80 4224.060691043551
75 4241.5963157273145
95 4270.968620165287
67 4283.675149495078
74 4284.088316224755
63 4294.560038367103
57 4313.521952527508
70 4316.123158388214
48 4327.115093795164
69 4332.561677499094
44 4337.0892495832595
77 4339.5206695941915
41 4344.176479223323
81 4370.683496480877
49 4371.880424928595
59 4375.800299690245
66 4380.421227694466
50 4380.560514755735
58 4381.633575508766
61 4406.0542857897635
53 4413.452509595407
51 4425.033812279097
54 4444.217680821136
55 4446.203273020888
52 4461.268416780894
39 4470.615598040542
78 4472.915930788167
64 4483.542147461689
34 4491.0489708971245
47 4494.621223369818
60 4519.972780175729
28 4525.847089889556
98 4562.91253767188
56 4578.014446795073
46 4610.690071711729
32 4614.486236777821
37 4622.6700173138515
31 4630.03570697573
40 4647.782808541172
29 4654.433231946238
38 4659.747901311494
30 4664.9025786083985
43 4685.608761299139
35 4688.759691289262
36 4690.379475780832
42 4691.061528393725
26 4768.482933799788
27 4792.577280174412
25 4806.6377072345485
16 4807.672593928984
17 4816.0552658858705
24 4819.892942603885
7 4837.894808025556
33 4887.74028737303
21 4911.927392920018
23 4927.6055940027545
13 4962.50210080185
22 4964.522168360727
20 4993.875031104033
19 5038.01353284544
6 5085.083343906724
8 5114.945971242351
18 5128.618375289997
12 5145.456984081587
14 5205.3519664072965
5 5224.880505288665
10 5265.855652395985
15 5315.963114222452
11 5321.205345515625
9 5393.110395234546
4 5399.04041637359
2 5489.378346051986
3 5619.676603010564
1 5756.130120089656
0 6676.6396601435745
