54 0.28149906203523994
41 0.40079353710606164
69 0.5028014998026361
48 0.5252524982520687
53 0.568076153481197
57 0.5805428534258604
44 0.6113826426613924
63 0.75682058477557
51 0.8353302838624997
74 0.8429580977952617
78 0.8750159772246711
50 0.8994344788878055
55 0.905126686945597
59 0.9108445534929472
52 0.9112695622072249
61 1.049027798193584
70 1.100160661971961
58 1.1026497430910323
64 1.2103695278348592
66 1.2550789468676853
39 1.257940244490055
81 1.330736502018753
75 1.35015287718331
95 1.3905741976543298
34 1.3929299691175612
77 1.542339720859968
80 1.5985819705137034
49 1.653518932496548
60 1.6778950048276589
28 1.7651418595822221
79 1.7963520164549904
47 1.816501626558193
67 1.8993244734156352
45 1.9175147566966952
88 1.9505789270990255
37 2.121390447200573
86 2.4025644724494115
56 2.4132578691786395
76 2.435771335926585
98 2.696102454021016
29 2.7108309249817535
68 2.8064449667979456
46 2.8814312143712257
30 2.8864114656807267
32 2.9858394291407198
31 3.2454867018874465
73 3.2725385733763623
40 3.27268088606411
83 3.4218484424127094
38 3.440595106020651
65 3.464243631923302
62 3.5064123502178965
84 3.6804337888590655
82 3.7667510924484624
35 4.03442804883419
43 4.204051408493937
36 4.31274304600447
42 4.8016728271374145
89 5.001937436164117
85 5.2882628168098
93 5.459388209605039
91 5.7052500199043426
72 5.737482164361024
71 5.749770544646666
26 5.913424464032741
94 6.006867413057476
25 6.441187247154623
16 6.504183815713207
27 6.535529805116682
17 6.780702590990132
24 6.888881966958549
99 7.121101046070864
92 7.325625272006193
7 7.601688498708513
87 8.786048971197923
100 9.480441722438458
90 9.559758816638798
21 10.014964559976992
33 10.360413450534775
23 10.602695378573213
96 11.392181051298607
13 11.99966030940681
97 13.078766046468534
22 13.10933892836377
20 13.340955118361029
19 15.254662452763618
6 17.70081458470763
8 19.12639119223342
18 19.7358033669573
12 20.744401085209333
14 23.892174474992892
5 25.119071620352965
10 27.606595873287855
11 30.90659657144094
15 31.345169709523674
4 36.18902203649591
9 36.222999149017454
2 42.69162018128183
3 52.813546557131836
1 64.52811941137857
0 167.9425271241642
