30 0.27246393483253706
29 0.3072251119525702
37 0.3380419293840556
25 0.6649503106204726
38 0.6805822435784574
16 0.6916247202209156
40 0.6990530857894196
35 0.7039832869329156
17 0.7573707235447249
24 0.7789504627262773
43 0.8264205768003513
36 0.8585382632929005
26 0.8665646296211174
46 0.9078026837791153
31 0.9202324815771804
27 0.9489342335000748
32 0.9551277962237535
7 1.0014945479624806
56 1.029787642296474
42 1.0897133009644422
28 1.2661375188011061
60 1.2730380208689254
98 1.3593672953899818
78 1.437879625032306
64 1.4753463218006027
34 1.494586224272632
54 1.5157240048416456
21 1.5407909942032052
52 1.566169829843147
47 1.6216936871625178
39 1.6628781974852604
23 1.7032439736081555
55 1.7915016801528845
51 1.9755994776969077
53 2.015251283034295
13 2.1286136331541385
33 2.2100238689264544
61 2.323482872036293
20 2.567063259966683
50 2.5905770048789987
59 2.619175435491528
58 2.6457640555550204
66 2.6562733822451943
41 2.8779644090587326
81 2.8938758932313635
49 2.9380678977124335
22 2.9644041435794826
44 3.0562782379312066
69 3.0683276263634864
48 3.1475423256416915
19 3.1891680000611187
77 3.3503512129578508
57 3.409590380534803
70 3.5304541196310804
63 3.734479271666039
74 3.9488534015320296
6 4.146920334785482
95 4.245356072380953
67 4.249214237823118
8 4.646279334132101
75 4.80125493113682
18 4.8338307787230805
80 5.209797351808602
79 5.21799925060157
12 5.285198044971156
45 5.6272215881274406
88 5.708651284472033
76 5.924205510160078
86 5.946641588316601
68 6.1175254763327045
14 6.444368190122512
83 6.750735761288353
73 6.947449535541304
5 6.988056949551865
84 7.085939434185832
65 7.426278600888828
82 7.448100853279052
62 7.653088305387757
10 8.030813084104548
89 8.953769728556537
93 9.019270542638122
71 9.306934981546517
72 9.322733450355491
11 9.349855693531305
85 9.577805735872111
15 9.920565852832558
91 9.991330079422836
94 10.405257369876068
99 10.653528534932684
4 11.693335570482025
92 11.71956282659448
9 11.912569627758636
100 13.046242221929514
87 13.121652023890963
90 13.814214818890452
2 14.620808334205671
96 14.890961334746605
97 16.42930288903935
3 19.313381052343093
1 24.898574896041122
0 78.08011980751886
