25 0.21863155691229247
16 0.2242325113835414
17 0.2323118782589348
24 0.23473589880496992
7 0.30932701876802826
21 0.4544830617237565
27 0.47406603603468517
26 0.5149569603327242
23 0.5235281080680521
30 0.6424398136621573
29 0.7095615978178098
13 0.7281009156618196
35 0.7515034171997694
43 0.8486702285977933
38 0.8581572592309381
36 0.8611365866777708
37 0.9330495370104547
40 0.9418530993299258
20 0.96371488733854
42 1.0417524713167938
33 1.1595302974022998
31 1.1878730344894035
46 1.28778145707506
19 1.3150496787311052
32 1.3194741257792795
22 1.5071694430502447
56 1.57233966536124
98 1.8661649692733313
6 1.9533159424474071
28 2.038053857452753
60 2.069068270703217
8 2.2596322014364936
18 2.3620880662263244
34 2.4508649168665677
64 2.4668237467033287
47 2.470374012273236
78 2.6053234242417362
39 2.6986716961437214
12 2.7055999494235565
52 2.72159372276123
55 3.022956026215284
54 3.153219885319061
51 3.2997843264816504
14 3.4638157765102737
53 3.4887635204347753
61 3.6432086463569697
5 3.8786108850256005
66 4.018414123757504
58 4.067067214028024
50 4.0918846094624675
59 4.126884652990367
49 4.255866839599672
81 4.307041826807351
10 4.64680623325793
77 4.850186431784808
41 4.95497816605778
44 4.972432900954044
69 5.127820115050169
48 5.214341102846193
70 5.33609924341712
11 5.576529853514053
57 5.6835881060429125
67 5.9700603963259224
63 6.024886621295261
95 6.254063150685471
15 6.350176002266507
74 6.371964983357128
75 7.359919479005686
4 7.391206725625842
79 7.583185433705976
9 7.795881098454403
80 7.918821060024187
76 8.297492284507973
45 8.329349365852181
68 8.36756381469
86 8.372874229154169
88 8.512700744318352
83 9.005840307295472
84 9.388124307234113
73 9.422156390489617
2 9.710464338327249
82 9.967216876260805
65 10.211867896338623
62 10.722605225120846
93 11.508806471275124
89 11.753738562149408
71 11.80943318299946
72 11.85598167774493
85 12.824751857639733
91 13.151941098892717
99 13.254424172446896
3 13.485894075555587
94 13.865552706988884
92 15.299447647792498
100 15.910779214415312
87 16.81768348921734
90 17.48778611220043
96 17.964052680022526
1 18.015291348850134
97 19.70072759838194
0 63.812647152756675
