0 -4008516796634302.0
1 -2117257989134469.2
3 -1866519903557657.0
2 -1653531524562046.0
4 -1513398784446970.0
9 -1468860060829127.8
11 -1397007800664592.8
15 -1335891367269150.0
10 -1307601134816719.5
5 -1249536716878004.5
14 -1225442299700148.8
12 -1132400375460740.2
18 -1116730873570948.0
8 -1093694025716775.0
6 -1050416767956831.1
19 -994805394126658.9
20 -936518348316688.8
13 -897275732103484.4
23 -853947425372206.0
22 -844325310500280.6
21 -833812600031723.5
33 -742915482387417.9
7 -737207791808391.5
24 -722058010013072.5
17 -718616365897571.9
16 -709637064890095.0
25 -708912122930326.8
27 -661787672466399.5
26 -631141236914962.2
30 -554991973082453.9
35 -543094701256068.1
29 -539736553239521.3
36 -536810222724111.8
43 -533649095155334.25
42 -525242144648330.4
38 -516355597437037.1
37 -511890053042660.0
40 -501937481662931.94
31 -473705763965974.3
32 -456856785229202.75
46 -456418224748210.56
56 -422519666814377.06
98 -401306820902837.06
28 -381587990638824.75
60 -379702042717030.1
64 -353837237138421.4
54 -351412351510533.1
34 -350627362460252.7
78 -346536970177313.1
47 -346083521572796.0
52 -339491501665305.6
39 -335652142129935.06
55 -321552716511407.6
53 -308325946789745.06
51 -305616167955735.94
61 -288166541480108.7
41 -270586308969682.4
50 -269472079572609.22
59 -266819332372352.7
58 -266450327218157.7
66 -262401854736774.4
69 -259553091134044.22
48 -254641426574322.9
44 -254445608731165.5
81 -254196349567014.1
57 -249165524260383.16
49 -249091935994742.78
63 -234713510875462.25
77 -229708524903484.28
74 -228495584389280.75
70 -226255411722002.88
95 -203923178230458.5
75 -199616721240179.06
67 -192427553513170.2
80 -188975071679601.97
79 -177925538956673.5
45 -175681240611397.47
88 -175331467224792.03
86 -155075448808834.47
76 -154313710533023.78
68 -147326975418922.56
62 -130979877332092.58
83 -130570298489498.45
65 -128526171608006.34
73 -128214061928012.5
84 -121274823791465.02
82 -119326528744155.55
89 -96398676830063.81
85 -96319803668982.69
94 -87584514651643.47
91 -87219649203952.38
93 -86189566748884.66
72 -82325045413468.66
71 -81795013744025.94
92 -70690478441520.69
99 -63350210590753.08
87 -55575114979395.21
90 -47507168394968.79
100 -40591959107010.8
96 -28324938266527.39
97 -21357147662682.055
