0 -1.147493016901463e+16
97 -7896117506900470.0
96 -7445726820546648.0
100 -6834797100053672.0
90 -6812348075655629.0
87 -6547801661252890.0
92 -6050723635138631.0
99 -5958801022718226.0
94 -5576645420334283.0
91 -5525941380304599.0
71 -5436837791867239.0
72 -5395973941993856.0
85 -5304058181603985.0
93 -5303269981437942.0
89 -5166120388672911.0
82 -4605713769752342.0
62 -4561170223459558.0
65 -4539834798092992.0
84 -4507073610934581.0
73 -4482153532676018.0
83 -4337370570452651.0
68 -4035294327785449.0
76 -3986699519393790.5
86 -3983143940731064.5
88 -3775431489659824.0
45 -3773941650687850.0
79 -3681664727993658.5
80 -3576060759387929.0
75 -3428038626103725.5
67 -3287079211373936.0
95 -3253153283767241.0
74 -3039279299312787.5
63 -2969577547826772.5
70 -2933346284414110.5
57 -2810708504957194.5
77 -2801711868599743.5
48 -2740217476759751.0
44 -2677629011159592.0
69 -2669174967752118.0
49 -2585849796647345.0
41 -2569416553668895.0
81 -2525026648677559.5
66 -2485688399993454.0
59 -2484642221470737.0
58 -2436342772335122.0
50 -2425413629412905.5
1 -2388315951438056.0
61 -2225937450010075.2
51 -2121990138730704.5
53 -2116865508887396.5
55 -1959468718901075.5
52 -1845356779771403.5
54 -1843357123485729.8
39 -1805801249603893.8
78 -1787723938897513.5
47 -1700868773424807.8
64 -1692684691269401.8
34 -1692071252366331.0
3 -1570387615596762.0
60 -1502594726270497.2
28 -1485337372825560.2
98 -1286404786329411.5
56 -1220192570862539.0
46 -1045632441827026.6
32 -1026461789364293.2
2 -954988392292542.8
31 -946561751949962.9
37 -891410898349417.1
40 -862002172531405.2
38 -795476585303584.5
29 -768615253102858.6
30 -715360542922686.9
42 -711988355446133.8
43 -708346889553847.2
36 -689853592246233.1
35 -685898699465443.9
4 -623029480654198.5
9 -561892536660328.56
26 -413744885719391.3
11 -392208513805817.2
27 -341356803690549.06
15 -329483102727347.06
16 -270589296561538.5
25 -269179095416361.3
17 -250872002609523.62
10 -249935969515475.4
24 -238779385898755.9
7 -209869697415504.1
5 -169513381933934.0
33 -146911854198679.16
14 -138990852598045.84
21 -78559052096133.92
23 -58753012601118.37
12 -54105679655238.664
22 -42223042796711.766
18 -41988319146872.99
8 -29084636654569.895
13 -26706583141013.125
6 -9730661129354.545
20 -9213199360746.33
19 -10937964965.211863
