45 0.16500408905643107
88 0.16592515399230925
80 0.21082483604204152
62 0.21988599860011598
65 0.22944145726319345
86 0.23443937643848958
79 0.2540329391180195
75 0.2661534295280305
76 0.2666526571879018
73 0.2872611585307441
82 0.3640658492909452
68 0.3951047962282831
83 0.4562823220757779
84 0.45967402252539996
74 0.4832805772754423
89 0.5252127031091222
63 0.5529108470019319
85 0.5557154807601613
95 0.575035422361909
91 0.6510562520178079
57 0.6858673504251209
93 0.7437391617137004
94 0.7498769117148464
72 0.7959807834050614
48 0.8107133295653416
71 0.814095792609769
69 0.8653939364316026
70 0.8995872327893437
44 0.9336170610941816
67 0.9615138261752364
41 0.9621687106543292
92 1.1349586888136562
99 1.1700356039265418
77 1.4341862108623111
59 1.5566756587514732
50 1.5878305960919417
87 1.617051896479708
81 1.6925441156979955
58 1.7189816384931127
66 1.837372310812259
90 1.8843887213524477
100 1.8854631232242312
53 1.8899283118865131
49 1.9356750720680447
61 2.0217474192982454
51 2.1563334125474563
54 2.2086426256014104
55 2.456366744669142
96 2.5686895790867177
52 2.7143546058791097
78 2.814244324220976
39 2.9969307161221015
64 3.1877019510778344
97 3.2232965554830995
34 3.341067279393626
47 3.656575222554992
60 3.952126829536379
28 4.067311082472796
98 5.129521821311851
56 5.169955496426364
37 5.8039202755766
46 5.947322584088764
32 6.033955553000169
31 6.447798235892415
29 6.598116823224894
40 6.750585089560008
30 6.885816623192948
38 7.039464740093095
35 7.798849463086969
43 7.858388764123906
36 7.974777324460493
42 8.284850147314563
26 10.15694019142678
27 10.915940526518622
25 11.19160213319708
16 11.240073000251698
17 11.539843236617196
24 11.669463574808043
7 12.36167313701901
33 14.707714315709119
21 15.028183818861342
23 15.645272612569984
13 17.063363687073217
22 17.625409565251164
20 18.389482168133018
19 20.28450140258915
6 22.545575595332075
8 23.93813635711609
18 24.553809512554107
12 25.425517495993446
14 28.41257065970693
5 29.493954938536874
10 31.73698113011082
11 34.753849596010284
15 34.7809218168144
9 39.18276067986978
4 39.38426508093317
2 45.00357209811067
3 53.64924512604461
1 63.53369895916632
0 146.59214565527301
