7 0.12319634777451352
17 0.12922191488397558
24 0.12961769817400964
16 0.13775002996636326
25 0.14523158893449287
27 0.19192505111658809
21 0.197772355193443
26 0.23020458669128904
23 0.2342516147811695
13 0.34109854090163644
35 0.45218450817303224
20 0.47004252337502006
43 0.482318195443381
36 0.483701944154082
33 0.4999347139088332
42 0.5382663321290013
38 0.557578430017921
30 0.6017584971105726
40 0.6136104547633117
29 0.6385114028245222
19 0.6826403536750429
22 0.709799682752203
31 0.7469598584963922
46 0.8385677761947035
32 0.8470026753970938
37 0.8504871222507148
6 1.0507827114422694
56 1.0625247582235302
98 1.202460400214894
8 1.2532596786374524
18 1.3290660471356421
28 1.4483724422117683
60 1.4816995337639212
12 1.5305149174751669
47 1.7141988090835287
34 1.7905472134870184
64 1.8458148366098783
39 1.9896512801119801
78 2.0249072753288266
14 2.0375826904645105
52 2.0872958668536308
5 2.2988180917723753
55 2.3072942498695546
51 2.522447959576212
54 2.6863441331728355
61 2.727556422650977
53 2.761324637986507
10 2.802675375889373
66 2.95425237299255
58 3.035894704281322
49 3.0409815760228747
50 3.117025324130493
59 3.1353672375495334
81 3.1685443485001907
11 3.427561088948211
77 3.5454036546168877
15 3.8977890891296485
44 3.962479201228809
41 4.059714538857937
70 4.09097217764759
69 4.156429879680227
48 4.219267693429472
67 4.396710093044197
4 4.636913867183617
57 4.640177638609427
95 4.812900578939523
63 4.869976874064269
9 4.876031626982673
74 5.169638323606265
75 5.896745205410012
79 5.918842732702653
2 6.196473216773122
68 6.331880683954972
80 6.349348567465747
76 6.379355139322992
86 6.467052959446241
45 6.620191435866886
83 6.745299936645056
88 6.797187688564282
84 7.0302786931829155
73 7.190224966347486
82 7.570889397445624
65 7.922464360172683
62 8.434841344458066
93 8.565522860568343
3 8.76566980311686
71 8.773548983444083
72 8.832520661292927
89 8.961550450163406
99 9.81452339876591
85 9.96276687950998
91 10.163696281952715
94 10.797728666414587
100 11.815305434419866
92 11.85170199627996
1 11.89203077168378
87 12.9660483895476
96 13.370678227557974
90 13.426026508327801
97 14.691134903669267
0 43.86790762753617
