1 0.4865640771652737
3 0.7271487676195685
0 0.7935706780635517
2 1.0535868273518392
9 1.1786167654242206
15 1.3448019683616437
4 1.360847591696515
11 1.7001505041895821
10 1.812081201311093
5 2.0013155009823334
14 2.1677620843543046
12 2.2882188457660124
8 2.475911578235826
18 2.5027783047435457
6 2.544928651154179
22 2.610174987648614
33 2.8998282515137066
19 2.978659374034561
20 3.15917534887478
13 3.3627855760337675
23 3.5664185637730736
21 3.631127576099169
27 3.7381985410389156
7 3.8235494856346928
26 3.83361646250981
42 3.878327061444288
36 4.1064330925614945
24 4.129905786670619
17 4.131109723619908
43 4.138792430874329
16 4.207912314244845
35 4.2544079842210145
25 4.273739364060161
31 4.418758722520962
38 4.447116223250218
40 4.466291202894967
32 4.501903299803695
46 4.546465315386499
98 4.63049661234459
56 4.743298926415068
28 5.128927725220678
47 5.149032540995861
29 5.165924487311859
60 5.186627494893819
30 5.204524727692046
34 5.430872377058115
37 5.479111178998334
39 5.607010325527856
64 5.63342690200457
78 5.855215913561376
52 5.8743143082949025
49 5.906781989376366
55 5.966464466600297
66 6.087203077217918
51 6.092714500921723
61 6.129459478858591
81 6.198844321651003
58 6.23885053698462
77 6.325882226592172
59 6.411623510373519
50 6.434863622994582
53 6.573172584595472
67 6.781055328383025
70 7.009198275690542
54 7.105516348762897
44 7.383219998993065
95 7.555825967551064
48 7.728713150999319
69 7.758377697602527
41 7.819321894337399
68 8.060301714475825
83 8.081527331452032
84 8.18208053836774
57 8.203141506340641
63 8.216763390124525
79 8.302715705115453
76 8.306813852826043
86 8.450317881123286
74 8.502087059644143
73 8.524791770853298
82 8.689023777198482
93 8.730633076392953
75 8.762448125734869
71 8.768911046930983
72 8.868830768170278
45 9.066321644722967
80 9.083891904602513
99 9.161086812537143
65 9.27543208470839
88 9.290827592811732
89 9.38323339756499
62 9.91299438467644
100 9.96941959709516
91 10.195813136398467
85 10.406405374653952
96 10.622344173067674
94 10.906667507370383
97 11.254465019380381
92 11.273506677131508
87 11.65033455217458
90 11.664575948609912
