87 0.18493620934388927
92 0.21687391103303436
90 0.23491712675474316
94 0.34578190783253854
91 0.5199790119199259
85 0.544017770617753
96 0.8812977541198375
100 0.9039669983344311
97 0.9685071560001088
89 0.9973270917540562
62 1.05454420824263
99 1.1812417011028895
65 1.3078476930415266
72 1.3341584562205802
71 1.3972292440773981
93 1.4374162169842601
82 1.633479606250249
73 1.7869325193122065
88 2.003730167464645
84 2.0651861934672517
45 2.0904673827572684
86 2.1908647302295665
83 2.2433453475533005
76 2.287882799996681
80 2.342795923074941
68 2.45362069105053
79 2.5876673768784166
75 2.6820436367447487
74 3.4408199412413163
95 3.6999028735737705
63 3.7080786418065492
57 4.0484784265491305
48 4.4587981429020696
67 4.49247774547064
69 4.57504815550313
70 4.637222647609152
44 4.77956265424435
41 4.779772086340278
77 5.728778226967066
59 6.174486587365453
50 6.231262327478836
81 6.347426806543819
58 6.4693180596072715
66 6.681075243960319
49 6.775845446045893
53 6.869484119735505
61 7.090219310974992
54 7.356963157708711
51 7.414659618946364
55 7.97913601420604
52 8.468061745811573
78 8.654126135998537
39 8.95673843386045
64 9.300232614270408
34 9.579242796549126
47 10.101194547621917
60 10.636703300013652
28 10.831247788122104
98 12.555534536914367
56 12.654680820480376
37 13.491032069480331
46 13.8892961384213
32 14.023827692337543
31 14.665876281092581
29 14.738964559251523
40 15.120893243305366
30 15.14668599682221
38 15.55407386190018
35 16.699137321948548
43 16.805084754819795
36 16.97897690011681
42 17.455209623754694
26 20.131077487706083
27 21.20123405758741
25 21.41584431913514
16 21.500903755104723
17 21.929950402923634
24 22.107044231480128
7 23.130728374912763
33 26.55743317564604
21 26.723750147359606
23 27.55167410715226
13 29.462409991303108
22 30.477105916164078
20 31.24229304658149
19 33.72849456225844
6 36.75187172178613
8 38.53054229028947
18 39.29145710556198
12 40.46762126703565
14 44.22363501251945
5 45.6294112625405
10 48.47242696107914
11 52.205718682052435
15 52.46796015971001
9 57.87355558563482
4 57.986993384154474
2 64.90751182702442
3 75.41024497395985
1 87.23705263127053
0 183.57411063047084
