97 0.420090514781443
96 0.683681894072229
90 0.7965707919592183
87 0.9727842644807897
100 1.1479319333092466
92 1.3479521498261842
94 1.7973005790969374
91 1.906636735375095
99 2.0335677248828286
85 2.0985651279834547
89 2.484784238562774
72 2.5823190337952457
71 2.643114845875096
93 2.7646466888362684
62 3.1070458318587377
65 3.2662032523603135
82 3.463882742583138
73 3.7508281844264717
84 3.934643102073636
83 4.209031800699804
86 4.445107400426528
88 4.523747951462854
76 4.5365935990524715
45 4.57826154680464
68 4.614528889066834
80 4.972039829761679
79 5.051120871543924
75 5.3636066940848846
74 6.335104921414707
95 6.358770701448781
63 6.611540596200924
57 7.052200722963538
67 7.149952500889016
48 7.466091200862487
70 7.500444937948542
69 7.604859199448099
44 7.78122535131898
41 7.876071728893907
77 8.672232492773063
59 9.285246505530838
50 9.357484534498163
81 9.43361926272422
58 9.600251721149782
66 9.793852872329511
49 9.865944734906481
53 10.119600810959767
61 10.3101367399219
51 10.702869976151618
54 10.749521109971091
55 11.3363761244251
52 11.864006793949233
78 12.082099171614928
39 12.392253991120691
64 12.758203419705922
34 13.078235478177719
47 13.635174131989155
60 14.211984383149122
28 14.427154264855826
98 16.290126429544774
56 16.36266563780952
37 17.08997186332768
46 17.639965367131914
32 17.801767721486375
29 18.353034665016935
31 18.451237411541946
30 18.74581938262394
40 18.867378671831002
38 19.298485934372973
35 20.47220215867822
43 20.613937890357064
36 20.80622124835788
42 21.347375855148332
26 23.865567920372577
25 24.87889138145312
27 24.897885821667995
16 24.977275546583414
17 25.39758386304974
24 25.560784226961996
7 26.614546785732884
21 29.957392500384692
33 30.353439976669492
23 30.7307571954244
13 32.53739393142063
22 34.06745013236968
20 34.22763086724532
19 36.528143565392455
6 39.48082407822744
8 41.07563483423095
18 41.71267178287087
12 42.92101655262617
14 46.25041962068817
5 47.62449379874203
10 50.25924373497374
11 53.54696995480762
15 54.49358618037413
4 58.89822203239139
9 59.241836571985935
2 65.22618232998869
3 74.69075531088951
1 85.17827393285746
0 169.7050194915225
