30 0.2806553381778365
29 0.28396846551639005
37 0.2957326880670854
40 0.6642510117023019
38 0.6725086346796231
35 0.7766653371076376
46 0.8174103220563986
25 0.8613774759200039
56 0.8621916493388662
16 0.8910151411711815
31 0.8920049831889748
32 0.9045416895592913
43 0.923177448234449
60 0.9670472593259237
28 0.972074423690926
17 0.9727229569884097
36 0.9858294688706358
24 0.9999452951151362
78 1.0601863396225935
64 1.0944281967764113
26 1.110095493035022
34 1.1263015845408213
52 1.1473972031763817
98 1.2184281546954212
27 1.2375769213241374
47 1.2480764882626099
39 1.2481564026881533
7 1.281556989094156
42 1.2932801209608982
55 1.356978950201931
54 1.4397880866119441
51 1.481868358992019
53 1.6095364064325572
61 1.7884569877780805
21 1.9148426913517735
66 1.9824828475053244
59 2.0243023148005177
50 2.033891599579419
58 2.045913874615477
23 2.1018881369843245
49 2.227300692685228
81 2.2607635426993067
13 2.596005029193827
77 2.60811180214809
44 2.6548954089832644
41 2.7102732521978634
69 2.8145459450101713
48 2.8542806354712633
70 2.894104894160279
33 3.0228087534340595
20 3.1095185117504003
57 3.2968499236214597
67 3.3765256274474393
63 3.536478964547992
95 3.5958296327204358
19 3.8059562272504244
74 3.8602330166694245
22 3.960477038088205
75 4.636361944572244
79 4.686956399590552
6 4.992534290875471
80 5.1441584290519
76 5.2485231334571445
68 5.310864561283434
86 5.326530968534715
45 5.4394731638831715
8 5.51864516813991
88 5.650103798307633
18 5.680627112641233
83 5.806070005556655
84 6.102591144350328
73 6.137487071002118
12 6.283312771996393
82 6.641090393723133
65 6.952068487877944
14 7.4851834098515075
62 7.533694418288997
93 7.885982242867825
71 8.133089183712904
5 8.165379083195363
72 8.20184679259005
89 8.225938885895427
85 9.35941720697635
10 9.365120974407912
99 9.378715738151078
91 9.575945798655601
94 10.373970337436512
11 10.731845945838717
92 11.675933857121914
100 11.771883807715264
15 12.060250174037426
87 13.068962536119818
4 13.438994118701888
90 13.644097151401988
96 13.692423685441664
9 14.139915248496388
97 15.368029038161351
2 16.774373329797122
3 22.016844217903316
1 28.133584719828132
0 86.77063483990351
