0 -2.1132092683789277e+17
1 -1.1251083792784165e+17
3 -9.942904605571056e+16
2 -8.830708514037747e+16
4 -8.099946261318373e+16
9 -7.734760942567506e+16
11 -7.524708711869858e+16
10 -6.9958229996215416e+16
15 -6.96346269356793e+16
5 -6.70833710746745e+16
14 -6.625280550449373e+16
12 -6.075708016064552e+16
18 -6.03564547425644e+16
8 -5.876121103353354e+16
6 -5.631296351490611e+16
19 -5.413479896136898e+16
20 -5.075456893502607e+16
13 -4.8677503698347016e+16
23 -4.644510726812937e+16
21 -4.538239765415623e+16
22 -4.301297971944316e+16
7 -3.952682512583198e+16
24 -3.914772742766208e+16
17 -3.9035737089794904e+16
25 -3.871158792027452e+16
16 -3.867115416696698e+16
33 -3.72328864741451e+16
27 -3.4744662200534076e+16
26 -3.2956733065295292e+16
30 -3.043004420775236e+16
29 -2.9525811626988284e+16
35 -2.8065513914645124e+16
37 -2.8043934520024724e+16
36 -2.726117537432983e+16
43 -2.7058214344651216e+16
38 -2.65268326246657e+16
42 -2.589034201751782e+16
40 -2.582727094616488e+16
31 -2.367517482871363e+16
32 -2.29566654220772e+16
46 -2.295578269904587e+16
56 -2.132436834925288e+16
54 -1.9750397694116544e+16
98 -1.9206533394708316e+16
28 -1.9089285929653684e+16
60 -1.8925456139536504e+16
78 -1.8305190804285604e+16
64 -1.7759230917187124e+16
34 -1.770657331274481e+16
52 -1.7518231166959368e+16
39 -1.6841123466381844e+16
47 -1.6822041679226964e+16
55 -1.667268702893124e+16
53 -1.6202146139068738e+16
51 -1.5861141470578712e+16
41 -1.5221101119152904e+16
69 -1.4415442119405802e+16
61 -1.4351158788254898e+16
57 -1.4248075819429348e+16
48 -1.4212004783948834e+16
44 -1.384149130006213e+16
50 -1.3838830423505082e+16
59 -1.3700655852101572e+16
58 -1.3320941305954094e+16
63 -1.3205314913406892e+16
74 -1.3043492622692828e+16
66 -1.2792949170756228e+16
81 -1.2418402065166022e+16
70 -1.1741814858498858e+16
49 -1.1722509106521694e+16
75 -1.1366315994873698e+16
77 -1.1041634186936418e+16
80 -1.0934060460190396e+16
95 -1.0369395716791246e+16
88 -1.014574720270727e+16
45 -1.0018047927263902e+16
79 -9626062298505084.0
67 -9216056144722258.0
86 -8191362723938170.0
76 -8156767776524792.0
62 -7622214941795258.0
68 -7378781400593606.0
65 -7127048847789255.0
73 -6732342119737419.0
83 -6304112947104711.0
82 -6163923429184792.0
84 -5902792260664055.0
85 -5581279812148636.0
94 -5289576507818734.0
89 -5127096663380333.0
91 -5089941837947946.0
92 -4306239606240426.5
93 -4089203988771602.0
72 -3883433920598069.0
71 -3869749600532404.5
87 -3427192733974651.0
90 -2945375757519742.0
99 -2856264633973217.0
100 -1883020972030535.8
96 -1389288928061213.0
97 -1062656076924765.9
