20 0.19210033222314224
13 0.19873725818412807
23 0.22898735617598695
19 0.2355790763916786
21 0.2449198579462009
22 0.2767901910354422
33 0.3165419370169228
6 0.32578311536616095
7 0.36297915194695346
8 0.4141433787917264
18 0.457454547463637
27 0.47321338278661995
24 0.4796104127107242
17 0.48647649441124974
16 0.5281018889573436
12 0.5296130104216996
25 0.5528856385016003
26 0.567691247461666
14 0.789751195086189
5 0.9148394995472037
42 0.926693409216965
36 0.9689231025055743
43 0.9772961294493336
35 0.9888859279905423
38 1.1655498484713318
10 1.1855390102499017
40 1.2283071648468455
31 1.351678146993048
30 1.394859755959012
29 1.435480051700468
32 1.4825843669968428
46 1.4839051768544413
11 1.549315167195401
37 1.7324607768515494
56 1.7676993520895061
15 1.8233793814064547
98 1.871327599869774
28 2.2609903694625375
4 2.2658494607240547
60 2.311871942017817
9 2.409959936307376
47 2.5100225732797523
34 2.673244048752587
64 2.7812631861082373
39 2.9090796236051166
78 3.001764590314092
52 3.0669494053438155
2 3.243123786797682
55 3.3002525906879305
51 3.5222319258557024
61 3.7324974398034803
53 3.8636227751706675
54 3.8911756119449725
66 3.900541838995393
49 3.92793565540347
58 4.0361113113993765
81 4.149774077750432
50 4.16178484383326
59 4.1631230892364375
77 4.509799907728111
3 4.932851843788844
44 5.1500504679517345
70 5.17896668430649
41 5.320023164155804
67 5.376378631529784
69 5.399304787966581
48 5.449420952400494
57 5.9249635096118745
95 5.951029523134977
63 6.139446719501269
74 6.463735998615858
1 7.063272503388088
79 7.099105058734065
75 7.172112540967912
68 7.419628577799241
76 7.506500115925668
86 7.613368492997632
80 7.637509766705364
83 7.7799627554588175
45 7.877967865087755
84 8.040404773472416
88 8.076926636296008
73 8.2503368404776
82 8.636756803770291
65 9.074430560324107
93 9.491221919875578
62 9.646848871096342
71 9.676320255504386
72 9.757983121910556
89 10.003450253127108
99 10.653202097824895
85 11.07777850740962
91 11.214905847613794
94 11.901118233511173
100 12.547097354297774
92 12.884325447214396
87 13.916999803833649
96 14.02754618899471
90 14.31703540480742
97 15.303179997220113
0 30.425289935622736
