95 0.14085793883510547
79 0.17919736849266119
68 0.18062591265297046
76 0.18170122383251563
70 0.18504441885323317
86 0.20829502828356847
83 0.22573351830700822
67 0.23242837441614764
44 0.2490785863367161
84 0.2547559495047999
73 0.2633703076874605
48 0.28680480517113505
63 0.3012534245275644
69 0.31186890477427437
82 0.3205659613600442
75 0.3357998832793034
57 0.36487340295023135
74 0.36689737584737464
41 0.3766658177932922
45 0.3794852562351969
77 0.38155844076104517
59 0.385647110671996
50 0.3973893571983786
80 0.4234021759329435
65 0.44082259283081454
58 0.4550473787093074
81 0.464317111980582
88 0.46988857450859167
66 0.5094074767837746
53 0.5141809297225649
93 0.5163319375739616
71 0.5605243721590368
61 0.5651665582692628
72 0.570453870495664
89 0.5868914815062981
49 0.5898799031435569
51 0.595655217963107
62 0.6822708147380623
55 0.7110509212958037
54 0.7563202966050181
52 0.80474111960275
99 0.8178836625166584
78 0.8367191028814903
91 0.9413556216558914
39 0.948098874696515
85 0.9775793120855472
64 1.011156377554703
34 1.0903998591715847
94 1.2665473725831093
47 1.278423498716689
60 1.3490296464779417
100 1.3579885178286502
28 1.4058805992847294
92 1.563610980807152
96 1.8505914458698416
56 1.8921660399464897
87 1.9097080497625705
98 1.9696884805374557
90 2.014721680747456
37 2.0340497017817443
46 2.2266734503048426
32 2.285844483175935
97 2.336511348960147
29 2.352113621120001
31 2.463649760329604
30 2.476118327882878
40 2.5236738553773224
38 2.6416884169299713
35 2.9867330620054404
43 3.0653270434534323
36 3.13019290572903
42 3.3747111991731846
26 4.021107207096822
25 4.3079323424453
16 4.332690866902993
27 4.3448478900773155
17 4.467937828000848
24 4.525275261168754
7 4.868141462736132
21 6.008533965286411
23 6.281381094592878
33 6.368467643847073
13 6.924445462704766
20 7.538004200686885
22 7.682205838489959
19 8.389960256502192
6 9.535669469612042
8 10.145806149893186
18 10.383688023456585
12 10.882431585382681
14 12.189466572330318
5 12.76597857834885
10 13.859441094123643
11 15.202870532783082
15 15.850303090713021
4 17.509804539843046
9 17.815892659623827
2 20.295512767777193
3 24.55118248292226
1 29.357809971076414
0 71.24297230463156
