22 0.32953588867628514
6 0.4579193184205827
12 0.4876225755018749
8 0.5140573386149894
33 0.5587997824748709
18 0.5959506997218189
5 0.701989308070244
14 0.7052542306171751
19 0.7230283860878786
20 0.8065061818661298
10 0.8520933004275295
13 0.9757134344303525
15 1.1481911240825615
23 1.1673695195516274
11 1.181587990966181
21 1.2306897785491957
27 1.4433293863055572
7 1.464778918751685
26 1.6053333761113933
9 1.6917339451153106
4 1.699873940163777
24 1.8623894873227866
17 1.8689833992174563
42 1.9257796427270066
16 1.9782748852784424
25 2.0652436536626784
36 2.1880180403114435
43 2.2276107433392145
35 2.3600598745186807
2 2.5382182949124323
38 2.699425219882098
40 2.779606752041137
31 2.8179920893363732
32 3.0238419714907394
46 3.0714897068849876
98 3.477425006918839
56 3.5209710403096794
29 3.699796603152834
30 3.7056770898483338
3 4.153282584443805
37 4.283388927854992
28 4.353020184429055
60 4.461908008261574
47 4.590717114651077
34 5.040082482854336
64 5.335405587932159
39 5.428878648333998
78 5.816368375958641
52 5.877056603898556
55 6.182429158738204
1 6.321053952962369
51 6.530887055669106
49 6.6830164196175605
61 6.729794482040497
66 6.851625538345948
58 7.136883218186036
81 7.191211146536862
53 7.3326029687223215
59 7.454920974629336
50 7.468259973460136
77 7.659615741371891
54 7.949581208327363
67 8.954437200369757
70 9.041614752053055
44 9.419550776620541
41 10.04627999284266
69 10.05333523882075
48 10.084481384977313
95 10.325690966584999
57 11.02673148237964
63 11.244952083821522
74 11.852471855232677
79 12.243368214238206
68 12.255480244990355
76 12.61731756778528
83 12.620254248542603
75 12.810112077862147
86 12.872615329577364
84 12.97652812730902
73 13.578225393697108
80 13.594618041444084
45 13.808959552135171
82 14.097988911269212
88 14.235569899828878
93 14.948145361812468
71 15.171128300635983
65 15.178481702317027
72 15.351666677121132
89 16.179711953437952
62 16.416753424808476
99 16.51403996211861
91 18.269667871700168
85 18.32470146227204
100 19.229113488932096
94 19.670005581305247
92 21.019640848414802
96 21.37830203520162
87 22.430333546512827
90 22.841853092628096
97 23.302548278455625
0 32.353566175999674
