54 0.1748828304814205
78 0.22970345146786186
52 0.27138873295179494
53 0.3077603553272679
55 0.3114766861952432
64 0.33926086858282906
51 0.3451970545030907
34 0.3787826291225725
39 0.38030722175833415
60 0.42869229913243057
28 0.45342786060332635
61 0.4922745581182729
50 0.5305277966710934
47 0.5326324059253366
59 0.5469167331640103
41 0.5730772120593948
37 0.578425032946318
58 0.5946158626956192
56 0.6346617113998346
44 0.641584484995239
69 0.6477207070054718
66 0.6579918832615117
48 0.679319033612507
81 0.7241821905870506
98 0.7727550438396456
29 0.7921918749712167
46 0.7969955994047837
57 0.7999995580084247
32 0.8319518266948861
49 0.838095215066489
30 0.8784060895885334
70 0.8904242371295725
77 0.9332724177425824
31 0.9393995659645197
40 0.94512592007519
63 0.9454235790705406
38 1.0208678940818332
74 1.055067793721341
95 1.2396982276779926
35 1.255530665637145
43 1.3199889823387279
67 1.3492723305625238
36 1.3619594212325117
75 1.4812635471605653
42 1.5558232268145324
80 1.7044672238805287
79 1.7162167900540102
45 1.9316656585074143
88 1.9822328265873066
26 2.0811792552577253
76 2.1334496012449846
86 2.1452374556944784
68 2.28800664332126
27 2.3703278475486753
25 2.44177342257378
16 2.4590678233615404
17 2.5841533785426973
24 2.641404308671347
83 2.696797008498205
73 2.7593498095500744
84 2.90286904320661
7 2.9373604622859784
65 3.0050704756196858
82 3.071611631960016
62 3.1348026857250217
89 4.0083277985871595
33 4.119873934666751
21 4.137484594747028
93 4.160318044968452
71 4.354219221379104
72 4.358714119909882
85 4.369790259530586
23 4.430203363157597
91 4.636366965214156
94 4.905466097047183
13 5.11440948469875
99 5.296046368650959
22 5.472521234368208
20 5.769177581630613
92 5.797332352646949
19 6.735193220814266
87 6.770613874735901
100 6.934299809255967
90 7.262636571275393
6 7.915875352002152
96 8.22688019031561
8 8.664943075951259
18 9.000936371433308
97 9.339599429815252
12 9.471996095457872
14 11.136514614251125
5 11.744500892335472
10 13.027640540680679
11 14.786265229642073
15 14.822261755333091
9 17.419479144149555
4 17.531779177368584
2 20.94447489000596
3 26.335048968799796
1 32.647966239518496
0 89.16983100901535
