19 0.11029322167770231
20 0.13718779376409349
6 0.18731730545095804
13 0.19862998546975358
8 0.244153558083557
18 0.2650508995354638
23 0.3075147612474743
12 0.36480056675386274
21 0.36667998571608484
22 0.40142055316961955
14 0.6030767880224578
33 0.6097468112108941
7 0.7203394558086543
5 0.7617771121245374
24 0.886015066411833
17 0.9120656729436335
16 0.9859923606018772
25 1.010290864528361
27 1.0273473782533717
10 1.0794402354226789
26 1.2166702956475552
11 1.4872642875738924
42 1.906624940547105
15 1.9481610996240837
36 1.959494116058473
43 1.9807973509544363
35 1.9882623300558728
38 2.2905940430395315
4 2.389672638233423
40 2.426039687211623
30 2.5044218695547276
29 2.611797024710518
31 2.6312518357868186
9 2.6454537515165417
32 2.8676427359496497
46 2.877035695809048
37 3.0789443844789988
56 3.3640282525876213
98 3.5162598811050385
2 3.6436662485657454
28 4.172772637953071
60 4.251451319376884
47 4.6065564694579715
34 4.841603072711199
64 4.96559696085683
39 5.207754435687193
78 5.361305818024185
52 5.454887204033161
55 5.83313119703763
3 5.8494128313593885
51 6.2156685518228665
54 6.508597531747582
61 6.520650536659166
53 6.644908418751852
66 6.860992370978708
49 6.935229723949018
58 7.042688855380118
50 7.215552178014391
81 7.228145326344433
59 7.247728131673404
77 7.829905937644307
44 8.665711815519723
1 8.668105428782754
41 8.806651627900845
70 8.8347443726599
69 8.968367390818702
48 9.085227811858443
67 9.209283898738516
57 9.728704269815307
95 9.980838342850673
63 10.100953765852726
74 10.552471212151238
75 11.694831417081899
79 11.736050511995348
68 12.303117088282987
80 12.373955879970328
76 12.411576527036747
86 12.546163515626683
45 12.800744822610909
83 12.907861108356142
88 13.051327818708032
84 13.32658656004874
73 13.626329548584286
82 14.184721449580607
65 14.76090297819504
62 15.510062850128387
93 15.586222052353868
71 15.889048157059804
72 15.982949051630621
89 16.270238887820984
99 17.38180602722455
85 17.74781115318019
91 18.072490594564577
94 18.958298591717856
100 20.280774900804264
92 20.46987147084584
87 22.055018230659886
96 22.514902191373906
90 22.711191509367726
97 24.397699019529746
0 40.77808269452784
