1 0.05356577980289721
3 0.12037016188745096
2 0.22038810758797095
9 0.294848440592883
4 0.31644526945538426
15 0.3677580258867998
11 0.4249422549087365
10 0.4826432207247322
5 0.5491716474104845
0 0.5750164109183763
14 0.5968625666960137
12 0.6682662981806627
18 0.7250697735893467
8 0.7308791430558875
6 0.771728666946652
22 0.8860892920866704
19 0.9057877719705633
20 0.9851580600460729
33 1.0191154511684295
13 1.060037852323501
23 1.1407252790063331
21 1.1718799280293624
7 1.2927351695478597
27 1.3247049532523354
26 1.3730975817753222
24 1.382453345893486
17 1.3886741989502187
16 1.416790591871908
25 1.4325985805884143
42 1.4606037665035634
36 1.52001588498608
43 1.5330123385944034
35 1.56248188587929
38 1.6387091899055484
31 1.6628656901367838
40 1.664241546136961
32 1.7091472112735062
46 1.7247987739330755
98 1.789818410184922
56 1.8181922440547205
30 1.8233285039774585
29 1.830795912742269
37 1.9437442943777246
28 1.9768780387236835
60 1.9970298124893733
47 2.0202658289412856
34 2.1034672040862032
64 2.149760592853325
39 2.1692934444660907
78 2.2555086864232026
52 2.259655252726941
55 2.3079318867737086
51 2.3766595665999444
49 2.3895585608765813
61 2.3899582091662523
66 2.425736627285295
81 2.464288280609911
58 2.4643192954549926
53 2.498491920788008
50 2.521650196072447
59 2.527799260510448
77 2.54520910264463
54 2.598657661745734
67 2.7535712616459453
70 2.776789518636194
44 2.8384148862683225
41 2.9360138135103573
69 2.93626953335826
48 2.9482826614019455
95 2.9685673211833152
57 3.086475893673309
63 3.1185375661951054
74 3.209425981141185
68 3.2378176895739403
79 3.262749157764448
83 3.288260960663511
76 3.3079394829299
84 3.3441944890453397
86 3.3477916713314855
75 3.349938503804952
73 3.4521064542592437
80 3.4643089836842136
45 3.4930988756698906
82 3.5075445923852295
88 3.5554735891935545
93 3.613980377532637
71 3.6444823423658144
72 3.6669406974241006
65 3.6749074827294548
89 3.7978508005674554
99 3.822928230866626
62 3.8575273455432986
91 4.101623308291419
85 4.110297931227174
100 4.18373511916295
94 4.295177526340513
96 4.457982871048475
92 4.469234589589839
87 4.648804765215545
90 4.695318086617084
97 4.697622322743709
