45 0.3214031950495933
88 0.33058096832499045
62 0.3639064965649458
65 0.3827326489733292
80 0.3963076791572657
75 0.47205930588370826
86 0.48488755023569297
79 0.5079421253782445
76 0.5544485490444746
73 0.591718032906793
82 0.6651686659647086
85 0.7701802503475165
74 0.7792842164217251
89 0.7823162104562505
68 0.8050184542989262
91 0.8757233512983436
63 0.8781159701592358
84 0.9345823943576518
83 0.9375962812646245
94 1.0342728340388763
95 1.0569463644956145
57 1.0573550303732269
93 1.2609642929165903
48 1.264324722988367
72 1.3033426572999713
69 1.3230352987232923
71 1.3618348151812796
41 1.4420829337191818
44 1.4775656604501872
92 1.5256669967951688
70 1.610425413035759
99 1.793370854818054
67 1.9151216458159601
87 2.144269858116962
90 2.464140077813723
59 2.6124487270330823
100 2.6131968941578574
50 2.6261149340686356
77 2.635218332983204
53 2.866082666283603
58 2.9118511346144484
81 2.9494795163427825
54 3.127146802200183
66 3.158912937204096
61 3.2868680718003804
96 3.4161816565050698
51 3.43602469348214
49 3.4785833298070137
55 3.8415926745984272
52 4.170575135859198
97 4.216611120697068
78 4.300576413054519
39 4.700338226535738
64 4.867577684900042
34 5.217895375242313
47 5.852870722191337
60 6.078231580354344
28 6.269397589459569
56 7.85754143759821
98 7.988006582418082
37 8.037781982692932
46 8.903318154135604
32 9.066600744442766
29 9.154704111201163
30 9.492592182295153
31 9.596646068110005
40 9.861678335098317
38 10.195291805193206
35 11.275102862226033
43 11.479528733226902
36 11.662441822315948
42 12.339146942989068
26 14.447216752299788
25 15.297402260595543
16 15.39931629773185
27 15.435391541354312
17 15.815404261217608
24 15.971221730938359
7 17.047068529144138
21 20.47539343987285
33 21.071860499402053
23 21.28440773274816
13 23.198409132924077
22 24.938171411143074
20 25.016148690172322
19 27.532231045064886
6 30.792697035411216
8 32.57579067526308
18 33.30394193080175
12 34.664869922410006
14 38.49726363361679
5 40.069842462012524
10 43.13287632019388
11 47.03596973537271
15 48.07959450415757
4 53.40910143353174
9 53.789109097085216
2 61.10108924343215
3 72.79775435678953
1 86.00431515774608
0 198.092803148774
