86 0.14141623845818718
45 0.14974750064415998
79 0.15132651672805233
76 0.15428448654912633
73 0.16156352980100158
88 0.16684092493570923
80 0.17732682419128978
65 0.18174616663668822
75 0.18541859649492112
82 0.20949488895558585
68 0.2168479585588857
62 0.22979561832440829
84 0.23722731958725848
83 0.24149547186406667
74 0.2822124415784014
95 0.29776609566369616
63 0.30310864197772386
89 0.3207015354144612
57 0.36929510208363825
93 0.378074373678735
72 0.40802521255619584
71 0.4123394952732811
48 0.4131368814913024
85 0.421884108080561
69 0.4428678900136337
91 0.45187588881703955
70 0.461828546095077
44 0.4720221112345614
41 0.4923634444995367
67 0.5022663724525825
94 0.5690331808479074
99 0.586318499526421
77 0.7641201358740211
92 0.786876831184395
59 0.8000868074786779
50 0.8213280902828642
58 0.9025680134962137
81 0.9043120995609585
53 0.9560524311253414
66 0.9611798938744922
100 0.9706349788292336
49 1.0384918447511209
87 1.0545355696122967
61 1.0626945652457886
54 1.092515161141798
51 1.10535282413394
90 1.1800417357379154
55 1.2693477174596235
96 1.3503073059987465
52 1.3928441929982323
78 1.433241281730624
39 1.5763299611773125
64 1.6636865974694208
97 1.7237500768469507
34 1.757053312882032
47 1.9583191022764634
60 2.080973269157821
28 2.146967203226667
56 2.7313195869071234
98 2.778858425077448
37 2.894286190634102
46 3.136434791864661
32 3.1978851914309687
29 3.3051054522000514
31 3.4144177831500335
30 3.4402663252285097
40 3.51387389368813
38 3.6616715060207627
35 4.062262679713764
43 4.131388449252427
36 4.201609373863966
42 4.427949632427646
26 5.27025013120108
25 5.636707200429506
27 5.6497287699007295
16 5.670466792635156
17 5.829961048266455
24 5.895459541137344
7 6.294011583673516
21 7.609581988193174
33 7.815962950291601
23 7.92248307488615
13 8.656636384375723
22 9.303039513817714
20 9.349992235480514
19 10.313443149785181
6 11.561519692247352
8 12.257159360520435
18 12.53897749213465
12 13.054904087423482
14 14.538003079383508
5 15.146204481446985
10 16.33366621567827
11 17.842089540111733
15 18.239927292103275
4 20.310829687457247
9 20.440731657574677
2 23.28248027320212
3 27.82961790465621
1 32.98424981590644
0 76.7979132043882
