33 0.19069711965694564
22 0.24319696684135267
42 0.2503084958817683
27 0.2721323127433324
26 0.2793225840925297
36 0.30885120564029106
43 0.3198487207626181
35 0.35564684974188854
7 0.369594621634125
31 0.39001665185973095
32 0.409042754306831
38 0.41077010283932675
40 0.4130340522947963
21 0.42795674632443115
46 0.42881176058256715
20 0.43371520043409334
13 0.4355946104390989
23 0.43603690848085
98 0.45108735606541384
17 0.4550319362695736
24 0.46154994328338955
6 0.4641244139422397
16 0.4725825991159759
19 0.4769545006426097
56 0.4934804261927403
25 0.49834173670349996
8 0.5283797434734858
12 0.5614366533089019
18 0.5750014062039659
28 0.6359830742915719
47 0.6529309472396703
60 0.6560566823769488
29 0.6988414147360263
14 0.7154822892362213
30 0.7290968196627469
5 0.7397193546985144
34 0.759958632888176
37 0.8204392412712992
39 0.8382080081485893
10 0.8414644701972593
64 0.8466924103153006
78 0.9498300814974017
52 0.9572834973423975
15 0.995988549123347
55 1.0023002983082328
11 1.0127131833352496
49 1.028483174020059
51 1.0725458494467803
61 1.0873747299847552
66 1.1011750333179924
81 1.1401801518722319
58 1.1541105437099335
77 1.2256334634073944
59 1.2432135319174409
50 1.245116315751678
9 1.2502339793777206
4 1.264793176639984
53 1.2956418545338146
67 1.4943738626618848
54 1.555967953042632
70 1.5690728778060394
2 1.6177110219073068
44 1.7355347377981876
95 1.8720742029549977
48 1.9239203699340763
69 1.9320258847531273
41 1.9584258917734336
57 2.1824880187330455
63 2.2027629779874363
68 2.226994664366153
3 2.241429219330453
83 2.275720580133815
79 2.321461111807267
84 2.3573909612829245
76 2.359619362851805
74 2.3638561063169594
86 2.4363283528527284
75 2.546753160507069
73 2.551837762020942
82 2.64871887525165
80 2.741844324128371
45 2.755580173317406
93 2.7704459981753007
71 2.813705875038641
72 2.8601371168211487
88 2.88120458277627
65 2.9715459305395524
1 3.0313483295854424
99 3.1103534481185022
89 3.1232695329254234
62 3.3403439815724214
91 3.6602629258969634
100 3.725886248593703
85 3.7386148684620526
94 4.079275265647627
96 4.2189896965923355
92 4.377158440405427
97 4.6759981320602595
87 4.69138457782056
90 4.749888768043864
0 11.378065443207957
