100 0.3121230034933382
96 0.3685355442342885
99 0.5475822136649873
97 0.6025076993761821
72 0.8250806276014024
71 0.8337912928297224
93 0.9079612529393724
89 1.009325123058719
91 1.1377662802004558
90 1.3754976548335944
82 1.4205949221219123
85 1.4477390615065118
87 1.5253435569161713
92 1.5325677747111215
73 1.5952986367039879
84 1.5975168656645204
65 1.6076421536159715
94 1.6211411408639602
83 1.777296201175151
62 1.968200150777281
68 2.081916490321498
76 2.116133486457798
86 2.120319624833464
79 2.5492050373992403
45 2.629741778861647
88 2.767817710009593
80 3.0106208058978163
75 3.115185378251022
95 3.309469144216136
74 3.8136695548189325
67 3.832210912565317
63 3.8549218590491785
70 4.085470685777923
57 4.241115096169987
48 4.329455491592814
44 4.422679684216327
69 4.454358478286729
41 4.730033882548002
77 5.0307152666595885
59 5.44657256795079
50 5.514155382506599
81 5.63397591487331
58 5.727663837356553
66 5.8935874830378205
49 6.034863310231465
53 6.140370766493209
61 6.306406249186153
51 6.567893206997678
54 6.880334488797209
55 7.09525535152339
52 7.513725316094186
78 7.670115771192063
39 8.026654929293404
64 8.308371389674148
34 8.603667630201352
47 9.193663081768145
60 9.579339667657223
28 9.77919401870554
56 11.479206226693318
98 11.630525340813024
37 11.834043240345313
46 12.593014970878164
32 12.781341092285416
29 12.885407354642457
30 13.228158991060772
31 13.3516979181603
40 13.557915248340947
38 13.928225137778902
35 14.985009642822634
43 15.220823929942604
36 15.42024404800097
42 16.11930537648353
26 17.985837584320468
25 18.544867202610394
16 18.63944191045552
27 18.8828654757549
17 19.021558421567562
24 19.168731701988886
7 20.185875698496364
21 23.09835977198702
23 23.792284836592
33 24.477975312373275
13 25.446756994946995
20 27.020004019905098
22 27.85192701633782
19 29.115152967373735
6 32.07017072650202
8 33.497100834326616
18 34.00145015026548
12 35.31847770500485
14 38.2967167440993
5 39.73718821778891
10 42.32537783781372
11 45.3178413690552
15 47.439233314333
4 50.68922713973893
9 51.777672853173314
2 57.03082233658905
3 66.4940685042943
1 76.92873547062088
0 164.56959277584352
