25 0.1603600289162242
16 0.16860950981862344
30 0.18687876060208913
17 0.19021221719802126
24 0.19703751783223505
29 0.204549790133351
35 0.2837738848427819
7 0.28942464895350245
38 0.2919719393075239
37 0.2998481747284145
26 0.30125591053814466
40 0.31880216234980385
27 0.3235441399415423
43 0.34636377647015815
36 0.3646810725398263
31 0.4366789278085447
46 0.45478162906591185
32 0.4807439623018175
42 0.49717235456968684
21 0.4988965106813307
56 0.5576285628807846
23 0.5690441719019146
98 0.7097140870074652
28 0.740650538509533
60 0.751302304353457
13 0.7641962931609344
34 0.9244987995869118
64 0.9297097134603461
47 0.9314150325766277
20 0.9772166153122972
78 1.0275765510946122
39 1.0373190590263308
33 1.0514816678870562
52 1.068525637480171
55 1.2150931516738797
19 1.273978769121327
51 1.3583018296945037
22 1.431097345243195
54 1.4519187949585826
53 1.4884766246921532
61 1.5000076039101176
66 1.674524426652848
58 1.7159251701330018
50 1.7546445053623885
49 1.7716772694080765
59 1.774449127166533
6 1.814970487971895
81 1.8199794736988522
8 2.052823168133493
77 2.087141153098601
18 2.122262232692533
44 2.337647208806312
12 2.4123302855223114
41 2.428695057240596
70 2.437807278692947
69 2.4902773790205326
48 2.5417306186571595
67 2.680264617927733
57 2.8656219323398853
95 2.9488130328238236
14 2.9716739624441333
63 3.0274619114375985
74 3.2646463492136952
5 3.3055636287238834
79 3.790415238402266
75 3.808988113045838
10 3.893277244036119
68 4.0727176192384045
76 4.123513894909583
80 4.167817851865313
86 4.194448177889807
45 4.360922262545861
83 4.38925095444042
88 4.5135929459063915
11 4.554641144977844
84 4.609494493712354
73 4.754829708276608
82 5.023130194752088
15 5.294126557234803
65 5.332331753986537
93 5.78397265551751
62 5.783996959149741
4 5.915838398546081
71 5.947944228644878
72 5.986923057066213
89 6.113782559444336
9 6.314547808007012
99 6.749806338160466
85 6.974292870056542
91 7.122897423259092
2 7.6129301789784
94 7.672309385395554
100 8.33274511142818
92 8.51351797922874
87 9.407920469348603
96 9.57375047311418
90 9.758659459059567
3 10.32197768985792
97 10.632538863881047
1 13.518292046460305
0 45.18236952842345
