93 0.14363791374873913
71 0.14513915711872763
72 0.14883582453341176
99 0.2047753183607706
84 0.2351149177642274
82 0.23533425065425506
89 0.2727572283635356
83 0.27717134906624546
73 0.2877845470241121
68 0.37588683683178503
65 0.41988643668215847
76 0.4251546308053895
86 0.4521928399894249
100 0.5019730317283726
91 0.5840380467140468
79 0.6118188139272771
85 0.7148264076841324
62 0.7218895381239893
45 0.7865445062310208
95 0.8510363551890008
96 0.8690669594526309
88 0.8957354177322596
75 0.9507446565390322
80 0.96301435177414
94 0.969839808524229
67 1.0496052568524583
92 1.1329654533037317
70 1.176061757640144
63 1.22261821180253
74 1.2473748424168603
97 1.2897662614075187
87 1.3616094720828065
90 1.3803884429454942
44 1.3932027465939765
48 1.4033868950154729
57 1.4185524797433626
69 1.4641116977200088
77 1.5948859999231277
41 1.6214022217609203
59 1.8291468401617996
50 1.853166798577778
81 1.8840195181865378
58 1.9460902672533678
66 2.0501824831506017
49 2.1069277735825995
53 2.217995697663183
61 2.240755964066081
51 2.415029122780987
55 2.678871149553624
54 2.733154668696871
52 2.923733001461672
78 3.025601945077181
39 3.1590810869714687
64 3.330207980486871
34 3.4795983202193668
47 3.787740818026756
60 4.030944760585468
28 4.136096355775769
56 5.117558047257569
98 5.143803799809559
37 5.541111522316085
46 5.782006100911184
32 5.871237649083724
29 6.157173856489544
31 6.215223344613281
30 6.390376897242161
40 6.403475817213179
38 6.627965645636274
35 7.261819465777867
43 7.372900271409554
36 7.4784468938012605
42 7.863837738429105
26 9.14915627090265
25 9.718484779646529
27 9.729478701855172
16 9.761258358338734
17 9.999147285331821
24 10.101411209296094
7 10.689982006473018
21 12.651362200129517
23 13.11486935286047
33 13.12020094844564
13 14.197182021126824
20 15.21744247592536
22 15.350489823987779
19 16.623912885711864
6 18.49215384499353
8 19.49060040946126
18 19.876781151814257
12 20.671540101577385
14 22.776436232779936
5 23.69412367451173
10 25.432805516975904
11 27.555403282954238
15 28.528916878142503
4 31.166349869347947
9 31.623006143450958
2 35.48799612102996
3 42.03969316316195
1 49.37516372101206
0 111.67388799719626
