35 0.14457010088306627
43 0.14753785482095155
36 0.14937799565001866
26 0.15262766999793462
38 0.16884973693816432
42 0.17021578453945513
27 0.17475632628619384
40 0.17548007364593685
31 0.20280434365514488
32 0.22583069853416907
46 0.22658193051375627
16 0.2528759571087473
17 0.2577898131668794
7 0.2624433406258607
25 0.264580915992407
24 0.26790169558999644
56 0.29617586024347475
29 0.3029192278512318
30 0.3192728348432743
98 0.33422818544789235
37 0.3987858311210602
28 0.4435975390382974
21 0.45142727452353953
60 0.45991017849973925
33 0.48247885788816286
23 0.5006210708132519
47 0.5310697559298868
34 0.5869418733153823
13 0.6147824239538395
64 0.6395131308250439
39 0.6778183883868708
20 0.7324526469655817
78 0.7327623015759452
22 0.7378622058882593
52 0.7554616681354206
55 0.8408228679473103
19 0.9288006359860557
51 0.9392348249093038
61 1.0127852358225968
66 1.0960222971031774
49 1.0998113819939443
53 1.1202064596416133
58 1.141563514787044
81 1.1818777502452547
6 1.1902701030531635
50 1.2072887795609528
59 1.213104040508422
54 1.2472943347086076
77 1.3478379798527116
8 1.3652761881885287
18 1.4419758984832491
12 1.5659413079832676
70 1.6830184881594703
44 1.7258212134728177
67 1.761410989824813
41 1.8822297649305217
69 1.8969440629411773
48 1.9133690188467325
14 1.9741042911396114
95 2.0785035706916712
5 2.1472180015218694
57 2.192781325958854
63 2.277356200244529
74 2.4671330408054
10 2.5044344136848307
79 2.6913887400278202
68 2.788341868445409
75 2.809214631443964
76 2.8710954757150597
86 2.9433152004729672
83 2.9640568935419487
11 2.9665134022588084
80 3.07234104460339
84 3.1093692920803915
45 3.1705522957396184
15 3.194999526861038
73 3.2629726272174935
88 3.3032413991161196
82 3.4465245262659754
65 3.7417798940704694
4 3.7894926981856725
93 3.88207396833165
9 3.8979775885710337
71 3.9812661281007613
72 4.0256263324834896
62 4.128748849200128
89 4.198355009731185
99 4.522605050543946
2 4.8403340303039935
85 4.895100827091823
91 4.926869471672878
94 5.387959724797466
100 5.590732547432764
92 5.939189376981441
96 6.434890936645118
87 6.525034872785676
3 6.552730931336232
90 6.728825905756764
97 7.174459039036238
1 8.610933215480227
0 28.897009080311133
