14 0.11931369514217847
11 0.1250170884706667
5 0.1296561607663929
10 0.1341444883388706
18 0.1596730312065882
12 0.16870271063954956
8 0.1802511614443807
4 0.19482919220869713
6 0.21673498384997147
19 0.25214348866166864
15 0.27892039545216935
9 0.29136444250524673
2 0.3128655615293913
20 0.3172593042535415
13 0.3680123358270037
23 0.43446522084650313
22 0.4558602728753249
21 0.46788880214539846
3 0.5443713173433515
33 0.5948107587362638
7 0.6386443520999693
24 0.6844626297607346
17 0.6965554105298152
16 0.72107412345373
25 0.7244446982185367
27 0.7744469085753808
26 0.8415968688555584
1 0.8665068232894677
42 1.0842185531269133
36 1.0850584513162245
35 1.0861638841581966
43 1.0920804719213582
38 1.1724068335863194
30 1.1846663603397347
40 1.2181707086794198
29 1.2219713410643553
31 1.2822619786820073
37 1.3450733946513758
32 1.3515474188141605
46 1.3536642754446908
56 1.4873907448418253
98 1.5383689911798573
28 1.6950521168767638
60 1.714535460194256
47 1.8207411576718349
34 1.8604141601144173
64 1.8765472615926773
39 1.9472794920390561
78 1.976912804828656
52 2.001237585256769
55 2.0919405685195938
51 2.1919617840185763
54 2.205676509623141
61 2.2624999389392784
53 2.2662597837258964
66 2.368288531814339
58 2.3971038103537357
49 2.4031483191998393
50 2.4262071530818847
59 2.442240728176193
81 2.446939787548119
77 2.6003348106988207
44 2.7380392692375914
41 2.7546457804973454
69 2.79724745842024
70 2.8044376931152235
48 2.8316417956997126
67 2.921799159497761
57 2.964529348074233
63 3.0544813336524403
95 3.055949079081454
74 3.1529894229413373
75 3.4144556774598884
79 3.4440080499492662
80 3.5637102287318165
68 3.5818558343105797
76 3.599649271882425
86 3.628124298109478
45 3.662773541991786
88 3.715396947496314
83 3.7308146305564276
84 3.8289381144340227
73 3.885688530813204
82 3.9946646734475872
65 4.104440619567466
62 4.259659616508812
93 4.329476153443526
71 4.3985285248361095
72 4.412650639833171
89 4.4430424700976365
99 4.7246948176314385
85 4.7468865814581465
91 4.827780056931597
94 5.005139311732914
92 5.329179006062687
100 5.339375328587192
0 5.50414839336598
87 5.6660254861297945
96 5.798773913944922
90 5.805711812202055
97 6.176369233618631
