33 0.2624364377853193
22 0.31067474869158573
27 0.41164006757159155
20 0.44720847905340744
26 0.4677941881273442
13 0.4797912543378728
7 0.5017221216959024
6 0.503375944490713
19 0.5043054527100472
23 0.5219247972930421
21 0.5237848378044305
8 0.6133558628726139
42 0.6182563897048801
18 0.6861369353283654
36 0.6929188690481722
12 0.7076149121037468
43 0.7153684966175662
17 0.7267185003615396
24 0.7374292098324828
35 0.7744503653335215
16 0.7828709902133513
25 0.8498432234884623
38 0.9370679044113633
31 0.9791781655720135
40 0.9799186155876384
14 0.9949684657711187
32 1.078065250713696
5 1.0930712731840722
46 1.1113106711697647
98 1.2995214978381044
56 1.3341085680080944
10 1.352485826351084
29 1.6269767652236486
30 1.680056497573415
11 1.7098332660683653
28 1.756683039719292
60 1.8172272373951146
47 1.8897797897272124
37 1.9922590490765395
15 2.096583489333788
34 2.1321979909856252
64 2.312709116302838
39 2.346380627143625
4 2.3992730506181887
78 2.6475844445374865
9 2.6536145382420333
52 2.661851921749422
55 2.807967033634924
51 3.041970590398009
49 3.074320540003651
61 3.089510299252623
66 3.2027796465804443
81 3.3291707067797223
58 3.332338419902839
2 3.367766759823599
50 3.561986618491283
59 3.574966042657242
53 3.5913417366807505
77 3.6230786039328153
54 4.313190038458377
67 4.421345069903115
70 4.538080388996143
44 4.943832890364931
3 5.036933412120341
95 5.388626934913629
69 5.499501985871418
48 5.511033465646347
41 5.571017294933825
57 6.254741935299222
63 6.321495426641776
68 6.489529310994627
83 6.682305493626936
79 6.72753126070673
74 6.816936871101598
76 6.85736693777737
84 6.9360639210777775
86 7.084474389624442
1 7.089136465758755
75 7.369012335397851
73 7.479601162016585
82 7.730629611996873
80 7.9675166615232165
45 8.000954069132455
93 8.176143781163168
71 8.310032216985531
88 8.39351233246425
72 8.432788951269226
65 8.660263373024208
89 9.135532700560914
99 9.184857552069456
62 9.768867659095683
91 10.756115435892603
85 10.948193020253255
100 10.98577670086327
94 11.98108030175671
96 12.409732405946984
92 12.866715267689907
97 13.710463315011133
87 13.796627004094232
90 13.97019920296351
0 30.13088934038514
