30 0.03786406867240268
29 0.038189514254281264
25 0.03999834712264681
16 0.040613457202294645
17 0.04204076996515339
24 0.0422143197228409
37 0.042996223706667426
38 0.04421488252077424
35 0.04651909286908439
40 0.04696528478152778
7 0.049212997995663865
43 0.05134194500744158
26 0.05179026068443949
36 0.05296657072287876
31 0.05297811353287841
27 0.05391856490528089
46 0.05394187604447362
32 0.05631299469725216
56 0.058235915219764976
21 0.062117675977065294
28 0.0639473301883303
60 0.06410082436291782
42 0.06536996541944984
23 0.06630306157177744
98 0.06718261891988199
64 0.06868379443300095
34 0.071731168551082
47 0.07481529578765893
39 0.07555625627812525
78 0.07760440126786272
52 0.0777215196684706
13 0.07830122860302108
55 0.08475191541104893
20 0.0917291402845411
51 0.09300419571011323
61 0.09720431333002809
53 0.09839561854724942
54 0.10756887843099448
33 0.10777651946503145
66 0.1082298874400297
19 0.1094489897623368
58 0.10954495379264335
50 0.11150209634213809
59 0.11345694183774423
81 0.11474909049177794
49 0.11534827930185267
77 0.12895288768163676
22 0.13290627399735824
6 0.14570314845678287
44 0.1462069637911268
70 0.1474677700386274
8 0.15818219881871326
41 0.1584476221694748
67 0.1588181683855904
69 0.15898397809461007
18 0.1605940346591795
48 0.16193586419016354
95 0.17374731658331158
12 0.1814930581084799
57 0.18442678753314257
63 0.19046818354030473
74 0.20740819381307013
14 0.21135157012088598
79 0.22332813849196392
68 0.23091452923659278
5 0.2335798680477907
75 0.23454369969037678
76 0.23742254853907646
86 0.24315891833295716
83 0.24679716594680942
80 0.2576950462577238
84 0.2589030697796537
45 0.26402613761979116
10 0.26932868683648653
73 0.2710723983764331
88 0.27696869670698293
82 0.283188510597606
11 0.3052310896078471
65 0.308316944053466
93 0.3203657334636033
71 0.3288747221250354
72 0.3312572307321934
62 0.34422659943341843
89 0.34438196581710906
99 0.37105609120133803
15 0.37242633708496037
4 0.38902857812605557
85 0.4060559391765981
91 0.40847408558369513
9 0.4294135680960696
94 0.4500605830700862
100 0.4569772921287971
2 0.49314761663438406
92 0.49559646928644396
96 0.5247657747314896
87 0.5441204748878513
90 0.559396382372654
97 0.5842976863153172
3 0.6545648323179784
1 0.8398296782366678
0 2.7043658871691467
