0 -5454992845401342.0
1 -2901198904330591.0
3 -2577707276240613.0
2 -2282954337522880.5
9 -2090285993399012.8
4 -2086300019294186.5
11 -1931420302885374.0
15 -1914516993776199.8
10 -1815635780281482.8
5 -1730216879677729.5
14 -1697984758115504.8
12 -1569507852261922.2
18 -1550341426454504.8
8 -1522658637671865.2
6 -1462101653338892.8
19 -1384632168011037.8
20 -1303776429909413.0
13 -1251786677681612.0
22 -1227692095190011.8
23 -1192362168573268.2
21 -1163937743158547.5
33 -1108785456487992.2
7 -1036439349737438.5
24 -1012201812175192.1
17 -1004702830764825.1
25 -993850879575845.2
16 -992326069068828.6
27 -961307797779344.1
26 -930644810646019.5
42 -859954494287648.6
43 -812708109978396.2
35 -797978489316749.0
36 -791633954369181.6
40 -785590511490250.4
30 -782231400738126.5
38 -766440096812060.5
29 -761867465235802.0
46 -731105385198393.6
31 -723530984815828.5
37 -722964387661077.1
32 -698749897609492.0
56 -688083897727649.9
98 -621949914822402.8
28 -599043064213580.1
47 -596637205434819.4
60 -588882373455216.2
78 -560855532731854.0
34 -548078124935829.2
52 -533040389945266.06
64 -514931522162237.94
51 -514015568527363.7
66 -512922695638687.2
39 -512545422493247.1
49 -505282720237474.06
54 -504158765955617.25
55 -488224232492680.06
59 -459486349192895.9
53 -443511275060358.75
58 -433148978019536.94
61 -428186449044785.2
50 -422929856378072.7
77 -416951589246228.75
81 -405306064028242.75
48 -391468303016090.0
41 -390255984623774.1
67 -386492331666204.0
69 -374703394156838.75
44 -372020212220760.9
70 -370831193582959.7
57 -360687544223505.06
63 -339744417451718.6
74 -333155394690011.8
95 -315655401738964.06
75 -290836063407351.3
79 -280546528247165.7
80 -277435448657736.75
88 -258591038608645.1
73 -258145964024086.8
45 -257431146476555.8
86 -253182477256147.25
76 -250100275823025.9
84 -230542016646175.12
68 -221118380486757.06
83 -218868654922787.3
62 -194813148083491.66
82 -194768806383409.16
65 -191516616513156.47
93 -184993994143927.5
71 -183324697306109.3
72 -169240609570109.03
99 -158988572199324.94
89 -151672027501480.38
85 -145716987355021.22
91 -145633231106364.28
94 -132731220887818.95
100 -113681770846008.42
92 -108695345727035.64
87 -86996366170819.17
90 -76076156682401.12
96 -74149487333358.28
97 -41560259456163.24
