97 4.261936458165871
96 4.855129581114183
90 5.153360794328191
87 5.444882016305993
100 5.64939459483112
92 6.086408743027007
94 6.761699457521745
99 6.876190774302486
91 6.985957052666969
85 7.2115224847161485
72 7.61230153055777
71 7.660689480274247
89 7.669769427944792
93 7.822465865949656
62 8.454107010606135
65 8.640071502038458
82 8.759269232382016
73 9.106921491022835
84 9.160136894986339
83 9.432335241991561
86 9.87146643404226
68 9.909528515946585
76 9.943395910517767
88 10.01228633679037
45 10.07432149950932
80 10.477029698417526
79 10.511329328995203
75 10.870870384597907
95 11.669170580335425
74 11.815898895262555
63 12.06973331280374
67 12.15965713383845
57 12.492045885941288
70 12.69051949147526
48 12.851163908881997
69 12.968748856806583
44 13.082162271670137
41 13.231638348176663
77 13.467947468666853
81 14.148232798774334
59 14.198751005301336
50 14.260526945662402
58 14.373458903785938
49 14.3936203732161
66 14.486472694022067
61 14.967973019567612
53 15.019603363379986
51 15.41079385256956
54 15.722734572204294
55 15.910674077756385
52 16.35470469061101
78 16.59153138127054
39 16.642328887106547
64 16.97447704703537
34 17.185432078484695
47 17.46231243195951
60 18.037098467071342
28 18.191595373399824
98 19.37698395650286
56 19.654484486785805
46 20.610135670868534
37 20.67358707424651
32 20.695401773454
31 21.17054784976567
29 21.599377645072696
40 21.630291016489462
30 21.916605459117285
38 21.954222931496524
35 22.8028653461767
43 22.803110593040117
36 22.924721627197567
42 23.14158176720016
26 25.265768651159796
27 26.019699873821505
25 26.33059925738591
16 26.37722215518939
17 26.658394463060457
24 26.778486026207514
7 27.418049153987692
33 29.390731671033446
21 29.832575756472085
23 30.36725349749702
13 31.579484718243183
22 31.961923791002242
20 32.6908784647769
19 34.2456776568462
6 36.0404972547806
8 37.124022872147144
18 37.60012545924421
12 38.27391713778123
14 40.51513798432971
5 41.312154115795096
10 42.94358049423473
11 45.100132972962946
15 45.13520772412647
9 48.220401595608756
4 48.329355017233176
2 52.14941027904388
3 57.828077979423746
1 64.06078984034487
0 111.77845571004687
