5 0.18266193193236158
12 0.18458345329095124
14 0.1983051494921341
10 0.2313999848841293
8 0.24765300238340954
18 0.2633932151339866
6 0.2840992604777485
11 0.3576011482229506
15 0.5260417670170997
19 0.5440566672935025
22 0.587311922987003
4 0.6553077750339898
20 0.711734854550307
9 0.7728716490351614
13 0.9046505546265444
33 0.94585712297435
23 1.131258786572456
2 1.18224575792396
21 1.222295199084276
7 1.6162005999723532
27 1.781767300098173
24 1.9344090143897479
17 1.9555057371797682
26 1.9750465560971637
16 2.058686853685132
25 2.118148220125948
3 2.255682908377761
42 2.4757079209570585
36 2.6504981438368094
43 2.6873087606121286
35 2.7671205911586343
38 3.090929373648559
40 3.2008040446419264
31 3.2928859472361216
32 3.5057993805095067
46 3.5448017702222168
1 3.745499399260451
30 3.7554064709581705
29 3.795207666436143
56 3.9916573796918824
98 3.9975067101090396
37 4.31935399856963
28 4.7619424944289745
60 4.849536080909811
47 5.0517038441008175
34 5.389572942728028
64 5.5953790317483785
39 5.734431529028025
78 6.031397407898217
52 6.091941345429237
55 6.388329221428391
51 6.73009477413661
61 6.9145132312675806
49 7.040967537893346
66 7.122448197173306
53 7.323926218518917
58 7.328816385975586
81 7.4058217674370015
50 7.577785884531918
59 7.595577589780727
54 7.659587718811038
77 7.876542859540535
70 9.001885347750754
67 9.05793441336583
44 9.176600678948313
41 9.60800645259127
69 9.65514407220668
48 9.71153856084969
95 10.09092551451707
57 10.46637840057274
63 10.699369692942021
74 11.195027300903998
79 11.743414821690745
68 11.86212727064668
75 12.087952912369662
76 12.139622614964576
83 12.247034030775819
86 12.331683212550082
84 12.586237895799938
80 12.750396240794673
45 12.989815736557528
73 13.062646803268144
88 13.31965267133583
82 13.488276856313169
65 14.31295589071461
93 14.360832210734962
71 14.577565791841137
72 14.698046156067472
62 15.285365642441947
89 15.285647947718573
99 15.762671678615666
85 17.005687164366293
91 17.042304449217543
100 18.12943829073285
94 18.142159363669098
92 19.334066775679617
96 19.96536895520123
87 20.576679921872188
90 20.96882767350904
97 21.564089285201547
0 23.314936963956505
