97 1.31404031476514
96 1.647108373531454
90 1.9573369721935168
100 2.1530807640090774
87 2.1633310597214024
92 2.5813173855184246
99 3.0096584313020998
94 3.0424808276112563
91 3.1352851492584786
85 3.326845887949188
72 3.5484201324886224
71 3.5860027861482497
89 3.5955568573190444
93 3.706302049731475
62 4.255027998233915
65 4.346948390839423
82 4.418164662338036
73 4.69259258124195
84 4.742115703940587
83 4.963622871414172
86 5.303399895336529
68 5.339101213852991
76 5.355482530786036
88 5.468319564273293
45 5.501120386289061
79 5.823901995362183
80 5.837535119677103
75 6.144770992843264
95 6.793817590660206
74 6.9286283128091615
63 7.129875185525019
67 7.258361074381962
57 7.48852631335216
70 7.654667448107003
48 7.782964670647373
69 7.885132517126882
44 7.972873552086158
41 8.113079128816354
77 8.4020708779844
81 8.986802399008411
59 8.988356588100032
50 9.034587084377748
58 9.164159667825826
49 9.263765750035429
66 9.300067774695673
53 9.685740828967889
61 9.694545174982476
51 10.060064763951495
54 10.289086985972878
55 10.506268961558538
52 10.915508073125974
78 11.103855656415185
39 11.21464837497797
64 11.509650519242355
34 11.71105943340984
47 12.03975094127396
60 12.52019004762722
28 12.665770515365601
98 13.871208061133288
56 14.042222892722688
37 14.829080260393248
46 14.951902381691978
32 15.03603160339365
31 15.49834921550532
29 15.703159900762882
40 15.877692006792161
30 15.999736978944988
38 16.179413786773136
35 16.989453880184715
43 17.04390670118061
36 17.160184580677484
42 17.469527223310305
26 19.366096564707554
27 20.08960263471571
25 20.253300823929088
16 20.30729257186138
17 20.589234750280493
24 20.705793241457854
7 21.37630409761362
33 23.63605845990673
21 23.711332947064687
23 24.241091687203962
13 25.457605990108007
22 26.177695419501756
20 26.58406902052993
19 28.139272858786484
6 30.042503317681447
8 31.127841490102927
18 31.580078834664626
12 32.32773939284117
14 34.58242571196734
5 35.453355252351905
10 37.174283913493525
11 39.37059579056217
15 39.75141602398888
4 42.82460174544142
9 42.915401371937484
2 46.91085855982794
3 53.01246501349014
1 59.75545277392807
0 113.04518190040199
