22 0.18699876671650167
20 0.20198110690213378
33 0.22027690023808597
19 0.2213247996439533
13 0.23091922163279532
6 0.23619456624833718
23 0.27569151974296313
21 0.29143775289761703
8 0.3014878603425462
18 0.3417376724149944
12 0.37130933744066075
7 0.37146125114073075
27 0.4051928554910382
26 0.47807516827454966
24 0.5145125852178486
17 0.5171191166872103
16 0.5597657314192767
14 0.5637713009663861
25 0.5933934633836395
5 0.6431061458073911
42 0.7093644591780738
36 0.7684078422096619
43 0.7817583499934999
35 0.8123812166731145
10 0.8357760189493492
38 0.9617746264933158
40 1.0091569487535905
31 1.06635022762551
11 1.1014515348334162
32 1.166844070186788
46 1.181299858212036
30 1.3301836855197242
29 1.336048649123044
15 1.3436018965339083
56 1.4029515887481734
98 1.430851585222828
37 1.6116386817692285
4 1.626078747578423
9 1.7703340493961959
28 1.800540927455324
60 1.8461397494904224
47 1.9624777712127766
34 2.1359652211489517
64 2.2559379063262015
39 2.3282030827287032
2 2.358867273463807
78 2.480415048582663
52 2.517899152468328
55 2.685716122995322
51 2.8729358457271945
61 2.992540318293107
49 3.067095134891894
66 3.104796133472509
58 3.222827407111521
53 3.235035335106913
81 3.273747238433151
50 3.3664045901688366
59 3.3701254156382574
54 3.4761230700661616
77 3.545398739559798
3 3.6409133818371355
70 4.199508751187307
67 4.240263397829972
44 4.324295004579439
41 4.611687459314537
69 4.6296097522541455
48 4.654455292375077
95 4.867118190924857
57 5.137233977181864
1 5.255300790220502
63 5.268290656513365
74 5.586789457868861
79 5.879267394690477
68 5.9539563279902055
76 6.121687002364807
75 6.124823994564154
83 6.187513970827823
86 6.246629323948861
84 6.39537815022395
80 6.547834917199677
45 6.683120753061379
73 6.685244728506025
88 6.9040461952830166
82 6.96487777829104
65 7.493746190833493
93 7.511584514368749
71 7.646590402526554
72 7.728172009049253
89 8.102679121739794
62 8.134576408527055
99 8.407022071775712
85 9.22845836309136
91 9.229562807008827
100 9.928100383193797
94 9.969396323485629
92 10.74153616638706
96 11.125816779653238
87 11.552217597103878
90 11.803605240900973
97 12.186540693586064
0 23.38759365534212
