0 -2.2183807523869428e+16
97 -7321449104154097.0
96 -6389332739911029.0
1 -6322191080216547.0
90 -5980107585221177.0
87 -5660039915159601.0
100 -5477219547448830.0
92 -5101647949985243.0
3 -4709211433953188.0
94 -4574122464643721.0
99 -4541582336378744.0
91 -4418243158632851.0
85 -4315060473355669.0
89 -4227254710184793.0
72 -4184624890875597.0
71 -4060761718208413.0
93 -3989161066556360.0
82 -3574227678133402.0
65 -3541478935082862.0
62 -3500493747253284.5
2 -3393989480920279.5
83 -3275279974005205.0
84 -3257502914941605.0
68 -3121214462851492.0
73 -3016238042091065.0
76 -2869035185123351.5
86 -2843297986851586.0
45 -2694735759381084.0
88 -2684554825166460.0
4 -2606607506374994.0
9 -2531573325018746.5
79 -2528675811724114.5
80 -2481484951613976.5
75 -2343690283919635.5
95 -2171179168111027.8
11 -2027341475622064.8
74 -1959811824110079.8
63 -1902474398615595.5
15 -1887287711848056.5
67 -1866181134448611.5
70 -1778461848078972.2
57 -1738744816599080.8
44 -1655907486494115.0
69 -1630725753742683.0
10 -1622162804070683.8
48 -1585409859299007.0
77 -1560328778497181.8
41 -1523470064584660.5
81 -1500941983250407.0
50 -1380579103098040.2
5 -1358173116072378.8
58 -1354369214044293.0
61 -1294352356545095.0
59 -1269199577130749.2
14 -1260137849191445.8
53 -1181932242043144.0
49 -1177530795958911.5
66 -1111330352625275.9
55 -994721834796874.9
51 -973458689401740.1
12 -900319452221796.5
39 -883036256699421.0
54 -881059078406674.6
18 -848801924419195.0
64 -834288576528763.5
52 -830435131133891.2
8 -774992131571945.1
34 -754121323717376.1
78 -740708741570201.2
47 -654656378947276.1
6 -630318671065466.4
60 -602025373198534.6
28 -576679771420376.8
98 -485431531891355.9
19 -466863217937870.7
56 -348646290756093.06
20 -316403301139484.7
32 -284553792735306.56
46 -247435633371173.84
31 -233966926127530.66
13 -232643354374653.88
37 -202781133853356.84
22 -177900020504759.12
23 -151229586020200.34
38 -149737079148925.94
40 -146215567026842.9
29 -138217776840208.62
21 -118034619100075.98
30 -110087222871289.69
36 -109858005178589.58
35 -101817153214896.95
43 -97458701936549.97
42 -70952225751694.8
33 -47502843283340.25
7 -16617826803008.021
24 -8305042898287.417
26 -6373943018712.683
17 -6126931820751.05
25 -3463363454702.244
16 -3201831755344.725
27 -295972099868.84174
