22 0.2561030220029883
6 0.25834331062603066
8 0.300453904693767
12 0.3183802712576974
18 0.3456878459034083
19 0.3656678332470849
20 0.4109983442624737
33 0.4173106414987583
14 0.48177144128081983
13 0.5058552071660268
5 0.519178492523763
23 0.6224655663947735
21 0.6663151720767361
10 0.6689048676192191
7 0.8615345426717316
27 0.9249738584457787
11 0.9268583967621467
15 1.0227858666623824
26 1.0477195740532839
24 1.0920962504084741
17 1.1002353862485257
16 1.1696291928490374
25 1.217555197153958
42 1.3693410485834783
4 1.3956106102761783
9 1.4495976052747908
36 1.5148904845257507
43 1.533283704198824
35 1.5981150141022828
38 1.832852571433688
40 1.8935048597350266
31 1.9779301108122003
2 2.100804445256995
32 2.130572702699454
46 2.146732410141537
30 2.35794416986856
29 2.379894166053561
56 2.477596868057567
98 2.5165662273199296
37 2.771745443745622
28 3.075159879612186
60 3.146322754691899
47 3.2890789931324176
3 3.4090285615228746
34 3.5652360291733487
64 3.7474236676306725
39 3.8452112469168593
78 4.03931407459463
52 4.100842231657676
55 4.346448973397363
51 4.586941274809004
61 4.786928995111665
49 4.832891171838964
66 4.892015688330864
58 5.093454452409244
53 5.097011477334344
1 5.1328430710098125
81 5.1738039070348645
59 5.277654668166586
50 5.292787822821677
54 5.34648118935925
77 5.528604305140284
70 6.424195107443175
67 6.468892180616125
44 6.569295465169829
41 6.900120296266488
69 6.944233990506693
48 6.97350927455339
95 7.324887730932149
57 7.589342700265864
63 7.784047457781644
74 8.183774400213112
79 8.650332887290475
68 8.819972239283501
75 8.914921974277496
76 8.999763741537704
83 9.131536718252814
86 9.15269039085855
84 9.391602101815959
80 9.453704833039666
45 9.658712592583761
73 9.726486806604868
88 9.923662381246679
82 10.142041758010398
65 10.789169420749113
93 10.875575304120717
71 11.050623484758773
72 11.169887061740791
62 11.557003916370745
89 11.636307673331256
99 12.053554329563159
85 13.010003625560131
91 13.045509895381144
94 13.940284027190485
100 14.045715683605405
92 14.950352340347097
96 15.620297548295559
87 16.007154612500997
90 16.36210960247429
97 17.012524392469228
0 25.362204821154606
