12 0.10801689598482182
8 0.14190215275726584
14 0.14341381722315605
18 0.152392148211547
5 0.16630496353279778
6 0.1741670667080993
10 0.2706351095590415
19 0.39934086118949214
11 0.44074034597885836
22 0.5300555031685505
20 0.5667508365240821
13 0.7635591188217312
15 0.8093589075466929
33 0.8865996054423977
4 0.8939947769839998
23 1.0013090195330534
21 1.0986695087029097
9 1.1434808033311161
7 1.5289673190119952
2 1.6296639005435358
27 1.7303466628844095
24 1.8680268750160056
17 1.8924173419580288
26 1.941413716647694
16 2.0057703056055334
25 2.0703852834072327
42 2.5084493002781785
36 2.6747372086483336
43 2.71844249243377
35 2.801884867854344
3 3.043098126854493
38 3.1529007320021982
40 3.2898920715563595
31 3.3769474717078523
32 3.6205150524550085
46 3.669132403337647
30 3.8949302401868
29 3.9427981829657304
98 4.151539928418753
56 4.167666162764743
37 4.529882578602829
1 4.931791872949913
28 5.015209470479487
60 5.112274677518852
47 5.345656228810555
34 5.718380252138171
64 5.926819408038991
39 6.094297855237406
78 6.481028739894387
52 6.524535019123156
55 6.851326894216974
51 7.261988651591366
61 7.4182253989733375
49 7.599155366816125
66 7.695847064958567
58 7.9087725867087455
53 7.908955309122814
81 7.979545394466835
50 8.199034788800624
59 8.239280800632816
54 8.34840495404886
77 8.528342716411858
70 9.840032229103498
67 9.883567722171106
44 10.057910503475389
41 10.57908519892198
69 10.619956388304635
48 10.70535509869307
95 11.064771612437273
57 11.577002392472426
63 11.83369386277895
74 12.419816216229421
79 13.007199298311644
68 13.067419636331477
76 13.435467198930164
75 13.441520588902584
83 13.508479075630444
86 13.668124685865287
84 13.915105745998297
80 14.22010668741156
45 14.480893989064594
73 14.526836444249138
88 14.878883625524468
82 14.96298827366875
93 15.948578360941488
65 15.970047339995068
71 16.201099962879976
72 16.3313090856432
89 17.055863272413347
62 17.14476418347451
99 17.555664415647296
85 19.121479105188065
91 19.173906269042085
100 20.302729406437802
94 20.46782959723524
92 21.846765829509575
96 22.421364707658107
87 23.286939075053883
90 23.73061068298653
97 24.254924837535683
0 29.213183820153855
