0 -9056751629727746.0
1 -4691926115767806.0
3 -4132243695507223.0
2 -3638825830926153.5
4 -3313146734479328.0
9 -3269840209933657.5
11 -3052121074353719.5
15 -2968704032080143.5
10 -2852146154857565.0
5 -2714567222946745.5
14 -2661449360682119.0
12 -2446521731306448.5
18 -2414867366257092.0
8 -2364963256164943.0
6 -2264606568667446.0
19 -2139377123736542.8
20 -2005921293903304.5
13 -1919250504478112.0
22 -1835563298462791.5
23 -1821406633248851.5
21 -1774882648909841.2
33 -1625335851152664.8
7 -1559754052946077.5
24 -1524245174270424.5
17 -1513698326831778.5
25 -1494917449252780.8
16 -1493762065029742.0
27 -1414461296562531.0
26 -1356365068965533.8
42 -1191673829031998.0
43 -1152444815666369.2
30 -1150690161245281.5
35 -1148181216181241.2
36 -1134427472630546.0
29 -1116741041510470.4
40 -1100633834548220.0
38 -1093475190425159.6
37 -1054813527046768.1
31 -1011665297608131.9
46 -1005994571617561.9
32 -973393705975700.1
56 -935002920598151.2
98 -847785281422284.2
28 -812543028788470.8
60 -801336042607283.8
47 -780980799561968.2
78 -750243683749669.0
34 -737376787076746.8
52 -715943368423701.2
64 -709690721119147.9
54 -704908366754923.0
39 -690598665888056.4
51 -669868861295126.2
55 -657365144064457.6
66 -637118836919027.6
49 -619264551836442.0
53 -606229927168439.2
59 -584713182551699.9
61 -570898639161268.1
58 -556879096581489.7
50 -550880981113824.5
41 -526982883366174.6
81 -519093681394240.25
48 -513225273172968.3
77 -511289744159057.06
69 -502477817834401.7
44 -494324958058250.44
57 -481544878201419.8
70 -466520664699567.2
67 -454861203769394.9
63 -449374433373471.4
74 -438425679995596.0
95 -396944814184259.44
75 -374887880097623.4
80 -354002634751114.94
79 -344931551461648.25
88 -325508317967137.44
45 -324377384725517.2
86 -300350905997311.2
76 -296635538533016.06
73 -284070995401706.44
68 -264563170746447.56
84 -250857051912268.5
83 -247648193127003.34
62 -231703513276741.12
65 -225744104617730.16
82 -218687999325830.88
93 -183141439664064.94
71 -178759118190598.62
72 -166104793138521.22
89 -164338009393209.9
85 -161043390407575.72
91 -153169289928674.03
94 -143682607867699.6
99 -143641003021085.84
92 -110609724976016.17
100 -89195717070441.86
87 -81807002677083.78
90 -67261586179088.97
96 -49836768450420.93
97 -23528935816496.023
