44 0.210313278010383
70 0.21941855522293044
48 0.38943352199438713
95 0.3903425888119899
69 0.39706957008485433
59 0.43085922197457466
50 0.4309012461077776
41 0.5382458203022948
58 0.5968114507874466
53 0.6052593484601041
63 0.6159148196171741
77 0.683704396008903
57 0.6846938279797166
81 0.6957551603961902
67 0.7388187072806716
61 0.7776222373454913
66 0.786565854629371
51 0.860187590410054
74 0.8852225710586024
79 0.9819452666859066
49 1.1166398109316866
55 1.1301031099918657
75 1.162857609239705
52 1.370793841264992
76 1.3902429243275691
54 1.3949041236489281
86 1.4720151364312248
78 1.5215843764501262
68 1.5307783218566688
80 1.587984752011279
45 1.6817502247974687
39 1.74253950889234
64 1.8961876538359745
88 1.9584187711011867
83 2.1147165283438167
34 2.1608025542672378
73 2.296012937740155
84 2.427715910349026
47 2.6825423634100987
82 2.7100309275504584
60 2.900681659138857
65 2.901445203264048
28 3.0780776296527392
62 3.606864807893481
89 4.362294933602687
93 4.486301140160509
56 4.62536585991494
98 4.709424051381383
71 4.827020041695432
72 4.837793255465664
85 5.620655669575418
37 5.648412412248809
46 5.724845411986753
91 5.883173253187079
32 5.89742742703568
31 6.478647429014792
99 6.566620620747553
29 6.794643524065996
94 6.871960832982234
40 6.8832380918811396
30 7.280614160554458
38 7.297683817103797
35 8.5393755282582
92 8.562309702114922
43 8.65433560702479
36 8.871687733109079
42 9.48152989924473
100 9.75726096269561
87 10.478718025482346
90 11.30849554957609
96 12.388201276274804
26 12.411501679636263
27 13.693159148557815
25 14.252226683284848
16 14.310277990485778
97 14.799399458969214
17 14.800042799913376
24 15.01622684500085
7 16.144263890910118
33 20.50172933340216
21 20.91443402773383
23 22.012888657184952
13 24.550837433341623
22 25.77038959592351
20 26.960746168262702
19 30.478134288413127
6 34.66448975677909
8 37.262617437678315
18 38.43738538811183
12 40.12703770151276
14 45.812645167120316
5 47.89695698257145
10 52.236859899226275
11 58.10429273760746
15 58.65215337340464
9 67.23164084480912
4 67.26786498815038
2 78.55852858548259
3 96.04003200475428
1 116.09088800135703
0 291.2331175960325
