75 0.18322390338663885
80 0.2028301761998355
45 0.21507050187980173
88 0.23975074043895975
79 0.25272591220770985
74 0.2558165088883056
63 0.2794482144680332
57 0.3506354321957024
86 0.3565607270196321
76 0.39015679081872323
48 0.43034027969143457
95 0.44734404351038903
69 0.4627477532434181
41 0.5176886178733779
65 0.5360977367723233
44 0.5428922325612844
62 0.5711811205610363
73 0.5752325810824157
68 0.5774696662573957
70 0.6712768048928903
82 0.7116800696827608
83 0.7612806653535225
84 0.8144444409662064
67 0.9650725599008277
89 1.043452333028093
85 1.151661574797461
59 1.1749844860970884
50 1.1801557626466042
91 1.27260560396138
77 1.2807621482459324
53 1.2820641599704603
93 1.3530949336101816
58 1.3620971941975846
81 1.41420637316077
54 1.4266845180508678
72 1.4357504639321659
94 1.4584373202047838
71 1.4641749514494933
66 1.5266533100908917
61 1.563228775184316
51 1.6157064788016007
49 1.75514295717549
55 1.8487079027501228
99 1.982833259334532
92 1.997356940443189
52 2.040600070907434
78 2.1061094108090335
39 2.3761091328123136
64 2.4739879757623027
87 2.6354953031564574
34 2.6835025511310704
100 2.928057310962999
90 2.959833584655714
47 3.0972127487511782
60 3.2155012048710345
28 3.3331485822544886
96 3.771815189188188
56 4.33240189702061
98 4.434479659542999
37 4.4793495486842545
97 4.57000785880595
46 5.00766718740235
32 5.109004138199077
29 5.202937469972025
30 5.436319583180949
31 5.459270444220836
40 5.633562598181275
38 5.856527499260777
35 6.564102281390796
43 6.698814564344713
36 6.815490603832413
42 7.2663886106797495
26 8.699620359050702
25 9.352315800513727
27 9.375128824439212
16 9.414554587432457
17 9.698078286883794
24 9.809434481808834
7 10.525139613270571
21 12.926528192604822
33 13.207030875826595
23 13.494960601459159
13 14.831921992063085
22 15.905369637002295
20 16.10042700333074
19 17.878475493806512
6 20.146592530021742
8 21.429307676493618
18 21.964944111379545
12 22.897825018418292
14 25.669087345066274
5 26.772948555329567
10 28.962732822314848
11 31.797740034802455
15 32.37310040221352
4 36.36941258489209
9 36.531523457995924
2 41.9179233348065
3 50.41638351354395
1 60.08677543725533
0 142.88498241490046
