100 0.32203354660483996
99 0.3388331863036618
96 0.3525758262962854
71 0.3831737212063657
72 0.3907542729065481
93 0.4005267880172865
97 0.41813825977025126
89 0.4879805171509964
84 0.523905730502497
82 0.5350064613001734
83 0.5519097573403781
91 0.564783996067402
73 0.5750409473413505
68 0.6264463712170821
65 0.6307510209263555
90 0.6413805166254893
85 0.6446410942072255
76 0.6739362911619351
87 0.6788946396541491
92 0.6798243996825194
86 0.691151489089046
94 0.69618652236274
62 0.7470972541199113
79 0.7797726223855873
45 0.8541019817038035
95 0.8708771029498199
67 0.872666623996746
88 0.8970776524657679
80 0.9394747727439468
75 0.943015347152415
70 0.9811614733522517
63 1.0668347289713613
77 1.0698659040380898
74 1.0790462578212752
44 1.112597949200753
48 1.133509902556724
57 1.1505718544062018
69 1.1587537937932562
81 1.1829182908260958
59 1.205628782097592
50 1.217524847731222
49 1.2252460352721288
58 1.2254058873399234
41 1.2256112421672951
66 1.2476076870233979
61 1.334108167473068
53 1.3867484151906626
51 1.4112809813975955
55 1.4975734423261944
52 1.5839646832313476
54 1.623322024828619
78 1.6235683789630608
39 1.6281075571783954
64 1.6998134642884302
34 1.7246685040437488
47 1.7857302718920027
60 1.8926676027499088
28 1.9218987637134077
98 2.183473433240087
56 2.215110074266086
46 2.4171337800602655
32 2.4350351403631154
37 2.4730087758187063
31 2.5422999549915257
40 2.6257762480930715
29 2.6457024918432905
38 2.6979437817632705
30 2.725315925949791
35 2.878129755553894
43 2.8911575458125363
36 2.9177201010033147
42 2.9952795564413295
26 3.428007447530361
27 3.5980747932091464
25 3.6761463723491006
16 3.6810273830702918
17 3.744651420322565
24 3.7760888862328255
7 3.9162024481901363
33 4.485155541824284
21 4.487698650237041
23 4.617806314630678
13 4.911929373069025
22 5.110703377020724
20 5.184623147728618
19 5.570996331509602
6 6.044813437963741
8 6.321826691814882
18 6.4373173178432115
12 6.628980796527147
14 7.207746271669124
5 7.437503370988804
10 7.891534682429642
11 8.463647001072392
15 8.647014139406474
4 9.395067719717195
9 9.473122170070583
2 10.510785842720725
3 12.19953822569175
1 14.083976953368966
0 29.779129915275956
