15 6.817855064100388
9 7.144857053378449
22 8.520236257885111
3 8.641074146217333
33 8.785043224276375
2 9.788200331481633
42 10.043246805145806
1 10.104610936264393
36 11.383728774255845
98 11.455476895441379
0 11.494522104577054
32 11.563030962517278
43 11.571884376592301
26 11.633596063527545
27 11.678693460710374
4 11.776306616203927
31 11.951730540978936
46 11.969975256896614
56 12.14159208887651
10 12.160547644006094
35 12.206896777163765
12 12.374503736897347
40 12.501647409976973
47 12.569481568142548
6 12.646225291554046
5 12.666533077385234
38 12.979540853764522
28 13.20241628286093
60 13.356894350615901
11 13.556844092773066
8 13.58802262467377
49 13.652911101908558
34 13.8318488055485
14 14.532450763927248
39 14.704800844673759
77 14.8728594000968
81 15.012523150303268
66 15.06173094506874
78 15.121100107126159
18 15.230993733669658
7 15.307675829459503
58 15.502928601288023
51 15.618019873219067
55 15.658748652813415
52 15.82635617700613
64 15.878810066531958
67 15.917320140836607
61 16.06452511064069
59 16.147548202908787
20 16.4148370586128
19 16.415049069963555
50 16.467430078758294
13 17.13125764508512
21 17.497244048565335
70 17.53492833703992
23 17.627686693017125
17 17.975414745245374
16 18.266977230972095
24 18.322499877827077
29 18.61780946518357
25 18.97864928121298
83 19.310069972123877
84 19.427497196493988
53 19.889267073302424
71 20.083157729693745
93 20.24375197118856
68 20.262145106341418
72 20.66493306813071
95 20.7910387953401
30 20.819366978122595
73 21.022762832223712
44 21.13878028912874
99 21.173836642428014
37 21.223808749750674
76 21.74104931147988
82 21.89602864156509
86 22.65985442730282
100 22.849502261529953
79 22.98630258646529
48 23.231515845672284
89 23.526235851374572
96 24.497020152847437
65 25.53028801686598
69 25.71899735804647
91 25.983040734845673
54 26.095614992934216
41 26.599926199973595
97 26.80242538338092
63 27.15870983285431
57 27.92289881105115
75 28.561685932001293
45 28.683229068584694
74 28.90016707972177
80 30.092166700236984
88 30.566270686009812
85 30.723925088082005
62 31.042034188756332
90 31.754573678891145
94 33.241373075353735
92 33.78399383137049
87 34.05067387861541
