60 0.10938006048271799
28 0.11021351210249485
56 0.12367499350652714
34 0.12628843971758857
47 0.1304948588410535
64 0.14385163938777915
39 0.1478343068820144
46 0.15140005305169754
98 0.15296210694688006
32 0.15866667741167795
78 0.16726080421308642
52 0.17295488363903175
31 0.18206194027109712
40 0.18223742333830834
55 0.19472968373383281
38 0.20105929813063833
37 0.22801248687246548
29 0.23014664916640457
51 0.2311943211540669
35 0.24988821193202185
61 0.25283287598625986
30 0.26538404398529586
43 0.2672303703593817
36 0.2784661237523061
66 0.2934284174617977
58 0.3010188287971222
49 0.30117947592142946
81 0.31628384358804
53 0.3203693419769041
50 0.330334874479936
59 0.3359582913061084
42 0.33839359083393983
77 0.3908045922024474
26 0.44735455565143467
54 0.46286228218434644
27 0.5193840189962214
70 0.5479160079891887
16 0.5644176916366581
25 0.5667551779249105
67 0.5855284594725626
17 0.5917496122683923
44 0.602277557741606
24 0.60806625519976
7 0.6661926734142287
69 0.7219483860653558
48 0.7262945693624082
41 0.7323858929327695
95 0.7560743097944371
57 0.9022488822296348
63 0.930170032178592
21 0.9746935342706071
23 1.0507332431038408
74 1.0524392098436277
33 1.069327208393407
79 1.1063720606946368
68 1.1212151758212443
76 1.1877974300480438
83 1.2168099250777369
75 1.225694484545268
13 1.2287543022254446
86 1.2386143671267011
84 1.3047473592642191
80 1.3904342321136336
20 1.403483583984036
73 1.415976302511262
45 1.426027223812974
22 1.4483448721809802
82 1.507465768659725
88 1.5235169697182598
19 1.662042075760466
65 1.717491349172604
93 1.75808914031169
71 1.8181167856358256
72 1.8425123403098769
89 1.9642770270074854
62 2.0006756981916887
6 2.0154132935929896
99 2.1501934197387587
8 2.2192922029897817
18 2.3012740694714116
91 2.453055268957113
85 2.4560397644524476
12 2.4621750818020196
94 2.7879923155568913
100 2.8220575521575832
14 2.914636006572713
5 3.1165223532869253
92 3.1352925554789666
96 3.36081443273817
87 3.509842319633178
10 3.5101010085396918
90 3.6265287427156405
97 3.839782961044821
11 3.9969051174368615
15 4.269498553923914
4 4.865731384795969
9 4.996799624866048
2 5.94093014075388
3 7.6395677189968545
1 9.62738590521127
0 28.21802967721681
