87 0.31596010370414535
92 0.356024636666538
90 0.4029377627923435
94 0.5478229517125657
91 0.8192937615201582
85 0.8404753956152827
89 1.542619635563768
96 1.5646917663739932
100 1.5717580184657658
62 1.6141851301420456
97 1.7183996663194385
99 1.9332715849225697
65 1.9842804737918445
72 2.1056278189027196
71 2.2107869361940202
93 2.2554494494075414
82 2.482912994664378
73 2.7058438441703614
88 3.0643514278804593
84 3.1376215011527626
45 3.1804412916135893
86 3.2877679604669807
83 3.3943130064327964
76 3.445366091693986
80 3.583796991567993
68 3.690104716799533
79 3.8940048852730875
75 4.082866783336719
74 5.2490263153457715
95 5.516594579733422
63 5.634024918516945
57 6.182812035587772
67 6.7126297353801645
48 6.767530196358617
69 6.930703763418227
70 6.969796706699891
44 7.218684792121663
41 7.272488868558229
77 8.54411510375617
59 9.257915689064669
50 9.342795901012549
81 9.47387148998455
58 9.671400032432379
66 9.946367818554595
49 10.087612015938664
53 10.311995164064797
61 10.57639843238543
51 11.140541206071056
54 11.217295185413606
55 11.989916239977298
52 12.700728449795958
78 13.058792081190976
39 13.386289877641829
64 13.88098557076403
34 14.34680569836573
47 15.053721975962356
60 15.894165994500565
28 16.201923445609733
98 18.677337926578932
56 18.965304669037245
37 20.505783938909875
46 20.803657824180174
32 21.01453318424143
31 21.94061753454423
29 22.410354040839422
40 22.732795654469022
30 23.039980820425207
38 23.37018522479893
35 25.142754548514322
43 25.214750152626664
36 25.491021553838547
42 26.086432852794395
26 30.384036323170523
27 32.035842310447435
25 32.595474712670956
16 32.717002002361646
17 33.35036786948511
24 33.602471266394495
7 35.095748320953945
33 39.83829384740615
21 40.68531428859571
23 41.944626861724394
13 44.844785463985176
22 45.87578989714276
20 47.5517139626787
19 51.384938615296804
6 55.86648584520384
8 58.59374862849539
18 59.816435232771575
12 61.54037260066911
14 67.35412677435971
5 69.42135240932701
10 73.70883380645407
15 79.44786592831767
11 79.49619678070918
9 87.82508976768312
4 88.23174173783829
2 98.77020020409613
3 114.74456706268273
1 132.72424112331052
0 279.3656220978565
