44 0.1967877905863539
48 0.212088906009821
70 0.2160723352878627
95 0.22940498638073034
69 0.23116663101037246
41 0.2591058676285136
63 0.273668114800474
57 0.2899518503498918
59 0.32146091406048033
79 0.32550667023590774
50 0.3340067476495735
74 0.33882915719159795
67 0.3433650923368725
53 0.35943197151298745
75 0.3971281776637684
76 0.4030959410473807
58 0.4050278902731244
77 0.4120840608954405
86 0.4201232251891847
68 0.43899649037662464
51 0.447464856769098
81 0.4491331834053287
66 0.4525711747775529
54 0.4556209621542209
61 0.47691597088565363
80 0.5025279185570933
45 0.5124930456037902
83 0.5350000543488047
55 0.542057826709429
73 0.5578500743302508
49 0.5705338779158857
84 0.5830573669812924
88 0.5884626746797098
52 0.5975239519018103
78 0.6024857973386528
82 0.6639704563239288
65 0.7475135092210085
39 0.7643150029455108
64 0.7955245291794815
34 0.8770218972347773
62 0.9570054188281398
93 0.9724433178074696
89 1.0214461945281113
71 1.0364187707298442
72 1.0448225139301068
47 1.0792490914095865
60 1.092040688103316
28 1.1436635726384243
99 1.366429492628673
85 1.3945476558350178
91 1.4043325763878818
37 1.4877081788456168
56 1.5573093893513397
98 1.6991900720280846
94 1.7155426173972206
29 1.7713580365389123
46 1.8426795693665619
30 1.8649520978848402
32 1.9098666577286496
100 2.038058434452903
40 2.0589393257645505
31 2.0634189484221612
92 2.0947816826266945
38 2.161901242521112
35 2.469852950503959
87 2.524067878386629
43 2.573612155313139
96 2.6297460500399734
36 2.6391064038442855
90 2.680157598684713
42 2.9112387245856057
97 3.1895574404350926
26 3.381687617233747
25 3.500655372575318
16 3.5321543775525903
17 3.661311354724232
27 3.6647167182170937
24 3.712955165163797
7 4.063428365762946
21 5.067832462909118
23 5.317918698803707
33 5.659234832368931
13 5.9214045138688265
20 6.502933877041345
22 6.859139377841542
19 7.292786636877097
6 8.428146881331838
8 8.993102108222741
18 9.195743406381405
12 9.707174006158773
14 10.91769899747505
5 11.496835263524181
10 12.55934455613783
11 13.820654036421484
15 14.619624621177042
4 16.077997349453582
9 16.47217257135926
2 18.79476299025467
3 22.954786605672243
1 27.659651494822175
0 69.17555083709411
