0 -2.1948239917550592e+17
1 -1.7957168237888883e+17
3 -1.7354457678958083e+17
2 -1.680601855507378e+17
4 -1.6433287001083686e+17
9 -1.6347129993997254e+17
11 -1.611096190993394e+17
15 -1.6000614533113136e+17
10 -1.586755607337574e+17
5 -1.5697942384134685e+17
14 -1.5621724320469667e+17
12 -1.5355931978927933e+17
18 -1.530082995349849e+17
8 -1.5236718834969802e+17
6 -1.5104545551628534e+17
19 -1.4920771802612253e+17
20 -1.4736611776081267e+17
13 -1.4609186019267117e+17
22 -1.4520004057539075e+17
23 -1.4463632609246266e+17
21 -1.439526154820169e+17
33 -1.4188444904827162e+17
7 -1.4072615169941048e+17
24 -1.4012239683160283e+17
17 -1.3994802373302269e+17
16 -1.396006901440375e+17
25 -1.395870175416588e+17
27 -1.3834205050424304e+17
26 -1.3725632965805994e+17
35 -1.3392799324380758e+17
36 -1.3386654080361286e+17
30 -1.337339504488437e+17
43 -1.3367999985136418e+17
42 -1.3359441507945344e+17
29 -1.3317742223844008e+17
38 -1.3282746159470237e+17
40 -1.3217985499556525e+17
37 -1.3199548647399838e+17
31 -1.313335301226958e+17
32 -1.3060590567426802e+17
46 -1.304751340604924e+17
56 -1.2901116679528853e+17
98 -1.2846197704876085e+17
28 -1.2708942470510208e+17
60 -1.2697600401911984e+17
64 -1.257003337590981e+17
34 -1.256280712725042e+17
47 -1.2556526354701827e+17
78 -1.250246405786712e+17
39 -1.2490607560855362e+17
54 -1.2477017553102106e+17
52 -1.2474048586800277e+17
55 -1.2396905963975915e+17
53 -1.2309559808026538e+17
51 -1.2302724712894707e+17
61 -1.2242394496104898e+17
50 -1.2128108843873715e+17
58 -1.2122940899897592e+17
59 -1.2101159599341106e+17
66 -1.209765036589945e+17
81 -1.2072926639703846e+17
41 -1.206429915489812e+17
49 -1.2041953094779994e+17
69 -1.2012018888533683e+17
44 -1.2002848462079398e+17
48 -1.1977685790712869e+17
57 -1.1940465196551347e+17
77 -1.1930539859000083e+17
70 -1.1869893985576382e+17
63 -1.1863631084460282e+17
74 -1.1825605295130518e+17
95 -1.1727559400672866e+17
67 -1.169802647042647e+17
75 -1.1650545239490826e+17
80 -1.1581885930983424e+17
79 -1.1537952562748995e+17
45 -1.1499904198042149e+17
88 -1.1495172698495698e+17
86 -1.14035309791285e+17
76 -1.1402516398843616e+17
68 -1.1380361198858024e+17
83 -1.1260812615760131e+17
73 -1.1206056308868445e+17
84 -1.1190891362440032e+17
65 -1.1190325196595336e+17
62 -1.1184421545757715e+17
82 -1.1157345911816416e+17
89 -1.0955470064445654e+17
85 -1.0914014280978422e+17
93 -1.0900461308596394e+17
72 -1.0867690520780483e+17
71 -1.0855978001544934e+17
91 -1.0835549483019611e+17
94 -1.0823373804497432e+17
99 -1.0681055937914186e+17
92 -1.066649882040889e+17
87 -1.050951610857762e+17
90 -1.0425826708280928e+17
100 -1.0407510912282016e+17
96 -1.0230795533065504e+17
97 -1.0110826011898662e+17
