62 0.1330173452058229
65 0.1705448932628145
88 0.268798149734276
45 0.2718938463041702
86 0.3527508747880643
73 0.35555410401688375
85 0.3560715230227398
80 0.3774432397290096
82 0.37938963024281297
89 0.404550535224542
76 0.4088094020842139
91 0.4391324353811744
79 0.45008884470024907
75 0.4864413306960947
94 0.5240859403610075
68 0.5743893283570309
84 0.5947886914200502
83 0.6186894646734057
93 0.7573417325323022
72 0.7815049694378956
71 0.8264930133394506
74 0.8514468665803038
92 0.8753011914685531
63 0.9607669233956839
95 0.9811717960962816
99 1.1331593689604205
57 1.1661679362928628
87 1.3411613003755753
48 1.3675001578537618
69 1.4278485198144675
70 1.5236059937521702
44 1.5393968805580989
41 1.5700476427547785
90 1.6013790349344774
67 1.6195281490474678
100 1.7630274404901958
77 2.3252693191564386
96 2.4079099972274225
59 2.4914519085182882
50 2.5090596427277845
81 2.6708172870235916
58 2.7084428088517085
53 2.8743582038727156
66 2.905950109835077
97 3.060488667505067
49 3.0765376730149687
61 3.0927799823216215
54 3.2916992058464616
51 3.322988267139264
55 3.7051810112480177
52 4.048249127554406
78 4.20856675608046
39 4.434211732495873
64 4.648356820933974
34 4.917710595882201
47 5.38315128267168
60 5.719552046683335
28 5.88367247189932
98 7.298651672521769
56 7.355698595733786
37 7.994166347433812
46 8.346522208171613
32 8.460969214957723
31 8.967146817961794
29 9.026860672520817
40 9.350935352114496
30 9.376681553271379
38 9.680428312094547
35 10.670565472687386
43 10.771311476031341
36 10.920652652874987
42 11.390980205359734
26 13.657373705806666
27 14.602656979560672
25 14.813467319602703
16 14.885746850049184
17 15.26149798243016
24 15.413614166669271
7 16.318189192618796
33 19.439385297078527
21 19.608773673719767
23 20.368069818563164
13 22.12870946313062
22 23.05922170390513
20 23.782653878461314
19 26.123864065272898
6 28.96857904605662
8 30.656248946647256
18 31.39025728805886
12 32.51523303790462
14 36.139574030162024
5 37.49336697296699
10 40.253055242261844
11 43.91104550005097
15 44.21832999357869
9 49.56032355554815
4 49.606616748866486
2 56.512047143454026
3 67.05873706739172
1 79.02254649726514
0 179.44715604935038
