97 798.1836722709933
96 810.9410602391642
90 821.1242730507012
100 826.8908995335976
87 827.2667788712539
92 840.2384904541943
99 850.1067236861593
94 853.2608689229056
91 857.0358099492805
85 861.3647795155573
72 864.4134869630844
71 864.8672080193965
93 868.0021148883071
89 868.1258517764213
62 883.4466189985793
65 885.9028809529088
82 886.2810854372018
84 891.3551151893946
73 892.1051207747621
83 895.792716199667
68 904.4408147203598
86 905.3183558039531
76 906.2208334534054
88 909.156295952611
45 909.9701233594503
79 915.7853309481101
80 916.4987391138229
75 922.4254616706054
95 932.1733569067643
67 936.4472785610276
74 936.7869259871001
63 940.3219987280083
57 946.7246150298987
70 946.8723523580489
48 951.3926118789037
69 953.1514116988695
44 954.1975690358237
77 955.1482921742454
41 957.1340749392308
81 965.2640269718728
49 966.7318708092406
59 967.4871347259821
50 968.6061303780992
58 969.1463601542783
66 969.6395059693658
61 977.4180800722678
53 980.1934870534378
51 984.1748209747844
55 990.8996004040722
54 991.2630649125213
52 996.693501522305
39 999.34163006053
78 1000.251535947625
64 1004.0487819744345
34 1006.2593349422805
47 1008.0248689585744
60 1016.6373032737557
28 1018.4743346805859
98 1031.0829067604998
56 1036.2871917938126
46 1047.7491626085632
32 1048.6365027192621
37 1052.5420048735111
31 1054.2249392739486
40 1060.6979595407868
29 1063.285439039397
38 1064.70738733637
30 1067.1411790437226
43 1073.5623415156247
35 1074.4508842893406
36 1074.927445800882
42 1075.6846618874386
26 1102.2938502960856
27 1110.7495283477153
25 1116.385348368099
16 1116.7372191181105
17 1119.6685548392782
24 1120.9875252572663
7 1127.176048532871
33 1143.8087356997094
21 1153.2033751157792
23 1158.7307924848715
22 1170.7230028598526
13 1170.9805191666107
20 1182.0123825094306
19 1197.5471744965346
6 1214.0751434956924
8 1224.70634724973
18 1229.6030748219205
12 1235.3677602215437
14 1256.8271877357402
5 1263.6992698277115
10 1278.3273958722714
15 1295.3776181841056
11 1298.144592825856
9 1323.2196778526056
4 1325.9587248374273
2 1358.2934090630365
3 1405.1859447412203
1 1455.0714184715882
0 1795.4811568968835
