12 0.40248286381786064
5 0.4311728742876204
10 0.473718418316163
14 0.49419910769424147
8 0.5036879546715459
6 0.5059830375202908
18 0.5660061811000067
22 0.5912703196984875
15 0.5924547428138338
11 0.6759390145949657
19 0.8999073601741923
9 0.9407274323986167
33 0.9684883429691076
4 0.9738610697441382
20 1.0704327237627376
13 1.3083870152167028
2 1.5518556525219718
23 1.570441140225021
21 1.6613568792329612
7 2.01154964162639
27 2.0479780759306396
26 2.250484955036674
24 2.4607130307718896
17 2.468568464918811
16 2.594516176231632
42 2.6706562293538236
25 2.6911145845874676
3 2.7774005658376857
36 2.954557105229945
43 2.9993055208547506
35 3.1347654576214805
38 3.520363879035161
40 3.6072126477889275
31 3.676718860911497
32 3.8987764707484747
46 3.949924591349237
98 4.420533259114865
56 4.44566223719934
1 4.512848569346982
30 4.558116156028573
29 4.560857522163741
37 5.1943409711088755
28 5.34815276492313
60 5.461181887170684
47 5.617776002853177
34 6.082924605182128
64 6.403378734778385
39 6.50331705904094
78 6.875375344929157
52 6.952508271115178
55 7.281302249818185
51 7.640593880996777
49 7.835352634400383
61 7.875987048748425
66 8.006070555523236
58 8.295465958445092
81 8.359855026280954
53 8.487365321921121
59 8.61289814591623
50 8.634321597434015
77 8.852482924333854
54 9.097467558204015
67 10.19562946779654
70 10.254918923575755
44 10.635016790235497
41 11.272836051312128
69 11.282502540030382
48 11.306742441499336
95 11.593322897100185
57 12.283063671462598
63 12.505650438401881
74 13.136942436949989
79 13.53355545671389
68 13.570400952017813
76 13.931217043125384
83 13.941406615982766
75 14.1080569188575
86 14.19415572224277
84 14.307097497658638
73 14.898741195552685
80 14.914915446305642
45 15.126147954264708
82 15.440632110080449
88 15.569060182251514
93 16.308690159579857
65 16.514398209697145
71 16.530338608796804
72 16.716579345162266
89 17.529510317054427
62 17.769992329507534
99 17.89948669893486
91 19.609170109953748
85 19.693702354900374
100 20.61692263299772
94 21.04183921016345
92 22.393838439250878
96 22.75943712075412
87 23.80485024952856
90 24.211110547907904
97 24.678726303431162
0 26.979138930208588
