30 0.2519409530519814
29 0.2929087334311276
37 0.38662978733462966
25 0.4367446555409798
16 0.45565535645709837
17 0.5078511780725238
24 0.5258509045458118
35 0.6054555645070766
38 0.6108249148658104
40 0.6610933569164804
26 0.6719859096024571
7 0.7151493186349526
27 0.7256551238881707
43 0.7312815838756463
36 0.7594054270195321
31 0.8972027646409066
46 0.9264376713209226
32 0.9745756286295765
42 1.013236696432069
56 1.107006665786776
21 1.1932292041198562
23 1.3423767822445838
28 1.418830059550043
60 1.4329140172334056
98 1.4473704862229835
64 1.6934643498067599
34 1.717046790218832
78 1.7199007343230084
13 1.7354064802170388
47 1.831752292608969
52 1.846472214265379
39 1.914546716608239
33 1.9169262346318503
54 1.9816737965625195
55 2.112317142444439
20 2.1470127318967736
51 2.338186040722923
53 2.4247818247708794
22 2.6181891595929128
61 2.7079057616192657
19 2.741983519533137
50 3.0494018754344796
59 3.0809833958877335
66 3.081181587135205
58 3.0876025255461688
81 3.3573926353532597
49 3.3874362395737507
41 3.566577704111131
6 3.677738900622284
44 3.682011919358838
69 3.7555832657758166
48 3.833506156325198
77 3.874688117327687
70 4.147147110201909
8 4.158767698368281
57 4.205395409469125
18 4.337450638445768
63 4.548762166448259
12 4.791574262440925
74 4.835164023179933
67 4.899946934599407
95 4.9796779850121755
75 5.781347264527403
14 5.926458168571245
79 6.133673305218665
80 6.278950984795713
5 6.473771599477336
45 6.710124054506931
88 6.845055613531982
76 6.891954534542273
86 6.934982382854968
68 7.072738232898813
10 7.517651245976506
83 7.751971779203899
73 8.003675181708621
84 8.117244880218655
82 8.577819132831218
65 8.64640851637657
11 8.826877067218906
62 9.006986662769238
15 9.539333008128262
93 10.251844970596796
89 10.284716458273131
71 10.563208183228314
72 10.595307033688647
85 11.12273169387477
4 11.198604448256654
91 11.501601825989896
9 11.53711825537749
99 12.042121881861524
94 12.090382798338787
92 13.539140087199291
2 14.191492397653477
100 14.688143336172853
87 15.08165070990089
90 15.80629822160004
96 16.745599583800203
97 18.494660438096766
3 18.993991894416617
1 24.692508300427097
0 79.94361286394836
