97 -1.4414494683765866e+16
90 -1.2926390221969776e+16
96 -1.2659060577131746e+16
87 -1.2530451121675924e+16
92 -1.1827039228925186e+16
100 -1.1184681780706764e+16
94 -1.1145647426406116e+16
85 -1.0815986301267562e+16
91 -1.0709843590488532e+16
89 -1.0644661357455898e+16
99 -1.0004002413756326e+16
72 -9950381222269104.0
65 -9782546545606458.0
62 -9705813019325398.0
82 -9624748918945084.0
93 -9541202179000866.0
71 -9529521147684376.0
68 -9208656818296758.0
83 -9107990653600020.0
84 -8741442924982814.0
76 -8568031375265374.0
45 -8551849780124465.0
88 -8529103305929371.0
86 -8503918777137635.0
80 -8223785152643014.0
73 -8157190656648827.0
79 -8077686186855190.0
75 -8018967136468219.0
95 -7575326567981807.0
74 -7406748010573397.0
63 -7320787400151274.0
57 -7043234858875987.0
44 -6897465087870015.0
69 -6871911670354532.0
70 -6758394314259170.0
41 -6678897821126548.0
48 -6565927122496337.0
81 -6390229779278829.0
67 -6304062899673405.0
61 -6220608391628808.0
50 -6200002715354404.0
53 -6088198392000957.0
77 -6070784851582709.0
58 -6034670919971803.0
59 -5655966889708680.0
0 -5616506892639245.0
55 -5551910865701971.0
54 -5460016758314357.0
64 -5355350123348271.0
39 -5313286704926556.0
51 -5142984559314431.0
52 -5061973256236940.0
49 -4986766827028301.0
66 -4954984862336383.0
34 -4951761397924568.0
78 -4776175018729931.0
60 -4604660669520159.0
28 -4504664758482094.0
47 -4396814885376145.0
98 -4359460191128816.5
32 -3804015840035008.5
56 -3784333831705088.5
37 -3730124611241353.5
31 -3636444730439054.5
46 -3513009972533078.0
29 -3482105718036222.0
38 -3392957314802447.5
30 -3357301357595178.5
36 -3256897553081139.5
35 -3219807415226018.0
40 -3196950059247101.5
43 -3083374612723197.5
42 -2726884306040371.0
26 -2501544831601621.5
27 -2375655351852185.0
16 -2276924882604015.5
25 -2269441520035433.0
17 -2223476049164999.8
24 -2191117546753578.0
7 -2082170485814141.0
33 -1742091953927138.5
21 -1610897253493427.0
23 -1515799066642705.8
22 -1366882960790808.8
13 -1330292575564075.2
20 -1181498422460464.5
19 -971643706981408.6
6 -792508197311086.2
8 -670191750080200.1
18 -620614049891747.6
12 -587023835485415.5
14 -384369520257013.25
5 -341504944013393.7
1 -289521162326078.94
10 -239425708948664.03
11 -136175438994237.58
15 -134738393401062.44
3 -66625623568373.914
4 -44651221912722.85
9 -35411681567740.41
2 -265879159274.5803
