54 0.14269887056377925
78 0.20875088609898823
52 0.23378219830383176
53 0.24431378471019993
55 0.26946139205149644
51 0.29123721857348644
64 0.30140718978091025
39 0.34076267179467506
34 0.3583217227506546
61 0.39705760695762293
60 0.4220188835164422
50 0.43219608568409124
59 0.44778879537020294
28 0.4516217488428426
58 0.4823977669932293
37 0.4949725951304967
47 0.5086945681109268
41 0.5181311803677361
66 0.5240987477868323
44 0.5520743632404814
69 0.5742019403161306
81 0.5836925226031607
48 0.60774643028899
56 0.6552624233655964
49 0.6765736812386854
29 0.6975121343946601
57 0.7393422042026527
70 0.7411506820249074
77 0.7434669145704413
30 0.7620618186402739
98 0.8009114907841186
46 0.8202775901923905
63 0.8596035149885518
32 0.8674519087194968
40 0.9460803893843188
31 0.969391185947968
74 0.9746628971701402
38 1.0161854906065466
95 1.0238472582129305
67 1.0765399016278263
35 1.2488192277535985
43 1.335382236783128
75 1.3594168114220044
36 1.3847098979886645
79 1.5016710412412109
80 1.5810481631958064
42 1.6104139076988973
45 1.768327072087438
76 1.8345932604033204
88 1.8356891552370034
86 1.8528989343889255
68 1.9100534359010695
26 2.014739672002522
25 2.1730880165856212
16 2.201611899869094
83 2.2367447901687205
27 2.2730975771286217
17 2.3219101704088447
24 2.3702524452307463
73 2.38416826316022
84 2.420628620802646
82 2.628489972681178
65 2.6759725304627557
7 2.6912241175825984
62 2.8792425482350854
93 3.4905619481001056
89 3.498596283297443
71 3.6587773629680522
72 3.661245865542859
21 3.713563402449263
23 3.972217576226192
85 3.9727679389800463
33 4.085476333124215
91 4.197218895450144
99 4.4423445624755855
94 4.5146054751683975
13 4.597467695048655
20 5.205303714420722
92 5.315727312123803
22 5.317311519020002
100 5.9186946517029755
19 6.062403879955838
87 6.190705758830994
90 6.604305925705277
96 7.0936687962617455
6 7.2374927006038785
8 7.886716384319867
97 8.094966137344514
18 8.144473648132951
12 8.654728070977493
14 10.08558913884889
5 10.700120299598426
10 11.898283580612299
11 13.422728606553036
15 13.910913999924222
4 16.003296901756336
9 16.173689161439075
2 19.166840749109046
3 24.126337251145518
1 29.89132501529899
0 81.86730338184532
