3 0.38973657811480994
9 0.4484652390511146
2 0.4585358349603075
15 0.5716856200976321
1 0.6167366129486871
4 0.7171471367795598
11 1.1138382043553352
10 1.1945600249931791
5 1.4505709012552848
14 1.7262707547435612
12 1.8379623199806703
8 2.1493183988415927
18 2.228869631733906
6 2.2331668435987986
22 2.2728735551176356
33 2.77641906428547
19 3.023005394629511
20 3.3271463747190553
13 3.7017912279793332
23 4.079136214829333
21 4.194983693302662
27 4.334989354629048
7 4.525117867030924
26 4.527969931934033
42 4.664672531441464
36 5.06703517019876
43 5.1498478006910124
17 5.151654006151132
24 5.153172108544899
16 5.3068702590064785
35 5.367969888379882
25 5.445866707817965
31 5.72215993814779
38 5.767620466745036
40 5.840370663092873
32 5.89454450718552
46 6.016116555859777
98 6.167629502796409
56 6.441231914067815
28 7.247411912471153
29 7.272267369647292
47 7.345960261967945
60 7.3606050805249605
30 7.3696235373504395
34 7.897272821838642
37 7.958118194590204
39 8.270961568073892
64 8.298745571444226
0 8.346173031362369
78 8.858103949079608
52 8.879515668710729
55 9.072266896636417
49 9.1370604064647
51 9.41796041186523
61 9.425755991266168
66 9.504804989722233
81 9.63115339549027
58 9.730097237936548
77 9.997582824459101
50 10.148447801197738
59 10.157475788498388
53 10.398630781164467
67 11.103082007179982
70 11.503684629440588
54 11.59059016436186
44 12.27207386947237
95 12.727393105885334
48 13.088367097481015
69 13.12949098987003
41 13.260622250639889
68 13.935723436446992
83 14.055878006762118
57 14.161286451660239
63 14.207088208079561
84 14.353885357480445
79 14.498498179451516
76 14.538792213146829
86 14.866195879686167
74 14.869223105807105
73 15.197129241569737
82 15.481121241603635
75 15.510611667862108
93 15.736805412748772
71 15.86421014019107
72 16.043559343788257
45 16.249991560048812
80 16.269722870998418
88 16.7723566074131
65 16.8199937120204
99 16.84439211142217
89 17.155193725441244
62 18.31744757844861
100 18.86083049129007
91 19.147758327947095
85 19.565800229377054
96 20.43480424759046
94 20.788502439383056
92 21.72076736220334
97 21.906402705629393
87 22.683439435934037
90 22.751436661899444
