71 0.35628529437464057
72 0.3575331455166256
93 0.3601872789608152
99 0.36954374004192075
89 0.3869160746138702
82 0.4169646272076807
84 0.43706443969252184
73 0.4385689415668862
100 0.4620891929978232
91 0.4646751683910605
83 0.4674218594142385
65 0.47095532891977143
68 0.5250635228519305
85 0.530425722482912
76 0.5351972041924228
86 0.5420185870298987
62 0.5739377735727433
96 0.6004170910031118
94 0.610208102552397
79 0.6305140782277033
92 0.659024845886867
45 0.6746572327175265
88 0.713656897291951
87 0.7395398099395182
90 0.7466849917300221
80 0.7638169732768302
97 0.7726954892987823
75 0.7803426406677862
95 0.7942644031498323
67 0.8957855787806756
74 0.9507567606502422
63 0.955292469549983
70 0.9679030544599431
57 1.0575572985360322
48 1.067962934896109
44 1.0811401499018316
69 1.1046734364141895
77 1.181693670944494
41 1.183035342341203
59 1.313382154635266
50 1.329880215634101
81 1.336225691474166
58 1.3730038319284894
66 1.420110924156433
49 1.436149904309953
61 1.5314339089024769
53 1.5320018143568714
51 1.6198495691992683
55 1.7601224891560954
54 1.7891517550909064
52 1.8871488710091764
78 1.9385778262236757
39 1.997576920585442
64 2.0938931188151337
34 2.1563200123600126
47 2.2918808160839745
60 2.4332003508124687
28 2.484378484676396
98 2.9565892932241598
56 2.9710918185888535
37 3.261261039800918
46 3.3052172010622525
32 3.3441210523335045
31 3.5186991160470606
29 3.5738577840711874
40 3.63603920818588
30 3.6965227550485973
38 3.753731239530043
35 4.0676473079954185
43 4.103589594545574
36 4.153421072449734
42 4.3074991390070805
26 5.015147168912393
27 5.310798154515995
25 5.379875711706708
16 5.397632510591054
17 5.514192571112616
24 5.56568808425987
7 5.840211229201969
21 6.845429574333734
33 6.894360921313631
23 7.07837361776356
13 7.614702193080535
22 8.009179652295272
20 8.116340657671971
19 8.820239045671501
6 9.703070660246311
8 10.20767748156186
18 10.41680240989066
12 10.776054486680867
14 11.843210340539919
5 12.269905566333565
10 13.110064097620562
11 14.1791984626383
15 14.46102169220399
4 15.912895971302177
9 16.015906769831002
2 17.996120965747025
3 21.16157831224954
1 24.72130640068256
0 54.577747414675585
