97 0.9004369935591672
96 1.1114167653033236
90 1.2199573332169582
87 1.3361915732766425
100 1.4195396400691236
92 1.5894126369273778
94 1.8664510286901639
99 1.9245039590081239
91 1.9461917597333027
85 2.050763075687562
72 2.230031471040891
89 2.238715105693969
71 2.25391989756993
93 2.322752511055986
62 2.5952627277077234
65 2.667562852916543
82 2.72321893978634
73 2.886102398051194
84 2.9158300956685337
83 3.038625321987392
86 3.23305050121937
68 3.251824005949176
76 3.26366427339838
88 3.3076215599295082
45 3.3315456649996533
80 3.524158032265913
79 3.530641852976928
75 3.7066022920634385
95 4.087789690181833
74 4.161649376464791
63 4.280130702901081
67 4.348810866414957
57 4.48716914380624
70 4.579653013290847
48 4.660775903198412
69 4.717185640550788
44 4.766947702112024
41 4.8489579225544555
77 4.987743466167463
81 5.313920658627085
59 5.3366602675352315
50 5.358864978399989
58 5.423869307368407
49 5.47144181661273
66 5.506617997235231
61 5.720090204407589
53 5.738004351287301
51 5.946330836029818
54 6.102408673959071
55 6.191110418146964
52 6.426758785507639
78 6.5435602825909465
39 6.5754630850844595
64 6.745691141693687
34 6.855813445166618
47 7.023404883967699
60 7.305443613580697
28 7.38560017411281
98 8.021437684932364
56 8.157772425179498
46 8.666828889772155
37 8.680650357228386
32 8.703915611909881
31 8.961628943528403
29 9.170882202823663
40 9.205407765850202
30 9.344802131895332
38 9.372446049683324
35 9.823970238851405
43 9.836668850739683
36 9.895315950638725
42 10.042679300410631
26 11.163800669565648
27 11.574003131261923
25 11.743404364917467
16 11.767424142272073
17 11.92269832386129
24 11.990352821055371
7 12.34251504356206
33 13.462592733884692
21 13.682622269168684
23 13.982582926195963
13 14.6619976373426
22 14.8927391929413
20 15.286166473712573
19 16.16356099169463
6 17.1839420724079
8 17.803301793554567
18 18.074394324519268
12 18.457204716620538
14 19.746354226165817
5 20.20652613582473
10 21.15236132380672
11 22.401901891131516
15 22.437919813965536
9 24.234988643193777
4 24.286428820732787
2 26.529040394849154
3 29.888550727620245
1 33.6085537292331
0 62.747241305776086
