89 0.324819792786036
72 0.3358446054204697
82 0.33752094086910134
93 0.3378168609772044
71 0.3437041715952438
73 0.3586461141013112
65 0.37639447124789854
84 0.3854194591510247
99 0.3869632500218739
83 0.41294418718725623
76 0.4366971734491051
86 0.4380262734190549
91 0.43903890323242556
68 0.449822454616359
62 0.4992161934774409
85 0.5024186871455666
79 0.5202675946562575
100 0.5388949249290785
45 0.5602961404297125
88 0.6051740240599088
94 0.6256083616828794
80 0.6497770101832632
75 0.6612121888190752
95 0.7186980174408616
92 0.7220786718537218
96 0.7331833516165789
74 0.8344572870446576
63 0.8408506666961089
87 0.8577570193889866
90 0.8794510824117443
67 0.9240405507057294
70 0.9312228289354562
57 0.9466729634640882
97 0.9601984048171306
48 0.9683419531013834
44 1.000060796493527
69 1.0065910101627358
41 1.0856663467389793
77 1.2634668389232766
59 1.3459983794123145
50 1.3609306703267428
81 1.429739924837743
58 1.4447175336917515
66 1.5195876055618478
53 1.539908391829526
49 1.5946764726632376
61 1.6215622811406938
51 1.6949124620704419
54 1.759902936954241
55 1.8629706811070712
52 2.002563053440895
78 2.0497311611961786
39 2.1862481722286184
64 2.276096217980141
34 2.3819730460594637
47 2.6048415504245113
60 2.720493946201036
28 2.7896863670654386
56 3.3889568475025857
98 3.4509105514836373
37 3.5094156377671992
46 3.7885826280386192
32 3.8536323058079147
29 3.896210870433384
30 4.025771390768313
31 4.060451948288904
40 4.138841685067013
38 4.273411617156978
35 4.662812480024765
43 4.748675575908275
36 4.819349400665549
42 5.080092573733291
26 5.7969273082956585
25 6.054345155958975
16 6.08745943501519
27 6.142544532035205
17 6.234809216255273
24 6.294176699144725
7 6.675736997201854
21 7.840501768530754
23 8.11899530602797
33 8.25946622993865
13 8.777704361881147
20 9.402042845257725
22 9.596062025064771
19 10.251195377441492
6 11.409276767961583
8 12.00489053509062
18 12.228783063350994
12 12.730906953962116
14 13.987124590524665
5 14.554660061171338
10 15.610392979450177
11 16.883696577153426
15 17.54843168378767
4 19.081221356703832
9 19.39962330632995
2 21.704014306804865
3 25.670561305901476
1 30.094972977780515
0 67.69825989374279
