56 0.14381388064442518
46 0.15889337714229387
32 0.16812196954701852
28 0.174958490252529
98 0.1761332111160285
60 0.18238178906170932
31 0.18828603371107275
40 0.19120178649057276
47 0.19646109498434924
38 0.21633344892524614
34 0.23687940439176772
35 0.2610274204997593
43 0.2717485622366028
36 0.28542959728926104
39 0.29180054540433026
64 0.2957053677980036
42 0.3449820473667235
78 0.3471700914019276
29 0.356627752352256
52 0.35985020893232667
37 0.4032028674506778
55 0.4075367033208735
30 0.41519740885824524
51 0.46168437332613194
26 0.4802668776559093
49 0.5058305789458919
61 0.5113376524549081
66 0.5239407912486204
27 0.5667566339667125
58 0.5804810084030094
81 0.5982457411486792
59 0.6458323858052202
50 0.6547395318365163
53 0.6805630274311116
16 0.6861246681395418
77 0.6980796782533526
25 0.6991369637839117
17 0.7133710080077754
24 0.7364120346955823
7 0.7740897182316031
54 0.9760158133778817
67 1.013228738648728
70 1.0312411257394019
21 1.1743076016462626
44 1.1886415206762262
33 1.2501096218567715
23 1.2709858747803253
95 1.4100741678363389
48 1.4101177325408616
69 1.4261834934818285
41 1.4547523020775233
13 1.4900633393351703
20 1.7044687871019835
22 1.7378899981508198
57 1.7520932808077885
63 1.7882891761061697
68 1.9903293222868177
74 2.006207105513891
79 2.0108196325845884
19 2.0378823797970003
83 2.1020739739001484
76 2.1127997074066167
86 2.2056519239039445
84 2.2177685025563614
75 2.2832554931770104
73 2.420787178340167
6 2.475318990008781
80 2.565382926470731
45 2.605539426876209
82 2.6077181910285114
8 2.7482202278232926
88 2.7811671486525724
18 2.8627181461787465
93 2.9049453706812653
71 2.986716240640545
65 3.0202908680566076
72 3.0503657130608586
12 3.0618921913446036
89 3.356523635104577
99 3.486147714170292
62 3.5353931538423393
14 3.669991292937808
5 3.932735871777076
91 4.161479671341704
85 4.234489481197122
10 4.459808943060352
100 4.532298885008199
94 4.784300791804978
11 5.114999133215946
92 5.320137761809512
96 5.4005961591537
15 5.521249753158382
87 5.894573822534873
90 6.043731541077631
97 6.209864245780044
4 6.286196326708663
9 6.50014096255396
2 7.752097136654799
3 10.088260481083992
1 12.823497394575778
0 38.90387257746746
