7 0.13956450591631933
27 0.187241943700093
17 0.18902464119662482
24 0.18994032095194205
16 0.20879915237357627
21 0.22710680122282678
25 0.22768011244993375
26 0.23851150942932675
23 0.26672832273827934
13 0.37708549801766955
33 0.4798753535654869
20 0.5134003655145083
35 0.53793029906026
36 0.5512404419455745
43 0.5552699196816124
42 0.585794544346809
38 0.6857379376107968
22 0.7228540558423
40 0.753778612121312
19 0.7586587624392641
30 0.8816527024288823
31 0.8922656569758062
29 0.9124896820652182
32 1.0176215117535126
46 1.017941177144223
6 1.159016789698579
37 1.2128131776821431
56 1.3041656828930017
8 1.4048282470889295
98 1.439093897508564
18 1.5043121012969904
12 1.7248988026614709
28 1.8112712152584742
60 1.8590565214174362
47 2.1178323619780515
34 2.256974321047311
14 2.34175413809604
64 2.3589003053078286
39 2.517877043556649
78 2.617835085578198
5 2.6440226359586747
52 2.6909806832164382
55 2.9592768033695935
51 3.2382199938484257
10 3.245828612931281
61 3.4708424712633543
53 3.610888492274002
54 3.6509372232652715
66 3.7311884759908116
49 3.792749192638585
58 3.851763563394439
50 3.9877459469538943
81 3.9921200071336793
11 4.004172983863909
59 4.010544096676828
77 4.455654306904764
15 4.559764737117974
44 5.18186540020711
70 5.24340717961649
41 5.399689466339905
4 5.457795969610298
69 5.495881892093438
67 5.539396710251666
48 5.565674106942099
9 5.744953962350492
57 6.161907731978952
95 6.19901546697283
63 6.431305474406884
74 6.842899471235788
2 7.346127064204992
79 7.665519025658918
75 7.752847370430509
68 8.07041768600796
76 8.192982695002318
86 8.327824835925108
80 8.353698979998164
83 8.556065336722575
45 8.66673008201903
84 8.911391650669486
88 8.923376657317712
73 9.19510937527545
82 9.664814024524578
65 10.229192690759522
3 10.478400009248777
93 10.826231781688197
62 10.986918884153352
71 11.080929963117683
72 11.1683539765267
89 11.45917332017638
99 12.381853033534306
85 12.890509483520686
91 13.081645457416018
94 13.996486839730467
1 14.300123068799392
100 14.919170479119735
92 15.320334110292624
87 16.718969773351212
96 16.901648745050167
90 17.258712783917836
97 18.60562962480003
0 53.69887404624712
