19 0.23020011963083353
20 0.24114990664141742
13 0.2961330683505128
23 0.4192368855211294
6 0.4303044392968445
21 0.493260184808916
8 0.5157333514191013
18 0.5342203739218454
12 0.7294489962481148
22 0.8957818743819724
7 0.9897917771094602
14 1.077063318093003
24 1.1671010310742747
33 1.1921728995011456
17 1.1989955855081296
16 1.2907389191541063
25 1.31757538399073
5 1.3432528301482611
27 1.5279831744025199
26 1.8042122514136212
10 1.8361442374480617
11 2.431484217286135
35 2.8743453641559045
36 2.91043753525224
43 2.93589236447114
42 2.97716655976974
38 3.281342098962659
15 3.2877896930978134
30 3.3210768208415393
29 3.482054509696079
40 3.490853432288504
4 3.8017658884017984
31 3.8679897903833607
37 4.106441872381663
46 4.200576317501715
32 4.200958086561547
9 4.290431178695202
56 4.886931471105702
98 5.220093173710055
2 5.681599087725112
28 5.975468248949205
60 6.067035228437545
47 6.700086243778202
34 6.879347915165556
64 6.991466518264845
39 7.379451044358916
78 7.443692866144175
52 7.609473479404694
55 8.149138668340216
51 8.692075485151612
54 8.795641316839031
3 8.933344437413451
53 9.168762351606816
61 9.183288906768652
66 9.792787276092835
58 9.940399035881848
49 10.030719527857382
50 10.093373547066047
59 10.158958764619618
81 10.263803287495781
77 11.177779059620942
44 11.886547181397251
41 11.98727639213461
69 12.242325362436318
70 12.308659255401274
48 12.398908594265661
1 13.024711638511473
67 13.117228226661108
57 13.251383550002435
63 13.789408008766168
95 13.88277172732594
74 14.404425155461235
75 15.998399841317564
79 16.196162314041956
80 16.933191474085348
68 17.19809577430027
76 17.243085392823975
86 17.40452005218114
45 17.54715070485265
88 17.881905355890975
83 18.13419619144972
84 18.75115031995168
73 19.00200978800379
82 19.790136032123154
65 20.37690460254024
62 21.319601846417736
93 21.986914111100873
71 22.42986366590261
72 22.521986971870977
89 22.612447112032264
85 24.486799464970975
99 24.590371932068678
91 24.934483934285435
94 26.124018109065833
92 28.252688646475914
100 28.604439503971598
87 30.485765763709622
90 31.4266644449231
96 31.659501156732418
97 34.212723762659394
0 59.402193708044074
