97 6326.25787691549
96 6401.020000261053
100 6493.322476505875
90 6505.669277225657
87 6546.925495017919
92 6627.726430699611
99 6628.758307768376
94 6708.817368264774
91 6720.4522079985545
72 6721.263304967263
71 6722.0223718341385
93 6742.343591445942
85 6750.816076636013
89 6768.110341671894
82 6870.557994766367
84 6887.6477285165265
65 6889.173989436831
62 6890.487314311059
73 6910.0168444363235
83 6913.406129753126
68 6973.3786173775325
86 6996.138527097049
76 6998.1728743535095
45 7049.0804305180945
88 7049.785077010818
79 7065.503648273811
80 7094.461399459101
75 7125.667297563634
95 7148.025919999953
67 7148.539505645179
74 7215.945768554624
63 7231.562353187279
70 7235.758879767345
77 7258.9645191179025
57 7275.47474940647
48 7294.099842914032
44 7300.1218226845895
69 7304.358235646607
49 7320.2627843268765
81 7323.726298746955
41 7334.107262308788
66 7350.746139364682
59 7354.100947599427
58 7354.8474589989855
50 7361.363821306816
61 7404.396116295331
53 7444.518015014368
51 7457.570578574814
55 7496.663508697617
52 7532.37523188801
39 7534.649915246018
54 7542.851074964791
78 7561.3520314505295
64 7566.145395114051
47 7571.843407033857
34 7576.705077816547
60 7635.418576580874
28 7645.384254344958
98 7700.680501535026
56 7751.022766776334
46 7819.136413171505
32 7822.508262856327
31 7854.344351761302
37 7898.793022777425
40 7906.8112317902105
38 7931.35601868654
29 7959.908494452427
42 7971.308690785706
43 7974.781095688955
36 7982.153880062606
30 7986.413455989494
35 7989.746903373162
26 8158.947492679643
27 8211.93502637654
16 8276.976109653657
25 8277.36053152494
17 8292.782381460922
24 8300.981554018557
7 8327.843754549962
33 8375.894696881556
21 8493.108241357819
23 8526.460381862234
22 8541.98933356571
13 8597.514883217154
20 8660.383302558917
19 8754.102174843549
6 8838.356504528663
8 8904.246564795885
18 8938.278221642373
12 8963.195341853148
14 9097.050252567285
5 9130.809563007097
10 9213.07381699052
15 9279.531704503233
11 9335.473855037995
9 9451.681508655916
4 9489.762785573641
2 9672.922409141025
3 9940.914133077418
1 10227.192356890679
0 12144.31075310562
