19 0.17788441588644624
20 0.24689726588262156
18 0.257447667209408
6 0.26236677618215243
8 0.2725063181290076
13 0.3277653872726628
12 0.3894628085055975
23 0.46244131055911325
14 0.520048836049349
21 0.5350466761899666
5 0.6933778317284722
22 0.7414270105569107
7 0.9442707947100288
33 0.9730224486944957
10 0.9839359861830398
24 1.1107413371999828
17 1.1411873131132515
16 1.220203711745622
25 1.2445385432915925
11 1.2832724112601566
27 1.3046375483636898
26 1.4996274615348313
15 2.1006751968851223
4 2.1463296585745195
42 2.2268608271109467
36 2.2503452759982645
43 2.2668891574736656
35 2.2670253023576126
38 2.5555009597295264
9 2.64101563638521
40 2.699266808084277
30 2.804690758448888
31 2.8953807452914764
29 2.9035043708298383
32 3.1356549314762803
46 3.1406860692237943
2 3.3373512369296456
37 3.3898890292790105
56 3.615165841178403
98 3.748498447122312
28 4.389059239816152
60 4.463714007659389
47 4.798719586381162
34 5.034744515076211
64 5.145060869296816
39 5.37893489194336
3 5.407453400390586
78 5.593007306981123
52 5.659977463662834
55 6.01884053891432
51 6.406673962070394
61 6.6443287313934976
53 6.8543645283492465
54 6.901139986912272
66 6.976942469521269
49 7.02561361497699
58 7.159131447168563
81 7.3094624620655235
50 7.352835199746652
59 7.397737650734128
77 7.8850403511872145
1 8.004033815254498
44 8.893393503292483
70 8.950670369053784
41 9.165812197490505
67 9.215822474096605
69 9.281065502875226
48 9.393600917790213
95 10.076464767140402
57 10.114153480246936
63 10.440404667541928
74 10.940353348083173
79 11.892938302129675
75 12.036469037084775
68 12.24988540459378
76 12.463961479897895
86 12.629458045905082
80 12.754554148310074
83 12.794370583553718
45 13.114274594527599
84 13.20777589636097
88 13.423788260625887
73 13.6389068626539
82 14.12107443074672
65 14.874792118242786
93 15.35089204475135
71 15.637579732040791
72 15.731957150661136
62 15.808239490175728
89 16.200977784067007
99 17.044782323974186
85 17.9358816221548
91 18.16084509600374
94 19.22168273504656
100 19.867455622882762
92 20.68131540335489
96 22.042061895209912
87 22.210159443432165
90 22.76995164727808
97 23.885207212419093
0 38.655103941796355
