89 0.09360716941540453
91 0.1441276697341704
72 0.15809328228407468
85 0.1600195342794333
93 0.17399888970309374
71 0.18142625880524063
65 0.19267687717227275
82 0.20665673831836207
99 0.22255396987120754
62 0.24145315427840255
94 0.24597948005695539
73 0.27950980548400733
84 0.3242265731473631
92 0.3565731648466519
83 0.3828833763414103
86 0.4446171006974019
100 0.45322398479857523
76 0.46441587984163213
68 0.4802963140007172
87 0.5448044031604178
45 0.5661272861721303
88 0.5805097560305744
90 0.6332322236610384
79 0.6459661918736532
80 0.7209529899097067
96 0.7601620680070942
75 0.8312850480838568
95 1.0941885587648357
97 1.0948004570488792
74 1.222462190322807
63 1.308037457777188
67 1.4129111529433849
57 1.5220917912330658
70 1.5677247129399503
48 1.6620150111734882
69 1.7244222211392304
44 1.7539226390028895
41 1.878260673232474
77 2.0749201382542144
59 2.403339807299446
50 2.430393013831338
81 2.4335559363513237
58 2.5325301025418714
66 2.6445127275873648
49 2.6632083334758563
53 2.874326440504872
61 2.8945144502108056
51 3.140458146829935
54 3.370424663628165
55 3.4661899584005638
52 3.7744682580036018
78 3.915430578806616
39 4.012112224023795
64 4.240296948390896
34 4.397443902521467
47 4.679017464563949
60 5.053276528079942
28 5.170462711601577
98 6.209698621273521
56 6.327357117157307
37 7.0981847734406225
46 7.127569274829039
32 7.206311174812354
31 7.622202383912125
29 7.881789903760713
40 7.967122998683017
30 8.171530398940362
38 8.252655133730832
35 9.00669503200714
43 9.049048775992237
36 9.160625744740484
42 9.441527967022134
26 11.310361024623829
27 12.04114102595614
25 12.315033004331962
16 12.36019382274447
17 12.643191799933136
24 12.765481211724952
7 13.417179505581958
33 15.628252088021485
21 15.90791917104133
23 16.479374457210742
13 17.789149207511105
22 18.358380630014675
20 19.00980173286167
19 20.740226432925315
6 22.81788000340325
8 24.073713233515228
18 24.619786422730233
12 25.42657307124835
14 28.093774445379132
5 29.07962981297941
10 31.09482520816224
11 33.7624712432627
15 33.93101234249756
9 37.812850523755756
4 37.89585781161902
2 42.878162212227224
3 50.4905316745194
1 59.116343425454446
0 130.67083558214918
