0 -4.7353029832391576e+16
1 -2.4449241108457244e+16
3 -2.1379095385751416e+16
2 -1.8884737129494868e+16
4 -1.7202946452628892e+16
9 -1.654708078597464e+16
11 -1.5803353369293036e+16
15 -1.491287280203345e+16
10 -1.473263080130042e+16
5 -1.4056117460750398e+16
14 -1.3776118307678722e+16
12 -1.2669592483339568e+16
18 -1.2476950357625762e+16
8 -1.2198139485294916e+16
6 -1.1712561919814866e+16
19 -1.1052671478493128e+16
20 -1.0362704976926678e+16
13 -9884730945349946.0
23 -9383643905207942.0
21 -9160196094457346.0
22 -9085589085240930.0
7 -8023147103880546.0
33 -7858904917733921.0
24 -7827349591194956.0
17 -7824325637477204.0
16 -7726290330253977.0
25 -7694052825697273.0
27 -7055897885463690.0
26 -6678814184457158.0
30 -5912026819157566.0
29 -5730892685116793.0
35 -5647136531494779.0
36 -5550790456221857.0
43 -5511070363478499.0
37 -5412590259354079.0
42 -5358067005382485.0
38 -5350182972925059.0
40 -5179938062927187.0
31 -4809704732304448.0
46 -4621300047929934.0
32 -4615369289742278.0
56 -4230874665412610.5
98 -3950656820877839.5
28 -3802710088709318.0
60 -3779847525850341.5
54 -3574503283082086.5
64 -3512026492395367.5
34 -3442996623856279.0
78 -3424662137672155.5
52 -3372630552588048.5
47 -3360004232786144.0
39 -3282345916884238.0
55 -3155518385245248.0
53 -3043841431706056.0
51 -2981992441706313.5
61 -2778714473185062.0
41 -2681812679677902.0
50 -2570358677369257.0
59 -2555007641298961.0
69 -2550001730887208.5
58 -2527899747314010.5
48 -2502017706644409.0
44 -2465121688258228.0
66 -2461314628482648.5
57 -2450392961889145.0
81 -2379693713113117.5
49 -2297135039813522.0
63 -2285504546864976.0
74 -2205516490166972.0
70 -2114006144078010.0
77 -2102242553021744.8
75 -1903058562342820.2
95 -1898287301953124.0
80 -1780922592997532.0
67 -1700914809997967.5
79 -1641195509882683.5
45 -1640641569978172.0
88 -1627675036467880.8
86 -1364163042112951.8
76 -1361623761923274.5
68 -1271751116312046.2
62 -1163625036319687.8
65 -1121541688207027.5
83 -1091270315422926.4
73 -1079874418423872.4
82 -989614186218779.9
84 -983179980760579.0
85 -797674832320837.8
89 -769855038488344.6
94 -721255004591175.6
91 -700031934293338.0
93 -633343642674366.0
72 -594998930826564.5
71 -594221984669464.6
92 -549134060273768.06
99 -415789653131248.94
87 -400156439607917.0
90 -318966995528381.9
100 -218793518571190.1
96 -127619099800541.97
97 -83894227694231.23
