0 -9375020467518240.0
1 -5046643356058629.0
3 -4468153188185237.5
2 -3976871425804293.5
4 -3652973173082535.5
9 -3545369716634076.0
11 -3383391890512558.5
15 -3235929811995178.5
10 -3175088759464442.5
5 -3040605657332666.5
14 -2984943930522695.0
12 -2767852803403661.5
18 -2731613794709098.0
8 -2677384986805478.0
6 -2576353807960880.5
19 -2447196444865489.0
20 -2310631651685706.0
13 -2218613419985745.2
23 -2117059145700661.8
22 -2089089141416304.8
21 -2069854170954003.5
33 -1849232977860314.0
7 -1841745746776931.0
24 -1806521236847782.5
17 -1798676869945236.5
16 -1777610702984662.8
25 -1775806328164487.2
27 -1661444850308173.2
26 -1588228999653292.0
30 -1411339682482359.2
35 -1379604041411669.8
29 -1374922379964945.5
36 -1364091791875466.5
43 -1355353022059005.8
42 -1331731787906410.8
38 -1315705154328655.8
37 -1308663447546275.2
40 -1279537314983908.2
31 -1212542652463269.0
32 -1172333197442550.5
46 -1169896075514005.5
56 -1088605713948462.8
98 -1038487292667133.8
28 -991864533422258.9
60 -987605943321283.4
64 -927195403907530.8
54 -923872580211232.0
34 -917631032345281.0
78 -907629570478706.2
47 -903407137104241.5
52 -891288819995149.8
39 -882142583296544.0
55 -848815714562492.5
53 -818238056486451.6
51 -807872845463915.9
61 -767780880512967.8
41 -727440625530152.5
50 -721563369104620.8
59 -713310016149182.4
58 -713213816541919.0
69 -700221497233759.2
66 -698843324108983.6
48 -687214041456909.5
44 -687152186235170.5
81 -683435313008858.4
57 -675149822991595.2
49 -665295151114971.1
63 -639433691838230.4
74 -624159489261036.8
77 -621034342099679.2
70 -615420406636884.5
95 -561402829129391.8
75 -552794155975483.1
67 -527883962920770.5
80 -526405572169417.1
79 -497294935568033.06
45 -493160004677160.2
88 -492324125264140.0
86 -439566482740819.25
76 -437737382969833.25
68 -420573810889904.25
62 -380623667927206.25
83 -377027209440449.1
65 -373962262178585.4
73 -369577140689622.56
84 -352180995942626.25
82 -349201099111659.5
85 -291536023659892.7
89 -290911086417290.5
94 -269034522815643.4
91 -267153606316799.84
93 -261490388265993.28
72 -251864765815488.72
71 -249790041243285.8
92 -224473752922725.9
99 -200776339405365.88
87 -183876216419239.88
90 -161728653595133.78
100 -139487144175525.97
96 -105746887874567.9
97 -86314527619575.36
