21 0.11204302350265714
23 0.13894685254943312
7 0.14286353277990843
24 0.20285615460832712
17 0.2116308237591117
13 0.24349068674114963
16 0.2488918562430821
25 0.26816796134833165
27 0.3665797575419246
20 0.3972613331687411
26 0.48246197456459283
19 0.6687419412651903
33 0.7203462658967178
22 0.9371086475882885
35 1.0316641378911264
36 1.076423294720868
43 1.081889927662466
42 1.1700621251165886
6 1.2197908101387396
38 1.267535525246718
40 1.3996321086219337
30 1.404438612975497
29 1.4866306884292677
8 1.4979265451998738
18 1.5919530993355107
31 1.6480063971513845
46 1.859009382542033
32 1.866636787458432
12 1.9268328672215218
37 1.9373788712214555
56 2.321329223954924
98 2.5649625464434798
14 2.660143856580775
5 3.0870594192464393
28 3.0924169099549235
60 3.163675838489249
47 3.6116950355490127
34 3.770162152413086
64 3.8638551630585694
10 3.8821352422989026
39 4.148290133031599
78 4.28363894531115
52 4.3814914448939755
55 4.789932119668729
11 4.835391440317288
51 5.232351811278724
61 5.56474502815931
54 5.63011224857724
53 5.677390708842752
15 5.818326657033234
66 6.035917723256146
58 6.173437108375506
49 6.181694128750716
50 6.342405799407533
59 6.39906258975979
81 6.4026488959684755
4 6.804699734449517
77 7.131774925054218
9 7.338348998124544
44 8.011371040368756
70 8.20989467265901
41 8.254456793192942
69 8.416427452932082
48 8.557343365968778
67 8.749995408257115
2 9.36706281277615
57 9.370833619535912
95 9.559342314843772
63 9.785577121427739
74 10.378669731915544
79 11.692094363768417
75 11.726796155731412
68 12.341715076004105
76 12.500757140233146
80 12.599182788959258
86 12.689539639517726
45 13.073531798323994
83 13.105610911336738
88 13.437961733934253
3 13.606269295773219
84 13.655517968815234
73 14.040313310253836
82 14.670884590400977
65 15.414321141773646
62 16.4630174530024
93 16.478074344872685
71 16.860188018033632
72 16.964338843996448
89 17.265427478065348
99 18.76709490078389
1 18.78167054834422
85 19.251041288566324
91 19.607999111429084
94 20.838961492556926
100 22.44732081041031
92 22.76692579302588
87 24.800474803529895
96 25.27407597594278
90 25.60962015636007
97 27.65369584826688
0 73.12676803252279
