50 0.09966502816509724
59 0.10886266340644978
58 0.12462842263070383
81 0.14754704865088555
53 0.14982369366047754
61 0.15194304266850375
70 0.16240443506485686
77 0.17747103067999498
66 0.17925762517756813
51 0.17978969845055545
44 0.1916041845106675
55 0.2304022809278036
49 0.2554360834423333
67 0.29487035904259956
52 0.2977674187548422
69 0.30075588843462225
48 0.30572381311955577
95 0.32207233623368126
78 0.3357121808737396
41 0.33815035490466905
39 0.37894308945079397
54 0.417453632735498
64 0.4284424267101031
57 0.4715563915662016
63 0.4779114087225236
34 0.49028602255272197
74 0.6118395360159264
47 0.6417295293291855
79 0.7003223226698638
60 0.7059192951255703
28 0.7536712445583393
75 0.802931775170952
68 0.8395806130159919
76 0.8564362378492986
86 0.9050385740249005
80 1.0099528299781728
83 1.041893392387846
45 1.0705928599458736
84 1.1787918210469353
88 1.1921899870328825
56 1.2142769252004273
98 1.241391723148115
73 1.2424683463264619
82 1.4051154036059954
37 1.528776904692608
46 1.5583888738922196
32 1.6019334438597366
65 1.6029248531042362
31 1.7917333829215734
29 1.8624535213563778
40 1.9138204875033804
62 1.9520040713570084
93 2.003308241125888
30 2.016925798444685
38 2.0426502657092724
71 2.1332795205587285
72 2.148397917693702
89 2.1517646758416706
35 2.4221488914646896
43 2.4776445526232522
36 2.537892446099188
42 2.768477234854264
99 2.7871138230493946
85 2.798774754642527
91 2.8922533030985735
94 3.348629446272807
26 3.655495323853534
92 4.03507758925469
27 4.062170961233798
100 4.09213290569948
25 4.197557431406276
16 4.215802287045667
17 4.378423765735588
24 4.454518963325232
87 4.802085335608703
7 4.83151079464218
90 5.114731040965128
96 5.173405103920897
97 6.145444768637319
21 6.351290284930277
33 6.391377644876723
23 6.712982276097655
13 7.550895048627207
22 8.121293681482491
20 8.345426325166615
19 9.494357909745755
6 10.93774644516616
8 11.802280351453174
18 12.169659252865488
12 12.762406609884245
14 14.640302864297151
5 15.377140471080155
10 16.866750416062825
11 18.812130279464554
15 19.21435626557356
4 21.96707786272369
9 22.08295760966635
2 25.836166156595038
3 31.859197563542057
1 38.79433572947844
0 99.97684484586159
