6 0.37543525221778895
19 0.4172321392928797
8 0.42212443710113234
20 0.43827703354250386
18 0.45732293171252986
22 0.47182149498666837
12 0.47583527077294946
13 0.5113834019754372
33 0.5709636168135828
23 0.6045863651759137
14 0.6369485395232162
21 0.6371489035365671
5 0.7133296569862401
7 0.7815040845285185
27 0.8434291390879483
10 0.901445252015822
26 0.9479660361312926
24 0.9969995461851734
17 0.999115399254281
16 1.0623496567038806
25 1.1143035157947825
11 1.1490940714028677
42 1.2740674760601673
36 1.3469741296211788
43 1.3632843157597654
35 1.403886639580177
15 1.565028668536065
38 1.601739448277837
40 1.6618694658718574
4 1.700822302157984
31 1.7369447177970636
32 1.8690805042089056
46 1.8850354912171765
9 1.9700505346146908
29 2.1383923557156495
30 2.1430597611368083
56 2.16968746306351
98 2.205687646575034
2 2.4956893838711975
37 2.5179164661846074
28 2.6756415517479155
60 2.7350142886010507
47 2.872867712776214
34 3.1028293980337023
64 3.267598963050013
39 3.3472381203930643
78 3.558425290292485
52 3.602498632640909
55 3.8090235175392713
3 3.901485168692005
51 4.041388024552691
61 4.183711691621444
49 4.236541143896623
66 4.301733584179656
58 4.4611955803136585
81 4.513493157741779
53 4.55029714561232
59 4.656680383874998
50 4.659008195330242
77 4.8405158038664355
54 4.987486432606138
1 5.662543254898978
67 5.696455072341714
70 5.6992210064761055
44 5.94287705724798
69 6.395936693464162
41 6.40445841528088
48 6.40885127649045
95 6.564068366999637
57 7.090193076135508
63 7.22333489746945
74 7.668193980442076
68 7.863430491907739
79 7.8691964314988505
83 8.116909600946258
76 8.12076803816557
86 8.302986860099736
75 8.310351352154811
84 8.369171909316984
73 8.78298068822378
80 8.877153383491837
45 8.997262650753921
82 9.125982055838412
88 9.323798457016856
93 9.714519857775072
71 9.868385532592939
65 9.89092549203624
72 9.984815074982507
89 10.550551966127093
99 10.79219364337677
62 10.82081280910488
91 12.030571527134232
85 12.128832997543247
100 12.652490457284033
94 13.103020622232348
92 14.041568180457444
96 14.127708363670434
87 15.024429576261694
90 15.276714263905264
97 15.459148189345568
0 26.41589434184363
