15 0.5114956226109483
22 0.5472653593954665
10 0.6052367501361996
5 0.6228712069269599
12 0.6269969470594748
6 0.7396689726119355
14 0.7526191178572061
9 0.7646592833614442
8 0.7688821564404493
11 0.7816223942561858
33 0.8007289475022955
18 0.8779043575873989
4 0.9015845540051135
19 1.2473745079508622
2 1.2485343317895115
20 1.3871626963200896
13 1.6287251659241222
27 1.8395100451471829
23 1.8720931057544548
21 1.937512900665375
26 1.969217683450997
42 2.0098481434363604
7 2.0832227100414835
3 2.1012127242402654
36 2.4187777262062444
43 2.4437616894804823
17 2.6000127440753853
24 2.6095383310078146
35 2.644626803397033
16 2.722895002551488
25 2.8451766936861507
31 2.939860607982103
40 2.9563557293227585
38 2.970933393135259
32 3.0738344006203335
46 3.1125764242263703
1 3.3658236829630477
98 3.369069110047864
56 3.4677519284690628
28 4.229846105079632
47 4.258814131137435
29 4.314040095607221
60 4.336852118384819
30 4.416853452172648
34 4.827258037445584
37 4.928454764058802
39 5.21438828097614
64 5.285348274654853
78 5.589789376400539
52 5.677901810237947
49 5.795041926218803
55 5.923536995565472
51 6.113738976236102
66 6.1220940564899315
61 6.346638969841275
81 6.510243348220087
58 6.534887521235064
77 6.742084965234644
59 6.82801836384452
50 6.942361796770789
53 7.238540102283214
67 7.736568922691366
70 8.211758558272413
54 8.314165838643806
44 9.019624000403539
95 9.511828508014172
48 9.726517928840112
69 9.854677352283689
41 9.969254063632967
57 10.866497537376048
68 10.877345121274628
63 10.928982570670621
83 10.940134007084454
84 11.137128153761942
79 11.228405042187457
76 11.329918810585365
74 11.583220621502704
86 11.635937643307017
73 11.814108714941007
75 12.25856499245273
82 12.38601293547835
93 12.565737906070865
71 12.675479222779268
72 12.936681386387692
80 13.025183545120763
45 13.034935824382496
88 13.548746290677622
99 13.700906145779319
65 13.722697979239385
89 14.151403368357915
62 15.20118434220901
100 15.847457256310157
91 16.0785008266113
85 16.58156094483273
96 17.66216436766939
94 17.845978354451415
92 18.873842290831945
97 19.46078498924256
87 19.94383581092429
90 20.061555947529836
0 20.29725043667071
