0 -1.0781508787288298e+16
97 -6264150289559300.0
90 -5349055127146798.0
87 -5107710198169957.0
96 -5041258538063619.0
92 -4687504076892359.0
94 -4285910180542784.5
85 -4100921427263211.5
100 -4080329102838727.5
89 -4004949053256713.0
91 -3992159720559443.0
65 -3518201826794998.0
72 -3483993921649116.5
62 -3463958889942629.0
99 -3412278734188399.5
82 -3402397654994470.0
93 -3218972930192141.0
68 -3216708029422618.5
71 -3185316975363999.5
83 -3101464001354153.0
45 -2828942602696658.5
84 -2826718055074655.0
88 -2813399122154960.5
76 -2805810856653392.0
86 -2764200502487392.5
80 -2649689367830943.5
75 -2543276709510184.5
79 -2540594426230738.0
73 -2451246278219579.0
1 -2449858769953418.0
95 -2293984676266915.0
74 -2221937846326950.5
63 -2180702390932716.8
57 -2036794470743087.0
44 -1969939109028131.8
69 -1956089092314387.2
41 -1856799704401422.5
70 -1844912727284384.2
48 -1764491812200290.2
3 -1702273640490876.2
81 -1693185246808866.8
61 -1643157422469187.0
50 -1598803537598890.2
53 -1583346363123144.8
67 -1507798632207906.5
58 -1501569351625163.2
77 -1458254660424575.5
55 -1307807439732831.0
59 -1280106104938327.8
54 -1274711635125156.8
64 -1242751270702117.2
39 -1201937341681748.2
2 -1096178777943944.2
52 -1062326070196830.9
51 -1060589210512101.6
34 -1028104242545679.4
78 -922528833488453.5
66 -898053610500184.2
49 -894930663583067.8
60 -881148715553175.1
28 -834175375490744.9
9 -803325707182226.4
98 -793398408414918.6
47 -745172142432577.5
4 -744275384091037.4
32 -574818934912614.0
37 -562851878767599.06
56 -536881873042274.7
15 -529644189236670.56
31 -514089523871646.25
11 -512299401646988.8
29 -475225080592729.94
46 -447079128087078.1
38 -434810512808573.56
30 -431724488107807.4
36 -395328072677487.4
35 -381308678406779.4
10 -364363245834639.0
40 -347756418536038.1
43 -326135501519764.7
5 -263402615700696.03
14 -230814902310379.6
42 -200892793476565.12
26 -170164372058973.62
27 -143135697219541.06
16 -125286225805323.4
25 -123371292256713.97
12 -116874414251259.31
17 -113917741457705.42
24 -107066605239783.11
18 -104297633807828.17
8 -86688874266594.2
7 -84944835435990.62
6 -51560148291479.94
33 -27468692400135.574
19 -18929188513800.395
21 -16535318882444.81
23 -8586556054518.828
20 -1780601413827.5996
22 -883767663762.775
13 -391137386297.34344
