5 0.1204035788173018
10 0.12289761540746175
14 0.2078492280717851
11 0.27898684019731734
12 0.3369783193441331
18 0.5607834319814639
8 0.563287293460045
15 0.6459064252683024
6 0.7336385057467201
4 0.775429939837615
9 1.0637335156237093
19 1.4680895735312707
22 1.6755236843471308
2 1.7966513421178985
20 1.9779910057105314
13 2.5165195413527375
33 2.6969588408236786
23 3.1460773918756675
21 3.4049142681476385
3 3.9990708070368286
7 4.53235753253886
27 5.041033107950895
24 5.327051378884611
17 5.392387135442513
26 5.55703024198044
16 5.661606346060039
25 5.802536904098372
42 6.867061658393891
1 7.150762991710926
36 7.306036243895012
43 7.416271606271992
35 7.624472416622503
38 8.45524862977712
40 8.775943198607443
31 8.968571114561987
32 9.534703339975758
46 9.654911380832269
30 10.05451550480618
29 10.195918655125674
98 10.75289608799726
56 10.80882827842387
37 11.500734686963959
28 12.75426178737287
60 12.97549404698846
47 13.506848173857904
34 14.346388847054554
64 14.806111407440623
39 15.192864651742465
78 16.01751375544869
52 16.128117928965437
55 16.863663981475693
51 17.77146086194521
61 18.146033814932824
49 18.57456905428987
66 18.77274566901527
53 19.138760754101373
58 19.23691895892074
81 19.410244522734086
50 19.852737573423877
54 19.88314290220905
59 19.94114124689009
77 20.63076056036231
70 23.435446763414593
67 23.60690066697861
44 23.789060779293358
41 24.766837291996843
69 24.904365453202097
48 25.10547330076329
95 26.069058025075044
57 26.884598313155042
63 27.483604665074754
74 28.681534913996426
79 30.174328739259277
68 30.462703163541246
75 30.914154480230003
76 31.172340623500087
83 31.453675404633355
86 31.63561437033422
84 32.32548751521522
80 32.5276171227016
45 33.15110453055539
73 33.53516588773723
88 33.93208264374748
82 34.502075454109416
65 36.4864055448367
93 36.71793488305671
71 37.26692413438392
72 37.53291041687608
62 38.79463261591519
89 38.925444598671845
99 40.17768388381713
85 43.04796272645733
91 43.25874131494051
94 45.80548117504285
100 46.00040640877649
92 48.73119883951697
96 50.46719624014017
0 51.08046053958574
87 51.781705690960486
90 52.7855063758616
97 54.30483918411869
