97 2.568137955436142
96 3.094785544837297
90 3.5471259517788765
100 3.8469778390517786
87 3.8542704636782332
92 4.503658345644271
99 5.07806208189855
94 5.205451609520424
91 5.368464094806265
85 5.638214511944496
72 5.86721062733168
71 5.908285991082197
89 6.015098955969383
93 6.08582124410631
62 6.997561926811912
65 7.118718728433823
82 7.1623435790196535
73 7.5447338693798445
84 7.549077366147102
83 7.8542738778945544
68 8.415390689923584
86 8.431052559849999
76 8.496208973449026
88 8.738996379551784
45 8.778167405911606
79 9.175709429588693
80 9.263074056840512
75 9.685024128819832
95 10.434246909919958
74 10.785899042143614
67 10.893714890123789
63 11.048351072998251
57 11.564438272952628
70 11.595942882756493
48 11.928140724930682
69 12.06954988361287
44 12.147210067356438
41 12.406079710576895
77 12.410205147134455
81 13.228523736697586
59 13.339759328607956
50 13.420670419372225
49 13.468891313250374
58 13.51788213190937
66 13.622595005280981
61 14.232645455896298
53 14.386867098705824
51 14.790555089028404
54 15.378505897224931
55 15.390287052560257
52 15.927404063980463
39 16.226025136697444
78 16.23390058465124
64 16.64693921814239
34 16.87747291679748
47 17.156131125941744
60 17.89966453367272
28 18.083651304141426
98 19.464954186330463
56 19.862918035616048
46 21.04080975636311
32 21.13874380588767
37 21.355735204349493
31 21.726462266502168
40 22.344817304931485
29 22.485573904841374
38 22.75572974867989
30 22.900471168169336
43 23.772243208688312
35 23.810218890625503
36 23.921306890522672
42 24.129854632934794
26 26.913631803323227
27 27.877718808566534
25 28.433918463678367
16 28.479833526089287
17 28.828154533180548
24 28.982722777632077
7 29.744026537570388
33 32.03182131729749
21 32.88170288334406
23 33.57077775519695
13 35.12073833952232
22 35.353426867732566
20 36.540376270672326
19 38.5608024206948
6 40.818977416453656
8 42.247032862159415
18 42.89636285760989
12 43.72606878989818
14 46.701856036339585
5 47.711827935211666
10 49.83850653109955
15 52.555776314135905
11 52.716674021307085
9 56.6811208183653
4 56.94690505433643
2 61.995668689687676
3 69.56068925729225
1 77.9325571224071
0 143.06472310068037
