87 0.2559095869030573
92 0.30911623862832255
90 0.31559030415433154
94 0.5025090881196258
91 0.6985782766109266
85 0.7523229190206211
100 1.2304352434331887
96 1.241619614143761
89 1.2889545994307672
97 1.4032752094288075
62 1.501589030713488
99 1.533602331823416
72 1.7015995847409247
65 1.7645851056395234
71 1.7842294187961956
93 1.8324682663276741
82 2.1192472650478686
73 2.3439331325207915
84 2.6511948525481754
88 2.8708644923711018
83 2.881596869303991
86 2.921078926108614
45 2.949042141083582
76 3.0398656326796054
68 3.1903290845784658
80 3.3540290216404074
79 3.508114375597701
75 3.792866360874669
74 4.894352869509324
95 4.9191799504984095
63 5.2173232653250805
57 5.7535752803668485
67 5.8463832618711
70 6.217176434928576
48 6.235863583347672
69 6.389436804309471
44 6.582162713233935
41 6.738670023911449
77 7.498255654132975
59 8.281836481310751
50 8.361870992579973
81 8.366808317292246
58 8.599886812197253
66 8.821066850825474
49 8.856539478547813
53 9.359752088365726
61 9.437358874694281
51 10.025084683170293
54 10.405544918479482
55 10.792687774499347
52 11.463134940904132
78 11.82666194287296
39 11.99113595579582
64 12.48286217407086
34 12.8644874102769
47 13.405483114025674
60 14.26432699503873
28 14.533012792886648
98 16.644086230588446
56 17.045207372493422
46 18.731346192693014
37 18.883129832167274
32 18.89955920917502
31 19.74770578966805
40 20.582485639186135
29 20.605276504328273
38 21.178881790023205
30 21.218607193696016
43 22.782895353766317
35 22.793177196299784
36 23.02310419806943
42 23.442498143973513
26 27.626576005991616
27 29.165589480677617
25 29.988965107882063
16 30.076052788779812
17 30.644600162276483
24 30.882706757222344
7 32.15883333678534
33 36.01517591073411
21 37.40020758823876
23 38.56524650506596
13 41.216865820401104
22 41.60111917625177
20 43.67916909575862
19 47.220296334161084
6 51.19189171574781
8 53.73528028327093
18 54.916385721563394
12 56.39360183100165
14 61.82230710985425
5 63.643056442947014
10 67.53859222575065
15 72.38289710350965
11 72.9254127526433
9 80.17138043629535
4 80.83841085398421
2 90.42903363166437
3 105.01178973447622
1 121.46699925891087
0 255.2921365390496
