0 -8469212195365053.0
1 -4364180574169785.0
3 -3836309795203965.5
2 -3382571141873313.5
9 -3136398376158184.0
4 -3064706857868931.5
15 -2947004838896258.0
11 -2771673567442114.5
10 -2645490149243724.5
5 -2505024594659344.0
14 -2413060165141318.0
12 -2288263529625041.5
18 -2192308145810832.2
8 -2183073073711553.5
6 -2122970760561394.8
22 -1978521628843168.8
19 -1928073685859174.2
20 -1827774316765640.8
33 -1812888982697788.8
13 -1734811012590178.5
23 -1643450959656734.2
21 -1611649027694382.5
7 -1490880489710621.5
27 -1446475446983635.8
24 -1403543667632371.5
17 -1401578452024912.0
26 -1396544560786633.2
16 -1375638867884155.2
25 -1357350626256193.5
42 -1339248482418026.8
36 -1286324842229732.2
43 -1269395129147613.2
35 -1238401104472904.0
38 -1185605405703289.5
31 -1174134373653599.2
40 -1151410225440582.2
32 -1131196303915222.5
46 -1113147624148776.4
98 -1100953767876809.4
30 -1052166901529312.8
29 -1041376335835566.6
56 -1040552672325127.2
37 -972171329196719.8
28 -947032874426194.0
60 -937940463068286.5
47 -919653236776636.2
34 -864552553186944.1
64 -863227656463236.0
39 -836833601659167.9
52 -776399312830688.9
78 -747023903244697.5
55 -746092766702475.1
61 -728101286341678.5
49 -704842195422461.5
51 -698337498183688.1
81 -683042033903217.6
66 -681754335338076.0
58 -673974345515326.0
53 -669608117646368.8
50 -641397144160317.5
77 -636099382579666.1
59 -631251897487716.9
54 -617353003496122.9
67 -537765058602819.94
70 -523538438202747.25
44 -511818461215442.8
69 -486444562880542.7
41 -484344693592226.44
95 -477479783821845.06
48 -469798771681809.56
57 -430348541518241.7
63 -421108500750058.56
74 -388557189612621.7
68 -383732952036688.94
79 -368418571872111.94
83 -365065055844213.2
76 -351248611592057.7
75 -348331996145908.7
86 -339149652097724.94
84 -337913030641539.06
80 -314274319997832.7
45 -307853414847065.25
82 -297751493896507.1
73 -294975775553825.94
88 -289687527768998.3
93 -265164582028401.3
65 -259342185635990.06
71 -255914754567446.97
72 -254023785032507.5
89 -226238754522181.7
62 -220110357849255.8
99 -218221758234770.78
85 -169211074308142.78
91 -157351851110681.94
100 -144525676063789.16
94 -137956968049056.97
92 -111637060630133.66
96 -104997768254968.89
87 -87280583764985.56
97 -82532543771343.9
90 -78935567364754.97
