33 0.14205329896175548
22 0.16667395120858078
27 0.47258346099075027
6 0.5038556841724504
42 0.5113880577502927
26 0.5141616991503168
20 0.5889135953029638
8 0.6029243435706699
19 0.6216997725700896
12 0.6291527922715106
13 0.6475803203774799
7 0.6582756737260531
36 0.6604878116813376
43 0.6880515247497236
18 0.6901958429430708
23 0.705658699883117
21 0.7087035301632221
35 0.7805962791116458
14 0.8809470091086493
5 0.9016566078896683
31 0.9046130243902133
17 0.9064129129209166
24 0.9195958994019628
38 0.9377078945625106
40 0.9534412179497516
16 0.9626908305881693
32 0.9730530289927639
46 1.018147017870192
25 1.0329900126507052
10 1.0617373367133636
98 1.1072609964988551
56 1.2005976194832857
11 1.3550819040437843
15 1.374548527921777
28 1.5812439174946358
47 1.6353589866840152
60 1.639533361375946
29 1.6961263850004973
30 1.764455910694421
4 1.794594010889568
9 1.818901584753248
34 1.909207024676602
37 2.0270041655521123
39 2.106692645900814
64 2.1229276075256114
78 2.4037637740627567
52 2.418825773631821
2 2.4517249528553404
55 2.5292387259381353
49 2.5930312365403623
51 2.7109646895982755
61 2.743302040262016
66 2.772129514368057
81 2.878161655363418
58 2.912749697179004
77 3.0901666921247464
59 3.139426493536885
50 3.145413013326928
53 3.2757441185561524
3 3.6450022936721727
67 3.749182638607606
70 3.9543754317109814
54 3.9910023013835976
44 4.405124849253653
95 4.70922512627011
48 4.904358068605331
69 4.919696272144149
41 4.999669845918466
1 5.1692663032001205
68 5.555217940694288
57 5.568906393413767
63 5.60388371228982
83 5.661758747779754
79 5.839731883921812
84 5.85489910116689
76 5.900451462619648
74 6.027757069626032
86 6.10611163736352
73 6.353772393562347
75 6.458709843763061
82 6.578229565645114
93 6.83376108012843
71 6.928860232930181
80 6.959209190027793
45 6.963247719101669
72 7.05186623688847
88 7.301969336853018
65 7.425305437012259
99 7.63296807606175
89 7.73768658858838
62 8.393427337024137
100 9.093546577306245
91 9.094645454121713
85 9.319305047648806
94 10.172640852799535
96 10.264510970783768
92 10.874672460726652
97 11.361075467643007
87 11.611557583534355
90 11.722101477449405
0 22.354508669045337
