30 0.24889186841020755
29 0.2660861767798523
37 0.35567160654341734
25 0.43296952475802686
35 0.4360786685936363
16 0.4404829436453019
38 0.44269883846902497
40 0.47067444470128844
17 0.4840155370455419
24 0.5048000240878393
26 0.5197350441720214
43 0.5255427562588406
36 0.546638037344982
27 0.5778358511148315
7 0.6413826652823916
31 0.6481201967895676
46 0.6662964219007035
32 0.699210422383821
42 0.7304088991075389
56 0.808899532011678
98 1.070170854238642
28 1.0765622798679944
60 1.090924256550519
21 1.103193287707718
23 1.239121489009142
34 1.3326755975551736
64 1.3457604719955967
78 1.3719781599504193
47 1.397398796896372
52 1.4783848997751283
39 1.509059784022374
33 1.577273076884584
13 1.5840962194324397
55 1.6965465928873584
54 1.7384568928001753
51 1.8846084210350678
20 1.9398246076567898
53 2.02053072752046
61 2.1899513850291896
22 2.2132433736099624
19 2.469182342777697
66 2.4788065644827357
50 2.490290890470935
58 2.4970077645953395
59 2.5098142543732194
49 2.698494788713453
81 2.7074487887959733
41 3.078276760633656
44 3.1139845362193768
77 3.134337456871612
69 3.2209259674702864
6 3.252335476190385
48 3.278765072944784
70 3.4340291020145455
57 3.638753073066831
8 3.688450998440651
18 3.8613376699657485
63 3.915771701807978
67 4.014450358463998
95 4.180128450752744
74 4.183977458839899
12 4.230853525281966
75 4.981121731418628
79 5.207005675956311
14 5.250669896340302
80 5.426539122431316
5 5.712240476765607
45 5.774373262014701
76 5.824855414382526
86 5.879678460608803
88 5.91331321285021
68 5.938721397925713
83 6.492198295745502
10 6.619125655807272
73 6.758034822048765
84 6.804352126602926
82 7.2489783856596155
65 7.3809616006282965
62 7.758284403607437
11 7.781697839573453
15 8.299155811822974
93 8.62333525465071
89 8.736627730505546
71 8.882716099049901
72 8.923549114928417
85 9.559501685293514
4 9.83502461802169
91 9.845111707922939
9 10.062116156013483
99 10.154244067059953
94 10.419739492911646
92 11.661956602537721
2 12.430288374813165
100 12.442104788605734
87 12.985764829600125
90 13.589350954646521
96 14.228721281836428
97 15.760164715041162
3 16.609625608276755
1 21.584108680822787
0 69.62633994163787
