19 0.11864774537467852
6 0.17330979188557266
8 0.24565674188618497
20 0.27092914532756757
18 0.2758937164504978
12 0.4593056516183941
13 0.48875441348456256
23 0.8239565407961394
22 0.8729643498269442
14 0.9067424122650555
21 0.9953779950585954
5 1.2250296686851139
33 1.5372273842933277
10 1.8740037385119153
7 1.9659426374514397
24 2.4150767680011005
17 2.481396718536657
16 2.677187792280453
11 2.73150982745794
25 2.7447542600632415
27 2.781160813247208
26 3.2837230114340836
15 3.7345605051047266
4 4.674563212193863
42 5.105286300163141
36 5.200724629044315
9 5.239126475124059
43 5.271647381259952
35 5.279709442163979
38 6.05419385114469
40 6.424873794288218
30 6.575752701863361
29 6.847924131752916
31 6.9340657144019024
2 7.4333555724160165
32 7.541187695216588
46 7.582922436940529
37 8.020039710468815
56 8.821450632891185
98 9.193222861469808
28 10.82310348966555
60 11.018142437932994
47 11.968177118664885
3 12.335609677379816
34 12.492009852480868
64 12.749405905725284
39 13.385357659317735
78 13.782303129276743
52 13.9923425568526
55 14.91392171818522
51 15.904672237892566
54 16.520669870310517
61 16.60839068196642
53 16.868512941940363
66 17.59533667545171
49 17.818959188714437
58 17.943429930646094
50 18.340072240121884
81 18.406697620494903
59 18.455609621422816
1 18.681111577159133
77 19.957042718615767
44 21.818173873532885
41 22.137328664614998
70 22.31488294645003
69 22.53643926464565
48 22.848913461161896
67 23.38388015813172
57 24.38232995953989
95 25.071387246133288
63 25.29067419167942
74 26.40175678126763
75 29.1646160370031
79 29.321858658344095
68 30.74056009895804
80 30.821789470186783
76 31.00189028703348
86 31.33774370690712
45 31.85019242025497
83 32.27310859310941
88 32.470778981437824
84 33.35466439210765
73 34.049268185196105
82 35.32173532160153
65 36.62123008141133
62 38.41284279036527
93 38.888655062063876
71 39.6313353331262
72 39.83463156659321
89 40.33060843282167
99 43.301373922329006
85 43.82842855661859
91 44.648856878177725
94 46.72763767274384
100 50.30012997298356
92 50.37836121703939
87 54.202102639954
96 55.61313288371269
90 55.801055916651926
97 60.023455987860515
0 92.33722270465964
