97 0.769695100607858
90 0.8582872609150854
87 0.9384791342756026
96 0.9486759120512813
92 1.1389131743970196
100 1.222715426963529
94 1.367552952389249
91 1.4772424456417939
85 1.5526455375365487
99 1.6914645850257894
89 1.8296135332864778
72 1.9455937621733086
71 1.9802041984885435
62 2.0227022428514787
93 2.0355744897809207
65 2.1595197982785947
82 2.3184411256379804
73 2.444370541875798
84 2.5748813057460223
88 2.675113477007457
83 2.6998818894459915
45 2.720493384563296
86 2.743003271003149
76 2.7954826034102456
68 2.865121512223705
80 2.880748534860109
79 3.000049811794892
75 3.0751050276302987
74 3.5021522653154054
95 3.6309912720865456
63 3.6443975792841012
57 3.824785153231651
48 4.040378556227088
67 4.051363705413911
69 4.100374947686299
70 4.145135320264572
41 4.202589631042153
44 4.2112130321857295
77 4.720060662313914
59 4.941291015554862
50 4.967750725942008
81 5.037538672107471
58 5.095033475749392
66 5.200957878562919
49 5.259262565532338
53 5.260365212948447
61 5.3964071221392595
54 5.447904308648597
51 5.547815888257499
55 5.817911095242927
52 6.043021953993393
78 6.124455419505528
39 6.295197639408763
64 6.4403374611471405
34 6.589692677469155
47 6.86051847640399
60 7.077122929470574
28 7.17082166537441
98 7.990846184857834
56 7.995145603323527
37 8.184995594688377
46 8.531827523243058
32 8.600179942398714
29 8.725677490447117
31 8.872842912594871
30 8.881852075708997
40 9.027332008511983
38 9.201142031863686
35 9.692074624536907
43 9.77016738489485
36 9.848974024809754
42 10.108776072506872
26 11.100916001107892
25 11.450397313626398
16 11.496443567702535
27 11.523889276340032
17 11.674170987226697
24 11.740988409177277
7 12.198031257256055
21 13.559424056070442
33 13.82492654144984
23 13.877204848320126
13 14.624309959130057
20 15.323996491172995
22 15.33986966572493
19 16.265344756500124
6 17.497230804399813
8 18.143463805075687
18 18.394839425496777
12 18.902408126342948
14 20.24766497142257
5 20.81655550086879
10 21.892872075284078
11 23.218103562826894
15 23.65311748688041
4 25.395900910479405
9 25.56653199692876
2 27.96008830990623
3 31.777521127268912
1 35.98995674784838
0 69.65581386708214
