97 35.83168583095955
96 39.50272217784679
90 43.02867622733996
100 44.21011455634822
87 44.96579764643185
92 49.12796675032823
99 51.46139441904422
94 53.46905986661009
91 54.539819088953024
85 56.0211270192073
72 56.291275875959194
71 56.438057156998575
93 57.51178148860057
89 57.92583944699704
62 63.91962245490737
82 64.1766747723485
65 64.41941160479196
84 65.75543291728103
73 66.3122538758608
83 67.3218643587885
68 70.67732058263535
86 71.28868325423552
76 71.61052972770696
88 73.58693615732653
45 73.69996565753547
79 75.38269434381881
80 76.42058357740176
75 78.54882885791872
95 81.29343194675029
67 82.61328889152563
74 84.3896545086448
63 85.59412255920752
70 87.36396703852859
57 88.42142805082003
48 89.978910488526
77 90.1017216512465
69 90.68391489406707
44 90.86377807496773
41 92.55749182812552
81 94.4148707861729
49 94.67861841354416
59 95.6770287554023
66 96.10672965060861
58 96.18395047630533
50 96.23115331787211
61 99.636220751556
53 101.41822623772175
51 102.90655879573117
55 105.865367437058
54 107.36662879695002
52 108.28136815290505
39 109.17740916905223
78 110.26120049160278
64 111.23790501731416
34 112.3181284192206
47 112.61938772108391
60 116.7566528824858
28 117.6226514137062
98 122.88864379628629
56 125.87240240619626
46 131.1730873975684
32 131.62961595965476
31 134.1542075501818
37 135.1825744574279
40 137.66581008865438
38 139.6098196473707
29 140.31901180652952
30 142.30622581471096
43 143.65633497616366
42 144.17322059880075
36 144.36870327761383
35 144.48245254256406
26 158.51444035794293
27 162.92972515446195
25 167.1029077633632
16 167.16311545948213
17 168.60421023055707
24 169.3135990200607
7 172.0946579352536
33 178.97063212019094
21 186.50437432750235
23 189.52714363175986
22 193.72368554868794
13 196.1546335423812
20 202.1322710382183
19 210.9631741868791
6 219.6464741374917
8 225.91764443414317
18 229.03681532645643
12 231.9396937346658
14 244.9593950491817
5 248.6789540643071
10 257.2390989573777
15 266.01789269702306
11 269.661093047828
9 283.61078680234215
4 286.38031423025484
2 306.5359747823503
3 336.7065733689964
1 369.70585717024176
0 617.9784261798502
