44 0.2296385516335434
48 0.23892915653727095
69 0.2547816474707612
41 0.26173209880779513
70 0.27186564385055234
59 0.27853153898115346
50 0.29797636640705877
53 0.31336213727467355
57 0.3210341175321315
63 0.34063049801167805
58 0.3518878705770198
51 0.3616759662384712
95 0.3723700312309752
66 0.3812134730998406
77 0.39744527117411593
54 0.3982023704934971
81 0.40422778017629496
74 0.40612939303189455
61 0.4100215287768036
67 0.43419119337737794
55 0.4500303985126651
49 0.48326824148052644
52 0.49921710388607754
78 0.5045153794821633
75 0.5505132654191103
79 0.5615665542341659
39 0.6396010953126501
80 0.676166512945044
64 0.6841584390521244
76 0.7314915188054657
34 0.7369600498174452
86 0.7440213770304335
45 0.7495150831453125
88 0.808931106851169
68 0.81311184968118
47 0.8964105735863546
60 0.9432472993638746
83 0.9817823279579653
28 0.9887384307343076
73 0.992744020023342
84 1.0604775928931633
82 1.194144723113291
65 1.235388711738582
62 1.3985122606231184
56 1.4021479534448895
98 1.488051713692582
37 1.5401407837002425
46 1.7127121073461984
93 1.7131227813003445
89 1.7405311854695593
32 1.7669655781320464
71 1.8143079545496092
72 1.8347605601923362
29 1.8597670584278296
31 1.9414898031366392
30 1.983087395463592
40 2.005047855362584
85 2.088338491941515
38 2.1310363373988115
91 2.183494732124567
99 2.340292720003882
94 2.467484051858271
35 2.4675791797931863
43 2.532050969510461
36 2.5933405939694847
42 2.8054912751518195
92 3.018735954627384
100 3.3529074096967473
26 3.5413949915845544
87 3.6368235167957037
27 3.89311001952214
90 3.9208102903421955
25 3.9369987686107546
16 3.960389261466412
17 4.108129700063238
24 4.17446698731345
96 4.222698980852406
7 4.529766842170541
97 5.026162542569657
21 5.836023015647832
33 5.96379050535941
23 6.1504453862099675
13 6.884578824615677
22 7.446325280117255
20 7.580777748529814
19 8.57581138145342
6 9.840990125143817
8 10.58577782367538
18 10.89850236381847
12 11.416952122804364
14 13.031265703123271
5 13.668534041064376
10 14.950644752291467
11 16.62136425587525
15 16.947594794378652
4 19.32477948142172
9 19.404204532862593
2 22.629062347927793
3 27.764713899450843
1 33.67357546289485
0 85.43624201500145
