46 0.28648974964835505
40 0.3070148093105479
56 0.31159231066320375
32 0.3158580264553243
31 0.33563173338186864
38 0.35711045279960973
35 0.4545062881022008
98 0.4666613698357496
43 0.4733832058287613
28 0.4926328052812976
36 0.5113300624865383
60 0.5215320686233748
42 0.6373294785797056
47 0.6647453232276052
29 0.6950818380778697
34 0.7306163532226796
37 0.801440485795995
30 0.8160791604588619
64 0.8503437955597859
39 0.9126904342537481
26 0.9783155996833638
78 1.0084171340637136
52 1.061475660078216
27 1.2052322850253696
55 1.2292047900970149
51 1.4334498356978589
16 1.5387700125306754
25 1.5773459237042189
17 1.6107643367029933
61 1.637791972523371
24 1.673476459136579
7 1.7714016034162499
66 1.8244933951267797
49 1.8853373246858287
53 1.8921277129984768
58 1.9183938177483923
81 2.0448471340096552
50 2.060204340187592
59 2.0642404621436627
54 2.4372250500921875
77 2.4566147929203317
33 2.8553215798651244
21 2.899287022898745
23 3.1712951838077807
70 3.2151839830939952
44 3.376724974215575
67 3.491674483932311
13 3.7821122496542516
69 3.8769532818761463
41 3.8831844194137997
48 3.918219114386362
22 4.180176380745751
95 4.273293088308669
20 4.378692901741072
57 4.696579574255172
63 4.875928183195979
19 5.333424956563637
74 5.43148960685451
79 5.892016090286082
68 6.182251612387796
75 6.289376028685992
76 6.363547006757618
6 6.497528462247009
86 6.585057380484987
83 6.704933998764312
80 7.037194754147243
84 7.094930846596872
45 7.251893346534296
8 7.280856153578386
73 7.44921219202486
18 7.6383775595520405
88 7.6686578844759214
82 7.968352187515978
12 8.148095747393553
65 8.774597395792195
93 9.302270595704925
71 9.586226064438042
72 9.717322251192961
62 9.918024682715304
14 9.923459950048827
89 10.075259291984276
5 10.613659194499112
99 11.200897140003688
10 12.061548454960613
85 12.066824336827665
91 12.134189857651066
94 13.497068904869646
11 13.993923529260188
100 14.277524313693815
15 14.610750639579866
92 15.091865925370225
96 16.72628511904275
87 16.80115240222629
4 17.2268656435768
90 17.394906533971177
9 17.49095548339552
97 18.920557715848215
2 21.325111866488477
3 27.88445484230338
1 35.6170730991118
0 109.1588956351817
