97 -7.119602473100777e+16
96 -6.8368893812423336e+16
100 -6.4788067593695016e+16
90 -6.012834637834697e+16
99 -5.939143419502745e+16
87 -5.812220728758634e+16
71 -5.526859336955265e+16
72 -5.504861386895569e+16
92 -5.472077074533987e+16
93 -5.43269755475241e+16
91 -5.177685686053531e+16
94 -5.1409009330339336e+16
89 -5.124625498157627e+16
85 -5.027287214822583e+16
84 -4.839433137185289e+16
82 -4.79704318556048e+16
83 -4.735014841915968e+16
73 -4.650754295670771e+16
65 -4.586312986634354e+16
62 -4.478253458978068e+16
68 -4.4615200134982e+16
76 -4.297409911436602e+16
86 -4.284246414495506e+16
79 -4.012523965023657e+16
67 -4.011683794268267e+16
45 -3.9467915417645704e+16
88 -3.911953914363158e+16
95 -3.829426351751542e+16
80 -3.765447961343412e+16
75 -3.691569312967185e+16
77 -3.655110285647097e+16
70 -3.563475807946595e+16
49 -3.5252745048692064e+16
81 -3.414931981590932e+16
74 -3.3914216229904944e+16
63 -3.3749356333148908e+16
66 -3.3610583967930764e+16
58 -3.28419383615811e+16
44 -3.2485526651843796e+16
59 -3.248105137757056e+16
48 -3.21894139937536e+16
57 -3.217720600188609e+16
50 -3.2095690053720828e+16
69 -3.184099950359367e+16
61 -3.127591684177005e+16
41 -3.066904159081825e+16
51 -2.9323270330535532e+16
53 -2.895284443180674e+16
55 -2.8163876887860508e+16
39 -2.775943311689179e+16
47 -2.7628832478952636e+16
52 -2.723112103133041e+16
64 -2.6692477526000572e+16
34 -2.6635153713722292e+16
78 -2.6109251260288428e+16
0 -2.585547765851194e+16
60 -2.5248585256962384e+16
28 -2.5052040829281252e+16
54 -2.487172333099026e+16
98 -2.4532242999504548e+16
56 -2.256583027149391e+16
46 -2.0952875571945268e+16
32 -2.0879448309370084e+16
31 -2.0210250310911404e+16
40 -1.857557983478082e+16
42 -1.8180449826390228e+16
38 -1.7946336482062012e+16
43 -1.7409540727009842e+16
36 -1.7236277661614146e+16
37 -1.7118348234200232e+16
35 -1.6703506937968948e+16
29 -1.5981335933912262e+16
30 -1.5346577839354644e+16
26 -1.3351746077142426e+16
27 -1.2325066648353042e+16
33 -1.0565031804083224e+16
16 -1.0379484939859052e+16
25 -1.0305189743566148e+16
17 -1.0171599708533084e+16
24 -1.0035489217102126e+16
7 -9880549577083480.0
22 -7912039476926650.0
21 -7278169537184114.0
23 -6835369953574493.0
13 -5998311326580391.0
20 -5331112570763840.0
19 -4318540851021517.5
6 -3727548570936495.5
8 -3104306733995709.5
18 -2760308165540761.5
12 -2683800955420158.5
14 -1676959993335897.5
5 -1540230711301925.0
1 -1362556915742597.0
10 -1134858829028046.5
15 -1100994617995759.1
11 -573942244621051.6
9 -377256806745528.3
3 -295044191273371.6
4 -190010471991108.3
2 -1671187470350.6917
