65 0.32705071821058884
62 0.3357999823035769
45 0.3957998931907857
88 0.40293723835341727
89 0.4251521807088804
73 0.43816769877694584
85 0.44036732269288226
86 0.44726577261344
82 0.44911663442324334
91 0.45172772590138577
80 0.45444554961404243
76 0.48288793968187216
79 0.49746365714530605
75 0.5048654904060417
94 0.5567513123315833
84 0.6010805792356545
68 0.602612381433444
83 0.628041848444029
93 0.634611535659155
72 0.6350852360744914
71 0.6656379593224272
74 0.6908851715434781
92 0.7376111563002483
63 0.7477475595374145
99 0.7857357880659632
95 0.8378389050404056
57 0.8461503189234486
48 0.9584069999852388
87 0.9754088200516478
69 0.9976428711629749
100 1.046498721821162
41 1.0584496870592475
90 1.080200734660506
44 1.0835693654163836
70 1.152065543810378
67 1.2947597012897392
96 1.3423471894257362
97 1.6555512809919355
59 1.7160393488434948
50 1.7320487566697564
77 1.7336924242998575
53 1.8550354401434213
58 1.8968480146465034
81 1.9244832715564946
54 1.9330274603463968
66 2.0211945970025456
61 2.11384073336755
51 2.1573475827884505
49 2.200719542907412
55 2.3865590466754503
52 2.5548151966966692
78 2.5973932732159493
39 2.8725410160849
64 2.958339482555455
34 3.139745871699281
47 3.5040927338916394
60 3.5996470001601524
28 3.700472265452396
37 4.4122765316767785
56 4.517214305330816
98 4.6696061112260185
29 4.97286979506345
46 5.053150889087867
30 5.124853344933187
32 5.155023369204001
31 5.430757927681082
40 5.48846663062878
38 5.663232654008228
35 6.203827593020736
43 6.351884179889857
36 6.454886504367983
42 6.857590116067574
26 7.752130383785873
25 7.959848670299252
16 8.020587040777132
27 8.221636761399996
17 8.232111766726355
24 8.30891145314345
7 8.887078801573544
21 10.47169196075194
23 10.857657067865606
33 11.219745199821123
13 11.786549639201098
20 12.67346244020243
22 13.062481953994602
19 13.862029287363798
6 15.528369756693913
8 16.35512497161534
18 16.65748371049271
12 17.387555720126425
14 19.141089694146782
5 19.953202443335158
10 21.44563398245777
11 23.23667617390043
15 24.179382030159978
4 26.349612190538103
9 26.7918040170114
2 30.059687467465164
3 35.66705297166324
1 41.93658708709028
0 95.24228331852531
