6842 10.5418196554 0.0212875885835
6844 10.2209544177 0.0178832588327
6845 11.2494643359 0.0282172966507
6846 10.0773336553 0.0152825789799
6853 10.3248684512 0.0187212197222
6854 10.2651614936 0.0187853909213
6855 10.3687216306 0.0193128303015
6856 10.7486381952 0.0233597396446
6858 10.3972126467 0.0198600957798
6859 9.99511756288 0.0138468388677
6860 10.4675118203 0.0205351565344
6861 10.0815734967 0.0153452943353
6879 10.2787648885 0.0189543660596
6880 11.2878021457 0.0281527167687
6881 10.3905141328 0.0210272080976
6882 11.5489157062 0.0294893111523
6884 10.162391362 0.0166774268279
6885 10.3877602804 0.0205986843217
6886 10.1539290643 0.0165825708597
6889 11.2596422107 0.0292052250934
6892 10.2704061274 0.0180903398761
6900 10.2124670764 0.0175452420564
6901 9.9882408503 0.0137733376092
6903 10.0978590876 0.0155842729214
6906 10.1228886862 0.0157875852035
6908 10.4561548872 0.0204660607848
6909 11.1573606224 0.0282120981308
6915 11.2757371401 0.0284583995916
6916 10.1660451444 0.0168061509215
6922 11.4620718791 0.0294915542051
6926 10.6724830244 0.0227233368308
6929 10.0253813802 0.0144007583228
6930 10.0102248037 0.0141068793193
6934 11.1556978918 0.028207141733
6935 11.1105883697 0.0279818726897
6936 11.6314523217 0.0293515378208
6942 11.2678559365 0.0290187087353
6943 10.9311639454 0.0258992139268
6955 10.6912746707 0.0232201343001
6956 10.1394937714 0.0164411369105
6957 10.261195624 0.0182952481731
6964 9.76400639451 0.0101286928468
6965 9.98222537361 0.0136695894212
6967 9.86568969081 0.0117502099056
6968 10.1174661041 0.0159559871241
6969 11.3934499369 0.0293030370007
6971 10.4879984292 0.0205814766178
6973 11.3589127306 0.0293272597247
6974 10.1056255125 0.0155517096524
6975 9.96770776337 0.0134265169484
6979 11.0720233912 0.0276932313146
6983 11.003737682 0.0268187704441
6988 10.8266209132 0.0251446693126
6998 11.1849081324 0.0280246945183
6999 nan nan
7000 10.0480382665 0.0147683863463
7001 10.0812208762 0.0152499948142
7002 10.5402158863 0.0212755026154
7003 10.1108756617 0.0159011393843
7004 10.3640636673 0.0192990618063
7005 10.7590030405 0.0236102533476
7007 11.1866890316 0.0285177976632
7008 9.95333321223 0.0132183121378
7010 10.7207795438 0.0229914975317
7011 11.0701057499 0.0263534140736
7012 10.3357003041 0.0197070466009
7017 10.7626780897 0.0242576244177
7019 10.5145377997 0.0213368213443
7024 11.1493958233 0.0281998442485
7025 10.7852102504 0.024652746993
7026 11.3659249516 0.0294257900323
7029 11.1609495812 0.0280343306241
7030 11.257140496 0.0283359707337
7032 10.5617151997 0.0217310158802
7039 10.4277545481 0.0204085335612
7040 9.98094219108 0.0136247997652
7043 11.2023961465 0.0288156234424
7045 11.2419333077 0.0287397867949
7049 11.3475102017 0.029268766665
7052 11.2249043916 0.0287712128418
7054 11.3949344222 0.0294243702072
7055 10.3555875189 0.0192417902348
7060 10.0320156433 0.0145062858891
7069 10.3285307248 0.018922675644
7070 10.5146172617 0.021246619248
7072 nan nan
7076 11.2350589947 0.0289155581948
7077 10.9081589028 0.0257376077323
7079 10.9990339875 0.027057776542
7080 11.1854639946 0.0282481905569
7083 10.9067034631 0.0260459616377
7084 11.1098372076 0.0276889239453
7086 11.4232802031 0.0295440059063
7088 11.1746785094 0.0278328875794
7097 11.0162070347 0.0270270245584
7100 9.97326355694 0.0135126720923
7102 11.2674504606 0.0291741669281
7103 9.9899988193 0.0138651478735
7104 10.7462277027 0.0235878138787
7107 10.2245262943 0.0175837673797
