15 38.148885647513666
9 43.47871845811147
0 51.212713336790706
42 60.276300916447504
22 61.177167800599236
33 62.11379365428199
49 78.09125384000139
98 81.04318864781578
32 81.61273279887519
47 83.48090019609704
56 86.08951830208082
46 88.50030445391653
3 95.75518343335239
36 96.30414492976728
43 96.86099633410895
77 99.31692256842273
31 99.76722720847476
28 105.42432526311094
60 106.54744489074263
40 106.6598075992275
26 106.96602813891175
67 109.27912497520448
66 111.81191986626153
27 112.38947238004376
35 112.76444001470112
34 113.17398847314462
81 118.70531996636926
78 119.12784263947466
51 127.30769834451748
58 128.52587201375056
38 130.6918199553371
59 131.51065623885682
39 142.22722947832884
71 145.61348961650367
55 150.27341950633107
50 151.57336744698503
70 153.71146205361828
93 154.22185810556653
52 154.53743876486143
84 158.4045314755722
2 162.2234569044743
83 162.67152448849558
72 163.41758650508436
99 163.77824917864513
61 170.2812344946402
100 172.50670715404235
73 182.91206544224016
96 196.46498919944474
64 206.60108997989173
68 222.0324165720715
6 241.56446325759617
82 243.23376976302816
89 254.76373243000685
76 256.63213575139656
12 260.35281615985036
97 271.1457573176077
91 277.79586241422777
86 281.03412591661737
95 294.58997660847973
10 295.8010599291461
44 302.62236788386855
79 316.5242288317407
8 322.5862296005633
7 325.3428144085215
5 330.07366128007163
48 338.63893198202237
53 377.5620175893155
29 382.1291435109844
65 395.7649158561562
4 443.4812755176941
1 492.27513324906425
90 505.07690457194303
85 823.1782363593398
45 971.1174428507708
87 985.6861014099411
24 2304.242143034811
17 3298.0045521150614
11 3407.4011240528675
13 3422.4418161523745
16 3473.8719829545844
14 3487.258910554621
21 3515.169566087308
20 3553.3720706265203
18 3579.602943374506
19 3640.816689047061
23 3698.1768319740886
69 3715.501456061297
25 3745.771296306055
37 3750.243513445367
30 3764.603460913773
63 3910.2754712218657
41 3938.7880466364945
75 4027.0019391348533
62 4065.935656222173
92 4077.725628585706
94 4138.652980915647
57 4161.035973999352
80 4313.741817282325
74 4337.994795872017
54 4358.659448261685
88 4374.651575419017
