90 15.364780546565333
97 15.994221788546511
91 22.15531441273731
96 22.554695192351424
87 28.243185733747193
100 29.337092434236947
85 29.505404110884548
65 31.207979452139426
89 31.27231943686341
99 38.65066713206004
82 40.02675511373362
86 40.616204778867505
92 40.63593064464364
79 41.71518513025586
73 41.856550546774024
72 42.19110608332176
76 43.47479702393529
94 44.08877677785457
93 44.45031012846168
71 44.78308599010478
45 45.70122873858635
48 49.051180549215964
62 49.80589136897993
68 50.07832829782693
84 51.05318131062474
83 52.59151652571495
95 53.629250411707226
44 55.35979285923004
75 58.96854237835258
88 62.70826218400289
63 62.88797212030583
80 63.42853147727351
69 66.03739285729452
70 68.28688198197867
57 69.01576675285826
41 69.47542788869897
74 70.10658380378015
53 70.12854549521744
67 78.94596474318232
50 80.26658150109014
59 80.70096819782084
61 87.1233176893491
51 87.26413615863609
58 87.46599037802878
54 88.87998072143115
52 89.80961656352055
55 90.1107482186364
66 90.30130896142964
77 90.32440817035028
81 91.65403461640028
78 92.85579301054399
64 95.82945096194096
29 99.06425475511347
39 101.16757901876005
49 102.59344497931556
37 106.02227995459121
34 108.32194100833162
30 113.3947689390619
60 114.76697066996694
28 117.0209765190647
47 121.35936164454634
56 130.67997178700838
38 131.1897295944337
40 132.58607612382545
46 135.54581173834057
16 135.86931858989166
17 137.72359861737942
25 138.32992085531657
31 139.61705586588448
7 139.79867595355057
24 140.19061760827563
35 140.2551097573655
32 140.5674700543693
98 140.9813012746902
43 147.52917357461064
36 150.2763911591857
26 153.61954570814058
27 155.72180266028303
21 157.24814957416763
23 161.52563431001212
42 166.5764055429203
13 168.07824780168727
20 175.036574817346
19 184.39821214533944
6 195.68444085826533
8 197.7180636229021
18 206.24396749978965
33 208.372282653407
12 209.744647320948
22 221.00685459109087
14 223.49376045501816
5 225.71494942283934
10 238.90949280775877
11 253.3168784184335
4 274.2811766051762
2 309.0532693975343
15 310.14237237142197
9 318.84418942213995
3 356.9600229945837
1 388.37482722454104
0 768.6630421944491
