15 20.014214216508435
9 24.241923033244962
0 28.260104295863677
42 36.75361861867017
22 36.94342854925038
33 37.434448437976265
49 51.88713261971037
98 52.93206495568892
32 52.977846472285144
47 55.23857673444575
56 56.96884860372693
46 59.013987900487436
3 63.97061545055071
36 64.42727328440279
43 65.33859705994335
31 67.91991050182595
77 68.28321178068192
28 72.77654026171696
26 73.29870015519091
60 73.62527760855258
40 73.7440216785581
67 76.59469308160831
35 77.65043587449823
27 77.80263372387272
34 78.10859223090749
66 79.688787361357
81 83.56247109544032
78 84.04517192278458
51 91.45918224143871
58 91.85795681183511
38 92.60942398612055
59 94.95420926805609
39 102.04156406465313
71 106.80243372742356
55 109.2023845891197
50 110.30060299069474
70 112.21832410091322
52 113.2995043401559
93 114.39007867660607
2 116.61942993391064
84 117.41451555635935
83 121.30617332461205
72 122.28556086767074
99 123.15586702366237
61 125.43930890886699
100 130.50096394267206
73 139.5120431661853
96 150.69232349436533
64 153.68849351211975
68 173.22780938881596
6 183.51809474519638
82 187.17922915014782
76 199.1464813529426
89 199.32177180803086
12 200.48826894201306
97 214.45919291565815
91 218.55152887149433
86 221.31458017230747
10 228.05607759420084
95 230.8406745276757
44 238.01964625934372
79 251.8559582596529
8 251.85831261065047
7 253.24167749528968
5 253.9571986641951
48 278.1256970991423
53 301.4743045435236
29 308.5731668819698
65 323.93536336775196
4 346.4203203487427
1 369.65706735332805
90 418.74202999591233
85 698.1469739448661
45 807.9569988944465
87 824.2348753181819
24 1541.602243424574
13 2170.0216351621634
17 2256.3375803968383
21 2467.239186530179
11 2657.0656674859424
14 2723.931510324634
69 2758.4999258463563
16 2772.1905291543035
20 2784.7025852259208
18 2784.9156278128507
19 2840.4094876289673
23 2873.905951133743
30 2906.9646187573803
25 2931.0168110132026
37 2956.5004846749894
63 3116.5658365555214
41 3125.6897390351746
75 3202.940184411485
62 3253.3123206949203
57 3274.8037919409207
92 3297.2854545291816
94 3325.8474027930897
54 3356.9865529150857
74 3373.2626383971447
80 3374.129292553053
88 3406.779232388209
