15 0.3067499530859628
9 0.32111290197348646
22 0.8976996948046075
33 0.9364159589632718
42 1.024964822736995
0 1.254447565594383
98 2.9231710543940284
32 2.9318542667079512
49 3.0366721320575065
47 3.362784609943348
56 3.5948630347650057
46 3.9185458386382677
36 4.715640097175346
3 4.760545442641983
43 4.879689762565673
31 5.330943617423318
77 5.629352598797576
28 6.296040285794782
26 6.348187190010678
60 6.477789593337313
40 6.535420120080496
35 7.159428266151603
67 7.221758621675834
27 7.240104739036193
34 7.307908025722201
66 7.883729470632986
81 8.429859700400991
78 8.59166286817215
58 10.220096368330635
51 10.24388521849495
38 10.293703040212575
59 11.037028422514899
39 12.354589258511906
71 13.746324754914102
55 14.047064519500704
50 14.291018445967849
70 14.859786909213852
52 15.148953576111682
93 15.53078851573793
2 15.967287518789636
84 16.177431882382752
83 17.09771642257401
72 17.401145397938098
99 17.681647701768163
61 17.8327361546504
100 19.579583555472475
73 21.877797163888516
96 24.718921244093007
64 24.825545575933585
68 30.479276119731537
6 33.34841761932787
82 34.29846568354012
76 37.769605942155884
89 37.84398015198981
12 38.346690476392844
97 42.12645361216039
91 43.37664327332498
86 44.31494293679321
10 46.49143196375949
95 46.80640845250845
44 49.02834407681555
8 53.413368206770166
79 53.46201998773165
7 53.73132373737887
5 53.86029339724173
48 62.11374918263884
53 67.53151668509814
29 70.88699953491168
65 75.67832333174132
4 81.98033917491652
1 88.54780492331804
90 106.53069250913362
85 199.91153814915475
45 238.62970975393287
87 245.3789277182214
24 474.18429868957526
13 708.9747148644203
17 745.0973748351155
21 823.408962636113
11 898.7636925171485
14 923.0505592886656
69 933.5693226632917
16 942.1780162574639
20 945.0202446311094
18 945.2865030819573
19 965.6856272893082
23 977.0884913595356
30 990.7764982043947
25 998.9452496161754
37 1008.1476356557159
63 1068.5104810166774
41 1072.332489995498
75 1099.8150946888602
62 1120.3437314447629
57 1126.632123975995
92 1137.3591152151946
94 1146.7712194318606
54 1156.073177457459
74 1162.4453681243372
80 1162.7934453351083
88 1175.0242135183319
