15 22.55893442405564
9 27.22257327587292
0 32.53146640233494
42 40.95947307698138
22 41.486126342523825
33 42.11214602419666
49 57.2788779555558
32 58.946336700312536
98 59.38632999048766
47 61.45757035610777
56 63.531616636064236
46 65.81340876457898
3 72.03258953855959
36 72.32234275817049
43 73.17268195602917
77 75.6244499385321
31 76.29432159617535
28 81.15186642858748
60 81.82793253432807
26 82.00525875124629
40 82.39573992784487
67 84.82735989230362
27 86.91168459919469
35 86.95739876528272
34 87.11701240066351
66 88.39795911469618
81 93.16896025358638
78 93.23469117492257
51 101.66156264387003
58 102.47244553760147
38 103.70066001604027
59 105.5001003679005
39 114.64430787839477
71 118.03139062355656
55 121.98643278058562
50 122.9370020778496
70 124.97472106254995
52 126.26703555190241
93 126.78014722472479
84 130.6252954091967
2 131.95177485936688
83 134.87930858828253
72 135.38744704623943
99 136.40073382055786
61 140.6487350339158
100 144.74408781441983
73 154.7399442100427
96 167.36945344272436
64 173.34657190060256
68 194.02174786710125
6 206.3113322842466
82 210.31212555271227
89 221.90141980305148
76 223.3315162976704
12 225.6670127631121
97 239.22211846144347
91 242.69506877042858
86 247.71274537036288
10 257.9045892949801
95 260.0161181998029
44 266.029244407286
79 280.7182947402192
8 283.3473498695186
7 286.38517825265905
5 286.6802574013864
48 309.65867237341996
53 343.3198921301001
29 346.22178707452116
65 361.5880839693378
4 398.6724737354856
1 421.4934825477535
90 467.5721664209069
85 798.2362202629448
45 923.621938732331
87 932.8065293244238
24 2066.0904094114876
13 2822.749601408752
17 2876.66329344212
21 3114.649351898816
11 3277.4490914707976
14 3357.932278154503
16 3407.987170515392
69 3429.1775915089747
18 3430.451395572241
20 3432.1504104317137
19 3499.175126969025
23 3545.6813517362057
30 3580.292663706768
25 3606.6444105997693
37 3635.9327812379343
63 3818.7062893303423
41 3831.8661819942354
75 3926.223238302261
62 3975.651506246947
57 4015.1994016626672
92 4019.63305878077
94 4063.8726049051515
54 4121.681009027184
74 4139.136585581967
80 4139.245057452591
88 4176.550614705428
