15 13.211914916149828
9 15.584943117052077
0 19.80018751398912
42 23.679365303493626
22 23.926084344772907
33 24.376952663888463
49 32.4975892736179
98 33.76119052568372
32 33.80593568363865
47 34.90747632931809
56 36.09312453856786
46 37.217422911436365
3 40.3571738935131
36 41.014904586529966
43 41.24715982714319
77 42.76899461434954
31 42.80210089473983
28 45.679344269562556
40 46.07498885509093
26 46.11575201426815
60 46.159605831930044
67 47.73391215158875
27 48.85454465240356
66 48.9495816001374
35 48.97953404456667
34 49.32446489402882
78 52.062787205744925
81 52.34722072234348
51 56.411789501067574
58 57.238140167323984
38 58.017908342966464
59 58.73126005773081
39 64.08258075685588
71 66.15248345428533
55 68.17418842552512
50 68.66577602970834
70 69.75840052944692
52 70.11807972608344
93 70.47935956492526
84 72.4687906819221
2 73.94402214867769
83 74.51404583034025
72 75.22204517148646
99 75.50644382439545
61 78.2463708851775
100 79.88418519775712
73 84.9214488884759
96 92.10399744636433
64 96.60870709282332
68 104.88553030934246
6 114.42359305513283
82 116.08607108255967
89 122.0423765078283
76 122.93873276954761
12 124.27945664847952
97 130.82981033086455
91 133.0849013915977
86 135.4026563094929
95 142.68616583188393
10 143.13225657271735
44 146.61424826599026
79 154.31312296345826
8 156.88045806518798
7 158.71057644478054
5 161.30144006654112
48 165.68914867528525
53 185.89365632664197
29 188.23928444837875
65 195.65933680418928
4 220.66593893830438
1 245.21229842947378
90 253.7807797796766
85 422.1721375861803
45 501.76784735705576
87 511.46775102419844
24 1226.4128557438326
17 1738.8608564566923
11 1776.1337397806187
13 1812.077508214534
16 1814.5041592153843
14 1819.1809791652558
21 1848.0208816246388
20 1855.0514212211708
18 1868.7308118248463
19 1903.6036347846025
23 1934.7987812215506
69 1951.4422825567974
25 1960.020560798968
37 1960.3414946363278
30 1974.5044474785302
63 2048.7429715036346
41 2067.0187902262924
75 2111.144636063842
62 2134.109617863428
92 2138.8037712687933
94 2172.423478080745
57 2186.308731570328
80 2268.6060601603685
74 2281.96527024619
54 2292.9331203689067
88 2301.6715175418126
