0 19.230266949475485
1 297.81973127124945
3 322.9565615159169
9 352.37655644083185
15 355.7188098393649
2 430.3788238479622
4 569.2423714262648
22 578.0837707077852
33 616.5752228284424
10 662.3728175775204
5 717.4426384317552
12 742.0942617579893
11 750.4471357636847
42 782.0845863082872
6 790.1635189473299
8 829.3998663073396
36 854.2792577800357
27 860.4282367963461
26 862.9787250724497
14 870.7455970027768
43 873.5621184645205
98 895.3322293139241
32 901.6283656061026
31 906.7336603069925
35 917.9012579145658
46 932.9250912740123
56 953.3091425021933
18 953.4668292261237
40 960.9795996497139
38 976.1924166869802
47 1006.816901009277
28 1032.5258205834039
60 1055.1149017742964
7 1055.8977083264465
19 1078.6160856122756
34 1088.0446110721732
20 1091.7078694978677
49 1130.830112161563
39 1136.837325179784
13 1159.2777724467405
81 1193.9832851328863
64 1199.064995797497
21 1203.35241168495
23 1210.746673265765
77 1212.6236798590849
66 1219.9944352494256
55 1225.4327366810373
78 1225.6234579171362
58 1233.346760496425
61 1244.8587559174161
52 1248.961953936548
51 1256.4771289967393
17 1266.2408306697448
24 1277.9738306238348
16 1292.7817255661216
67 1301.228847826747
59 1301.7762601618833
50 1303.311868778439
25 1352.757929921508
29 1374.5321884320751
70 1409.2780873319966
53 1490.7715068035195
30 1535.4566785509417
83 1552.9845707062207
84 1568.6372345575314
37 1575.8724321664988
68 1591.6419050075276
95 1613.4255471925637
71 1638.14859206589
93 1643.5973985678088
44 1655.7753386435743
72 1672.0974967869581
73 1713.2666076414673
76 1713.9773315177624
99 1718.3709901784625
82 1726.450073250347
86 1792.4569592429123
79 1812.4653795796944
48 1843.2399052357873
100 1857.596539952678
89 1874.5526941173546
96 1976.0687934233556
69 1981.7287154794117
65 2005.216347039985
54 2021.1358731730245
41 2065.0170672277545
63 2113.363809917769
91 2126.6997212672927
97 2129.641449990588
57 2182.1406503597764
45 2222.3838980740043
75 2236.2708533491996
74 2270.6621108364025
80 2373.1418299888205
85 2392.3236758690523
88 2414.5956375773067
62 2447.396978976004
90 2524.9448640329697
94 2632.6891045921466
87 2667.761574962617
92 2673.0252784781646
