96 0.08891002882924781
73 0.13116337086067972
68 0.17367898801193418
100 0.17684264415364753
99 0.37948949934691806
72 0.40209825712221275
82 0.4763337307654206
83 0.5167356993831358
84 0.6231923774658016
93 0.6541159339843922
64 0.6880832661381964
76 0.8731279325803636
89 0.8874839312961801
70 0.9480994059808373
71 0.9505402778703134
61 0.9626299860672749
50 1.2244313174420527
52 1.2326150865884526
55 1.4524893880551701
97 1.5217130516377597
86 1.805536181139045
95 1.8502931304248968
59 1.9523300343363472
91 2.0565549576106434
39 2.133657209037445
51 2.261026546717417
44 2.263115712698307
58 2.4307024103660746
6 2.731515087275659
78 2.833520769356705
38 3.144952439277247
12 3.222438952377961
81 3.2710227818577473
79 3.272102793855907
66 3.428951819794765
67 3.5561076328401127
7 3.643563256426014
34 3.980939377089053
53 4.123142099292378
60 4.514123394824814
77 4.6233760236598105
8 4.663269587208076
35 4.677106963874015
28 4.696559733636069
40 4.783081128681304
27 4.837521042429187
10 4.886014310973955
5 5.152356160172027
26 5.272960057092077
48 5.481970520279179
29 5.652036805226082
31 5.855277687644602
43 6.32652998596073
2 6.6069137391385535
36 6.64726623874238
65 6.709530681668298
46 6.813770693346185
56 7.049519260280405
47 7.233703946167113
49 7.33093030937198
32 8.042058369999527
98 8.42949957193435
4 9.276209801676558
3 11.97520329331097
42 12.14525574491732
33 13.259311368170064
22 13.636397789778565
1 14.238097759205816
90 15.834406840406514
9 19.59683852403114
15 21.491103759885817
85 32.67001233151801
0 39.623962900039906
45 41.291755077116576
87 47.32034120806588
24 75.2431569551537
11 122.16566526249895
17 123.94677550199155
14 126.48070233918581
16 127.16022106109929
20 130.52950219231965
18 131.7651886395159
13 133.16082241559783
21 133.23647400630392
19 136.3178955691103
23 140.26383645956747
25 143.46901429115334
37 144.06639719043542
30 146.90677381622896
69 148.38128698557222
63 158.58112912318066
41 161.4948744317608
75 166.75017411579714
62 172.0670868145704
92 174.0393561939936
57 176.33494219228166
94 177.83021477630408
54 188.05011550036335
80 188.35946281867194
74 189.08672740419726
88 192.72648793493002
