67 0.328612365615078
81 0.6345158307377404
66 0.6407588353370703
77 0.7325199766186554
58 0.7512515650327048
59 0.9967253152808349
51 1.1243327570383594
78 1.4013410376978683
39 1.778531014327774
50 1.7837004465564228
55 1.8426464649374505
34 1.9477217479511109
52 2.2749619832871626
61 2.289751213045553
70 2.351381181081997
49 2.5434909946235713
60 2.5887779815386307
28 2.8573434074860655
84 4.027092736882179
83 4.1904723364495435
47 4.202750011211299
71 4.356949655970839
64 4.691696271801598
93 4.9651882080925605
38 5.031196367890962
40 5.037360114380985
56 5.370231101036359
46 5.933873126228917
72 6.11496229445418
35 6.151504510547739
31 6.1811040304405775
99 6.838576355940517
32 7.184096713871175
98 7.469016039008759
43 7.607895134057082
36 8.160039482057671
26 8.556644935289954
73 8.761517321296987
68 8.923239637541824
27 8.92692615241545
100 10.960579125698834
82 13.9317964888379
42 14.308150055678913
76 15.536422006746617
95 16.38453328012115
96 16.728696334207285
89 19.539821564306276
44 19.632516859091236
86 20.70237914945418
7 20.751258000277357
53 21.130293882138886
6 23.800216266031804
33 23.87949799812839
79 24.975309543164315
29 26.288999283148417
22 27.039456120710152
12 27.58407829712969
97 29.324642186307695
91 31.227480980311714
8 31.55414802348924
48 32.24215301512664
5 36.569375960902825
10 38.17744619798553
65 38.92038990200176
2 50.42266483536289
4 53.7143116348449
15 57.70958521571347
9 58.6847250377739
3 66.108702222327
90 76.57273356277858
1 93.4509028798084
85 97.08644464378104
45 102.64330438785858
24 103.41326099770437
17 106.21492389028958
16 110.12898192105565
20 117.40627245816128
21 118.95995829408778
14 119.21771813670033
13 119.69634029724274
11 119.81216913601456
18 122.11310347591356
19 124.60444564885712
23 127.64433237207355
25 130.1662215266969
87 130.91752201547501
37 133.37045628499828
30 135.96307800982746
69 148.54303336262907
63 163.45724509337273
41 163.8510254651163
75 178.2644142239639
57 186.24130752559043
62 191.55127070846464
54 193.63550184049268
74 203.5918367598018
92 205.45755825747253
80 207.7072674114523
94 208.10197340988924
88 213.92286696281158
0 249.69158947494506
