22 1.1506018463650312
33 1.1514975403877643
42 1.3485420528701244
9 1.7219722330791447
98 1.7924572739048437
32 2.0141948313125586
15 2.1879761750936058
3 2.1981036214342784
47 2.3887089027124864
49 2.436092298340763
56 2.5302319097990313
46 2.716564359644796
36 2.7190669921124946
43 3.0165808871988786
31 3.2231728414000815
0 3.54268721588858
77 4.017088380946838
26 4.063658128385728
28 4.087748195910097
60 4.316725321311957
35 4.398269147890468
40 4.405289516644092
27 4.645207348199769
34 4.730770950648904
67 5.121032395601778
81 5.383475762106879
66 5.620638123723954
78 6.4594199220428745
38 6.595007159943419
58 6.867957712658521
51 7.56045759051638
39 7.673836813149403
2 7.921439033017175
59 8.113003855390366
55 9.37636950244729
50 9.913420394632942
71 10.164949230443344
70 10.756974016981294
52 10.833782799488699
61 11.221513052961598
93 11.449746088657642
84 11.73603373451146
83 12.384441237818933
72 12.849065589912781
99 12.99645813484779
100 14.940680938732116
64 15.145962162513031
73 17.209997329660435
96 19.082936878375005
68 19.87054799205864
6 20.679642206796846
12 21.60149799587635
82 24.316362850834714
10 26.90496681176981
76 27.6042688248327
89 28.15176099598394
5 30.572691093413535
1 30.601299715640806
97 31.342173536742262
95 32.260179445618085
86 33.59450801120544
8 33.66526871095349
7 33.84187057601843
91 35.5806518908653
44 35.68925320587898
4 35.94905785214277
53 40.15547075589344
79 40.43613908236903
29 47.6925016236382
48 50.31225111952852
65 53.3009943441325
90 81.38402275035557
85 117.83836909616726
45 136.16985599134014
24 147.22093667219565
87 150.86790580205232
11 155.52389722548676
14 165.81977002937805
17 172.06948006242956
18 175.78681117531147
16 177.47040883772502
20 177.85790336535848
21 185.42215543257265
13 185.78476630158903
19 186.9728489610034
23 196.27608840575076
25 203.67980248024193
37 208.2960415657416
30 211.91983700291308
69 220.93652628731144
63 238.54338313458365
41 243.61942609388
75 252.63015007128547
62 263.4296094643638
57 267.47144577382466
92 267.96468805992816
94 273.56382622956227
54 283.4606806589374
74 288.61278950489367
80 288.7330386802107
88 295.3050204707203
