87 15.585453343932556
90 15.747492686974605
92 18.23433992231632
94 19.31483435965142
85 19.589299088850503
62 22.637437563041704
91 23.12905187755395
97 23.73909757212525
45 24.466641936911007
88 25.255509656059107
80 25.89276096002286
65 26.589251149839534
75 27.12125907851105
96 27.829991986124224
74 28.438509581843647
57 29.517202142622864
63 29.626391919350485
89 29.748486317758697
41 31.37445370101989
100 31.460674387771803
48 31.91020896487559
79 32.06193119573016
86 32.38433632136203
69 32.387171331163174
82 34.288336818780124
76 34.622345676519934
73 34.86184606702641
54 35.292965393669036
99 36.07796072650961
44 36.86770952263197
72 37.20319127280874
93 38.26758262621505
71 38.661171754328464
95 38.78280678646831
68 39.22533187652282
84 40.558026582657625
83 41.364522392286275
53 43.17470045484412
70 45.93141319756232
37 46.15727667851886
30 48.146568578772126
29 49.11172076233864
50 50.60335003886081
59 51.10097068045302
67 52.35824453657655
51 52.916908639424
52 53.53134190417877
78 53.83537502549391
61 53.92729498544469
55 54.036351594439466
58 54.55046914958069
66 55.90970022656776
25 56.10401696660041
64 56.11580781001326
77 56.79975306533375
81 56.98359898692453
16 57.27934964137973
24 57.88489113742192
17 58.26832432554301
39 59.13129678059492
34 61.76741375046897
49 61.96069083946698
21 62.75311282526828
23 63.201716521251605
60 64.32714779170455
7 64.56305834907289
28 65.32502564758398
13 65.54549687340702
47 67.90935018415222
38 68.0515211347501
20 68.64916937269238
40 69.04352037836873
56 69.96473627567323
19 70.38569803639818
35 71.3587470431828
46 71.39152726794477
31 72.96754671455867
32 73.45802169309651
43 74.91075373543966
26 74.9201419547518
27 75.20201854372974
98 75.41513964011153
36 76.14276276039426
18 77.66041053661341
8 80.16132622664647
6 81.85177464854486
14 83.03739514523537
42 83.08760599734775
12 85.60098633982098
5 88.65175600760519
11 92.03881977276481
10 93.14717536145088
33 95.74475777487461
22 98.79447550797288
4 102.51819432056354
2 115.62552350185713
15 123.61772458403189
9 124.00617645988962
3 129.66898335545105
1 136.04808178960891
0 244.0712772541677
