39 1.1819443516343817
38 1.3482210544589477
34 1.7497517967253027
64 1.8096102619493704
60 1.8389422585079571
28 1.9142074675595795
40 2.251394492077622
61 2.287568895281333
81 2.2935143098306185
35 2.43126800845523
66 2.508570200883202
55 2.51501652481254
58 2.569133295301525
52 2.6104651845132
31 3.100981645377836
77 3.193697963070456
51 3.2224728268949083
78 3.3325939848829367
27 3.4822976683909093
47 3.562117408340598
46 3.583382406911395
26 3.593373507304295
56 3.6354304970639157
50 3.757958196714294
59 3.8089070612800873
43 3.8180335767139217
67 3.988000881154229
49 4.142673100681872
36 4.239840724707063
32 4.653438085701654
98 5.162539248844142
7 5.433650067434856
70 6.4501113786281605
6 7.372173328417942
12 9.533065135249164
8 10.003039504611618
83 10.022341668045955
42 10.109007707305915
84 10.43119274547408
71 12.569981865383946
68 12.678257683596417
93 12.781343153642794
29 12.863824849471948
5 13.58418972817658
53 13.822667754269474
72 14.00503870492361
99 15.171126334165885
95 15.249896479303313
10 15.427715271129037
33 16.552604909147984
73 16.74943313472881
22 18.606650133899773
44 18.898782795270765
82 18.92277397470685
76 19.15724360938811
100 21.527201867733375
86 23.466698220730773
4 24.359548923446035
79 25.823814550358016
89 26.732090185351414
96 28.28658500123513
48 29.53602493037625
2 30.604138382685885
65 39.20303420811753
97 39.415245807286155
91 42.21284903080288
9 43.472098769502104
15 43.8182717329526
24 44.31105388733453
3 46.495378892162876
17 56.625891858626645
1 57.63852886022433
16 59.07215318259811
20 59.99374412524848
14 60.85100994907777
18 61.860623828631795
21 62.06117958823732
13 62.06233757896006
11 62.5565485499689
19 63.74325385898968
23 66.48797597005795
25 69.73601627641848
45 72.29904463867344
37 76.14034232354174
30 76.28124998548137
90 78.28963096481027
85 78.76545955925202
69 96.0361294568748
87 105.7080001826109
41 106.97504216005862
63 108.46119284598065
54 118.95002560036922
75 120.41837160207129
57 121.97373808223135
74 133.5590885903515
62 135.8985917030706
80 139.90348484126383
88 144.48048168897873
94 152.42812030010714
92 152.98583726951887
0 224.22201315506229
