90 0.229529517317913
65 0.5376957469890163
48 0.9409769930507846
91 1.3127978965221998
79 1.3627572337893692
97 1.5725584726314479
86 1.805089887745911
44 1.896784657819557
53 1.9994428187853772
29 2.2152637968359423
89 2.220713164274794
95 2.2985976437927573
85 2.419005719944017
76 2.534063795119838
82 2.9058922178355466
96 3.6258161564800053
68 3.8887044832182442
45 4.06092265008612
7 4.453597107523735
73 4.5068840908559515
87 4.6120376291695155
100 4.83947252487812
99 5.598394271261206
72 5.667607654183414
83 6.004570021488702
64 6.064001496384071
8 6.121249177298987
84 6.2320093493541995
93 6.232308826805699
71 6.764281413401453
70 6.927480744344509
61 7.0414550487840035
5 7.320212021306438
50 7.455134694756699
52 7.484969485696907
6 7.740206345224161
55 7.856712192321725
12 7.952337695241943
10 8.239508580855535
59 8.486412986951406
51 8.908406722933709
39 8.908492735687181
4 9.074476814395634
58 9.173331056087894
78 9.56176552744771
81 10.168716320229294
38 10.291261476298654
66 10.330960633907694
67 10.354219566194889
34 11.038705947879063
77 11.49086351265971
60 11.61771787654705
28 11.809476527833498
35 11.984854517545676
40 12.034180038671039
27 12.247998484654934
26 12.644077277749185
31 13.095673672693765
43 13.607700994357051
46 13.908841302425444
36 13.927654997682883
49 14.062439812917011
56 14.064060889439395
47 14.154416069919927
2 14.627029534152644
32 14.97822013138511
1 15.010064541815462
98 15.361568704673287
24 16.721126098935656
42 18.46890804129399
33 19.704284419164257
22 20.085345328320546
3 20.092112258983782
9 25.136508216728988
15 26.337502088081067
17 33.75872967350817
16 34.43577494429594
21 36.51463845208902
13 36.6396590186452
20 36.677923468003705
69 36.965951241807616
37 37.399409958343476
14 37.44168380330787
11 37.53920621703308
18 38.129158993670224
19 38.211935556256684
23 38.32059605146817
30 38.33420696559911
25 38.34540074016037
63 39.215262269459664
41 40.03442006686965
75 41.05251984743387
62 41.94823061737215
92 42.094380148923996
94 43.167069926505725
57 43.683378559602815
0 44.164344950861
80 46.40760945040374
74 46.87135341980656
54 47.328322397450684
88 47.54582708363218
