15 0.18375702053269305
9 0.3507047531878672
0 0.9233155167485501
42 1.1152571266259748
22 1.4108098113499925
33 1.4160143261378544
49 2.6028262626376746
98 3.0557330400513574
47 3.393036305819779
32 3.5496333627072874
56 3.759808266725609
46 4.086780674618017
36 5.305598948245381
43 5.382958876647593
77 5.394362948722889
31 5.5654955158897295
3 6.315012429978521
28 6.343067931572781
40 6.578335744703681
60 6.764936069463768
67 6.808987530099256
66 6.886069240756579
26 7.01752378661875
27 7.909862819445128
34 7.95218623810127
35 8.039388485608677
81 8.457203647674005
78 9.250767825191028
51 9.842932482500329
58 10.012100480578834
59 10.275167402469313
38 10.63245739129754
39 12.240089549616702
71 12.69072953395488
55 13.820425444331395
93 14.229326989068241
50 14.584694139542648
52 14.742648271486122
70 14.744069310559853
84 15.071955860801463
99 15.71094719325149
83 16.01363579883778
72 16.058566666370755
2 16.737730342371815
100 17.40770985037379
61 17.675011609333005
73 19.333155260463098
96 22.197404919320338
64 25.654379119277525
68 27.531457005828408
82 31.73812836056987
6 34.48497970256085
76 34.762960852191334
89 35.42560468363295
12 37.28205287401454
97 37.99118372141142
86 40.0203013365411
95 42.76567576301237
91 43.186964977388314
10 43.2801501027525
44 47.011138355867544
79 48.596832720820146
7 50.27171463206541
8 52.44329879414659
48 53.08710130437623
5 53.46568640391933
53 62.675812421890555
29 65.96998334740785
65 68.06066919446289
4 77.34437931315031
1 88.9337386800083
90 96.71969718983988
85 173.14225396566695
45 213.3104194469445
87 219.1561691887068
24 591.1427695580682
11 804.8801592833415
17 813.1932080389378
14 827.6180144645579
16 830.4415250659688
20 847.3837488192595
18 852.0320047894029
13 854.7235178832708
21 857.7507860885415
19 873.4989027649287
23 890.5602905940868
37 901.2312378314463
25 902.824626994133
69 906.0159816903378
30 914.6736826616107
63 950.4653445073443
41 963.3940975908909
75 982.6335947934216
62 996.1639178621691
92 996.7001364278182
94 1016.2878235295493
57 1024.4561140813976
80 1066.7112928993233
74 1072.6949115207763
54 1076.683704699554
88 1083.128071265455
