15 5.437685810695855
9 6.9584005544873815
0 9.497102087144805
42 11.513331050085089
22 11.930344523022805
33 12.154234417509215
49 17.022336235875144
98 18.111291906803192
32 18.235242778234312
47 18.8509875641707
56 19.79912200574327
46 20.654047044746147
36 23.377544698223886
43 23.572840868590927
3 23.837153873753937
77 24.13659415469527
31 24.588917909348716
28 26.505349518329126
60 26.869811443575678
40 27.032869987959376
26 27.196799747395918
67 27.574345020267035
66 28.70059537087237
34 29.063636390860815
35 29.120068251978136
27 29.22875450325098
81 31.015664721808047
78 31.035801230644648
51 34.17743885790723
58 34.649679700101885
38 35.744608107095296
59 35.80175204733611
39 39.815955161291534
71 40.575954310194994
55 42.80891587030509
50 43.06853831819709
70 43.7886159791264
93 43.82635061827534
52 44.45163156243723
84 45.463712752548965
83 47.06671972402355
72 47.35055215266161
99 47.482892152510125
2 48.57599009635404
61 50.25946760292441
100 50.59917328942858
73 54.94123137118526
96 59.68487673907423
64 64.31821854202957
68 69.8376985758202
82 78.5675160026223
6 79.27386420369525
89 83.03538396963157
76 84.13733275717168
12 86.59991712653188
97 89.33734458246695
91 91.66669150060383
86 93.97926842449161
95 99.81970130089927
10 102.06806043513386
44 102.82218874080888
79 108.95993525200616
8 112.71368577366322
7 113.57080584637386
5 115.90650366730911
48 118.53126101390457
53 132.99207905938468
29 136.15890759629022
65 140.5901209084577
4 161.78237212601815
1 182.8357443730918
90 186.82315073962363
85 319.4559249354576
45 385.28100151454584
87 393.8498213595486
24 957.9090590802726
11 1358.5172271568742
17 1361.38480576502
16 1386.3496746479784
14 1393.3884779289021
20 1422.315950324965
13 1433.279438943439
18 1434.4240418371883
21 1435.434786842256
19 1462.8322131493683
23 1489.3776999512452
37 1507.0591966133397
25 1508.4109661697405
69 1519.1431533096315
30 1528.4671260523096
63 1576.942770821477
41 1593.4028385054596
75 1628.5046452051506
62 1645.8635821895434
92 1647.150538866197
94 1676.2023489054136
57 1692.6027102990004
80 1761.7485325053105
74 1773.975753656654
54 1785.0017139765296
88 1789.798250721768
