81 0.03553759568624711
58 0.060051774070387705
38 0.07656088058599697
78 0.08980030872670518
27 0.09770031166067832
35 0.09974462688874733
51 0.1002437861590099
34 0.10338579979654315
59 0.12576375478056412
66 0.13987362328609695
67 0.16024764896173274
60 0.18095650158572624
26 0.18412523793635288
28 0.18609417596293923
39 0.19428786963296815
40 0.19657108928632125
71 0.29431503360151706
31 0.3125382584876806
77 0.3523773218389387
55 0.357126055422373
50 0.37995660335279186
43 0.4177680300455542
36 0.4322014239172742
70 0.4501671335223958
3 0.47231567141510233
93 0.5074380140882468
52 0.522304046991682
84 0.6127010959651348
83 0.7096564411911558
46 0.7211354282588232
2 0.7250545067947938
72 0.7741240472116477
99 0.8231653101467398
56 0.8303761654938114
61 0.8861913507548846
47 0.9585306055462323
98 1.060599074109977
32 1.10809740037656
100 1.123554745746634
49 1.2393917625433857
73 1.6473399685794579
96 2.153103921881296
64 2.396505059253975
33 2.55112128278364
22 2.6242472455174584
42 2.7009934006334286
68 3.4526874261772735
0 4.195985074852834
6 4.681334465460989
9 4.820791130095324
82 4.8419709974051885
89 5.62640755416926
15 5.833592464686171
12 5.881153651622929
76 5.908630419182866
97 6.896288333368701
91 7.199118914886522
86 7.94154425398509
95 8.932814917981789
10 9.138094584756596
44 9.31362367627659
79 11.056761598441915
8 11.239281827291679
5 11.558600318278609
7 11.583244414218845
48 13.811814122096843
53 15.649836734757756
29 16.732368354699577
65 18.097389191447967
4 21.6776319918589
1 27.807980617079945
90 30.390571594623246
85 68.43519854527958
45 88.11268456317123
87 92.12423296776171
24 196.4187469708905
17 319.86408440617714
13 329.5167484988193
11 342.2606826516248
21 347.7056445119959
14 353.54524690462705
16 355.1891400777176
20 363.1607452318265
18 365.9564748570046
19 375.3676388879411
69 382.81389916839953
23 382.8256561900586
25 390.5812888886564
37 391.43141975160506
30 394.1393717203975
63 416.93766999754297
41 421.43478842873793
75 433.30220056491663
62 440.8372046851372
92 443.7804901415812
94 451.8594206743325
57 452.4425216212049
80 473.73490053533334
74 476.4868743064796
54 478.0906753532585
88 482.36004697757323
