87 15.39530797281258
90 15.912658678681966
92 17.0438901304125
94 18.156099595928556
85 19.747330671397606
62 21.7027463938004
97 21.728704808595097
91 22.513102111780693
88 24.107910117772736
45 24.74625268210277
80 24.91014491952148
96 24.99046948997969
65 26.177988103866273
75 26.46975171155403
74 27.526023447674017
89 28.042514866310217
100 28.074933062790567
57 28.938212801764717
63 29.144185231847413
41 31.01014076136998
86 31.194791450054712
79 31.2381072226293
69 31.875413978916644
82 32.070791793306704
99 32.20158729326114
48 32.22259818528614
73 32.40953234232348
76 32.925257053193015
72 33.467362195022964
93 34.328814433700686
71 34.47387618695077
54 34.73418391622962
44 36.21847293861615
68 36.39544874559352
84 36.77591518159058
95 36.97564242733337
83 37.56086249579149
53 42.08941442686341
70 42.57831420553725
37 46.23319883469056
67 46.91434237091705
50 46.949901501789036
59 47.09964163932401
30 48.30331111014271
51 49.05813741114529
29 49.70814122972396
58 49.86103563062671
61 49.91163093347051
52 50.13214806426472
78 50.30532247574789
55 50.36153158978958
66 50.73177508126445
77 50.89013913691912
81 51.5693632526138
64 52.674946679802126
39 54.57629897188416
49 54.975189936400376
25 56.54057827199667
34 56.66741420652475
16 57.692026197357755
24 58.317891659904525
17 58.619633528875575
60 58.89881081657484
28 59.73918329878776
47 61.13650511989997
21 63.41542326367495
38 63.8003435374472
56 63.82549749005784
23 63.910116380220465
7 64.18195613326267
40 64.18210913747039
46 65.37639134027785
13 66.36612826437168
35 66.6187316216586
32 66.97690823246162
31 66.98089113275856
98 67.81964158646907
43 69.16833544972216
20 69.28286803125607
36 70.18990558943386
26 70.41686938520395
27 71.0157149659492
19 71.25844260872725
42 75.12245129373905
18 78.42247912245861
8 80.61003458190888
6 81.22757280654511
14 83.93822450080447
12 85.16287178157172
33 87.77830220084566
5 88.98311295351913
22 91.25658176156882
11 92.9572870936572
10 93.11911161047735
4 102.74678938864824
2 114.02633363823736
15 115.80297147271598
9 117.60030351316219
3 126.91973990301393
1 135.20729059576337
0 236.84626889805298
