100 0.11714477717508108
99 0.13017397732917316
72 0.13285938138550224
83 0.19935815049252642
73 0.24777448467816982
84 0.2646735507621037
93 0.28376898352678614
71 0.5069799526357885
96 0.5120401222000416
70 0.5305596927448117
61 0.5934119348387047
68 0.6202759118704916
64 0.6553195890285005
50 0.7783862846078407
52 0.8414193580822847
55 1.0010683579024244
59 1.4561099844604732
82 1.509345761010442
39 1.6565903193098686
51 1.7786226167797834
58 1.9321189594708288
76 2.3295678867911542
78 2.3905778524493084
89 2.4423623873812406
38 2.7639908215284463
81 2.822344024269601
66 2.9962113405020667
67 3.1301787296395918
34 3.6269484531633247
6 3.6439836580158027
97 3.6945465818935435
95 3.988583457473136
86 4.1356650664278565
60 4.221674498591113
77 4.3309930605354365
12 4.35106592387324
28 4.433387988679616
35 4.455091277150157
40 4.559065654625308
27 4.669147435106617
91 4.724229867729339
44 4.843141400619627
26 5.155984244537003
31 5.787389197739159
7 6.1538133763422795
43 6.349413616633036
79 6.64497350592795
36 6.733669090754437
10 6.905763022358952
46 6.909333351735432
56 7.191914783681847
8 7.278554739874392
2 7.298703519954089
47 7.393511009420362
49 7.500326706277012
5 7.594794786205017
53 7.649425631286967
32 8.387331110070424
98 8.841026534904996
29 10.106681467743483
48 10.431324796379213
65 12.311236022743753
4 13.14529745019837
42 13.403549910800564
3 13.484970545467219
33 14.820630779469743
22 15.303883030738787
1 18.72836888760087
9 22.892445570123098
15 25.30443900954338
90 26.76420126050458
0 49.16490935958411
85 51.121566295188224
45 63.01247389864717
87 72.32889614368875
24 104.99458875477487
11 164.28488430648073
17 168.40139556488526
14 170.52925257169346
16 172.82391526081622
20 176.7182163290508
18 177.893335050407
13 180.67358300532558
21 180.8049713952551
19 184.54090971956194
23 190.29972956088483
25 195.02888663799098
37 196.48237429087243
30 200.20123011620134
69 203.46287839812865
63 217.66847666235802
41 221.56891152085282
75 229.06573947899645
62 236.840569919764
92 240.04938991010502
57 241.96520000069532
94 245.09679371144927
54 257.2950499163944
80 258.7770193538664
74 259.4371747409031
88 264.73237012889314
