35 0.33383394020618573
27 0.3608541620408429
28 0.3643707578380885
34 0.38352690287090174
40 0.3883792131487252
26 0.3897359510649577
60 0.40180935872202134
81 0.40785240498806197
31 0.4331301933961647
66 0.5172716262139335
67 0.5396771342285975
43 0.5557555276629274
38 0.5637592188356867
36 0.5729568843741476
77 0.5757904317624327
58 0.6863578260995354
78 0.7657805994079304
46 0.837339261031228
39 0.8778677408271859
51 0.9071874678266721
56 0.9394936881067651
59 1.0337603367388692
47 1.0878009738826464
98 1.2770624669993986
32 1.3156566438118877
49 1.36631429386622
55 1.4476919618368265
3 1.5008341680755315
2 1.6354038255025625
50 1.6572809930665244
71 1.8932827826029108
52 1.9351767474142982
70 2.0268108517856285
61 2.2934340919175917
93 2.3961210194973717
84 2.4895795258055324
83 2.7625091317928097
72 3.0092688217765526
99 3.1182742769545184
42 3.333892274862126
33 3.4934204669400684
22 3.6613378557496263
100 4.122575470154086
64 4.471901827165765
73 5.107731276924082
96 6.3731386599513655
9 7.056307516709828
68 7.137607916984021
6 7.530540693655306
15 8.616763827902076
12 8.747287196267273
82 9.926754679568166
76 11.862176620112981
89 12.033161449692054
10 12.52156638095934
0 14.322884574107743
97 14.4769329938074
95 15.451892494266485
5 15.508784216693929
86 15.634336199880677
8 16.28514564059004
91 16.53974631607097
7 17.070290094760427
44 17.197833264318025
79 20.282212726241962
53 23.268634111177345
4 24.521017700429276
1 26.483574178789592
48 26.604504831785952
29 26.624663436979187
65 30.797745321320356
90 52.59776116935806
85 94.87980647209528
45 114.94008731665407
87 123.140803582779
24 265.7744896675766
11 329.99778183999035
17 338.0837186521504
14 342.88898750967303
16 346.2484155754133
20 355.9188967700347
18 356.10534595395603
13 359.6350562368348
21 361.4252268441052
19 367.2073983535994
23 378.8806922175458
25 386.2246707906625
37 391.45680480693693
30 396.5385592449756
69 401.962738612185
63 421.315267010358
41 424.46941563061876
75 442.0605489413116
62 447.98521945675435
92 452.6049370504444
57 460.3928417613116
94 463.2958033189661
54 487.2033717151403
80 488.0667806399575
74 489.0953725609535
88 496.65961091353677
