97 0.21905520243706292
79 0.4321153779744909
86 0.44651597262728426
91 0.46611470981474434
89 0.5161329508247243
44 0.7041228131005417
76 0.7997846880159871
65 0.8470246246300154
95 0.907567439329444
48 0.9912273613400922
82 1.0375419933776147
53 1.2973885345148124
96 1.4235305096644346
68 2.0290013798033337
29 2.048259420635697
73 2.1486423751457058
100 2.4704256740480917
99 3.3596035564664932
72 3.506853525049604
83 4.029775099419916
93 4.074719232717809
84 4.170993876918176
7 4.4051045014578
71 4.648963367157175
90 4.712089745721948
70 5.114936160937609
64 5.181270461238936
61 6.037716014598425
50 6.048301123164806
52 6.125416253024655
55 6.806292576863741
59 7.07110760371108
8 7.280762018443235
51 7.599915403596718
78 8.35042924203606
58 8.360041291460279
39 8.546251703515411
6 8.764727863574105
85 9.03575040541311
5 9.377709064135287
67 9.474553709341096
12 9.484824099937955
66 9.533863108920398
81 9.904388417861067
38 10.701074282589678
10 10.756018231238935
45 11.131592679603829
34 11.16790616368957
77 11.308710138911561
60 12.107179307330004
28 12.528942299714027
40 12.795897598127015
35 13.14893507018236
4 13.185890340978673
27 13.591813312527366
26 14.121064401796188
87 14.832577702544421
49 14.881607713428862
31 14.954040943532748
46 15.568601158032502
43 15.605326618435424
56 15.674472991080492
47 15.682276301398783
36 16.324289224456557
32 17.324025650792773
98 18.48542539803693
24 19.860067097258167
2 20.496307686138888
42 22.926306354370972
1 24.939424823444266
33 26.27317020737656
22 27.00173167403428
3 29.106871106182506
9 36.09378753044352
17 36.334688065262206
16 37.20662621629506
15 38.309897689268205
21 39.73763750294022
20 39.74981183336809
13 40.131847194067674
14 40.957122709695
18 41.550492771977076
11 41.55144871006008
37 41.63684283924677
19 41.68660866490671
23 41.97552589501133
25 42.173244166521066
30 42.67482834220893
69 42.82673184406428
63 46.709201780288275
41 47.71576016591651
75 49.93622553335058
62 52.46629915475686
57 53.23764614513895
92 54.13001003257085
94 55.42581148871943
54 56.91248809450394
74 57.97703228839091
80 58.20329657232922
88 59.77537839275198
0 81.61563510066328
