96 0.2407660586206153
68 0.5745231723236294
73 0.5825130500138181
82 0.6317606166967099
89 0.6540528659285172
100 0.7835448576597753
76 0.8522907328286683
97 1.0222922785201454
91 1.1237992191035229
99 1.233852158250097
72 1.297717731993169
64 1.4296129847177856
83 1.4846532495477134
86 1.4918632511228265
84 1.6529632897648359
93 1.7404916127880286
95 1.9271861044131506
61 2.023943662620222
44 2.151139499547125
70 2.1597268097765623
71 2.2528081360404992
52 2.442092902010591
50 2.5402315761605636
55 2.7457234933508476
79 2.823270037043129
6 3.0720964537425033
59 3.6033111717835493
39 3.609910463193778
12 3.756781077575063
51 4.049752490257899
58 4.183831678754072
7 4.261405099510839
48 4.666151467281479
38 4.886627539172445
8 4.93395089866613
78 4.991464959164112
10 5.292153958893735
81 5.292379127140239
66 5.582781479639202
53 5.6486825418455116
67 5.882262051166305
5 5.8850394195180815
34 6.235053295983833
29 6.271785551217514
65 6.729604873332841
35 6.884389397509833
60 6.93070775468261
27 6.983475370258672
28 7.051692199538402
40 7.0835469323740705
77 7.279802189104961
2 7.319652565638722
26 7.584054909811589
31 8.322273116185906
43 8.92281794413867
36 9.218210158054417
46 9.729166755825798
56 10.035588396711939
47 10.374556389747216
49 10.70948104470277
32 11.331341856053816
98 11.434731586747015
4 12.473048524169267
3 13.978829437636445
90 15.617289782540125
1 16.03592231124853
42 16.194153580335378
33 17.03962331491274
22 17.438770290002328
9 24.05038509646027
15 26.271100710785856
0 39.996730832095736
85 43.29726626300267
45 55.41805566751144
87 58.32258386931052
24 159.33421428405686
11 188.69819673640015
17 191.15623921303504
14 194.9800370958516
16 195.56012436999612
20 200.75905716455603
18 202.0771582395944
21 204.21484839177265
13 204.35096763510313
19 208.35194793598183
23 213.8448077895974
25 217.70030275319843
37 218.20599994183289
30 222.15359378426547
69 222.17834616109693
63 235.64615652397646
41 239.41801224958468
75 246.55886980924382
62 251.88599796942245
92 253.56954628444237
94 259.3358404699021
57 259.34549665898027
80 274.8424424985188
54 275.7833943526997
74 276.0426752811535
88 280.11787845708994
