2 1.0331964014061281
39 1.1241200637242148
38 1.1479689395408783
61 1.169819563184907
55 1.1947762637472625
52 1.3015256148431413
50 1.319042522534721
64 1.3301008564967982
58 1.3777047895173389
27 1.4131339959448328
35 1.44174613294565
70 1.456589025645322
59 1.463751666424545
51 1.4773836290115445
81 1.4939345782256392
34 1.5301005989036185
26 1.5721933965195678
78 1.5743471300501322
40 1.613965510545811
60 1.6628234444975571
83 1.6874422715928359
28 1.6914400942230206
66 1.6983899701257459
84 1.7088419187148152
6 1.8059536530813332
71 1.8177205090370159
31 1.8269259595485547
93 1.8341288466467909
67 1.836882119811181
72 1.9008828048415745
43 1.9197668370982373
36 1.9287107241317845
12 1.9480280997192643
99 1.9835629550679346
77 2.0180356246555244
46 2.2407806675420554
73 2.3098728853498742
100 2.314055333349342
68 2.3281341939622053
56 2.354396071708243
47 2.525857899618757
3 2.551509746466028
32 2.5956110860972976
98 2.6468998407151614
10 2.729863242039392
49 2.8340383927971686
96 2.869335290595448
82 3.12713972593431
5 3.3864386180938433
1 3.5491683691143243
76 3.6190770714067626
89 3.8940406922789363
8 3.895271022837545
42 3.9745253164435037
33 4.017167008912354
22 4.0870169680049235
7 4.11343394758075
95 4.293902955938579
86 4.775223545435488
97 4.828026022277827
4 4.897850590289856
44 4.960261786981044
91 5.466707723468689
9 6.082802999206677
53 6.085738110961743
79 6.120647481264519
15 6.894301858179491
29 7.26743534081411
48 8.322719267001434
65 9.295345125236976
0 10.560334168543003
90 16.824474343421663
85 28.89628961602833
45 33.85167475690439
87 37.93955227811693
24 63.77984478714738
11 74.83813992481865
14 78.2062334295517
17 78.47053830251846
16 80.3971932900475
18 81.73962145880445
20 81.96533918901763
13 83.54880375385305
21 83.82007045507484
19 84.82075056610223
23 88.04215981098892
25 90.47304824363242
37 92.53065570317234
30 93.66626397653071
69 97.2865394788795
63 102.29635813312554
41 103.1077871303096
75 107.81070782560481
62 110.70611463802975
57 112.45778595498136
92 112.81473865796326
94 114.95736142864412
54 118.87961119931347
74 120.41275920961081
80 120.49248704896463
88 122.99142586261259
