90 1.2075069230773021
65 2.7575376995716074
48 3.1695669349169964
91 3.199360826119744
79 4.176309510714055
85 4.1908749303114075
97 4.297309492133857
86 4.889381351645774
44 5.159927350856266
89 5.375039972457648
29 5.935146980838978
53 6.054823125613301
76 6.107451443730549
95 6.186835094018612
87 6.442351214220719
45 6.513949896242871
82 6.747514473025219
96 7.172371838494376
73 8.42820297462346
68 8.492375667624882
100 8.99181618687682
7 9.75126474387881
99 10.378969524861628
72 10.530218981270192
83 11.253672945050084
93 11.262711056089211
84 11.378766849601542
71 11.956399588723661
8 12.224533136910939
64 12.280207532510374
70 12.360036374143352
52 13.440624512714637
50 13.450378186949767
61 13.462991212466788
5 14.153715172615202
55 14.236034231129128
6 14.388404352628367
59 14.622258827538113
12 14.915160874385819
51 15.119016825001784
10 15.52524353893499
78 15.775790353703014
58 16.020827624352883
39 16.10048985117551
4 17.025096595220887
67 17.28939866341514
66 17.342812953232656
81 17.626284601116883
38 17.978211624183185
34 18.723982995761997
77 19.09190265169477
60 19.59153624000169
28 20.029254668442807
40 20.082791265319173
35 20.2793965081188
27 20.517000402009955
26 21.083860355446898
31 22.172164792417085
49 22.53421826679143
43 22.639519095822227
46 22.787420803248942
56 22.961947885707424
47 23.092962076631895
36 23.259330285263264
32 24.34592663688144
2 24.355677083323005
98 25.454773332473213
24 25.494914968124345
1 26.083132176187963
42 29.232672494141838
3 31.576161610461185
33 31.583149039256117
22 31.99409357483635
9 38.41583198145247
15 40.3618747246454
17 48.39244290595743
16 49.23120839903023
69 51.745474374849046
21 52.276327743612555
13 52.57942677262001
20 52.7608138456737
37 52.93701723750819
14 54.15096541135656
30 54.24529817445851
63 54.33014968783292
11 54.50179392676315
25 54.51461665928578
23 54.74266426598234
19 54.77063172800324
18 54.98917597004097
41 55.42530791584752
75 56.628233899328926
92 57.181670110454874
62 57.346939014866614
94 58.6973350836603
57 60.155140809010774
80 63.541018949521685
74 64.3553412313228
88 64.98664813184845
0 65.43490872504539
54 65.4495153622716
