15 16.445294060122126
9 19.28786578598467
0 20.001490189595785
22 27.41936291493454
33 27.92796590765636
42 28.427681305544898
98 38.02712584978076
32 38.297932314352295
49 39.14459487002921
47 40.52710620424424
56 41.36163583725932
46 42.55255487405338
3 42.59392769217561
36 44.742414687929674
43 45.837608114189585
31 47.45143713739903
77 49.1904411595623
26 50.52865938405938
28 50.93899508472173
60 51.427912942267525
40 51.578382420427985
35 52.90864403867211
27 53.04782466613846
34 54.021977732089944
67 54.59043994778337
66 56.40460659343746
81 57.46302572121841
78 58.581923772303035
38 62.29894679922888
58 62.92190413454646
51 63.33486121702668
59 65.62203667156976
39 68.09777641831721
55 72.65513158682249
2 73.5594601199617
71 73.5706754176833
50 73.86331814573505
70 75.63548063131525
52 75.83286445697502
93 78.11804247394447
84 79.47710245020907
83 81.16925858651113
61 81.33798654091338
72 82.6657615505477
99 83.60069538205745
100 88.4598845703634
73 93.59864400562586
64 96.75765549227994
96 100.60118473302575
68 107.62055172490716
6 112.96881943016163
12 118.20897221111906
82 119.46760555628602
89 126.05563599412514
76 126.86361664200372
97 135.96748458051283
10 138.22874278120017
91 139.46509156193676
86 140.31224849556855
95 143.90590010895252
44 146.46480039553765
5 150.4284983852091
8 152.07538276357937
7 153.68204772947144
79 157.73129194436268
53 174.0402886509391
48 174.32614985328266
29 180.6812043762944
4 188.1065481965638
65 190.57100101309123
1 201.2307038041168
90 247.9294180712212
85 370.35060513670396
45 428.5439365913841
87 447.6141532129236
24 681.7234534703023
11 907.737366072771
17 924.9223547349437
14 937.4480912636955
16 944.0463873576333
20 965.1259499568714
18 969.6495249905332
13 976.1356730019012
21 978.9980287930315
19 995.981559059296
23 1019.6616523137885
25 1036.8350352467103
37 1040.1366292866353
69 1055.6858217395563
30 1055.945589668157
63 1106.725338377403
41 1119.6458688203898
75 1148.9512000798895
62 1166.4752133522509
92 1171.380162219279
94 1194.2509477993297
57 1198.0859184175563
80 1255.4696644740382
74 1261.7980723523724
54 1264.2303328221594
88 1277.1135732030166
