15 10.495630457618788
9 12.544245851063446
0 16.518737097222846
42 18.697631007210454
22 19.40414600867117
33 19.750724352627806
49 25.596294241786577
98 27.46051445081124
32 27.491578691026948
47 28.10951950251259
56 29.398174731139754
46 30.395414933746647
36 34.09923265498393
43 34.16276464802835
3 34.47015528006575
77 34.64133803444467
31 35.46803071849779
28 37.81270365607343
60 38.16073479415797
40 38.29461909195893
26 38.63955201485228
67 38.90978272011374
66 40.1703597861744
34 41.032255115226576
27 41.13090846925185
35 41.18846373995429
78 43.148797801651405
81 43.468674706566176
51 46.86225878939005
58 47.78216695527383
59 48.88130435333987
38 49.1310605414469
39 54.23606478083123
71 54.72957651093486
55 57.832662851389436
50 57.884010142400825
93 58.59872651675984
70 58.83900388047062
52 59.31467441006036
84 60.60788128467906
83 62.660536924515974
72 62.89029915697849
99 62.942337019561606
2 64.67892925829382
100 66.74536190483965
61 66.90639511216818
73 71.68859925618182
96 77.36014708763025
64 83.78174214298471
68 90.52444354803913
6 100.42180860016713
82 100.5534926422999
89 105.39288826787843
76 106.75449441360563
12 110.33906950036904
97 112.80728144234457
91 114.9327994688632
86 118.04049088961645
95 125.28932243863552
10 127.16701561563333
44 129.00783904020483
79 135.09265383461977
8 138.85669492584717
7 141.09762064985776
5 144.27355368998238
48 144.53518768185117
53 166.16520907450095
29 167.50415694645784
65 172.42430132907583
4 200.75418430996055
90 225.2428272120396
1 227.60337794195553
85 386.13384716451543
45 462.1223882748158
87 466.4134343070365
24 1200.140506385827
17 1710.43830186311
11 1716.2986210676074
16 1740.051167529014
14 1757.5643341384705
20 1790.8666804241589
13 1795.0650616845817
21 1802.061693570268
18 1807.2438679181066
19 1836.6775553796767
23 1868.739570261518
25 1890.47548168436
37 1891.821763055252
69 1907.4268204877283
30 1916.2384898492317
63 1967.4867600688485
41 1981.626564499729
75 2031.1178824975455
62 2044.9663502354936
92 2047.8157936306086
94 2083.1396175680425
57 2103.3755499866834
80 2187.446228924881
74 2202.3834468150685
54 2218.091318395123
88 2221.2716060108946
