90 5.566728528868029
97 5.69605748868706
91 6.654571437390205
65 8.61951213255851
96 9.37019318445443
89 9.914214437002375
85 11.387873333379986
79 11.792967921983445
86 11.81835284349212
100 12.536628858776712
82 12.807842920183308
48 13.101203830669602
76 13.216650169560085
87 14.104573120785322
73 15.106032051854388
44 15.24927048401191
95 15.677211791699127
99 15.888353509777485
68 16.29677191225324
45 16.62863501486336
72 16.681026802949454
93 17.973120881420897
71 18.780584971329517
53 19.087037287011405
84 19.476898112870963
83 19.47965924600519
70 24.168357841757892
29 25.873393093085685
50 27.677822245874065
61 28.949212431496385
59 29.340185344359224
64 29.79294471742398
92 30.004761992216597
52 30.100716063432817
55 30.46394999566351
69 31.17364447497105
51 31.25781176105021
62 31.381230570677154
94 31.568558063795905
67 31.742570303728822
58 31.783365796095893
63 31.904671493500967
75 32.665482051853864
78 33.047539289265686
41 33.679534934363424
81 34.166822323045416
66 34.452103885424506
39 34.57941589019396
77 35.856302885386945
57 36.68319330356564
80 37.873465948520426
7 38.15684159246335
88 38.69259109379973
34 38.99624230951549
74 39.46744699067595
37 40.35312136386504
60 41.479386476141244
28 42.225181150752256
49 42.57433318256915
30 42.69889700949836
38 43.22134436198938
54 43.706026054538384
24 45.223178293816666
16 45.26143086715051
17 45.33665287486003
40 45.99002207351687
47 46.73480655247912
35 47.371347412229845
25 48.43290923438714
56 48.46927780607216
31 49.09849552071139
46 49.35880067807102
27 51.28147911740026
26 51.30140172556229
43 51.55366003203767
21 51.78494444297989
32 51.883176345910236
36 52.578154792609766
98 52.898323069909004
8 53.42610121254968
23 53.96635552913027
13 54.35187071657281
6 54.88394856637676
20 56.52203074517166
12 58.40220367035929
19 59.48159376168063
5 61.47262626703547
42 63.21887113169913
18 65.23011266290915
10 65.82392222220805
14 69.10790543702431
33 74.08067750509431
4 75.40951383770286
11 76.8456400395327
22 77.27652341692193
2 89.85452441676973
15 105.94765238876819
9 105.9632422045491
3 107.41504724582751
1 111.1413518877372
0 238.26736262972832
