2 1.088348275007975
27 1.0907822723845195
26 1.1209930402635904
35 1.14251929809897
36 1.1993012479953766
43 1.2250933139753173
31 1.2307256985961972
40 1.2778270699377685
38 1.3095060181455136
3 1.3580284956167508
28 1.3755173215601497
60 1.3970154277462412
34 1.4220973150052918
46 1.4370044484805635
56 1.5177786988608284
32 1.5746888006438629
98 1.609718083837939
81 1.6330090836569193
47 1.6573722564953055
39 1.6688900081553109
77 1.7595229291160759
66 1.779224235024333
58 1.8160193009318166
78 1.8236641674557041
67 1.912227432798679
49 1.966524622542542
51 1.9796296819353454
55 2.079237169980634
59 2.123974021967786
33 2.2618756806874036
22 2.3004062896517348
50 2.3093190626522797
42 2.3193737532357495
61 2.354161610117169
52 2.3604040930577974
70 2.6787582516605655
64 2.9557693384279995
71 3.1486958872705957
84 3.2352647696618178
83 3.296151161445647
93 3.3768188379084116
6 3.5766990160232277
72 3.6881546001778167
9 3.7414125960975824
12 3.7967690925634128
99 3.8454125279585485
15 4.419287053679304
100 4.581748474878942
73 4.711810865817752
68 4.968876183781034
10 5.187883282082689
96 5.801718937703528
5 6.100211524015181
82 6.427890863758577
1 6.791523879652739
8 6.990315341255844
76 7.262275095822196
7 7.531306823738432
4 7.693881161052228
89 7.753623449553372
95 8.308445069874237
0 8.760021306921253
86 9.110970726770056
44 9.227521501401117
97 9.372441566916747
53 10.164297116087111
91 10.240665750122218
79 11.111250122286899
29 12.063619567847132
48 14.178943093719145
65 15.438129374819278
90 25.849939566447915
85 37.839284730267266
11 41.592655900985186
24 43.02509079720874
45 43.81840093307181
14 45.05516778905915
17 47.45572736508102
18 48.60822722226153
16 49.241817244676405
20 49.2493745338597
87 50.53541591695551
21 51.93617889634408
13 52.16830368364686
19 52.39302978297822
23 55.702953513865346
25 58.54181610062454
37 60.5951163735977
30 61.79510486646209
69 66.32591190275892
63 72.40720893400716
41 73.96037693055584
75 77.6363152949338
62 82.14750993815208
57 82.72941569905835
92 84.53945140950887
94 86.18024399979511
54 88.33953085042184
74 90.67829066499188
80 90.91196485002088
88 93.48893429358809
