9 0.6483790226152537
22 0.8042771385891195
33 0.8301210068857159
15 0.8401710599546938
42 0.897602202957815
98 3.1855733214586874
32 3.577454573679986
49 3.700830675620891
47 4.0492971279805845
56 4.412837424714922
46 4.809752849084254
36 5.771351678295846
43 6.020486258415509
3 6.090117381607709
31 6.552838715966859
0 6.628189105166082
77 7.574620797978477
28 8.18273535317101
26 8.297091665318337
40 8.495198310327336
60 8.654608481321745
35 9.433063906855756
27 9.638367249720323
67 9.86833783895246
34 9.93867760779696
66 10.443610679069144
81 11.345512991437843
78 12.271252076653969
38 13.923515451318085
58 14.02837261496646
51 14.34075030435742
59 15.584330949624833
39 16.669236679816937
55 19.612313152914385
71 20.062190175857136
50 20.326930125721493
2 20.601719003513892
70 21.490325720521838
52 21.511695393379945
93 22.50206326071447
84 23.240864991993163
61 24.532939633235152
83 24.665929878918256
72 25.34899622919251
99 25.51638548615759
100 28.920683227268217
73 32.21368182346613
64 34.07705263182805
96 36.771846574079916
68 41.5459199637556
6 45.47473329389095
82 49.54346504843342
12 50.20823069850975
76 54.867536181719935
89 55.75542604616801
10 61.325037547787424
97 61.87189319730341
86 64.78765907156699
95 66.07235543693496
91 66.47479803064955
44 71.51930593090904
5 72.41723030280615
8 72.67196801827352
7 73.31745846340812
79 78.07625130772905
53 89.45152054168612
48 90.9735679703136
29 98.1100055561186
4 100.54708787674925
1 105.86615841545783
65 106.68089848793873
90 156.26147126786742
85 261.59054205015985
45 313.50057792036887
87 329.82868073496877
24 645.1197329513071
11 840.250346633321
17 857.2045360828771
14 868.3368018670214
16 874.8910287425032
20 895.0912589488064
18 899.1485582994677
13 906.3738665232211
21 908.9106792590583
19 924.325298236282
23 947.6325838339569
25 964.507657415886
37 969.7172259594407
30 983.6422960572709
69 989.592026030092
63 1034.6110635935172
41 1046.812877760287
75 1076.025917942396
62 1094.2260766493334
92 1100.177910337358
94 1121.032909980854
57 1122.3300451341302
80 1180.5720158885017
74 1186.2721667467288
54 1186.2997457274148
88 1201.180302862557
