1 19.458937637403626
3 38.0681282680893
2 81.37485908562839
9 92.17967247871283
15 116.26832973451083
4 131.4406134734363
10 194.17160031565808
11 194.94126452813137
0 211.93562965036332
5 223.2664609841784
12 263.3805311651239
14 267.18988714719256
8 296.1503947949712
6 303.6847021574527
22 310.3704064137808
18 320.2073503223177
33 360.5161755058433
19 397.5707233828948
20 425.02429422784235
13 458.32245965184813
27 484.17691774431336
23 493.35140712860004
26 499.03394188174997
21 502.38242502474117
7 513.5530088677957
42 528.893610325393
36 550.6335342878763
43 559.5324788165619
35 569.3396484578213
24 581.6126910259537
17 583.6084022551003
16 597.1608443923095
38 609.1848885141216
31 609.4873423718698
25 610.5057845268153
40 612.11523706101
32 614.4972346731789
46 628.6911476601775
56 657.3950774616842
98 658.6057725315956
28 730.3630128437637
29 731.8383879928864
60 742.3939222225451
47 745.6849716895239
30 767.691895587965
34 768.8315800280561
39 807.2239864808323
37 813.7264563150723
78 819.8188296660228
64 823.1976897741035
52 852.6559614669487
55 854.2103261815289
51 879.766880554869
49 895.6454683024356
61 905.1198082093405
66 912.308267547971
81 915.065082409
58 917.0834411239606
50 936.5349220907764
59 942.6562052752746
77 948.1990913521194
53 979.9329666566658
67 1028.7987511199265
70 1032.7990684343963
54 1099.2216461505375
44 1100.4031191091926
95 1163.6024560961037
48 1166.345401458622
69 1208.6949136438066
41 1219.239417047946
68 1234.5220522067598
83 1248.3733986342224
84 1258.5019691480536
76 1265.9896811433496
79 1275.2236669775684
57 1288.6541364916336
63 1289.5730527846874
86 1292.9529422780895
73 1303.0895109266507
82 1337.2359418226247
74 1341.4017170167613
93 1362.9465820021135
71 1374.50938527928
72 1386.319699925058
75 1386.577250850136
45 1426.5546316256582
65 1441.6351740034381
80 1443.551865320252
89 1451.2112906434024
99 1458.9503517062021
88 1479.8341131443756
91 1574.7581665772382
100 1589.2415796027358
62 1589.9770362947581
85 1660.2867916189791
96 1695.333027383393
94 1768.992655050373
97 1819.510315071017
92 1834.2036763067558
90 1860.0315843867627
87 1887.6238627459823
