15 34.95952093911055
9 39.34506136231102
0 46.864602752793814
42 52.92599220848299
22 54.2038606310371
33 54.86568226650773
49 67.09315156200233
98 70.50232983699047
32 70.62158140069045
47 71.8136765742774
56 74.03012839393209
46 75.96935628697518
3 82.8223488531578
36 82.97230919550069
43 83.03310779246067
77 84.47893578010425
31 85.52872725482523
28 89.88394997919522
40 90.64029258464673
60 90.70803207783605
26 91.19084203968275
67 92.4000093647666
66 94.36229613259248
27 95.65667756194372
35 96.05243881741396
34 96.08045093627933
78 100.28251775822363
81 100.75136495621129
51 106.8920873292919
58 108.3650003569908
38 110.27978551200275
59 110.30271728202526
39 119.88069328436578
71 121.5201843921536
55 126.21662316173085
50 126.87216372292689
70 128.27779907074856
93 128.45564384117452
52 128.87992471914282
84 131.95118682581165
83 135.55481148846505
72 135.89237937378732
99 136.01840645845525
2 136.46184078924372
61 142.58211117741132
100 142.78500894746213
73 150.93930340240414
96 161.9771514733462
64 171.70640012191205
68 185.41185248375018
6 199.12032219871776
82 200.27389556774133
89 209.53352660225127
76 210.39145918775125
12 217.03143837331194
97 222.14283174034293
91 226.0417189082866
86 229.1887702952645
95 240.37692320456196
10 242.07664953034464
44 247.86606874395076
79 257.04374805656477
8 262.92260648114944
7 265.6160419723769
5 270.7397442951171
48 273.6953937547425
53 312.20180752938023
29 313.40124438118835
65 324.65024710240783
4 367.767101512583
1 397.4684998577619
90 408.63969585444244
85 678.3316103144509
45 792.8384173151055
87 797.5437488555988
24 1939.7028841089057
17 2783.7797279479573
13 2833.418928384558
21 3024.5588517130577
11 3025.9597401883975
16 3090.609879053027
14 3091.2032226383885
20 3145.1247269947116
18 3163.096687211376
69 3188.4549403508013
19 3212.4409564857915
23 3253.7663547258207
30 3273.5381796753536
25 3298.1481075623774
37 3307.3421392684145
63 3443.4601573885366
41 3460.644602542502
75 3535.207472423702
62 3571.2439886200887
92 3589.8325066835346
94 3633.106071784127
57 3633.413101513496
80 3748.9521865259317
74 3763.8653576985275
54 3773.52858035039
88 3793.7771562002386
