68 0.21178300856862342
82 0.22877850820567874
76 0.3014433654913661
64 0.3504498358913688
89 0.3680225036864779
12 0.40452442401782623
6 0.4104810549075368
95 0.4369303419497446
96 0.5880563667720818
86 0.604415403494143
73 0.6128340909074538
97 0.6303268328377482
7 0.642086836941002
44 0.6618662515924253
10 0.7037893333879663
5 0.8130590846247204
100 0.8438316667180124
91 0.8616077784461788
61 0.8710556346151623
8 0.8853049482756649
83 0.9458489695717096
72 0.9574289062189622
99 0.9794175298538791
53 1.05416917397852
84 1.066059992890594
79 1.0749284462526323
52 1.1306403500615803
70 1.1546125726021248
93 1.1817410637896768
50 1.2509602448348005
55 1.310849569162208
71 1.4227844545906627
39 1.6708743835918525
29 1.8047405957039504
59 1.8340177807977012
4 1.8868925590363428
51 2.0076294815482405
58 2.05681685168433
48 2.0763659809398667
2 2.0960482439734833
38 2.102635473049985
78 2.3602324341824508
65 2.445445820586351
81 2.5669415523363246
66 2.76536301560062
34 2.869185790014369
67 2.926623493309272
1 2.9540312669096123
27 2.9806631238586023
35 3.016717809453586
60 3.1668832999679295
40 3.210090342331671
28 3.2971174813151127
26 3.315614792140443
77 3.519964204887192
31 3.8145949501511347
43 4.005640509282864
36 4.130811129998356
46 4.449311370241527
56 4.6302788828608845
47 4.822562185912014
49 5.078487613561866
32 5.090010887141255
3 5.2509699227368305
98 5.303377279719166
90 6.572586948593786
42 7.294192130549557
33 7.55075872294083
22 7.657627261499431
9 10.33717195132962
15 11.427070459729231
85 14.591580212985516
0 15.555290905144053
45 18.845790687458646
87 21.405943044902592
24 38.96897912663159
11 52.45557846163101
17 54.170262517627656
14 54.892104976788794
16 55.806451996426816
20 57.359080524757864
18 57.57092126898659
13 58.64487867961275
21 58.79312272877785
19 60.052272675150576
23 62.31054218293792
25 63.96956802148834
37 64.67948777087166
30 65.93432411939612
69 67.12497931906397
63 71.88664213679012
41 73.17255579517801
75 76.14966333254708
62 78.48309233323381
92 79.47117257925626
57 80.72896546522148
94 81.49396693654346
54 86.56146897520016
80 86.93226701850237
74 87.22123752469159
88 89.00611828660551
