15 0.18733984514838495
9 0.5084884179251817
0 1.7532623729741157
42 2.094044050655397
22 2.1460545045925943
33 2.2286611381348456
49 5.1092727852568185
32 5.330196394503802
98 5.568287230724397
47 5.901142018560953
56 6.3722779559342175
46 6.872370433984543
3 8.265165587096133
36 8.344217517322642
43 8.484637189002775
77 9.20878103115106
31 9.237931281063075
28 10.60930417068678
26 10.65493080803227
60 10.744132222276674
40 10.807815350486223
67 11.44239487598297
35 11.801464640012503
34 11.865680476875998
27 12.016488062951657
66 12.405476217818997
78 13.31890667323168
81 13.605743007991594
51 15.777788121709523
58 16.058232111167147
38 16.408714645254317
59 17.017531575366856
39 19.418857863564114
71 20.585765930609284
50 21.682997026353092
55 21.79064664588063
70 22.3155458819895
52 22.828035609900514
93 23.037959954584757
84 24.00659853993815
2 24.816071320636603
83 25.3274464695378
72 25.77448621540524
99 25.947391294701692
61 26.971005987524727
100 28.33404734976642
73 31.55249700337402
96 35.283380734021634
64 36.53530545783417
68 44.67678563966907
6 47.998037724603826
82 49.1979985132737
76 53.66068453457448
89 53.83889792476886
12 56.21409154843203
97 59.31667932626275
91 59.44141384494149
86 62.12028203884962
95 66.1050276882323
10 66.65913531069589
44 69.14584793861242
79 74.51908961205108
8 75.13629101330062
7 76.19105976735788
5 77.22487825610945
48 84.52899455969641
53 96.0108994283432
29 98.94405436979271
65 105.19369573943531
4 118.11147886971239
1 126.80119941157703
90 144.35823914632329
85 274.11909557068043
45 326.04362122531757
87 333.2291333914081
24 655.4122922490945
13 1031.8997799984916
17 1089.4366034522698
21 1199.5508496442142
11 1314.56515594078
14 1347.3165192009371
69 1356.9489324947988
16 1375.2113271941682
20 1376.375965583237
18 1377.5455642725813
19 1404.8488979858514
23 1418.129818452164
30 1441.201070436884
25 1449.6467313308874
37 1461.8557483657166
63 1544.7929016713847
41 1550.2215977742744
75 1585.6325108753838
62 1616.7019725970035
57 1621.2317563022168
92 1641.4227348786728
94 1651.162365314886
54 1658.0912031305938
74 1667.1753824098548
80 1667.5010590929471
88 1683.9683247642176
