15 1.5772664982220201
9 2.1360517637699017
0 3.6173475012976035
42 4.234362667067783
22 4.503868808742729
33 4.66637844535976
49 6.824356955156495
32 7.448819676167344
98 7.746798130696196
47 7.886497922727032
56 8.276542201682666
46 8.679090150556819
3 10.000528081399356
36 10.31088050854476
43 10.413773602211933
77 10.480745595016074
31 11.184394535619825
60 11.945103792321975
40 11.952465290166936
28 12.005517080371249
26 12.048338347686736
67 12.380365021009018
66 12.937956163634523
27 12.99966209859811
34 13.106331944885484
35 13.173278169787475
78 13.821954788690741
81 14.529665505350732
51 15.58536427373947
58 16.33156113881977
59 16.525220748179468
38 16.74119300235264
71 19.34395449546156
39 19.54829592649386
55 20.94336439984208
50 21.004776696431836
70 21.01320078886896
52 21.112180180616072
93 21.27182627635838
84 22.273950233087483
83 22.992209097765862
72 23.325160268937942
2 23.42680662065609
99 23.504391966816602
100 24.94030661559512
61 25.638690758859948
73 26.971748694889246
96 30.294493930904196
64 34.08187645136813
68 37.475855725628776
6 40.70481032601509
82 42.33656504552653
89 44.003599877550876
76 44.991594208654746
12 45.43897231809581
91 47.63841532800378
97 48.27073113009267
86 50.12838178790359
10 54.17418951164176
95 54.88568212770604
44 55.78107133400688
79 58.69146378432308
8 60.0288705081854
7 62.284752859805046
48 62.36057572486484
5 63.97866190973496
29 74.83886465761351
65 78.14604076335051
53 80.2019938690609
4 98.99959620652247
90 104.98235565236546
1 112.85653921435267
85 207.8966069262473
87 248.1559473581684
45 249.8942134956976
24 742.3026190343761
17 1113.9729169147222
11 1117.6391191851158
16 1135.531096229706
14 1147.5428163857837
13 1163.7689815451802
20 1168.929925558208
21 1171.6071551921455
18 1177.8067365703348
19 1198.957537037862
23 1219.0772071949366
69 1228.936229730403
37 1230.697797164719
25 1232.6182119468315
30 1244.1929440880083
63 1281.7916613447846
41 1289.3608125277567
75 1321.7887300085133
62 1331.3442115311943
92 1331.3623191365557
94 1356.8549530465218
57 1369.8212386313458
80 1421.0894522661697
74 1429.549461451137
54 1438.6539371882263
88 1441.8032061702754
