90 1.1894466611819732
85 2.6961818925934518
87 2.9395317943042087
91 3.3604874324793634
65 3.608949559971206
97 4.016582107490556
45 4.235483443427556
48 4.972772712501588
79 5.377301103756513
89 5.546293938810232
86 5.884268639804022
96 6.222790567402352
44 6.783127719809495
76 6.856954043498516
82 7.094383253529904
95 7.668655608545469
100 7.828222276869278
73 8.175282441769612
53 8.429710726365327
68 8.881405039834984
99 9.38610488822882
72 9.617473943885704
29 9.782974183786948
93 10.224422030419394
71 10.659305824535897
84 10.703591649960988
83 10.739440765802646
92 10.764403799004963
94 11.265604526958182
62 11.398955811214202
69 11.843192579604324
63 11.885186132153516
75 11.9408658669515
70 12.196712867237
41 12.533084887995964
57 13.189603741149183
80 13.348929555529145
88 13.538483806120025
50 13.745010914296659
74 13.931593145084582
52 14.356089087288604
64 14.360274672848988
61 14.461003546847504
59 14.473162173677192
55 14.838864769862921
24 14.9828210225127
7 15.0269497773088
51 15.102164079246508
37 15.308984127691685
54 15.412000170894789
78 15.615773647046737
58 15.86279275481944
30 16.06310423665411
67 16.173922829700924
39 16.924950414526283
66 17.021342485091257
81 17.177933484513705
16 17.504688098231902
17 17.62844654224238
77 17.989807111247384
25 18.23810415408497
34 18.799544932353857
21 19.666327893284453
60 19.76270838440822
38 19.848387516327524
28 20.211099835332995
8 20.236293747703446
23 20.28124230951689
13 20.550322174227745
49 20.90175116946495
40 21.09706026079174
6 21.43032056124129
20 21.439999987029466
35 21.65448964200217
19 22.31906658613533
47 22.44511910314344
27 22.657485295533
12 22.707037676394915
56 22.799119479149255
26 22.902387373918838
46 23.028345857179698
31 23.07582351706585
5 23.22560119809984
43 23.70661564518568
32 24.227924627220027
36 24.251547760070544
18 24.525895669707193
10 25.07433820920738
98 25.28832418525344
14 26.021491937771
4 28.028846716831985
11 28.942155090037527
42 29.014361633611063
33 33.147387406709164
22 33.9811393174592
2 34.79867343071582
1 40.87131676288193
3 41.936678499973944
9 43.41711354942798
15 44.25326709859794
0 89.42700508328191
