3 0.27215244576739356
36 0.42244012911581275
31 0.4468131983987394
43 0.44959760185956704
26 0.5267367425162249
28 0.5346170517822346
46 0.5379418993765777
98 0.5494286666786047
40 0.5575925788346895
56 0.5606047077717448
60 0.5735099834724184
32 0.590605749173883
77 0.5956580428146727
27 0.5986928180029504
35 0.6000951683535419
47 0.613810418569963
34 0.6607629925275881
67 0.6728195351682311
66 0.6997015254590961
81 0.7397329434913693
49 0.8130428239842781
78 0.8766913973594396
58 0.9847165800626163
38 0.9880433371052504
51 1.0185498130407236
33 1.0522928646923526
22 1.0755492101948847
59 1.1262365356917035
42 1.2742268845190163
39 1.311675632418649
0 1.5128265333967383
71 1.6046564330007844
55 1.6677281661500858
50 1.7706943022302226
52 1.8769753387105041
70 1.883692246252519
2 1.8982009347133357
93 1.909290894517498
84 2.048979479531922
9 2.2463153407725303
83 2.2646899957473505
99 2.291785535024171
72 2.3092535252058606
61 2.4807577366538593
100 2.743625195135069
15 2.7648316379538485
73 3.257930553417071
96 3.9828852707566607
64 4.396015784030749
68 5.319772007270538
6 6.650150372557862
82 6.762555423801586
76 7.765309243058977
12 7.84573531456479
89 7.85084466667634
97 8.932974288062336
86 9.578904247338645
91 9.774392319922908
10 10.283280790970062
95 10.485283301681521
44 11.549983927244329
79 12.551159799895483
8 12.81334953609427
7 12.85655606361352
5 13.493152202173956
48 14.396691162506462
53 17.273002461506465
29 18.299883926150546
65 19.592302944858808
4 22.77707283240695
1 27.74656580312162
90 30.825528767185382
85 63.43668314508557
45 81.43342438628837
87 84.70758287496848
24 247.10604714940897
11 364.9916923153921
17 366.31563904623596
16 375.9301762323976
14 375.93698573246303
20 385.3175061578045
13 387.01244133655615
18 388.382856089747
21 389.2785181382358
19 398.1038912328305
23 406.381535967052
37 412.02691532116984
25 412.5796793057385
69 414.54268957635134
30 418.270996943664
63 435.58463559428685
41 441.46085953447556
75 451.4498123896943
62 458.03686583828693
92 458.54094700489173
94 467.63121255933856
57 471.86125187292373
80 493.38277943971656
74 496.82193510377147
54 499.3720563124706
88 501.93592637931704
