42 0.47718010364526103
33 0.4853857631319055
22 0.5039198439161512
9 0.745038486367207
15 1.1817829758394358
98 2.2164067506593716
49 2.521018736279667
32 2.6799800252768273
47 2.9716392657601784
56 3.3650865306095175
46 3.782467445222312
0 4.278183987312157
36 4.666178927959462
43 4.950057276541784
3 5.0678709057062346
31 5.337905282964681
77 6.039159086091188
28 6.776413244367208
26 7.179522327501341
40 7.2524650206576435
60 7.291363324576717
67 8.142780596575516
35 8.192401394660607
27 8.469356394907026
34 8.481349052562347
66 8.765513590635168
81 9.615881298631239
78 11.048790928651323
58 12.26322597154645
38 12.411420403499326
51 12.76268339049217
59 13.761683857980001
39 14.849544900360383
71 17.636162652867586
55 17.729539569693934
50 18.49028172818953
2 18.840662470632072
70 19.55168365414182
52 19.764353462638645
93 20.0497324524525
84 20.946148848456918
83 22.35669572602948
61 22.431738351300112
72 22.847651110631233
99 22.87892359733717
100 26.097694706758343
73 29.78778563241149
64 31.875447969703675
96 33.864012730566756
68 39.16766416665841
6 44.44593352316945
82 46.892967920185605
12 48.54169704588109
76 52.24802985005763
89 53.22224142898632
97 58.78269073273257
10 58.81060526968173
86 62.19648501879193
95 63.20972418611875
91 65.35710477184821
44 69.54094010394738
5 70.2306748007249
7 71.10569487648944
8 71.6912100522438
79 75.8358382508203
53 87.18283053765539
48 89.69369920809504
1 96.94186599860686
29 97.12296932141298
4 97.29196680683681
65 104.92495191509589
90 155.3028355173476
85 265.7003652291304
45 315.53613645046863
87 330.09177851135024
24 628.3107354123811
11 803.4115149310156
17 822.5806494901218
14 831.5394813719504
16 840.3662150576866
20 858.9585599312148
18 861.2002814920385
13 869.7208926480719
21 872.8784056757877
19 886.8509891544451
23 910.4405914860812
25 927.0258519945953
37 933.3533763033981
30 946.5071751544363
69 953.262462978656
63 998.1995002965086
41 1009.7841878730766
75 1039.6437814583765
62 1056.9688434712464
92 1063.2494780614772
57 1084.4034658369064
94 1084.5648560211469
80 1141.3620748313117
54 1144.4984543496969
74 1145.9854411781962
88 1161.08257937502
