97 2.0724721983184944
91 4.163654088061789
96 4.820027359649666
89 7.249252487629695
100 8.262354127095618
65 8.364728530290236
90 9.396118144512347
86 10.890794785185433
82 11.540712707821273
79 11.59477266987851
73 12.34183018414247
76 12.550374896193249
99 13.248025034223831
48 14.545328836067894
72 14.675501553136646
93 16.14224282936951
71 16.81788290714005
44 17.196713434139287
68 17.23748761051724
95 18.01417219514004
85 18.313859557251757
84 19.099993547065647
83 20.00931909814648
53 25.857994649226395
45 26.918304819326234
70 27.202995265457876
87 27.288345449576152
50 34.386892280711606
59 35.362712313532676
67 37.692257381483955
29 38.27441517977392
51 38.583682141511424
52 39.23209799567327
61 39.39530568222521
55 40.15156261371813
78 40.73729041639161
58 40.937163450988855
69 43.02313671470504
64 43.31633651759065
66 43.44103362712497
63 44.47127877094759
81 45.22595657656536
77 45.4026010061043
92 45.7541760987531
62 45.89049646267064
75 46.05271839016835
94 47.62297257395487
41 47.668456958758874
39 48.7331624255437
57 52.627683952235415
34 54.102344436327485
49 55.39614611326509
80 55.78998867149595
88 57.31486417734586
74 57.79595068612881
60 58.73731979756208
37 59.011032470607844
28 60.67163519581174
7 62.889229823291444
30 63.21789363742967
54 63.74093280518025
38 65.69630619046119
47 66.24267640093417
40 68.00260692237121
56 70.3409444940078
16 70.71013950557213
17 71.33759029750561
35 72.54760438787602
46 72.93064067285533
24 73.43529852951396
25 75.00377700623243
31 75.60357232971968
32 77.39938025841738
43 79.7219219823444
26 79.91739121914534
27 80.4549300022074
98 81.04498384723956
36 82.2875783354781
21 83.15705119498242
23 86.60623652946137
13 88.90920671153779
20 93.0537570659064
8 95.05092070331331
6 96.26257169460781
42 97.94155458813182
19 98.7782176662903
12 104.63378587241027
18 111.44732461460283
5 113.02285824843763
14 120.75010600352984
10 122.27188231307098
33 125.31841806225046
22 132.3011723779632
11 138.55342874575712
4 145.91934574837856
2 171.76319473209736
15 192.26534302311376
9 192.98323322111432
3 205.92435894229854
1 227.58753892593208
0 515.7171648100885
