90 0.1883207135249902
65 0.6961579928747728
48 1.0957845417525345
85 1.3395720229677133
91 1.4814959880742047
79 1.525409504305722
97 1.7649794441438291
86 1.9422855234556258
44 2.0244148423716934
53 2.080932400082005
29 2.306720307531621
89 2.3298501748459453
95 2.411405880837133
45 2.4256795672802283
76 2.617988734358817
87 2.8357981189834995
82 2.9617188061105852
96 3.5939004823094907
68 3.8455238081937595
73 4.342821817930294
7 4.445166394111934
100 4.649333456668517
99 5.325629602441871
72 5.380766094722967
83 5.672162441302802
64 5.839281254638328
93 5.871992944124703
84 5.878548459423187
8 6.043340480060775
71 6.33184548269313
70 6.486013096793554
61 6.654517040854607
50 6.977445236036425
52 7.003467663940588
5 7.165971333428346
55 7.335285713717127
6 7.495397808770911
12 7.709839228547258
59 7.835203602704497
10 8.025355089191821
24 8.07323227792973
51 8.20689722623784
39 8.278660949547627
58 8.458352308991666
4 8.70406707055481
78 8.76865061422567
81 9.326978554783256
66 9.442066303554233
67 9.450632287502017
38 9.508868631562189
34 10.091013311655288
77 10.427342387589547
60 10.593032337815332
28 10.767753526765526
35 10.971580638458704
40 10.98215367991015
27 11.22031211819588
26 11.555396734052904
31 11.924006758763761
43 12.376158844281713
46 12.576658510074157
49 12.62025725743365
36 12.652136257179375
56 12.692768961939834
47 12.760988665012007
32 13.497842560610447
17 13.54943182483861
2 13.750513738246825
16 13.784730360341607
98 13.845159200131775
1 14.073552959441718
69 14.210604695234855
37 14.734712499689591
21 15.00462931963934
63 15.245863098177292
30 15.250410971648462
13 15.256670950072168
20 15.372192395084062
25 15.56581750418471
41 15.725208109685667
23 15.859428788104365
75 16.152566652653153
19 16.157058250780107
42 16.499614512933917
14 16.529013126352506
18 16.532336392423076
62 16.661788100711057
92 16.77643009199445
11 17.159103812685377
94 17.293670003764618
57 17.548935566031094
33 17.687522898438313
22 18.039875214894604
3 18.510093371678945
80 19.033320110048436
74 19.285401606764935
54 19.550165161490387
88 19.628221980337248
9 22.531935559824458
15 23.522290596847586
0 40.33244819704742
