3 0.2522581866208921
26 0.3030436709146231
27 0.31166037909259636
40 0.3494886807363728
35 0.3517930106985777
31 0.36133163187327355
43 0.3820113325879967
28 0.3955190103681369
60 0.41554401819627335
34 0.43400306235900166
36 0.4407560741640285
38 0.5013522544541517
66 0.5170391485539051
81 0.541608998626293
67 0.5432728589215089
78 0.5562287483832729
77 0.562296911605604
46 0.5872503650913398
58 0.6435733577208615
51 0.6598672648284036
56 0.6674293457812343
59 0.7440007239417834
47 0.7598096672235573
98 0.8155549991155449
32 0.8219967911328705
39 0.8278709529462149
49 1.0256049295752205
2 1.036833434885741
55 1.1346797115095193
50 1.1783758172994858
52 1.2383454718376161
71 1.245647607055257
70 1.3096595128967465
93 1.5084153188389031
84 1.5801472551066904
33 1.6266068232416357
22 1.6739792471893975
83 1.7932573949111639
42 1.821328716039643
61 1.8456823385547787
72 1.8547438689657574
99 1.8916926735514543
100 2.333384133606856
73 2.721792992362181
9 3.2144913162063022
0 3.262845135748416
64 3.338369026676176
96 3.511279510439433
15 3.9625090791782425
6 5.1433535405358
68 5.392817946794131
82 5.899907952636896
76 6.775808684552989
89 7.130616965565478
12 7.200206980600972
97 8.434675624522121
86 8.649170565218487
91 8.671996371826497
10 8.711329578140237
95 9.358654348786658
44 10.370763551560376
8 10.98440823480287
7 11.198217296230299
5 11.383376197178336
79 11.412510595778647
48 14.02577121717887
53 17.570755335155432
29 17.931639372800454
65 20.239982786034393
4 23.014411978136923
1 24.410266964440307
90 31.047047826904052
85 72.99150207287491
45 88.25816050989842
87 89.50120901741184
24 224.51400696498985
13 346.9700453726435
17 382.4610367338499
21 429.6913280996425
69 495.77325128316926
11 499.0987122327142
14 511.40779335792473
18 521.5912465931941
20 522.5501770513638
16 524.4384616518747
19 531.7308659441712
23 535.9339411544214
30 537.5315845728098
25 548.6281671809422
37 555.0522327715883
63 587.0286188168773
41 587.1889391166278
75 602.269372634384
57 612.4038105443233
62 613.7307545009779
54 621.2468915410706
92 625.3766040947331
74 626.7058872736742
94 628.2881459114798
80 628.3614392825908
88 633.1535517611663
