9 0.07422532400966708
15 0.12378651890381023
42 0.4374852269513407
22 0.46585775407538516
0 0.49990063241484817
33 0.5127112751352709
49 1.554555522306543
32 1.7754135525549632
47 1.9403628699363924
98 1.9518700570309377
56 2.205301282616122
46 2.3807776120012423
3 3.088110602723647
43 3.1824779004494097
36 3.281168063016742
77 3.4067761178017895
31 3.5881769264744
28 4.178950386138027
40 4.196181131824956
60 4.205458570635597
26 4.248249366339511
67 4.453091860005995
66 4.780598295755654
35 4.9078497729710024
34 4.917213185419999
27 4.923058906048588
78 5.43983389748523
81 5.759532487734867
51 6.55765621969197
58 6.921057405127427
38 7.10319775437696
59 7.210260206799233
39 8.930868013463327
71 9.043435870763934
50 9.834888737280469
55 10.10217222395943
70 10.162892505534657
52 10.235807316184571
93 10.28074280149994
84 10.898684792006444
83 11.557776587147547
2 11.651719126372873
72 11.70300258283285
99 11.770257763565416
61 12.947676995917721
100 13.031863959713693
73 14.55065410218253
96 16.69401229132388
64 18.325063755943756
68 22.285785390298166
6 23.880438827287644
82 25.589581553135105
89 27.33394197169491
76 27.556899365294004
12 28.848682643840213
91 30.089045942928596
97 30.251899119330666
86 31.546535817947575
10 33.67853604964588
95 34.22292539251892
44 36.282287291418825
79 38.033579214795964
8 38.3010626967271
7 40.18379606771201
5 41.212528102556114
48 42.30831962255517
29 52.83768256759708
53 53.57546255336662
65 56.00714408174708
4 67.37601630566344
1 68.96822705856493
90 78.44853624209448
85 163.4545601153849
87 193.21479643224615
45 195.5454445935505
24 544.8217624567573
17 739.1977433351983
13 747.7292559979658
21 794.4796776026333
11 797.7976662845821
14 818.9309886257892
16 827.5162300398703
20 837.8918623020609
18 838.7742431762287
69 857.183970157755
19 857.6368828927107
23 871.2609155427723
30 884.2265475848815
25 884.8534418027742
37 888.883459648575
63 935.1523337232446
41 941.5829706046616
75 964.3170263132332
62 975.9208932416338
92 982.7815719643305
57 993.8040770464223
94 997.9241793731153
80 1027.963944279519
54 1028.5400837551638
74 1029.6829294201962
88 1039.4678526754612
