29 0.11093216126766113
7 0.23645387395927875
53 0.23714763906968955
8 0.3168183062149207
48 0.36915006705849146
44 0.427110389931273
79 0.4387579173007308
5 0.4806249112647634
65 0.5298530745648696
95 0.5308002268203003
86 0.6230536784249708
4 0.674353265518376
10 0.6862081419265538
91 0.8004455994196389
76 0.8551255307820498
12 0.9522485523784985
89 0.9728289534255842
6 1.0327759817703612
97 1.0797669799345233
82 1.101557349158951
68 1.399941314990791
90 1.6592463419289925
64 1.6822133217149537
73 1.8725602556914136
96 1.930461810829911
1 2.17010956062121
100 2.379222068557854
61 2.43776261664958
83 2.522530332732117
72 2.564848964406864
99 2.582817220825741
52 2.6023912422446878
84 2.6696494948069898
70 2.7156693602945725
93 2.824115768628688
50 2.8361678900945297
55 2.8919557965152776
71 3.1212181964436203
2 3.2544555849571757
39 3.2754825506323297
59 3.3732552985101663
51 3.5096551665907247
38 3.5846923709661787
58 3.6666877149329715
85 3.774691842171005
78 3.85726301691422
81 4.200353149622781
66 4.221481127636745
27 4.370236423386755
34 4.408809274908364
35 4.45508497658185
67 4.495053694045162
40 4.572048702825273
60 4.658967677356286
26 4.660519725504176
28 4.754058975583482
77 5.011706529315329
45 5.143009816485218
31 5.16382272238985
43 5.301932602101248
36 5.456068783275663
46 5.674057439511063
56 5.850635032559557
47 6.043266076921905
3 6.118259605419753
49 6.2670472212284425
32 6.275426489659364
87 6.46848775733263
98 6.47871641061954
42 7.933626559800352
33 8.10217372002114
22 8.17582431177301
24 10.007339835684695
9 10.019071890633274
15 10.86177011366108
0 14.323420708185697
11 14.683614592511145
17 14.915132263947383
14 15.502554100378449
16 15.560787488073274
20 16.345413431753567
18 16.448297936129826
13 16.634432245877548
21 16.765120167870357
19 17.27773713810586
23 18.163732892077597
25 18.75285508471279
37 19.163008423535366
30 19.599988496968432
69 20.17972549219681
63 22.055272025426365
41 22.387945638273585
75 23.937993171460654
62 24.750432603126825
92 25.346179635752527
57 25.614552010686186
94 26.264205061088056
54 27.83648053192805
80 28.239468171040606
74 28.24278417721406
88 29.06012006220394
