90 2.1605443989851953
87 2.96055194520174
85 3.7106305815132994
97 4.451791425910794
91 4.7078538151650315
65 5.465260830435905
92 5.602246748634626
45 5.789860248114136
94 6.120851253517225
96 6.472146781722039
89 6.779779101095715
62 6.985654706112735
79 7.656416432964457
86 7.8624823802588875
100 8.071778574641675
48 8.228534396157755
82 8.44620640267945
75 8.537176424323942
76 8.686622142947348
88 8.797518993471078
80 8.924333286695546
63 9.191393006921173
73 9.500314606004826
99 9.772087923367554
44 9.860916949093962
69 9.86885026697494
57 9.896503263679804
74 9.917800337244984
95 9.980441428458642
41 10.058791022758262
72 10.202126745858655
68 10.335675407893024
93 10.781218753783701
71 11.090739350571045
84 11.633498142268392
83 11.695258123292792
53 11.932675648577801
54 12.795274887152301
70 14.190432644133079
29 15.883318630687409
37 16.06853163779973
50 16.090133456128736
59 16.63734630366231
61 16.877277536555408
30 17.145083479395243
67 17.310091880332127
52 17.402207195206824
64 17.63015381950891
55 17.6322405311589
51 17.66477405647592
58 17.83923340311329
78 18.663496662793047
81 18.84373799420927
66 18.874383772991003
77 19.27233204904295
39 19.621338390225706
16 20.81321923514748
25 20.97990495210566
24 21.027186619208035
17 21.151014836141353
34 21.4508751440135
49 22.03908496317268
60 22.537419761941074
7 22.700536069133
28 22.931920568079203
21 24.020152207922415
38 24.22497671570459
47 24.527365956596864
23 24.59054823488596
40 25.135255224036065
13 25.58433474700893
56 25.754906734285925
35 26.102689537246768
46 26.3135569909893
31 26.52322356871375
20 26.894363526031018
32 27.37281275064516
98 27.637895651333714
43 27.76529170210735
19 28.149987397776385
26 28.190307379595886
36 28.26802236186627
27 28.30916318763922
8 31.45004041350315
18 31.7090090006598
6 31.885316327006414
42 32.30801749705854
12 33.95822288019047
14 34.433101382931476
5 35.82571337933947
10 38.06075733263055
33 38.34699678955187
11 39.14091032911751
22 40.131474109796805
4 42.98512310253249
2 50.23413135209784
15 54.483244482476046
9 55.26730034666388
3 58.72181498218895
1 61.00632179047823
0 123.264476304258
