2 1.0574896420325126
38 1.059790621521304
39 1.0667791054198725
58 1.1029519144649185
81 1.1158790482776517
55 1.1255381992673232
27 1.1300001157888508
35 1.1304202345500733
34 1.1461360280581598
59 1.150732329676744
51 1.1514307274035525
78 1.1559934401659515
50 1.156580686327095
26 1.1791850454584323
61 1.1793974416828306
66 1.182503235888141
60 1.1887796478739587
40 1.1899385497461699
28 1.1972173900771466
70 1.2010105821564072
67 1.2019790579158713
52 1.2046502050688108
71 1.2156859506801851
31 1.2541217153051905
93 1.279976215663707
84 1.2864352277865663
77 1.2870071062990445
43 1.2934548788823108
83 1.2957411476600489
36 1.3131704151101802
72 1.3469202500768112
3 1.3668762589639936
99 1.370589546257585
46 1.4255404717901612
64 1.4554180575305362
56 1.4777210009824213
100 1.5099703380430014
47 1.52499251824771
32 1.5936968398814721
98 1.5981418843447701
49 1.6279086453505536
73 1.6850045781919718
96 1.8528332133087022
68 1.9080601458920918
6 2.0986557157490693
33 2.193462506805704
12 2.201696577021574
42 2.2031308102227682
22 2.2260653378722557
82 2.4112686076888217
89 2.743697259467048
76 2.7951378783045624
9 3.0532268447299855
97 3.144225417119344
10 3.197232271468071
1 3.3017820905864252
15 3.4633678509331065
95 3.4718137107547533
91 3.473447981264002
0 3.48620884056906
86 3.5415521097893463
5 3.5477267311716068
44 3.694622088917232
7 3.947589903592734
8 3.949141005769175
79 4.466324382045816
4 4.531731867714183
53 4.764327364313702
29 5.618615868217941
48 5.890549597425165
65 6.261404205487321
90 10.475691380281884
85 18.434058066285335
45 22.007145987454056
24 24.01682737923349
87 24.469505576887098
11 27.848372263376117
14 29.816511834128864
17 30.096848548751662
18 31.745143640161242
16 31.881795396557155
20 32.09743919754579
13 32.548802879144795
21 32.92102095078167
19 33.81111548215783
23 35.57283338653424
25 37.03329741786278
37 37.98644276126349
30 38.60609773382402
69 40.144641545842134
63 43.75731996651143
41 44.639309482212035
75 46.551353571622926
62 48.580096961985625
57 49.411183321660424
92 49.52036587102329
94 50.57148893845709
54 52.63905257498362
74 53.59273257936835
80 53.60629365566444
88 54.92576669273644
