90 3.1401618168184773
85 4.649539695829003
87 4.915652396308176
65 6.19412289382627
45 6.4079806257557905
91 6.643400704769912
48 7.434900168908759
97 7.563150652310877
79 8.250510495069983
86 8.982391631263617
89 9.08705495909973
44 9.544676955798044
76 10.190288331128517
95 10.532006402061228
96 10.565628976388949
53 10.60353497394667
82 10.656610844736475
29 11.240479733352817
73 12.392525741076218
100 12.438008356170018
68 12.501242709076447
99 13.989015307060912
72 14.1670737548218
93 14.891778758957017
83 15.061634660373157
84 15.162978454879518
71 15.497641539922439
7 15.85173288244249
70 16.400829380800854
64 17.050182296440337
50 17.661208153740905
61 17.844868682431766
52 17.981703627153063
55 18.550233821719804
59 18.75679394112754
51 19.32229681952148
8 19.429999489097973
78 19.92600928911396
24 20.00423471425464
58 20.006359300291418
39 20.405741004900968
67 20.948590470845584
6 21.283508078924154
66 21.388019252032574
81 21.41424413399141
5 21.631913792477388
12 22.002376806031084
77 22.689860850763818
34 22.705129499005444
38 22.737031369814442
10 23.247108956068864
60 23.64497380561525
28 24.048868794045656
40 24.51095495507684
35 24.71338941796838
4 24.82860338506568
27 25.334632018609256
26 25.733115317207385
49 25.845890696671923
69 25.951637723097512
92 26.288217262555744
31 26.323936860019632
47 26.67928592223949
56 26.741443243510492
46 26.745777637360042
63 26.798265627188247
43 26.86252722024702
62 27.097335742380267
94 27.145938599229186
36 27.343257143649254
75 27.393879345424832
41 27.650416836328482
32 28.00492702606812
37 28.758310894409
17 28.845072338094173
98 28.946415865371673
16 29.027888545096822
57 29.38197652157178
30 29.646102389849638
80 30.34878724418568
88 30.879697910599145
25 31.075116252806005
74 31.099391085617494
21 31.18846280557181
13 31.728337930120748
2 32.01725671762599
23 32.30541759820506
20 32.330819544523585
54 32.57303354412812
42 32.6110984876325
19 33.455989253604024
1 34.43702851632634
18 34.732016250854755
14 35.251761256829084
33 35.30575036864911
22 35.87019583136254
11 36.91416101123537
3 38.71933482164591
9 43.06804344397509
15 44.29080315619528
0 73.28384304978805
