15 1.762304104297297
9 2.299346626391803
22 4.906593534869082
33 5.226800237511656
0 6.27436915033905
42 6.892310608894606
3 11.066549141820445
98 11.255429476281417
32 12.025396364720043
47 13.940741718361872
56 14.066599972917903
46 14.542583125477027
36 14.576797588330345
49 14.65379741648651
43 15.442653912662719
31 16.441649875252946
26 18.554422625627666
28 19.90354949549093
40 20.042732557103687
35 20.147193337258603
27 20.31301906017262
60 20.662618679661204
77 20.815091272058293
34 22.300580911992174
67 24.746322058262646
81 25.08322268984542
66 25.272845186223112
38 26.734018615488456
78 27.22514193353456
58 29.217086596207757
2 29.37380249516318
51 30.594191662682825
39 31.062075830113262
59 32.56938918296036
55 35.814910818730056
50 37.536173840678984
52 39.179273665514884
70 40.2569144398942
71 40.91394985615
61 41.11418064089566
93 44.08855445894723
84 44.132919053122066
83 45.661629199085155
72 47.77913919633564
99 48.5892417749127
64 50.8971580106312
100 54.20015299912044
73 57.68235859932502
6 61.61370634389197
68 64.39380015160326
12 64.49907900609617
96 64.85627482717757
82 75.51131817067606
10 76.97534807007234
76 82.5412765590715
89 84.73228443500152
5 86.36278445130482
8 92.2485809100708
95 93.2420666688414
1 93.6502494857126
7 94.20895102740243
97 94.53902254557231
86 95.93493030474316
44 99.86176149109819
91 100.97197615700006
4 101.25613028786282
79 111.30527090834377
53 111.60547575798955
29 125.70815372669833
48 131.28901844756862
65 141.50600556792332
90 203.9006577600107
85 286.8754805314372
45 326.82985050099114
87 357.171459967661
24 406.7541047957717
11 458.6229204036912
14 483.20264862534106
17 493.1254389237436
18 506.22527660492653
16 506.91571798862907
20 511.16140003012873
13 525.2218473916041
21 526.7705076868996
19 531.3645546801918
23 553.4294380287157
25 569.5405209404327
37 581.1527755479577
30 589.278629399294
69 607.5883669745791
63 648.0688463736944
41 657.0313651154528
75 682.5834958843899
62 702.6475691645121
92 713.6833281576454
57 714.8597036115578
94 729.1693771169823
54 751.2866796524239
74 761.9974936307962
80 762.8820658530318
88 777.4492857941093
