87 90.28129292684636
90 90.67442650005547
92 94.25284786694208
97 96.1427112808842
94 98.27032166334506
85 103.11798230583565
96 104.04795341228636
91 107.91022907182295
62 109.25159715312866
100 111.69218104132004
65 117.39164534322784
88 117.65238277163516
89 117.69301122745435
45 119.4142492065596
80 120.22247284779658
99 121.58697880290639
75 123.54767957220088
72 125.95673481908811
82 126.58364086508043
71 127.72067581699996
93 127.94184190628195
74 127.95940854029833
86 128.99914730907915
73 129.2324099590483
79 130.42463676790135
63 130.79695345422698
76 131.39279251557141
57 131.72393442216125
84 135.40515736843278
68 136.05375633086987
41 136.79094500865503
83 136.95915203512496
69 137.0379185773906
48 139.05931096675246
95 141.3599190397143
44 145.0210681704052
54 148.83531990885103
70 153.60113310997502
53 157.20764071156486
67 158.52532276662987
50 163.64015900701
59 163.8715713825609
77 167.51256613739002
58 167.80330805506506
61 168.65655192039097
81 169.55076309468583
66 169.7009113936529
51 169.9082672996405
55 172.28991002770277
52 173.0996211966492
78 175.39059309676463
49 175.6411791198393
37 176.8013828767189
64 177.0547305562338
39 179.54069230682026
30 182.58947734457885
34 184.46499987595297
29 184.89725302496956
60 189.46502550368857
28 190.67440467335055
47 191.38940198590035
56 200.29432085712574
25 203.90357162057018
46 204.4759254672062
98 204.58557731140587
38 204.78607723326851
40 204.91252691019253
16 205.16994821588403
17 207.0311425633569
32 207.03810071078297
24 207.2736489813845
31 207.30783494781204
35 210.65894533981722
43 214.11145912401298
36 215.6097277276278
7 216.5533498894692
21 220.74739594871943
26 221.46058168125822
23 222.75068262949043
42 223.60497656571326
27 223.80553823461491
13 228.62807614784484
20 234.5673281255034
19 240.56319303485162
33 253.1984918436157
18 256.83239943736595
6 257.7283640199015
8 259.42530106666055
22 263.01211318800995
12 267.45238742329576
14 269.85716365891653
5 278.483635336757
10 286.8689133820768
11 290.62753508315006
4 309.14519051094504
15 321.3699175532906
9 329.9124522789565
2 331.47276675640853
3 359.5988363674579
1 378.69032362822634
0 584.6779035619783
