96 0.21855105946636247
100 0.41497150495844987
73 0.65798701649373
82 0.7762069266865758
89 0.8825685876971023
99 0.9441258364635254
68 1.0718893511815315
72 1.074191113481683
76 1.1073546033324542
97 1.3003072860199798
93 1.4056694314005806
86 1.6251304864187566
84 1.661687342531224
83 1.6739752660402039
71 1.6961322897637536
95 1.9561378002489413
91 2.318663208551086
44 2.381485090737864
79 2.447486249485981
70 2.7282880056779892
50 3.8554352759828783
53 4.118445556386154
48 4.152913265345279
61 4.3652348619114125
52 4.381333676868193
59 4.521185435392911
64 4.598996064212178
55 4.778019728021655
65 4.954695082284544
51 5.12023468526308
58 5.651689952160327
78 5.727909620622036
67 6.126216027141626
29 6.34614506670147
39 6.535670759900258
66 6.8290293040223835
81 6.907982779320508
77 7.964702510725336
7 8.208068937124008
34 8.572754536166062
38 9.58614390243989
60 9.623492294512898
28 10.126882879129102
40 11.11963030649889
49 11.430016048936624
35 11.664168359954477
27 12.878065773207343
47 12.8935298418578
6 13.112878432692526
26 13.17203962650211
31 13.269422318273445
90 13.274572572380027
56 13.284283549176811
46 13.461419355624802
8 13.7639405023705
43 14.084947581549343
36 14.717410730210236
12 14.769262798781257
32 14.992393746047458
98 16.123241276961373
5 16.989336194406654
10 18.424710172853946
42 21.344879691878116
85 22.15184702462604
4 24.458641973026808
45 26.489720238700524
33 26.5060847572728
22 27.727760649468113
2 28.630105148625173
87 32.72165220820058
3 38.394658255023494
9 41.75434670926651
1 42.44036110385834
15 43.16890246783857
24 46.73248887071984
17 73.96650261004602
16 75.71983125047534
20 80.25844859151142
21 80.59503073612788
13 81.29146488872925
14 82.11296830250697
11 82.67151066042454
18 83.45616492965709
37 83.83205343643144
19 84.28184566424919
23 84.8845837955446
25 85.16201215500689
69 85.5468279372838
30 85.83140127760684
63 92.64711750598532
41 94.62652375925452
75 98.08484039060114
62 102.45425127520066
57 103.99112041257084
92 105.13426963330728
94 107.30080968148145
54 110.54370053515979
74 111.95543928441562
80 112.15223306170738
88 114.77813966135612
0 115.76459837255912
