97 1.2339511078662124
91 1.454282750213623
89 2.791794447460224
96 2.822804172626699
86 4.108627587356827
82 4.48687124028944
79 4.528816738318214
76 4.622770834227743
65 4.888700220615813
100 4.965315844808588
73 5.744708195636319
44 5.9224388582539005
48 5.9427347629046
95 6.54704309419482
68 6.711324689511619
99 7.291562891881955
72 7.683041278350099
93 8.731137875204443
83 9.432089623715362
84 9.500654643179198
71 9.538122949871052
53 9.547228160494408
90 9.86657610784363
70 12.245706665712575
29 13.524786646191425
50 14.908014406740987
61 15.866456514041728
64 15.921393261745054
52 16.152939062252337
59 16.52567328780084
55 16.90818940421699
51 17.81378961356579
58 18.934072249832884
78 19.12829120429197
67 20.02763323606025
7 20.565173553356548
39 20.673625887374367
81 21.493060341021685
66 21.560788110030394
85 21.95506625787965
77 23.670288657882903
34 24.90516292603157
38 26.68137174894454
60 26.968264452031864
28 27.77515053351809
45 29.092181501483463
40 29.767968136179686
49 30.36358487631168
35 30.674281902384305
8 31.24907171006174
6 31.50229301715549
27 32.87611894994094
87 32.95657222310228
47 33.06246955387005
26 33.45094158956187
31 33.578801430474684
56 33.78327154369746
46 34.113095835947455
12 34.25628242368613
43 35.166944922180974
36 36.283096219272586
32 36.853246093815486
5 37.082636076093216
98 38.740381901763655
10 40.18521929317073
42 48.04580085078158
4 48.98366138924156
33 56.567537416811554
22 58.579382959942684
2 59.12650951230741
24 64.45267586685443
3 75.6358408514644
1 79.03238124613888
9 81.39406784638166
15 83.64473681169575
17 87.37267995275177
16 89.47227724211996
69 95.93006976947204
21 97.694124621488
37 98.06487511897345
13 98.84122369462241
20 99.44753595360388
30 100.86000559118546
25 101.84967413837535
63 102.45377183109711
23 103.65643378624256
19 104.42228213610747
41 104.5164530641515
14 105.17821489484213
18 105.57087793358785
11 107.81974489348282
75 109.08635013400423
62 111.26941113004155
92 112.85983213017458
94 116.56423136988232
57 116.60203702644391
80 125.74263623818726
74 126.52204165961939
54 127.3529662240508
88 128.86327460507002
0 191.92144496585394
