22 0.13659507601617862
33 0.13855818278565574
42 0.21167165567780352
98 0.5263414823079874
49 0.5662497536224698
9 0.6061947777721578
32 0.6302326871114268
47 0.6764569570546143
0 0.7738669082300993
56 0.7862935284178778
46 0.8880596971648035
15 0.8886100607675326
36 1.291361015767785
43 1.3042562358374539
31 1.4456071548961968
3 1.4626104869530892
77 1.4976803738862083
28 1.8386997861816934
40 1.9143867150160134
60 1.961515868007162
26 1.9835494115093664
67 2.123851597305963
66 2.256667982093472
35 2.4094348706635023
27 2.4134938101939025
34 2.4467521222044275
81 2.836772634467469
78 2.9310061905666083
51 3.501873073304606
58 3.622018055872737
38 3.8266635601318155
59 3.8694913301668845
39 4.826134859788821
71 5.19568106347011
55 5.715967954751361
50 5.849273360547321
93 6.0047214176622346
70 6.034789868464541
52 6.072937366174836
84 6.41213507167226
83 6.939117400990386
99 6.953435447726144
72 7.030580522005272
2 7.135291924521913
61 7.840043516348812
100 7.948153394810042
73 9.061794755275965
96 10.682017121637779
64 12.20195352703951
68 14.344488907727154
82 16.74943505634583
6 17.018023461750417
76 18.607934492064818
89 18.869709525801817
12 20.210244596203275
97 20.8318708340007
86 21.928454388738547
91 21.99543994279676
95 23.94511750201105
10 24.274329714451714
44 26.118366221352723
79 27.52838821088269
8 28.800469072493758
7 28.826701672779034
48 30.53311673735919
5 30.643700499538635
53 38.164623051348904
29 39.38178653108453
65 41.66426619322396
4 49.80315556693791
1 56.54174015415275
90 60.5113844536729
85 122.69889717001682
45 152.06232070121794
87 155.2295530554348
24 453.5674234280819
17 681.3113708725077
13 690.5324065137896
11 750.9321595480861
21 754.7082541530087
14 769.7458066705046
16 775.4243587591742
20 785.7326746786817
18 789.470876211908
69 795.0197834543673
19 805.7749049400156
23 817.06176297743
30 823.3001158100557
25 830.5802615736618
37 832.2726848562036
63 875.489189685821
41 882.5481707646359
75 900.7625970595651
62 914.436466511648
92 919.8645363257157
57 930.1679531581157
94 931.9424636683603
80 962.2326397252444
74 965.7789861153082
54 966.6722490344207
88 974.4941751280049
