82 0.05174428353261178
76 0.07453925581040392
89 0.14855666237044265
68 0.14912132705166964
95 0.1769173653257104
86 0.2710233703807118
44 0.305509729706532
97 0.3750172181161759
96 0.40681981646667303
73 0.5441410156816257
91 0.5973610824134628
79 0.6259479288660043
64 0.7147050185390713
100 0.7522139090675796
7 0.8101782548489908
53 0.8479853540708389
99 0.9891522752594594
72 1.030684780501806
83 1.1176411469771699
84 1.225199566780311
29 1.2911985211132981
61 1.304979434004871
93 1.3078238403041749
48 1.3834493201216307
6 1.3853444620366695
8 1.462303960203718
12 1.5022924036109206
70 1.5139822905844933
71 1.6245402737257495
52 1.635700077063504
50 1.7278427362909288
55 1.8253352609549935
5 1.8558880390286154
65 1.9358212856477117
10 2.0346266847031207
39 2.3557875555212275
59 2.3896758440475345
51 2.6554070091771886
58 2.7349025975128542
38 3.159537802008175
78 3.2058159266607213
81 3.399392910460279
66 3.5613700192588125
67 3.730214008693133
4 3.784645008341074
34 3.9577762494309705
60 4.367319812657227
35 4.3761762661217505
28 4.452111244810774
27 4.454262857280392
40 4.483793433101461
77 4.536347347828096
26 4.805743731877951
2 4.941807000027396
31 5.234308935434293
43 5.590506468692639
36 5.781900007263562
46 6.014610516891044
90 6.058854179191154
56 6.186870505364552
47 6.355328321737363
49 6.48802326188717
1 6.895961672488284
32 6.9293009628859945
98 7.052325622558615
3 9.263303920401679
42 9.742574117371431
33 10.398684498054592
22 10.652505676565308
85 14.236368123671284
9 14.66608242694343
15 15.89424084228948
45 18.076965875833398
87 20.77572479756637
0 27.783188406654123
24 40.24330459986301
11 46.30668658111957
17 46.770789193919185
14 48.007204655745966
16 48.10373693556913
20 49.65520955702016
18 50.14427337930705
21 50.802617472726425
13 50.97583513186988
19 52.05554462077697
23 53.82497406759634
25 55.144850127111376
37 55.5896744642004
30 56.77403974942447
69 57.82054053713351
63 62.313001547072304
41 63.49298422327604
75 66.14223872717439
62 68.56892990390331
92 69.78048395629413
57 70.22376961096174
94 71.45864895215306
54 75.30956905555313
80 75.94814114065794
74 76.07969583818328
88 77.81992340730106
