77 0.3041678400655695
67 0.38841315947859684
60 0.6198505687469043
66 0.6477726435078001
28 0.6569883206688071
34 0.6709730384344549
81 0.7973028929011617
78 0.8307875836032256
40 0.8913241756628393
31 0.9634278595905906
35 1.0568082915826253
46 1.0969558408722686
43 1.1138948647363212
49 1.140158145821904
56 1.140387422444115
47 1.149025684655686
26 1.1542790578969095
36 1.2509747999278478
27 1.3192504270410803
58 1.3924212955043884
51 1.4244622949588677
32 1.6654782999796076
59 1.7593240783219974
98 1.7905301062984689
38 1.823037552690782
39 2.4964971466758947
71 2.9755143100851287
50 3.2372145116659903
55 3.3432704551534878
70 3.646401709601433
52 3.8642583188165838
93 4.036148683925683
84 4.4416076855799425
42 4.60967285302656
83 4.910270089359246
61 5.207650939413935
72 5.240923900607106
99 5.441210022431306
33 5.524510334944162
22 5.914480131811458
3 6.209623656355439
100 6.980723402460227
2 8.076716595252517
73 8.750666189822807
64 9.485972792472182
96 11.019717359701545
9 12.180629329409937
68 14.086674731399057
15 14.219037214625816
6 16.53552078219042
82 18.891129259092956
12 20.13731223463365
89 21.604083085183174
76 21.845901360350773
97 25.90160460472233
91 27.24478721415576
86 27.87115811640745
10 28.146514827260237
95 28.59464052272438
44 30.92385007714183
8 32.64723356726038
5 33.4294812688927
7 33.89603837290094
0 34.21396072030042
79 35.80564258061763
53 44.993766588968036
48 45.22870031739868
29 48.36707454623667
65 54.56908112689509
4 54.68299253964148
1 54.79786216589669
90 89.63180247791671
85 172.37845293238414
45 206.54326355534263
87 217.79163173485588
24 439.15100497716287
11 491.0578057629819
17 505.54254585688665
14 509.2865363182345
16 516.9023011891819
20 527.4307523358942
18 528.7659957922855
21 537.9961802245338
13 538.4116753566144
19 546.7067445829449
23 562.410165904878
25 573.8240588346982
37 577.5063529694161
30 586.9816839954216
69 591.8030446591913
63 625.9093348974818
41 635.1754338249008
75 653.8751376662943
62 668.7761178653661
92 674.2507662831146
57 685.3511438248904
94 688.0093040871772
54 725.1105732449987
80 725.1742939281172
74 727.564966830421
88 738.4791866669397
