87 11.967383207811404
90 12.402841003581731
92 13.620539017533494
94 14.616445262605538
85 15.47949006007893
97 16.900060131423068
62 17.57334525865824
91 18.47507283768299
45 19.8613562487227
88 19.864395641903325
96 20.10940295306562
80 20.5160985153049
65 20.81802346297133
75 21.604067431510284
89 22.50982923984548
74 22.772580830652934
100 22.809565435972424
63 23.794344130252256
57 23.827044279132394
86 25.040877574953893
79 25.175617672359415
41 25.455441730860535
82 25.60060188366946
69 25.94843012109091
99 26.124381226289575
76 26.396703007492256
48 26.47150175459134
73 26.60647224145745
72 27.34687997234874
93 28.114068613310167
71 28.385018181435928
54 28.97210438546004
68 29.201535203647346
44 29.553317769733564
95 29.5559996356522
84 30.08570514898958
83 30.617669214975784
53 33.769198047331216
70 35.326629485798605
37 38.38512914994778
50 38.71245037541835
67 39.0646289246954
59 39.167838340651485
30 40.221754718297746
61 40.67825193868591
51 40.943622388265524
58 41.230784329530785
29 41.28801973681387
52 41.525586818961685
55 41.56549179376948
66 42.03683173573232
78 42.43026263683459
77 42.50658381296192
81 42.664973339224915
64 42.76957289592673
39 44.79999474158063
49 46.2563185530678
34 47.15273393569233
25 47.34684272982374
16 48.09180769042148
24 48.69737567477084
17 48.85778882561128
60 49.216554854295865
28 49.695249890326224
47 51.14158319701091
38 52.994547828675536
21 53.20559613797969
7 53.454862317935465
56 53.459098179978746
40 53.6700423121764
23 53.75615451302944
46 54.739076143783784
31 55.57949354014821
35 55.65091660120299
13 55.829889303663734
32 56.27436201485737
98 56.572571796935755
43 57.73013213633666
20 58.26880563296463
36 58.57937884155744
26 59.06582556059933
27 59.66469765403154
19 60.0705087482152
42 63.344703660988166
18 66.25737917617973
8 68.0479340691739
6 68.52900633460408
14 70.99123710379152
12 71.9150192840972
33 73.67520056307087
5 75.22146866954527
22 76.84794731536654
10 78.75131548302181
11 78.81838679984071
4 86.96351711903627
2 97.0373391764662
15 98.54697939434394
9 100.44118424948803
3 108.6689898721139
1 115.05359676907442
0 204.08138972773466
