35 0.9178267462460973
27 0.9415250115256552
34 0.9547222214902161
26 0.9656634180551512
81 0.9783968095979717
60 1.0059169861206954
28 1.0065947630710264
40 1.0133553405610738
3 1.030458427275567
38 1.0377820028719074
31 1.039102650857423
36 1.060870761151212
43 1.0739880819959944
67 1.07473973989553
58 1.0942924835128705
66 1.0979339337965608
77 1.1138795900707859
78 1.1253741682750822
39 1.142040108102338
51 1.2285318692550646
46 1.2385837503031758
59 1.2783059119683369
56 1.2921092589661967
2 1.33300362653839
47 1.3825437355311376
55 1.3949512222816212
32 1.4323087555875846
98 1.466837008914938
50 1.488742931770012
49 1.5352947321164956
71 1.5528645075357879
70 1.6357107966650128
52 1.6860850827751008
61 1.7062987600148969
93 1.7793189917427967
84 1.8351507235133988
83 1.93508247553336
72 2.0287949929092455
99 2.07419345466056
33 2.39756143281699
42 2.410339493051526
22 2.4440769861982514
100 2.4735701920495368
64 2.6242364649568506
73 3.02806526976251
96 3.4297158308245357
68 3.755214182627727
9 3.781909197471337
0 4.183315175426447
15 4.541233265954673
6 4.60795333144535
82 4.998842017265441
12 5.010496661772874
89 5.976709641192114
76 5.992011203741635
97 6.897680978659396
10 7.35129465993564
95 7.72976475207171
86 7.85461833292442
91 8.017808991876462
5 8.475898412479756
44 8.564904028151696
7 9.160833271738749
8 9.352533686906936
79 10.226259794075625
1 10.373213674703587
53 10.748929655234575
4 11.502639156558526
29 13.591727193875249
48 13.67529154790989
65 14.783775366447255
90 24.955610727326075
85 42.70649229946635
45 52.56679889065635
87 58.00896148188785
24 59.91578116041571
11 60.35182162236513
14 64.80887999196307
17 65.56365369612423
16 67.93400947376594
18 69.56716095052151
20 69.6549161820193
21 72.56136939425781
13 73.02208992182638
19 74.0253935449023
23 78.02223174306505
25 81.09720026624635
37 82.57564965161448
30 84.59897861283453
69 87.46966147628889
63 94.73894283232796
41 97.03237592412724
75 101.30372404877279
62 105.43753979563904
92 106.89791380952326
57 108.71599558390538
94 109.69850085550082
54 118.2704531294034
80 118.72924486212595
74 119.3235051151826
88 122.04386646086255
