89 0.05059342847427268
76 0.10877324810795971
86 0.14028972408287158
82 0.16658784518206146
97 0.17908242023315007
95 0.2873505866842086
44 0.34662793576630424
79 0.42150067640273386
96 0.4962469720587007
91 0.573994942323562
68 0.6326507197792514
73 0.774574491280233
53 0.987101978859368
100 1.0499831515547093
48 1.2772170099269728
99 1.538045749567823
65 1.548274079958242
72 1.6065878313133553
29 1.7724956713737023
83 1.8970015357521286
93 1.9877115210160259
84 2.007521726409009
71 2.391108546494412
64 2.5904694131978667
70 2.596868198693186
7 2.748096642721344
61 3.15497886317416
50 3.208484981610746
52 3.2499895579720564
55 3.7185498856558
59 3.9643149477887696
51 4.3483592680439305
58 4.853148954808758
8 4.879909226425181
78 4.921920074645766
39 4.931435895767159
6 5.438697056531815
67 5.744100138202993
66 5.748229548250608
81 5.974502935507243
12 6.053230307983752
90 6.3637623174596625
5 6.42500311149495
38 6.504015099341017
34 6.893658793600056
77 7.091906603365994
10 7.247838574241114
60 7.598012777269161
28 7.905641127666084
40 8.106374504466993
35 8.338399498872121
27 8.683989896686093
26 9.089326539970001
31 9.700949631111284
49 9.827897854907226
4 9.855446875341686
43 10.205649407653734
46 10.22638878640306
56 10.317554091262325
47 10.346277498796278
36 10.732861138752552
32 11.566469726057411
85 12.125231424942157
98 12.416592308548088
2 14.077297004904237
45 15.021117523726483
42 15.93206855744731
33 18.45472324442021
87 18.930512204436326
22 19.04437796176585
1 19.17397504158762
3 20.765052431981143
9 26.37676548170787
15 28.112417665565424
24 29.96338489503975
17 56.186745764398886
16 57.57089535825956
11 59.528657612324096
14 60.156586873836396
20 60.26039831094706
21 60.81753870945594
13 61.03669363580872
18 61.846023759887295
0 62.690676616321575
19 62.944400102388556
23 64.07154798124323
37 64.71740011055554
25 64.92928649635766
30 66.1076204525909
69 66.52260781489353
63 71.49518920361677
41 72.76063271790849
75 75.65123848196754
62 78.50211902127047
57 80.05984151496122
92 80.15632777622928
94 81.9390371625732
54 85.36610581826228
80 86.21590142228531
74 86.23958349511999
88 88.31260275253346
