22 0.15007135296662102
33 0.18404799720229267
9 0.18980562821336597
42 0.19931374196331347
15 0.4653446437772058
0 0.6494656288405818
49 1.0985943527689488
32 1.112488173220925
98 1.1360349962144576
47 1.3632103141556715
56 1.5134117973151933
46 1.7039399714352061
3 2.2196769303650563
36 2.246982275313977
43 2.3878260214499676
77 2.6826701765210155
31 2.7015041079884483
28 3.22294606788422
60 3.2791329485240976
26 3.2989336187366978
40 3.3925071649954828
67 3.7347425315140086
27 3.8206587448494846
35 3.8521688739384277
34 3.912070079777656
66 4.150597629583941
81 4.61949648979322
78 4.710538401459479
51 5.814169752248101
58 5.873401283248831
38 6.019992931147077
59 6.326464357344878
39 7.568397278976896
71 8.128169411561142
55 8.584331789000158
50 8.804444423106748
70 9.13348656574237
52 9.338261695844276
93 9.445068498115571
84 10.04683470864717
2 10.254956756080338
83 10.55796381222693
72 10.739477734886806
99 10.976487189264802
61 11.464703725928384
100 12.318615190340553
73 14.014635421837886
96 16.145354847196934
64 17.214604499701277
68 20.035224360015956
6 23.374880416441
82 24.08278738820625
89 25.789300510263296
12 25.90930307239541
76 26.686495665855684
97 29.30032053592952
91 30.317725542632918
86 31.574478596932416
10 34.08220008513796
95 34.30901288103031
44 34.63614273500017
79 38.38172226751158
8 39.14164445892095
5 39.57412252155747
7 39.9217575940511
48 44.37926292710661
53 50.235298199399374
29 50.479978328538344
65 53.15453033414148
4 62.531889939362316
1 73.79144040448183
90 77.84067351803891
85 151.5595433069996
45 185.74294168789112
87 189.87056343145065
24 493.81733440321807
11 659.3926204200764
17 664.8591596942376
14 680.0370860457876
16 680.1154903242774
20 698.5949515589394
13 701.3606334214463
18 701.6484032358848
21 705.6951621144772
19 719.3805353836435
23 736.1741708204623
25 746.4945927673807
37 748.873519442352
69 754.1405344380272
30 759.1602839808771
63 790.109830607473
41 797.6509393343848
75 821.3795794248992
62 828.4247509654522
92 830.7075033397385
94 849.6915433163269
57 854.5868422563665
80 894.7148632561019
74 899.0433345337593
54 901.7692520956008
88 908.5424988641687
