9 2.809724823502562
3 3.295248960322076
15 4.3401659572388045
22 10.479908284268406
33 12.938809074986343
2 13.989075821177483
42 21.20019272579856
36 26.5116071296284
26 26.79571757885712
27 27.040645783447353
43 27.56145997535105
32 28.206499649762
98 30.032674615397088
46 30.33335254382447
31 30.973606950201212
56 31.39690831450199
35 31.4203284307135
40 33.118579438490734
47 35.71759019474832
38 38.15370967970137
28 39.24861501879368
60 40.237635009958645
1 41.920375671237466
34 43.21372368342094
49 43.23767925504454
0 44.89515621058797
12 46.065703687188986
6 46.92313651277822
78 50.27242756923423
77 50.90677225222377
10 51.6108920336134
39 52.004173636598296
66 52.02432520495764
81 52.76008414187644
51 55.34449561838632
58 56.14350040644355
67 57.82827787592483
55 58.449700104293704
5 58.817243658831664
59 59.80963128903521
4 59.96119262448207
52 60.48306298147253
50 64.53040781399352
61 65.26227406245265
64 67.97578422266996
8 69.03656706228561
70 71.69240741543231
7 82.90981598032268
84 87.06315052960677
83 88.15139707541051
71 89.72133994497915
93 92.39989882626146
72 97.1557655796948
73 101.16799584041927
99 101.37817425226275
68 103.62090969782412
100 113.68762498545415
82 119.22777027029481
76 121.31464791990769
95 122.12811008745413
29 123.17031612995743
53 125.25763152101341
44 126.29857073692013
96 130.0357196989268
89 134.30828637236877
86 135.29142821646798
79 145.39805947279007
11 156.6481324855025
91 158.62755239991148
48 159.4750022156665
97 164.1283713085189
14 175.73849118229603
65 181.2223252806354
18 192.25427673568748
20 204.8911991316197
17 212.69820313161654
19 214.16235901042637
16 220.40019411943803
13 220.61130940273588
24 222.31426233053858
21 222.4170496085097
23 234.7027848092417
25 254.30636854560004
90 264.2064140652737
37 278.8032408377726
30 279.22096582848854
85 308.74708706443
45 317.5377627249651
69 331.1633552715557
63 361.95871905792774
41 363.1366280441725
87 378.6030084482067
75 389.47766702488065
57 401.02731114674685
54 403.6412730682218
62 422.25107163872997
74 433.30918790212843
80 443.74588538434983
92 449.99119419687
94 451.74552250668756
88 454.72467742025003
