100 0.5497608606518819
99 0.8181792876481372
72 1.3997111492618504
89 1.5143426239645084
96 1.5975423538393374
82 1.9849073256269611
93 2.000436502264494
73 2.051512228587467
71 2.226664918610031
76 3.8856004716395165
84 3.9714247317241314
68 4.341074517289932
86 4.3924897202061945
83 4.451640966408832
97 4.780557934037589
91 5.241902519023184
79 6.284041738720531
65 7.374589470255783
95 8.117010260152146
44 11.3949288437976
70 12.526525960596944
48 12.909930556128614
67 17.409413297305694
53 19.253810097903084
59 19.393920983297953
50 19.476893414879243
90 23.011379854895306
58 23.270801315191527
61 23.710322121445774
51 23.986503904583255
77 24.506464387155546
66 24.76656473158124
81 25.645139283801246
52 26.259638824654385
55 26.270627345836914
85 28.424847065221474
78 28.506068611251184
64 30.922657659559054
49 32.788677328283114
39 33.37083846882158
45 34.014071290080444
34 38.362511324801055
69 43.057401279703306
60 43.06227293285209
29 44.02357315741353
28 44.84891939188924
87 45.57886524514097
63 46.53908735221017
47 47.36728981683783
75 49.33948825064351
41 50.450195812314284
62 52.80370041769975
56 55.887435867733885
57 56.33103592056754
38 58.59360354177612
92 58.69529686332513
94 58.89997594600537
40 58.936365562724355
46 60.16753254117072
80 61.296633082005044
74 62.30234409102427
88 63.13796475481863
98 63.48674716167626
31 63.87307615007655
32 64.20352459766409
37 65.21644921983
35 66.065837412561
54 68.61243138459737
43 71.31649080333291
30 71.61011432311234
36 73.68437435784683
7 75.7568667935158
26 78.77084912238503
27 81.26623424995725
16 85.81852758828101
42 86.60841136589065
17 86.65595335080558
24 90.72507008397126
25 91.65887892073128
21 106.96959372713846
23 112.45578983153825
13 117.86054958453782
20 123.14549537011477
33 128.42656006757377
6 129.27565118179658
19 134.132906125883
8 134.95351887109555
22 142.29938526747264
12 144.75971093764923
18 155.07378953779403
5 164.67454563744172
14 172.68096054101335
10 178.1564992238047
11 204.49143151733466
4 220.05971403046766
15 241.36135731634627
2 253.27763862060286
9 253.9293563357662
3 306.88358785312784
1 354.32830237168116
0 834.3866985950177
