38 0.47961614231774596
58 0.5132783093833939
51 0.5307768684354363
59 0.53709836254346
78 0.5454540280069382
39 0.5519389321036129
81 0.5711577672234565
27 0.580521477282535
34 0.5813845036874344
35 0.589703819179732
66 0.5932667658149618
67 0.610058255255308
40 0.6157975448256385
26 0.6188490850937395
71 0.6443797929992195
28 0.644396836785595
60 0.6483394984667049
50 0.6663364024225871
55 0.6958690082320687
2 0.6961829593501753
70 0.7141956856954218
52 0.721860843716344
31 0.7246781176513329
93 0.7550267241899155
77 0.7736761660513418
43 0.7838270707213031
84 0.7975290212940668
3 0.8097079913922126
36 0.8737326476042631
99 0.918052537661605
72 0.9242754155048811
83 0.9666685928664611
46 1.01671112329491
61 1.0510681934045742
56 1.1030322224985207
100 1.1334621195627361
47 1.1863068774417236
32 1.3121144572317147
98 1.3329076354259684
49 1.4026190747442726
73 1.4198192696979663
96 1.768507189215487
64 1.823264913669343
33 2.2800351713904687
22 2.334197887451332
42 2.382845324583275
6 3.0953977276558065
82 3.262224151516768
68 3.4595129652834054
0 3.4819844922610836
9 3.7721276921231897
76 3.829008030973707
89 4.239671997606888
15 4.460084397194666
97 4.921670171137714
12 4.959907520337401
86 5.079144490852911
91 5.102298008897352
10 5.2605075749657955
95 5.433077362229109
44 6.462191176118402
7 6.812293289490462
8 6.852436572138926
79 6.916671229632314
5 7.056642512287435
48 9.052070629142577
53 11.608128871332415
29 12.342412713454326
1 13.878097001551117
65 13.968313084829235
4 15.505043207194323
90 21.217013047182498
85 53.27802686083758
45 63.01230472533933
87 63.19765523400884
24 151.39378186247544
13 219.18209160304568
17 267.89620930046755
21 311.04015574550215
69 374.62428065552564
11 399.55042899974876
14 408.5812414254033
18 414.59365462056905
20 417.1077188651753
30 419.5008178565021
19 421.967618950734
23 423.05127012713086
16 423.8997501563702
25 434.72540604688453
37 442.1503590027233
41 466.17198154572355
63 468.16100497478374
75 478.07399341217445
54 478.4451680571979
57 480.68271309287894
74 485.90662030251667
62 488.71800061994765
80 489.21165529837106
88 490.77486174771633
94 500.4180090271074
92 501.52842194564806
