33 1.6264273379379406
22 1.762351844512011
42 1.9725313796237198
98 2.4810052596891765
32 2.860437664344175
36 2.933064088243363
43 3.2892974239375947
46 3.47863959730752
56 3.533617347133293
47 3.804471157490083
31 3.8424975529331213
26 4.293369411843685
27 4.758592342257031
3 4.781607826913786
49 4.80710323443851
35 5.193836868800241
40 5.3059874896846395
28 5.927573138388438
9 6.215681498351342
60 6.315747928364323
15 7.324291225380614
34 7.4474106205664095
77 7.814671653431508
2 8.015346662529456
38 8.059255962006672
66 9.301023760564986
81 9.526074595961406
67 10.077238909874948
78 11.33964798637754
39 11.634146860449368
58 11.809018052783676
51 12.731682284159996
59 13.957962631136812
55 15.078215889385502
52 16.552878638449332
50 16.949387891776304
61 17.72151167336958
70 19.57321873032372
64 21.665876325145174
6 22.02261308599061
71 22.322435578469403
12 22.840616265436843
84 23.58457816130788
93 24.380750882402996
83 24.521043773211677
72 27.03134499515523
99 27.727412393271713
10 29.01544438298701
73 33.130444261758576
100 33.21247789798275
5 33.349710975341985
1 35.30819960366787
68 35.78333372203012
8 37.82994709849408
4 39.296789337264904
7 41.67010749389692
96 42.15286708189359
82 44.52725799731162
76 48.26431730211373
0 49.42542459790876
95 51.5617936562869
89 52.77727602664494
44 56.8327129509209
86 57.84573689152965
53 59.54038346743386
97 63.68424056564364
29 64.67061865409718
79 66.23341421129274
91 67.99860673863563
48 79.51282765904814
65 88.47958397254745
90 140.11534726844235
85 183.0288013016441
24 184.63396247365753
11 194.36656029618842
45 198.39817236072287
14 207.89317956039858
18 221.03405670520797
17 222.6942754825854
20 225.77306551694747
16 229.6502884685647
87 232.60947514091438
19 236.31002592926444
13 236.52314122419588
21 237.05990536783878
23 249.999979839755
25 262.3839178998059
37 274.24362186520716
30 277.41568362737434
69 302.87223910085805
63 327.81423783500895
41 331.7859511341179
75 348.9606501266867
57 364.8064539823293
62 369.6315819934821
54 378.15011151567387
92 384.010682173698
94 388.8761221800215
74 392.9151475039536
80 397.00577234652684
88 406.51615434026695
