87 20.55182242384412
90 20.769020266806553
92 23.026525104775345
94 24.315811389393605
85 24.888101392743188
62 27.946004101370768
97 28.327417819641834
91 28.668629534028433
45 30.304072214625318
88 31.02022440495527
80 31.76381280752153
65 31.81890437731405
96 32.5295234466629
75 32.795339716296276
74 34.51773911686068
89 34.80944310231968
63 35.35117981750559
57 35.597120905832405
100 36.17153879663844
79 37.34375428509765
41 37.376132468429866
86 37.68323788966203
69 37.886773151702194
48 38.10651467926889
82 39.31720382412868
76 39.84343546223101
73 40.11449294654783
99 40.79317590973439
54 41.90578714699466
72 41.95351019855452
44 42.57168219629323
93 43.055753624022074
71 43.43746567128069
95 43.71073064626817
68 44.06364182150816
84 45.405304498115875
83 46.11554658641837
53 48.42917445431196
70 51.11377593807195
37 52.415678417886355
30 54.55889615533546
29 55.66792991434614
50 55.6704526815878
59 56.055336349727234
67 57.022591376762236
51 58.0670329639977
52 58.38861485769417
61 58.603606463854355
55 59.05037084859482
58 59.23842193712404
78 59.44887810338408
66 60.58757276435559
64 60.74576777279744
77 61.31938476495863
81 61.46827245057081
25 62.717413142901414
16 63.51356025512213
39 63.716649813789104
24 64.19754277964638
17 64.3936766366339
49 66.27411427815498
34 66.40995034227528
60 68.67274816523577
21 69.33060451584304
28 69.7584175704188
23 69.97392968437319
7 70.23448679952911
47 72.1530685344443
13 72.26282046709146
38 72.61690188856379
40 73.5759999193077
56 74.35548694317735
20 75.07738260300331
46 75.68698125581953
35 75.89935865961442
19 77.13267877328401
31 77.16504518417604
32 77.66869516468833
43 79.12867171520837
98 79.13757369214186
26 79.60358043405058
27 79.82917124720215
36 80.23457872711147
18 84.09108481334104
8 86.29741882530769
42 86.76671091723027
6 87.4752435162661
14 89.39113373896134
12 91.19670610630638
5 94.54593179112344
11 98.13730834304768
10 98.61957320054746
33 98.98578701143663
22 102.0405841125578
4 107.7080123317972
2 120.13032776485598
15 126.32978675012109
9 127.25211317098247
3 133.83978679110584
1 139.10828582335643
0 239.89379366610882
