50 0.05594285814898058
55 0.06831881262850513
71 0.09672101600185927
70 0.1055508746616132
39 0.14010774742360882
52 0.14756496056061194
59 0.1580051314229931
93 0.19626446052829702
84 0.21966838671811664
58 0.25411127358014196
51 0.2541115460677175
61 0.2564228227919752
83 0.29988872833336055
72 0.39275136479636913
99 0.4437196224896112
38 0.47742558536215923
78 0.534084567349182
81 0.6224413947019041
66 0.7566105913252722
100 0.8670076590196057
67 0.9004762206475226
34 1.0024373612823665
35 1.2746040359875195
64 1.2889390408390475
73 1.3320300369774092
27 1.3367724031667707
60 1.3411120860604646
40 1.4032012949149042
28 1.4044659988114976
77 1.595584922673196
26 1.633030662161069
31 2.071913076041524
96 2.08623932435061
43 2.398060326287154
2 2.411367609285082
36 2.602200154888141
68 2.644443942549573
46 2.9386262324039754
56 3.1688985794427786
47 3.3880549507497677
49 3.7017817573818044
6 3.756631407547453
32 3.998981263871809
98 4.1349222284611065
82 4.440077407524509
12 4.81479646565805
3 5.469583444299429
76 5.704830375262192
89 5.744014973435569
97 7.581478337951052
42 7.593545715492245
33 8.16553979722037
10 8.22143667988069
86 8.316758826370444
95 8.3716074988112
22 8.440174108831163
91 8.726822171529559
44 9.402084475248362
8 10.153589419046895
5 10.179742498633724
7 10.30486665996832
79 11.776653515476983
9 13.741873705391667
53 14.634590395324196
15 15.811731535238966
48 16.30104893519633
29 16.756436660172835
4 18.766440098956714
65 19.95050364026759
1 23.406211831335803
0 27.86122047188581
90 37.64892112642142
85 74.50976621061886
45 92.68726427544712
87 100.83861416234905
24 207.65039065325306
11 242.30881904949487
17 247.61054595173908
14 252.06931272281582
16 254.12623049582658
20 261.407437780879
18 262.95259179197603
21 266.35949682905954
13 266.5565118742789
19 272.0153534376375
23 280.45631469908045
25 286.6303902715948
37 288.4577392531842
30 293.9310236054652
69 296.0223630511497
63 314.32171193459413
41 318.8515772769887
75 330.3624145466864
62 337.801241654781
92 340.8650511118241
57 348.1840200426383
94 349.07371826984735
80 370.5889716557194
54 371.73331180107414
74 372.22269374067145
88 378.6460149872626
