91 0.13961966901183007
97 0.1881765714455563
79 0.23705505356542012
86 0.24956339560752833
44 0.3280237171187368
89 0.4149057411225407
95 0.4159328328498999
76 0.5203397584638246
48 0.5395674846028209
65 0.5764052486983651
53 0.6122465191354705
82 0.7150889805974251
29 1.1827252638291879
68 1.2944210138547037
96 1.4081644808416967
7 1.7675625689004886
73 1.9342264196972
100 2.2885839859902672
64 2.625271287708199
99 2.8331615557066807
90 2.8697554497220326
72 2.8884856573775433
8 2.9091947315601745
83 3.060773394347762
84 3.260634047956299
93 3.350429163261985
6 3.5273601931917833
5 3.5575511445815127
61 3.591152572262047
12 3.6670316396349567
70 3.7514890472112077
71 3.8412367136729424
10 4.004974080853245
52 4.01554884369379
50 4.129474268146857
55 4.391472291680232
59 5.086266365953087
39 5.1944991278374095
4 5.229009264989567
51 5.439098757407112
58 5.622597734234971
78 6.125916204582843
38 6.283922803132362
81 6.53981181596873
66 6.71969153291528
67 6.8930760448017026
34 7.261685567879242
60 7.793623750358907
35 7.875012874262414
77 7.9524236315715315
28 7.955298409977294
40 7.995096572775929
27 8.010276935199757
26 8.44861199781156
2 8.600114077505568
1 8.996419604983219
31 8.997475559256676
85 9.398032473747369
43 9.419544325325253
36 9.70137082449798
46 9.905972298934929
56 10.12533894680936
47 10.293072901897252
49 10.418310944482373
32 10.997374966955045
98 11.262233305521738
45 13.283379298213195
3 13.935503552195495
42 14.373553416963636
87 15.206876383751828
33 15.207171075261057
22 15.514838475668553
9 20.15847307753533
15 21.52458896191803
0 33.5977573966153
24 34.03052154486981
17 43.28216113917341
11 44.0829029545431
16 44.50211329747285
14 45.379551048503494
20 46.3842208710718
18 47.20762282361899
21 47.24793258611997
13 47.48702583658004
19 48.77291640493554
23 50.122249527973295
37 50.89760680030828
25 51.07004253821982
69 52.013079796183156
30 52.152090892659935
63 56.22396255735681
41 57.562827730691176
75 59.61577155399154
62 61.599924656632176
92 62.23906709560408
57 63.76583943194408
94 63.96378134347322
80 68.87512417835536
54 69.0410029431298
74 69.24845243700646
88 70.61186258024901
