82 0.01516585083220925
76 0.049390237777777964
89 0.09263778680119408
68 0.14980252216734277
95 0.290439993390008
86 0.3092669591815927
97 0.3268378897221002
44 0.4042091087953417
96 0.42229581792865234
91 0.5481492106542265
73 0.6346746028871616
64 0.8126744878659912
79 0.8461661293540761
100 0.9150270415521858
7 1.1574237206827884
99 1.244507856843727
72 1.2864754423202
53 1.3806736927139112
83 1.3984492185588058
6 1.4216708537837952
84 1.542539039046168
12 1.5755639509695585
61 1.5943288369178072
93 1.6567066552602638
8 1.817657645845942
48 1.8580048150846018
70 1.8859672944159094
29 1.9280394098764686
52 2.0048495510492086
71 2.0783674695439442
50 2.1426283323757436
5 2.222455827784766
55 2.267001310702489
10 2.3195213228756657
65 2.632624934085723
39 2.9271833927786446
59 3.0258714783805796
51 3.3496497145220943
58 3.45644026304569
38 3.8689500069677685
78 4.043050045311863
81 4.315322831580866
66 4.5440275637465435
67 4.784711652643179
4 4.89080350355203
34 4.976363504525879
2 5.311179691361702
35 5.4064185881873925
27 5.45963912318679
60 5.497174492728478
40 5.591772312580494
28 5.61093008375233
77 5.814077104657676
26 5.927885332927269
31 6.551666790651347
43 6.9618195704785375
36 7.198691358873067
46 7.574709163873882
56 7.824937144918614
90 7.93467239780085
47 8.077850108388434
1 8.254323954033604
49 8.343256065120524
32 8.732199142260205
98 8.9084367863399
3 10.640234797630422
42 12.298718201760073
33 12.92883881074907
22 13.198401927687183
9 17.959532873719635
15 19.573443283662964
85 20.278504367568413
45 26.46867975703237
87 29.912608007484753
0 30.896036607819365
24 58.84396795913966
11 66.35480155773094
17 67.5352232702422
14 69.08464128910734
16 69.50196605762837
20 71.76225842401838
18 72.35080224902615
21 73.43219634273964
13 73.63542935750768
19 75.19406319969812
23 77.84192379798182
25 79.84884849305932
37 80.57705461135126
30 82.29451987040648
69 83.77344863589781
63 89.911654454741
41 91.50455964807863
75 95.38185384301866
62 98.56268302687543
92 100.08290086890365
57 101.25318979721723
94 102.5604969845548
54 108.64806763324887
80 109.25114715982122
74 109.53116684404219
88 111.95070169050764
