15 27.449803239225442
9 30.475904171251507
3 51.23570926233276
2 75.31376269347166
22 96.88396153601104
1 102.89121569764167
33 114.45610726313306
4 142.07661050878517
10 157.00047233146574
12 177.72954892525496
5 179.16634607662414
42 187.0762777890425
6 193.81269395264056
27 218.7589976319377
8 221.31822237568116
26 223.02735811728635
36 225.68306248124372
43 234.42193168369369
32 247.7697295469905
98 251.40640688547506
35 254.31519936509804
31 256.98558491571373
11 258.222038069902
46 263.8412743889006
40 274.6374175845207
56 276.72276624363474
38 285.58231943276644
14 305.9604869404752
47 308.29472482957596
28 321.19370847890434
7 324.6071283335536
60 327.4879280111246
18 343.76575150674626
0 349.311029171368
34 351.3946641637928
49 376.35317312275004
39 385.8584777074465
19 402.3529800708574
20 402.38659561167157
78 412.7535639823952
81 418.4512061331241
64 422.3563930129267
77 424.7946278547514
66 428.7584279524984
55 429.23377591893546
52 432.5264665007292
13 436.30071842219235
58 437.27695737847654
51 437.7593510442088
61 449.76743651947197
21 457.4720883513269
23 466.6896828469036
59 467.46877690505283
50 475.6023281393399
67 478.786016682557
17 481.3068278926599
29 491.70495020810534
16 496.9824364314714
24 498.4816537906863
70 532.2577587571943
25 540.6457052256169
53 592.5719381731744
83 638.1786478176272
30 642.1959677578253
84 647.5735049693482
37 663.6333914337658
68 666.2461278055036
95 667.8772633195786
44 668.4837689612705
71 693.6557204036187
93 697.7610205189468
72 715.4852561274323
73 720.9201462373366
76 731.6972936206952
82 750.9169334002846
99 752.8986100921528
48 760.5824897964474
86 771.8282644350247
79 772.2956596450729
89 833.1277351620837
100 841.1265784633871
65 901.3382796209515
69 915.6049915971249
96 920.9971803052257
54 946.0686278294904
91 956.8680364509015
41 961.4726687541563
63 994.3723342523498
97 1031.4258856416382
45 1040.9538991658737
57 1041.3163980961551
75 1075.6462643803093
74 1102.4530492488768
85 1157.8173443070575
80 1168.13439379311
88 1197.9103775031253
62 1216.4082033774437
90 1235.4452307324761
94 1342.8852578325418
87 1349.001767843931
92 1373.4358408058542
