68 0.5920865349505543
64 0.7048670893976209
73 0.7810905083601707
99 0.8544546483131665
72 0.9007415442373962
100 0.9304144789089593
83 0.9394441517902842
84 1.0417314148028942
93 1.1144181817987968
61 1.2063390629710387
82 1.2433716763312386
96 1.2806015360132046
70 1.3814522485507699
71 1.4056938346246433
52 1.6045256696555665
50 1.6480781748164923
76 1.7068754648313536
55 1.8897510792031564
95 2.178856971721789
89 2.2424087140235085
59 2.470782460565362
39 2.7082552515929135
51 2.8919187764176386
7 2.9840214351833856
58 3.0597007683778403
86 3.0612371142177577
44 3.097386755615498
6 3.283950048980014
78 3.681315341715487
97 3.683098373073128
12 3.8047630226776716
53 3.9195733071231094
81 4.085701649680037
38 4.14281451768986
66 4.21726398259797
67 4.354763827128726
8 4.379035227298771
79 4.491538761129967
91 4.763061357296942
34 5.093714858399666
5 5.208619374819074
29 5.393680406880882
10 5.515364870632922
77 5.696108671573655
60 5.744451719169029
28 5.978912563048091
35 6.209782153653038
40 6.247729909810323
27 6.545444273862813
26 7.077659558190872
48 7.39549502294548
31 7.638669288509795
43 8.360267120562002
36 8.817311868832427
46 8.823206698418957
65 8.842394260029494
56 9.077981776661181
49 9.10686115178132
47 9.19992893445536
4 9.354753454090817
32 10.458735878783814
2 10.888612819747026
98 10.947563026581765
42 15.98363016994242
33 18.08091799917454
1 18.10915300320293
22 18.76091600526596
3 19.106042360566445
90 21.750332209468382
9 28.11051628771889
15 30.49069154411931
85 35.77370758032404
45 41.8133340951801
87 51.43783854818219
24 58.67875884458615
0 69.80312977584268
11 96.76111499819885
17 98.03986960194736
14 99.97578540251389
16 100.85333386832933
20 103.28540118555324
18 104.3401136651336
21 105.88796606481682
13 105.91157841492834
19 108.30844464569499
23 111.94540448730493
25 115.13968192309736
37 116.72319686445952
30 118.95440450155009
69 123.39931258586617
63 133.32311050558627
41 135.60753043077875
75 141.57726036081414
62 148.32370488441308
57 149.70494869458705
92 152.28450207494444
94 155.176457054833
54 158.69912298245734
74 161.84047641378112
80 162.20701848809523
88 166.4151654105599
