0 0.6639420989799902
33 0.7022911318012663
42 0.7109773898767594
9 0.723243417712981
22 0.7397178089373967
15 0.848049572815736
49 1.039701833258267
47 1.1222027942682238
32 1.2016274372943438
56 1.2637188379998539
46 1.2643369151378823
98 1.3768981778105143
43 1.5481370948857243
3 1.5987771668978665
77 1.7052453627862345
31 1.7140862377567796
36 1.7984551675813558
40 1.91648509362533
26 2.021401726410495
28 2.0220918875694105
67 2.0475456628852338
60 2.093335176633201
66 2.1418200644091403
34 2.3808963855907623
35 2.3841429369397504
78 2.442665269246844
27 2.4703082527301343
81 2.863173997234919
51 2.87901657224429
38 3.207791628972692
59 3.216846065802119
58 3.2250420861165483
39 3.9161014368885394
71 4.025929546786601
50 4.330296156483512
93 4.4677477454631305
52 4.510373468169002
70 4.5498438868554505
55 4.672631651384722
84 4.709692443889056
99 5.092822739161236
2 5.276849375131881
72 5.290849440778102
83 5.3757374907669515
100 5.813526573838341
61 5.981693344521344
73 6.318439301671607
96 7.2577983399208135
64 8.037157226760081
6 10.737519966559423
82 10.97134022668794
76 11.859166273697449
68 12.077649166707216
89 13.231434413152476
91 13.526708015818896
86 13.618872802853007
97 14.005147961846143
95 14.736828483467642
10 14.935206348135932
12 16.105474632106244
79 16.973601316258282
8 17.3993444199676
7 17.444419100995322
44 17.479399859859186
48 19.002984423097974
5 19.42787627079208
53 27.282846889403466
29 28.394013259567515
1 30.812502356866528
65 31.311977346550975
4 36.645075132200986
90 40.54743623535206
85 95.06332312302037
87 106.20686971704347
45 108.46540696240764
24 280.4508413285892
13 425.4099798696203
17 514.4048064223339
21 687.3608266837211
69 710.1883388668292
30 805.1398887489961
11 816.2579404907774
14 830.2720983259353
18 839.0748143900671
20 842.6019522751052
23 848.9642033265848
19 850.4655545829916
16 857.7885670392882
25 869.8889143870626
37 881.4559658505293
41 921.28066151792
63 926.1361521275438
54 929.0996797207606
75 937.890537758618
57 940.0915484778556
74 942.216533338236
80 948.1606812640823
88 949.0432623400413
62 958.5253993435301
94 975.0589163583373
92 979.3957562318631
