33 1.1092052267743517
22 1.27192740847106
42 1.3066402741285488
98 1.9387293454074521
36 2.1604575381908435
32 2.1900043196746313
43 2.3797606897210426
46 2.5976580240085028
56 2.699750243658986
31 2.8286097789447937
47 2.9776880728781636
26 3.0199725811986666
27 3.280255668639882
35 3.6905333370161424
40 3.7743598947242263
49 3.911317755369311
28 4.445260653073798
60 4.714436758471415
3 5.054856298859442
9 5.181659113733795
38 5.509432140965532
34 5.5791171530428985
2 5.60685082802023
15 5.608901092883936
77 6.215225367752233
66 7.025323606634797
81 7.308411862015035
67 7.936095986537479
39 8.307644841303286
78 8.425272096640375
58 8.801482203387728
51 9.321919613212549
59 10.284770545990378
55 10.783015861065792
52 11.522391614495257
6 12.247617623173896
50 12.252644499786216
61 12.428397083799615
12 12.645078229345012
64 14.280364452069174
70 14.306550281218135
10 15.557842777750968
71 17.311990540890356
84 17.67250982187401
5 17.90692500656879
83 18.276715158575403
93 18.61750174379902
1 20.387224222395457
8 20.464352453429512
72 20.480408527069503
4 20.57473384661207
99 21.12338707505776
7 23.631309302927548
73 24.047518015054603
68 25.206801363829374
100 25.33896792835967
82 31.184062092605114
96 31.685144024806554
76 33.08738424848807
95 33.80954624201758
53 37.038177163427044
89 37.09354262229259
44 37.291126959819955
29 38.45360010035399
86 39.13963611612241
79 43.52407402759985
0 45.842375988737345
97 45.882718597670895
91 47.487908037712934
48 51.02460695581369
65 57.63446064739481
90 91.56979524293749
24 95.14583137865007
11 97.66078466696298
14 104.76619904093543
85 110.9164728302333
18 111.72255652603573
17 114.57070977589913
20 114.8226426055295
45 115.65891495134646
16 118.3151639122949
19 120.25235011658421
13 121.02349467650764
21 121.42521995841425
23 128.07962280685362
25 135.4491418115087
87 139.53040839808463
37 143.53956166786807
30 144.7225456546994
69 162.89260072336336
63 177.20054745310844
41 178.69222224532035
75 189.50944918904096
57 196.9496322578299
54 201.80610913001584
62 203.0586310229857
74 212.52144679905405
92 213.65963050297347
94 215.4111939785475
80 215.9816725501589
88 221.39665340396996
