72 0.11998668150409511
99 0.1264766245656502
100 0.12677377061962414
83 0.1372560605730016
73 0.15001086956002238
84 0.18266840305082513
93 0.23330634154714278
70 0.32096640879407073
61 0.3332673136990341
71 0.42896407437641987
96 0.43064779484857557
52 0.4566319689171247
50 0.4693154783648579
64 0.5433279890522656
55 0.5725583669992768
68 0.804575663136922
39 0.9818653614528385
59 0.9965694675076191
51 1.2367763365396323
58 1.2928484069402935
82 1.613960294554843
38 1.7000118066584697
78 1.781990855111783
81 1.9494193293895166
66 2.1608089044338716
89 2.1798657418594183
76 2.2264697202632133
67 2.365287677115188
34 2.519348870587166
6 2.6118491468974327
35 2.936652455688262
60 2.9833572137082767
27 3.03426327969704
28 3.071679377774189
40 3.097599149922157
97 3.2107113592446117
77 3.28745824199305
26 3.43099391141707
12 3.517780541078114
91 3.5655460560514096
86 3.633445797877994
31 3.9311433839152867
95 3.943688972654031
2 4.050750536005737
43 4.336919239601845
44 4.4630455700183065
36 4.54563668201705
46 4.943668339928317
56 5.182621088072074
47 5.43609451374556
49 5.7622718151067165
79 5.803074105737454
10 5.945589418918382
32 6.099947683362767
7 6.137534577880454
98 6.194143505578201
8 6.5206916565571325
5 7.134077104676385
3 8.399334927264519
48 8.468111980142027
53 8.799061775981865
29 9.786997184039569
42 9.866242524205711
33 10.466733805235728
22 10.792595040162777
65 11.363601790252044
4 14.629868872116644
9 16.329935739547725
1 17.435195590668496
15 18.118724332830528
90 23.070830268344583
0 30.022979024218383
85 54.23860304615107
45 68.44788318112964
87 73.17072477514603
24 169.698797887771
11 194.5798824913361
17 198.61529141124515
14 201.7723744464224
16 203.40380960832582
20 208.67110602075948
18 209.73905419196197
21 212.5998112335044
13 212.8143390792102
19 216.72217941671133
23 222.97247541358368
25 227.5524157866008
37 228.85589730642053
30 232.93707571089098
69 234.6228342387419
63 248.51450973301112
41 252.172261042401
75 260.47775725809987
62 266.45709668705354
92 268.7844953858877
57 273.8577142869816
94 274.7446823794136
80 290.7075664797399
54 290.9890886951013
74 291.78671372605896
88 296.52540532140966
