91 0.26069509498111837
97 0.2896128332623787
86 0.5185351642661449
79 0.5209680673217444
89 0.6034190874444603
44 0.6852569205878307
76 0.8895662402646651
65 0.9377074770299486
48 0.9789663758854932
95 1.034243194383892
82 1.177538923266276
53 1.295380495883487
96 1.5603101574430467
29 1.7228022717100921
68 2.1722384507155175
73 2.236352480629482
100 2.669649651295176
7 3.503222702543102
99 3.5973010226649125
72 3.724743645979829
83 4.2055263496002455
93 4.294709787354347
84 4.346720393568002
90 4.481338206092336
71 4.883081163920677
64 4.917119662611496
70 5.123078311279802
8 5.449007255655883
61 5.900385380284038
52 5.927944248104323
50 5.965661153513412
55 6.603251670133418
6 6.885345251150481
5 6.993130013320895
59 7.007209650376231
12 7.344094480162241
51 7.459980877430306
10 8.102761889114168
78 8.132523039862647
39 8.252268340825108
58 8.255878194376898
85 9.360353621724244
66 9.44091602797668
67 9.524450913322832
81 9.783567476635325
4 9.818522005342796
38 9.984415256007848
34 10.82704609979445
77 11.25847719937998
45 11.679773348099971
60 11.699274546094268
28 12.082158429609592
40 12.098258465303955
35 12.313990252886539
27 12.49989933061288
26 13.083154931205613
31 14.182532109496407
43 14.71016917522968
49 14.743545154275973
46 14.892495590993333
56 15.076146558648052
87 15.13202631048155
47 15.258339052457725
36 15.374176257519677
2 16.382126694388923
32 16.595969482133263
98 17.750166617395088
24 18.48982539590737
1 18.82962782693005
42 21.85624916761325
3 24.15447345204628
33 24.41634350624478
22 24.904044558417006
9 32.145050816752146
17 33.33753815574955
16 34.22320526609861
15 34.5518118806675
20 36.068499708810236
14 36.36965375409087
11 36.369809445145016
21 36.40329181095039
13 36.69537721482591
18 37.27590000244218
19 37.86541739433562
23 38.56093595261375
37 38.99917222703924
25 39.110443166392464
30 39.93760698372684
69 40.54293494411253
63 44.422538398877535
41 45.44282408019709
75 47.593489841162935
62 50.08328918221462
57 50.84912397087533
92 51.588457927158835
94 52.89492719281275
54 54.40230412763144
74 55.54830526485451
80 55.76699916227962
88 57.29147684229277
0 66.40211546494068
