38 0.18972142894188684
39 0.2370150394267375
58 0.2375254116616483
51 0.28098826994051007
59 0.29468000020908647
81 0.3011564608070603
78 0.3137990211781396
27 0.32577352387309794
35 0.33889751419005815
34 0.3610556856175252
55 0.3699399912744319
66 0.4319381912095744
26 0.4533690619918312
50 0.45669678307552297
40 0.4644486322937503
60 0.4903158836402985
28 0.5198941435412375
67 0.5277356636507138
70 0.5611150443202486
52 0.5652184910580601
71 0.6000154524065965
31 0.6932351609306189
93 0.7437153150984533
84 0.7624104075311836
77 0.7727174545983307
43 0.7991083638674389
61 0.8080349954305956
36 0.8298503921809363
83 0.8708592136610498
2 0.9584782889368549
72 0.9702086975065908
99 1.0259731674378907
46 1.1631429739144103
3 1.2975769272707345
56 1.3001853326234634
100 1.407418135173057
47 1.4841683618967978
32 1.6057127893126402
98 1.670021253522971
73 1.7484454731855805
49 1.8331017467946549
64 2.124925697166969
96 2.4254809647936932
68 3.120074540157812
33 3.4199732689032385
42 3.4829449776967216
22 3.50447109294403
6 4.466889879142658
82 4.5423848805702125
12 5.395722384609319
89 5.571922317169415
76 5.582698828937497
9 6.0947676492480705
97 6.937568878543025
15 7.220124866397909
86 7.646166237456453
91 7.750805913795449
0 8.073586599390586
95 8.265774593230061
10 8.361508775513695
44 8.97106872121817
7 10.521436957991341
5 10.608208345654132
8 10.699973248580731
79 10.717330588642353
48 13.74335596678679
53 13.91037192661546
29 16.016275015144455
65 17.66036666312819
4 19.049011490851253
1 23.67733729437639
90 30.687190204745168
85 64.39224699837827
45 82.45455481426336
87 87.7851334912561
24 192.95654201041415
11 291.9944666267333
17 294.7661377795411
16 301.3817011246843
14 302.14507268041154
20 311.1582530779095
18 314.16178614847996
13 314.96444432758756
21 315.48454586205634
19 322.55964708256755
23 330.8449031378611
25 336.88261008853726
37 337.8336537745705
30 343.7034032701386
69 344.20672909841375
63 360.25740434840054
41 364.7792634339139
75 376.0033115246674
62 382.0651351291118
92 383.59618563654425
94 391.66951397756657
57 394.4534584354865
80 416.5966705802625
74 419.76626389946574
54 421.72379312065476
88 425.1216360800424
