97 2.597997869820123
96 4.080711069983323
91 5.734445596966504
100 6.952378471478918
89 7.5637568374857125
82 10.628293759511461
99 11.023626265089037
73 11.667563953873215
86 11.79989422969196
65 12.250564917064063
76 12.29145759701739
72 12.669660615594257
79 13.479400013249473
93 13.970518244474107
71 14.678783023910293
68 15.007106364223313
84 16.68289923156887
90 16.93844327244244
83 17.296101458367335
95 17.34857290316166
44 18.565458249703873
48 18.608115993099236
70 25.10354043523071
53 25.97679859414332
50 30.927129195591363
59 32.329232341467524
85 32.8884857309386
67 33.76158426018524
61 33.97678202887113
51 35.693807659589474
52 35.72250253043286
55 36.12555313392655
58 36.38636948301167
64 37.45246144793076
66 38.61335335977337
78 38.959814380619335
81 39.81992649833631
77 40.845761890443114
29 41.362448655508516
39 42.50092372262543
45 45.08737155915855
87 47.04023018548541
34 48.67327234701357
49 50.40950523791928
60 53.08081203617962
28 54.23733571727052
38 59.05783258792504
47 59.52977068796497
7 61.31167599751277
40 61.9293954211239
56 63.86343889399326
35 65.89251902087605
46 66.09351346293161
31 66.91299171759259
69 69.96628145692112
32 70.53907037056479
43 71.67509231405603
98 71.71242261738688
26 73.35734702099501
36 73.85411009514893
63 74.15973320304974
27 74.18822589443961
41 78.06400934774068
75 78.25615253134002
62 79.2837843587363
92 79.51385305080292
94 82.48054146188854
37 83.46675457593483
57 87.54179875113674
17 87.95559230138802
30 88.3628951523541
16 88.43794538981543
42 89.21001283052114
6 91.54653435422418
24 91.7674755593583
8 92.62316268819161
80 94.15963503452659
74 96.38442980668056
88 96.80745947963764
25 98.12661921892615
12 99.46275856924231
54 102.10703965566272
21 102.37504949266672
23 107.99844919189628
13 108.02148897362626
5 108.68810645140636
20 110.43819442493088
33 112.68402630680437
10 116.31653030833364
19 117.79994439530482
22 120.09584844253114
18 127.70484012012756
14 134.46318270702398
4 139.215538449144
11 149.15301989912288
2 160.1207551164184
15 178.0472742471893
9 180.42280517259562
3 192.9287748270588
1 213.14447004777642
0 473.51797240010774
