22 0.34314571012489864
33 0.3455129721934975
98 0.44700296030341274
32 0.5227221853926222
42 0.5640014797131
47 0.6261335566248537
56 0.6363124026496273
3 0.6537913451076317
46 0.6733603054327634
49 0.7254515312533989
36 0.7664094631673921
43 0.8225401505978975
31 0.910727978647211
0 1.0020970567301037
9 1.0434033391093245
77 1.1553447256841485
26 1.1997133165829879
28 1.2074543032894394
40 1.2577632793134887
60 1.2905069929354203
15 1.405592630498979
27 1.4340344489429409
35 1.4592725886871054
67 1.5791997442308585
34 1.5804275633919282
66 1.6493361793418924
81 1.8663863137983145
78 2.0312283253627212
58 2.436667526238019
38 2.4374272679685403
51 2.4526694679155274
59 2.701067053693238
39 3.18694725711548
71 3.766020762776269
55 3.7818494210479154
50 3.9684312072426513
70 4.179532876771989
52 4.180849286752647
93 4.34827990487985
2 4.493031859339241
84 4.603186566472608
83 4.886482247090944
72 5.021103959553806
99 5.079328663918791
61 5.276002911140755
100 5.8416981879912475
73 6.654168279024765
96 7.942285496727173
64 8.492783849515392
68 9.926526773816049
6 12.00167073639088
82 12.249650275013266
89 13.509936649310315
12 13.647380454692941
76 13.691766963079832
97 15.421046575539439
91 16.394692781157268
86 16.424873659110407
95 17.93343700109951
10 17.95364139894613
44 18.739903802909847
79 20.621580982223655
8 21.316382289043904
7 21.461544946929397
5 21.975110208977952
48 23.352407430049784
53 27.79835034385973
29 28.31731803606138
65 30.21652123650175
4 36.49659383662323
1 44.42597790679961
90 45.35275726439306
85 92.57175899076144
45 116.91092262659602
87 119.98555789129128
24 355.0390883030524
17 544.7000752570461
11 546.0222053110009
16 557.2478362599298
14 561.048826079243
20 573.4018377136592
13 574.9553152284967
21 577.733766049242
18 578.8499751214129
19 590.731545747978
23 602.1726972437157
37 610.0847385558526
25 610.4354419025454
69 614.3410166236232
30 618.9026664793018
63 640.0379537974119
41 646.6254071530415
75 662.7104459063013
62 669.8166065547393
92 670.6641866607963
94 683.3879949897929
57 690.3092328227916
80 720.5156519875301
74 725.8602217210404
54 730.8879726091743
88 732.8993916909598
