90 1.4457440191001603
85 2.5831063501812035
87 3.0034932994504038
65 3.720091154994197
45 3.8929455163027122
91 4.1474710304884965
48 4.229887162592915
97 5.155719937830732
79 5.19831892108745
86 5.82585465771475
44 6.135004921873098
89 6.140894097070381
76 6.871983375010954
29 6.958548769639022
53 6.995247774981338
95 7.0534896974997565
82 7.364051306490532
96 7.442960721825435
73 8.552255742462116
68 8.822830033320818
100 8.874886638061906
99 10.04516820264079
72 10.164829813343388
7 10.563105192983075
93 10.705798598862101
83 10.812590013100936
84 10.868694216248539
71 11.189452796039019
70 11.695958510326706
64 12.143831962908532
50 12.650899985532742
52 12.755016337804252
61 12.863427697097922
8 12.937591983193181
55 13.348058035666018
59 13.448709950513974
51 13.826493566647384
78 14.220574599870654
58 14.569975466141454
6 14.605937530127663
5 14.688101840504443
39 14.858808172804098
12 15.143869041723223
67 15.309239925283643
66 15.513135709460736
81 15.759038315033257
10 15.9090492074947
38 16.43035332660073
34 16.632014291394288
77 16.671200309450136
4 17.237146298689595
60 17.304457163815762
28 17.67771398673493
40 17.83065231276735
35 18.05595979953171
27 18.354580949006728
26 18.714861131398543
24 19.0269086424139
49 19.136265281231314
31 19.435185161308173
46 19.696084642642745
56 19.754100498919993
47 19.767646108975278
43 19.776860872031175
36 20.246086578204398
32 20.76677447846974
98 21.68509704353713
2 22.870959214159353
42 24.344347385620893
1 25.00057760220834
33 26.451813195064485
22 26.814232996830707
3 28.018743331873548
9 31.908554987156663
15 33.13751040233656
17 34.901639151768634
69 34.98778156221783
16 35.33496055237317
63 36.153570729802965
37 36.77818634365366
92 36.78091318790579
41 36.833050438898276
62 37.24690906059862
75 37.284291732670944
21 37.5709442263425
30 37.710363619234606
94 37.746110868325864
13 37.84801771880363
20 38.3790631432971
25 38.45514802545955
23 39.09788131235309
57 39.47415265451786
19 39.664555747338774
14 40.2592916620883
18 40.42511920720284
80 41.067877542522226
11 41.10604094271097
74 41.79391362923694
88 41.901306842892936
54 43.07505219102156
0 55.43591114500454
