22 0.21118026496828304
33 0.22593630050751257
42 0.3267449649557857
9 0.6502701364040965
15 0.9913306171266346
98 1.2612896029222576
32 1.3700878759324495
49 1.4835460865769414
47 1.6596456543207798
0 1.6632944577048667
56 1.878371262318154
46 2.1007049875459534
36 2.6303943375381764
43 2.7631625784399483
3 2.8119537327831092
31 3.040703096621209
77 3.416507776087903
28 3.889615446431128
26 4.043778218888789
60 4.085804868027091
40 4.186011658867448
35 4.675034230914359
67 4.697934959732998
34 4.838394018167577
27 4.840512411899584
66 5.195350163170956
81 5.642008131988321
78 6.026982130046782
58 7.286119853731749
38 7.366089197838633
51 7.3862216770911475
59 8.114255181433863
39 9.051707032940172
71 10.416815216095229
55 10.731309246993451
50 10.835375471931528
70 11.630106368953038
52 11.832810353369398
93 11.926458417527972
84 12.531090857579759
2 12.62362107212923
83 13.442018197478957
72 13.696153436248242
99 13.833527240412993
61 13.867343822989728
100 15.905630062404338
73 18.113054531662836
64 20.148167655404652
96 20.42391142188143
68 25.14226411747619
6 28.708931572126424
82 29.82236854260214
89 33.231353979219925
76 33.285442233012496
12 33.31711219969931
97 36.995517114320975
91 39.035641041353095
86 39.551775520515505
10 41.34965852195777
95 41.60221910445654
44 44.42246290705732
8 48.01583735602629
7 48.386210400761854
5 48.6188144869714
79 48.80208693947082
48 57.212834494114425
53 59.484461296277075
29 65.32059478105603
65 69.55958261243266
4 73.17657550297076
1 76.55185149069823
90 101.96489923897194
85 193.1685199243861
45 231.78516272759148
87 240.09553744434066
24 456.0356093558845
11 629.4349202186643
17 635.794386831394
16 648.9920436078204
14 650.211711773789
20 668.8892627291524
18 674.3713135352843
13 676.0212854493268
21 677.3753456869582
19 691.1127532066054
23 708.130536906397
25 720.1799748621075
37 722.9906396288368
30 734.334300538486
69 736.1809560398843
63 767.0371280879915
41 775.2633122023565
75 798.6635177661656
62 809.5829627711664
92 812.8203852131172
94 829.0246272335069
57 834.3969422375524
80 878.4792893136081
74 884.4968144055035
54 888.287679139948
88 895.0610312692245
