43 0.04228478993365464
31 0.059413483123890574
3 0.0664512439340495
36 0.07537361141501366
46 0.08100684309156028
77 0.0903487011600442
56 0.1089944217214562
28 0.13677884791148384
47 0.1511870736045762
26 0.1553235574841398
60 0.16483236333645587
40 0.16860750042009373
32 0.2162855388795826
98 0.21702063171645292
67 0.23524468214024902
27 0.2791115498085736
34 0.2840712315759273
35 0.2861193183450169
49 0.30474080071323506
66 0.3513900818678462
81 0.4734412995694134
78 0.4918171958119089
51 0.8053758701821883
58 0.8140050606100031
38 0.8712459306904635
59 0.9725640528142113
33 1.0058058502134333
22 1.0611260936201492
42 1.1444795009180933
39 1.4195982260787479
71 1.6426335652773578
55 1.898199189316775
50 1.946046305167192
70 2.067528455728117
52 2.1624929252389182
93 2.178033496937229
84 2.4238551764267022
0 2.4696158264946844
2 2.577376943683266
9 2.739527225529359
83 2.7622049191459603
72 2.7971491289409975
99 2.8525611230976513
61 3.2407948955408394
100 3.4613485577007475
15 3.577055336467715
73 4.33779846338754
96 5.383928663536167
64 6.054932000625841
68 8.44208764654018
6 9.516117641276875
82 9.718869671989381
76 11.207702487804328
89 11.289419375778321
12 12.201959974218843
97 13.172343119571446
91 13.660597733798193
86 14.131039200211413
10 15.570236810675553
95 15.630137568832144
44 16.74076674284331
79 18.52177189025722
8 18.945854410598752
7 19.162871802362652
5 19.591446451676724
48 22.354972901128566
53 27.579071949319736
29 28.150443695947956
65 30.641384342784644
4 36.67623174811604
1 41.79980817292362
90 46.647550709718345
85 105.89154292639515
45 129.7570643032808
87 131.91688059144005
24 326.3401761331393
13 506.2082007780136
17 535.4581996734128
21 593.8613855659947
11 657.680545641889
69 672.3450308462749
14 674.7852686642884
16 687.4558255067735
20 689.9211285582303
18 690.2124135360374
19 704.2305728740168
23 711.8342813480525
30 718.0825073992963
25 727.3094741711924
37 733.882764665074
63 775.5039460957804
41 777.4408397598442
75 797.8368269135316
62 811.3845602700943
57 816.0999878001861
92 823.6731083247672
94 830.6462713493718
54 836.3810693420176
74 840.705766272952
80 841.0922975758567
88 849.4281619765068
