90 24.07629868151509
97 29.46727561977881
91 34.62266135275538
87 35.02995326440975
96 37.695715189691136
85 38.55380384397425
65 43.68027169310459
100 45.543722698705196
89 45.76273875077595
92 47.0659280999044
94 50.70831152127219
86 54.71425871376495
45 54.88270202316875
79 55.2118358165968
82 55.33334505696188
99 55.71342459335636
62 57.51829548597443
73 57.578208644862976
76 58.206184494434915
72 59.18597769967882
48 61.01966977375366
93 61.67834181085948
71 62.24045121031024
68 66.0106240155312
75 67.40624158470742
84 68.11988248423579
95 68.18987033519072
44 68.61132807266573
83 69.59454499815544
88 69.98597402862056
80 70.85057070533614
63 71.72648303610619
69 75.4370723527504
57 76.98157913879028
74 77.70133136081395
41 78.03408443872927
53 83.1125339465931
70 84.45195851217389
50 96.12524205363191
54 96.13030097845221
67 96.8108696315441
59 96.94010567937576
61 102.73486121725065
51 103.02316934181681
58 103.95471219654897
52 104.74063467061644
55 105.31976851092303
66 107.21893102007493
77 107.97712647465708
78 108.05427371997551
29 108.26152149398067
81 108.59247875598308
64 110.11249129529759
37 113.29289360145023
39 116.45271081020955
30 119.97476284275763
49 120.5569090712165
34 123.81525084813366
60 130.0094074720277
28 132.19265413990416
47 137.5492433299965
16 140.64332522549424
17 142.45285008630347
25 142.59918105844733
38 143.5616357890959
24 144.55997036932266
56 145.40257934035097
40 145.64700579270612
7 146.3839236583203
46 149.64116046065706
35 152.38904248954734
31 153.09277954377805
32 154.71474025871944
98 156.04915914337906
21 159.56796498502806
43 160.03047282631806
36 162.6753343955955
23 163.27239827454449
26 164.1657311204026
27 165.6402949204517
13 169.11197099410813
20 175.50112517364454
42 179.65623839710634
19 183.46934442056315
6 196.4413732460139
8 196.89193786555708
18 202.90485471927647
12 208.50255165711218
33 216.43420873814915
14 217.88087654844148
5 221.3947353022078
22 227.04025256472457
10 233.26773648819062
11 243.8236004185003
4 263.2174391927288
2 295.71037839482864
15 304.6977840155031
9 310.5823641383236
3 338.45379247291424
1 361.28395311456103
0 685.8374800221151
