64 0.27670011167070696
68 0.45115579055552846
83 0.5636080944448654
61 0.574722718763694
73 0.5999999221326106
84 0.6291339556957466
72 0.6524921873579804
99 0.668027208518169
70 0.7204313178305407
93 0.7416930586046137
52 0.7871164979335996
50 0.8469076971661984
100 0.8945002256382698
71 0.9093422155558922
55 1.0020048079439088
82 1.018830322561573
76 1.287621112427932
96 1.313184682971223
59 1.3382126592272539
39 1.4991751708746535
95 1.511249841257571
51 1.579126489999555
58 1.7025389729240508
89 1.8179028775321249
78 2.063130456182544
7 2.1222726837070485
44 2.143614797676689
86 2.2384411503914654
81 2.3502000837637342
66 2.381806701171731
38 2.450008042993263
67 2.502276386103286
6 2.5469372829260766
53 2.6248129462834995
34 2.9766287624341503
12 3.041500437785482
97 3.1784456781534325
79 3.17849898118236
77 3.344715308694236
60 3.399477536111614
8 3.5138303106465187
28 3.5641467400251914
29 3.6757812533216474
91 3.7054101180639276
40 3.760762951799529
35 3.781395353824256
27 4.081687835314353
5 4.291610249295994
26 4.395292175670241
10 4.552278863227011
31 4.6828233823872
48 5.038326044680913
43 5.157542791551303
46 5.395494772548126
49 5.471569057241232
36 5.488023001135235
56 5.546338525619619
47 5.579370393230946
65 6.281685672149754
32 6.457226333972582
98 6.789937659411836
4 7.666455719817057
2 8.42786740586693
42 10.079359591893965
33 11.710767381024281
22 12.261817657011331
3 14.049510399955235
1 14.779248340569893
90 15.43088920651435
9 19.22373935748917
15 20.616230463226714
85 24.518932945788936
45 28.46858848883068
87 35.27686523976954
24 39.97911094862675
0 52.865149809089125
17 69.0747389331892
11 69.24918532106616
16 71.00802457227107
14 71.19889654253842
20 73.05443746341571
18 74.07940964602605
21 74.69903298598625
13 74.84181170072019
19 76.6304581852299
23 78.96836770214101
25 80.96777065244828
37 81.80308636956097
30 83.4010166823147
69 86.17192583953852
63 93.03205576805279
41 94.65143600195914
75 98.72507197789555
62 103.38792970940214
57 104.33672950503895
92 106.15600500336609
94 108.1259438650637
54 110.7272070626638
74 112.80292172435853
80 113.00437286648663
88 115.92109519976054
