3 1.7825142664907134
2 3.180128999771196
9 4.767311343800015
1 4.832087720892166
15 5.895493935459257
22 9.046342408561928
33 10.477072119201145
4 12.108329674434994
10 12.558452252886928
12 13.755045089902959
6 15.096107841222707
5 15.184790849324589
27 15.235965507695235
42 15.425621248408378
26 15.579211098846983
36 16.34142935156345
43 16.793622134425807
35 17.934816563852284
32 18.33505711127961
31 18.515312820384274
46 18.955317574666505
40 19.144976948856964
98 19.212971902726796
8 19.507653398215528
56 19.849685097487587
38 20.172175815169293
47 22.346812403472036
28 22.76600249553275
60 23.15822235796713
0 24.30799725691632
34 24.674295961350072
49 26.940682336313152
39 27.328171057622562
78 28.127768669832857
7 28.280939860797105
66 29.479584176769798
81 29.480256548148134
77 29.757425524089264
51 30.103218161782426
55 30.23457727366679
58 30.54494324400596
52 30.551055231443936
64 31.425872351824392
59 32.236913030367226
61 32.477335263397855
67 33.107475558207064
50 33.47854303021471
70 37.288588114059614
29 44.94867657266359
83 45.198409812280595
84 45.33461209729165
71 47.905130487013885
93 48.610056692741544
68 49.42587801952747
53 50.30756289834655
72 50.39617132938604
73 50.847186799401335
99 52.733882680980365
95 52.96584857826948
44 54.29615679003441
76 55.79464747074265
82 56.17986655783003
11 56.705285980269835
100 58.76085022928009
86 60.60987582166248
79 62.51119214622963
89 62.89288283589152
14 63.83383330068275
96 65.51927196971673
48 65.6302909472633
18 69.61048095690231
91 73.5884448937355
20 75.59560676965938
65 76.08583660144647
24 76.93878618500148
97 77.73266568164094
19 77.95984005203657
13 80.9756296697136
17 81.0249968741701
21 82.46265438652331
16 83.86506937134196
23 86.0430671278534
25 94.11584432737936
30 104.70140121311753
37 105.39670015231455
90 109.6689979027859
45 111.62728713421176
85 115.76625369635164
69 128.36963777057684
87 138.6162301268608
41 139.72681518426575
63 140.6208273378372
54 149.99829704794834
75 151.2181696407305
57 153.20923212983453
74 163.83424473103287
62 165.08599194707426
80 169.35718738316982
88 173.26120838316095
94 178.26687980466548
92 178.4408561189362
