29 3.0385480639053664
7 4.802630600724065
38 5.57522611692216
64 6.180344014011715
40 6.817710354193475
78 6.966873497800873
52 7.28087432041479
35 7.491525187646445
55 7.742494098767834
39 8.157273132113685
17 8.24124343915199
16 8.431158000181865
34 8.470574083446413
60 9.034488443243099
28 9.244661104622727
24 9.414774109323968
51 9.744288040885825
26 9.762426000401932
27 10.030051487302918
46 10.130019256618597
56 10.24479371067157
31 10.703396489832018
53 10.779440250091815
61 10.782653864551252
25 10.894705349139342
43 10.917351673866216
30 11.740828360936936
32 11.818011081744325
50 11.921880407603805
36 11.982199943218404
37 12.398440917711124
58 13.306375768704369
59 13.312052849582171
21 13.589097459155187
47 13.832057819668844
66 14.995501004685254
23 15.353384912292213
81 15.379450867751979
98 16.88838548837712
13 17.007384245613057
70 17.866765666620932
20 18.964898437735762
77 19.224298046052837
42 20.329591277670865
49 20.451118961257112
44 20.751593811731677
67 23.22870848821221
19 23.25540891622865
95 24.65152374576134
6 26.83198852314033
8 28.478031136216117
48 29.910208411204405
68 32.27529228558906
18 33.09977601211494
12 34.732607764049924
76 35.00107486392134
33 35.080400976526455
79 36.169270645014215
83 36.324815836579795
69 38.07905788799583
84 38.08228041827598
86 38.174665365442785
54 38.68410218747244
22 40.643312439383784
73 41.69261864779433
82 42.227877282944455
41 42.973596221451025
14 43.04662941462774
5 44.961839985059065
63 48.523584525905754
93 49.62883876439124
72 51.42691192970707
71 51.72798998742831
57 53.07395862733565
10 53.25128897696236
65 54.117262354248496
89 54.91114639181751
99 60.270134446470415
75 60.54235315865914
45 60.821864081851935
74 61.54091111072167
11 62.36595123785425
80 72.78672054294286
91 74.34039150150154
100 75.72811902286318
88 77.70632206146588
4 79.18649718623952
62 85.54858306721735
85 86.73012352095527
96 87.90803330829384
15 99.83042482243052
97 100.93287696437308
2 105.89929539812796
9 107.32810261877884
94 110.11981156309038
90 114.10948153371986
92 117.95892363764258
87 121.88751995991674
3 144.99569982055536
1 180.81754004897743
0 613.1802658315497
