89 1.1206243293509548
96 1.1460418411072015
100 1.1575246729297617
82 2.03972500938526
97 2.2672936914615014
99 2.3420523644831555
73 2.7763355546526602
72 2.9725660890984007
86 3.23845101690725
76 3.3032833412799154
93 3.7767026154099965
71 4.182714893091383
79 4.277549837283429
91 4.473467758513019
65 4.523049588164708
68 4.822243743658837
84 5.584108757579753
83 6.056563506398146
95 6.541290456238992
44 8.547277012611014
48 9.071262130732661
70 12.711407349399996
53 14.57509968076626
90 17.330692729934228
85 18.704583038053936
50 18.891902066916124
59 19.169626431543488
67 19.25142914066613
45 21.604796505333763
51 22.813702252901262
61 23.016065882897898
58 23.414522842932733
52 23.960523753378574
55 24.63565980384445
66 25.20357733639364
77 25.93824899009844
78 26.118059226911146
81 26.494689236010878
64 28.065036753919873
69 28.350858883896034
63 30.886449573508227
39 31.78841148974459
87 31.888730862093343
29 32.30184749057724
75 33.23596592703721
41 33.43564070720412
49 34.34666792766616
62 36.405036610281066
34 36.553726326240934
57 38.07418614801821
60 40.719771159311854
94 41.769160045005584
92 41.78940011390621
80 42.24523173794193
74 42.482330238654576
28 42.807250344581085
88 43.78567605342128
37 44.74292726777106
54 46.34897825647392
47 46.48839966097889
30 49.45140101661857
38 51.731398383245654
56 52.501333824032585
40 52.83390854405308
46 55.72825955129563
35 58.63875422961761
7 58.72296188855217
31 59.18250637785159
32 59.805753770404486
98 61.50173658499057
16 61.528619705873055
17 62.38859242203818
24 64.40098981248748
43 64.56349918012556
25 64.78311095076813
36 67.01537794429753
26 68.45031010557047
27 69.81562005788429
21 77.2433461425878
42 80.54978097863736
23 80.88792644487884
13 85.18186949289733
20 90.25921083208675
19 98.08622769644593
6 102.16973661020154
8 103.93878336248862
12 113.96787289286628
18 115.10290872171747
33 115.13389909183395
22 125.38719500584148
5 127.98964921907643
14 129.37522404455964
10 139.117433982687
11 154.8649233049628
4 171.71169659471886
2 203.1834692470357
15 205.26909661980432
9 212.23893971179783
3 247.4601325847385
1 281.8887018114311
0 681.4796787936612
