100 0.686378016532171
82 0.7089487827977077
99 0.867911774108841
73 0.8896452606755488
89 0.9587096902158356
96 0.9869390818231799
72 1.0599072936609464
76 1.1792367807362556
68 1.2173022502870459
93 1.428194556759124
86 1.6307221412013992
71 1.7357999155728672
84 1.906983105203654
83 1.909565865223328
95 2.1546339551075886
79 2.2445173238752476
97 2.6376489363455415
91 2.908545704047711
44 3.1154241319466323
65 4.074541465054294
70 4.379837475839804
48 4.4567860589095725
53 5.149581041240927
50 6.458228899111627
59 7.158307766985279
61 7.307706748044353
67 7.993692862126521
52 8.295679869971332
55 8.43285908391495
58 8.548081291328684
51 8.597229901359302
64 8.708721004433041
81 9.863393243307575
66 10.024529544594996
78 10.130982871127246
77 10.699835180666245
39 10.989174631447543
29 11.588514725044561
90 13.557249500962692
34 13.874561849435096
49 15.235945321978352
60 15.687706889833915
28 16.274830430596104
85 17.54400079191552
38 18.70101195068123
47 19.07631739058323
45 19.477312465830504
7 20.237898957041203
40 20.25058937448319
56 21.190787382713296
35 21.89972640227043
46 22.206623480564083
31 22.37909094106831
32 24.144210794893564
98 24.37168096063789
43 24.84146705383545
36 25.688652106378267
26 25.894172930024645
27 26.259205703558298
87 27.391991833763807
69 31.66121756518678
42 33.83185561548654
37 34.79803723828746
63 35.128937113704964
17 35.70527265703459
41 36.12098455306424
16 36.123265742810034
24 36.141190674078054
6 36.332143301361995
30 36.98305426152363
8 37.168504124551646
75 38.57322906875016
12 40.730052426136076
25 41.14922062653149
62 41.8194300318183
57 41.981152229462865
21 43.14158060478972
92 45.80315091160241
13 45.904360906026795
23 46.075482174872185
5 46.107204717041874
33 46.123448843344896
94 46.40680666382877
54 46.83989616649337
74 46.8744518792181
80 47.27181918024678
20 47.38052596023073
88 49.106426556760134
22 50.169291302412205
10 50.4774814122168
19 51.289590301241546
18 56.74765378692682
14 60.83167976354169
4 63.327555970839704
11 69.47599088410517
2 75.96044544906088
15 83.71470290278793
9 85.80694644124866
3 95.35177349536009
1 107.83831846722974
0 273.2953937398524
