90 0.23366716779522248
85 1.5472071664613058
65 1.7536286674336772
91 2.159071671367196
48 2.202530345450561
87 2.6260339818808327
45 2.7344305576419052
79 3.1360706166897185
97 3.1386762736291494
86 3.7653241596757243
44 4.090753827771676
89 4.110053091737706
76 4.86973802607396
29 5.04949849794859
53 5.101660780181365
95 5.121653757326419
82 5.419956775302298
96 5.5218598655709155
73 6.67054921116137
68 7.061886482890067
100 7.085793244359081
99 8.410680555071957
72 8.551873726302555
93 9.17425013758239
7 9.178856118890733
83 9.31853913717367
84 9.366615568481924
71 9.741671605472927
70 10.326403704061198
64 11.04623665475938
50 11.49185329824771
52 11.596550164085937
61 11.833984119256849
8 12.080543895279702
55 12.316072328839343
59 12.379361678618482
51 12.833723455278813
78 13.313509209452096
58 13.802229378458142
6 14.053626375874007
24 14.150409318403048
39 14.218568641845945
5 14.282846626800758
67 14.67225667703377
12 14.754048933525677
66 14.893470712414778
81 15.291443965134732
10 15.788715131871074
38 16.151534745696832
77 16.36291979069191
34 16.371613628463013
60 17.1993706435622
4 17.604903916109212
28 17.660644751909988
40 17.822954676736586
35 18.179892493289774
27 18.51606859493936
26 18.973365750246735
49 19.398760159095378
31 19.92776774487074
46 20.18176576258543
56 20.23481507006614
47 20.276719371760596
43 20.35194622306235
36 20.971160462764157
32 21.584329436597052
98 22.812740279169535
69 24.27325807264961
2 24.610394386245417
17 25.12069471679174
63 25.346040371315446
16 25.35495038216387
37 25.877338297418984
41 25.95621469950754
42 26.160303093661806
75 26.36039548526941
92 26.575569337011125
62 26.636923034943074
30 26.65085251305941
21 27.30569108523789
94 27.327638358373378
25 27.567914799975135
13 27.728061423738232
1 27.791469380914737
57 28.161971330357577
20 28.307732939358072
23 28.44426232723719
33 29.06065582666294
19 29.33211009482745
22 29.521354090494523
80 29.761309839317708
74 30.203238495794697
88 30.46594084095272
18 30.489825221044303
14 30.848211565292395
54 30.97338702610329
3 31.27221577183244
11 32.35760704049125
9 36.16408668098645
15 37.86249905193206
0 69.69965525726704
