15 126.04669824055134
9 136.92821151365547
0 141.27490624521684
42 170.03133282981125
22 170.72769384838534
33 171.89798324116688
49 203.79846719336254
98 205.2127460730711
32 210.55569772909416
47 212.07390407113377
56 216.60444122651504
46 220.3773503561463
3 231.86806057501795
36 232.66513786250582
43 233.88176103110234
31 237.46860707681574
77 241.21664030356206
28 248.9956669115234
40 250.81941435092588
26 252.1015674851955
60 253.1129975011467
67 258.0938323334335
66 259.9414211222357
27 262.00297312801337
35 262.18993114024244
34 264.55001425305835
81 272.37935377916205
78 277.93257093191755
51 288.0446747646219
58 288.707283968029
38 290.6081655223791
59 294.4875751490373
39 307.1879382828861
71 319.9117139195241
55 322.8574345783666
50 328.0505655954642
52 331.7299935824723
70 332.147101121786
93 332.79961491676494
2 335.3829544492479
84 338.3101852386605
83 346.2592646163404
99 347.0766952646544
72 348.2301828093163
61 352.92399278003234
100 363.0377971323731
73 377.82823115721766
96 400.5040747306961
64 407.6038012535444
68 430.66572239838894
82 463.1653176166623
6 464.5458223030569
76 484.91201300471135
12 485.0259857461564
89 489.651630093086
97 511.27020226486303
86 521.774525042998
10 531.1018397591077
91 534.6178807921596
95 536.0275422399317
44 558.5176213507707
7 575.8799405959165
79 577.1056118518135
8 581.932019751408
5 586.3662655204016
48 610.3138426614623
53 638.9515914663649
29 668.122017012143
65 689.5534023665748
4 710.501250516536
1 769.652786803236
90 853.359475567083
85 1207.6670452936796
45 1395.9752958253916
87 1443.9748828778888
24 2497.2418744590254
11 3230.981927165959
17 3279.4696354630355
14 3317.09419876399
16 3336.1240111888833
20 3395.072933342531
18 3411.980485408066
13 3435.89120547832
21 3440.275678247583
19 3493.0920143487715
23 3559.2789009774137
37 3607.8539386600874
25 3608.768475733507
69 3644.972725481802
30 3657.180871347328
63 3800.418087263573
41 3849.2713310950217
75 3918.4209115795834
62 3977.0990100307204
92 3983.010679932839
94 4048.3174724948412
57 4071.191615277864
80 4234.005632688359
74 4256.559764815936
54 4266.513913034871
88 4296.089623826873
