64 0.3399394155947929
6 0.5215689851966345
12 0.5828815104194295
61 0.6730958792107644
68 0.7051875555200561
52 0.8811948427215835
73 0.8991078215198157
83 0.9568908714151433
70 0.9814877735950291
55 0.984750011449033
50 1.010416156940402
84 1.0335539467431296
72 1.0451565854855418
82 1.0838454438061873
99 1.0972115820453225
100 1.1301603131305105
93 1.174430957453692
96 1.1931625966391939
10 1.2101363338012427
39 1.2460585797082366
2 1.2863629972287853
71 1.3529163494728667
76 1.3862821273304333
59 1.468344151528593
89 1.5560227808744072
38 1.5585527408544082
51 1.6162228673402157
5 1.6207600033225453
58 1.6606519893717948
95 1.8671296727946651
7 1.9287224738108784
8 1.9611303924705594
78 1.9813583026237853
81 2.1377350493399576
86 2.191639223162744
97 2.236252432636303
66 2.27606765394797
44 2.327972969136551
27 2.3629667857548315
34 2.4007791339931934
35 2.445110422176353
67 2.5340247932552353
91 2.561130747649243
40 2.610420886101015
60 2.657287038112028
26 2.7001277025432175
28 2.742454223847171
4 2.85899595476565
53 3.075342753130484
77 3.0937817955894005
31 3.210312166760835
1 3.2200901657645895
79 3.2240393964064604
43 3.4177148210255597
36 3.5467433564406483
46 3.9035506727474134
56 4.107986257902835
47 4.3546837354682575
29 4.383028913185722
3 4.4433543324117535
32 4.656734569713367
49 4.669218252926528
98 4.822463014959256
48 5.134934508512914
65 5.75512970175179
42 6.961316900480616
33 7.171747118283273
22 7.285635090817536
9 10.145017152452391
15 11.456256221411719
90 12.618816743986603
0 15.535924605255355
85 23.721196610230002
45 29.28411889174381
87 33.31474338484679
24 53.713973660889394
11 67.02766873125903
17 70.50342617837019
14 70.54297951745562
16 72.7240753097965
18 74.10021487340916
20 74.36591147898552
13 76.15220642831456
21 76.4222346606222
19 77.64739688364052
23 81.00074450553994
25 83.33602356661154
37 84.93214908966806
30 86.35673823098412
69 88.72731980567258
63 95.16778026587217
41 96.57462157564392
75 101.10246291489604
62 104.06564381305566
92 105.78458261335462
57 106.69523709634164
94 108.6052246044784
54 113.65792478291647
80 115.08087539304769
74 115.08371916793632
88 117.63912140476495
