58 0.4667320122181405
39 0.4677101647179852
81 0.5878325904000146
55 0.5958312660088252
61 0.5974326963856705
59 0.6545638286964462
50 0.6702264633688871
66 0.6760632239647334
51 0.6825044965411955
67 0.717674245913708
52 0.7728990344063492
78 0.8808265990267172
34 0.9470340464424005
38 1.0490932462754199
77 1.0550136301849713
70 1.0695049864010506
60 1.2031864638576466
64 1.2965173954703515
28 1.3313708095650114
83 1.3991967661754365
71 1.4339625343229911
84 1.4429028714539327
40 1.5835208815199358
93 1.6421120560213909
35 1.7052855955367365
72 1.9853554793321113
27 2.07379226140762
99 2.1186724256340868
26 2.203512037152565
31 2.2887572115347834
49 2.4038085510876863
47 2.59750158809959
46 2.600313772163687
43 2.6284992054774925
56 2.6676397474191793
36 2.937182821791786
68 3.3149349086814097
32 3.413579300586973
100 3.4375185693907944
73 3.7861443959013434
98 3.8839917095265384
6 4.561103718723416
12 5.282789150154052
96 5.364725188498676
82 5.527012729426311
42 6.688179785384679
76 6.726850866768079
7 7.200944399797189
95 7.446396731315002
89 7.93294728330125
10 8.039909493645924
8 8.25051720522612
5 8.49639367294588
2 8.498553213470492
33 8.994135255102147
86 9.420879734985533
44 9.422867635183655
22 9.575245437185218
53 10.079743187023752
97 10.486356476354334
79 12.006517550491377
29 12.456529331810527
3 13.07643959463266
4 13.251041263621474
91 13.84814910911005
48 16.7641364751269
9 17.1868981646248
65 18.55770759311174
15 18.786991632056523
1 21.31947307061817
90 36.60440646831213
85 51.32891619426682
45 57.17862661294446
0 63.35055635815932
87 69.0202089507853
24 71.818675304335
11 112.50711006960321
17 116.08914710801079
14 116.56822693878658
16 119.2904281301077
20 121.12682761859539
18 121.59576051221431
21 124.5211692593052
13 124.76313480132626
19 126.58079638464015
23 131.18204754663634
25 134.96957157735474
37 137.48456027227036
30 139.7390246682859
69 145.82366660143273
63 157.43474653216455
41 159.8193931384632
75 166.82285217105093
62 174.6009534463681
57 175.19056537637258
92 179.6724341294593
94 182.82406344640953
54 184.06550772651283
74 188.33447502405602
80 189.24029349374675
88 193.5995029543685
