90 5.069456796007367
91 8.876443106050298
97 9.278696183326852
65 9.362025628242366
85 9.620909757777667
87 11.17244808955526
48 12.269215874089847
79 12.461161660530653
89 12.463447062619432
86 13.155806975218793
96 13.52832395118114
45 13.984001246755943
76 14.769123239123479
82 15.020267234777
44 15.033899168732265
95 15.985185468849464
100 16.48934223130445
53 17.449059933185076
73 17.472054638110396
68 18.0028159814318
99 19.19542331563078
72 19.677747219322992
29 20.684278474490288
93 20.81305369938345
83 21.479806913732883
84 21.623765665229048
71 21.658757582873516
70 24.485655581513267
50 26.924322999808798
64 27.051320322763186
61 27.485474887905617
52 28.03044879403973
59 28.47225956926432
55 28.73658463707119
7 28.951300211004916
51 29.672132510852226
58 30.485016708193488
78 30.935783581889073
67 31.354808654889805
39 31.866674206537716
81 32.61672048463361
66 32.692845633829776
77 34.3954877373365
34 35.53581250520626
38 36.988578245031825
60 37.24241805409182
8 37.61685548044786
28 37.83278265377235
92 38.32587697983282
69 38.82976904445299
24 39.27042309188653
40 39.556424943255124
6 39.56975716779272
49 39.61945648169285
62 39.71243253989847
63 39.73038233095736
94 40.20999364857825
35 40.25148404325024
41 40.891439479733485
75 41.21196823058548
12 41.49255481404422
47 41.8371175270226
27 42.14247790210434
5 42.3065581636357
31 42.311012557301304
56 42.51312929526398
26 42.532749445912565
46 42.80404944575864
43 43.64059417229892
36 44.45752310716988
57 44.643380392573754
17 44.655902016605275
37 44.703213094181415
32 44.85974851428871
16 45.02022032284474
10 45.046364750787085
98 46.05404670379462
30 46.34543052276156
80 46.61906874987615
88 47.4614510112598
74 47.983155149772585
25 49.32085452762709
4 49.72246722133747
21 49.958329377478876
54 51.0910515403839
13 51.22361209757428
23 52.355148960428416
20 52.68473714617149
42 52.93477468902404
19 54.87207687871358
18 57.78247560273648
33 59.04286923094906
14 59.24944014622292
22 60.607834309602616
2 60.96717840215398
11 62.95495112016822
1 69.69176700631668
3 73.14936702430383
9 76.70742836957298
15 77.8429887838223
0 145.09255502813502
