71 0.21387111841641276
93 0.2411434969345617
99 0.31033134512139876
72 0.33646447048999395
84 0.5309868151194094
83 0.648941160882233
100 1.2300252178151379
73 1.2721478419488792
68 2.0052259167501503
70 2.289598995231927
82 3.200968745779344
96 3.2615797649618954
50 3.925600981094824
59 4.188997960748485
76 4.353031361700909
67 4.499451067887066
61 4.900939612445888
89 5.074225407856829
58 5.2495322191058
51 5.457324823806666
55 5.640443415069494
52 5.745753953883747
95 5.90348909501261
81 6.256800078819431
66 6.427064354372296
86 6.639341690943742
78 6.805074063543983
77 6.92300709073651
64 7.042138303143444
39 7.697198267884322
44 7.849429031919863
79 8.793701212477673
97 9.153490706804549
34 10.068015088967059
91 10.148608501967582
53 10.420916760374084
49 11.321628216422477
60 11.786829482992433
28 12.346784934810954
48 13.425472781104409
47 15.079054185536231
65 15.085905470869816
38 15.125506942895095
40 16.3927860208919
56 17.21716995920448
29 17.74325240024937
35 18.064394833960627
46 18.236559657743857
31 18.392996465933916
32 20.227435533908675
98 20.428334467614302
43 20.91746917510583
36 21.767835357671192
26 22.120354621984536
7 22.51259561487791
27 22.566746455888012
42 30.52639053327707
90 35.33762392439474
6 35.90057287832102
8 39.351343202407584
12 40.701380810199126
33 43.41599854615102
85 47.3398190651151
22 47.73993988911052
5 48.1178505122276
10 51.935334701035025
45 52.254127198649215
17 66.1979532567199
24 67.32359096205471
87 67.56664110056862
4 67.83291197268947
16 68.02116191730404
37 75.60236875906493
2 75.64809036020516
21 77.05281805614311
69 77.94431741878229
30 78.57065959801385
13 79.68151752514645
20 79.6915403631824
25 79.93072440727812
23 82.79371529541164
15 84.68163401740269
19 85.72525376847436
63 86.18008207572731
9 86.57631361208591
41 87.58785180953598
18 88.91124229155488
14 90.67989057111768
75 94.13681029707617
3 95.95993874111045
11 97.32977143674506
57 100.65860354931326
62 101.29618419485801
92 108.5786240523026
54 108.63336114295205
94 110.23718109706113
74 111.3666137033226
80 112.60462363544308
88 116.55463685137299
1 116.62162336931792
0 295.810229416296
