76 0.17320941855100416
86 0.18419755763375925
89 0.1982499624732858
44 0.21465006437176012
95 0.2165758583165984
82 0.288885702019758
91 0.3111735332447342
97 0.3645853698732266
79 0.446784228343369
68 0.6329350165046931
96 1.0454807780449595
53 1.084241670888963
48 1.1179802123091982
7 1.1434296611434094
73 1.2707925184629516
29 1.3728530896001827
64 1.5412581973874215
65 1.716424640666659
100 1.7563902478947255
8 1.9802183835346945
6 2.13761189335924
99 2.1748764056575434
72 2.190218526164611
12 2.273805712166572
83 2.3001341855915394
84 2.476588971288385
61 2.519290352241795
5 2.5431888141536305
93 2.63971343994833
10 2.7881568100768517
70 2.838819167433956
52 2.976682518373886
50 3.1424495348000505
71 3.1487130452825247
55 3.288596602729361
39 4.0512832058018535
59 4.147358344251714
51 4.5029577646139085
58 4.646231555175751
4 4.956302636965366
38 5.102840995865549
78 5.269190249052899
81 5.607115510311531
66 5.837435042433246
90 5.955279879298743
67 6.131173527604681
34 6.3167384528713395
35 6.791815802009977
2 6.8643278075213505
27 6.864461549757414
60 6.88167768604589
40 6.973514484241799
28 6.995925830467432
77 7.2426455834899715
26 7.359953748105177
31 8.00461407470977
1 8.06185079570667
43 8.448256456091045
36 8.708672972653902
46 9.095063185663593
56 9.359014496290564
47 9.632207679235478
49 9.932845852156019
32 10.332758979765226
98 10.508238685523237
3 12.68141910447242
42 14.038086172435163
33 14.71397601709778
22 15.019129503131932
85 17.26301616243982
9 20.08939315580588
15 21.678819058973946
45 22.395275128508295
87 25.05855713826158
0 34.10468678681924
24 62.365141322951736
11 74.30455007886086
17 74.99854041739802
14 76.76256393389949
16 76.89445061502843
20 79.0950484010176
18 79.68255736950773
21 80.59757183984622
13 80.76321831104794
19 82.33109071901454
23 84.7271641533252
25 86.48332792081268
37 87.03268254267839
30 88.6535229747421
69 89.67270933195633
63 95.6717765756558
41 97.19504286375852
75 100.80140673780339
62 103.7043882991516
92 105.10580238058343
57 106.2894617055707
94 107.52581400145989
54 113.00352018395765
80 113.66817049363938
74 113.85966551194458
88 116.10194069881051
