90 2.157192136159918
85 4.553817499324158
87 4.814366781532583
91 5.752033167392165
65 6.149276469977505
97 6.474192098402013
45 7.324241224099817
48 8.430724482080528
79 8.930622144649892
89 9.000924541726338
86 9.625105456700995
96 9.882749839131177
76 11.066540866406484
44 11.180077100267598
82 11.328221989804296
100 12.321301553294186
95 12.34808216149675
73 13.07697520065543
53 13.659295888968389
68 13.997069279778367
99 14.685829997411142
72 15.075362612360417
93 15.99995387300037
29 16.157851458610164
71 16.638578613066286
83 16.754116143006616
84 16.76485044211218
70 19.188800519588636
50 21.512462207072666
64 22.400602304137664
61 22.435877208822895
52 22.578830455660643
59 22.637855289326364
55 23.18446339646354
51 23.656252815047598
7 24.209591580037486
78 24.574281434995534
58 24.592687760291103
67 25.022106289218765
39 26.196841838149716
66 26.38373453439119
81 26.46558614058855
92 26.891075719915072
77 27.706285716702713
62 28.11741800963737
94 28.1663945796158
69 28.497737415383963
63 28.810629554168752
34 29.05760857951576
24 29.398705924532063
75 29.429367509450202
41 29.81294996209122
60 30.543615455001024
38 30.816134233336207
28 31.134942479033935
57 31.957556061928674
49 32.079374938261
8 32.51524085596891
80 32.66623041833716
40 32.728176998576025
88 33.18870807890236
35 33.53010085341681
74 33.836132747816706
6 34.16183311680522
37 34.31346244926322
47 34.40921469160103
56 35.080550672989254
27 35.229800376822354
31 35.418232687798046
46 35.45320492077166
26 35.53583151392669
30 35.71120437613606
12 36.11132434062618
17 36.38014195720438
16 36.48506556563623
43 36.512780667502746
54 36.692638635160996
5 37.149514819848385
32 37.17990248722416
36 37.27874332511801
98 38.51574746971316
25 39.0120517632295
10 39.89396997512825
21 40.59695617191191
13 41.8402527389223
23 42.21830526647533
20 43.42940055363027
42 44.303341687576626
4 44.70866232649661
19 45.19414736957884
18 48.45141518796911
14 50.431335171006154
33 50.4952070015078
22 51.897413344051095
2 54.570293488354494
11 54.61864438723227
1 64.81651369579404
3 65.23171607560182
9 66.72727381186863
15 67.64431689908285
0 136.99596298256034
