15 6.790835223780412
9 8.459328354015762
0 11.442710082691812
42 13.216285548766209
22 13.352098037790949
33 13.574269135965872
49 19.12107618969863
98 19.640256576393835
32 19.912831084599812
47 20.656592413049395
56 21.559375073908786
46 22.397487014835328
36 24.798358906038363
43 25.064027452333416
3 25.19928982767802
31 26.024886682727566
77 26.101729728749383
28 28.10696486012565
60 28.56686181739393
26 28.685734207300374
40 28.703543816178016
67 29.53159422293424
35 30.52122159522307
34 30.640967676509167
66 30.679028464998105
27 30.725046715666785
81 32.571161400114725
78 32.884856379139244
51 36.00772583450037
58 36.22410902045336
38 37.06248342166788
59 37.63692666561214
39 40.88732524163902
71 42.477406556263404
55 43.98164634850094
50 44.334347611113735
70 45.29545067041665
93 45.58814842666766
52 45.91067637879802
84 47.019549903684165
83 48.67764800409686
72 49.00653122034618
2 49.17353670996244
99 49.19228277294284
61 50.99831024024208
100 52.45382841034998
73 56.62147801654117
96 61.196559786042535
64 64.09343534248013
68 70.23124798991768
82 78.36374832331182
6 78.75257508820933
89 83.27913594130969
76 83.8834499835347
12 85.8216391591353
97 89.48586511862177
91 91.99345469460454
86 93.60230421863173
95 98.5668846420347
10 100.49507530101003
44 101.69445756479709
79 107.9821694085489
8 110.72928653224412
7 111.09287225748095
5 112.95385948212136
48 117.99545008072688
53 128.5258734685302
29 133.55721962224953
65 138.49333042632537
4 155.02190832525238
1 173.73024485933766
90 182.83450564767017
85 304.91088847131175
45 365.21051736164793
87 375.0781245912653
24 833.9615910067807
17 1198.5195186580374
11 1243.3132679195621
13 1245.9339764872173
16 1274.4407128851578
14 1275.1069071945917
21 1286.866334342816
20 1301.8991464045241
18 1311.4189758926152
19 1337.5692248828836
23 1360.0154304069972
69 1364.2558835640632
25 1379.7324562711422
37 1380.6991440827464
30 1385.7408684485101
63 1448.127901549705
41 1461.6491980643143
75 1493.5634066640162
62 1512.5168374243299
92 1517.182417256449
94 1540.5944636040833
57 1548.3191533278975
80 1608.7004287076302
74 1618.0743785821207
54 1624.784387219561
88 1632.7165527584577
