15 25.738140614120276
9 31.913864343618542
0 34.87058218206023
22 49.076965002521455
42 49.78249046566963
33 49.993262946180145
49 71.84704517102274
98 72.6348725115623
32 72.84205324783917
47 76.1725048338028
56 79.5601843907588
46 82.04320384413991
3 87.67906475574243
36 89.3691397624104
43 90.31880378453448
31 93.59321075739629
77 95.55021595973565
28 101.6024919808599
26 102.86680377843388
60 102.92671804793164
40 103.79286651940131
67 107.66498377476567
35 108.80694201592144
34 109.93312765569853
27 110.03078398307564
66 112.2825425709935
81 117.17823561856414
78 118.91553717325462
51 130.13327201437397
58 130.24048519148658
38 130.95645772063875
59 135.94345437707787
39 144.05388050252333
71 152.41311158255232
50 156.03828510598825
55 156.06451981104007
70 161.19843424106563
52 162.44368197281082
93 162.96332756250254
2 165.4502087447358
84 167.36780976704702
83 173.43133863888673
72 174.99706568988083
99 175.81554456497034
61 176.860258147989
100 188.67571576132477
73 202.6830710240099
64 215.4447732862288
96 216.4771110617137
68 247.6793506762069
6 260.7824840058502
82 271.35751345003524
89 288.8874715398568
12 289.60236621996427
76 289.71114648999657
97 309.28700653359067
91 317.9370732304123
86 322.6463035516696
10 326.1406647366468
95 332.60159844542915
44 346.7563922654463
8 359.5905371989467
5 362.1609505421038
7 364.2580611336155
79 368.0569872329344
48 408.5158013861363
53 425.59431743311535
29 451.0594765735478
65 473.9436431724848
4 481.74528148706855
1 492.9994485463893
90 619.9971108831647
85 993.2216044440389
45 1149.7807895048925
87 1189.9888786799233
24 1913.9737725892262
11 2542.86910581046
17 2573.235640726443
14 2621.24787511154
16 2622.1561834656504
20 2692.5522854243914
18 2711.9743419999986
13 2718.4934313510007
21 2726.129996328828
19 2775.7623778021
23 2839.4541110340756
25 2885.203460349149
37 2895.6603476450837
30 2938.0412452300225
69 2947.0549113657044
63 3063.072679734026
41 3094.721884145404
75 3178.488667968237
62 3221.9853841910253
92 3234.406691241366
94 3292.3933404004974
57 3310.5158164287454
80 3471.43176120935
74 3493.592209605327
54 3506.6404935434543
88 3532.7718013674353
