53 0.09007597289801662
48 0.12423617397352141
29 0.13146836226946818
65 0.14946761091691227
79 0.15154729100062775
44 0.2468327470090202
95 0.29220318144636154
86 0.32056057394580056
91 0.42970228618331224
76 0.5428550820002878
97 0.5648331210937134
89 0.5874015311316688
7 0.5960706563607309
82 0.7315251341737186
68 1.0681971202964318
90 1.0754118788027769
8 1.083026817173748
96 1.317653913191373
73 1.427578473086225
5 1.4757026925076104
64 1.6535492989487204
100 1.7662305611897715
6 1.8021295874766494
10 1.8065527514809685
12 1.8636695737133524
99 1.9971895989791821
4 2.0013878699200065
72 2.0242215562466854
83 2.0801946702484684
84 2.1847399439796433
93 2.2651814326380495
61 2.266841089635947
70 2.3925031828338765
52 2.444758504769075
71 2.5350595354453964
85 2.5676663275039773
50 2.5707795394143433
55 2.7067520067989927
59 3.0577647799345837
39 3.1284181927617136
51 3.2266287917888308
58 3.3752527049595775
45 3.4852734756953825
78 3.5913049718796395
38 3.6460953989763
66 3.8690560308226636
81 3.890005916796056
67 4.038369502740629
34 4.231068285113933
1 4.393415317353946
60 4.4855975956546805
35 4.52674845531738
40 4.54694463039992
27 4.5675798812223
28 4.57731518770637
77 4.5969816586308765
87 4.628451020550517
26 4.799961103987057
2 4.802117144593133
31 5.11918870563851
43 5.324208810066426
36 5.517889368358469
46 5.569593187821046
24 5.648052165034763
56 5.70517645823776
47 5.7828082119851265
49 5.8327742041308115
32 6.18440273874724
98 6.355627992512791
17 6.430228005359057
16 6.771551635160029
11 7.237104057961386
14 7.408191416254591
20 7.5001412730161565
21 7.610772708837111
13 7.635497758255417
3 7.7534944152963
18 7.8258842166832645
42 7.891640468751631
19 8.097600503130908
33 8.386628851756095
23 8.46811741484494
22 8.549141313812466
25 8.702974235341959
37 8.804544789046128
30 9.117582934090512
69 9.415843536043871
63 10.640997078238462
41 10.860382446663086
9 10.970293962360602
15 11.706599980693255
75 11.859770672811303
62 12.519092467621169
57 12.954988262648984
92 13.052416569104754
94 13.581353820038979
54 14.441624413143556
74 14.748246837450234
80 14.786317039674836
88 15.355391924622657
0 19.295703650467228
