15 1.2745735958169324
9 1.4676897990224895
0 1.591944435570134
42 2.0806948567965367
22 2.128969847753293
33 2.193695551631667
49 2.862904919296865
98 3.0528003104367905
47 3.154705703608277
32 3.1553596800112054
56 3.368130967915957
46 3.4595962777636413
3 3.8988397319842667
43 3.9304311123877747
36 3.9669163270350505
77 4.017509946868578
31 4.104165125153078
28 4.4542931897974345
60 4.497268554123159
40 4.498238378925204
26 4.580562637036026
67 4.593991676190832
66 4.7263570822752206
27 4.942569263822691
34 4.967854944513142
35 4.971310898624428
78 5.198112817423267
81 5.258964731558657
51 5.673708895029169
58 5.849760800787652
59 5.987991579659078
38 6.070205892891034
39 6.761088317687067
71 6.776200704934206
50 7.323167635555363
55 7.340228146974396
93 7.352079184069816
52 7.460823238885126
70 7.515637385621692
84 7.623599430305994
99 7.962652570752427
83 8.019855683984625
72 8.031539311601112
2 8.162538779030205
100 8.617995092412581
61 8.77413714147954
73 9.296616687119291
96 10.142436793405917
64 11.39822303311397
68 12.412274113259453
6 13.43740641575331
82 13.899281028678471
89 14.837411609066347
76 14.88246858361923
12 15.553471048635293
97 15.820282790962903
91 15.99884149587494
86 16.661030188387542
10 17.573199072813896
95 17.844373360721683
44 18.842994414918714
79 19.27059307428931
8 19.32588312226897
7 20.138337868405234
48 20.39905428285932
5 20.947419479208037
29 25.053622422224198
53 25.36074281717415
65 25.9292833929545
4 30.728083504679404
90 34.92246375932821
1 36.592146409032004
85 64.1861098062516
45 77.86613930620227
87 78.07123732467846
24 254.17833011084554
17 399.292203184421
11 406.9928653917387
16 410.91022718327014
13 416.3525452600691
14 419.2211907766277
21 421.33012676775064
20 426.6538540794498
18 430.34463543418786
19 436.81443376336534
23 443.91834537754715
69 446.2204012679671
25 448.86860434146786
37 449.02933253959816
30 451.3468728130371
41 465.64866322744194
63 466.0781901211076
75 480.3412313001708
62 483.30426141345566
92 483.8528827896627
94 492.07239894587934
57 496.31731085156156
80 514.7262981102606
74 517.9959724268641
54 521.5757302546817
88 522.2661491112066
