96 0.08524036272178329
68 0.12912950112571892
73 0.24411091072924532
82 0.25093997540597646
100 0.3521167572232879
76 0.5551887818212788
89 0.5742369510648112
99 0.6610645453842661
72 0.6978286560859763
83 0.8788804020899256
84 1.0180130334070976
93 1.0400618990269754
64 1.0569562004961552
97 1.172522477241796
86 1.331428504098748
95 1.338573565205578
71 1.4175690483889922
70 1.4893404920637434
61 1.5402719398879268
91 1.6183091417399986
44 1.6709274211230962
50 1.866587905027926
52 1.9027974508441543
55 2.1813312242523315
79 2.5804579107013335
59 2.7646109867862387
39 3.0814122067258998
53 3.155431033998441
51 3.1636640894370194
7 3.3394973966367294
58 3.388533011773719
6 3.511689360031108
78 3.8618064080881807
12 4.046154799377627
81 4.406364255786241
38 4.418565447533092
66 4.565165156412678
29 4.582893919287928
48 4.645398911391005
67 4.670570006544841
8 4.730195341679974
34 5.328496401849721
5 5.590092258777922
65 5.610554918685255
10 5.743288710532695
77 5.944660294425993
60 5.954062604833033
28 6.1672767643367505
35 6.296609013927471
40 6.366057906350299
27 6.54972590493372
26 7.041315968020479
31 7.6329636708928845
43 8.249141911551057
36 8.646623219082839
46 8.71724602160162
56 8.958773537702358
49 9.110787240185752
47 9.121786847042705
2 9.479639790765907
4 9.939443314555122
32 10.166156262940467
98 10.618087684365113
90 14.498952822168812
42 14.94802124850428
3 16.10732285828845
33 16.502104104872906
1 16.98095999433574
22 17.00313864952015
9 24.261120428220416
15 26.35617543736679
85 29.48813818602766
45 37.230283403257616
87 43.4339714425868
0 51.96351084576714
24 64.05473607048324
11 107.41686373219365
17 107.57395882312993
16 110.45363787496696
14 110.89017019113764
20 113.98136738225614
18 115.56114186587523
21 116.25221271396985
13 116.37729215039714
19 119.37696980046698
23 122.76301183746409
25 125.55926378275144
37 125.95541500859612
30 128.60253153963887
69 130.17411298974474
63 139.46106177543518
41 142.15363740878118
75 147.1245899091791
62 152.35396242031328
92 154.48221335044104
57 156.0305723051493
94 157.84423429588497
54 167.0792275588969
80 167.51931559195577
74 168.17217131129527
88 171.6883771280508
