73 0.29545862185784394
100 0.38125849944949336
99 0.4001684161694645
72 0.4578419980662615
68 0.49640467814928463
82 0.7195741524779099
93 0.7839224402560818
96 0.8528995208370613
83 0.9096475889799204
84 0.9492879816055504
71 1.1433930458986787
76 1.2705918792628272
89 1.7050435489352473
70 2.1529588198453826
95 2.3670227609702628
86 2.4650988833338516
44 3.213184625968399
50 3.560096058023445
97 3.6006234797926493
79 4.073525460308174
61 4.328149706247811
52 4.361598043077346
59 4.438327947190389
55 4.855548723449069
64 4.974993456788164
51 5.246890386956926
91 5.593507186527953
53 5.634728383070917
58 5.93296401418372
78 6.086530239979547
67 6.541212715252165
48 6.721786462500207
39 7.338015515708203
66 7.595798024354788
81 7.623386709904303
29 8.993894743746493
65 8.99953243686153
77 9.065619501340784
34 10.126967801539399
60 11.634549413839085
7 11.697998525014246
38 12.035992540673229
28 12.370276495046614
49 14.025941813317372
40 14.086566204645873
35 15.020672939880521
47 16.312847137430385
56 17.05892174847815
27 17.08336955789508
31 17.284074678805826
46 17.404649248897602
26 17.43483853946379
43 18.57175203869212
6 19.54796155471691
36 19.555117850811136
32 19.610377521150486
98 21.340815013047923
8 21.465859465786906
12 22.4387566846823
90 24.832007579959615
5 26.87612515809773
10 29.291821665025065
42 29.33721202883486
33 38.09716034787953
85 38.92078605070508
22 40.18084838838126
4 40.26485477024353
45 45.45828906894125
2 45.714298817414644
87 57.95967688586253
3 61.52858859850826
9 64.08749878003543
15 65.8582773238419
24 71.2378199393177
1 72.24918207962301
17 105.69970157119316
16 108.58493620380686
20 116.02989724386539
21 116.23367350799944
13 116.9173351866295
14 119.6212587227119
11 121.10141980735773
18 121.19737847844621
37 121.70030219625086
19 122.1351342052681
23 122.85889758498051
25 123.16660765326557
30 124.56790412075485
69 125.95231206735666
63 136.80149744739342
41 139.10325078865873
75 145.96325836674285
62 153.4082416424146
57 154.2544051206261
92 159.188406264662
94 162.32447780563865
54 162.71078531227633
74 166.27701135656426
80 167.33068969361665
88 171.54933779122385
0 197.23290388859596
