61 0.2764150071111725
55 0.41877094907102996
50 0.4340638216150086
39 0.4499327230444698
52 0.4542468008101089
58 0.4601384577483773
64 0.4799598061155374
59 0.4893388749244293
51 0.5703563687995795
70 0.6203716752850937
81 0.6440550087824224
66 0.6560324504059123
67 0.7147566982066506
78 0.8163843921659891
83 0.8242883502775555
84 0.8873400122998932
34 1.0013215077816213
71 1.0014889593172451
77 1.0296371319549806
93 1.078626204289853
38 1.0819882611917453
60 1.2175412172945723
72 1.2333627376245495
28 1.3235498786030433
99 1.384243941899556
40 1.5809826948828858
68 1.653916667303825
35 1.7488407548818128
49 2.0575342467378133
27 2.111045758739243
31 2.1501601924569154
73 2.208904239676395
26 2.2102556967478684
100 2.2620476123900297
47 2.3001540749663287
46 2.3788983954485445
56 2.4014398774149432
43 2.478372476287951
36 2.73980338434601
82 2.9748168668658046
32 3.0370854130670257
6 3.1836793355133617
98 3.3456520341153406
96 3.4564490284821145
7 3.5109749611644534
76 3.613725455758306
95 3.6202248495629754
12 3.701701414992191
89 4.499972674835299
53 4.644469586887695
8 4.71823929957305
44 4.946296038578265
5 5.1763654249117
86 5.186608010743149
10 5.318564541662391
42 5.463255018349915
29 6.337328259948434
97 6.359129295125015
79 6.478713987386862
33 7.446680719851426
4 7.636060528998235
2 7.959712038184676
22 8.018605289904544
91 8.255730318894667
48 9.522126182849586
65 10.23731102514729
3 12.130742111646033
1 13.706002728475994
9 14.402514207483605
15 15.338766159762187
24 20.011051520606397
90 21.60846794994587
11 23.684992617139
14 24.482035941565233
17 25.09836957631804
18 25.66139944709382
20 25.81212495719254
16 26.128912459608774
85 27.219220325864306
21 27.343174240420876
19 27.536107814624305
13 27.63716159650568
45 28.627317000475937
23 29.218473994640817
25 30.754950983589147
37 32.544033194077336
30 32.99663589108675
87 36.67681317238072
69 37.73424060333132
63 42.93048693539621
41 43.659164156905504
75 46.982012091846364
57 49.46761184553858
54 50.5871094111463
62 51.549509527160424
0 53.14771518205656
74 54.35099384621998
92 55.24959598394333
80 55.80023869223867
94 56.00355295622409
88 57.33240511231365
