15 13.441671013403063
9 18.381663458157988
22 24.714174042411507
33 25.59281450362247
42 32.86675514809416
98 59.63072380600551
32 66.61347856892758
3 68.5788699420243
47 77.49885835342931
56 77.77901235939059
36 77.80273886708197
46 78.95239172661066
43 82.07488302243111
49 84.4892692566162
31 87.244513737804
26 97.20007460537863
27 103.77821328432397
40 106.35573789609057
35 107.54558644824756
28 109.2550011255042
60 113.80945441487418
77 122.4502974155536
34 126.3181818648559
2 128.45278194286726
38 136.59868809083866
66 142.2596533983364
81 143.43046759345472
67 147.3477964345696
78 164.03170892916924
58 165.99754906121862
39 166.9523890611015
51 175.82006201795292
59 185.7561726653989
55 196.52289788927087
52 208.52225684942115
50 211.41346670371942
61 217.57208283988948
0 230.7540568019942
70 233.69425219124028
6 249.4508394155112
71 250.7785657914821
64 252.78679329636975
12 255.81872208461735
84 260.69415270897156
83 264.6905597142862
93 265.93720815277965
10 284.68368396161225
72 284.92922842254416
99 289.845955558853
5 325.72622379960796
100 331.9022857472825
73 334.5171250035663
8 347.8390324715341
68 348.2491437611002
1 354.4761413552984
4 368.09695055114946
7 378.4946870878329
96 393.4867116210451
82 409.24822240229844
76 433.3928240488011
95 449.37279410224863
89 465.8741541132559
44 489.3436755307526
86 490.362076631959
53 506.64916060862146
29 527.4827729088913
97 530.8317804906103
79 541.7018740416814
91 575.9856729542599
48 607.8067997234186
65 684.1779123253187
90 984.3698356932463
85 1211.1743044317784
45 1290.3804872126113
24 1406.798522257699
87 1476.2952904989518
11 1711.3040792185236
14 1795.376768920813
18 1875.2578713039188
17 1878.7555680594774
20 1902.4429361459859
16 1923.9533605953984
13 1961.455069105416
19 1969.7004280100311
21 1970.0522652207903
23 2050.8765596694902
25 2121.8636264287193
37 2185.031405955679
30 2206.8581418605386
69 2336.570393702249
63 2497.0461395754146
41 2523.2291326233176
75 2620.47895917519
57 2716.319802516417
62 2736.7714663247193
54 2795.3366508382896
92 2816.7653542460953
94 2850.425500609702
74 2874.894718902617
80 2897.791548907496
88 2950.619023031007
