91 1.2934246826000724
90 1.4753561856260162
65 1.5074694378149576
97 1.9874577246015173
48 2.1773611938016897
79 2.523802142902027
86 2.957508565224662
89 3.091507004574296
44 3.5503371025959263
76 3.9934526989062147
95 4.394919752633347
82 4.450998013543346
96 4.4641905870079155
53 4.86587422223594
29 5.687304116599482
85 5.777153358732414
73 5.964034393182534
68 6.211425768433824
100 6.230111189657285
99 7.748376111087359
72 7.945348774550998
45 8.697764777991189
93 8.709538498332822
83 8.853671088266356
84 8.944659015299825
71 9.416013008912984
87 9.529470363310013
7 10.050049254392908
70 10.263659894550317
64 10.980427666821797
50 11.648495468522901
52 11.83178359412028
61 11.881158111508736
55 12.661903351159037
59 12.808902848594984
51 13.454624349242527
8 14.15710387777395
78 14.222744638106734
58 14.391766841039276
39 14.843095635318539
67 15.53549596470781
66 15.851470254774735
6 15.91172863523467
81 16.175018733691992
5 16.8709219076036
12 16.878931060466417
38 17.491268820595362
77 17.668781497005792
34 17.68476815680457
10 18.57107380731417
60 18.74108363509591
28 19.295822243416165
40 19.677796833564532
35 20.078948855589907
27 20.70818218135355
26 21.26044245038006
4 21.455134531562518
49 21.58188923106375
31 22.124069997584517
46 22.620546088814052
47 22.64003765788872
56 22.69150129845347
43 22.779569503011082
36 23.512205738011094
32 24.40901309080985
98 25.67555167382028
24 26.62994591043066
2 29.337321703685024
42 30.36916556536239
33 34.07219894316412
1 34.38847311373902
22 34.80792410411545
3 38.25254910208654
9 44.456095149607734
17 46.263878644309884
15 46.40049942600406
16 47.08854309582506
69 49.07045095722886
37 50.42883417757588
21 50.56839376379406
13 51.25697501579242
20 51.27077034340561
30 51.864526053960795
63 52.17310216362283
25 52.488279033547705
23 53.13461550844202
41 53.49388595908402
19 53.5752747910172
14 53.765468208812635
18 54.1401106647974
75 54.75742129605358
11 54.90801587851
62 55.95927665022748
92 56.191910096275876
94 57.74627024060518
57 58.58240824899533
80 62.50635165269967
74 63.14438618368835
54 63.953890502335014
88 63.9920095713045
0 89.00567282280505
