90 0.37893669550610404
65 1.193986113402449
91 1.5609981577856133
48 1.8332733201221452
85 2.2538960580702168
97 2.3595893843855014
79 2.5666642931111947
86 3.1836368115808575
89 3.4767189097291493
44 3.691797562819108
45 3.7150167786201114
87 4.244359672627594
76 4.369153106152726
95 4.6923667320871205
53 4.897350907737633
82 4.923562538514958
96 4.96619983881739
29 5.284012674762569
73 6.374133517438476
100 6.740037484392315
68 6.8070166572756134
99 8.269640119796192
72 8.46544510519953
93 9.203773894710892
83 9.408368886406206
84 9.471161853880123
71 9.872431062018553
7 10.277038316518569
70 10.771466177520905
64 11.796689973377493
50 12.221001383491872
52 12.411229894055458
61 12.632786101249726
59 13.25983941541344
55 13.287728727624259
51 13.880114983917919
8 14.379780773000254
78 14.573574336599979
58 14.987648726099149
24 15.286802635666158
39 15.607808431810168
67 15.940447366628831
66 16.281219247057333
6 16.590960464229898
81 16.79313372726674
5 17.321293984679254
12 17.612039641135915
77 18.061000354324314
38 18.239314759100477
34 18.288644489006003
10 19.243784162825143
60 19.305699423018257
28 19.890898613183793
40 20.27271784764261
35 20.81576802319441
27 21.394140425978872
49 21.825934103015715
26 21.92626546283106
4 21.931652359814194
31 22.86484568651064
47 23.088761982266742
46 23.14666650186786
56 23.17721107992595
43 23.485774142598363
36 24.281341127706185
69 24.65296778890115
32 24.93244758082014
17 25.91159393203113
63 26.102417855005545
16 26.14082889440569
98 26.364114689716178
37 26.441134116459324
41 26.85994459668385
30 27.339645524254212
75 27.393146938929103
62 28.020118855762195
92 28.264175023490775
21 28.491406982029016
25 28.54561863380285
94 29.089449797478302
13 29.14854261900995
57 29.486974745910626
23 29.759930157381238
20 29.766042349453095
2 30.702632247807635
42 30.765944911635504
19 31.011108757160972
80 31.596645844175345
74 31.94756109688774
88 32.41515891256229
54 32.554097269164835
18 32.55950752482173
14 33.277736323799665
33 34.83565408319034
11 35.47826008434994
22 35.57382133972015
1 35.72940341186942
3 39.4761452405351
9 45.04546659416475
15 47.050466868454365
0 93.2589616266395
