36 0.054939789716916314
43 0.061267529250226604
31 0.08741220609512924
46 0.10963160101451819
56 0.12434256070431148
3 0.16420248404459264
32 0.2032743340596154
47 0.20775185419533285
26 0.20912795973221474
28 0.22974950649914885
98 0.23902206818494753
77 0.24253746114094263
60 0.26196280406293193
40 0.2684680343125175
35 0.34239480924026006
27 0.3715277268742537
49 0.39452838851643307
34 0.41429757971618475
67 0.4750516599600027
66 0.5757135549511546
81 0.675526100580921
78 0.778447825733025
38 1.119069749331426
33 1.154705311931283
58 1.1752602266679961
51 1.196059462401631
22 1.2263631856967563
42 1.259349425049452
59 1.451795803315429
39 1.820324048739473
71 2.4035083085872286
50 2.481490344493382
55 2.529465770776097
70 2.8314824874987217
52 2.8582654865353776
93 3.0259148801065594
2 3.137135928387766
9 3.2525239336209246
84 3.2748821732075526
83 3.6781148422390983
72 3.8202509623887986
61 3.8694289980079657
99 3.8917383670042005
15 4.233993702120821
0 4.3927460524511135
100 4.877858838040347
73 5.886144620364013
64 6.826202635107402
96 7.0893809467721995
68 10.49686141264544
6 10.938580447977321
82 12.355140937397707
76 14.11787845852356
89 14.1188494845623
12 14.798274183652916
97 16.3457856368952
91 17.07033323635882
86 17.588190406825596
10 17.98042997934943
95 18.768784456942715
44 20.528943349922628
8 21.717240593993633
5 22.389509349281152
7 22.43428083224139
79 22.827343821767943
48 27.70041423819247
53 31.766941305565542
29 34.281190094801595
65 37.79067245257914
4 40.856344712195046
1 41.09594227955931
90 57.818044661489544
85 123.72714658334819
45 149.4856568068951
87 154.27032814705746
24 314.72397122724215
11 455.65449581297963
17 458.81751793364737
16 468.43008849908273
14 470.4783297022797
20 483.577934299128
13 486.82427969040907
18 487.96746619349176
21 489.2460234281103
19 499.6030387949979
23 511.77616450114675
25 520.327002190131
37 522.1686507097559
30 530.4862708763593
69 531.2198090544034
63 553.383032134086
41 559.0708671020324
75 576.4417140006606
62 583.8898286409706
92 586.1786880061899
94 598.1201253947562
57 602.4187568095957
80 634.4522045199994
74 639.0420424550157
54 642.3435915665368
88 646.7433043219496
