39 0.05118695955736246
55 0.08657442496258817
50 0.1555754447911635
59 0.1633965917895504
58 0.19610002925193742
38 0.2239625576569791
52 0.24278308931439094
70 0.2438039316634407
71 0.2440029717452326
51 0.24738299088399882
93 0.3599323265732286
61 0.3654741115156705
84 0.3816562218795477
81 0.4828857081708454
83 0.49423338694201197
78 0.5280960884463574
72 0.5780271264997152
66 0.626202476453181
99 0.6274712805851246
34 0.7744298786044174
2 0.7958301117932189
67 0.8214708757570882
27 0.8502086364363034
35 0.8729901827316989
40 1.0194744368034514
60 1.0544766641292982
100 1.068324927977379
28 1.0916264324883704
26 1.1419151472892526
77 1.4186108034326803
64 1.5760925647220412
31 1.5809587663820284
73 1.5823361365882112
43 1.8519449025786479
36 1.98248430905196
96 2.28233727915178
46 2.4283489725289864
56 2.65261110851263
47 2.934337539854952
68 3.0054675745462673
3 3.1213560461209733
49 3.328634619753494
32 3.390533409356933
98 3.4580151984494836
6 3.8497640659368684
82 4.835259347579269
12 4.8748525163609315
89 6.1994602947035835
76 6.205414061224826
42 6.620770181569214
33 6.841878665078857
22 7.053020929430718
10 7.923066786164993
97 7.930719777106982
86 8.96223088131118
95 9.16413039858682
91 9.291492591147358
5 10.334651622674512
44 10.336112541429172
8 10.632288702116863
7 11.076772274074795
9 11.421777234074426
79 12.637291282248272
15 13.442906606163463
53 15.929757327328321
48 17.521071487075357
0 18.132571983639316
29 18.486998223853067
4 19.045926816888095
65 21.298722646230868
1 22.472014079616546
90 39.384070337364896
85 79.68661431502451
45 99.47528424888041
87 105.75356047662697
24 263.0027234764297
11 334.1973836012684
17 339.77594636232425
14 346.73621801247145
16 347.95474883617436
20 358.9760766910807
18 359.8709854371088
13 361.88107529586705
21 363.80797507136947
19 370.305797503953
23 381.59276677211625
25 388.47045452862267
37 393.00878282847435
30 398.2837172049315
69 402.08485899814724
63 420.7220553110057
41 423.75837872693
75 441.3549566271275
62 446.21346106123764
92 450.102273122024
57 459.9061134900357
94 461.1144380518325
80 487.23197797557015
54 488.0034323951262
74 488.77199612980985
88 495.90465904764693
