33 0.10666483239922735
22 0.11221241524060468
42 0.15726036453559258
32 0.2424497239772312
98 0.2585795194679645
49 0.277568866473522
47 0.37460992141836924
56 0.43763205264599725
46 0.5504845724831205
36 0.7945458801323282
3 0.8562010970333285
0 0.8583614277111236
43 0.8936500126476635
9 0.9308069122539305
31 1.0564215936613863
77 1.1290656498904872
28 1.4493136154842692
15 1.46908140493152
26 1.4772760155588764
60 1.51233814196439
40 1.5725391520197558
35 1.7841463785050915
67 1.787431273634957
34 1.8386647514597099
27 1.861821702835056
66 2.1204416452693877
81 2.352871902164297
78 2.4334710423809818
58 3.226325708074459
51 3.2605496151281654
38 3.3535237831769895
59 3.6621781739316766
39 4.371434921674011
71 5.000706772955946
55 5.284991936757625
50 5.370628619450815
70 5.634102000113016
52 5.910507225486012
93 5.96558327619203
84 6.344443825385319
2 6.528471111692572
83 6.830413273349509
72 7.039125605613632
99 7.15404005039297
61 7.340755456069703
100 8.161179124652758
73 9.64337204982328
96 11.201756157894946
64 11.489569705950354
68 14.799064981091636
6 17.06578521655038
82 17.280527531384067
89 19.453483753078636
76 19.552676698583003
12 20.113124429347575
97 22.184032155303537
91 22.803838311912212
86 23.854815154781136
95 25.67886183013817
10 26.139677643404152
44 26.82461532829061
79 30.112720699596817
8 30.51937063669306
7 30.6265918506717
5 30.78784260866224
48 35.73331429158943
53 39.15623621738131
29 41.40682297394759
65 44.39799257464926
4 49.79259501098962
1 55.503113375660014
90 65.56835004985703
85 131.29764693654099
45 160.06934766663542
87 166.00829161105233
24 322.579742699333
13 526.2195781293445
17 543.467785900174
21 597.1888765415715
11 636.5921899946588
14 654.2408293308262
16 667.0492693281134
20 670.0822019903253
18 671.3806082253412
69 675.4765711479046
19 686.3110540295911
23 694.8464228565487
30 710.7440634572001
25 710.7786768925943
37 716.4383163443708
63 760.7034277315204
41 764.9039316039042
75 783.5473988656437
62 799.7907877586622
57 805.4069207761495
92 811.1272549063027
94 817.7602473121451
54 830.1451305943799
80 832.8838773413606
74 833.763837404046
88 842.9669839505397
