100 0.09750014398496967
99 0.31805863762551295
72 0.5324722034687489
96 0.6180320818255941
93 0.7510836690273907
73 0.7586494577885313
71 0.900596115272343
84 1.2793201964248084
83 1.3665454551241052
82 1.5801496721700417
68 1.5977634614616567
89 2.0576070937799047
76 2.3935134611931805
70 3.340806810216691
97 3.5124819146853232
86 3.5217872808279305
95 4.0732030139861255
91 4.345021073356912
79 4.956519645965423
44 5.047362426505068
50 5.086082307570026
59 5.5937780007593085
61 5.9955633703148745
67 6.357427040402769
52 6.6726650922942605
55 6.696892683844844
51 6.749109203278253
58 6.787087627866684
64 7.505898023315551
53 7.819755413542834
78 7.9139478107074295
81 7.932017787848866
48 8.017315190790066
66 8.081424667351463
65 8.372022961658413
77 8.726278474279107
39 8.845167748292926
34 11.214116090463063
60 12.788476356144047
49 12.867212464017241
28 13.28346644252582
29 13.582505761839963
38 15.04208770798705
47 15.97631308857527
40 16.417351669210184
56 17.556292614376297
35 17.68080410336208
46 18.33896545958557
31 18.358336089374696
7 18.80926545087473
32 20.103921879923323
90 20.255582718335827
43 20.349047395299202
98 20.51384787821505
26 20.884667189554538
36 21.077000657506005
27 21.10991813286147
42 28.783757136902185
6 29.714807782853203
85 31.27273273921981
8 31.851664842161345
12 33.35682390074728
45 37.2192189999741
33 38.6658033812932
5 38.749825180165985
10 41.79653852224198
22 41.838364443248125
87 45.89312193703993
4 54.15715637884335
17 56.77869383417708
24 57.36354184414044
16 58.277643179315426
2 60.19179139525981
69 63.81144437556249
37 64.18915076273395
21 66.03834543597375
30 66.91787070575445
13 68.10692573318977
20 68.40255642771363
25 68.51692193202015
15 69.75205359361013
63 69.80594760758632
9 70.66644017863716
23 70.98899688873017
41 71.3115880234813
19 73.35814894321697
75 75.70982615308507
3 75.85346823439171
18 75.98026748927519
14 76.97555359771455
62 79.86946956230138
57 81.80052693897939
11 81.84043247870248
92 83.78556441387552
94 85.73632451282364
54 90.21203192878598
74 90.51126386024607
80 90.55301913613619
1 91.36243948141578
88 93.710266452113
0 220.82963946769087
