15 1.8807923804506548
9 2.9076304006294804
22 6.731190459178307
33 7.489181149662024
42 14.813067003246688
3 15.71365181902161
98 25.72969500415584
32 30.12623839272796
36 32.18174211874808
43 34.95449953132419
46 36.22097004423714
56 36.3363290116651
47 37.07319995766262
31 37.34024847653103
2 37.80943628130458
26 41.34901000739701
27 43.89911312049158
49 43.90924286450705
35 46.11533950095991
40 48.24150314189056
28 50.11037505193189
60 53.025000368129625
34 58.4358355390354
38 59.29700161341026
77 61.11115357132416
81 67.57219040994194
66 70.42744007719625
67 74.08037735186045
39 74.94169340203275
58 79.0647399232812
78 82.05694637424635
51 86.72705374905945
55 91.4111783598273
59 91.72713352208565
12 93.94704965670662
6 94.93638885829974
61 97.80125182443491
52 98.61637141681733
50 100.18661376412783
0 101.7910233398143
10 103.7469079457284
1 106.53031074624121
64 108.67802325966029
70 114.03816817606786
5 118.45224155034829
4 125.0976631535435
71 126.90018289249797
84 129.22118699757672
83 129.55819403602877
93 133.61164516166383
8 134.6004191244315
72 142.2080392313992
99 145.34599143570796
7 155.92002941006368
68 163.5390572918923
100 168.7173775173389
73 169.353633811916
82 194.95718120731732
96 198.67470453513383
76 206.46837779563916
95 207.22945160047627
53 221.36571539038337
89 225.7205473980884
44 227.59992619892319
29 229.57231155959008
86 235.4900976122928
79 257.7154579830938
97 259.5585908997111
91 287.4593184276752
48 294.3567789225845
65 320.3050660998289
90 471.4038020822908
24 523.3111974053729
85 548.5587106053397
45 567.1825557862456
11 606.2627489323341
14 643.8621545915222
87 666.0984677482926
18 678.2629791375101
20 695.8062843706674
17 695.9142097422304
16 714.413363564796
19 720.7074895051339
13 724.550642523763
21 727.6807806106732
23 759.0566986864696
25 793.6565663763193
37 830.9338152351733
30 836.8669803715428
69 913.6547312981087
63 982.5856003191001
41 989.8098237536204
75 1038.2224105895607
57 1072.3105909648334
54 1094.3387175498444
62 1095.4030357525533
74 1139.8653656117049
92 1140.2336463838126
94 1151.0839836008738
80 1155.1857136949477
88 1177.9527077393218
