22 0.22208753844419005
33 0.22632532274807374
42 0.3034877425186533
98 0.36207700195213527
32 0.3649014793653898
49 0.42263122334287206
47 0.4321041608687273
56 0.44067611007460555
46 0.4726127008631099
9 0.49845047149709326
3 0.5000966331129252
0 0.5432968994999651
36 0.5661506008358301
43 0.6026532052244163
15 0.6646306676301406
31 0.6848201500712957
77 0.7458193539513115
26 0.8013571577882118
40 0.8365024271227097
28 0.845947553268546
60 0.8607148958654651
27 0.9353696010378838
35 0.9460946709937836
67 0.994288846280987
34 0.999694323589791
66 1.0595815216138857
78 1.1681523571589802
81 1.2209507010226888
51 1.4640287142001271
58 1.5324920827694128
38 1.5350916945852056
59 1.635908786212832
39 1.997642906449182
71 2.231789254111095
55 2.303562189291352
50 2.358144496503374
70 2.4209633371020662
52 2.443064177875922
93 2.5759932056920083
84 2.7138956948451565
2 2.7302628987792823
83 2.866275806286701
72 2.9804823009023442
99 3.021217792315538
61 3.166676777395097
100 3.367233866015106
73 3.7862469104355414
96 4.526927218288408
64 4.89243529204216
68 5.7212611846009995
6 6.6725296382037484
82 6.963321434985834
89 7.533301063684408
12 7.581966230242643
76 7.712739345334767
91 8.654475843937457
97 8.692859320746782
86 9.15659771898793
95 10.191412413417458
10 10.234911018257085
44 10.301084335010353
79 11.482843104030097
8 11.764892504835416
7 12.103851262293741
5 12.382452510550914
48 12.755785171585385
29 15.256906472439457
53 15.551328755024613
65 16.280049944691722
4 20.613089578763454
90 24.06160487408744
1 26.414610724939333
85 50.046225465153775
45 63.38807644288489
87 65.14848354770587
24 161.59338374978915
17 273.8306597089592
11 277.1592548822491
16 281.44560236075574
14 288.1575775763667
13 288.6202259713887
21 291.2118635512739
20 294.332698561734
18 297.403411285586
19 303.53479765569483
23 309.38655195130184
69 309.55845554883666
37 312.4802084913861
25 313.68438594272203
30 314.73694582692235
63 328.5174124326565
41 328.7635545414333
75 340.05384482642637
92 343.67568275173926
62 344.08009863593077
94 350.9563715721421
57 355.1651447740784
80 370.49341669046765
74 373.45370149518345
54 376.43753379007023
88 377.20027045239124
