90 0.2430628254786036
65 0.570904060317239
48 0.9915783752645144
79 1.34708410782753
91 1.3568523281868177
97 1.5998262278553739
86 1.7872475525871043
53 1.8277537865335127
44 1.85679338272339
29 2.084371592634541
95 2.1641427169118055
85 2.17105196436888
89 2.188662104581679
76 2.4568452437229524
82 2.80520725984656
96 3.5298934068934296
68 3.690046540207374
45 3.7936303655808166
7 3.935733585155863
73 4.311047209581406
87 4.32943522554328
100 4.6250407952882435
99 5.304131489687811
8 5.343087149474695
72 5.372260735216181
64 5.547178846444221
83 5.646259251290414
84 5.862707487379419
93 5.881504940539725
5 6.308473406588177
71 6.369160386926516
70 6.477872541909076
61 6.499581976482424
6 6.79513633448717
52 6.903810632185499
50 6.943216040681906
12 6.943657961323608
10 7.074396282101266
55 7.290068875875178
4 7.567411176916695
59 7.865898793653597
39 8.182690251423862
51 8.24712257031892
58 8.459880600763318
78 8.88221522020338
81 9.352423307765946
38 9.37828257578055
66 9.486154245514825
67 9.543931476571993
34 10.109455097231887
77 10.555379076036443
60 10.614721232160557
28 10.79898642490237
35 10.907763767611227
40 10.956982101041646
27 11.11688368099638
26 11.49337145568258
31 11.907652822086979
1 12.183838563832795
24 12.277613881353423
43 12.339821066214261
36 12.615283558666107
46 12.63948388540708
2 12.700639165965288
56 12.797806239723856
49 12.812444643233055
47 12.872685165587368
32 13.597485766477487
98 13.895940971056948
42 16.638037898009188
33 17.66962738370611
3 17.67016188637975
22 18.00287475235223
17 21.497322286651922
16 21.979458669965815
9 22.401841013676734
15 23.455449879724608
21 23.57518244702781
20 23.67060685724414
13 23.77639701369111
69 23.87644206991156
37 24.176270166014344
14 24.305480761547038
11 24.43961055235914
18 24.776268335219946
19 24.854731860743794
30 24.889562319746823
25 24.921473284230114
23 24.929661530249838
63 25.6118277327681
41 26.30290309890471
75 27.039787664365914
62 27.790306187939596
92 27.897610396551585
94 28.722983056331703
57 29.12921800131594
80 31.340285814496927
74 31.695916275930248
54 32.005554500606685
88 32.21868614015316
0 37.18291305032636
