53 0.2770996979649336
29 0.3094127175454181
7 0.41163434997377163
95 0.43146276608257333
44 0.5026148387088035
79 0.5502939637674397
86 0.591305525795863
76 0.6041286907468164
82 0.6724612386724189
8 0.6960488829147371
89 0.7081282540066256
48 0.7558868084965968
68 0.7915176984125364
65 0.8264976201602635
97 0.8321313677397224
91 0.944539823110719
5 0.9677720106450438
96 1.0008533440729723
73 1.0038186436029597
64 1.110839743830271
100 1.1834572260052862
6 1.2106023283224296
12 1.2565641508051506
10 1.2581696045189876
99 1.2890804946683736
72 1.3062467158744788
83 1.3419024139335118
4 1.3480779115020884
84 1.3950524036168779
93 1.4396790263996784
61 1.4727915332907071
70 1.5234211690709414
52 1.576745075170237
71 1.597798136476332
50 1.6390230524002383
55 1.7298864871433168
59 1.9438299990199077
39 2.0368297891325438
51 2.0535555819493156
58 2.1701480039036443
78 2.2800314171798357
90 2.337258633070738
38 2.4157567861927776
24 2.447740079353422
66 2.509911941535921
81 2.525624857232697
67 2.5986694535131
34 2.781272067436236
85 2.910688569628665
60 2.968399278627547
45 2.9854832535788787
77 2.9942734246466896
28 3.0323174811228486
35 3.0326084925168746
40 3.033200113896157
27 3.0674065131833017
17 3.0773482674710877
16 3.2176808503170933
26 3.2269816843532184
14 3.2725360065753457
20 3.2810438706725416
11 3.34325226095599
18 3.3639590353226367
21 3.420149615437989
13 3.4575039622029253
1 3.457977587583765
31 3.4696805530496837
19 3.503289103525901
2 3.5411746730227236
43 3.6305720790303
23 3.702838911787714
46 3.772940050030198
36 3.782203598467131
56 3.8586733965208424
49 3.8985593461036383
25 3.904665793072654
47 3.9102044079926466
37 4.175903036365971
32 4.226819077605621
30 4.246442867558714
98 4.402764725281142
87 4.42810686023226
69 5.033237685289739
42 5.578629763899443
3 5.755097521598616
63 5.927562333318562
41 6.03082848462166
33 6.0721847685478565
22 6.195531928379105
75 6.674566429403689
57 7.124951799643624
54 7.314170820188677
62 7.493094724101515
74 8.016757268512984
9 8.144192529592033
92 8.20904544193603
80 8.311321864555966
94 8.3708851614959
88 8.589101884305542
15 8.7774361552056
0 17.187714367418877
