96 0.0593500439821543
68 0.11241854257194038
73 0.14537348424071042
100 0.27538219763590455
64 0.3287154794814736
82 0.4392144490446607
99 0.49103576083354733
72 0.5262250811880722
83 0.6187415182053447
84 0.7222531092183152
61 0.7625851357646779
89 0.7752615388427488
93 0.8188077176662302
76 0.8225661721486682
70 0.999329879904932
6 1.0663845953238753
52 1.0765049391300738
71 1.1873455166153308
50 1.193880649631323
55 1.3288828759739022
97 1.3693550936636354
12 1.4014278797185398
86 1.7590719346145287
91 1.8594568498276713
39 1.9200278153818766
95 1.921481956871251
59 2.0495291540238054
44 2.2220087665400623
51 2.3361285506802183
58 2.4723373071090635
38 2.7236655953403486
10 2.8425448900984605
78 2.9997162042288914
2 3.099040307546649
7 3.152965300523154
79 3.284706963938494
81 3.3626935646709413
8 3.3922020705944815
5 3.5084143208921015
66 3.534416957829085
67 3.853457035288429
34 4.001952121460329
27 4.292665825149909
35 4.314887709156511
60 4.530937664090145
40 4.533857282280474
28 4.652874822544113
26 4.799086554273832
53 4.846125152845974
77 4.989645798847375
48 5.538514828851532
31 5.574018401290057
29 5.862044387051256
43 5.97919397569149
36 6.298834296673504
46 6.772792297537202
65 7.092320787934222
56 7.1126863445743504
47 7.401518715049646
49 7.820356531848398
32 8.12242670935503
4 8.23797514017633
3 8.273893431955281
98 8.350411547405034
1 12.120641362620987
42 12.17801384576001
33 12.64406777140118
22 12.866504417268521
90 16.552627041329323
9 17.793810623288845
15 19.96083109617066
0 27.505866243437357
85 39.584215757873494
45 51.33772110961046
87 55.80028289713005
24 134.87251480055198
11 164.32650313951186
17 166.54447120837207
14 170.85258238864637
16 171.03562781139803
20 176.95570356165985
18 178.22800440404717
13 179.6038202409496
21 179.83208382508022
19 183.99828261162446
23 189.76610351939294
25 193.72811050678132
37 195.00154358158034
30 198.70674720188637
69 199.54963761106742
63 211.59641401402732
41 214.30831021545333
75 222.86096239880504
62 227.03958488075654
92 228.972376113605
57 234.91879517253864
94 234.9634230623478
80 250.50300627544217
74 251.74323111647686
54 251.81114389338265
88 256.03440244077854
