3 1.7034253341439742
2 2.8440518422961327
9 5.296364871711428
15 7.076358785378053
1 7.344287867675944
22 13.41871006860094
4 15.435096743563
33 16.347748602168487
10 17.53706301610729
12 20.626434763471252
5 21.844541806502978
6 23.238031474205137
42 26.346827566511813
27 27.139717701536927
26 27.966982847022678
36 29.864670925557682
8 30.08115466248623
43 30.73127048868046
35 33.328740615016024
32 33.57894826983379
31 34.74161861313943
46 35.07678820246962
40 35.67895520936139
98 35.96965774810757
56 36.864821137422076
38 38.18829306135238
47 42.46779032249841
28 44.09877204070748
60 45.085495995926486
34 48.267582267345446
7 48.48373996411939
49 52.1455285732217
39 54.59946222895179
78 55.542199328493595
66 58.54286888781407
81 59.483601536509006
77 59.52739736177547
51 59.9659782220289
55 60.76051379816631
52 61.00164251606689
58 61.71745252467444
64 62.8868924692244
11 64.58030801468394
59 64.97082745033235
61 66.25817923381538
67 66.7243021669597
50 68.05768426461883
0 71.67644585293385
14 75.86232701560125
70 76.44983156244916
29 81.64539040788809
18 85.30170509061183
84 95.037230719835
83 95.6455707541452
20 96.95937160326754
53 97.95693551096112
19 99.17309650982381
71 101.1231473469438
24 102.31620276568854
93 102.59013833400059
68 103.79800919096989
13 105.98450277291383
73 106.1743473232343
72 106.86114690561203
95 107.7344796936688
44 108.7974393168736
21 109.38195456400938
17 110.72333084187633
99 112.05869680158176
23 113.76405856962103
16 114.88067279641646
76 115.37120576952188
82 117.90330453446843
86 124.85255035549741
100 125.85438156790485
79 126.6452237421698
48 128.28147289033092
25 129.45739056396513
89 132.7655759117606
96 141.35560976761727
30 150.42162079796722
37 153.5299514612183
65 154.33399971900946
91 154.51112182670076
97 168.2719802347756
69 203.65163790380163
45 204.7557152160489
41 219.37571147314117
85 221.6498848341864
90 223.29771617752382
63 223.5425103075685
54 227.79938125938313
57 240.76498823317175
75 242.44430870520574
74 258.618302228451
87 265.3324285280728
80 270.8564323598013
62 271.92948996001
88 278.2977944980271
94 297.90684709214855
92 301.9057220104797
