15 2.1797294842053705
9 2.6973665021519078
0 4.385042607510937
42 4.714546149810635
33 5.2342891687733
22 5.248939582983439
49 7.208872861602137
47 8.204558940384432
32 8.332473569723161
98 8.521009926203929
56 8.684677244914742
46 9.067085232686834
43 10.672207801726804
77 10.846946393060986
3 10.9120079967105
36 11.109075737708322
31 11.395250941140924
40 12.068643938812814
28 12.277830253863389
67 12.36158054968195
26 12.443049764697074
60 12.459056834019071
66 12.756128406366871
27 13.539365074204772
34 13.599139979283619
35 13.849182859983658
78 14.08542742963796
81 14.976591015160071
51 15.634445934736467
58 16.399087688518485
59 16.43639556263786
38 16.85817953835393
71 19.190124765357663
39 19.42473642864591
50 20.912931951041056
52 20.94764480803389
93 20.97416444594853
70 20.978818071858257
55 21.069896079256914
84 21.911608133171434
99 22.784764577774258
72 22.976461646888
83 23.389260555779682
2 23.532164455138254
100 24.402062639701594
61 25.845606736056503
73 26.17782009004412
96 29.66278608812184
64 33.59432872812251
6 39.891346697919566
82 40.63811216181599
68 40.657457050404915
76 42.79931713465305
89 44.02415446362826
91 46.38547447020512
97 47.49631773110734
86 47.720893981289954
12 50.2155486193658
95 51.41027567493644
10 51.899957659100856
44 54.94136390888472
79 55.37996401593299
8 57.586839741553796
7 59.12836205641997
48 59.50638536015952
5 62.09277253075965
29 80.0397605311099
53 82.70722721424582
65 86.10578919122233
4 106.0460253516485
1 108.03783270674883
90 108.31452388190144
85 235.07494987342122
87 264.7559761249819
45 270.93807602528665
24 749.4942786552086
13 1152.1102067885117
17 1244.1367852173291
21 1470.9767451791065
16 1733.3938152254261
69 1820.9450857881932
11 2020.9492218331357
41 2133.1468979173633
30 2179.2031936104026
14 2765.0556538815695
19 2783.5644447680984
18 2796.256322811895
20 2797.744175221476
37 2817.055039028954
23 2840.748655267188
25 2861.2391298104017
92 2917.1972615550817
63 2941.371922624352
75 2974.830691019978
62 2993.6878486840856
57 3003.0690146771963
94 3018.04025146496
54 3049.952154553858
80 3052.3864119667683
74 3056.132843236463
88 3073.3532724008173
