3 0.7949808835182429
36 0.9080199966464076
43 0.9668739008077495
31 1.011793501286529
98 1.0187989347747402
32 1.038579723986498
46 1.0498645036824008
56 1.0721257799301827
26 1.0831612289655295
47 1.1424457612498826
35 1.169073198135967
27 1.1779733540464907
28 1.227366867505043
40 1.227864958673718
60 1.2712254520159445
33 1.2876094304644508
22 1.3049304743921044
49 1.3609377379022314
34 1.364125270540886
77 1.4080439124874105
42 1.4832015703679382
81 1.5981265486134841
67 1.648705921728816
66 1.6934155057850482
38 1.7265900265266954
78 1.7552720439987815
58 1.9643987646149768
51 2.09153461923018
39 2.183619376820903
59 2.273739412770798
9 2.308401286507297
2 2.522822656727634
55 2.6442346439030446
50 2.825580726149557
15 2.830406088705157
52 3.0635093257807746
0 3.0684268745891754
70 3.0966265143976015
71 3.1517636611928515
61 3.394381310318636
93 3.555807733955592
84 3.6044641542278955
83 3.7666767017002867
72 4.005784403413749
99 4.164421741240086
100 4.810660039136823
64 5.045946861760899
73 5.345290177667808
96 6.304994088417053
68 6.738315808431544
6 7.47199555987865
12 8.036287755128713
82 8.532433771957498
89 9.679575404997758
76 9.743881922502382
97 11.403422799456093
10 11.422511001858044
86 12.07811967638024
91 12.175664666701186
95 12.400896640030057
44 12.847672215867869
5 13.122018602240129
7 13.910940137588861
8 13.931176820548746
79 15.10339011475263
53 16.956409095366094
48 18.743127658054494
4 19.063371720872997
29 19.08786093357869
65 21.036965326997436
1 22.03537238943778
90 33.240922939539466
85 58.90032237230595
45 72.33511518339044
87 77.67434020709581
24 116.83935893707724
11 140.68874099937486
17 143.9956439853641
14 147.75571127789846
16 149.449839121158
20 154.63929151140408
18 155.27474479087883
13 155.78595476648073
21 157.04589574458188
19 161.4664242709755
23 167.49474625803722
25 171.63787630625066
37 173.36382859503823
30 176.64626829768991
69 177.5260206536524
63 189.69412931726924
41 192.15758911325815
75 200.50015965114721
62 204.31746431664502
92 206.16215322637782
57 211.72818098529834
94 211.8086155605918
80 226.6245835305126
54 227.78655487615106
74 227.81241139207813
88 231.80758738090736
