0 3.7655011066840203
15 3.8634537361027084
9 4.315169100057084
22 5.712673672806498
42 5.737841088261823
33 5.775408285529559
49 7.36429975387137
98 7.43226744245726
32 7.621488148977273
47 7.764966313058679
56 7.9670923061874745
46 8.196043220488312
3 8.49540525707785
36 8.814561125876423
43 8.885418146155548
31 9.137997228319234
77 9.254649125177982
28 9.70671291943435
40 9.801636489268548
26 9.835497558929701
60 9.858599099900529
67 10.143420243342451
27 10.323597228259908
66 10.348581234854183
35 10.390450471547082
34 10.478165652835958
81 10.975389419442696
78 11.233960562521235
51 11.856214854782392
58 11.881842650638447
38 12.017623394197129
59 12.189717543058583
39 13.09260323980732
71 13.582709373187228
55 13.937076721566806
50 14.151676185773587
2 14.276366489273682
52 14.31511996159571
70 14.340590850895131
93 14.399213347841313
84 14.770789662048884
99 15.27094099053301
83 15.286894828782547
72 15.297765909586236
61 15.942886578995486
100 16.147833624591502
73 17.126191033248023
96 18.56324724520011
64 19.435771815801484
68 21.642163232149873
6 22.21792796973507
82 22.953221665018894
76 24.218726006780624
89 24.557442796954312
12 24.752777722852702
97 26.196541985230397
10 26.616825696863277
86 26.634153287580485
91 26.962853078213005
95 27.788179912080743
44 29.207894091163716
8 29.782535707970624
79 30.01293407194751
7 30.131297804091286
5 30.606483688548412
48 32.17820560452436
29 37.78897025585538
53 37.9347034052106
65 40.16138046419174
4 43.887717187243545
1 47.1088848591561
90 51.04324107133941
85 90.93189999899441
45 105.29950101379305
87 105.54436369594374
24 279.5706885312277
13 451.2536399833112
17 473.52162231676186
21 515.8000342536624
11 567.4926975245182
69 572.4378305657004
14 581.3706586643033
16 586.5448833222528
20 591.449144921278
18 592.2183294592518
19 601.3161562733013
23 606.028402859303
30 606.6007404929454
25 616.9244952410425
37 621.2216298785244
41 647.8719335125185
63 649.2563204389709
75 663.735185916447
62 673.5610064393476
57 675.545799585754
92 682.0051378938621
94 685.8125528759648
54 688.668327439745
74 691.3206561210715
80 691.3402309028799
88 696.8844395711774
