8 0.12724561147797125
5 0.13897803510744067
10 0.19356518983538631
7 0.20936331178061804
4 0.4541880716860736
53 0.45590341262649947
12 0.4582820222701914
29 0.5216638910373693
95 0.5257294852770883
44 0.5539636537370377
6 0.5888388221615953
79 0.6468114979992257
86 0.6833754112608343
76 0.8014664402081382
48 0.819425367622628
89 0.9115348836994531
97 0.9128576991568583
82 0.9604227123483565
91 0.965030027093866
65 1.0478349962344804
68 1.190250173938648
64 1.3711228023989859
1 1.4474672843499807
96 1.6975068985200579
73 1.8030429376028467
100 2.1549477246191464
61 2.159963738623039
2 2.3205385044998126
83 2.323297493020728
99 2.339965229393487
72 2.352010971059817
52 2.4354335782751813
84 2.4860469047135068
70 2.597411422195084
93 2.623804966638
50 2.6736035731430547
55 2.7090082898733496
90 2.8787444455965656
71 2.919721299343173
39 3.0376787358384734
59 3.2822792566985117
38 3.3612165088885897
51 3.4548567205158123
58 3.5168861780079874
78 3.8772785939566083
81 4.0379017703111
66 4.151118270011856
27 4.185440827829703
34 4.283194407586403
35 4.292259150868548
67 4.410954779900133
40 4.47043157029675
26 4.517360865219119
60 4.547638596720518
28 4.645936002032677
77 4.955601701230046
31 5.039476034361793
43 5.192143993195764
36 5.316979086843166
3 5.337884222822808
46 5.650142369768427
56 5.850508190908234
47 6.050073739637965
32 6.273415747103499
49 6.340094769708278
98 6.421734473239134
85 7.032584312229198
42 8.076367244832191
33 8.117935260440179
22 8.178581389485833
45 9.8112613066455
9 10.020806634944064
15 10.973683037904573
87 11.607773465256459
0 11.702758567182169
24 21.26443347343274
11 36.73680171076337
17 37.71355031277902
14 38.504032961361816
16 38.87021975042992
20 40.20905098753672
18 40.629538487463755
13 41.17430323216223
21 41.18282732913486
19 42.28981321531274
23 43.8415336953817
25 45.08857059825391
37 45.38462440698102
30 46.447408302442916
69 47.02374011020397
63 50.378080615452596
41 51.359564867385544
75 53.36885105375698
62 55.07321075102662
92 55.630399853553286
57 56.912469603106736
94 57.026773526997026
80 61.336701961178164
54 61.70813332170716
74 61.78465845522352
88 63.01205891636715
