90 3.4742161789866044
85 6.126462832387652
65 6.688463665636483
91 6.707963876874994
87 7.0016357863455125
97 7.512618529555648
48 8.433280554292343
45 8.750533099227239
79 8.934079309214379
89 9.455469996414166
86 9.662931074611356
44 10.633622057149045
96 10.726003427728385
76 10.93599815176847
82 11.304344341113833
95 11.516488638358387
53 12.110914899959369
100 12.870603699639483
73 13.153211866121891
68 13.425538546480166
29 13.673809384519796
99 14.69628157011316
72 14.951159350774294
93 15.772549834669338
83 16.129273837557765
84 16.216535185394868
71 16.41717944841991
70 17.95591905782643
7 19.19553620835979
64 19.213359913579723
50 19.54309406311612
61 19.866456220313548
52 20.096804414649444
59 20.739941950838563
55 20.754103670463582
51 21.490573369476923
58 22.18447982150887
78 22.291292740686735
39 22.935550963312146
67 22.99199836030052
81 23.743001070536273
66 23.74990401105807
8 24.41967018486114
24 24.582846143794335
77 25.091928262287592
34 25.552835959418307
38 26.097937170289928
6 26.10210130900782
60 26.636030372110508
28 27.137028133205206
12 27.29434910711629
5 27.384493116559934
40 28.030880250756635
35 28.424129268852532
69 28.743710998625847
49 28.76643034385005
92 29.217125092090765
10 29.29109778193068
27 29.454057798273258
63 29.79399684623727
26 29.84101931256206
47 30.053863709329757
31 30.089437780862898
62 30.178705867492592
94 30.344646056553586
56 30.400359141913153
46 30.48235811702956
75 30.625293908431775
43 30.842960546360153
41 30.869330062011947
36 31.443688218615517
4 31.83450372229468
32 31.93356902909327
37 32.419799446445815
17 32.62037237452978
98 32.90043600926848
16 32.90117577686473
57 33.155574087732056
30 33.56513354093717
80 34.32279767685019
88 34.93998560383526
74 35.207928988686305
25 35.510604462572346
21 35.838192979598794
13 36.60620953468509
54 37.0677804890533
23 37.28761891966788
20 37.33913788204855
42 37.461714518559425
19 38.89135668349312
2 40.10354842860393
18 40.51611038365639
33 41.26531490622888
14 41.38175990180431
22 42.157487539130386
11 43.65992250797208
1 44.27995919647409
3 48.416178062225455
9 52.24927712702373
15 53.344885553098116
0 94.10300176238299
