15 3.9447681423614607
9 5.607555415017762
0 7.936599695730365
42 10.921784626032094
22 11.112293076828356
33 11.345021732586497
49 18.071369041380194
32 18.682786362492603
98 19.1258533145212
47 19.878298252297668
56 20.955054231936717
46 21.982106333074288
3 24.7143084533271
36 25.09845417992728
43 25.32526380846585
77 26.62727550840171
31 26.83898403581657
28 29.458619893768542
26 29.664870220185318
60 29.689792664476265
40 29.913298547300712
67 31.026605489952917
35 31.95531120785315
34 31.998777577027404
27 32.27478422318277
66 32.897399285623344
78 34.581433104516854
81 35.17934478464843
51 39.229881503591564
58 39.83505319505215
38 40.49494844940888
59 41.53516238714632
39 46.02465273517163
71 47.808598664054855
50 49.95761385716572
55 50.16757277708308
70 51.16736316938002
52 51.94227802453636
93 52.24037987153473
84 54.024987958149474
2 55.3717052759161
83 56.27386595206207
72 56.98820699173492
99 57.3257697704445
61 59.21772922646672
100 61.5346843402647
73 67.08401625081785
96 73.28742640659596
64 75.63005978096692
68 88.39077014146844
6 94.19404093325434
82 96.74467338813142
89 103.84404982642619
76 104.07120169982588
12 107.04718001546546
97 112.51808983436135
91 113.00378912091992
86 117.6378548025946
95 123.76787315350887
10 123.88606624095983
44 128.64912804897168
79 137.00028794782006
8 137.2823900286471
7 139.63615667555277
5 140.64679212090985
48 152.73364305769073
53 169.51923724766206
29 174.76153817593504
65 183.93878998044528
4 201.37580048107324
1 216.06492758145734
90 244.7090962695012
85 431.7445331787557
45 508.38790665157967
87 519.7344028939129
24 966.5212056877539
13 1456.1596038633784
17 1515.4851544519893
21 1660.4438566766253
11 1788.4506284766792
14 1833.8275317671355
69 1861.8577126647585
16 1866.5114340390326
20 1873.9094382679143
18 1876.7888160624896
19 1914.572234122583
23 1935.4057545786434
30 1966.0147649547985
25 1976.0927667733117
37 1990.6229360170219
63 2102.1461549051755
41 2111.1615699098215
75 2160.0477893102698
62 2199.343247934042
57 2213.4111201887763
92 2229.0538714684694
94 2246.522124714219
54 2272.8689294480837
80 2280.6495195164407
74 2281.9431181198265
88 2304.9866032530003
