8 0.6853236892015142
6 0.8782594417636159
12 1.1767150244901927
14 1.39033040941378
18 1.430198314164631
5 1.4667451631735948
7 2.0859117148766146
10 2.235536330599701
11 2.3723076552005584
20 2.469689031443806
19 2.610022300070138
27 3.661000564658149
13 3.7050874602422934
26 4.046020610179353
21 4.36081634405751
38 4.4068203177073055
35 4.621591039370833
23 4.6500402101958
4 4.758542339783057
40 5.317356936409601
17 5.409727757096108
43 5.557758940591232
36 5.746606589776854
24 6.061976631181454
16 6.083531984054619
31 6.0870664262709955
46 6.774837698566054
64 7.201243365670073
32 7.325989753123087
56 7.367394107885935
28 7.389673981751173
60 7.6129179636210695
39 7.6871180782189645
25 7.7664223537675925
34 7.8688192335101235
55 8.876304010313095
98 9.005587663311639
52 9.092206304510318
42 9.192308336092736
47 9.26732679444579
29 9.403137566009576
61 9.449768033427087
78 9.569008225920154
33 9.819123008711
22 9.915646133215784
51 10.334479574551352
2 10.621954245167604
58 10.631550023957372
81 10.79714184497357
50 11.06501884409491
66 11.166329859246558
59 11.72215811569131
77 12.482361776320397
49 12.634263346642047
30 13.10754879608038
53 13.264080249203307
70 14.221352928995756
67 14.266158919853751
37 14.42381101116409
95 18.603448246122326
3 18.894017893889476
9 19.00420132747122
68 19.476789138855402
44 19.793022186259552
83 19.89257411773954
15 20.05095545978256
84 20.598261246392784
1 21.36669612186867
76 23.025957212373232
93 24.070399720765725
82 24.207873895741507
71 24.446670524756225
73 24.59364337706259
72 24.819521466944206
86 25.803560688562982
79 26.22438751880971
99 27.152306755823012
48 27.270356939156557
89 30.28894695138845
69 30.81171142763463
100 32.742502048383365
54 32.88216803514108
65 34.64368693172597
41 34.824302867000384
63 37.11037655123227
96 37.350330363954654
57 40.61495371194771
91 41.97000976725957
97 43.237382149752854
75 43.25164980540857
45 44.06284545485463
74 45.021381855586135
80 50.44967228706111
88 52.60835752698807
85 53.322913816884224
62 54.426849255614115
90 61.804686071769034
94 64.90473286282459
92 67.23832324866035
87 68.77363850202872
0 120.5769619508753
