4 2.2125540618627118
10 4.50733953746153
2 5.4323386921203545
9 7.963952520371523
15 8.245324341999414
5 8.281452697681681
11 9.319598867952411
12 14.330616736595834
14 18.50314525288589
8 20.88518847179632
3 21.019105357598846
6 22.01477783295196
18 28.674551234207165
22 32.286061261492485
1 40.49957154037579
33 45.241975022383144
19 46.93819379001785
20 53.41064814808284
13 63.26212109949104
23 73.4105467615817
27 74.23811854080637
21 75.52762464327985
7 78.31747855974967
26 79.27270567104277
42 92.42935269188186
36 99.37732751678156
17 100.13935006307419
43 100.46422492993248
24 100.78370904288224
35 103.39722682832553
16 104.55562626644006
25 109.97535122801354
40 114.93953964945356
38 115.67871597224594
31 118.8639084232195
32 121.4648420627565
46 123.0276265731239
56 133.32614028177528
98 139.64830567676825
29 152.9772755298143
28 160.6027208324043
60 164.6483516594774
30 164.68331688718942
47 165.25957319159298
34 175.18707475864014
37 181.67358312479274
78 189.035527759062
39 190.32570863965162
64 195.90052523854712
52 201.81502484851617
55 206.99157485774944
51 210.74046260265186
49 216.659202291072
66 220.02907105293116
61 229.41946380620996
58 231.02477716088256
81 233.32527717237494
59 235.43504273964078
50 238.8183623708554
77 241.94045080137272
53 253.66440402379362
67 269.42881299318645
70 274.94474692687874
54 295.0073306980992
44 301.6676575608708
48 321.26623526668055
95 328.6899044630759
69 340.36566355910105
41 343.8938029204492
68 366.7020016089141
84 369.5061418415702
83 370.36843753637265
79 372.03776516396675
57 373.12813008507237
76 373.20221630715935
63 373.8050511267772
73 379.61662017093295
86 382.93534558660883
74 396.77836067909504
82 407.5998086279398
93 413.17736054733456
75 415.49270453632033
71 417.2001269371732
72 425.44139683728855
0 434.3897868342275
45 434.6665411801353
80 440.7924692672153
65 448.50154289363843
99 452.4286174590061
88 457.2406791949926
89 458.08776372553547
91 505.0795489657921
62 505.76129877205767
100 510.05752248601704
85 541.499571729693
96 563.7554514409575
94 586.3565208805404
92 617.1314248544605
97 629.9144154755949
90 636.7025118989621
87 644.5229107324856
