98 0.37768214962472746
32 0.42738916957743844
56 0.5034826774917788
47 0.5098273474765384
36 0.5193613020264394
46 0.5417559889632364
43 0.6023857577972553
49 0.6210415983978558
31 0.6473391057867276
3 0.741255499280146
33 0.7547405681477651
22 0.7944128432311907
77 0.832601279159929
28 0.8772592202712939
42 0.8857112072139103
26 0.9122346031817731
60 0.9384712923045301
40 1.0191258809150856
35 1.052756406102054
34 1.1096564702852914
27 1.1217095380936384
67 1.2085198451599835
81 1.3729381298871992
66 1.441907156807094
78 1.6035220403534627
58 1.9701874773204824
38 1.985545936129794
9 2.07969758413585
51 2.1201005177579875
59 2.3591590404303346
0 2.4653160311353575
39 2.584708042535066
15 2.6787449132007692
55 3.2156836157093194
71 3.253317876387903
50 3.3519492232143966
70 3.6322959368002463
52 3.799029765417529
93 3.9148927854370092
2 4.075556051351663
84 4.145185640282102
83 4.452401157723957
61 4.540529981346126
72 4.6055831852540985
99 4.758941976026719
100 5.564527757379288
73 6.641661936302222
64 7.396807882394916
96 7.71293113415998
68 9.746928204773633
6 11.584668264648547
82 11.840909508755928
12 13.411769069407692
89 13.461727750745636
76 13.620549889701152
97 15.533268619782845
91 16.52729210825037
86 16.929436196769696
95 17.97217623258599
10 18.002605704579413
44 18.84469066840158
5 21.1500196776666
7 21.423597308082666
8 21.44750364131691
79 21.51850619970727
48 26.421963352390925
53 27.092387129807722
29 29.617968104701525
65 31.863379410086704
4 33.950440368204845
1 38.50065562992529
90 48.75714561878895
85 95.97550331522609
45 117.85606954127068
87 122.98942819045723
24 227.9129566353276
13 336.91755660994073
17 344.69973828910724
21 381.82602386341256
11 403.4533974806877
14 416.3552466185165
16 424.2283235347582
20 428.1359044007172
18 428.8079906166302
69 434.45282189325695
19 439.7329087310247
23 447.03401379932865
30 456.7689094262225
25 457.6029293585144
37 461.7588901368703
63 493.206169643565
41 496.0703056715339
75 510.7891229460484
62 520.7320244604981
57 527.2478602477191
92 528.0912567314318
94 534.6351955411802
54 547.2894722459766
80 548.8048971343391
74 549.4464796920288
88 556.3177148353518
