12 0.7519712065606398
6 0.8049010717937379
10 1.112387988077413
5 1.3545506444194175
27 1.660441129328795
4 1.8501702745168156
8 1.8590184672719101
26 1.8642497008755694
2 2.040629605718458
38 2.047944622835511
35 2.1244615546657286
40 2.3166799791871826
43 2.3974270951446686
36 2.4582900591425276
31 2.6005659484760715
46 2.9347831518769825
7 3.0799621530873145
28 3.1356087327443234
60 3.154396196135172
56 3.203631051375459
32 3.2594887308102374
34 3.3635436741305638
39 3.4206921655025164
98 3.624873852381056
47 3.7975520274934587
64 3.8140163777528633
52 3.873532306527493
78 3.9088408356201327
33 3.958426329383447
22 3.9898102897700953
55 4.004189385139491
42 4.1031671105149305
51 4.128928530020955
66 4.184306527306231
58 4.339770105685381
81 4.3542112920887295
61 4.371926505508387
59 4.574924653782601
1 4.595528250762106
77 4.766050622115939
50 4.793137725010939
49 4.83355705923788
3 4.985649081047249
67 5.25661141589879
70 5.760754274511176
11 6.319446735189198
9 7.1850988809933565
14 7.55802660797255
29 7.744795830501232
15 7.843054806461446
84 7.896477239796015
83 7.914255502252059
71 8.768798417699843
18 8.795249604398006
93 8.879625503506135
53 8.89253260267989
68 8.896687578143219
73 9.274170919926961
72 9.36963183785713
95 9.623069253416457
99 9.973561642709809
20 10.14003441908058
44 10.439772567344281
76 10.741869649083176
19 10.907089270934415
82 10.915667765053442
17 11.601923114814356
13 11.778803146654557
100 11.841667202246587
21 12.066006216793708
86 12.29936978450072
16 12.383690743604692
79 12.8882431139785
24 13.039489843475385
23 13.058520118866213
89 13.258617061234876
96 14.054902906056014
48 14.212140246482685
25 15.389004243602741
91 17.270322128647468
65 17.769927282978625
97 18.181111677286456
30 18.719350420739882
37 19.009360207111683
69 27.253154824202223
90 30.684190622926167
41 31.09005011798094
45 31.281727673860985
63 31.46360043900992
85 32.761461382776076
54 34.01202095063834
75 35.29117797395233
57 35.76448363168549
0 35.99747442237917
74 39.49760338016834
62 40.74571607378562
80 41.77275736631298
87 42.21949667021358
88 43.15304944869094
94 45.81213662516753
92 46.13326018547086
