15 20.78853385310405
9 25.88338856480439
0 28.39566628983804
22 39.665707011207665
33 40.412440725638476
42 41.06231936479127
98 58.76403961008674
32 59.885279995362275
49 60.02419041614919
47 62.74728229435972
56 65.2816382630465
46 67.22609351777993
3 70.58077460608675
36 72.37825033105264
43 73.42098858845006
31 75.87847148733445
77 79.09870169831959
28 82.83330136612065
26 83.64271408783699
60 84.31307655529072
40 84.75023689288932
35 88.45462827688361
67 89.1353714174492
27 89.4321645770053
34 90.04959788600279
66 92.44028452427662
81 95.73311495725889
78 98.4734249353673
38 106.27274909739258
58 106.51815826713904
51 107.15498574027625
59 111.80411543681107
39 116.68175387640792
71 126.04393817822373
55 126.66512123020242
50 127.64264462443434
70 132.39595576062
52 132.87141430987327
2 133.0338506166753
93 134.47617245154575
84 137.58484601018895
83 142.31675923003283
61 143.21511316151512
72 144.0244723226845
99 144.80211401491636
100 155.95635412074006
73 166.83454669492852
64 173.8956788412416
96 178.59476453687935
68 197.73381089230912
6 211.42213783599306
82 219.71875231152362
12 229.62268528680985
76 235.0906418402535
89 235.43250727280036
97 252.02252298296034
91 261.9968015659659
86 262.22448519824536
10 263.7567625433265
95 268.9741919837191
44 280.93793301600994
8 291.8358942607333
5 292.2660949217553
7 293.83521981079747
79 299.6477421808492
48 333.8497176454048
53 335.5965140058821
29 360.092149564235
4 377.81713627953053
65 378.1038920969328
1 388.0603122998736
90 499.79671398338644
85 788.60902770161
45 913.6908950912257
87 948.5476567639209
24 1512.7230111573213
11 1967.9284623502242
17 1997.4531411417895
14 2030.6098715451274
16 2035.9585370671612
20 2088.768486517344
18 2102.0833516820694
13 2114.246970050615
21 2116.8011345040513
19 2154.1526348306656
23 2205.3945689648435
25 2242.4446123408575
37 2252.6275939563006
30 2285.318162339473
69 2296.2455872725436
63 2388.7693461047124
41 2413.9852484379344
75 2480.494103324904
62 2516.6013741504553
92 2527.8069476990795
94 2573.2627621615693
57 2583.971633094878
80 2712.2910373966374
74 2728.314624642611
54 2735.4669216647967
88 2759.914717734966
