38 0.77197343538774
35 0.9733134422503581
27 0.991287297664572
40 1.027999130162311
28 1.0824399988393383
60 1.0842389878833707
34 1.1115463420204925
26 1.1513640849363231
66 1.2020588691654708
39 1.2097770624072681
81 1.2277746268346204
31 1.3252596468312383
58 1.471401738103553
77 1.4919864529422182
67 1.5033458826493418
43 1.5499716192673956
36 1.6929150875028154
51 1.747542178235247
78 1.7559899550251696
46 1.8660330932464337
59 1.9264410643156118
55 2.0158751751597155
56 2.024348248431204
47 2.1477660603010795
52 2.336746299177052
49 2.3439604913658116
61 2.4952599349901066
50 2.553325771227576
32 2.6036495465337333
98 2.7384965065204487
70 3.3452862920316795
64 3.4694440122908015
2 3.920754125409576
6 4.091972556856264
71 4.159774781022095
84 4.496215112321406
12 4.49981121129648
93 4.770885003346154
83 4.802152053064625
42 5.523154500409196
72 5.634775207068626
99 5.772302278294357
33 6.7082091807983
10 6.901147456440512
22 7.1472180473905365
100 7.8088440741153615
73 7.914868938699992
3 8.006271187604176
5 8.13267741718619
68 8.62651827345882
8 9.311620683702287
7 10.477514659094785
96 11.313746827580019
4 11.527040164215736
82 12.165573523364712
76 13.768448414136872
9 14.113246222993569
95 14.79880565845111
1 15.194299825862647
89 15.819706918780154
15 15.995982846686204
44 17.4602166089668
86 17.999924839111127
53 18.123923116556618
29 20.178628183428184
97 20.495874505768406
79 21.484934132432432
91 22.994006371957635
48 27.84754603333909
65 31.66627665538027
0 55.13998389872598
90 57.5629676639382
85 77.36934535060641
24 83.4919075191506
45 83.95328682525273
87 102.03064634708494
11 107.79282063702014
14 113.94982649436086
17 118.89496086613038
18 120.53786408010846
20 121.91663448789431
16 122.65712151927298
13 126.94249354033623
21 127.24412706372698
19 127.8193316324467
23 134.48462087498743
25 140.57102959202228
37 146.0527397066343
30 148.02917522228447
69 160.42776423325495
63 174.2549880131659
41 176.53539280538052
75 185.87966903837847
57 194.9818103578455
62 197.08740350960645
54 203.10790646536162
92 204.8837561266187
94 207.74375052138666
74 210.70110559474588
80 212.7488982127932
88 218.17115280162741
