27 0.5483536420043061
35 0.5509332402158127
38 0.5524547152948209
81 0.5955742358976801
34 0.6024946686999034
26 0.6102761171273942
58 0.6293297109617452
78 0.631394268843588
40 0.645189829970615
60 0.6530458696183673
28 0.655059006225159
39 0.6600409587159933
66 0.6695315337530908
51 0.6899050368653933
67 0.7031039649813252
31 0.7257487555604921
59 0.728186899645158
43 0.7892295246736742
36 0.8141606751700976
77 0.826508003673316
55 0.8271070167841197
50 0.8953979776879862
3 0.9178458646315295
71 0.9944972694420776
70 1.0054865295385536
2 1.0235232278750899
46 1.0265008322076552
52 1.0468837343287989
56 1.1208269182361676
61 1.1655239122585725
93 1.182394730908854
47 1.2205773082702227
84 1.2263274741280707
83 1.3126376836874694
32 1.3276007857333163
98 1.3364359182078176
72 1.4028855306384969
49 1.425060172715528
99 1.4546274258443161
100 1.7925360179146963
64 2.1585709009048584
73 2.1834981010665424
33 2.4332631347831564
22 2.4877815244252313
42 2.5039143936857124
96 2.691583858647515
68 3.1704116569219116
6 4.122276385222313
9 4.158599806347427
82 4.372312452329636
0 4.416054122233523
12 4.65529744343801
15 4.973187811656033
89 5.152309856750941
76 5.285034210016353
97 6.260799649037542
91 6.756575231955994
86 7.061356775365438
95 7.4371673323692
10 7.552283434241289
44 7.734843050281134
5 8.793082177956357
7 9.205533822335209
8 9.293012008095388
79 9.530578701875275
53 11.22459650466247
48 12.462092405118701
29 13.132220378428658
4 14.173704078762972
65 14.37809114093248
1 16.45398749445579
90 24.39879320767371
85 48.29234895358497
45 61.18258916507107
87 66.14165479453011
24 94.35132588691681
17 127.63105170592011
11 131.15190522313088
13 135.233225377145
14 137.36887109131894
16 139.97887353230055
21 140.4366462129015
20 143.36045068615212
18 144.14419196865543
19 149.7855294643702
23 154.52152970986384
25 158.92718816951182
37 160.24267832270786
69 161.2439641684965
30 162.43345044486935
63 175.8267807433575
41 178.57669908627346
75 184.88315105851547
62 190.0052889535917
92 191.987964265096
57 195.27902297025594
94 195.9719903700688
80 208.04006555489795
54 208.90490604026027
74 209.22334220841176
88 212.81240004657755
