90 0.18210317690226227
85 0.47708269327426267
65 0.7229629860038971
45 0.9384235141754314
87 1.1054781318780975
48 1.1464728699143283
91 1.4200199121293637
79 1.4740791955515
97 1.5353318094182942
86 1.807572535537704
44 1.959744417240599
53 2.049570155699544
89 2.053210244933821
95 2.2324850234674902
76 2.341180218009249
29 2.409787551439089
82 2.5637988132056964
96 2.899552611305574
68 3.2830716790074432
73 3.6367372634217334
100 3.7195763149905274
99 4.284386813961626
72 4.349253698898957
7 4.5738623597240435
83 4.650010265758911
93 4.73024158594412
84 4.794353655198456
71 5.070317366103848
64 5.165144440688557
70 5.4063806498881615
61 5.682462979956985
50 5.855741668738522
52 6.027667442697301
55 6.232522987850355
8 6.401391664620017
59 6.550232987408552
51 6.871399874082995
39 7.028524426615354
58 7.034854331081954
24 7.26297138295566
78 7.2861882120753085
6 7.569449241422989
5 7.608252644365828
81 7.696852898577461
67 7.698595759195293
66 7.853282996259215
12 7.890635383555475
38 8.271655593859082
34 8.426508120747474
10 8.485915149661219
77 8.510905283746707
60 8.888896832135185
28 9.03635565932289
4 9.375295751935548
40 9.402684217559953
35 9.418636324262938
27 9.812774950832045
26 10.0091910431544
31 10.10668268772911
49 10.303781088379768
43 10.544679382481203
47 10.559523909909803
46 10.578985573276663
56 10.612598883815313
36 10.773726847965639
32 11.263048049987727
98 11.540287124102715
2 13.709797181753851
69 13.741562919108706
42 13.828286313468
17 14.194458433956857
16 14.351611010924016
63 14.468725578651673
37 14.609350444912042
41 14.804688789722636
30 15.057675656026555
75 15.074876224773728
33 15.121007519033629
1 15.201192196055148
62 15.33812139008897
92 15.42169874356758
21 15.457793381295577
22 15.528846923288013
25 15.592385053285883
13 15.66875935329772
94 15.817040080384912
20 16.026899462159825
57 16.081859894004086
23 16.104307733800223
19 16.655850196604355
80 17.007947558592612
74 17.21000700493232
18 17.306448333361434
88 17.42500329313874
14 17.55779551072113
54 17.56302282543641
3 17.66671206451089
11 18.46323033160124
9 20.039696409118058
15 20.63608216966995
0 40.367405921881165
