15 4.9476817848521435
9 6.4670265727352625
0 9.450474071895538
42 11.030190794747199
22 11.268215056121628
33 11.4935934533371
49 16.80822426846176
98 17.483322913417304
32 17.81104643237985
47 18.529241135808974
56 19.397310387326105
46 20.30393569958803
36 22.841013468952998
43 23.198568898309823
3 23.4965769510554
77 24.044052153660065
31 24.136877335123785
28 26.167895919971397
60 26.664966134924494
40 26.834955469464433
26 26.90271354235335
67 27.627908197663263
66 28.7200878447623
35 28.866059293911594
27 28.91842891962353
34 28.94222670325671
81 30.87056790883521
78 31.393222134359256
51 34.483272580146036
58 34.68241592862507
38 35.679469038349886
59 36.023379570296306
39 39.82243682054701
71 41.229356167615656
55 42.939525351204274
50 43.57032687386942
70 44.36969074952783
93 44.566858204585444
52 45.02263212317668
84 46.231311547468636
83 47.833084791719884
72 48.12209048206676
99 48.335757563834655
2 48.726529394935596
61 50.681690113996275
100 51.71907989648954
73 56.20430763767401
96 61.38392545472127
64 65.43873380426778
68 71.21269339674816
82 80.42523533645227
6 81.46708249572357
89 85.27580284597909
76 86.33597179655244
12 88.27346535801682
97 92.18704839597261
91 95.70810798219141
86 96.91988335067539
95 102.71816907123825
10 104.95827010073819
44 105.76258427457743
79 112.64617487143663
8 116.83013925321197
7 116.87000854514656
5 118.98176780923293
48 123.2087717800058
53 137.00896053240777
29 140.73543070589457
65 145.9652910963835
4 167.29422156733767
1 189.6418389182298
90 195.24103553273363
85 336.82369625851226
45 406.8211171018589
87 415.9695744491204
24 997.9572140587532
17 1442.1995717775512
11 1460.86204474272
16 1491.4981627979075
14 1498.4502212020836
13 1512.1288111593512
20 1529.6189152180066
21 1531.2968746977988
18 1542.4758532654196
19 1572.4555737830426
23 1600.4437324510989
37 1621.7719897124025
25 1621.8487116637627
69 1623.380479492927
30 1638.5361026286296
63 1697.6008798552903
41 1713.7856624774533
75 1753.0996926983694
62 1772.068174298451
92 1775.1847598763964
94 1805.4156911053485
57 1820.2683787774736
80 1894.2060622131182
74 1906.8089699184272
54 1917.849150077951
88 1924.093846031772
