79 0.15159519964398505
91 0.20801652591089365
97 0.26868336081584926
86 0.26936340204615156
65 0.2810643980019944
44 0.30341070620202387
48 0.3232494437052707
95 0.4174431132620552
53 0.4483148532578517
89 0.5059470766651918
76 0.5969659695726474
82 0.8208710884141776
29 0.8924295895295203
68 1.4295419606949604
96 1.5429456629862328
7 1.7608391469332914
73 2.064528971006258
90 2.17929593254344
100 2.409602001388617
64 2.8344698946980627
99 2.9498828104670762
8 3.0001377112102583
72 3.0100722749058515
83 3.1938047014450004
84 3.386629277717403
93 3.4636069787984325
5 3.7482914924705213
61 3.7818576589132675
6 3.8532803435434744
70 3.8877464133078337
71 3.9412113038985095
12 4.002970870855338
52 4.190896802209179
50 4.27970226061479
10 4.309728737511364
55 4.5569443685094075
59 5.211510124088159
4 5.287748817737191
39 5.37864522760544
51 5.560534724302202
58 5.755169728541
78 6.218215065937072
38 6.506325681675068
81 6.655823942997509
66 6.8236383851456
67 6.9581415135342235
85 7.241875848490878
34 7.38571806869642
60 7.923975077260446
77 8.002271852819304
35 8.064237981542869
28 8.083596726352557
40 8.160540361612176
27 8.235199943532512
26 8.648641763065354
31 9.15654175859379
2 9.34291203533154
1 9.441020058526732
43 9.58494026770625
36 9.868502502922908
46 10.007088035245221
45 10.180667895989332
56 10.198631548744965
47 10.342395886315952
49 10.402762000570574
32 11.06340742753539
98 11.35024490662583
87 11.964722694052117
42 14.390444241219816
3 14.6768462698667
33 15.34117654634682
22 15.672361918960217
9 20.423300595816148
15 21.708519345618296
24 27.724857749614557
0 35.91829485334005
17 36.02301392268984
16 37.00400129853362
11 37.322155342464995
14 38.142469383152566
20 38.6685312234692
21 39.27731279125459
18 39.48096063723995
13 39.496684142893805
19 40.61807329847823
23 41.60158655901042
37 42.05639561684159
25 42.27492788277309
69 42.937305153967536
30 43.08438495481704
63 46.49752478978691
41 47.59266435183755
75 49.3297490529061
62 51.06792710448116
92 51.738583612519896
57 52.71182246490549
94 53.14980469451603
54 56.91280454822739
80 56.989870772371944
74 57.21397879891818
88 58.41417228994073
