33 0.5178388253687984
22 0.5406253249357803
42 0.5842677204845174
0 0.6112497023587634
98 0.6196595902956588
47 0.6333495052893378
32 0.6344101458735734
49 0.6418089759472865
56 0.6721637983098485
46 0.7039634544013954
43 0.8124112258972321
9 0.8361004108878082
36 0.853359269621155
31 0.8704522107396465
3 0.8943509704962748
77 0.8984576087744978
15 1.00434844520537
28 1.0130313785617637
26 1.0526929600673225
40 1.0602779104757705
60 1.0799896517973604
67 1.1051403598774368
34 1.19755401436719
35 1.2168810359137887
27 1.228767059926126
66 1.2289996331275268
78 1.361604274338854
81 1.3753759819490392
51 1.6380319701281196
58 1.6542086896968318
38 1.7289965436252444
59 1.7855099227218063
39 2.0902399904893025
71 2.2391318640682747
55 2.4304497238222176
50 2.4661903018594833
70 2.541831054816235
93 2.5615035329397955
52 2.625416027128101
84 2.7162826863369034
99 2.9387392593574435
72 2.944340819841867
83 3.0226817992263593
2 3.0535363294685482
61 3.3003189522243646
100 3.324242977272194
73 3.8422582456787233
96 4.412097791541659
64 4.968113220643443
68 6.4153514054144996
82 6.679907738509967
6 7.0915801484268455
76 7.461991414978735
89 7.723493019588962
97 8.634944686284395
91 8.949373819051043
86 8.957584734067497
12 9.057434942375856
95 9.6992854719505
10 10.297162580099284
44 10.563436819045483
79 11.24893330607261
7 11.849145060042574
8 12.028157211918037
5 12.450050905968189
48 12.988463529443491
53 16.078350088134187
29 17.18617494981503
65 18.49631623055641
4 22.140680943707036
1 23.829119727907766
90 25.86637889574786
85 56.66946273681341
45 68.45265783832077
87 69.37957537427859
24 157.67934322559933
13 246.23497761534455
17 269.4137424200757
21 332.3822576411947
69 365.4459757552352
16 405.76807166368616
11 434.5904873109263
20 445.9381062329299
18 447.3217182621197
14 447.65281139277533
30 454.2978407748705
37 460.57762616883747
19 461.24037797606223
23 462.0730894333956
25 466.7080007076875
63 478.788559506324
41 486.24520023163143
75 488.8983227048167
62 494.9031747861619
92 497.309698932067
94 503.0524149750416
80 518.6137430006632
74 519.1525750298664
57 519.6804230552656
88 524.4647543287655
54 535.0698199207277
