15 25.167665519433097
9 26.887916226525345
0 28.857543346166096
42 32.654099002732295
22 33.571373432692816
33 33.93027434278093
49 37.86380446232524
32 39.33570695834493
47 40.25212714452347
98 40.40876976687922
56 40.87188637652635
46 41.55317330688384
3 43.32586181926695
77 44.66619258910547
36 44.704290514130925
43 44.825662775760975
31 46.45044654754404
40 47.02435258436588
60 47.16644046517763
26 47.21430115233138
28 47.52959449463542
67 47.78392473585722
66 48.53720276796503
27 48.623024203207194
34 48.88907166024093
35 49.07657055414525
78 49.684379671358656
81 51.57622178450594
51 52.44852483898412
59 53.913709266378255
58 54.02493237849826
38 54.3933848150025
71 58.14477889551914
39 58.95206815900072
52 60.16014775585386
70 60.261835061169656
55 60.676503244388236
50 60.70967185589148
93 60.87203555672787
84 62.37094523247373
2 62.51854442024068
83 63.18964319156715
72 63.66585773926523
99 63.94355882552133
100 65.53448341529125
61 67.20665215011526
73 67.91430186390048
96 72.7687963147383
64 77.86196353198103
68 82.62885569756858
6 83.73882826368435
82 87.81205221552693
89 89.11191234442545
12 89.36318616617369
76 90.36899169922599
91 92.32787267867543
97 94.49236278476208
86 95.59418492248692
10 97.74218948468561
95 101.24618421144292
44 102.10197986509947
8 104.46094594829442
79 104.63723046677623
48 107.55392909026406
7 107.98520963450426
5 109.38606736943254
29 121.5575055209578
65 125.74679693048886
53 132.57863084597798
4 148.74748032696556
1 149.12281520910565
90 151.71705831464948
85 262.3962061026925
87 287.1812823828907
45 294.58581690833944
24 835.6601990377661
17 1190.6225378187212
11 1218.7886336387705
13 1220.4292983297605
14 1242.066664768078
16 1243.6116988764504
21 1250.8598557627156
20 1261.3242163375512
18 1266.5650632039883
19 1287.0109830396002
69 1295.3275387290348
23 1302.865540056591
37 1314.7876570824371
25 1316.0035957394718
30 1318.7338406459523
63 1363.1298645160994
41 1373.7815696077068
75 1395.1393668380672
62 1407.0261892981155
92 1408.9455327781873
94 1428.7638202180212
57 1434.3557679982289
80 1474.2557870001194
74 1479.5190411786048
54 1483.8650605959012
88 1489.7299290321878
