87 105.42240067565778
90 105.47225946374128
97 109.33306894895017
92 110.0058996822282
94 114.53340386439037
96 117.5433170282863
85 119.29209429090392
91 124.17157115414842
100 125.58795281918059
62 126.51097902411216
89 133.63369701703792
65 134.29870434599837
88 135.90596032892375
99 136.1014937755713
45 137.47581053383436
80 138.7475408354484
72 141.11863460835372
75 142.17370486651282
82 142.78835860453808
71 142.8532409089286
93 143.1973226427234
73 145.88670297190086
86 146.2162583544503
74 147.17598076528884
79 148.3601185725538
76 148.51518299699816
63 150.00056679666528
57 151.29638167439498
84 151.56926208175315
68 152.81827586463422
83 153.4110931561224
69 156.52802747133774
41 156.62589240481128
48 158.71608193696053
95 159.41918615404748
44 164.37460462951694
54 169.9978126784172
70 172.15378862794253
67 175.94123315437943
53 176.94759685512182
50 182.72964435267178
59 183.0314415411991
77 185.5903670039515
58 186.69534078107435
61 187.80835689456734
81 188.04417588617238
66 188.35187641087504
51 189.76517581811888
55 192.177247300162
52 193.5709200051054
49 193.91856764222027
78 196.05898605218985
64 197.21668394294824
39 199.33525162910024
37 199.90688358686404
34 204.61705031503783
30 206.2620156862321
29 208.5463960266023
60 210.18365226499117
47 211.18039217313836
28 211.20018047023433
56 221.309541978025
98 224.87487742953218
46 226.04441545386004
40 227.3814901856235
38 227.41967274087298
32 228.58201789657218
31 228.89815877282808
25 229.356726611678
16 230.6278221918681
17 232.54670368694457
24 232.7407316218549
35 233.64989320929004
43 236.7144644861523
36 238.1957949097904
7 242.37005366739362
26 245.65943901188024
42 245.75328073650448
21 247.52900518335977
27 248.53620948568783
23 249.75138263095974
13 256.05885004296846
20 262.3506921485569
19 268.9927250966024
33 277.78884355865665
18 286.33361781149614
6 287.09548110654674
8 289.0360332050789
22 289.0361642720747
12 297.4899410977269
14 300.3825258979006
5 309.4811945372849
10 318.31948817123896
11 322.628147099691
4 342.2122612517697
15 352.550390871948
9 362.7491901388165
2 366.28589987428757
3 396.3011049488978
1 416.44492001091623
0 636.0980929763931
