90 0.3866324459895035
85 0.8756427786739
65 1.4070503179751914
45 1.649355404984546
87 1.6499213187230013
48 1.8584862738760115
79 2.3823451253754153
91 2.468058897547779
53 2.7779961237818305
97 2.7814656584235067
29 2.858734841659301
86 2.8907247248186287
44 2.902298311352617
95 3.252280388190562
89 3.3338653898307653
76 3.5734791768889242
82 3.9281126014051404
96 4.647976738266309
7 4.742849770456457
68 4.752650461576846
73 5.318329617449804
100 5.631958276151401
8 5.97647730271486
99 6.222760690933533
72 6.272721475878378
64 6.405993368570455
83 6.501822297707306
84 6.69057888069197
93 6.714929862667176
5 6.841933105935901
71 7.136255978305341
70 7.196700220471692
61 7.2347418089169055
6 7.429897934312971
12 7.538238260890728
10 7.568813806832165
52 7.571909031750115
50 7.595586714949101
4 7.737301863811578
55 7.890168936567909
24 7.9125723541741575
59 8.382258856127764
39 8.660478011283406
51 8.69354660600325
58 8.885667717082045
78 9.198542704553498
81 9.630687702202524
38 9.667536429255492
66 9.748395531348098
67 9.788424426080953
34 10.24825382479503
77 10.617173856751652
60 10.677092011095805
28 10.825715348192132
35 10.917962595243951
40 10.959637866642128
27 11.100757838745311
26 11.401775815410714
1 11.676754605820037
31 11.743368410889866
43 12.094856131598927
36 12.317776382119277
46 12.323444758254102
56 12.44131547680166
49 12.452440262075838
47 12.507208720668261
2 12.557914550643542
32 13.08650859781469
98 13.348604952383917
17 14.338512773902613
16 14.570473723203394
69 14.749526758381254
37 15.396576605389706
42 15.532557954960605
21 15.631069754751964
63 15.646739720212322
13 15.794451733286772
30 15.863724677731435
20 15.931539492750145
41 16.068629649071443
25 16.154416605882442
75 16.37867304319526
33 16.39389166838275
23 16.402555815678948
92 16.61141366004973
19 16.62555674371728
3 16.632856822333228
62 16.663845905031
22 16.66673891073203
14 16.82477666267427
18 16.888630903570427
94 17.115959254574843
11 17.255184512174914
57 17.61964131467294
80 18.764604862920322
74 19.048478486460457
88 19.263366073826912
54 19.439865431711677
9 20.223059081787348
15 21.01604095731505
0 32.61590882796516
