90 3.764531227667433
97 5.2590355123446875
91 5.320999825342043
65 6.384064578332398
89 8.155640633063944
96 8.577370632182644
79 8.759833470799641
86 9.12763272333172
85 9.161927357397541
48 9.182025781043064
76 10.3577212468183
82 10.366237595895628
100 11.091876136964766
44 11.161278464889579
95 11.718055822633145
87 11.885991809761794
73 12.331310959183313
68 12.985636055976792
99 13.522398618147681
53 13.697015884238132
45 13.760126294896699
72 14.03415497474874
93 15.026921461003875
71 15.728282966971788
83 15.812092705821362
84 15.898840365693806
29 17.57852883405044
70 18.836994528992328
50 21.22680093755015
64 21.838372259091887
61 21.865115977408806
52 22.46202807684502
59 22.53584287380172
55 23.06392512078016
51 23.770285070895145
58 24.400890228682645
67 24.87496052380683
78 25.066839589692346
7 25.444161132534116
39 25.999079254276317
81 26.310397925273605
66 26.367112676828835
77 27.805666980549052
34 29.366869630497177
60 31.005014897502043
38 31.349642579896877
28 31.581908309742627
49 32.688868248914176
40 33.60444703099363
35 34.44733381414232
8 34.85342760227531
47 35.17263066518863
6 36.07148718074782
56 36.095253453144316
31 36.14985685717947
46 36.486397470839506
27 36.602823783861595
26 36.86781849538797
43 37.57653378953951
12 38.241919692729944
36 38.369069461401175
32 38.431421236242294
24 38.66420551460785
69 39.10247349766633
98 39.40480311185957
5 39.76380770687268
92 40.343178510869265
63 40.48422361329083
62 41.28992988508987
41 41.7068819352726
94 42.26641053068066
75 42.35751323628637
10 42.48877983756817
17 44.00439513033753
16 44.4783489972824
37 44.636929503834935
57 46.01004380728898
42 46.30936142999588
30 46.367266269736
4 48.04163142707248
80 48.54919662179973
25 49.295733589379445
88 49.51827438644723
21 49.74900080630311
74 49.7630480025935
13 51.1405275373511
23 52.3818335045573
20 52.44510352189395
54 52.57054128603299
33 52.997065547107475
22 54.8059454589063
19 54.92196381793235
18 57.788731468666334
2 58.283772422353074
14 59.29517124627705
11 63.158571107576506
1 69.46385937542193
3 70.55424266376676
9 72.41454101259816
15 73.11880010269194
0 149.31127616292707
