15 2.7652278863823954
9 4.739044606783702
0 9.121860328630026
22 11.052069510002738
33 11.379697355378612
42 11.87202910439258
98 21.561556871706607
32 22.406957176038535
49 22.788684380593654
47 24.186397340435292
56 25.497310189678647
46 26.7833510532412
3 28.514476707085656
36 29.798749922022335
43 30.476882681721786
31 32.060097986861784
77 34.5335993116805
28 36.52088196531569
26 36.89037684046894
60 37.65472801628975
40 37.66720579765134
35 39.99479638730083
27 40.52471031022863
67 40.88898174643098
34 41.179639746462904
66 42.81326087249742
81 44.92233960445485
78 46.981851004146044
38 51.80621542764647
58 52.00872677221879
51 52.79450914251576
59 55.861199825938535
39 58.89022316998393
55 65.7366596306374
71 66.17457937345611
50 66.95242772299608
2 68.60638297404239
70 69.9793500109537
52 70.40975548274852
93 72.02253188793765
84 74.07282225244741
83 77.1527886392831
61 77.41009279201316
72 78.5103804111076
99 79.13277209866683
100 86.83367301988618
73 94.74031604059222
64 99.530009331138
96 104.16195416446853
68 115.96659605892349
6 125.49066973627022
82 133.22103092500106
12 137.11272177992208
76 144.59627677776686
89 145.34611991965477
97 158.29547258771885
10 161.74844548245932
86 165.5275576702877
91 166.66429883043602
95 169.42662148156765
44 179.0513718967764
5 183.42739603327146
8 184.34952880633566
7 186.58036468090515
79 193.60715643016732
53 219.1690832166846
48 220.6646116599758
29 237.0753167036981
4 244.06614024993584
1 253.11279021260188
65 253.11932015305428
90 350.7592257284684
85 559.7165578616983
45 661.4207501148343
87 694.3722668101274
24 1248.9201427116056
11 1659.76863278999
17 1688.0429035922843
14 1713.226960781885
16 1720.9186612380568
20 1763.6222295897708
18 1773.6702327391824
13 1785.7429637394666
21 1788.0447696165031
19 1818.6333830787173
23 1862.7649015367408
25 1895.0513137462037
37 1905.6253267205773
30 1932.3835170207926
69 1945.709101321636
63 2024.7831484906667
41 2045.5755973011867
75 2103.3421419823803
62 2135.573551005973
92 2147.0100996267583
94 2185.3368462011563
57 2190.024782261847
80 2300.4294816476445
74 2312.815142008156
54 2316.1160864652184
88 2340.7776587024887
