67 0.2036907943538336
81 0.470233750484539
66 0.5284800873101283
58 0.557818534533384
77 0.6555378013711799
78 0.7432396804249697
51 0.7973607197210606
59 0.8473854965316028
34 1.3418456207934288
39 1.4380271730221528
55 1.5934078813524937
50 1.722668059468208
60 1.9066271505824834
52 2.1082838957528147
28 2.1900542455274805
70 2.437771711847953
61 2.4853618169884895
49 2.8438463616386103
38 3.3189914587010256
40 3.464272210188418
71 3.5518353020836666
84 3.8537286446883887
47 4.039480137933433
83 4.066801596026264
35 4.141015215338789
93 4.346141210120509
56 4.587539383763639
46 4.878417207067568
31 4.934491145330713
64 5.348869413769839
72 5.567068778191138
26 5.675066276563819
27 5.725286789956206
43 5.85753782801311
99 5.979617418992797
32 6.20227656601521
36 6.405834807484036
98 7.180433812739885
73 9.325654218558086
100 9.635664355019856
68 10.11921177731289
42 13.530527211221626
96 15.37847559578229
82 15.623571521073895
6 17.961769917609136
76 18.018660945714952
95 20.013065787785724
33 20.874685642910894
12 20.964891207848808
7 21.272811936788738
89 21.481231764535483
22 22.84428531223309
44 23.838595363520877
86 24.09058681840346
53 26.801563988158225
8 27.6419484301324
97 29.64634244120574
79 29.81851260344458
10 29.97166097806359
5 30.34875294486344
29 31.516521133795976
2 33.87842347646818
91 34.49520573697434
48 38.43791864107123
3 45.68640165673451
4 45.834348218101646
9 46.3168944133417
65 46.43623033886871
15 47.95700974487551
1 77.26540614612061
90 88.64846104484661
85 119.91991219174625
45 131.52299768928557
87 160.77360124260318
24 161.5447587814899
0 195.15370353846671
17 212.6554974390459
11 215.09638776132127
16 219.58240715989177
14 221.09402511933314
20 227.17632557197362
18 229.54363099897782
13 231.49127465379823
21 232.08583679503778
19 237.84930595386314
23 246.38046601576443
25 252.5008938998065
37 258.3525460527306
30 262.32416197775757
69 276.6410889694148
63 298.82513219782624
41 301.30452258627156
75 320.14640464586984
57 334.9164012129051
62 335.13283444098136
92 348.6164284490974
54 350.9899467145241
94 355.4500040321621
74 361.6312672711161
80 364.80336231181394
88 373.69960495280856
