97 0.5353535425047735
91 0.5721758821455362
89 1.1659255889871945
96 1.4751197099382296
86 1.7718200660394463
79 1.9011295896982108
76 2.1751224219209995
82 2.181042143938774
65 2.2222741456429467
48 2.6122027746403864
100 2.7912093098417925
44 2.8525745975792387
73 3.038880274089372
95 3.212815533664666
68 3.661679139469164
99 4.224839199889886
72 4.4247773416276255
53 5.031707928603885
93 5.107264360196436
83 5.552615052891759
84 5.561134244002133
71 5.654697868221268
90 5.985001328403442
70 7.310409114071076
29 7.494398922235469
50 9.121583148040257
64 9.814672611213444
61 9.847081826211312
52 9.90981865573371
59 10.205884998480458
55 10.541007135039939
51 11.064284207530575
78 11.892818534741396
58 11.905067866453551
67 12.577838829223277
7 12.668921566294179
85 12.94488248294824
39 13.167959329353721
66 13.641056676722036
81 13.6843118657896
77 15.092798206204971
34 15.99129651244917
45 17.085324757045832
38 17.344137368477373
60 17.373819496185522
28 18.02919186332497
40 19.40619855586675
49 19.632919175712658
35 20.109498762695466
8 20.4317646594972
87 20.5447059541692
6 20.83714639348002
47 21.588023508112624
27 21.704924718038086
26 22.087116078742394
56 22.149618549656935
31 22.169276680196116
46 22.39240175400144
12 22.88660144945177
43 23.219905779954566
36 24.037100809476726
32 24.263534273075248
5 24.78156296674415
98 25.712974618514856
10 27.143803613938424
42 32.0600607535502
4 33.41543115224157
33 38.3933864906938
24 38.43964370345269
22 39.860078116585655
2 41.3374904232203
3 53.33780607553246
1 55.42579029416582
9 56.579506595944984
17 57.04650630774643
15 58.0088639061612
16 58.26942198096738
69 61.147451707544725
37 62.4098344039761
21 63.26356088225049
13 64.11751652021381
30 64.2975965595273
20 64.44357407467196
25 65.35347157968307
63 65.84030520277715
23 66.69867684979009
41 67.42622965942502
19 67.79604794798736
18 68.87414868994959
14 69.10517319293344
75 69.75339831511617
11 71.60695729555852
62 72.1653983612904
92 73.68239392969534
57 74.5393563031223
94 75.61247601794203
80 80.08368520043311
74 80.29278039116623
54 80.33221332061211
88 82.04339243829028
0 140.52184914658568
