38 0.058633285765345974
51 0.06929299308225996
59 0.0818828183936861
58 0.09846618981875109
78 0.10218375262284218
81 0.1703833319156213
71 0.17246270816839004
34 0.17835312019120156
27 0.1793166649843798
39 0.1813608946601195
35 0.18442430020741304
66 0.185205338052633
50 0.1982421396223622
67 0.22636665127944172
26 0.258302623015083
40 0.2597565311528921
60 0.2680858174938855
70 0.27495159870587565
52 0.28938790649571083
93 0.2968861813170567
28 0.3044114738062187
55 0.3426814383752017
84 0.3621094637252557
2 0.4402469933848276
77 0.4411030490152705
31 0.44531735009910495
99 0.5127996010522947
43 0.517501216270187
72 0.5268314903564634
3 0.5281709676480131
83 0.5349975725800421
36 0.5929031008742436
61 0.6820995478087128
100 0.7807737106300296
46 0.800184711372434
56 0.9074164141584868
47 1.0340530414621671
73 1.0822780788808968
32 1.154250642816383
98 1.2449014112015895
49 1.2844849245970758
96 1.4751255326639696
64 1.5889362978633916
33 2.4961958949288707
22 2.554733046722229
42 2.598120254344674
6 3.223897580888438
82 3.710258137399354
68 3.9606731096132473
0 3.9802466943422665
76 4.3391526893591665
9 4.442109981331886
89 4.613751562121104
15 5.3286219421895975
91 5.362257810666455
97 5.474357212171086
86 5.789386460094046
12 6.157843121947266
10 6.424530040731093
95 6.446111002290315
44 7.548650330883158
8 8.106802099099161
79 8.165679632641078
7 8.411721295544456
5 8.741478844602364
48 10.401632394225642
53 14.918452520405213
29 15.510757578146464
65 17.55401200018989
1 18.473394844635216
4 21.053534847725782
90 26.736856027381243
85 68.82386342302235
45 82.79250544069023
87 83.56565430791076
24 194.45546609854136
13 309.1128673852132
17 323.95678422912454
21 355.8822594477087
11 380.0290071135811
14 389.9788332865638
16 395.6253174439716
20 398.8605372898651
18 399.72347807903
69 402.61318907284647
19 407.48949189339066
23 412.5956046016982
25 421.37553836074994
30 422.03419055649744
37 425.3677868808541
63 449.0968223077349
41 450.42892250112334
75 462.73122777303416
62 470.4679088189592
57 474.26072791487
92 477.1486351502
94 481.298227157677
54 489.13503783760217
80 490.63204207952055
74 491.049194007321
88 496.27178522325596
