61 0.2356374363348311
2 0.25348174599712514
83 0.3170624203303416
64 0.3247102516080066
84 0.3247812338099584
72 0.32830670735171175
55 0.3329767175284979
50 0.33337504691860387
99 0.3341207863940593
70 0.3417326836190403
52 0.3422373812354373
100 0.3517028804793202
93 0.3545252921726069
39 0.37562488839628544
71 0.41405792092451843
73 0.4184335293225189
96 0.4495517038094597
68 0.5132904920773443
38 0.5158712811340973
59 0.5321257363353398
58 0.5520107631766915
51 0.5800650851158153
78 0.7192111691152737
81 0.7212254451604492
66 0.8301113007745368
82 0.83553246156145
35 0.8365133139244936
27 0.8394289383771756
34 0.8414069204617813
6 0.8555177725005086
67 0.9173763917863259
40 0.9523148646295365
26 0.9589043837009001
12 0.9796934233939004
60 0.9854445117794699
28 1.0034730367681857
89 1.0783735833014791
76 1.1279564852989006
31 1.1409928455146559
77 1.1819080061199883
43 1.232403276805386
3 1.2530086378111387
36 1.2820366649553978
97 1.3981162007201777
46 1.511299935797904
56 1.6135509246100708
91 1.6835209222386496
86 1.7041581254667348
47 1.7102212117307225
32 1.8369328002542076
98 1.8445719028429506
95 1.8479927851100524
10 1.848206414028022
49 1.9204617535651418
44 1.9677815789573185
5 2.3283940165744066
7 2.474624827339106
8 2.553274305608056
79 2.55974135615052
33 2.840407863047233
22 2.8916553238180636
42 2.9114141565787413
53 3.261521999840203
48 3.6879675933343203
0 3.8967088644976813
29 4.043220497290681
9 4.149441808236673
65 4.41774767879015
4 4.464294117457098
15 4.746960354225351
1 6.014190392433583
90 8.534550393639318
85 19.183014290304595
45 25.24189192152618
87 27.03917057723199
24 57.041567674180975
11 77.37363049850316
17 77.38565712063759
14 80.98563316474532
16 81.47561970410393
13 83.13356146869016
20 84.45590770683553
21 84.61995395026621
18 84.70794676287862
19 87.82415583843185
23 90.93477384408884
25 92.89596415905022
37 93.90158070844393
69 94.9151257930924
30 95.183266028531
63 101.5870091033195
41 102.66482236565733
75 107.32391369846934
62 108.6761009216025
92 109.50940298642715
94 112.71389298165911
57 112.82190381417168
80 120.40955095942554
74 121.00141187624256
54 121.00267338353251
88 122.84120409379979
