31 0.4861952050581207
36 0.57838754209907
43 0.5888512087524875
28 0.6446057637045536
46 0.6472116870142887
56 0.6753946839084548
47 0.7339121377564191
60 0.742278932843431
40 0.7871050197824581
35 0.8016108181875065
26 0.8323208172057927
77 0.9088857810069962
34 0.9156982497310544
32 0.9220058895027913
98 0.9247515177450237
49 0.9855067853255558
27 1.0367376952493406
81 1.3104833247217744
66 1.3795766483927543
67 1.3949590059096912
38 1.7142556702879421
78 1.903015914794492
58 2.125947890595286
39 2.4596283563785515
51 2.508690157565813
59 2.9240243570975077
42 2.9259571424658737
55 3.7071930813525555
33 3.7474675447515056
22 4.149062457833169
50 4.234635093762313
52 4.678219556699467
70 5.139055290577565
61 5.166426786105268
71 5.57307237344842
84 6.505310422241793
93 6.577816239068967
3 6.628188626065169
83 7.044261666915989
2 7.307968934749488
72 7.839306296436305
99 8.146345958156422
64 8.279410357416484
9 10.24946778883789
100 10.452497421183276
73 11.342450588930898
15 11.701621683217699
68 13.865749977887887
6 14.185231866311293
96 14.849981620258683
12 15.653560032224329
82 18.592035008397904
76 21.422824931135406
10 22.7130020408055
89 22.714879434953684
5 25.62741800635207
95 25.712524185956784
7 26.86653174022183
86 27.476192352693896
8 27.561363196530127
97 27.896109065427535
44 28.604160395645852
91 30.832825926796975
53 33.95413717916273
79 34.20386555131001
4 35.221951898644
1 35.25552648645333
29 40.45003111866908
0 40.672942999425125
48 43.97914886478278
65 49.0409906674207
90 82.57519491327729
85 127.7410198412291
45 149.08323478214604
87 168.08404681992383
11 179.88312269678406
24 181.1822899062481
14 190.6042801200162
17 194.60576619053677
16 200.72355092118707
18 201.8230203594549
20 202.92861861982394
21 211.0137705544092
13 212.03973963646013
19 213.7255404180437
23 224.06814048727438
25 232.28444840475342
37 237.49035241163162
30 241.9873453766342
69 252.9805995936611
63 273.98320452629
41 279.47389586623007
75 291.4298601574475
62 304.7747697203086
57 308.8068302410481
92 311.6573787364231
94 318.12113523551665
54 328.3030698837812
74 334.80379367240613
80 335.3340865661615
88 343.37600962106444
