7 0.5018056713644466
53 0.6478928334823252
95 0.6794451374864788
68 0.7598534635035993
82 0.8314339580661152
29 0.8423400059466154
76 0.8552902329225747
64 0.8751494200260267
8 0.8888948479411501
44 0.9500995829235344
73 0.9905338653227497
86 1.0724809841303033
89 1.0995061974766225
100 1.1478105758765291
99 1.1508023707357022
96 1.1589386033347446
72 1.1628302465935845
83 1.1710835302489415
79 1.1968440708157833
5 1.2027637735031698
84 1.2041884490320334
61 1.220988255493769
6 1.2570481523241648
93 1.2619904338219796
70 1.3205095967884393
12 1.3418402055657985
52 1.360407028217246
71 1.4089752677424667
50 1.4182726102892347
55 1.497899009129213
10 1.5123275504923364
97 1.5137576878069186
59 1.7247686182884212
39 1.7879336687702807
48 1.7953977232313247
4 1.8499254697402903
51 1.854471633352966
91 1.8676163898161098
58 1.938133961923959
65 2.0549779627636857
78 2.137060548728496
38 2.2766890430639846
66 2.3110900790283524
81 2.3186301748239804
67 2.401266697041315
34 2.637557403170258
77 2.857677940170748
60 2.870841342465963
28 2.9346683365622295
40 2.9798400377595127
35 2.988659259792573
27 3.0920719885819206
26 3.2645987481370655
31 3.472152108171632
43 3.6928577486131826
46 3.8375747397804143
36 3.8641281443155324
49 3.926965662309922
56 3.927080711951685
47 3.964301981587792
2 4.227094636372134
32 4.395046115669386
98 4.5617457251497955
1 4.741962705031197
24 4.745546812405018
90 5.216133806323724
11 5.497546307447286
14 5.514850674435971
17 5.546213830851182
20 5.71650516944318
18 5.724396373237444
16 5.8077920885673056
21 6.078075717674429
42 6.1140985389443125
19 6.1183053185270975
13 6.144399481876107
85 6.499570636132874
23 6.541040307549545
45 6.614841873557644
33 6.836144307353118
25 6.964960932526454
22 7.049590909920193
3 7.120464915969356
37 7.546689594988145
30 7.637234173701971
69 9.22463423601486
87 9.278074906134465
9 9.967650731612526
15 10.71641188776405
63 10.804196992467007
41 10.966262325719123
75 12.074098344477452
57 12.761554433792034
54 12.889011872819085
62 13.567342645005196
74 14.207407725563092
80 14.76338752305046
92 14.875301929465548
94 15.090279911287109
88 15.216110729483448
0 24.18898025379519
