65 0.3178140609266568
90 0.34560559129012913
85 0.3963374519565764
45 0.4805166484806837
91 0.5337346298544859
63 0.6189144338087209
69 0.6350953847248701
75 0.6418982302942006
48 0.6892651502841461
97 0.7114345070359293
41 0.7375367107521872
62 0.7471910497918802
79 0.7832505865654937
57 0.8164776263913843
87 0.9094657382284118
86 0.9162082145246684
74 0.9253909625753678
80 0.9447818152227377
88 0.9880869495985287
89 1.0014346963081595
94 1.0081095136930611
92 1.0169098685359024
54 1.116036557798576
44 1.2869618316249387
76 1.290058392662777
82 1.4183223355338437
95 1.4337185728218365
96 1.46045636504328
53 1.6699364371007774
37 1.8637556894910605
73 1.9735711643845824
100 2.0021605218036833
68 2.042876318629268
30 2.1004911290226707
99 2.4760910556872244
29 2.528113115446055
72 2.5805582911517173
93 2.8327094865015696
83 2.916543719095631
84 2.9540136793271867
71 3.0851712634891544
25 3.163301503747484
16 3.4042833465447067
24 3.4333143731168265
17 3.565327427674444
70 3.675586438770264
64 4.158627293219445
50 4.199630058900596
21 4.221271396030732
23 4.254235621838907
61 4.307949045698743
52 4.481126576757836
59 4.620532485481781
13 4.662811143899857
55 4.712448410129943
51 4.939221833719067
7 5.029045196199306
58 5.1852309592971695
20 5.223307017211994
78 5.350053550970226
67 5.400775732977633
19 5.4726743239294295
39 5.495171108483192
66 5.5965902599417205
81 5.807680561991066
77 6.25520485536974
34 6.61762393147044
18 6.834808729363234
38 7.026746962953118
60 7.116928509417126
28 7.269139863652192
49 7.724450334452617
40 7.789417401923751
8 7.850866869516551
14 7.910541915079272
35 8.11400478364856
47 8.36843224835636
31 8.521430079954664
6 8.554340867258274
56 8.62721954609519
46 8.70594400968347
27 8.77024922654187
26 8.81176302317289
43 9.022431245000101
12 9.246169062335047
36 9.35672674768438
32 9.435795227336786
5 9.597171839848258
98 9.715597665727033
11 9.780398705255669
10 10.562642876153989
42 11.827439562848365
4 12.49115536017351
33 13.933482752657792
22 14.623442807484752
2 16.285210332077334
3 20.342139978572103
9 20.653381435850115
1 20.767094621159448
15 20.857660893832307
0 51.89884279819063
