43 0.1212320998843336
36 0.12420670714942203
46 0.12498539169889934
31 0.12899773475727344
56 0.15328878744499352
77 0.17717427521821505
47 0.19577736839782722
28 0.2601868786950071
60 0.30542717267610436
26 0.31623824786702676
49 0.3285526031835362
32 0.36087265562617626
40 0.3677754742038982
98 0.42666226084390146
35 0.4501428749451853
34 0.49547643060046637
27 0.5244966621591133
67 0.5793795287986562
66 0.8227898448974221
81 0.8380414703892287
78 1.175791043525927
3 1.4516168010402548
38 1.599963817415862
58 1.6688774445431884
51 1.8913175939985076
42 2.195759611842053
59 2.2791847761162543
33 2.51589909438635
39 2.5448684224414158
22 2.670146036343584
55 3.6096694826156255
50 3.8848474736920022
71 3.9261439733510173
70 4.424402311142715
52 4.4352091024119575
2 4.633768292802685
93 5.041351694159324
84 5.371756505692667
61 5.53963253906326
83 5.841771812045792
72 6.263980628471756
9 6.434540124518315
99 6.501996779463878
100 8.093316732450086
15 8.258127615192352
64 9.861738002704836
73 9.968303245518056
96 12.17470071236176
68 14.156584208754397
6 15.551767630858913
12 17.509060938667925
0 18.231223715157874
82 18.87322504146957
89 21.933440329074962
76 21.99249420679911
10 25.030908717813553
97 26.101753950964916
86 28.012507787807632
95 28.376526376289636
91 28.80842020331487
5 29.86239042884952
44 30.458649215460298
8 30.89455556271152
7 31.81253254809398
79 35.68685271572808
53 41.60156306297149
48 45.21192199327661
29 45.72181342290465
4 46.02192908502285
1 50.161117566395504
65 51.92387361165494
90 84.88860374051286
85 152.4405597076149
45 184.14785132873632
87 196.8861344091649
24 382.7189079888859
11 444.00506247566057
17 455.0841419012855
14 461.7463328368143
16 466.41216703470644
20 479.0784248406768
18 480.76817257437153
13 486.8724066900084
21 487.4625063894392
19 496.59395621698087
23 511.8729791540828
25 522.548417079845
37 526.9958842872238
30 535.8195222206812
69 540.2601270656644
63 570.3640121763231
41 576.950858133867
75 598.0575060867868
62 609.0420998459034
92 614.4024101523004
57 627.0075838310042
94 628.648315543968
80 665.0459394487178
54 666.6890916298663
74 667.5739453855219
88 678.2881943629607
