39 0.22276428540559504
81 0.29157294376043547
58 0.3264104247107282
66 0.4082596596582783
34 0.5576095565799283
67 0.5723426258341011
38 0.6179851291690156
55 0.6660512473010416
51 0.7336064972715102
77 0.7467822724450697
60 0.7611624597663831
61 0.7705543987337821
59 0.7898596267353424
28 0.8780717912320457
78 0.9316109688038022
50 0.9739957900297899
52 0.9782649771657563
40 1.094685376156894
35 1.2415571287596106
27 1.5867043685460305
64 1.7101340316283957
26 1.7357825975103445
70 1.778863280186494
31 1.8831026745370296
49 2.073882125683258
46 2.195837887061865
47 2.2322243390227516
43 2.2326169743818656
56 2.2769177411950468
83 2.4872752941141307
84 2.549714916426701
71 2.5517630084654326
36 2.5911385853124327
93 2.9177009106686067
32 3.122567038098468
72 3.49725629636542
99 3.7080620286543926
98 3.727299934857096
6 4.742361606598046
68 5.322802012188901
12 5.538540192010406
100 5.892591784108985
73 6.293547979422889
42 6.957055407235282
7 8.631826907256313
10 8.638095918084579
82 8.661221179492346
96 8.905523765432685
8 9.228672280369581
2 9.238793620366746
5 9.372745807382481
33 9.8769775641433
76 10.274841517285866
22 10.548550644312101
95 10.760587274028492
89 12.37257779860146
44 13.743675231671912
53 13.85386188565918
86 14.067671931986483
3 14.950354282374994
4 15.242166882514157
97 16.202523386247012
29 16.372775665891844
79 17.400366538040508
9 19.902272699771054
91 21.39644694882065
15 22.003632436527266
48 23.662683667681957
1 26.348252524554372
65 26.532992788119635
90 51.67681993875504
85 68.87679478301825
45 75.21395330130284
0 82.45017645570023
87 92.11651042112892
24 93.77228229088271
11 148.68204907179054
14 154.04898391582694
17 154.2564671877949
16 158.4351438647454
20 160.31374753555042
18 160.63409621985133
13 164.76751893119695
21 164.81289980450583
19 167.1391409910248
23 173.28993430273354
25 178.55843620311563
37 182.54290953100295
30 185.2703293405611
69 194.62843674535537
63 209.78120038163485
41 212.45096378724946
75 222.2247286221029
57 232.55526023004353
62 232.86945878406215
92 240.33487635446562
54 243.03233611760544
94 244.18616697128823
74 249.42205455519795
80 251.04001659648458
88 256.76655646408943
