2 0.34733490391065835
61 0.4333524460788918
55 0.4724660074475463
52 0.4863003749187237
50 0.5063932585129346
39 0.5078420384192482
70 0.5348795223902009
38 0.5735637930525695
64 0.5948050813823335
83 0.6298929127315848
84 0.6504175344521604
59 0.6649749693155863
58 0.696513850865825
93 0.7037760833936565
51 0.7044103606283338
72 0.7157625115135627
71 0.7226956311371576
99 0.7645666441993216
78 0.8256080474241266
100 0.8784451624345849
81 0.8863436851689901
27 0.8933518522071058
73 0.9077369275684404
35 0.9286566687258108
34 0.9651302001670616
66 0.9964754732710867
26 1.0558444106984721
40 1.06365591655519
60 1.1155973159081223
67 1.1251951883699884
68 1.1381367350989346
28 1.1558444587129912
96 1.1869711573655375
6 1.261371329443066
31 1.3466653248203664
77 1.4010883225921351
43 1.4289897666455225
36 1.480371065816594
12 1.4822965865682842
3 1.5870737562739272
82 1.7179285258450292
46 1.745641864319219
56 1.868041390134925
47 2.0299227749629956
32 2.1445546514208567
76 2.1462506538125736
89 2.161480432838697
98 2.2268151211050866
49 2.2868752760538094
10 2.640808485659743
97 2.7871208291853042
95 3.0391486284869904
86 3.0671302905968973
91 3.1015950511636423
5 3.314612088238728
44 3.3891962682515824
33 3.482780820248538
42 3.513319922334586
22 3.542461227424878
8 3.644706888962183
7 3.6482078324834175
79 4.319933060577619
53 4.814009644939497
9 5.207053768059312
4 5.498256744452128
15 6.017384096169074
48 6.075128638800648
29 6.156927982817996
1 6.234866338811074
0 6.400582015022802
65 7.077860271369482
90 13.377068836228263
85 25.839281095389342
45 32.969872401208235
87 36.61150271644663
24 47.47601684027652
11 59.19313525388531
17 61.79635866740792
14 62.68444308605756
16 63.85019530884224
20 66.17306000163988
18 66.70050341540549
21 68.13785980973543
13 68.31734648668879
19 69.94166527241036
23 73.00303789173357
25 75.33289968714271
37 76.0844955860056
30 77.9699921347966
69 79.39472099915587
63 85.20538869430088
41 86.996412450169
75 90.65196413281174
62 93.622227283293
92 94.564093770051
57 97.02553753223008
94 97.04156616009045
80 105.17737702942938
54 105.91940531950192
74 106.02613004592122
88 108.15850827950437
