78 2.2969848362738294
52 2.5665292347049626
55 2.679810024469075
64 2.710913575541912
39 3.5518123970459436
51 4.616763927603687
34 4.718212070395716
61 6.144009206592775
60 6.4995530817807765
28 7.0944342963179485
50 7.376812863976509
58 8.371280882841754
59 8.811110244500538
66 10.477053369940721
81 10.66901490670108
38 10.971682494968688
40 11.60743212221534
56 12.288362412983718
47 12.612545902742896
46 14.26204086519546
29 14.80532411448022
53 14.819085690059989
77 15.756459234290634
70 16.018543573328
35 16.43276090490479
31 16.48227719564463
32 17.60676389118573
49 18.050388542332392
98 21.297780586507972
43 21.34121465202798
67 21.69395601252762
36 23.400918809920388
26 27.43431878453816
44 27.671739204641977
27 30.011910151691122
7 31.782885089755272
95 33.28357673996324
42 37.600994773573554
68 42.05142604191987
48 43.99350330365913
83 46.113361761312525
84 48.790717363679
76 49.277784726197986
79 54.50059892442666
37 54.70764168406704
86 55.75149135702649
17 56.583821984158554
73 57.05014624146645
16 57.134870680672236
30 57.570766866394955
82 60.96991692315307
24 62.7068239057484
25 67.49715816815986
93 68.89445202051989
71 72.11067134146175
72 72.60333815931813
21 79.59949420535978
33 82.51010826447974
89 84.96806370445086
23 87.21810709180501
99 88.55771709510539
69 89.02190564814893
65 89.78324686185849
13 92.61104903815094
6 96.55339295179897
20 97.28712345966244
22 100.95375739004285
41 101.57834850397373
54 105.11974345065501
8 107.88619238837623
63 109.41600390567021
19 113.19293148693383
100 118.3275908589827
91 118.93106772173974
12 119.6804543370516
45 121.30029720304651
57 122.61527569399821
75 132.09835100209406
74 140.7153503102107
18 140.73024166205823
96 143.26599543529014
5 152.5280041130056
80 159.59056262628155
85 163.78279427216853
14 167.3048689254338
88 169.43192698509375
10 172.5930734903167
97 173.70323224024386
62 178.8054307161014
90 204.4894606430088
11 218.01780900267462
94 225.94588155992804
87 237.73947761915818
92 240.66519164090747
4 243.13850133221848
15 255.7105729564996
9 282.296136107186
2 297.51673152856876
3 392.3064522055234
1 486.73882045473636
0 1468.3654268233497
