15 3.6727888562781543
9 4.0364258156022474
0 5.109226156248929
42 5.5212877075206235
33 6.234526100663452
22 6.782024237428467
49 6.834769070177393
47 7.940839256004508
56 8.13439098835251
46 8.41621902783047
98 8.623518580538581
32 8.817170750346717
77 9.632412520174503
43 9.759426436095826
66 10.06521263731555
40 10.094491321728357
67 10.278289492680491
31 10.460464534771278
28 10.70663031331304
36 10.737173470893667
26 10.776565276212356
60 11.30725206016744
27 11.522234364232974
3 11.568198952652955
78 11.572398591405705
34 11.671738528696482
51 12.027662394607288
35 12.26037823670401
59 12.448615045273318
81 12.752925767128032
58 13.117781635812012
38 13.557437011109101
71 14.474979072493145
52 15.215738043114282
93 15.468505223511702
39 15.478898360151435
70 15.570784506082392
55 16.067980332015967
84 16.134040356307782
99 16.16830423379626
50 16.624466355832613
72 16.67602685952132
100 16.81356901445514
2 17.21894266265588
73 17.40053469741492
83 17.910565694599082
61 20.05055431927256
96 20.63566483984508
82 26.785824569270538
64 26.891566392763224
76 27.31194044778598
6 28.238282510350537
86 29.273365613747156
89 29.31166303940876
10 30.997547808658215
95 31.665964259719516
97 31.7017561327278
91 31.810274750403437
79 33.166205590454936
48 33.67155306185296
44 34.945259430986475
7 35.72246982673485
8 36.04039441676266
68 38.53025048316439
5 38.880540880777616
12 47.33082413315196
1 63.17166136720818
29 68.67007613255525
53 73.18540538363102
65 78.2210336852827
90 81.80551809162465
4 93.38078291498391
85 213.35681697144037
87 216.51665521842818
45 230.54227166630758
24 1261.4884454491128
13 1594.770374392836
17 1667.3089733290403
21 1783.0820117646058
16 1898.965208644368
69 1962.2266207920384
11 1990.6338687244274
41 2088.354613586128
30 2094.1209157797625
14 2181.3934828301294
18 2200.9813068997605
20 2203.664450147247
19 2212.695224192516
23 2229.2126493350615
25 2243.4081747639175
37 2255.5621937289416
63 2298.756241874712
75 2318.3305369748787
62 2331.8158227242848
57 2332.125688709541
92 2341.563868057738
94 2346.9934185149536
54 2356.3042451586493
80 2361.6881802700236
74 2362.9962332137516
88 2374.361121422593
