98 0.8641344692660132
32 0.8897220219857936
36 0.9047230580164184
43 1.0329479597406586
56 1.056750348649103
3 1.0689708735945083
46 1.0750883453253521
31 1.1017848322627963
47 1.1052007874567802
22 1.1517895987472728
33 1.1592816377327575
26 1.3509324567571148
49 1.3631446555540065
42 1.3715565658110311
28 1.4650392535756003
35 1.489081807726367
60 1.5449348184719636
27 1.5691545463466459
40 1.5770606368705788
77 1.6348710280542171
34 1.718547013988911
81 2.066084219754686
67 2.08346870475359
66 2.241036378502368
78 2.401885285856552
38 2.5090030329345328
9 2.5504116802053685
58 2.727977730227145
51 3.003131850770408
39 3.1429178321863662
15 3.1759031859573184
59 3.297430794666635
55 3.9380527854154996
50 4.195648068299657
2 4.2866639533306925
0 4.369495762549267
71 4.57620602196814
70 4.673150552529434
52 4.719918990864598
61 5.120994725664265
93 5.234220584970717
84 5.346328804431124
83 5.672208143470518
72 5.970696891346817
99 6.13927715768279
100 7.249657468375366
64 7.751157076353891
73 8.223142978141052
96 9.58546348780646
68 10.390020513191953
6 12.09499826269276
82 13.096299362904082
12 13.266204880988713
76 15.034296884732099
89 15.151920186523473
97 17.474427738141802
10 18.056601260988188
86 18.703118975100857
95 18.89575146937844
91 19.181852813751366
44 20.31023664507089
5 20.83112985313383
7 21.679089125820845
8 21.98585535094022
79 23.498037187842982
53 25.795517093495114
48 29.21313036360315
4 29.422495825400272
1 29.67624968647016
29 30.325539308879424
65 33.150113670667565
90 52.06587177335718
85 90.5010405575774
45 109.91330854050337
87 118.35035803529725
24 173.7159382005521
11 214.37949303171095
17 221.6015733894596
14 224.03868225563224
16 227.2331908298955
20 233.6560792532912
18 234.82896323214752
21 238.78104531752004
13 238.93900621207294
19 243.51958955510753
23 251.81060865533405
25 258.01954273503844
37 260.49807625225463
30 265.20178333033556
69 269.40481231983364
63 284.1264339314991
41 288.3361215562552
75 298.5792937009859
62 305.7418206963104
92 308.3678220630894
57 314.60926593693006
94 314.96507576659707
80 335.7023343692076
54 337.1519711988033
74 337.64183367081785
88 343.1426950902478
