91 1.6081457359062412
97 1.9153305411312798
89 3.6639233814905015
65 3.7276729223528204
96 4.28506567965035
79 4.4821590436495
86 4.535324928001136
48 4.9920387589546005
76 5.421606980475638
90 5.47799759882316
82 5.5378963257789575
44 6.000269383475747
100 6.555234032906471
95 6.964955860625546
73 7.0740298065850675
68 7.880838938067697
99 8.836753711609152
53 8.99637494112129
72 9.172744086075925
93 10.184982958534954
83 10.773225096669853
84 10.844579264047585
71 10.972172045238162
29 11.882916925116026
70 13.21791940932573
85 13.868094683884879
50 15.610560266698297
64 16.248713749990905
61 16.460402068343065
52 16.6330162648244
59 17.12298837684078
55 17.348196867470055
51 18.21566563394918
7 18.805572548589986
45 19.186177555241
78 19.301564915307043
58 19.334425640210956
67 20.42783756336953
39 20.774137219470834
87 20.940070599270353
81 21.671351222620956
66 21.699181742295526
77 23.63011557914754
34 24.529702576186477
38 25.839949029703284
60 26.34770148522261
28 27.04521629658404
8 27.64059093526942
40 28.58793786694223
6 28.618841974550616
35 29.31863322209062
49 29.463150244014823
12 30.82027333757449
27 31.056134638695735
26 31.60436050176716
47 31.709418751499562
31 31.999697101921466
56 32.19539368981153
46 32.4566294403654
5 32.60002926531379
43 33.28172781556264
36 34.24876507935468
32 34.824765193056685
10 35.40743648348167
98 36.598194343006114
4 42.06932285339088
42 44.347858633525505
24 47.621655140855296
33 51.360690848323806
2 51.99175298213963
22 52.92351034832002
17 64.22519527445311
16 65.58544523771792
3 65.87267993543149
1 66.64670464764347
69 67.72708689146984
37 70.58332397825406
9 71.24743731064576
21 71.88531669850605
63 71.98833166585017
30 72.73071202894921
13 72.91276801445284
15 73.30714846158972
41 73.57923142220739
20 73.75011766927825
25 74.1821082408322
23 76.12670783643388
75 76.42815546522601
19 77.34502632892988
62 77.48773794268163
92 78.15466912940231
18 78.93879362675743
14 79.16646288604697
94 80.8925779568484
11 81.92453981623007
57 81.94088652772317
80 88.06397320480917
74 88.88559985960326
54 90.14424023269386
88 90.23052434943318
0 159.55888527113743
