100 0.06331758106215997
61 0.08085677361325169
73 0.08931759498099685
83 0.12023532061354317
72 0.12437794491958433
99 0.12663421138227796
64 0.1392100701456322
96 0.14062676043098774
2 0.1627612523237209
84 0.18838672031438625
52 0.2282825441097449
70 0.2334697782119637
93 0.24739717328813507
55 0.26443389081637064
50 0.30639068346950465
68 0.36995118185892906
71 0.3784542356521417
39 0.4458342296293259
59 0.6597841318403601
6 0.6918118110852065
82 0.7094578585302777
38 0.7274249731284438
58 0.7576473426564083
51 0.81217838021842
89 1.0384304806423672
76 1.0693586701039082
81 1.1226292701249605
12 1.1255277576284015
78 1.1363589526672218
27 1.340786045291505
66 1.349859015072413
34 1.3681514961886447
35 1.3874429015651573
97 1.459029836705584
67 1.5200976507990234
40 1.6194194581816639
26 1.6284194946574615
60 1.6563929285399825
28 1.7007002324495242
91 1.8020059902012342
86 1.8493104555817654
77 2.0313730654009015
31 2.047378712764344
10 2.067865835764244
95 2.100036846076979
43 2.2140462522043
36 2.2430726644024155
3 2.3207372884689144
44 2.469135896142249
46 2.704072538151998
56 2.848942207530463
8 3.0596882023765017
7 3.0704784738103768
47 3.0937669315952796
5 3.094587424876496
79 3.118857611593844
32 3.2788959958093087
98 3.293790659436054
49 3.455669175467919
48 4.479710721455633
53 5.030136157372691
33 5.2143537427981785
22 5.310501127439522
42 5.313001273540606
29 5.888137985773825
65 6.651245002288628
4 7.587756020162101
9 7.634135959944877
0 7.695026812010939
15 8.69538351179853
1 9.591650916643115
90 13.11655172308468
85 33.39827198312624
45 43.588166593434394
87 46.25820107912691
24 104.06317465661482
11 168.29492501147428
17 169.4537582517873
16 173.48973995139184
14 174.39870157522927
20 179.70642415787256
13 181.44901623385036
18 181.72541110318144
21 182.16344828860582
19 186.6586417646326
23 191.59788844909477
25 195.19945687611306
37 195.532493562457
69 198.93538224677695
30 199.25434648379814
63 208.78972975904915
41 211.56239738644481
75 218.37645184275175
62 221.86533583557792
92 222.58023817539907
94 227.63606390965066
57 229.8819411384804
80 243.2997653388288
74 245.42781107103252
54 247.04675143653145
88 248.66157681917065
