90 0.5034826710510479
85 1.3053551857317314
87 1.6903846842833903
45 2.30132211735041
65 2.5016893100227797
91 2.9763327001630544
48 3.101820305646561
97 3.8837056937512218
79 3.9803472810014786
86 4.603573612990822
89 4.898352102217731
44 5.001432241907225
76 5.668263876419067
95 5.88573408188443
53 5.913260458670564
29 6.084823061260941
82 6.155220048557943
96 6.183291813494335
73 7.348424993848304
100 7.64367150337559
68 7.696085981550496
99 8.868479080903475
72 9.01750647701581
93 9.586038933176715
83 9.743401320055451
84 9.79252979224047
7 10.091711390411021
71 10.092583523223201
70 10.770865451240482
64 11.470192361266266
50 11.852252036766174
52 11.994711138133024
61 12.134744811426538
59 12.634945704276982
55 12.640421777532348
24 12.76348437402315
8 13.05087301164315
51 13.087256377966968
78 13.58249584934237
58 13.88811353918658
39 14.31850728670164
67 14.582829441522993
6 14.830093131318463
66 14.839020104714452
5 15.159033595041318
81 15.183705227327858
12 15.52771845373582
77 16.098524714266144
38 16.200259842743016
34 16.2475295736421
10 16.562679470412245
60 16.973828626809404
28 17.38586152312293
40 17.66101942160764
35 18.022441624322337
4 18.234928882711912
27 18.436973904656274
49 18.757865904830194
26 18.809441400151123
69 19.274269169020126
31 19.454060716127035
47 19.625095116778024
46 19.669032580959
56 19.692177028579977
63 19.878683181201954
43 19.888587021231825
92 20.119254670159556
41 20.407226075608865
62 20.410967761093534
36 20.432426676794314
75 20.47844539464919
94 20.727643358293555
32 20.89315231488022
37 21.245419074632853
17 21.36433313628945
16 21.481383045127238
98 21.865324661814295
57 21.927151647693375
30 21.929380525420225
80 22.885310654420657
25 23.057795797512647
21 23.237256587873073
74 23.367299417432804
88 23.378591013507076
13 23.685974794415113
23 24.107545997497187
20 24.329290330263174
54 24.34595556804863
2 24.70635297056154
42 24.88746365691929
19 25.1767746652792
18 26.464624001169927
14 27.028065852127092
33 27.60187053493828
1 27.603957205898457
22 28.105436095359217
11 28.654512407085658
3 30.709237313165012
9 34.466657310790154
15 35.75540134937036
0 65.29849041525905
