90 0.09799917223787578
65 0.6035735984738417
48 0.9481017931221493
85 1.0558441958685179
79 1.3086156715529125
91 1.3662536440562363
97 1.5841000171897002
86 1.6983975925099541
53 1.703037214276982
44 1.7674678463649172
29 1.8887846679161109
95 1.9958733921919696
89 2.0593419211196613
45 2.0736413373253018
76 2.2529474748751337
87 2.356672618495636
82 2.542068905259144
96 3.144733024707088
68 3.2579223457223887
7 3.454199354826314
73 3.736633541556516
100 3.997854072891893
99 4.528144166589451
72 4.593405414033971
8 4.669465143962602
17 4.711251085829934
64 4.752224590595216
83 4.804870178330819
16 4.81833186401846
84 4.964449302512987
93 4.985825008584224
69 5.022241977713001
24 5.029594003652916
71 5.37067058095641
37 5.375070055092466
70 5.460231255575515
5 5.489249905175788
61 5.495538508886293
63 5.5692771789928175
21 5.67871104657264
30 5.7199804508885626
52 5.794780144330507
50 5.837182370365176
6 5.850244622753492
41 5.878841872404926
13 5.923555748477155
25 5.9629107112667326
20 5.969836465375708
12 5.994288788770036
10 6.099287921595743
55 6.105642644877372
75 6.177551575884588
23 6.225688877698656
62 6.468053993911961
19 6.469245247397073
4 6.47734406770279
92 6.533884250362527
59 6.534034518358822
39 6.793739842853298
18 6.794752253190528
51 6.82580995780958
14 6.858615892595165
94 6.869059739912288
58 6.995606495282125
57 7.121562117598782
78 7.337273825738678
11 7.372088822368732
81 7.692389086326381
38 7.756424141764283
66 7.765240869836992
67 7.823906426368366
80 8.176817854521095
34 8.287919426443983
74 8.376474620663844
88 8.586374172882831
77 8.61350565574248
54 8.613597578025352
60 8.687104105722165
28 8.820664407890693
35 8.932320256160091
40 8.945499860612284
27 9.118842947654445
26 9.396307756772359
31 9.684770457324886
43 10.014721748442705
46 10.228139428675187
36 10.237278079848293
1 10.308633682592214
49 10.322308645359348
56 10.34653539234858
47 10.389464890765874
2 10.63612658931955
32 10.98115322194462
98 11.185037744093346
42 13.290810044430446
33 14.129247978445642
22 14.405339909268168
3 14.498913868264777
9 17.906083777868982
15 18.65214356771935
0 30.102472900247953
