2 0.42260632692732675
38 0.6663187329418131
39 0.7007492253838646
27 0.788424114670714
55 0.791435324332861
58 0.7969833410523447
35 0.8179256455166044
50 0.8427927249406357
81 0.8440007463565619
59 0.8579916101188305
51 0.8671771904772602
3 0.8785912604994245
52 0.8804770625875246
26 0.8858239077615501
34 0.8911637162262275
78 0.9265989233687885
61 0.9277973961792796
70 0.9312353104897284
40 0.9360133098337924
60 0.9656887916888541
66 0.9670186810672996
28 0.9687788831223719
71 0.9844774250742168
67 1.0276623556751876
31 1.0342242823582484
84 1.044796961793477
93 1.0486658943994676
83 1.093423549332821
43 1.103188373005877
36 1.1235114241814845
72 1.1445689228108844
99 1.1773538604960998
77 1.1866628509328632
46 1.378397965200543
100 1.3806637614301447
64 1.4150606514195783
56 1.4718690886252397
73 1.5688464523171692
47 1.576874002830396
98 1.6298069090199854
32 1.6471383576429197
49 1.8130401754045427
96 1.8742760475285472
6 2.2442475926173118
68 2.3397630934446982
33 2.555322305312461
22 2.5860810718221194
42 2.6960815490836016
82 2.8147434492212398
12 2.902194449109607
76 3.3266764866098337
89 3.417528216876881
0 3.5845903178193046
9 3.9120815629871233
10 4.041834512549793
97 4.113449554882114
86 4.392401262950679
91 4.46954836899206
95 4.5684979700449775
15 4.57613984399744
44 4.981236083621602
5 5.093283566474994
8 5.274119536949946
7 5.374467526328076
79 5.862653985952153
48 7.6551567586165215
53 7.8449409716447915
29 8.701543058559704
4 9.893008938766434
65 9.94814896027428
1 10.93556205600938
90 16.486550122311733
85 36.6419179442886
45 45.426550356890864
87 47.48800808223128
24 94.40006190658475
13 140.00957396044734
17 151.8366266342757
21 172.00404197997824
11 195.2554522545627
14 201.2294512989442
69 201.8845623941112
18 206.48737453028465
20 206.8080952740801
16 206.95633074942643
19 211.51305580918785
23 214.1675228513935
30 217.3172369966928
25 219.96393977277214
37 222.87426016795237
63 238.51518490424596
41 239.06706174363717
75 246.29128238039885
62 251.7702478360928
57 252.25667073019645
92 256.78846879186733
54 258.4691014413779
94 258.70264868018955
74 260.7341959918686
80 261.196029096058
88 264.04869582861323
