96 0.37587225809150965
100 0.8880902977160369
97 1.042022069232735
89 2.342859979316434
99 2.4890984915549184
72 3.295768428199138
82 3.6092765308593435
91 3.612485081855997
73 3.6898585685610636
93 3.880296436017677
71 4.01570327853248
76 4.981425256775094
86 4.984255473789847
84 5.702719997098095
68 5.902586887511199
65 6.009847146366965
83 6.174596725878939
79 6.200771157320751
95 8.16458167116772
44 9.816978397485924
48 10.35703372167841
70 11.605412017999864
90 12.62084942160713
53 15.028191983252052
67 15.577342328157242
59 16.167109080754326
50 16.176720345231185
85 18.107843749960853
51 18.848365620939138
58 19.06870459388275
61 19.20183112094184
52 19.957253949882215
66 20.105123200231727
77 20.322299057021866
55 20.382421573921583
81 21.018284317523733
78 21.252782207883275
64 23.170424181515646
45 23.598488207160422
39 25.20163121451102
49 25.91339014178521
87 27.638087046533176
34 28.279056808349736
29 28.466073312933723
60 31.051405931516246
28 32.49249255230178
69 32.759343300004886
47 34.61607259639509
63 34.8150061650584
75 36.554450189375515
41 37.36840975463561
62 37.72963505158361
56 39.00957758591709
38 39.074797188157866
92 39.518010518993684
40 39.59489994055482
94 40.37047361541904
46 41.24615221311946
57 41.581640684373646
35 43.62611762897724
31 43.65617866258621
32 43.9190326634422
80 44.615450005066144
98 44.733777192440144
37 45.38592119891245
74 45.71432176179146
88 45.8713760808588
7 46.11176289543964
43 47.358728962299665
36 48.985913226076484
30 49.08065271708557
54 49.94329694016113
26 50.29852997531178
27 51.28858620447698
16 55.38854368018543
17 55.66589269462232
42 57.563901612379766
24 57.971303790715304
25 59.5334814003413
21 66.89585134963797
23 70.18635073654028
13 72.43500500380415
6 74.26114192628937
20 75.28998981588146
8 76.47690052207358
33 80.66412461845293
19 81.26899039503964
12 82.21318387678387
22 87.51946360616094
18 91.96072469592566
5 92.21797854243512
10 99.23838519605113
14 100.65887980354766
11 116.71232201897666
4 121.49821991968938
2 139.26476213017926
15 139.62652375786794
9 144.26565156335425
3 167.26217028025548
1 192.2128162031343
0 441.0728465990846
