42 1.2431455046605946
33 1.3260109205376007
22 1.4624600568670345
9 3.531512200230607
15 3.942821721144688
98 4.399563193369632
32 5.048792073480931
49 5.911505937075348
47 6.193356308748528
56 6.74698686360384
46 7.373615682706065
36 8.11974229207729
43 8.855714520209258
31 9.761540292462385
3 10.307442093276746
26 12.260524073535253
77 12.402807170268279
28 12.69144421763278
40 13.195566519749722
60 13.327676596781073
35 13.70196579782397
27 14.123082188478474
34 15.104271595600204
67 16.35948530337298
66 17.371862822178255
81 17.769526384748936
78 20.31595088932747
38 20.80560436523677
58 22.475046070200865
51 23.87061194347279
39 25.421984790792227
59 25.90783540376011
2 28.659286000058533
55 30.720345348052973
50 32.37772283949054
52 34.15837810513231
71 34.43922737512302
70 35.16300536385994
0 36.431725052906806
61 37.19048028385771
93 38.58677727395119
84 39.21204906224333
83 41.19856304110706
72 43.232625392618736
99 43.84527822911098
64 49.322746795662674
100 50.49959569520718
73 55.57253817265017
6 62.72564970543824
96 64.30902557333766
68 65.59952738339413
12 66.96771209931423
82 79.57516602651016
10 83.97689161659756
76 88.12427101982192
89 90.66149569963258
5 95.02104669722169
8 100.14709280853961
95 101.86608845911134
97 103.19679873516517
7 103.48192824268736
86 104.97107025835338
44 109.57221430917843
91 111.13913918051027
1 116.50897936546389
4 120.54222754744853
79 124.04189234677189
53 127.7213453329216
29 140.61607849359615
48 148.21069095313788
65 163.19352524602394
90 244.2902777711041
85 360.14462362533976
45 412.099056501339
87 454.9483311415357
24 558.9560601152513
11 744.2252336878466
14 775.8679657297574
17 783.9670040225498
16 802.2708170551651
18 808.9569231947413
20 810.3484500686884
13 829.9708372864092
21 831.1528893057075
19 841.0646956769182
23 868.6272956760123
25 891.6122652190207
37 903.4151046866151
30 916.8399796525833
69 939.7348438332822
63 996.3798083297964
41 1010.8374309632014
75 1041.9265437784065
62 1074.6152129659079
92 1089.3212772471004
57 1090.501171523797
94 1107.8892419712463
54 1146.1751132620573
80 1157.0520561066648
74 1158.1757677391938
88 1179.953638127043
