58 0.11349608628221002
59 0.1297192813226075
51 0.13639243866566864
39 0.203394028744051
78 0.2350486218269711
81 0.2870876586141575
38 0.3003392387449436
55 0.3347304505367017
71 0.3434767640830751
50 0.36985087001360417
66 0.38538556348700187
67 0.4642186370065043
70 0.4984615582815387
34 0.5599836547944602
52 0.5694261618465852
93 0.6511589204033548
84 0.7584819001731153
35 0.7854849447289781
60 0.8165660846622178
27 0.8311984931290971
40 0.8736786723661959
28 0.874124677827717
61 0.9179464339857032
83 0.928682679315829
77 1.0219329238369004
26 1.0549991641962841
72 1.063665140936669
99 1.1495811549688264
31 1.4362119362894956
43 1.7107664183629563
100 1.7912602703263534
36 1.9228552853150762
46 2.2165130696276933
2 2.323077359923359
56 2.445300715039805
73 2.6307603198212988
47 2.639125077044927
64 2.8001049478829017
49 2.959679818609476
32 3.2185070739184978
98 3.3864370214016772
96 3.6599255298055375
3 4.203821999509846
68 4.7222738260837565
6 6.206176994476207
42 6.801752485344769
82 7.251325550751404
33 7.312654304312681
12 7.449420484230116
22 7.55800739928324
89 8.969119595520914
76 9.031750382807916
97 11.410373081744023
10 12.14109626386158
86 12.594410015934539
9 12.812993361461938
95 12.933807580151976
91 13.05603507973575
44 14.151295060598537
5 15.001525385914078
15 15.093423760011635
8 15.299282280000975
7 15.559815300668225
79 17.3681995866913
53 21.513053987147345
48 23.430191137408404
29 24.12255013791407
0 25.700526945330072
4 26.56325372119881
65 27.939195644328578
1 32.103139950373695
90 50.358273569004055
85 99.4793572708883
45 123.39520151265843
87 132.45910025531765
24 283.17247486089053
11 335.4988942920349
17 341.78391162976874
14 348.7594806650199
16 350.5535852869117
20 361.37123030174416
18 363.3256506421497
13 366.75551321891606
21 367.31385221837246
19 374.9770949155951
23 386.4325429662989
25 394.3740611949876
37 397.2860303886559
30 404.3108159444847
69 406.68103966739505
63 429.76203163338556
41 434.8012241354113
75 451.30105333918567
62 459.3478250097972
92 463.2161674907019
57 474.0532782985669
94 474.5118878771676
80 503.57352329709477
54 505.7433257845192
74 505.8081820133394
88 514.0223582920014
