89 0.17766772921610346
82 0.2199573042132497
76 0.29566904463380755
96 0.29922238030197235
97 0.3118926977065928
68 0.36976291493197333
91 0.44059247451429145
86 0.5924520233249261
73 0.6745517116936777
95 0.8428007968042409
100 0.8969246590262567
44 0.9493457566761111
64 1.2686756315990415
99 1.3217156429804793
79 1.3418891549544392
72 1.384523632956592
83 1.5524608466257528
84 1.706888800826221
93 1.7951586148652432
61 1.9571168619274726
70 2.159699846799039
71 2.256133006573919
6 2.3327560343140084
52 2.3836498652618237
7 2.428576743467891
50 2.4844770789209485
48 2.505715644540017
55 2.6416414808338327
12 2.6747574549509285
53 2.887648156705368
8 3.1134349365396
39 3.3844301012243228
59 3.4220848924305467
29 3.4410454116618046
10 3.6034374742349415
65 3.6527839499512607
5 3.7678896693631314
51 3.803255596802193
58 3.90869423667542
38 4.47553816064215
78 4.596769880880042
81 4.842006714121368
66 5.092386423418956
67 5.3402237330419515
34 5.626082961430344
35 6.153626581320133
60 6.20184012137169
27 6.229814609193042
2 6.27678949218891
28 6.30280860343081
40 6.325964535232366
77 6.4901018819595535
26 6.729612680405367
31 7.34213044590673
43 7.83290492137873
4 7.859521960375118
36 8.073351727769253
46 8.488553130422014
56 8.738600666972083
47 9.010781886614575
49 9.273541346478341
90 9.534277141993144
32 9.77886791533614
98 9.87486311927197
1 11.123001050075363
3 11.880933822764762
42 13.670432855234973
33 14.357210345464669
22 14.672284517572
9 19.88150940491767
15 21.63192297355473
85 27.193042799981278
0 32.76281594395111
45 35.30717096240236
87 37.73129337445851
24 98.64325053971122
11 116.3642465838025
17 117.66449458184367
14 120.34717339143117
16 120.51583764877891
20 124.00218878172099
18 124.96267360975995
21 126.2402322551712
13 126.39777597620329
19 128.99544347013602
23 132.57066824253914
25 135.09813319036752
37 135.4438661182453
30 138.0406742965977
69 138.26090219683257
63 147.0936659678027
41 149.5915753472419
75 154.36337869171948
62 158.04041590235514
92 159.27484331297094
57 162.84442655523065
94 163.03237477842427
80 173.29727931850817
54 173.79812022849617
74 174.07521346653363
88 176.85541518066438
