3 0.5095237546323493
22 0.6083194220712091
33 0.6280348420401113
98 0.8040700858726334
32 0.8317845953874222
42 0.8648309414512255
56 0.9580713070364703
47 0.9614210457381366
46 0.9761574823095662
0 0.9885498705667563
49 1.066246518166418
36 1.0857559750757315
43 1.1011834151970763
31 1.2395998013542182
9 1.279711485342877
26 1.4419712088618142
77 1.5306103823906252
40 1.5341113581203867
28 1.5758333975343344
60 1.61701422392978
27 1.671282834715347
15 1.7074265506394657
35 1.7318560970864265
34 1.922633676417215
67 1.9762733705569813
66 2.0180069655032753
81 2.3257769533859043
78 2.3750258186822157
38 2.6922347197089325
51 2.818632712311932
58 2.8846019781755365
59 3.124857179857803
39 3.6658279607634072
2 4.19805683383103
71 4.31666240660847
55 4.348667872645786
50 4.356384149325906
52 4.499618670956693
70 4.648629054564905
93 4.925964564819304
84 5.155725695864368
83 5.473543438921418
72 5.672972065430524
99 5.7378528454850395
61 5.78440001371073
100 6.57042445712175
73 7.278015514755201
64 8.670735387746939
96 8.70438463353158
68 11.228419914885857
6 11.422481309957206
82 13.41265528928203
12 14.004776312388259
76 14.620022216422843
89 14.666194593041713
97 16.693599525730573
91 16.915787428342018
10 17.01312439718422
86 17.159637331022648
95 18.51112904565772
44 19.776100667385037
8 20.160255265923933
79 21.175240202900767
7 21.420481621752185
5 21.59055261752576
48 23.911038175735417
29 29.564718959423352
53 29.921377037905803
65 32.35160524791075
4 37.463753189421645
1 39.77217667926065
90 47.75962721897283
85 102.45079994397994
87 124.38021916416179
45 124.55535745185766
24 357.67248972364723
17 488.3142056410622
13 499.7228178174034
11 515.8362904988087
21 524.0735589134123
14 530.7041477956428
16 535.6369606586783
20 544.1375567317283
18 544.9904877135114
19 558.2592617517063
69 565.8392583025179
23 568.5003765183848
25 577.5657339876356
30 579.9834552402361
37 580.172581305861
63 612.4582288637368
41 617.2731361144281
75 633.5276294609732
62 641.203728264257
92 645.3277032582649
57 655.2420955676072
94 656.7508407643473
80 680.3944934118339
54 681.6687356902565
74 681.9785637980988
88 689.0616761421782
