65 0.15765860800169815
48 0.23187802123425222
29 0.3357598623943562
79 0.36718468129970827
53 0.37563965738456406
44 0.56257000516856
86 0.6079271306310794
91 0.6271891922141132
90 0.6473375477692425
95 0.6538180805983175
97 0.7229655038218655
89 0.9001592906909498
76 0.9158494159520443
7 1.0665199656084865
82 1.1280183703932503
85 1.3945260224372642
68 1.5604958019195236
8 1.561630000952055
96 1.6402653703195273
45 1.8665950397940525
73 1.8988836905060942
5 2.0110045984948224
100 2.178446770100954
24 2.2847562615368826
64 2.3748597294568916
17 2.3780418254780558
10 2.429517692278221
4 2.470695307573102
99 2.491068334104647
6 2.492222754240161
16 2.5135752680273185
72 2.5406698951395716
12 2.5470139802694973
83 2.6529891042064038
87 2.7567448381189954
84 2.7608048422663147
93 2.807178931478354
21 2.9458982305903483
20 2.960105953131945
61 2.996026548945389
13 3.0214544085666337
70 3.044877364986768
71 3.0945743574796927
52 3.1698610916701933
14 3.1822028644781395
19 3.2545564350500054
18 3.2635886337462816
50 3.274513932004136
23 3.344649521671125
11 3.349701177371639
37 3.403333338470435
25 3.41083685081735
55 3.4444159915363923
30 3.5750381197639993
59 3.7792815479309994
69 3.7792906502684738
39 3.9363613341550634
51 3.965857570186432
58 4.145298408304995
78 4.3408758157634955
38 4.51408652891582
63 4.555822984288281
66 4.667219646170912
81 4.699771334495731
41 4.7280840618676025
67 4.805398445446401
1 5.004083853077645
34 5.088789867564538
75 5.271572559839157
60 5.362986829961878
77 5.408939762534027
35 5.442705691851015
40 5.449259340327827
28 5.460260828667523
27 5.4825137311836425
2 5.714222758054228
26 5.721724832714593
62 5.829696891340474
57 5.932869373792287
31 6.069037283747363
92 6.251004432589538
43 6.292034431663638
36 6.502288141485855
46 6.51507922052649
94 6.529131254948461
56 6.646749191783934
54 6.678116907417163
49 6.713292807019401
47 6.71719580144137
74 7.000445306440489
80 7.094126098206181
32 7.157540983041812
98 7.365424662816355
88 7.432333850849076
3 8.716429120206916
42 8.953113188517126
33 9.52020005435514
22 9.675288883456247
9 12.048510573624098
15 12.856017309609571
0 20.774041343714007
