97 0.4341791146342496
79 0.44089507781273996
86 0.45328063730151685
91 0.5118875813630115
89 0.5766018194347163
44 0.583485057003431
95 0.6392495208187748
76 0.6969215049249557
53 0.7781653024187859
65 0.8073533219405451
82 0.8969540041345869
48 0.9450054131653631
96 1.4300963263716258
29 1.5324706340539487
68 1.5899701234501806
73 1.9218523253331514
100 2.2561248374368783
99 2.8704290583175798
72 2.979033759387178
7 3.0306302757332024
83 3.2993035119948027
93 3.448580083184818
84 3.461142553156723
64 3.64747088046281
90 3.934952105814697
71 3.935794553039846
70 4.178410572655954
61 4.490084434417635
50 4.762780309898554
52 4.780104693743267
8 5.151570617953178
55 5.245592276803117
59 5.671897164491767
51 6.118472109144607
6 6.348717077065762
39 6.404990220714162
58 6.540780401807306
5 6.565710245170863
12 6.767209023165164
78 6.853482254403803
85 7.214117881396758
66 7.507538272872928
10 7.540120036475578
67 7.61222602613279
81 7.701041733373005
38 8.034029673659578
45 8.55713084027984
34 8.677166825528783
4 8.970033072383076
77 8.99291973416795
60 9.393023775913054
28 9.63131875422486
40 9.841304213014356
35 10.00876842442491
27 10.378643965099318
26 10.789993678408877
31 11.26221129772202
87 11.681287084159221
49 11.84466827017762
43 11.867035059958727
46 12.023955715760257
56 12.160778069123705
47 12.210745043552228
36 12.359276126754628
24 12.381199846455251
32 13.445361753083153
98 14.04585485888306
2 14.97696651920099
1 17.12996778923921
42 17.708263953976612
33 19.79341414504254
22 20.40588857277147
3 21.798691706704695
17 22.734313363363732
16 23.33376395958607
20 24.910283622234324
21 24.98658459970906
13 25.254494220579904
14 25.678301837129947
18 26.048306791124435
11 26.09989392997711
19 26.2183473136249
23 26.482989621477287
37 26.504294725087522
25 26.695764265639944
30 27.16930717139905
9 27.521743664049875
69 27.736622146621922
15 29.096569308686252
63 30.557641647279826
41 31.24077326762499
75 32.907140691291666
62 34.9475462925349
57 35.137914419140664
92 36.35398614144936
94 37.17583392552785
54 37.43635520759512
74 38.524069233161335
80 38.81753154005455
88 39.94858111217979
0 59.99199249734212
