22 0.8021555282764707
33 0.816101903673955
98 0.992030117262089
32 0.9961990837488202
3 1.0497582985830747
42 1.089160103870817
36 1.1443499202480794
56 1.1782411190909021
46 1.2085345909081429
47 1.2545143721776504
43 1.2658002107615947
31 1.3941518017504282
49 1.4803545527407924
26 1.599391819753976
9 1.6329472295393324
28 1.801132703100201
40 1.8328188080839198
35 1.832852860688472
27 1.833771510942885
60 1.8796994003731993
77 1.9699955422027062
15 2.122366699833963
34 2.1231716646089245
67 2.52594047230652
81 2.581670656776325
66 2.6506949980150027
78 2.7334005711458365
0 2.7501614570678714
38 2.9508731756051
58 3.2662589952110688
51 3.391813837403102
59 3.727115582331017
39 3.798870875132514
55 4.511063564598362
50 4.776139464472702
2 4.785480701819381
52 5.182397131271406
70 5.183699470874756
71 5.209192278267663
61 5.894506760948793
93 5.909076008512101
84 6.019448244933822
83 6.284467146149298
72 6.651107582005749
99 6.923196282505357
100 7.919581769058328
73 8.701662356794673
64 8.708720117595522
96 10.252851393774664
68 11.18952078487411
6 12.640831628598859
12 13.75679240495015
82 13.888256184790118
89 15.499173570942919
76 15.678290000024825
97 18.083139666108416
91 18.94704383634512
10 19.055014064453815
86 19.104335832810005
95 19.895048442684956
44 20.4010249089311
5 21.790590257763615
8 22.584641321022534
7 22.620308792038543
79 23.67019405594198
53 27.158137209666656
48 28.70801134647416
29 30.019641528656674
4 31.91137281114405
65 32.60156650052105
1 37.30033213458688
90 50.03188482594213
85 88.85742760576565
45 109.48957568482592
87 116.6620377701209
24 181.94539137581822
11 235.7894387649814
17 240.1632094095988
14 246.18453699113928
16 247.76231674181508
20 255.8683205690357
18 257.5949265037438
13 258.4689764019177
21 259.8689495780173
19 266.6708286456723
23 275.1646327093257
25 281.27282243434826
37 282.7231871549216
30 288.2407421297828
69 288.24498277202537
63 306.4404270215194
41 310.75042633239417
75 322.09542280908454
62 328.10627212875335
92 330.12248475963116
94 338.51693122674664
57 339.84658631247305
80 361.3662816746551
74 363.66748169521276
54 364.5969135221353
88 369.38269987895
