2 0.08161682124025157
39 0.17074993569963107
55 0.18801716862829906
38 0.2085038859026407
50 0.21257377361432353
52 0.2153350490322392
70 0.24608786906182245
61 0.272484944712002
59 0.27479973577378025
58 0.27978273862347247
71 0.28852431418472463
84 0.30678143335033903
93 0.308348412558352
51 0.3110763358697999
83 0.31926481713594096
72 0.3634340426631602
99 0.3836287998918326
81 0.40101583299435617
78 0.43605102448782657
27 0.4531685901941162
35 0.474318017644794
66 0.49557443303607046
100 0.5037560222820295
34 0.5040870414170945
26 0.577910088832972
40 0.5815937509058119
67 0.5925853968602329
60 0.6141697508777497
28 0.6219519850658284
73 0.6416241075551715
64 0.7478238780951533
31 0.7563301452872796
77 0.840719186334555
43 0.8541867892033059
3 0.8653441903706883
96 0.8922115998049451
36 0.8935858125732781
46 1.1621540116071818
68 1.2364372712154161
56 1.2742370576186144
47 1.3901523265677416
98 1.4976245864433244
32 1.5297271540903519
6 1.5689781820305568
49 1.651008798611096
82 1.9164211192233613
12 1.9800384159607238
89 2.2935631694194205
76 2.3928850325445103
33 2.6473840537427713
22 2.7067397217487374
42 2.772875875247504
97 2.938174574723415
91 3.1290829428591294
86 3.3592404424041034
10 3.472501186758453
95 3.707253905022405
44 3.9227381590740067
0 4.10242915330848
9 4.303992296961253
8 4.563184120024749
5 4.614773188643201
7 4.7630734786387965
79 4.82247722104519
15 5.029878885388853
48 6.246869182876978
53 6.79846227299993
29 7.289572736273089
65 8.129418742362972
4 9.013558004658856
1 11.613660343935848
90 14.637651023983619
85 33.340567479299516
45 43.30207868807852
87 45.87796602588099
24 99.71921734813377
11 168.12574392449943
17 168.54609171335807
16 174.00903535335743
14 174.10780835642404
20 179.25222107655455
13 179.34619469501996
21 180.85356840355
18 181.00866639838526
19 186.17252095399792
23 190.74409840729075
37 194.1783822457824
25 194.29022478609153
69 195.83017903105838
30 197.74017225926914
63 207.51567183645335
41 210.55380011952147
75 216.5130505882651
62 220.21101738090593
92 220.7678555747918
94 225.8322829397207
57 227.88921067544283
80 240.1468696209808
74 242.03666349271086
54 243.47639941222678
88 245.19577942133267
