15 0.5441345014419946
9 0.9534263132076932
22 2.697520367888309
33 2.777689745951983
42 2.910607324369777
0 6.981245220363001
98 7.2934973090393225
32 7.964466783520565
49 8.046872770580636
47 8.749758902104615
56 9.45652461177898
46 10.117304252824836
3 11.518633370090368
36 11.66563197017087
43 12.07798744874737
31 12.93505339552006
77 14.407845609083527
28 15.49019181136251
26 15.69915754183132
40 16.038156112798667
60 16.1827874199437
35 17.394378115730174
27 17.760079359219127
67 17.952527421242998
34 18.119835888529426
66 18.944261369264304
81 20.22701678198627
78 21.745409861927048
38 24.171566500126982
58 24.300232704749074
51 24.866915544334635
59 26.692050403328693
39 28.173903339616487
55 32.5291164012739
71 32.972991049452496
2 33.25250879146891
50 33.48949973961218
70 35.214712208927146
52 35.262562847143364
93 36.525113534719644
84 37.637761525749205
61 39.42057015439449
83 39.64379478244558
72 40.587951697832736
99 40.794323218538246
100 45.63494883099367
73 50.561662224044646
64 52.69414339777569
96 56.66683743467099
68 63.32169228417306
6 68.1750869328175
82 74.42539027123048
12 74.58758137741482
76 81.78592175084384
89 82.9376990812151
10 89.50257708317191
97 91.12846536998389
86 95.3710034406241
95 96.8126915244577
91 97.59599442735667
5 104.26144347411135
44 104.30551891365849
8 104.87362722106812
7 106.1860398191862
79 113.2511683801677
53 127.99109216995198
48 130.9615489494035
29 139.59553342704007
4 140.79665551933402
1 145.38250873213354
65 151.35289857689762
90 217.20280048108458
85 353.8465139835245
45 419.98746527163036
87 441.4114875296742
24 838.5373206184139
11 1077.654242774634
17 1100.8095836210261
14 1113.547143336859
16 1123.1576427372834
20 1148.0716826359765
18 1152.674934939044
13 1162.759584755678
21 1165.8867575630475
19 1184.8671393162751
23 1214.7260019141465
25 1236.3867087018425
37 1243.7069443637317
30 1261.0720929495674
69 1270.0000087825752
63 1326.806901306672
41 1342.0260864033032
75 1379.3188871547088
62 1402.6362775526757
92 1410.656363921525
94 1436.814703714758
57 1437.421421836394
80 1511.3176819805346
54 1517.5572156988417
74 1518.1955721818235
88 1537.2723060714468
