91 1.1048249925362321
97 1.2352662360824864
89 2.175736129602474
96 2.526312104496757
86 2.7142234614202425
79 2.8457079300521118
65 3.02970225702208
76 3.162077534088693
82 3.2205261707607904
48 3.361963676191061
44 3.6577177814449113
100 3.8982329777567735
95 4.062144698746669
73 4.092307284204113
68 4.557671470937519
99 5.262364630101823
90 5.330954528112977
72 5.453418669711473
53 5.629388495710012
93 6.091472431085644
83 6.379182752897014
84 6.431114702513686
71 6.621335947471988
29 7.376043670953016
70 7.799514322390952
50 9.18390002340144
64 9.249540248847046
61 9.564150462036372
52 9.655792664915475
59 10.210582860322427
55 10.212338382566582
7 10.805272887022488
51 10.873024989314585
58 11.567324436804993
78 11.570456237207184
39 12.236727146691377
67 12.432687308623306
85 12.989339384219935
66 13.048812545362537
81 13.088610826864766
77 14.465692324324424
34 14.721350103379278
38 15.153298550008254
8 15.630746935828883
60 15.82445074530011
6 16.030597072336302
28 16.323721219098733
40 17.073411841911053
12 17.281462070136833
35 17.42963053776124
45 17.596309562211907
49 18.25209818328251
27 18.37289138966562
5 18.41573749851838
26 18.78560925120282
31 19.237706251329445
47 19.416510004277978
87 19.467974788393388
56 19.62293380196785
46 19.67729619092879
10 19.875560969382494
43 19.97249049594561
36 20.57792355638733
32 21.242691962816732
98 22.35481483975702
4 24.134643078530306
42 27.275727482936045
2 29.35654140000617
33 31.218738749793193
22 32.122488044600246
1 37.98656520826876
3 37.99939515868312
24 40.66571615665488
9 43.06318597747655
15 44.62358400735436
17 64.6197456705291
16 65.95943255546366
21 70.35173956776825
20 70.48632422668523
69 70.71018907402531
13 71.0077162662611
37 71.57735421168778
14 72.42705689243034
11 72.95881125162533
30 73.45276230623166
18 73.49104492170127
25 73.68834107864316
19 73.80439010727208
23 73.93834895844199
63 75.73286281880688
41 77.68273413374186
75 79.47870644564503
62 81.65608305603075
92 82.18433338550834
94 84.30056288134968
57 84.78898333176805
80 90.41943139587723
74 91.06132253250891
54 91.54586137243002
88 92.42725045055343
0 92.99939378901368
