55 0.2306004345478396
50 0.30137999329043896
52 0.3061728738726068
70 0.3168776406852976
39 0.33139210538834485
84 0.33563339859248514
61 0.34597232882999196
93 0.34628888335658503
71 0.36554310350465186
83 0.3937479077775656
72 0.43665312765725073
99 0.4389954085923602
59 0.4643496087116373
58 0.5960807748154809
51 0.6152306108838687
38 0.6160780550581376
100 0.6994470687538586
2 0.8735966220359046
81 1.016194420211723
78 1.0214983167364458
73 1.0254388137609067
66 1.1883932333783869
64 1.3022194290109042
34 1.3830481080180914
27 1.3974308626249006
67 1.42597928962639
35 1.477807449769639
96 1.5517960283302188
40 1.6499797064734645
60 1.675114745299264
28 1.7427481696478626
26 1.7663714941452362
77 2.12068289883633
68 2.142889477101495
31 2.3082427591591856
43 2.602571531806131
36 2.7398840887390596
46 3.2526304265862507
6 3.4817692215614966
56 3.511161894389793
3 3.5628196393932963
82 3.565900019480734
47 3.8183128107823125
32 4.251250233012924
12 4.26243550983393
49 4.2704256510034
98 4.377430402016256
76 4.711685875682404
89 4.815713565562201
97 6.1714613273155345
10 6.998029198459406
86 6.999495509368494
95 7.399910642055002
91 7.510843358729041
42 7.638302281329388
33 7.793395457065627
22 7.951090799400978
44 8.545824915142177
5 9.551313017467962
7 9.569263113495245
8 9.803803804769846
79 10.446525298883344
9 12.190569043957177
53 13.420818611442257
15 14.247427747473834
48 14.316628511313352
29 16.19518612460706
0 16.863394402069325
4 17.72649684773678
65 18.266076395493133
1 22.63607234652463
90 34.416955419823
85 72.47686939408854
45 92.64559051638334
87 98.53636975367478
24 240.46617372114164
11 323.8742837638644
17 328.65817138636277
14 336.16388423339396
16 337.0072415273643
20 347.75923003693225
18 349.0680901636265
13 350.17639234623044
21 352.61532865253554
19 359.5978567918549
23 370.19725200026954
25 376.8867360517356
37 380.0586979746332
30 385.8219138346746
69 387.51120739972345
63 406.88612490779224
41 410.7681449702142
75 426.7990304203985
62 432.004995739851
92 434.8668312805685
94 445.93324134119814
57 446.4614363791562
80 472.39982988474003
74 474.4310595958387
54 474.4791985816704
88 481.2924187004519
