15 2.258570093491642
9 3.2112121113590675
0 4.732817570153726
42 6.157335146321688
22 6.828930462400046
33 6.910904701937264
49 9.94586057817798
98 11.218053523920707
47 11.621092007002273
32 11.785060247623742
56 12.470474452439337
46 13.076763509861914
43 15.647157547721038
36 15.707813001193724
77 15.802489648229836
31 16.254720298296753
3 16.776563169828414
28 17.826875684756263
40 18.078556239868423
60 18.405014106752105
67 18.49826222195013
26 18.777718184662234
66 18.849914278589413
34 20.54145253634355
27 20.580236970305553
35 20.651122421605457
81 21.88683163425525
78 22.314063327642653
51 24.01672677789077
58 24.64688365174086
59 25.126268697986937
38 25.66228553910074
39 28.88759789103862
71 29.38803399035228
55 31.781423861392447
93 32.03010516362102
50 32.35539302225659
70 32.703658616740206
52 32.785991901812544
84 33.47945279527621
99 34.75136201160835
83 35.24303446534977
72 35.28525637825423
2 36.51329479540453
100 37.67525582404529
61 38.40164753303378
73 40.91433496796123
96 45.57803825864592
64 51.103170171489246
68 56.36806141071539
82 62.102436244219646
6 64.46941475194689
76 66.77386604682435
89 67.97281257943571
97 72.2076216763278
12 72.33094574747352
86 74.9280556698194
91 76.88510096562489
95 79.72454079201545
10 80.74205381077773
44 86.40720220633875
79 88.53492357336822
7 91.84530405015549
8 93.10047015996533
48 95.33162518224351
5 97.1253968752599
53 114.44216643200836
29 118.0447147433902
65 122.68497247607468
4 140.30003202920778
1 151.77025156236758
90 164.6371653959441
85 296.51577484528053
45 355.417895531642
87 360.7399485036541
24 944.9461872899055
17 1368.5232479543113
13 1368.5300630424085
21 1518.8340034812825
11 1532.6559430229918
14 1568.6285243733375
16 1586.1359187322378
69 1597.745570255753
20 1599.6587039449337
18 1604.3858942401664
19 1636.4852566027052
23 1656.4206938807945
30 1662.9560372939397
25 1683.7221679544102
37 1688.4632165648782
63 1773.669714570911
41 1786.2062642264098
75 1819.8919213159593
62 1848.062604142411
92 1860.8947949974538
57 1872.1831346751144
94 1881.8639708696044
80 1929.1602017912485
54 1931.8261095479231
74 1933.6496153155622
88 1950.1234508942457
