64 0.16189361013574444
61 0.16856914347384602
52 0.33312234731381307
70 0.3743696993792711
83 0.3744463941211101
50 0.3791338201842776
84 0.3851271239641155
55 0.3984252897281695
72 0.44303886816241816
99 0.46641491998418544
93 0.4670795676779024
71 0.568412484697293
39 0.6259198237020648
100 0.6656585630911612
73 0.6861136884858253
59 0.7710295742788732
68 0.8266741931063077
51 0.9127934085007887
58 0.9347373593485566
38 1.1069099517770657
96 1.1658269624411728
6 1.2296733034365874
78 1.2834157485975501
81 1.4045108934178843
66 1.5360269893084326
12 1.5814224446328637
82 1.6669857949293818
67 1.719618509122542
34 1.7887184358633141
35 2.0509402425649332
27 2.1096165608703106
60 2.129681715393144
40 2.178607571817584
28 2.206300630792222
76 2.2323461454610873
77 2.392512433668034
26 2.4165362509059776
89 2.482720786807717
2 2.639188811313439
31 2.849510127098359
43 3.1374961419840255
95 3.1585887694096777
10 3.2537184455507813
36 3.3419731389914333
86 3.5586749330054737
7 3.6037868258298116
46 3.6089350216262313
97 3.6108203074119785
5 3.741500830507177
44 3.7671912531016667
56 3.812719573117486
8 3.8234814705428883
47 3.9909707252716315
49 4.228109128644509
91 4.3791760858047155
32 4.519060636198136
98 4.685464112331002
79 5.166973222879484
53 5.489672454197934
3 6.424005482383623
29 6.740575253870229
4 7.2139121974767075
42 7.475845225075662
48 7.6944265692589
33 8.067666909334744
22 8.320676132080285
65 9.260726168434045
1 10.12654801424466
9 12.76352269377511
15 14.290465407628187
90 19.482481125325666
0 27.126289706486737
85 36.35389742861809
45 44.48744365264572
87 50.86062508815694
24 75.92736748300901
11 82.02441462960682
17 85.7592216963714
14 86.16888590678236
16 88.46692000966218
20 90.58211342343444
18 90.79765004643548
21 93.28810151520717
13 93.58783337076888
19 95.13801035039498
23 99.10741609370754
25 102.22655172879958
37 103.84535556693595
30 105.98132138658029
69 109.24462496558569
63 117.81306858477278
41 119.88767914159372
75 125.27192866060177
62 130.0823865444493
92 132.61192028434678
57 132.9144011927354
94 135.77367981894977
54 142.08014201097316
80 143.84462688470333
74 143.92147478480533
88 147.4721773912743
