2 1.5326279299619066
3 2.7878424671783995
1 3.7307403094696183
9 4.670243785170379
4 4.975805498545552
15 5.3670120007811
10 5.591488931559302
22 5.955778011690716
12 6.799756270606975
33 6.957145422073308
5 7.204792329876875
6 7.840010971121977
27 10.215600454104772
8 10.272284569898927
26 10.63346886888244
42 10.762752456242357
36 11.501314168241533
43 11.777512408887889
35 12.718212247668859
31 13.323824674171224
32 13.329656630637514
40 13.577912994108775
46 13.663103961332519
98 14.149546639617613
38 14.328774648899657
56 14.491141831980821
47 16.74135532490436
28 17.072956771964403
60 17.439351546522545
7 17.495370472546036
34 18.857501876919816
49 20.789346790313406
39 21.022210954093957
78 22.01108437557531
66 22.73848385799832
81 23.386131185647038
52 23.48490271769071
51 23.487549657710336
77 23.610471799399892
55 23.66764766472253
64 23.872561600861705
58 24.179960108407393
59 25.448254898798535
61 25.608381330171255
67 26.489743432873674
50 26.762632125296253
70 30.335861490292068
29 31.30423902804488
11 32.98281357413199
14 37.56712338206189
84 38.13156651207043
53 38.19546034286302
83 38.256694538443085
71 40.87828431992337
68 41.41156017739928
93 41.43095401119495
18 41.480106369345314
95 42.28811375194361
73 42.567395827736256
0 42.69545893746566
72 43.192956599483885
44 43.240838727054104
24 43.31162252454015
99 45.26187996261668
76 46.17119595275999
20 46.180461359369005
19 47.336070949234944
82 47.406212170747395
13 49.77998290155561
86 50.03260442553576
79 50.515430068858116
48 51.17674538578888
100 51.315439005417545
21 51.40114971180149
17 51.59199971508156
23 53.437912583836926
16 53.52633804398215
89 53.95634821294379
96 58.02992050225937
25 60.1193787380657
65 62.60384201871633
91 63.75455595070067
97 69.1369337134979
30 69.17808991761238
37 70.40578878997464
45 84.19926657548986
85 91.7176995918129
69 92.11638225874042
90 92.68815776036443
41 99.37246997036895
63 101.23092276491305
54 103.49051436346987
57 109.26381266761028
75 109.79375659407641
87 110.91714698220673
74 117.05000386593358
80 122.57725571046113
62 122.80599841088407
88 125.87692002296038
94 134.63354679916796
92 136.20676535997112
