15 0.9510567997491254
9 2.0090285758936615
0 3.4862250352307798
22 5.702466063914126
33 5.92257593421824
42 6.281136590957295
98 12.512778532871796
32 13.09147411731268
49 13.368350208684408
47 14.397998883699278
56 15.242661688518753
46 16.229570482775273
3 17.64558147450074
36 18.16631506961178
43 18.84930370855606
31 19.913631797605635
77 21.42643118802254
28 22.92746007511647
26 23.34251650998354
60 23.723295057704316
40 23.92131355004599
35 25.43185100943587
27 25.87851809271783
67 25.898024771884252
34 26.14963022337395
66 27.49128211974644
81 28.715331519148332
78 30.416678207379537
58 33.90406295239381
38 34.06396222275706
51 34.592902444739224
59 36.67857778560934
39 39.05515005389356
71 43.814723970721055
55 43.83318327479385
50 44.8150570160029
70 46.823198756821775
2 46.86666080543982
52 47.55992653788585
93 48.190823305639185
84 49.82948550557768
83 52.071892999002934
61 52.59087172602785
72 52.89041712741675
99 53.44789120202381
100 58.872871519673346
73 65.05437581151448
64 69.39690944080934
96 71.72580295007869
68 81.03821071228533
6 90.16449231912961
82 94.05353569205535
12 97.95106254978289
89 102.6734845431765
76 102.86307456783051
97 112.58651262275593
10 118.35945131171657
86 118.94416173089193
91 119.30744177317854
95 122.5805252801157
44 128.77768819542135
5 134.26910430979623
8 135.9511610646907
7 136.72441357241487
79 140.65641888308542
53 160.49450221049642
48 161.85236585458597
29 174.19311240104437
4 181.58644807021184
65 185.3321989765947
1 189.41560422194908
90 260.2973718102259
85 430.0850719158053
45 509.7070448357334
87 534.1245257496328
24 967.3559637506902
11 1300.289834605283
17 1321.215119448724
14 1342.8452836981946
16 1347.4347931114073
20 1382.6627032971815
18 1391.159801133668
13 1399.5968946377554
21 1401.6841506603544
19 1426.5896356275318
23 1461.6734732980326
25 1487.1351299792154
37 1495.2122773044732
30 1516.773360984072
69 1526.4053492266253
63 1588.7966536314593
41 1605.2722338228054
75 1651.6393759100097
62 1676.4515569165976
92 1685.0279455285906
94 1715.895456443039
57 1721.2477766219638
80 1809.4005276507526
74 1819.7513746743691
54 1823.4747370403259
88 1841.8243117293546
