87 8.495675133835727
90 8.753808931276314
92 10.145377605361938
94 11.157825823229137
85 12.359172550628795
62 14.417658449457068
97 14.768457936459452
91 14.999649794482128
88 16.775884394127498
45 17.228651997136506
80 17.54189417254111
96 18.253229911980515
65 18.703426363923693
75 19.05696118895467
74 20.1261578594224
89 20.910730796295773
57 21.529263571031475
100 21.573938792236305
63 21.766758606249283
41 23.66848678908422
79 24.030154956303708
86 24.044706039540877
69 24.65034507664029
48 24.759969682493722
82 25.29745648755053
73 25.64643644953437
76 26.0179169818123
99 26.04275079878092
72 27.295355056266427
54 27.51263185613762
93 28.278398528535774
71 28.53141899404404
44 29.239515554932066
68 30.145059286371595
95 30.53990317451862
84 30.825794967523546
83 31.705685934579577
53 35.95515408578707
70 36.933125080212
37 40.21335980573101
50 41.93269560843135
59 42.20921709034108
30 42.50544333245682
67 42.57683434153862
29 43.98861739290952
51 44.318385849371204
52 45.49331860374129
78 45.49961403629661
61 45.555878333510975
58 45.62148995630048
55 45.794718893865486
66 46.79227991447198
77 47.23088560234563
81 47.85172696400891
64 48.598799495101495
39 51.00485523194428
25 51.87948468616629
49 52.29660313611629
16 53.34608929936358
34 53.5006527483096
24 54.038188058224435
17 54.469111273548826
60 56.24842341371324
28 57.26525521070012
47 59.32413051720677
21 59.907454271943216
23 60.42033396281124
7 61.10315149970977
38 61.56822045568034
40 62.140452459856654
56 62.14604011527194
13 63.323911517585785
46 63.94866084301047
35 64.95672387287173
31 65.90093038808256
32 65.97231721229925
20 66.8918657638791
98 67.5469639128034
43 68.35483549984087
19 69.10206179771616
26 69.32143033503367
36 69.64518182669063
27 69.94980694321727
42 76.20869301520169
18 77.79094383072083
8 80.44565484588188
6 81.3920086983239
14 84.46189556535901
12 86.13437015319253
5 90.67082301620185
33 91.46630405675309
22 95.48553797904322
11 95.52136224410512
10 95.85889936425333
4 107.84838166574134
2 121.90079765970629
15 125.63752655349934
9 127.33568014884527
3 138.08248532821224
1 149.19767772082545
0 282.0561730582287
