87 1.2729693637421182
90 1.429957984137401
85 1.6232824103192083
45 2.1905129942864576
65 3.785462708519946
48 4.193771664463869
91 4.2655726241984855
79 5.219763415161745
97 5.311762634021721
86 5.838962832210889
44 6.078449357541232
89 6.173918446889752
29 6.634480132005495
76 6.834755539963578
53 6.876619036772845
95 7.028189993381367
82 7.328464179414702
96 7.367886685689418
73 8.284494811268903
100 8.643292520580145
68 8.69614857434887
24 9.016969795445409
92 9.633168293185431
99 9.727778387575253
72 9.833244387479919
94 9.951201278702323
7 10.001350038255735
62 10.051651966500748
93 10.307337043992886
63 10.33084677653218
69 10.368161886589403
75 10.38771254383841
83 10.446131255159257
84 10.464653452255765
41 10.627509962117122
71 10.731634632415853
57 11.10135914395316
70 11.166793385700146
80 11.277655114804512
88 11.468309370954907
74 11.659954044685252
64 11.777318051699941
8 12.015843374176175
50 12.07009292167472
37 12.109471081048763
52 12.123610225714373
61 12.377253560583052
54 12.499264753332739
30 12.499404831298643
55 12.676028087120638
59 12.689047930957614
51 13.009039121816516
16 13.055728320607619
17 13.124293924914616
78 13.319317191823492
25 13.500734768651796
5 13.590547817103257
6 13.651504482704217
58 13.77967058824667
21 14.066640664685483
39 14.109873813311994
12 14.114316559197349
13 14.38086654917619
67 14.388515392480056
23 14.398170423035415
66 14.544882176095518
10 14.698053102410146
81 14.878866106260801
20 15.008561336170985
19 15.353289120786366
38 15.44487703074665
77 15.605932961295233
34 15.620670917668756
4 15.70490692055461
60 16.199731223205426
18 16.520168619977895
28 16.53966476073717
40 16.603136261598696
35 16.8717075518658
27 17.05606405261928
14 17.14368319747104
26 17.390177677536588
49 17.72138768761778
31 18.14179558547346
46 18.27239670364245
56 18.30695980504584
47 18.364426254313393
43 18.403567873714202
11 18.51651188970848
36 18.842616076549756
32 19.249902636633173
98 20.16091213925796
2 20.967431791251986
42 22.36016382355669
1 22.445148156255332
33 24.328640723346126
22 24.597104125787812
3 25.445700007637758
9 28.776992823853394
15 29.953441464689586
0 49.59017956174271
