61 0.326642070983674
50 0.40464023938328086
83 0.4090880242596303
70 0.41397618555221677
52 0.42959202136674385
84 0.46183402305830745
55 0.5139358179579882
93 0.5655537175334724
71 0.5689752065283165
64 0.5862706859138196
72 0.6408293844852295
59 0.6518012026455207
99 0.710934433866612
51 0.8281316801948643
39 0.8903200374819832
58 0.8989180587262702
78 1.209879715186886
68 1.3218893379618237
100 1.3842466474666917
66 1.3962604837988497
81 1.4412782630818413
67 1.4626132867048638
73 1.5542097534837438
38 1.8064326013052157
34 2.0318227861058875
77 2.248604678328179
60 2.4761113406925572
96 2.5045069927805366
28 2.6737368337630616
82 2.7008405262679203
40 2.8514839906748928
35 3.007114360353512
27 3.3009688213594393
6 3.4359383729738044
76 3.5585054606937794
26 3.5889089558348664
31 3.977911437013758
12 4.177316024798239
95 4.188650525501617
49 4.310939820293147
89 4.323766688569607
43 4.40429059382176
46 4.472122375075147
56 4.574921583726412
47 4.599286794857565
7 4.699199088073788
36 4.821050317728168
86 5.520155087800261
32 5.607802380566945
44 5.693283096208941
8 5.831283867686667
97 6.103869787515735
10 6.220877767338444
98 6.255617494324086
5 6.475313094293229
53 6.562420022140977
79 7.477497679519585
91 8.480702440355964
29 8.610924617611555
2 8.738632793624777
42 9.621973687355952
4 10.76266844889621
48 11.312697806957027
33 11.978653603494234
22 12.57179001921558
65 12.81170959095722
3 14.426995400512277
1 19.08978144141238
9 20.272178564324594
15 22.239229314036077
90 27.79350529780104
85 41.24547711289625
45 46.949184477971805
87 56.975511864243956
0 62.816053917195745
24 64.86341882404615
11 107.27603174471099
17 109.70426339111212
14 110.90443118974686
16 112.6845157309541
20 114.82041868559587
18 115.47319315294588
21 117.69081844300878
13 117.74185353063417
19 119.83617240554634
23 123.88620998884609
25 127.23797524903708
37 129.23279753538603
30 131.44216425554373
69 136.1420109267437
63 146.76214320803192
41 149.00717855887697
75 155.40344093232673
62 162.1285257488166
57 163.4350328025223
92 166.37015996448153
94 169.54883097408975
54 172.02157089036692
74 175.50251085319238
80 176.18737429411635
88 180.2128560714073
