15 26.03631906738818
9 28.925849600114905
0 29.590685049411338
3 53.75564691066957
22 60.35944925474504
33 65.28658714592962
42 82.48151523154226
2 100.00967726953056
98 109.88459122727572
32 110.29978012290589
36 113.80935900539579
43 117.22417478350647
46 119.28770589816463
56 119.76993918153457
26 122.40045826123331
31 124.60228123855141
47 124.78098199885154
27 125.32146483390177
35 132.640929929521
40 134.67136722488044
49 135.43868337853513
28 143.8000797655295
60 146.63678781919518
38 153.17112873485976
34 154.6469290288961
77 161.75617498312778
66 171.15266279608727
81 173.00955260508576
78 175.46396066571742
1 176.2945921154746
67 178.69984767085407
39 181.5066499456962
58 185.1594499037329
51 186.6978389199705
12 192.10379113948395
6 192.9356682250616
59 195.75362456546324
55 198.78663958654485
10 204.45985541042313
52 205.11002082628343
50 210.44740700601614
61 214.65705493344117
5 223.86617819162151
70 224.88046887955468
4 227.78924403670288
64 228.15588266341985
8 246.59394372754872
71 250.30776518058605
84 251.68117745802732
83 255.3849808936013
93 258.84492201933887
72 270.7547925517055
99 276.85208981859563
7 277.9819185402873
73 289.126872754241
68 298.98842588328233
100 302.08759250768736
82 333.3612349389418
96 338.7524470199582
76 342.18608607032263
95 349.0852468819722
44 361.6010816997212
29 364.58245115245137
89 364.67465649857985
53 365.7024804856184
86 374.1687310259399
79 398.657601579051
91 415.5924891965752
97 416.85339373956793
48 431.3819834896749
65 472.85792735224794
90 634.4860759483776
11 670.614425855663
24 680.4799090617769
14 716.2408436647153
85 737.4690755153078
18 756.109895288004
45 762.3172077494446
20 780.4142519976574
17 788.1135704495815
19 804.4300836549203
16 807.1163574872018
13 811.5616975642786
21 817.1456116442572
23 848.6284252442954
87 871.5290062438668
25 889.9912984339592
37 935.9257969279862
30 940.1592528224726
69 1033.6768574249222
63 1100.2452910684385
41 1105.4721394807307
75 1157.4575640699543
57 1189.521148605513
54 1208.5723206654754
62 1219.2323914068218
74 1259.583864898396
92 1267.5414247814556
94 1275.6250124823507
80 1275.7880379328126
88 1300.4678599073093
