68 0.27744131267001876
72 0.6771769115838094
73 0.6876485683683145
99 0.6883437268172307
83 0.7781169057448175
82 0.8278149093509368
84 0.8872831366835398
93 0.9154183082079659
100 1.1748035608275538
76 1.1900082267331362
71 1.255008081103398
95 1.424764343395641
70 1.8078333845951842
96 2.1107527576741925
89 2.267416630453747
86 2.351391425848219
44 2.3619522307945493
50 2.9621802772684807
53 3.3915147312801017
61 3.4612708408639494
79 3.471167145685421
52 3.710180761977522
59 3.834795521222283
64 3.8740049635509304
55 4.106978215366628
51 4.619946011267784
97 5.087239030699202
58 5.126061515313884
78 5.538448467173167
67 5.784600959322708
48 5.7852067327708125
29 6.191320090678539
39 6.391641810714931
81 6.668458421043831
66 6.755048258679175
91 6.8076450618606135
77 8.07316801172036
65 8.088401421972941
34 9.169026376541703
7 9.432745461384565
60 10.655555889680821
38 11.143066899137212
28 11.270952609544546
49 12.774782147337916
40 13.178673360473379
35 14.11511493027554
47 15.063631014671236
56 15.88021107754883
31 16.133815806733484
46 16.29122847698207
27 16.323226696197448
26 16.622645076924854
43 17.574442829925594
32 18.418682014969995
36 18.49525197305445
6 18.681685851341882
8 19.52539208574356
98 19.91199824464028
12 21.664659339877325
90 24.347728329163
5 25.41879416203563
42 28.032043820514122
10 28.48342952294678
85 31.559046793854936
45 33.73030855654102
33 37.21070313768808
4 38.48035762650511
22 39.512562476728974
87 47.241521263670506
2 47.6733093694239
24 48.93714636079535
3 64.61442608444074
9 65.17614009193674
15 66.47540552714837
17 67.19163512299049
16 69.14314599241621
1 73.35526763914758
21 75.72965884866596
13 76.75512104820703
20 76.89192728781101
37 78.70256760503935
25 79.90622526515816
30 80.60248923899346
23 80.80569465450881
19 81.32277010318523
18 82.45244011911288
14 82.68511782413044
69 82.91916521660247
11 86.23666279836834
63 90.78024252146494
41 91.55253688436554
75 98.60764750245457
57 103.63988230766414
62 104.94797641017638
54 109.21460055313237
92 111.68622452165893
74 113.24540707918776
94 113.69436995109076
80 114.86042796986145
88 118.21094818299174
0 214.1050734734106
