68 0.15557025306165911
82 0.2008089424896211
76 0.32995314162741235
95 0.5561897134399132
73 0.5581384644859714
89 0.5830158082581054
96 0.7525431177587208
86 0.9356285821683124
100 0.9754523972801736
44 1.0178786435278038
99 1.163997153882715
72 1.176972429686525
83 1.2833984506589045
64 1.3741984953759003
84 1.468484836440791
97 1.5315499904798835
93 1.5538827533966302
79 1.7504459237715577
53 1.7804241197752269
91 1.9322320587704045
71 1.9790994526284849
70 1.979252335230797
61 2.0646309209764544
52 2.4279000672603064
50 2.4480033189574795
55 2.8769921773518603
7 2.993805225581298
29 3.3771362580465687
59 3.3869456748667695
48 3.6227283224572036
51 3.8693838857971867
39 3.9651076936684455
58 4.196444060662038
65 4.501678359170099
78 4.739038770026265
66 5.294059063615732
6 5.299259128365491
81 5.4043086125321675
67 5.457710233544274
8 5.651920661180498
38 5.770657215385839
12 6.056559923556278
34 6.517407394474252
77 6.963309797499832
5 7.215528491447686
60 7.3001509144296985
28 7.569453712780927
40 7.878414826250518
10 7.8958088493868575
35 8.043167266495653
27 8.546537918143278
26 9.03087640893741
31 9.46088247447781
43 10.227710991165509
49 10.345378564158333
46 10.4684004537056
56 10.649022745615072
47 10.679407814829592
36 10.782135910836999
4 11.594109472019996
32 12.194554121546735
98 12.783667534600458
90 13.7157755764181
2 15.24515426467087
42 17.576559909921823
33 20.23624047648668
22 21.10812342913571
1 22.219516738800554
3 23.88276448793752
85 24.039841728825614
45 28.729253471160053
9 31.178961910636794
15 33.15217765558781
87 35.78967107456599
24 45.62554675368379
0 77.60673545587274
17 82.48274446284971
16 84.71069371698934
11 84.75920314554483
14 86.47897310600845
20 87.79428358429531
21 89.31277954597581
18 89.4502412112191
13 89.65962380455233
19 91.96683245981066
23 94.30955968527083
25 96.138631693384
37 96.50833540715442
30 98.50366150560855
69 100.42964013103077
63 108.55287793669596
41 110.56403919042603
75 115.12796672124713
62 120.09437539888567
57 121.81991000250851
92 122.99387690487518
94 125.58897258081045
54 129.51337400947926
74 131.52102314793476
80 131.6942194668931
88 134.95646384567695
