91 1.5635620279272724
97 1.6839167035818992
89 3.2858802074750395
96 3.677353921929484
65 3.924589955776523
86 4.169680254742284
79 4.258189658240729
48 4.869936498849097
76 4.892307780289473
82 4.931252485045078
44 5.655438836417547
100 5.6937501033814595
90 6.066120363941731
73 6.227654126943499
95 6.391530808572546
68 6.999962390591647
99 7.730702315702748
72 8.064556732546912
53 8.616094965679396
93 8.97458456965263
83 9.524888482857238
84 9.587801716677763
71 9.681893974642751
29 11.498270377056981
70 11.810680371623757
50 13.980051340689224
64 14.58573050414064
61 14.708608862715879
52 14.901867660631725
59 15.32965764397277
55 15.57734612037522
85 15.648262360914943
51 16.353960415792987
58 17.314574855212147
78 17.416730307531036
7 17.509307454116346
67 18.26542445296633
39 18.629687802079754
66 19.412080889604454
81 19.420977204738758
77 21.203182816948583
45 21.920113588818605
34 22.07309373962922
38 23.294635467554063
87 23.657186458245615
60 23.707767593335454
28 24.34936119044045
8 25.697282527981464
40 25.798815577913903
6 26.23226288622015
35 26.4907216386547
49 26.50233483641975
27 28.12264502724957
12 28.307401626874515
47 28.57098868208836
26 28.613926120859617
31 28.867704789999973
56 29.08141436904623
46 29.30893964742507
43 30.057672860149854
5 30.244210877196405
36 30.946041710149796
32 31.489989176218597
10 32.63460459607019
98 33.0109339643095
4 39.41847578852732
42 40.15902909567792
33 46.58092571931824
2 47.40146458842155
22 48.06468042191648
24 55.953239912129035
3 60.1143064750972
1 62.54251273740999
9 65.09402398306976
15 66.90975438611267
17 77.47895086686188
16 79.3148392962004
69 84.21755010342189
21 86.2630869336425
37 86.6991699524892
13 86.9778844482126
20 87.74658376941068
30 89.1047887861026
63 89.28888874838296
25 89.94955298190825
41 90.97753397475833
23 91.38313983349154
19 91.8749760367641
14 92.0491446011039
18 92.69199601648532
11 93.76162596026406
75 94.63235651881966
62 95.67679277325989
92 96.28482706918695
94 99.60906360075464
57 101.0397316106576
80 108.15663614302103
74 109.1596571685679
54 110.59690932286279
88 110.7285198943785
0 145.30288946919487
