54 14.076785504202762
53 22.250551396479626
78 33.9341386706416
52 41.210497584170454
41 42.14299938960164
55 42.266316130240575
51 45.830261323175385
69 54.49961442246684
44 55.52922388576564
48 58.55593020335615
64 60.924161806537256
39 69.10605546179555
50 69.60640391207366
57 71.5636708897174
34 72.35222317932889
59 82.58494949359763
61 86.20293968280875
60 92.95986898274022
63 94.11045836203165
28 97.1989521835445
58 102.38613232591578
74 106.48618237564035
47 118.81245799519857
70 121.26382370739887
66 129.17871210698155
56 136.52657078642844
81 138.56895928106846
37 148.18020281077133
46 169.64023374855418
75 173.19204869775987
98 177.51430053167942
32 184.83749629611884
77 193.4855206398082
95 199.9461382175869
49 200.21402242790785
31 200.89837703351003
40 200.95770490586554
29 201.40764663582266
80 201.57116593056188
38 219.0008432420916
30 223.2986517629613
79 243.4921857844626
45 244.08359781314712
88 244.09450631864456
67 264.08352766841256
35 279.2139610294708
43 279.9516475183157
36 294.8853241307885
86 310.4117323883156
76 312.9215527024773
42 318.4664213942578
68 378.25954533865803
62 439.5384439993244
65 442.4411238385821
73 443.0111131481908
26 454.6317608728911
82 493.1362716430088
83 497.6579644984136
27 514.0264091687301
84 515.2673569087963
16 564.6517329207558
25 574.1799403803288
17 587.0794379172742
24 608.6327180703903
7 639.2462846205815
89 639.5716027276674
85 657.7339636322583
91 700.4675539840757
94 738.9006553535326
93 770.78307465596
72 802.1557585876452
71 825.7040475494913
33 832.7374586755543
92 898.6616391115809
21 930.5343969412941
23 997.8082251464522
99 1032.873835498915
87 1070.8689725758165
22 1109.9354979374211
13 1139.6599716910018
90 1148.8994568964647
20 1260.2022707897347
100 1306.7049808617855
19 1473.940295420547
96 1512.6711813711634
6 1656.7067811372428
97 1726.465125642578
8 1828.8787377965036
18 1920.9033288768294
12 1979.2910096491055
14 2349.9369556544275
5 2442.5992943397605
10 2679.6697206154918
15 2970.258768486998
11 3071.268033154705
9 3503.72623907536
4 3566.388279915114
2 4225.702335939759
3 5296.648676405092
1 6453.429642230657
0 17135.875423550144
