15 0.42449395137690493
9 0.8290306826017044
22 2.4854965456952054
33 2.5346895764579718
42 2.6845988473430933
0 5.299833629017511
98 6.539731058788021
49 7.201471903404553
32 7.236203158313494
47 7.840177823232836
56 8.398814606194039
46 9.0056162701399
36 10.345075492308803
3 10.533146692231275
43 10.746936153187661
31 11.388092976275527
77 12.770344555279197
28 13.59808136750659
26 13.920108469595808
40 14.100938168401049
60 14.333015586418094
35 15.438963097510056
27 15.707243963421051
67 15.863607652569954
34 16.073857228874555
66 16.497948955948413
81 17.80680469398159
78 19.60691134322725
38 21.147800079726398
58 21.34000675392313
51 21.903123016759753
59 23.280468656355797
39 24.611137418429887
55 28.374523909559247
71 28.90555019215187
2 29.01235516130554
50 29.44716418611383
52 30.853337396251707
70 30.90746163978525
93 31.936809280141023
84 32.9310902400767
61 34.35196019109065
83 34.649584098683604
72 35.47114502848022
99 35.57525873575425
100 39.763680233139155
73 43.802742511592825
64 45.865815685106604
96 49.387574224998495
68 55.148726528054745
6 60.15727442771283
82 64.42694842303256
12 65.00005259219203
76 70.54027127574533
89 72.02669394066211
10 76.57968468973176
97 78.97934220667416
86 82.04172487742456
95 83.05520699728115
91 86.38546339899847
5 90.06339909723776
44 90.42557332865455
7 91.24205071475909
8 91.6112459860854
79 97.63754706958717
53 110.65428464843674
48 112.89605551267142
1 120.780618657581
4 121.05120441062193
29 121.26593402679781
65 131.18835132299435
90 188.02008347714354
85 310.1411883184406
45 364.16986432057445
87 380.27836067938466
24 711.733973269488
11 906.449306430515
17 927.7011250149378
14 937.2076445654585
16 947.1377036491348
20 967.2392446219027
18 969.5414625927442
13 978.6525531948467
21 982.381333401772
19 997.4743192542919
23 1023.212258475852
25 1041.351869034658
37 1048.5500682835566
30 1062.750027453167
69 1070.6105297784281
63 1119.3876554522578
41 1131.643474723533
75 1164.4648270858597
62 1183.2865919525118
92 1190.4976207376255
57 1212.6187332972554
94 1213.5375331611867
80 1274.2556063458612
54 1277.1900846949254
74 1279.06547448775
88 1295.6099921366388
