96 0.2710712131220057
100 0.3915633463071958
73 0.49671478020892756
82 0.8234402631367963
99 0.974601071692241
68 1.0609393610864084
72 1.1128071637808927
89 1.2155429482678013
76 1.3056718153207147
93 1.5828304906487614
83 1.8405495017420814
84 1.8626465550805265
71 2.0343936736132817
86 2.2114448084207456
97 2.238580574165807
95 2.652815581230655
70 3.232602604141409
44 3.2613203864342606
79 3.6624788453820076
91 3.7883938664695536
50 4.817449792615032
52 5.536656878640978
61 5.6057455145068475
59 5.820144483547684
64 6.0240659902025495
48 6.120117831892131
55 6.121105985890384
53 6.158855220653192
51 6.648723202959497
78 7.484972883414604
58 7.511215804507617
65 8.129190830104653
67 8.359979354200737
39 8.764561840303918
66 9.301923884628405
29 9.31190777946053
81 9.422533249229435
77 11.066913579556614
7 11.706339881617675
34 11.801435016236193
38 13.184005912883377
60 13.382595864631773
28 14.132370952748854
40 15.502491874999293
35 16.292430448627435
49 16.327899603432815
27 18.025502545372653
47 18.403690902506813
26 18.492148246196837
6 18.624611457374915
31 18.830174368705936
56 18.882895623781167
46 19.12513434834802
43 20.01262439406687
8 20.040451807454552
36 20.979171079079798
12 21.212124054423306
32 21.45893081240057
90 22.017897289477684
98 23.29629863539993
5 24.99705325795345
10 26.97465384753725
42 31.162498127502683
4 37.06482532163748
85 37.247734932908834
33 38.93490636172917
22 40.72054923898167
2 41.94032817112177
45 44.76544622659686
87 55.141823187782144
3 56.679766147034734
9 61.905358473424336
15 64.20327834672119
1 65.2645179408181
24 81.42413623207327
17 130.4257684688472
16 133.5157131619862
20 140.79268851489627
21 141.66149241423724
13 142.6190184144239
14 142.99246654504532
11 143.22579112053256
18 145.77971097419606
19 147.6289543336372
37 148.10543105250943
23 149.09785796977863
25 149.9809605444127
69 151.37359709858046
30 151.48881504136168
63 163.4552730259551
41 166.7653539322812
75 172.73304971127408
0 176.47376759331206
62 180.0879932957894
57 182.78047967241164
92 184.49750090743797
94 188.2054395702627
54 194.11122876759282
74 196.44055106094038
80 196.65478725292172
88 201.20622938919286
