33 0.5920842214304874
22 0.5920970319304202
42 0.7477620415572857
98 0.754526390526198
32 0.8090707942095124
0 0.9511141151889241
3 0.9721279955924106
47 0.9768218459522117
49 0.9769113842029414
56 1.0423317030460644
46 1.1266727881918774
36 1.239515582512191
9 1.3349232307037755
43 1.3522863376498517
31 1.4925418791211718
77 1.7122165722746392
15 1.8244180952093259
26 1.8896997974319338
28 1.8958935628037288
60 1.9547141586421568
40 2.046026829465125
35 2.160389309740827
27 2.216310361973322
34 2.2748590000425777
67 2.332008025481841
66 2.6486205187844463
81 2.7026592332744954
78 2.90184058687156
38 3.5541826193647688
58 3.5773042790269978
51 3.685403079324892
59 4.071117301844246
39 4.4978003155117
71 5.277960750599663
55 5.356515692397926
50 5.456588167527174
70 5.8458499944626725
2 5.900023442714633
52 5.983769618817737
93 6.175531641121149
84 6.50095821655517
83 6.86642961895448
61 7.00980763812431
72 7.112150820761457
99 7.263275005544371
100 8.301830702974677
73 9.673167587146626
64 10.568061773963247
96 11.000683175810789
68 13.290729674171548
6 15.187456115281634
82 16.317458574822357
12 17.19791646825667
89 18.030333302783365
76 18.455767895748856
97 20.478733562554748
91 21.356485407559124
86 22.373015821001562
10 23.008601381903617
95 23.5386287897279
44 24.423057888152773
5 26.65884726291839
8 26.817068019387587
7 27.440930392538185
79 27.700137988790434
48 33.030128140343095
53 33.40650952983092
29 36.2856221680929
65 38.88919133928115
4 40.07768351132183
1 46.49530780832236
90 58.59637795899077
85 107.75596152064126
45 132.89318183807467
87 139.993170981364
24 235.07058288544312
17 338.10677519727903
13 352.30639497659934
11 353.4339802182349
14 366.47493516372566
21 367.3161940334509
16 369.56116660588395
20 378.19490568482155
18 380.6769229003532
19 391.8365329557558
23 401.1387142252056
69 407.5546557432268
25 409.86791890951434
37 411.5369329247516
30 415.5210599465331
63 441.6212657318528
41 446.85083466733164
75 460.416147866379
62 469.22485675538934
92 472.67663856830524
94 481.85836592052374
57 482.03974550625037
80 507.1591421464164
74 509.9991935924599
54 511.05843084036957
88 516.9522517018065
