15 0.12254630337166426
9 0.3083078240754213
0 0.8753948172023609
42 1.4470372735108383
22 1.5695973458015267
33 1.6707567126510665
49 3.5171541670547652
32 3.9495583422636464
98 4.044514640457198
47 4.2687607703609
56 4.699444146861061
46 5.071287626667044
36 6.364036351921335
3 6.435692335587326
43 6.4515621852375
77 6.631741386283628
31 7.0064612164539835
28 7.842687531018305
60 7.937518174440547
40 8.157136833923204
26 8.172621009475316
67 8.372643816759714
66 9.09669602433341
34 9.11125240640129
27 9.144676630567645
35 9.173453501049535
78 10.171517970104828
81 10.21134678804249
51 11.907453024432611
58 12.16276183876242
38 12.640065858089184
59 12.716220361746368
39 15.064487140791172
71 15.238574607694815
55 16.645938711803627
50 16.70890148502868
70 17.188415668028743
93 17.25989447302177
52 17.531248912171773
84 18.26732059954962
83 19.23275919026897
72 19.242081415810848
99 19.460492857329793
2 19.643607362266863
61 21.09244570329049
100 21.422406119213196
73 23.941392433804207
96 26.830181481831573
64 29.52275956498458
68 34.063899715288706
6 38.269622120703616
82 38.96483603469398
89 41.52264457762313
76 42.40900751165286
12 43.664509252499315
97 45.893926743835685
91 46.90069357927033
86 48.9029762645091
95 52.81150490285787
10 53.02775881558356
44 54.31825523985408
79 58.03212334051212
8 59.621841700008765
7 61.181487905563124
5 61.63923239576939
48 65.57488169363418
53 77.13631937809711
29 77.47716525870679
65 81.0381483730115
4 95.90878673854229
1 106.46529857208566
90 113.08914797867703
85 219.23257150994
45 263.33484523874154
87 265.2266408376946
24 710.7831748963953
17 965.0056880045184
13 979.2355297726663
21 1035.7710261341185
11 1037.2919382589319
14 1065.5690573175207
16 1075.3453647796512
20 1091.0367964692587
18 1092.5211057133326
19 1117.247488997664
69 1122.0645152012216
23 1136.1608501248422
25 1153.9379131062312
30 1155.6192329392607
37 1159.7903011368223
63 1220.3219994736785
41 1228.436090119429
75 1260.0996179632748
62 1274.191173621616
92 1283.132608530137
57 1299.1886147826765
94 1303.9565027104868
80 1346.3690632504374
54 1347.9944704953903
74 1349.0836354538665
88 1362.0367237626137
