15 1.6545745504167506
9 2.04471814236193
0 2.348326614226358
22 3.239163385357976
33 3.296685205431205
42 3.3552628343320388
98 5.146211347699123
49 5.274089831870439
32 5.3815973331916425
47 5.638436870339146
56 5.958773045046951
46 6.222150172827796
36 6.8708375807446425
3 6.917478439335169
43 7.008012616934638
31 7.253849346591151
77 7.522896494015272
28 8.082579400796982
60 8.311315956232502
26 8.331722757090752
40 8.397668744380594
67 8.741542119795954
35 8.954493534630124
34 9.055948679390655
27 9.083297599124778
66 9.186771647923539
81 9.65420185208326
78 10.069157125769706
58 11.071057917150428
51 11.155680039742018
38 11.305367281845806
59 11.742937709852468
39 12.551999077056877
71 13.481977655192333
55 13.861132581688775
50 14.011673619552525
70 14.613640250867387
93 14.635137781203287
52 14.813764005495523
84 15.127924917491777
2 15.69607222225058
83 15.849103325922913
72 15.947776884705968
99 15.99340303553041
61 16.321911617863844
100 17.45841937163781
73 19.161287206069694
96 20.681642844793
64 21.204213458370017
68 23.785690639741677
82 27.169169169187246
6 27.43063109331896
89 29.507016472349164
76 29.624847258752517
12 30.241573764325928
97 31.852161632127075
91 33.49296629046099
86 33.86924332190425
95 35.52567441496229
10 36.46668452595695
44 37.1000562824359
79 39.87242742365591
8 40.59017743220006
7 40.63738376229505
5 41.22157547152198
48 44.515466614061914
53 46.14253108432877
29 50.2904707725143
65 52.15014887296148
4 56.750292031813515
1 66.85966784369961
90 71.93606350862703
85 118.45253468165039
45 145.60372818955747
87 152.59123878726723
24 276.8369192849353
11 398.9484274260826
17 399.80101249058896
16 409.39681413063806
14 411.65873481708314
20 422.44374381168285
13 425.57321141333904
21 426.8948932904303
18 427.0501163692639
19 437.2376861386261
23 447.08077199239403
25 454.4811494439593
37 454.4857912128576
69 460.31467722943495
30 462.04385496528084
63 480.8758356151863
41 486.89772804816266
75 499.8312838193847
62 507.0469698993293
92 507.95451284568765
94 517.8855358772262
57 523.4752265654445
80 549.8010727446592
74 554.5126830449151
54 558.4134191415515
88 560.5703954104786
