61 0.22408991517770552
52 0.27584681696438196
55 0.2871762833699142
2 0.3003764647249158
50 0.3025499592388151
70 0.3277233004096021
39 0.3459953827299553
83 0.39181289170229444
64 0.39701950896366917
84 0.41239172746077174
38 0.4429739323708004
72 0.4633248217541591
93 0.4712977306761111
99 0.5011874705327458
59 0.5091250564222719
71 0.5152215101650566
51 0.5562792576735417
58 0.561605781597328
73 0.5806762412877127
100 0.5953253218008788
78 0.7054669554804451
81 0.786190258072601
27 0.8291330315504846
68 0.8422855354802249
96 0.8447862052085002
35 0.8576810395837704
34 0.8888848814925348
66 0.8929409349261926
40 0.9992908171200663
26 1.0013107871447915
67 1.0377310686311334
60 1.0465560653640653
28 1.093055390347574
6 1.1635805337568514
31 1.29794973965978
77 1.3562380155992926
82 1.3804637838461846
43 1.391819284899918
12 1.4228025709250443
36 1.465452502868835
3 1.625761143712627
46 1.7490782586610238
89 1.7689387184964558
76 1.7845214062744272
56 1.8963786762203279
47 2.0469132833781374
32 2.1882675340065254
98 2.2644758147253246
49 2.342157060005658
97 2.3912123922382085
91 2.6158458019087187
86 2.664879362037014
10 2.8173226871768393
95 2.8201702766662398
44 3.0178244706374464
5 3.5484814115007954
33 3.595147716425067
42 3.657838190257079
22 3.6590377904448323
7 3.6914955328162877
8 3.771312426433057
79 3.965620800460114
53 4.886016268797235
9 5.4804119357267504
48 5.532832724394376
29 5.995469139802961
0 6.243533591023662
15 6.30382119551495
4 6.641612482100897
65 6.7948430738843095
1 8.42542580913191
90 13.014136824155981
85 27.920423985406853
45 36.54685155067997
87 40.0571105329357
24 62.54789311348692
11 88.7012081741545
17 90.62159897969676
14 93.00754356999532
16 93.65973844222272
20 97.04665209281484
18 98.02022493350135
13 98.66794511666085
21 98.95071100290603
19 101.83851877536088
23 105.40134032780553
25 108.17187865102122
37 108.72150094424345
30 111.17685981343573
69 111.85362365515866
63 119.21293447465378
41 121.35187270667079
75 125.86444682613921
62 129.11098617594524
92 129.97921633252287
94 133.2166697074602
57 133.8729639395896
80 143.46338308530122
74 144.677918395218
54 145.06585419903985
88 147.18162055760533
