15 37.132061823207245
9 42.12588792229658
0 48.058995076312165
42 57.23200001506128
22 58.1424938070059
33 58.807519092665395
49 73.41789395208036
98 75.67947827748549
32 76.9120465130983
47 78.04902546233025
56 80.55412193458372
46 82.52060879593978
3 89.4405324421946
36 89.62121980268807
43 89.90691217681886
31 92.40905695278649
77 92.61259566667195
28 97.92728639651236
40 98.61122330516481
26 99.2652587361525
60 99.28270685108563
67 101.36607636920867
66 103.15449633585601
35 104.45281558683511
27 104.5537434483246
34 105.06081129824643
81 109.90656367657327
78 110.36867661079688
51 117.22073859426094
58 118.52993031302523
38 120.2750554202149
59 121.2613768413728
39 129.99235866152554
71 134.14206676481857
55 137.957802263297
50 139.28934004517413
70 141.09176817869022
93 141.4809895547438
52 141.52625230804387
84 144.83606759078103
2 147.63259569324856
83 149.05998993511648
99 149.76302955340694
72 150.0804117138885
61 155.07089236544942
100 157.7903284026054
73 166.58100120792307
96 178.67672885980164
64 186.30056460077657
68 199.4603853017205
6 217.82122555244248
82 218.26706018890295
76 230.4441214882649
89 230.97843604770296
12 233.19349505413092
97 244.04773287123018
91 251.29411498777645
86 251.38375314998174
95 262.113464033242
10 262.1522501991516
44 272.67964533815444
79 283.7671131134474
8 287.7754343685919
7 288.24884276651676
5 294.8920246902266
48 302.4177735604758
53 329.85206563148057
29 340.1173592438485
65 351.49354740933785
4 380.8578830251502
1 418.285250179742
90 448.48449588806363
85 693.466144719552
45 817.4889845318066
87 840.6435808536955
24 1772.517934591427
11 2372.734594774359
17 2393.5740104889196
14 2433.882153889694
16 2435.420470637357
20 2486.845878856591
18 2503.3113916142347
13 2512.482424954865
21 2515.167186290036
19 2557.793803773555
23 2604.356247482324
37 2636.125400734003
25 2638.5900474758114
69 2658.626110531779
30 2672.7944562203056
63 2766.7477715108557
41 2799.6049570353416
75 2853.4485755664928
62 2890.3452848546767
92 2893.0776160362407
94 2942.0294852927445
57 2964.756570345598
80 3082.8200666819907
74 3101.439862140469
54 3114.3831441570596
88 3129.192109706779
