15 11.886307335034598
9 15.651315803335637
0 15.8815725884472
22 26.532365057742428
33 27.048700843907437
42 27.683202053295794
98 41.76754702008908
32 43.388179273097236
49 43.43000035363548
47 45.57528642943379
56 47.48524018634527
46 49.16132273232521
3 49.636375484699684
36 53.10496118825155
43 54.10530585781725
31 56.325189670890175
77 59.789842164127215
28 62.46048922510857
26 62.690359552437826
40 63.59934972961372
60 63.99494279582994
35 66.69413448381647
27 67.37289502578069
67 68.06818765791391
34 68.5120193674484
66 70.26997479624339
81 73.36455480410821
78 76.54285045893786
38 81.69949505697082
58 82.25595806930416
51 83.38891968882918
59 87.26416678216393
39 90.46610418725743
2 97.64335969486721
55 99.50883253153422
71 100.31094779523428
50 101.46488341854513
52 104.87779165074865
70 104.97189773871771
93 107.57486626246255
84 109.87529563276743
61 113.30285165590844
83 113.8218362368361
72 115.6769836289559
99 116.04788049249113
100 125.52346727517327
73 135.01788251023535
64 138.69462932509128
96 146.6989119753194
68 159.18349205589107
6 165.43810619510367
12 176.7222719501371
82 179.586502472356
76 192.7369154798258
89 194.8984128083784
10 201.72001332998715
97 209.49713901342528
86 216.8154630762602
95 218.84539682693088
91 221.02158490690113
5 227.76903893820304
8 229.4433633274975
44 232.26509165480363
7 233.16207596227437
79 247.5655790256672
53 272.523761027191
48 277.74937002925367
4 287.0473850532859
1 288.3621905116872
29 291.25313256526084
65 312.5264195917411
90 421.42359718587505
85 637.477738244023
45 737.7219271039095
87 771.4229613974613
24 1370.1761314976904
11 1718.762313489487
17 1759.0734608997723
14 1773.6845434256065
16 1792.506792634434
20 1827.4544400956736
18 1832.5800432270896
13 1850.0933068955214
21 1855.064683726882
19 1881.7793133153907
23 1927.3826961072632
25 1960.633555772914
37 1973.5807091458241
30 1998.7732004495854
69 2015.604383623997
63 2100.1458647293557
41 2122.081945175437
75 2178.394957394008
62 2213.7267730187064
92 2226.9478842633785
57 2263.258662838977
94 2265.248179518714
80 2372.9384908192173
54 2379.454636862762
74 2382.168392066396
88 2411.0693669612688
