36 0.9185355651806063
43 0.9608811299121779
98 0.9641055182649636
31 0.9705137530641366
3 0.9898977376547583
46 0.9995878037168524
56 1.0034752296579321
32 1.0068798809290775
47 1.0167764715007992
28 1.091214921997668
26 1.0984487583649243
77 1.1142148005885701
60 1.116768028639167
49 1.1234395511431994
35 1.1455898500642878
40 1.177941712682031
27 1.1953983177026795
34 1.1981369313928742
67 1.292665226722581
81 1.3302491491727335
66 1.4254548341294055
33 1.4572436041050452
22 1.4998862745406034
78 1.5057797292142225
42 1.5273440997560772
38 1.651833838291496
58 1.6980564520550208
51 1.8292826773217894
59 1.9823066870937864
39 2.0027914369186273
55 2.4233894192679655
50 2.488615601996492
71 2.504400160960064
9 2.606066117481332
2 2.6243049221203045
70 2.730363397496131
52 2.7975487251210693
93 2.936385299733327
0 2.953953518056873
84 3.065113691589417
61 3.076303578683926
15 3.1447922871768936
83 3.223308236348706
72 3.3680606500220085
99 3.4654704219839902
100 4.044652510017241
64 4.667212410512141
73 4.79069110292466
96 5.424958375115708
68 6.247688587026672
6 7.219027063330955
82 7.981240547839806
12 8.061639501683569
89 8.998720608881417
76 9.23402039011636
97 10.3124192106248
91 11.097487678867695
10 11.198604729466528
86 11.53134049754048
95 11.724504032648367
44 12.393481927638154
5 12.785431800563314
8 13.43247384344401
7 13.63508815050678
79 14.433470053655912
53 16.264025061246024
4 17.9108259836744
48 18.174317819898913
1 18.83888716885082
29 18.843235634359736
65 20.3819214893166
90 32.292491251336266
85 56.276440574450696
45 68.8171183049342
87 74.25832108653414
24 93.78037974084847
11 107.82439970973368
17 111.75547331509442
14 113.90341858227396
16 116.36294512307403
20 119.9415191997775
18 120.46790289406042
13 122.01561955052644
21 122.50090888724243
19 126.11685112140857
23 131.23262949431557
25 135.0803472784183
37 136.33862951023244
30 139.32527651768135
69 140.62196484289993
63 151.4513140117067
41 154.25854767923857
75 160.455604665763
62 164.91475656557742
92 166.44981129444642
57 170.78255778887402
94 170.90038765577012
80 183.69174850775795
54 184.61155607730555
74 184.81266214019652
88 188.3599310356769
