81 0.4396473248165332
39 0.4646722960171304
34 0.5704489118666488
38 0.5797844604407422
58 0.5802636012711081
66 0.5873018553432099
60 0.6675648000873469
28 0.7114498224153879
67 0.7159356020420492
77 0.7639895506047757
40 0.8526305772059904
35 0.8998995820165113
51 0.9564816824857699
55 0.9730744697532971
59 1.0130945410853969
78 1.0631986513567537
27 1.1176246988665708
61 1.1402955070632488
26 1.2146946397192426
31 1.244122536289287
52 1.2842526006514707
50 1.2885708104179934
43 1.5059408475512694
46 1.5774929501691297
49 1.6478616860750048
56 1.6508037718150195
47 1.653143463612894
36 1.707409929523967
70 1.891425716565435
64 1.9988025896719162
32 2.2245638356038655
71 2.456461034163006
98 2.508274032919075
84 2.588833112781727
83 2.594100073387342
93 2.826298385157284
72 3.310811035165515
99 3.519818757950336
6 4.193095124229415
12 4.773191341183059
42 4.896860231845684
100 5.172816068359687
68 5.183799213181376
73 5.598725983251931
2 5.672970600172322
33 6.61679871117557
10 6.929561722742035
22 7.115638441021426
96 7.6269879931688935
5 7.91399721091315
82 7.950745339299595
7 8.309062184153998
8 8.319529936679768
3 9.368737951779329
76 9.404219309278961
95 10.042659241373693
89 10.842962410259057
4 11.298793830525309
44 12.577391954591034
86 12.655537483231228
53 12.955956576253014
9 13.62250759693933
97 13.862525953106388
15 15.203769766293306
79 15.523898702819746
29 15.665120832464519
1 16.465825098867057
91 17.48714158332454
48 21.218346301447422
65 23.21342945957181
90 43.81630014303185
0 53.98971720509206
85 58.841446075540375
45 64.32325388226221
24 71.9902107921142
87 77.80136435924298
11 105.91590943794711
14 110.72656010005741
17 113.02776297629005
18 115.99593496227678
16 116.30615391650905
20 116.64397154590029
13 120.60868182201757
21 120.71157871754949
19 121.7803575064792
23 127.04079039167515
25 131.55036879840594
37 135.28619244061437
30 137.24167114091603
69 145.3337988661972
63 157.5095396027573
41 159.6921939871284
75 167.29962636511223
57 175.34905472354063
62 175.7955665310919
92 181.65339644968032
54 182.76392872326429
94 184.72687279758495
74 188.294283645289
80 189.86375463671294
88 194.13330456644206
