36 0.3142869710351047
31 0.38172843050644517
43 0.39620232079118756
3 0.43938461308392346
28 0.49727308415452914
46 0.4988049068804702
56 0.4989223458472146
26 0.49976807875698437
98 0.5077824647669885
35 0.5319751616609099
60 0.5474695865766795
32 0.5604996566592646
77 0.5690017726410406
47 0.5774654413625285
40 0.5902112402904833
27 0.5928197347862749
34 0.5948850229120028
81 0.717942410555494
67 0.7261843287294695
49 0.757330688409079
66 0.8364321112159848
78 1.0304871468177164
58 1.123519901777041
38 1.1264977150464974
51 1.3441526048333419
33 1.4228279373356891
39 1.4677990307180526
22 1.4799805012001903
59 1.4959898190614154
42 1.5165006888996235
55 2.0243819157425524
71 2.1580318214673584
50 2.182957569160901
70 2.4709969302357138
2 2.508780390861042
52 2.576288209165726
93 2.650423853652678
84 2.805392708589917
61 2.9277798945239377
83 3.062752808720495
9 3.1612277773592945
72 3.196525754983383
99 3.2581267065607826
0 3.6222412447533334
15 4.004957329195617
100 4.024077060416544
73 5.015703033505032
64 5.147303506450663
96 5.832313814715165
68 7.003125657381565
6 8.911436863660656
82 9.199846610449388
12 10.209930445408341
89 10.850754612830334
76 10.89334076359304
97 12.487275216586793
86 14.003818228394733
91 14.053534493046273
10 14.411085637163966
95 14.43618725358498
44 15.75180917576733
5 17.11110954306004
7 17.48022788098684
8 17.656103864195924
79 18.215389329995332
53 21.176930764126972
48 23.02345397901748
29 25.086493168591016
4 25.9674777571279
65 26.9522397839763
1 28.41592627895455
90 43.68676391157891
85 81.07939856749992
45 100.9895845226306
87 108.20219033717201
24 173.47265221617198
11 237.34863889447473
17 242.62869371912134
14 247.3247177940966
16 248.7326394083384
20 256.71033604846764
18 258.82448200352854
13 261.5630668025362
21 261.5949965422283
19 267.5182126327526
23 275.80274087845544
25 281.9673158479082
37 283.39403855521465
30 288.8918859957941
69 290.74676562187244
63 306.5377062744399
41 311.2459156821354
75 321.57075450752143
62 328.3616618707315
92 330.14564421046396
94 337.5388637367458
57 339.3039936214457
80 360.89972907052334
74 363.62754236336826
54 364.59552945449343
88 368.9841693517057
