33 0.0805325000374437
42 0.09268701243235421
22 0.10201043178877407
49 0.35811759379930647
32 0.38199655533285515
98 0.49392255877852553
47 0.505547442480489
56 0.6452497485430693
46 0.77636321167123
9 0.9778502658173317
36 1.230181059231715
43 1.2416524003128284
3 1.4089865273698483
31 1.453051956693143
77 1.4950181931353834
15 1.5157520916135423
0 1.5428038004583307
28 1.9572428272940248
60 2.0376210589696595
26 2.0570816495427104
40 2.099466464108127
67 2.3079608558165217
35 2.4942042679194394
34 2.509635133993593
27 2.6097662937399924
66 2.6917046356114622
81 3.1559624076466752
78 3.210607607538649
51 4.189708447957313
58 4.2340010892003175
38 4.396547160435074
59 4.706082970891861
39 5.68634883003336
71 6.311612440407919
50 6.8056270920265165
55 6.909794152197056
70 7.243915696762727
93 7.448817398560256
52 7.49781255404063
84 7.950183139589463
2 8.535898792561024
83 8.705782905334617
72 8.818753354161826
99 8.872079236492903
61 9.352688694110606
100 10.259541056139595
73 11.983928019645992
96 13.809532461098046
64 14.290887621194274
68 19.5550066107526
6 21.00212663914531
82 21.576459132629275
76 24.128693872052896
89 24.30325419390457
12 26.653660546795066
97 27.353075732736777
91 28.149498268721853
86 29.092348997809097
95 31.093634976853775
10 31.428235176308856
44 33.394223536703976
79 36.42050654375283
8 36.73376387810357
7 37.01409987305213
5 37.52940200304603
48 42.902695624124256
53 49.753404880690304
29 52.77866553691097
65 56.92001863935261
4 63.53744266756529
1 64.99570714143438
90 81.93248282766957
85 166.10039582773146
45 199.54919370435564
87 205.32390961923966
24 403.2216380946268
13 628.4367424347895
17 633.3134135072269
21 688.0375863381117
11 701.4872247486438
14 721.362612296587
16 728.6478595593369
20 739.0846242917256
18 742.2058293387336
19 758.1730518642098
69 766.6507471816924
23 770.3394370660563
25 785.7781569640454
37 791.1665231973144
30 791.2621308007082
63 837.1057971901138
41 842.2765949624676
75 864.9144622539276
62 879.2784710362356
92 888.540103937348
57 892.5776798084706
94 899.2279544511923
80 927.9539699585241
54 929.7980339045279
74 930.74727853732
88 941.0083099280289
