15 6.351437737258631
9 8.541098308168623
0 12.5120858819154
42 16.109222408617207
22 16.15148238813918
33 16.609935523487255
49 25.61366559865152
32 26.161157169359466
98 26.249493036949158
47 28.010471225242128
56 29.037397783836372
46 30.400347919743215
3 33.46241407937901
36 33.83345922588095
43 34.81088277689336
77 36.5574661639219
31 36.61615414304474
28 39.67424631731844
26 39.94948453760366
60 40.0336643745405
40 40.412162589869865
67 42.46279215462681
27 42.74798799111033
35 42.87852868618402
34 43.25624496720315
66 44.540271479572596
81 46.951999509552834
78 47.3967920147654
51 52.6000805886507
58 52.957401311465716
38 53.48473302013173
59 55.048034957581706
39 60.406315249120105
71 63.52026381405398
55 64.97562095152338
50 66.14933342673713
70 67.39857472620396
52 68.12499893964629
93 69.0048820930447
2 70.86168933980382
84 71.38014678697415
83 73.50752127027013
72 74.55404723231914
99 75.47243313163206
61 76.78326936116066
100 80.67299492717014
73 87.1939895736721
96 95.62392346853578
64 98.71609353774397
68 109.09358681256387
6 120.51321899820591
82 123.45382911798477
12 128.44062248245197
89 130.10218696164114
76 132.6193981655007
97 142.48141397013788
91 146.23924858858496
86 149.22093019186383
10 155.65596459557895
95 158.05007645454958
44 159.5753033830688
79 172.5201646471358
8 173.4076690141194
5 174.21438708733035
7 175.16165507884165
48 191.00338959111969
53 207.87585024259485
29 209.32078142415304
65 218.7201368200527
4 242.7142190378242
1 278.5677074990351
90 294.7534149639945
85 500.91352687898865
45 596.4330888019684
87 611.8208690375693
24 1295.5665564697376
11 1746.7689071759737
17 1761.7076674820196
16 1798.095817440046
14 1798.9264076943361
20 1845.2255349360785
13 1854.8714042432512
18 1855.1317534751317
21 1864.8221440741584
19 1899.385463694169
23 1941.1779660718232
25 1968.241290956345
37 1972.514081630726
69 1987.9042383913081
30 2000.262556202773
63 2078.302071761352
41 2098.450073333184
75 2156.182564848768
62 2176.7064466839774
92 2182.0886877996904
94 2228.521680395971
57 2242.363961068507
80 2343.9358543700732
74 2356.2764000916804
54 2364.807287194499
88 2380.963883412379
