15 2.3408511126312566
9 4.355692291362527
22 9.992091200252506
33 10.896301916639478
3 18.09016124442724
42 18.334741681681482
98 29.183797797892186
32 32.72982443958274
36 34.69271116524447
43 37.29683870384108
46 38.451696168811495
56 38.497185890077944
2 38.8874979093023
47 39.52164004889117
31 39.63008035231628
26 43.208701302421
27 45.574279125120505
49 45.97273152600774
35 47.27374527188448
40 49.295736378166744
28 51.14799043547058
60 53.612995600881824
34 58.24761289496162
38 59.23610853192297
77 61.175665626822706
81 66.6235765927288
0 69.31613071396013
66 69.39875050685288
67 72.54741470790833
39 72.85566166219652
58 76.38508806502624
78 78.63986175768405
51 82.95474191836122
55 86.96394337311638
59 87.34366918844874
1 87.567574421707
12 88.88765653573523
6 90.25310448353731
61 92.7721425688438
52 93.23911660811608
50 94.55171653271115
10 95.86953647497187
64 101.83033179521742
70 106.153735789593
5 108.58754124555551
4 109.91546726010013
71 118.20124653456722
84 119.56345339796408
83 119.99929993675555
8 123.24982879675919
93 123.69846725117256
72 130.88638427422094
99 134.13870291255517
7 141.43689636953908
68 148.12272004051792
100 153.32451187002815
73 153.35736550947362
82 174.46264895391968
96 178.34814386062513
76 184.19586598523932
95 184.7721976044417
53 195.67936876650882
89 199.9701675071365
44 202.34990349052492
29 204.17008763464926
86 208.63434236591894
79 227.25014159651917
97 229.1347275687996
91 251.5949338944915
48 259.8651721900998
65 277.89147785070725
90 402.2414734496079
24 422.4004441997552
85 461.0416599681327
45 473.42956002559737
11 477.63428360748134
14 508.30009483799034
18 535.7401374058619
20 551.3542253632357
87 553.5341960827928
17 554.0185366586937
16 568.524603536377
19 570.2198220706405
13 574.7298638040908
21 577.4716076014919
23 601.5385561893642
25 629.7501718217991
37 661.0404424346115
30 665.0267404571905
69 728.568856451229
63 783.3693417779621
41 788.673338409247
75 827.3343961885054
57 852.9537704530758
54 868.06953009024
62 873.2435944228548
74 905.7923276842074
92 909.6013821302333
94 917.7294586031347
80 918.630229358211
88 936.4218864916521
