38 0.18935541390649502
81 0.21251398546324815
39 0.2182896229068134
58 0.22812155152863278
27 0.2446865791052996
35 0.25461723919341483
34 0.2664368959189583
2 0.2838413315681558
51 0.3139860649079805
26 0.3221696451207259
59 0.32708867377685374
78 0.3343695052244781
40 0.3372915007666613
66 0.3389957331451872
60 0.3390705559749009
28 0.3449957493224162
67 0.3518519214304202
55 0.38009600113488
31 0.4560733063952548
50 0.4799320479012051
77 0.4858051623355434
71 0.5237982903809253
43 0.5354130132396873
36 0.5397851508476224
52 0.5696149957820319
70 0.5781538604665027
61 0.6526422847694298
93 0.6688700222377192
3 0.6919195687722387
84 0.6986192714191378
46 0.7601449524393739
83 0.8038017179845788
56 0.8323181880026657
72 0.8705460724023608
99 0.8833235337516149
47 0.9501104614366783
32 1.0315672569176149
98 1.0792397342558742
49 1.1479111593984384
100 1.2035388498102169
64 1.4856476671754475
73 1.5983575236185144
96 2.0180245259955205
33 2.281917309854897
42 2.283885454012506
22 2.3375405237965636
68 2.3514390257610196
6 2.731054551798833
12 3.148005298395596
82 3.404599520275309
9 4.007890255588016
76 4.21431247827327
89 4.381931783093039
10 4.593667442045707
15 4.8474963952776315
97 5.235758190539577
95 5.718337751298033
86 5.761371256057091
5 6.131030085018791
0 6.1993383199866186
91 6.306504364924363
8 6.441231641393778
7 6.4972469170592335
44 6.66701626397817
79 7.816031495632891
53 8.965531434737395
4 9.97006513437122
48 10.236727569770425
29 10.732362079525354
1 11.604214257794766
65 12.433654313658122
90 21.846706435186825
85 40.226456816442735
45 50.25662951883478
87 54.69040839788898
24 104.84287429819123
11 144.58567970906094
17 148.78304286647565
14 150.39125080866353
16 152.44714691098983
20 156.06557735227366
18 156.74330465301824
13 158.6916301694161
21 159.2091208063705
19 162.22337047071466
23 167.11084410601595
25 170.7899422531838
37 171.8899870502039
30 174.84111251261996
69 176.330396020267
63 186.4077879299413
41 189.25049006625486
75 195.1208357165941
62 199.59441862279328
92 200.9995992256569
57 205.1409963632907
94 205.32252993935063
80 217.5952570190946
54 218.29166186450155
74 218.67586138269218
88 222.02297910401344
