89 0.21664302020734186
97 0.2227603414123133
91 0.28942139561778496
76 0.3833181598975344
82 0.38978705830492194
86 0.5439156412301054
96 0.6795490991395539
68 0.7304290938668145
95 0.8811155474866821
44 0.9219061991818907
79 1.223134220095011
73 1.2319237100018126
100 1.5571151785301403
64 1.9850525163692496
99 2.140901705847446
72 2.2233547551801327
48 2.3269369330310075
83 2.4433598968048895
84 2.6502202181451517
7 2.72638190205141
93 2.7686824382799524
61 2.949244993010056
6 3.049157941011373
53 3.0616370656484544
70 3.2315892315842647
71 3.3694631224203655
12 3.3873332336500637
52 3.5050711512079693
65 3.520643391443035
29 3.5291578864046054
8 3.5477645171442167
50 3.647253327951553
55 3.838812080250185
10 4.274371048485193
5 4.368610919058662
39 4.778388386759601
59 4.845652329900496
51 5.323832294845616
58 5.454213512080202
38 6.127130584456131
78 6.314867983790715
81 6.617186758109196
66 6.936187579695468
67 7.2487664451042875
34 7.579292830043083
2 8.03878055029647
35 8.201452519679412
27 8.280437752723037
60 8.287284541270918
28 8.406940612848292
40 8.424621670774735
77 8.661139013039525
26 8.899442918383318
4 8.96594087717626
90 9.570129919635324
31 9.661840156770452
43 10.256537069669355
36 10.540263424096256
46 11.069861257431553
56 11.375067172930844
47 11.716194416521551
49 12.05181062296445
32 12.63034890420705
1 12.732183548353765
98 12.734268072671997
3 14.903915987960259
42 17.297302656504122
33 18.072865279604507
22 18.43828189958538
9 24.555962134340913
15 26.636356672249796
85 29.602169033938697
45 38.76372470289079
0 38.97231352207671
87 41.04599517985668
24 116.76392178229477
11 139.4458567391959
17 140.66389353323137
16 143.98778816099843
14 144.02869550324795
20 148.1598220625165
18 149.34140760438802
21 150.67048701161704
13 150.809183227246
19 153.9559091984775
23 158.02669523110225
25 160.8734613158433
37 161.12417348017522
69 164.0228923749508
30 164.17286133053707
63 174.27636583843523
41 177.18301521341783
75 182.6412824248646
62 186.7153233982883
92 187.9894307820382
94 192.42407055288217
57 192.50742317157372
80 204.45551323995343
54 205.27940709257604
74 205.41484903378074
88 208.543406586165
