15 39.647774140404515
0 46.41338201241613
9 46.433278890026806
22 65.75927952608222
33 67.00872132564281
42 68.39873037883747
98 91.08829330004846
32 92.1649788131836
49 93.67349479909873
47 96.6906297075354
56 99.19824685032232
46 101.7011397016524
3 102.2970228421594
36 107.18071527524026
43 109.0123412717509
31 112.36376328298694
77 117.36208383239507
26 120.7980286432348
28 121.12993663489324
60 122.72986289796549
40 122.88472879542088
35 126.6082491332081
27 127.30086618900907
34 129.33898323401058
67 129.79792214165826
66 133.60009984786362
81 136.8542468245299
78 139.6403288888526
38 148.30806820600077
58 149.60042764319218
51 150.57963887265126
59 156.17225175441396
39 161.25585555866513
55 172.94068152142827
71 174.70755546295246
50 174.87326953259148
2 175.26409620937716
70 180.14549151914474
52 180.38824488092544
93 184.68118688438793
84 187.81600937550908
61 192.20033752941842
83 192.7006443042003
72 195.58923728978957
99 197.03199020688618
100 209.6597649947099
73 221.63818021544722
64 227.24805226024586
96 236.82169966803608
68 255.599551567285
6 266.35262344685265
82 281.2671367930216
12 284.7780256726043
76 298.66370699146256
89 298.7080809977111
97 319.6910913171978
10 323.4262307880107
91 329.3995159319178
86 330.15286757990424
95 336.03749447678746
44 347.71696888266797
5 353.08464803452
8 355.80166854268975
7 359.1976111039377
79 370.7385724733438
53 406.2747802780096
48 409.25587326118364
29 432.16222034808146
4 438.9556133344971
65 455.433444436494
1 455.6759221164115
90 590.1506251737259
85 869.1762538354826
45 999.9615291248736
87 1048.1176873306197
24 1488.512292210605
11 1906.831139795481
17 1943.8462069675552
14 1970.3682763656286
16 1982.096302239171
20 2030.526873106182
18 2042.7973568518853
13 2058.601363801571
21 2061.100665247252
19 2096.8957162044135
23 2148.9109983302665
25 2187.517783400693
37 2197.955441471628
30 2231.162604976861
69 2245.60104090409
63 2341.2369757904753
41 2368.3070518593563
75 2432.253443448888
62 2473.3945587778253
92 2485.8085556558585
94 2529.4122196093185
57 2537.058694235859
80 2665.7933002900413
74 2681.7757003351617
54 2687.1063351785465
88 2714.439110540271
