90 13.276624412859006
97 16.062376721068443
87 20.24022561689224
91 20.306696814639764
96 21.413858304030118
85 22.962068447968914
100 26.686677757453143
65 26.792940350932998
89 27.7028404455763
92 27.881807610819095
94 30.37566495625691
99 33.76298892382056
82 34.393232939309
45 34.4206412583473
86 34.44558803861643
79 35.00958308007794
62 35.25213867181193
73 35.81075270346294
72 36.34603801241234
76 36.7577198636833
93 38.033254708789705
71 38.30076283286717
48 39.824350734176114
68 41.93572179883112
75 42.58470566118227
84 42.84215884160465
88 43.73622722584201
83 43.974761959144885
95 44.126992070680274
80 44.507386446212685
44 45.00368887293278
63 45.9616923080542
69 48.875462541515944
57 49.423117811899374
74 49.47977751060756
41 50.56684014001812
70 55.1679994644631
53 55.67433506132645
67 63.13588211175378
54 63.307368194046454
50 63.793891858140626
59 64.14312452603036
61 68.75908069939014
51 68.7608010853018
58 69.08464668548957
52 70.5002243465662
55 70.76579633412739
66 71.17593799492387
77 71.27095760126005
81 72.16871748274346
78 72.61580823875073
64 74.78758564394559
29 75.58387076148446
37 77.78887972548794
39 78.7558920361441
49 80.03817171940112
30 82.86456467487695
34 83.83032916620702
60 88.39906702541735
28 90.00036506553074
47 93.19251547753356
16 99.44127742960487
56 99.57609271873659
38 99.66755781270206
25 100.48638109609406
40 100.71278535756908
17 100.87161940205786
24 102.25262366151915
46 102.95645384086959
7 104.49953540855248
31 105.82088892431914
35 106.02426718018076
32 106.49554204886913
98 107.00604729394095
43 111.24335181839025
36 113.1746972722858
21 114.04463009906294
26 115.22464057072955
27 116.61698944709899
23 116.73710502186239
13 121.46388300800933
42 124.69461775056051
20 126.54143384737985
19 132.7121697505696
6 143.31108613107605
8 144.28088467424612
18 148.01945981926443
12 152.88925207840947
33 153.4462486139475
14 160.02920369047112
22 161.9908916440685
5 163.49173382713738
10 172.62647957030117
11 180.6047515784613
4 196.42121395771147
2 220.83094999061532
15 222.5294941491767
9 228.19879464285032
3 253.4518230619215
1 273.8100446285859
0 529.292001842168
