15 4.707474059009139
9 6.477477716836207
0 9.1395926087944
42 11.927997216371523
22 12.034535487257713
33 12.251725346912995
49 19.25168083997394
32 19.71064994634551
98 20.228665444673926
47 20.92042618398138
56 21.950191312745538
46 22.96650978319354
3 25.535908526712667
36 25.96489331700085
43 26.181488331368705
31 27.703380035022388
77 27.748921030569022
28 30.425254648491524
26 30.449046238588497
60 30.692947687664425
40 30.750517748108543
67 32.02186316334494
35 32.64151286456853
34 32.80173891384204
27 33.083128842499356
66 33.80764429874529
78 35.500748551875304
81 36.1043138978347
51 40.03541506116301
58 40.56903618734878
38 41.07530013883313
59 42.31195726160096
39 46.442685092858916
71 48.635759071959775
50 50.378025534807094
55 50.664219364357386
70 51.573777532623616
52 52.3901263332592
93 52.88150373809324
84 54.49010834882954
2 55.36494444253009
83 56.847998893095316
72 57.582078277085905
99 57.83136070259117
61 59.33027317659245
100 61.96372434433796
73 67.22890648134306
96 73.41448029441389
64 74.75054140252732
68 88.63937463541721
6 92.95230564368491
82 95.4669628465907
76 102.44629086009013
89 103.10559986021454
12 106.37534793993369
97 111.54409671556509
91 111.57583862146389
86 115.6154228369799
95 121.26926651841299
10 121.56644211364481
44 126.56758459711186
79 134.47124721187217
8 134.58489862214824
7 136.2648077254972
5 137.60934803825165
48 150.10450303908178
53 166.55534376122458
29 171.77461136903776
65 181.52466169787343
4 197.38297288692584
1 204.76279193539443
90 239.16452309767993
85 423.602687082402
45 493.91765724871624
87 504.07877076257154
24 923.8660308431236
13 1393.3868763141159
17 1489.0543592091701
21 1641.6661752655316
11 1821.0691628493128
14 1865.1033490814496
69 1865.6983776960938
18 1904.1721586413894
20 1904.9514731085012
16 1909.002946653011
19 1941.135372885981
23 1957.6191187830202
30 1987.0459179313477
25 2001.819946105161
37 2021.0724768167347
63 2134.983437516493
41 2140.4752765481658
75 2188.2320676417553
57 2230.9435246677353
62 2231.9942489647474
92 2268.9544502020576
54 2271.0573659276333
94 2278.8794371424033
74 2287.139557533689
80 2289.862678561455
88 2309.774165133163
