15 92.94433444771937
9 101.61562352072909
0 116.10538373506412
42 133.35254094047303
22 139.17241733373461
33 139.41892015478058
49 163.76779298985403
47 174.85385493438852
32 175.65474776340633
56 180.87248100463714
98 181.2858755526316
46 183.70960996084182
3 197.86265456042545
43 200.12962208771464
77 202.87560211751813
36 206.6663543580778
31 208.88040681289067
40 213.9361095385206
28 217.81287223738312
26 217.81818748350386
67 217.91212377133698
60 218.5083480659161
66 220.15092660248087
27 229.53582890406545
34 230.0150707013502
35 230.98673639833996
78 232.47859885381453
81 244.99592257598053
51 247.54169257884845
59 257.01968215423636
58 257.8474098435872
38 259.27748489974454
71 282.7640344657021
39 286.4336319480138
52 295.2269810883193
50 295.2515795571356
70 297.2583339261731
93 297.9919544105257
55 300.91004847943384
84 305.6277026689026
2 313.21072213251756
99 314.13463027580843
72 315.7474479284526
83 317.60988517124105
100 328.7218218458333
61 337.81637131521336
73 340.88615449231946
96 369.8913998965174
64 393.7756885801604
6 437.77741666762864
68 450.84564060463555
82 461.0615050024614
76 474.27063612446756
89 484.67417372317243
91 495.94373713914695
86 506.24158915990023
97 509.8835357308116
12 511.70026167012765
10 519.2304000265052
95 530.9559745964407
79 560.3346148000037
8 561.0204912254411
44 564.2220014954082
7 580.8899279283027
48 588.3580299676124
5 600.5413898234601
29 721.8422927399369
53 741.8104529237382
65 760.5851049680674
1 811.9589759254594
4 867.2280304698868
90 918.8249183207741
85 1667.02042249364
87 1814.2386389855196
45 1866.5408736654197
24 4522.613815543162
13 6023.428681979245
17 6483.334201704791
21 7156.398383136046
69 7912.281387797254
11 8114.023602028427
14 8268.824477069944
18 8385.700603319314
20 8409.076471591365
16 8448.76703299145
30 8483.469031852974
19 8519.032657014133
23 8567.286917172387
25 8721.467988030516
37 8800.650340833488
63 9192.503689907777
41 9193.533692499715
75 9370.756661327116
57 9483.552298346727
62 9508.357700937418
54 9545.738847218145
74 9621.603031952762
92 9648.210885602206
80 9650.880711553315
94 9685.36550979651
88 9693.82239898738
