9 1.6378518873672967
15 2.2988296766050595
3 5.090062488614599
2 6.863959759725245
22 8.597333565409754
33 12.179053854113578
10 27.892247040839667
42 28.11367207871727
12 29.63963378267951
27 31.870209168456295
26 32.42857381860902
6 32.57860077401855
4 32.68654364710533
36 33.72703479204556
1 34.01160369203045
5 34.84945654730402
43 35.47235966975102
32 39.682019192734614
35 39.960429219145894
31 40.424651015707134
98 41.7866016775546
46 42.80690936972842
8 44.44784425688026
40 44.92677489621332
56 45.75947638224022
38 47.44792750967283
47 54.36539366692642
28 56.49048270770118
60 58.932821958521934
34 63.44210612631404
7 69.84096871110164
39 71.78133666501303
49 72.57580659797723
78 79.15981414008209
81 80.90756494696686
66 82.62965843383958
77 83.15159760425878
55 83.43099615847669
64 83.9295656375667
58 85.48246283600096
51 85.73181001766167
52 85.87813392773772
61 89.2622494809705
59 93.76541211973779
50 95.30825304316711
67 96.47334216773334
70 111.66173737024234
29 119.13085744857877
83 139.37387787923936
53 140.88967746408537
84 141.14885953141354
68 149.32115277985477
0 150.03865365119592
71 153.88201466470835
93 154.76211583299974
95 156.5174592138914
44 159.9552487106105
72 160.39507510773714
73 163.1072126163404
99 169.54609314883098
76 170.14498892274955
82 173.48755366034624
86 184.21027131106953
11 188.41391728158345
79 190.11606495858334
48 192.1173516617648
100 194.3881349012611
24 199.12823121033904
89 199.60027264665396
14 205.2368534384982
96 217.9058907632697
18 220.36838038425094
65 233.31728648294416
20 235.39890422863286
91 241.7174631793566
19 241.86456857709746
13 248.3927216111077
17 251.3107917386338
21 254.07575740895547
97 254.1065005687361
16 259.2386312616992
23 263.7451633463435
25 287.3633092307423
45 318.9142832335244
30 319.1928746609111
37 322.2938185543293
85 342.1368989451158
90 343.11488190249537
69 397.82465103653055
87 414.2148781554265
41 427.91818221361
63 433.62204961192066
54 448.74781745822645
75 465.51935778743746
57 465.7682187955464
74 495.6163121420943
62 512.3947458147849
80 514.6148426406838
88 526.9564422797705
94 555.8488966037869
92 560.3369644959863
