97 0.31880795833595005
89 0.3704735618000364
96 0.6453040708574582
86 0.8984723476700898
82 0.9483716708732466
91 0.983814398429405
76 1.0226652807479197
79 1.301350555147106
100 1.6144342077691023
73 1.7687439408789671
44 1.837268483815982
95 2.0378893377069005
68 2.1644434586670696
48 2.397082589545809
65 2.5670226213319447
99 2.7393619684503885
72 2.9388126942730364
93 3.605033322371608
83 3.979397696851179
84 4.016379637379735
53 4.1411509157103685
71 4.167099623811519
70 5.789227254623851
29 6.891829014723916
50 7.691126625025111
61 8.564151383335192
52 8.582551751485921
64 8.688922787606106
59 8.838840820419746
55 9.240155043263261
90 9.574176640687554
51 9.762443334388013
78 10.63102189643028
58 10.696238300197765
67 11.365159266353933
39 12.202032028978834
7 12.529219386447666
66 12.57119585706829
81 12.656134028723041
77 14.16000987768166
34 15.277339250408103
60 16.87855975018388
38 17.053600042718227
85 17.601415237216663
28 17.6346171817893
49 19.21579709373673
40 19.25443640648169
35 20.1519116139333
47 21.615092581576437
45 21.816987807558757
8 21.861721698137014
6 21.992998700292077
27 22.067969248426852
56 22.287207187865732
26 22.469490933813226
31 22.55681376420387
46 22.639589374257387
43 23.764866295002
12 24.555224015668106
36 24.732447999352807
32 24.79802975585542
98 26.584575310671465
5 27.191189325788987
87 28.038553623632367
10 30.09887832796472
42 33.97934365691456
4 38.13924062406313
33 42.02689053797396
24 42.13716321465098
22 43.83656376781942
2 47.230678693014674
17 61.65827472965821
3 61.79939665066993
16 63.04540488340666
9 64.55471870645076
1 65.8633894804527
15 66.2185710830216
69 68.05469382323871
37 68.17652240395965
21 68.69607557021325
13 69.77087188285455
20 70.02236985775538
30 70.2224528921424
25 71.14132508381736
23 72.59331728513857
63 73.86944396843464
19 73.87686979995814
18 75.22833091901006
41 75.50120792925281
14 75.69994430096088
75 78.82760934029741
11 78.97875556756912
62 82.605392183957
57 84.00959373518562
92 85.52188247141427
94 87.45783801744535
54 89.87534433715823
74 90.92578287063479
80 91.19326816963466
88 93.5834515619968
0 175.56641152707428
