65 0.29641548554134695
91 0.5013570854928326
48 0.6001625344642806
97 0.6725176144446035
79 0.6737156067154771
86 0.9156824294985598
44 1.1546160696069003
90 1.1623213957408705
89 1.2021880201114448
95 1.4142398258198567
53 1.44322236261348
76 1.4850035368414027
82 1.7939502458489367
29 2.0491300567380724
96 2.3196519336075196
68 2.7335402997016764
73 3.0820521949855144
100 3.381025083072076
99 4.125263246525969
7 4.18294042834442
85 4.213141300925266
72 4.265420129467739
83 4.647560539109183
93 4.773192584965772
84 4.813378046673664
64 5.05203356023942
71 5.279728611511152
70 5.619603372980328
61 5.9235720373381655
45 6.13117979825279
50 6.22372548776948
52 6.261212953282877
8 6.296067139532277
55 6.714028394330144
59 7.14159705518165
87 7.454551660903735
51 7.602443172139842
6 7.629968796343439
5 7.726301071157661
39 7.828354145809052
58 7.965012290288428
12 8.007212364976393
78 8.342621336085339
10 8.655854112944825
66 8.901919967022186
67 8.973184124325114
81 9.053672867534699
38 9.421026474960584
34 10.007756698897126
4 10.052348093983056
77 10.28297449041296
60 10.678012233758626
28 10.889466189289436
40 11.131684500158318
35 11.267934108929781
27 11.634107964687468
26 12.012334612476945
31 12.378506921323988
49 12.904553054277041
43 12.951606744626764
46 13.103685757330481
56 13.217101454131592
47 13.236575001860286
36 13.369893309604246
32 14.36532458285619
98 14.825450215223924
2 15.54453023211083
24 16.548683072585472
1 17.29283305399082
42 18.118438511200132
33 19.903293275021213
22 20.458661827974215
3 21.654904993740537
9 26.660136939267833
15 27.9277555522367
17 31.919675373762036
16 32.61877212903508
21 34.79229678931543
20 34.90266056560042
13 35.07969257417342
69 35.71708594125481
14 35.79350513706108
37 35.80605420600963
11 36.03390292621609
18 36.39524593418918
19 36.504303091918736
23 36.65810755547942
25 36.66090384003321
30 36.74192490025117
63 38.327422383260725
41 39.21221386759977
75 40.45368483095395
62 41.69400271060726
92 42.18060260943294
57 43.17988353310067
94 43.29594044970904
80 46.40231884822136
74 46.681593489110654
54 46.764412744449054
88 47.57889443431983
0 52.13256549702897
