90 0.6627518481796317
65 1.3059497366930344
48 1.887469459286525
91 2.3067822659610395
79 2.374264819651631
97 2.628701359274249
86 2.9425365719684238
44 3.071534324280372
53 3.0938882518629462
29 3.4554722845034727
89 3.4773992116635086
95 3.4970068363528553
85 3.622626005807965
76 3.8576696046706616
82 4.323964183980228
96 5.280671168780615
68 5.528209876308121
7 5.922008149231378
45 6.07396726240004
73 6.341083885412728
87 6.52967580787332
100 6.779589064299868
99 7.677540817755803
8 7.7394038887906556
72 7.771208329445264
64 8.022843187635827
83 8.155816158353147
84 8.442513606264514
93 8.459942890428733
5 8.995265032961012
71 9.110543197244912
61 9.278648463096117
70 9.28174920277912
6 9.659817756233206
52 9.834016020351543
12 9.834066184540527
50 9.886080820535685
10 9.970784962383082
55 10.323118686915723
4 10.696539580075413
59 11.094802767225417
39 11.504389662824734
51 11.627166800430908
58 11.895373753765096
78 12.513406383162245
81 13.06965636203444
38 13.074895822467607
66 13.215078194600958
67 13.328883694966697
34 14.101004000708562
77 14.665822038612168
60 14.726130577052762
28 14.945022737552694
35 15.128195311568975
40 15.167480674190264
27 15.3765954374831
26 15.881037442283317
31 16.39120676451207
1 16.59090096099996
43 16.98970196920794
2 17.246598831739174
36 17.35131134468396
46 17.395611635716232
56 17.606311444339045
49 17.639642124776323
47 17.70935421353796
32 18.693648462257844
98 19.02352773498989
24 19.48144485260862
42 22.62953759529134
3 23.740330952331256
33 23.934898079908884
22 24.370634517264158
9 30.016915864409448
15 31.42462601797499
17 35.954891351283855
16 36.74541666012825
21 39.20271152358565
20 39.26592170826164
13 39.44103954317775
69 39.84928773263975
11 39.85847793765664
14 39.931989039209064
37 40.3565663737586
18 40.84602287033237
19 41.12099549700402
23 41.356963771673
25 41.45100139952741
30 41.47195449806198
63 42.441169912677644
41 43.504520693924064
75 44.58395105628818
92 45.57346935979758
62 45.5856774127632
94 46.86429810496747
57 47.828574715954396
0 48.11166088366538
80 51.094098918625036
74 51.74482883143495
54 52.40920094574984
88 52.444533194203096
