91 3.2633642470814164
90 3.3525462443386593
97 3.9998016343250766
65 4.332915552373289
48 5.733376399331283
89 5.831359917563387
79 5.861256603391473
86 6.297992321767036
96 6.900814045782413
44 7.391561410011437
76 7.423197678854446
82 7.732728049075454
95 8.424907393798831
100 9.15450422867903
85 9.296918675512822
73 9.427248837013908
53 9.612250612407172
68 9.979190720658485
99 11.207230279414526
29 11.468538090414347
72 11.477567508395877
93 12.394955168330865
83 12.838345363381647
84 12.903905877252797
71 13.124070031238569
87 13.376305173497927
45 13.384207915781902
70 14.809504128579634
64 16.71979510946378
50 16.723591015587072
61 17.30401122233633
7 17.38049447124072
52 17.389206126104632
59 18.101123597225715
55 18.140956468478723
51 18.94801436916159
78 19.786093187983262
58 19.9306534818436
39 20.900085684376027
67 20.956350329728135
66 21.86112529362163
81 21.892315761567524
77 23.558342324513404
8 23.704539461147956
34 24.023032170041255
38 24.672977011732915
6 25.042799763800826
60 25.410511812952073
28 26.036374576106244
12 26.58230494930364
40 27.01544521085188
5 27.2975598507087
35 27.501651857034833
49 28.225882806863297
27 28.681263041278495
26 29.19044226095951
10 29.527604980658932
31 29.780614650954483
47 29.81284249842057
56 30.10741230688087
46 30.214052220399928
43 30.65989134691594
36 31.438912370024912
32 32.09374259040314
24 32.1906493721195
98 33.559713007052515
4 33.590338797740905
42 39.37439864635595
2 42.26741455863044
69 44.19275878291602
33 44.302633318369075
17 44.46483773308109
16 45.1831201553797
22 45.34553459732446
63 46.91997889861464
37 47.01255703997823
41 48.40841919168109
30 48.56120438825275
21 49.17079764073874
75 49.19531653035303
92 49.70121247655517
1 49.902010352492745
62 49.9030508024601
13 50.02907584048876
25 50.104467578876104
20 50.46965745914522
94 51.3559953718415
23 51.632642831558265
3 52.79273777393208
19 52.883719399433495
57 53.08268024145696
18 54.154795562582436
14 54.58833323108562
80 56.39110734436819
11 56.80600017880539
74 57.13788710804526
88 57.67131375735571
9 58.18427911808037
54 58.3795506120315
15 59.9495652788671
0 115.81803775101218
