42 0.6877589053235574
33 1.6617980109296628
22 2.7419972575773275
98 2.8503733511007288
32 3.734769270306039
36 3.872726270980915
43 4.4794571084127615
46 5.164449885269142
31 5.45808890611441
56 5.595140007476588
26 6.026420169881268
47 6.6000139984950605
27 6.70582957680647
35 7.750278395779007
40 8.325959900929439
28 10.424817152362648
49 10.812626583428806
60 11.226925638641385
38 11.995671323753855
34 13.709689423485736
77 17.402878852896094
15 18.853573846415177
81 19.318342357852526
66 19.357189974722957
9 19.860666495287337
39 19.983977120435053
78 22.568940033526193
58 23.3958337788307
67 23.48890906174984
51 25.210709268957963
2 26.658713649862044
55 27.00126173521051
59 28.300054987641527
52 28.84719190090758
6 28.96928056807568
3 30.2907090327293
61 30.350784607831173
12 30.715969878937017
50 31.847606737143714
64 33.30567254665367
70 39.529187699780664
10 41.06960049566491
5 44.438677948674425
8 47.07187874968845
7 50.800179283161654
84 51.071331516953855
83 51.22724918974918
71 53.43566699248647
93 55.76463759366681
4 59.883963668055955
72 60.13609335224936
99 63.053111294499615
68 65.52230718970654
73 68.72248089984643
100 77.61957304630185
95 81.56962600588604
29 81.66431287156226
82 81.99430189280783
53 84.26145610147327
76 84.33688341540585
1 86.42024879903343
44 88.07923027423487
96 94.84367769450121
86 97.02330056340648
89 99.08595426604639
79 106.09356788862276
48 117.0901368361883
97 126.98802752322409
91 129.9205158328473
65 140.57247714551934
0 205.09407746169774
90 225.05209015856832
24 235.24759474669628
11 239.92245077487706
14 252.50919140016478
85 258.75845463372167
17 263.2059186461239
45 263.276377091288
18 266.2240770269706
20 270.72727667532916
16 272.2737227269931
13 278.80619690608376
19 281.6282825947353
21 281.8762597537163
23 298.5132338543024
25 313.4055298519074
87 327.6873025429266
37 334.4156636769841
30 335.97782534826916
69 382.032525769353
41 410.97831820878946
63 413.18870657805354
75 445.3602761496291
57 456.17752022275755
54 463.04429706699784
62 475.0614742300907
74 491.47809401088676
80 502.4669992909494
92 506.99527188531226
94 511.29115527288667
88 514.6615649837597
