90 1.1776391596514084
85 2.782555951411211
91 3.3355255697010646
87 3.386509734066533
65 3.399285279227873
97 4.007882539886103
48 4.531987010173619
45 4.535096553292152
79 5.029967803649444
89 5.362316315793984
86 5.537873626260054
96 6.231710591916372
44 6.262497500802304
76 6.492210061696729
82 6.7770466699587555
95 7.101752834241128
53 7.643601460247603
100 7.761921743032717
73 7.95195076214475
68 8.421487360106996
29 8.655537281190945
99 9.19679367527682
72 9.38054317355159
93 9.973093757637743
83 10.32922914338351
84 10.342363256158075
71 10.416782216562916
70 11.609360515050597
50 12.950645269167685
64 13.156423272364533
7 13.328080063953195
52 13.437430705122063
61 13.459352585482558
59 13.76110669881849
55 13.910017001197414
51 14.316372898642024
78 14.766203195663802
58 15.000271555501167
67 15.48945986254151
39 15.77744944324603
66 16.169562861166963
81 16.251865458399063
77 17.151936585942185
34 17.61005104930701
8 17.677717254681106
38 18.30339586591815
60 18.527309066506614
28 18.96379612145942
6 18.96848537174305
40 19.64897262560999
24 19.913788895725393
49 19.963442143873674
12 19.97774794768668
35 20.017167600724616
5 20.24923712747945
27 20.85114618323374
26 21.123054929152858
47 21.15988919655387
56 21.382983410523366
31 21.444820545024978
46 21.530923703069853
10 21.91989980323467
43 21.98845195812955
36 22.46227612059573
32 22.62507117927429
98 23.63969947346813
4 24.44684598150329
42 27.089341860664405
69 27.11975108088531
92 28.037215441528286
63 28.136933770836556
62 28.669242158658868
75 28.85304702773207
94 28.91120858421951
41 29.015234299147345
37 30.116799317584427
17 30.200461897389676
16 30.43013312244201
33 30.498556593759826
2 30.675899236894537
57 30.949119379863166
30 31.114111260389425
22 31.200064876267497
80 32.027779574190255
88 32.60925409223462
25 32.74812468258137
74 32.75595390466385
21 32.93124777528046
13 33.56566065211865
23 34.20526246829841
20 34.25690271710835
54 34.26811840483847
19 35.6004948330854
1 35.90933033366262
18 37.10134225249687
3 37.14831775281592
14 37.77500930678066
9 39.41422753706763
11 39.7902588540025
15 40.29321461226927
0 78.53746941727181
