27 4.292132834563971
26 4.742144926810377
35 5.956250419069689
38 6.625949729194541
40 7.3992250615941595
43 7.936646492003082
36 8.083706430127682
7 9.373921606846684
31 9.703044022896947
46 10.419109097194553
6 10.78876069265745
32 11.050931561249417
56 11.584580828296142
28 13.401672022199781
78 13.833118258396528
60 13.858505649008668
34 14.201300222852755
42 14.238768965369802
12 14.331604807906013
33 15.379249176162658
8 15.467305660485092
39 15.979383318995598
98 15.999451789422766
22 16.669851142530103
55 17.033770947451412
52 17.060619688320987
64 17.457502522910882
47 17.50943307904068
51 18.412720461322056
29 19.85652317934381
5 21.721019368704056
61 22.178403732153637
50 22.59635668450887
58 22.760292279185723
59 23.115341206970694
66 23.733840739254873
81 24.1383537144189
10 24.370466364296792
49 27.375366712658206
77 27.79360146923214
70 28.982839250113162
67 32.74638039836633
53 33.42776829763992
44 39.66174397020482
4 40.38723767533453
95 45.911521507721076
2 46.08791704657809
15 46.15379930755078
68 49.158294050483846
9 49.67402783995984
83 49.768442411521896
48 49.86485784541336
84 50.19519570159484
76 52.52466826868051
73 52.750296822649
17 56.509902045271325
79 56.79065916158059
86 56.904716870667734
24 57.90718558608177
16 59.11621098969886
82 59.12411724818886
93 60.714573296377885
20 60.79945227585555
71 62.005179763945286
21 62.42761580186988
13 62.88084255627187
72 63.11325108918086
18 65.39603226916246
14 65.57662433686214
19 65.71496932312797
23 67.58831402857848
3 67.70460956595232
89 70.62657652799003
11 70.74835540326566
99 71.32077070709954
25 71.5101078160129
65 77.75381342807513
30 80.590043553527
37 81.11133199204684
91 83.6736363647931
100 84.46370457494136
1 95.47689339257536
96 96.54281679893195
45 109.96765916120987
97 114.71503723891955
69 115.07897611997365
41 124.32725921211423
85 127.57347073557911
63 129.1694780094034
54 133.8355797999013
90 135.10064447318365
57 141.99985292778652
75 144.828910170769
74 156.58139425436937
80 166.52395568099834
87 167.61400332089235
62 169.89474442349095
88 173.50492790698397
94 194.58001456895843
92 199.75004888165853
0 344.3318312210703
