7 0.35867624388855285
12 0.4453163435260004
6 0.4633605321478828
8 0.50468099991825
5 0.5315871336515053
10 0.6070085798608623
95 0.6804812886234849
64 0.7008004749090903
68 0.7419815618564668
76 0.7642716725186602
82 0.7787368238067448
44 0.8613187710149602
53 0.905499031603514
86 1.0090979010638526
89 1.0179969318813369
73 1.2341247111846132
29 1.293176771178318
79 1.3417510016030083
4 1.3640052672822216
61 1.3684981098999114
96 1.464448037043265
97 1.4988357154638454
83 1.6033512073326233
52 1.6130759485353519
91 1.6365065177587574
100 1.6641603607063515
72 1.6874279759792887
99 1.707622125179652
84 1.7227578814404172
70 1.7557808164812114
50 1.814718975648161
55 1.8441591993515893
93 1.9004586938387902
48 2.1850583661631737
71 2.185290498214538
39 2.194981557719645
59 2.390383534034448
51 2.5420904018852246
65 2.5810137216238296
38 2.6177676131132905
58 2.6537115402968134
2 2.836912265722645
78 2.961026361195479
81 3.2275743836753037
66 3.277768151064834
1 3.2803129758581364
34 3.5317537936589423
67 3.5876874152144014
27 3.5956524843730473
35 3.642253728795523
40 3.76051419890279
60 3.828257441512153
28 3.9101264222580476
26 3.9175771509433663
77 4.20535871328886
31 4.423355223698592
43 4.647298563436626
36 4.8503789257742875
46 5.1018765883509385
56 5.316935929810643
47 5.511610650037516
49 5.7767672563155825
32 5.901049247753579
98 6.076049157610686
3 6.457241371538453
90 6.768435722491143
42 8.141525699667595
33 8.499366212000481
22 8.648159524173739
9 11.578734972264096
85 12.657726368488877
15 12.757579237657467
45 15.571383381462951
87 18.589531189568984
0 20.3862227423795
24 29.315865884769046
11 35.56616241863492
17 36.86232583872765
14 37.389949840867324
16 38.13373132477834
18 39.40081691917702
20 39.403576138324844
13 40.31629809126345
21 40.44103977393983
19 41.24533555368617
23 43.22590144507775
25 44.55414092659417
37 45.69335776114729
30 46.467480678534635
69 48.27461707007814
63 52.09474147859765
41 52.69989954643411
75 55.90602851985955
62 57.73730107273678
57 59.03428169348775
92 59.20988927906996
94 60.900887790948666
54 63.2400259714136
74 64.35742256561039
80 64.51768647663272
88 66.08376749372992
