42 1.6544399749453242
33 6.287852500423393
36 9.099728402114497
98 10.553999903192489
43 10.573277100315659
32 11.624554416767547
22 12.219272573304591
26 13.387502440184218
31 13.713249543408386
27 14.777997225800712
46 15.217688940353609
35 17.428512930078742
56 18.020561858427634
40 20.747548416073567
47 24.876750723101264
38 25.93171697862159
28 30.717843809660312
60 33.224218104900025
34 40.74123405572925
49 47.25247173656278
39 52.88057413945273
6 57.96724925751105
81 63.4823845409651
77 65.3899110438176
66 65.78635404749342
12 66.59504667911187
78 66.79784563802973
64 71.69036198778697
58 72.13529728294546
55 72.47474309187108
51 74.94868852297272
52 75.1421060183665
61 78.39090366132174
7 81.11453951000667
15 81.29844752891643
8 84.83042603236957
59 86.77370940974906
67 87.44905756578605
50 89.90340996420942
5 93.83270458510927
9 94.86777776694757
10 95.41930682710475
70 117.64568586413786
2 120.36995431563786
29 141.45079752991805
4 141.7483313980526
3 160.17337959881075
83 163.22863667526823
53 165.1939511727923
84 167.91122571180088
68 181.22315766118228
95 192.05804117317481
71 192.12608958106838
93 193.48831380525743
44 200.71425717621972
72 203.7019825271838
73 211.32114183534398
14 215.63381797069775
11 219.97414623581926
20 220.12582778698442
99 220.25508515712474
76 220.95169310753903
18 222.1020771872591
17 223.2007137103842
82 227.57367691572503
16 232.80381635817713
19 235.83846459659887
21 236.19370641233732
13 237.56109512347913
24 243.31400474219595
86 245.36271978321903
23 251.61025621726517
79 255.55825421978312
48 258.83364002038985
1 266.8026611836991
100 271.75947000976646
25 273.6690468344299
89 278.24931813576165
30 311.3035267399204
37 314.7718463234416
96 319.401099155612
65 334.8579933349044
91 359.3886765642295
97 387.11117960825226
69 436.298073536136
41 479.6179566806143
45 487.5880446668963
63 491.27504984079
54 506.22334376963937
85 532.5989081468645
57 538.7262804374018
75 544.3998011747256
90 549.5478634791903
74 588.423754367067
80 623.4271889866869
62 632.1490656305278
88 644.9945440586499
87 678.4040195695162
94 713.0224098545548
92 728.0370753057975
0 902.7872755141503
