15 17.479209179643075
9 21.06929244247956
0 25.835222378897328
42 31.972084898839018
22 32.69098117774337
33 33.29892114464441
49 44.560937587218405
32 46.531313132699196
98 47.187513625104536
47 48.22387892548796
56 50.22712371663225
46 51.91788188962187
3 57.39042054420997
36 57.79127898568582
43 58.05950445682576
77 59.385558864977845
31 60.658160522689
28 64.38195457786956
60 64.75548442600703
26 65.32214135316421
40 65.35423108090706
67 66.71345128672344
27 69.35453008987216
34 69.38780428789609
35 69.44599244743485
66 69.49714559870037
78 73.5266026187686
81 74.13994168745852
51 80.42366979936216
58 81.53787378621554
38 82.89472659743528
59 83.63339420919905
39 92.02976566453208
71 93.34608396139062
55 97.86058975228812
50 98.02673006822529
70 99.7498799082816
93 100.49980493142951
52 100.7064079230389
84 103.84421216812814
2 107.00645034338727
83 107.273449067658
72 107.41993673761196
99 108.18275683644787
61 113.0868951853707
100 114.94893703473049
73 123.02051509362197
96 132.96810044653404
64 139.97646373455294
68 155.71655610777526
6 166.53520589591685
82 170.24802157891438
89 178.52311006518053
76 180.48420585469756
12 183.46125930527253
97 191.94063956773857
91 194.04866198092333
86 199.751602111536
10 209.8704549090027
95 210.57022073916906
44 215.68695298418032
79 226.2153420890891
8 229.13067909593124
7 233.7588383639436
5 234.82489207169766
48 248.12387551404973
53 280.00560426374585
29 281.19512779070044
65 292.25291003658947
4 328.6727473676735
1 347.6598690381105
90 379.1118123652802
85 653.7781334825917
45 760.3349073821594
87 764.8266299934028
24 1806.6947574215706
17 2410.9261948880508
13 2419.1727581337645
21 2584.3504150014014
11 2628.3456243893265
14 2694.4541241372544
16 2726.1773555858636
20 2754.775843186034
18 2755.7250770278165
69 2801.8639148363904
19 2814.0544088273527
23 2856.0638624698026
30 2894.5113531492307
25 2900.2907534893607
37 2916.771860749656
63 3062.240210336647
41 3079.630186751875
75 3152.215507584232
62 3189.0327821375336
92 3214.5733051953707
57 3237.4404122199244
94 3258.4813017146466
54 3339.255042386198
80 3342.7599779600964
74 3346.449880572582
88 3376.637387930986
