97 0.5254355001370461
96 0.7789436373007027
91 0.7886826093210196
89 0.9708843909318785
82 1.6670931761959136
100 1.7030082873057792
86 1.8044762305660418
76 1.8351060884889339
73 2.091672489556774
79 2.2397659919292043
68 2.6930300068256927
44 2.7698092566145727
99 2.8446259864618786
95 2.9631683307239416
72 3.0363744445171945
65 3.0664294805527312
48 3.4239928695756037
93 3.562682814855453
83 3.962637581514809
71 3.972029589144762
84 3.974070087166253
53 4.841069744525802
70 5.45002505844874
50 6.954371471088757
29 7.303228405470137
61 7.575499753328755
90 7.667396333064504
52 7.690438907016703
64 7.742242113665647
59 7.797404796136809
55 8.096928299039458
51 8.524992934732534
58 9.17203934059297
78 9.25393827023233
67 9.718988287953499
39 10.253847543824222
81 10.61798802471838
66 10.625246146849516
7 11.010890280966569
77 11.807822093263677
34 12.603843770939617
38 13.794149635645073
60 13.803141235064192
28 14.278188720775988
85 14.94761615914006
40 15.492791868394109
49 15.645064375030055
35 16.081114025147745
47 17.303750399547543
6 17.337975980361296
27 17.43711953106357
8 17.52062867154553
26 17.74575271895527
31 17.752082549267133
56 17.76107028987045
46 17.987128242266255
43 18.69431072415284
45 18.802458530264797
12 19.06496990955957
36 19.361035662531446
32 19.595366523489947
98 20.73475137993378
5 21.025705408291724
87 22.34136616874824
10 22.8835672673194
42 26.254627316940464
4 28.343237763319333
33 31.59577614158159
22 32.85752600266272
2 34.19450742765418
24 36.36709096178395
3 44.23032126873723
1 46.78606266819118
9 47.116689775650904
15 48.39987701491435
17 48.61876011734393
16 49.84733318231624
21 54.59087198665785
69 54.62345542575285
37 55.10382783673709
13 55.365171624282866
20 55.50250489309952
30 56.680179108891544
25 57.081147946691196
23 58.057511802199166
19 58.463686334437206
63 58.80291539552614
14 58.93915004907008
18 59.086567668381576
41 59.9851476179237
11 60.64182081894801
75 62.9441641521963
62 64.85764728973199
92 66.4186920453428
57 67.24905675852031
94 68.43478176786934
80 73.09725559898325
54 73.1269079438964
74 73.26865960272416
88 74.99704601139761
0 118.743839906942
