15 73.08018734291952
9 80.94213870021426
0 95.04162345648959
42 104.68900629022535
22 107.01778053742939
33 108.16472549638657
49 129.2536937616343
32 134.87493619367083
98 135.1982217371321
47 137.61994078943414
56 141.27663649789457
46 144.73223410067575
3 156.22601584471144
36 156.38720662478087
43 157.0972438202641
77 159.12735540811573
31 161.4969720320101
28 168.88758322932281
60 169.9005221175709
40 169.9711119897488
26 170.76965475626824
67 172.8836118067789
66 176.72205469486065
27 178.25294109022593
34 178.53799083585136
35 178.65206258277107
78 185.7856428654476
81 186.73269037115998
51 197.2209582867246
58 200.04705724702293
59 203.30972123302556
38 203.39109100711357
39 219.7474082954123
71 222.2452140708651
55 230.24058305312798
50 230.95463272291545
70 233.12762733525548
93 233.81749145899371
52 234.50681619501734
84 239.74969098951624
83 245.11445584934668
72 246.41188222241612
99 247.11591371834717
2 247.8200587525432
61 257.40610845646637
100 257.6516400070643
73 271.7707208346756
96 289.4989438651172
64 306.33631806985017
68 326.03407264678935
6 352.13409462564385
82 354.700267379577
89 367.35666243947213
76 371.42491721596895
12 376.93966915226434
97 390.10228152388567
91 395.1345105426728
86 402.4058754931292
95 423.1835740380015
10 425.16671010314155
44 430.94478102229766
79 449.71498198609135
8 458.46348635338416
7 464.5232716259242
5 471.6348614135412
48 474.6479671967971
29 533.3526082435649
53 534.3763840344127
65 549.2630912192698
4 626.3966187914723
90 688.0027899296763
1 697.1113609144221
85 1115.589725752966
45 1305.9308866390254
87 1315.100132148149
24 3082.786403925547
17 4346.209186106759
11 4380.328132654415
16 4433.80411882799
14 4480.625905764987
13 4543.819879461423
20 4559.680327854252
21 4572.145995024335
18 4599.037256655176
19 4671.301821976939
23 4747.459087418262
25 4799.99188881048
37 4801.618113829233
69 4825.77780481533
30 4859.793813454632
63 4984.924778468501
41 5019.9885738975945
75 5137.195204579716
62 5171.540707811391
92 5178.445690921471
94 5263.345959628801
57 5313.722902598798
80 5512.084240632078
74 5547.557225463273
54 5587.166132716715
88 5593.415090192146
