48 0.23708056167260017
65 0.2628584553006673
29 0.3298538244468574
53 0.4041977732318457
79 0.4326557465090973
44 0.5630899535405345
86 0.662484691337203
95 0.7010075562683326
91 0.7634325536144102
90 0.8024803711368407
76 0.9450459274434551
97 0.9810769985586859
89 0.985898801831633
7 1.1133652117775859
82 1.1656335119356107
85 1.2606565182579144
17 1.3122810204233797
16 1.3754093682573274
24 1.376594069827067
45 1.486920267383729
68 1.5359074175580687
21 1.7113315467793744
8 1.753799966843718
96 1.7755091356073684
20 1.8062268871465308
13 1.8274565545824548
37 1.843835846396458
73 1.8605948205413056
25 1.920275495935017
23 1.9628483229019567
30 1.9639440760570601
19 2.0212544261439844
69 2.169488233112789
18 2.1761819210662767
100 2.225411002324678
64 2.2562707851267287
14 2.256749773862079
5 2.2652600186064147
87 2.4419668479113095
99 2.4721962950403134
72 2.486399884647285
83 2.5426749864694314
6 2.578377793796534
11 2.6168819937936894
84 2.6468709449684913
12 2.662255748181601
10 2.7038313791773683
93 2.7236776586024005
63 2.7613650507435987
61 2.8085847954803422
70 2.8368150389714097
41 2.882650343796377
4 2.8923136182577354
52 2.9512675328452738
71 2.9955806044646702
50 3.0476729171858277
55 3.183904646709484
75 3.3001770288519845
59 3.5019711873348944
39 3.6461913053895088
51 3.6625987248081584
57 3.736602013917721
58 3.838114911485575
62 3.856837592957951
78 3.9916171858249774
54 4.168227307720057
38 4.195707323707228
92 4.3245567411087515
66 4.333957327225516
81 4.3523838408021405
94 4.466655620125195
67 4.470987210423992
74 4.525704803209492
80 4.655183286964446
34 4.689636077907978
88 4.913944227903035
60 4.957098409226616
77 5.004691530747722
35 5.028794555565672
40 5.03359550841423
28 5.038251271417015
27 5.095100253753344
26 5.304190874403639
31 5.612848247295565
1 5.734790486482688
43 5.822126792046444
2 5.9127792274522095
36 6.001368042717617
46 6.002109648150678
56 6.110324900175435
47 6.190308349365018
49 6.19384341434305
32 6.586645836210124
98 6.787249548565938
42 8.25676496444896
3 8.77897465900947
33 8.854547844140818
22 9.022554286801233
9 11.490593701248688
15 12.158827746736392
0 21.926122721444766
