90 5.871553132185908
85 9.483586533451259
97 9.897763810913386
87 9.912178905969686
91 9.932369279478385
65 10.538097082112676
45 13.201876758448277
89 13.367181891681568
79 13.755284592792526
48 13.791328360768535
96 13.888524056351725
86 14.31780189729071
76 15.836369728958232
82 15.900226495594753
44 16.457437908716464
100 16.762407095925113
95 17.23729473199406
73 18.21335215203923
68 18.828600475502327
53 18.92549656401746
99 19.43868189822496
72 19.99192489714959
93 21.066628616157146
71 21.81831799281617
83 21.94076031405306
84 22.026477213990578
29 22.567487304353644
92 23.267243603619562
94 24.555209040671322
62 24.91826696454761
70 25.1776081087541
69 26.14599291675922
63 26.229236828568666
75 26.550644686483206
41 27.35985513666871
50 27.629460155336886
64 28.220159888523167
61 28.296568481848414
52 28.97340740368108
59 29.054538158708205
57 29.240140773752415
55 29.52110655865871
80 29.681882674702855
88 30.139125453810614
51 30.31338567131291
58 30.92853530683175
74 31.01384719993745
7 31.120715937754444
67 31.41003251516677
78 31.607205972231334
39 32.52935757361324
37 32.716135811976855
81 32.85294625050617
66 33.00054656823267
30 34.21779486243927
54 34.34305208697254
77 34.359201386085175
24 34.62568163698667
16 35.66440404129939
17 35.713250231339075
34 35.969186873246926
60 37.627354829132976
25 37.8724752834183
38 37.94268916235979
28 38.18603016149026
49 39.28032139819727
21 39.864882901984686
8 40.16516545144437
40 40.252753828212924
35 41.040290887036306
13 41.34883676234795
23 41.35296589413438
47 41.76016568104854
6 42.00348194325061
56 42.69280807964653
31 42.704320411620984
20 42.90844630597411
46 43.08171272172761
27 43.17707555282293
26 43.430252733077985
12 44.02074209050584
43 44.153555116714735
19 44.63727904589437
36 44.929939549730776
32 44.974680790281305
5 45.0282231644494
98 45.908099402498976
10 47.84287372505689
18 48.21484784569733
14 50.417355457532494
42 52.719314300423825
4 52.734808887323986
11 54.9445206611912
33 59.166051784413625
22 60.89688348275593
2 63.665214644224605
1 73.35401922040076
3 75.38109221543478
9 77.56626899840059
15 78.28632541136052
0 148.73092807735947
