59 0.3432177501303449
58 0.36218206152131255
51 0.3942437229826833
78 0.5189566525867141
67 0.5418454287380416
81 0.6152474761648342
66 0.642576773401997
71 0.7604432642062706
39 0.7717280121206661
50 0.8295744956033954
55 0.8737803311381604
70 0.9725643230945903
52 1.283956918212178
34 1.2845565482958885
93 1.3108154246818648
77 1.3700916355658759
84 1.397441756282183
61 1.633954548164407
38 1.6383385893950515
83 1.7002699994507828
60 1.7486703906015097
28 1.9333324456412389
72 2.0811652727243364
99 2.2362160166783585
40 2.4024302895483287
35 2.5468159389713216
27 3.1651554068552583
26 3.3613086050333387
31 3.4122642219205246
100 3.608891504182428
43 4.0867283599534225
49 4.187215020425227
64 4.207824631787792
46 4.258465685522262
47 4.411954368540849
56 4.426327602962065
36 4.529104295419616
73 4.665621636725464
32 5.790340855936977
98 6.284214638603127
96 7.000249038111763
68 7.100727375084525
82 11.037952139440085
42 11.809641643360022
6 11.955231210105266
2 12.895777972463923
76 13.706712241499941
12 13.79023935946152
89 14.498916022152613
33 14.519954912000427
22 15.456616787593807
95 18.33925816784035
3 18.37105342959623
97 19.083222405888954
86 19.336006539124902
10 20.82879680271949
44 21.005360927860476
7 21.619866034788053
91 21.8684367896469
8 23.48444704471853
5 23.5586779745802
79 26.087515211570324
9 27.76534904444103
53 27.82893880268119
15 30.723194332952513
29 33.186817392394225
48 35.458000435911416
4 37.01443865579023
65 40.67649984903449
1 48.63307449668997
90 75.4918268982685
0 83.86267610722803
85 126.87483052578953
45 150.9793407847504
87 171.18508101861985
24 239.90270386766971
11 394.1246497995994
17 402.6074541400644
14 408.0031077091976
16 412.3675588463364
20 421.52112408225094
18 424.50070413667345
13 430.0826202645689
21 430.2905735976022
19 438.8788842688145
23 451.4763273381618
25 461.6679562527143
37 464.63470198474477
30 472.8320737569073
69 479.7127957181051
63 510.0320695155128
41 518.3680437568743
75 534.6154889659018
62 551.1385966912569
92 557.9968423857307
57 562.3767379334612
94 568.6798350597242
54 596.4930380418773
80 598.5324318837655
74 600.3719836216242
88 611.5292415341867
