10 0.5558760047701072
4 0.5568277926507402
5 0.5683577185634604
12 0.6024103235758512
6 0.6359140695363504
8 0.6665817867194874
7 0.7010357771817805
64 0.7274710848387537
68 0.7434661301667356
82 0.8466672002514891
73 0.8703124719575625
76 0.9456579447782415
95 0.9474696659032967
96 0.9582971821008981
100 0.9626294800326842
99 0.9888481594477175
61 0.9939330821502697
83 0.9975705431501699
72 0.99938558926137
84 1.0464676634186534
89 1.058834090273748
52 1.083743353268088
93 1.0881068362163873
1 1.0906196162161168
70 1.1139605670947854
50 1.1837865521696276
53 1.1906598975204303
71 1.198483433731472
55 1.2110590989213517
86 1.2600445716004494
44 1.2602899950073012
97 1.3056729859350047
59 1.4057964302220516
39 1.419872617709913
51 1.5160306530465957
79 1.5743889456196143
58 1.5880203768765109
29 1.6571115105662488
38 1.6721116114896069
91 1.6732309853270049
78 1.767099742327517
2 1.8516611373754113
66 1.8698993788395744
81 1.9035628145308343
67 2.010461017492012
34 2.1175368850477065
27 2.226689267834692
35 2.260000428785444
60 2.260803386627483
40 2.266036889590992
28 2.3216432389689055
77 2.372092435870385
26 2.416374316334864
48 2.496144686782785
65 2.538549818715269
31 2.6862517413816707
43 2.827327151379844
11 2.849783227538982
36 2.959986007108731
46 3.0187826381054044
56 3.1276771241450616
47 3.2143370775358098
49 3.2509315397557
14 3.459169403918466
32 3.5045910549934254
98 3.6424577530559863
3 3.9732462944173195
18 4.006439034295243
20 4.436722640546795
17 4.595239116471727
42 4.836064494859093
24 4.837902687516852
19 4.936273359820385
16 4.952009214269543
21 5.168951264887155
33 5.189620036180427
13 5.219397997509356
22 5.285559474353442
90 5.707858308442768
23 5.752152578547284
25 6.463300312117361
9 7.029519396521731
37 7.289686463264027
30 7.400577556671167
15 7.81205231136862
85 8.295747832696563
69 9.140505272562251
45 9.173218752676041
63 10.985338777500576
41 11.319041505146632
87 11.57298252994161
75 12.383290821413386
0 12.799652087468663
57 13.362398154047275
54 13.801231880041511
62 13.873091171804441
92 14.93978264906662
74 15.101563942987397
94 15.31106387986242
80 15.58442704729201
88 16.07108145791376
