97 0.14585682874796863
91 0.20783699157340152
89 0.8029027695348746
86 1.195259266024985
79 1.2250459229318165
96 1.3597872823826485
65 1.4143395313501823
76 1.6735382838722292
48 1.7229855595663233
82 1.7738845356303516
44 2.025912692702579
95 2.4947653596059878
100 2.6577352305902338
73 2.7754158255059216
68 3.2078430567652343
53 3.9537216907850667
99 3.9984755631895603
72 4.203017790162883
90 4.854344806341655
93 4.879241789013713
83 5.2079843743442975
84 5.253803995552794
71 5.44292018134361
29 5.84714745764061
70 6.793301619538285
50 8.46665201154204
64 8.885343145006809
52 9.072868063330437
61 9.101930537345238
59 9.528486114937408
55 9.725604359054653
51 10.306391818424478
85 10.667992736515183
7 10.716809369113141
78 11.0580985831466
58 11.20016715856877
67 11.981134397409035
39 12.263301593281383
66 12.826024430984601
81 12.988099097443325
45 13.955688745909898
77 14.380174430675895
34 15.024084781288135
38 16.002439749803784
60 16.35032679334737
28 16.99097219050085
87 17.183802025266186
8 17.385664549173033
40 18.036379243771183
6 18.176418974945072
35 18.672356222646403
49 18.694209530678222
12 19.950505504884752
27 19.97402864750729
26 20.402253468454074
47 20.47704710685111
31 20.831374179292208
56 20.8412939703872
46 21.03227114203591
5 21.358343929138307
43 21.734303101484176
36 22.516594603993575
32 22.897854695457255
10 23.642272772565324
98 24.40526540208112
4 29.044392111342123
42 30.269188965336024
24 32.56537696555531
33 36.10394845786145
2 37.01232740913156
22 37.35478444162887
3 48.23817916920931
1 48.94902378349368
17 50.97166980282282
16 51.9061567120969
9 52.21547002864787
15 53.89386650034163
69 54.28240505385118
37 55.329250777919825
21 56.18164658626199
30 56.99552383566872
13 57.17706376833825
20 57.18429726755772
25 57.979387587483124
63 58.62321611645793
23 59.12068359893674
19 60.113025109658984
41 60.200752622438145
18 61.16899105178968
14 61.377893092787176
75 61.96794853085288
11 63.7469981620726
62 64.42040242507011
92 65.80057950771368
57 66.26162460981182
94 67.36774637059571
80 71.42087128881147
54 71.56701194182143
74 71.62260684875613
88 73.16705053527895
0 129.22663877368618
