90 219.7969288477091
87 220.54009066083546
97 225.45790564502704
92 230.4443603560273
94 240.6221782082021
96 246.30480965342812
85 252.31165648869677
91 260.55274748934534
100 267.1540786483265
62 268.0518402516967
89 280.35022777183974
65 284.40614234552714
88 288.79899096806224
99 291.73453402981926
45 293.74153325500686
80 295.40987409879153
72 299.6291749285168
82 302.5236844246243
75 304.0584107687858
71 304.9544218002235
93 305.26504017806036
86 312.26640001157085
73 314.237676507628
74 314.67963309629084
76 316.75983035112614
79 317.711302309176
63 322.32109161117444
68 322.8709264239375
84 323.25845742424093
83 324.2504272820829
57 324.72980319466615
41 337.3952750565334
69 337.6565397967467
48 341.9615834992101
95 342.250934645314
44 352.20383887191736
54 367.26602501645897
70 369.1109199053356
53 382.33765641688285
67 382.7825698078722
50 391.9140296032778
59 396.3163317654119
77 400.8822616623899
58 401.5941554983863
61 402.46592425694996
81 402.76585444270705
51 411.3398778458028
55 413.3455289593857
66 414.28107317910235
52 418.5565305473942
78 423.63210543036564
64 425.3807330804383
49 426.2049397479633
39 429.7372646573245
37 437.86584021266964
34 441.40788158863467
30 452.5365278245303
60 453.90949442295624
29 455.37664776352227
28 457.43774282613134
47 460.03513548523426
56 482.13643252444484
98 486.0524880965974
46 492.8939076539891
32 494.65161013483777
38 494.72269856237557
40 496.93228987839564
31 497.4716599100308
25 506.2744468023442
35 507.962446999736
16 509.67492781796227
17 514.152344445985
24 514.4336096064043
43 516.1159696719888
36 517.3364235265651
7 534.3672121282925
26 536.426874516291
42 538.7646644636553
27 542.5939857460797
21 548.8126420152088
23 553.7790088068361
13 568.6389025701953
20 583.4492978562843
19 598.8659970919323
33 609.3139262515875
22 634.2387119227773
6 636.6286304912425
18 639.5131503323194
8 642.8913331429234
12 661.1072627007039
14 672.5021263336372
5 690.7284955538026
10 711.6843829312986
11 724.6936822127043
4 769.1240128869102
15 782.235090099047
9 806.6029264931431
2 820.4944165366021
3 887.2406021629688
1 944.4292546555214
0 1455.0810743570044
