90 4.8190104365603625
87 4.978133523061861
85 6.876344519442836
92 7.077479602439203
94 7.782787804271093
97 8.52657378882858
91 9.316766687790246
62 9.510306143704648
45 9.937781934513918
65 10.585145180021609
88 11.510844126627253
96 11.785955630987146
80 11.86408071300902
75 12.174469526932244
89 12.611910139716263
74 13.430385813305096
63 13.575734438134193
57 13.927241425704723
79 14.20728843901199
86 14.363543743425629
100 14.4044392680987
41 14.825412664966917
48 14.939112276301179
69 15.032219047287601
82 15.277954814355779
76 15.696966624198865
73 16.96725957558473
99 17.2425289868579
44 17.481545954303694
54 17.922326303096067
95 17.932016617850017
72 17.934337285552182
68 18.26843715699371
93 18.884673143460272
71 19.368016737956626
84 20.28681277309651
83 20.365188147202172
53 20.818779269135895
70 24.2650193778096
37 24.75181793111381
30 26.282234078585276
29 26.56690569572118
50 27.175247061300922
59 28.180660434215735
61 28.516995200644185
67 29.311174217359188
52 29.38462808744043
55 29.50066395836961
51 29.69547029976882
64 29.724097215358373
58 30.005369279719652
78 30.93105364374503
81 31.576326111463484
66 31.808265812926702
25 32.17532992547711
77 32.319888087830954
16 32.65798487193545
39 32.662973384872224
24 33.06976542360644
17 33.309056144843126
34 35.43976605731202
49 36.80267661864101
21 37.086976425499984
60 37.29135823647588
7 37.35756416396803
23 37.60793791163085
28 37.841307134613864
13 39.29469122555057
38 39.62639753733949
47 40.4511862430159
40 41.122940560036525
20 41.55424678337726
56 42.075174387902216
35 42.35809520166298
46 42.96073862042744
19 43.09552043915828
31 43.188768966344085
32 44.4977219575966
43 45.08784500833027
98 45.13712825556278
26 45.45005724399745
27 45.668682930635434
36 45.79019526363265
18 48.66484445424105
8 50.07761665372728
6 51.022772934365676
42 52.27618091582911
14 52.86998867941109
12 53.95271805507167
5 56.61102231381111
11 60.01248346468113
10 60.0894317217255
33 60.992665126543905
22 63.5369711714453
4 67.48443835572296
2 77.95100519291638
15 84.28665438512247
9 85.15955853483887
3 89.85098017489925
1 94.60701936510823
0 185.37119133279796
