90 2.7329186988909524
87 4.970054440033195
85 5.121426647950487
91 6.447273675023774
97 6.700561301084744
65 6.9863648313498805
45 8.000252786469146
89 9.526187180386641
48 9.78303108153449
79 9.850510799462645
96 9.938248637963738
86 10.40541680023014
76 11.717688642782878
82 11.784090969104001
100 12.288588365078379
44 12.298838480807344
95 13.09028931228349
73 13.473647739959429
68 14.382065873839336
99 14.630826965578688
53 14.742507201761244
72 15.095821312715469
93 15.966387761395195
71 16.53108904906246
83 16.841857339348365
84 16.845042262955978
92 18.05798467138674
29 18.092843512938398
94 19.132955264803126
62 19.515602227102473
70 19.538540714795822
63 21.05973525259977
75 21.18866198283057
69 21.28705191665289
50 21.874745986205458
41 22.02329740045844
61 22.78821740588346
59 22.887060013554738
64 23.025053004608562
52 23.137345098277333
57 23.332105253507915
80 23.449486473168058
55 23.605358880238928
88 23.701293840090443
51 23.98567263385734
74 24.656423683964444
58 24.67594609023758
67 24.800090831839974
78 24.984635512920526
7 26.211423411912552
66 26.34695214419379
81 26.35509517748296
39 26.43777377435652
77 27.4142587051179
37 27.69192443803274
54 27.772449156535767
24 28.435336611716377
30 29.015236361289826
34 29.127115761808152
60 30.627237724462493
16 30.960698145331328
17 31.076755419595735
28 31.147108205660874
38 31.400349855110374
49 31.516748305629502
25 32.71611839204157
40 33.079240633617225
35 33.958777432859065
47 34.04511775961249
56 34.921131748555375
21 34.989379885279675
8 35.22854624522238
46 35.41071774059648
31 35.43122771010925
27 35.9947400054589
26 36.14234058072417
23 36.29384906095385
13 36.477186946796756
6 36.56240511100646
43 36.667786534734695
32 36.99479518096825
36 37.35990202037464
98 38.03549306005889
20 38.042826557967594
12 38.65546932795387
19 39.638200014139194
5 40.004399958205966
10 42.6965251277145
18 43.24978833387342
42 43.80386443584695
14 45.62318718428896
4 47.65280392775711
33 50.24027517849459
11 50.24568030060374
22 51.86087595654682
2 57.33656475518611
9 67.59881582508926
1 67.65638447019244
3 67.88310787360288
15 67.91621409533631
0 139.83242004107765
