22 0.14923440202977623
33 0.16049810918702187
42 0.2985860258537702
32 0.3452988334703942
98 0.3819217428088148
56 0.5256349878050565
47 0.5301440301857205
49 0.5645552224104077
46 0.5878948442767543
3 0.7224827184206789
36 0.7700856735892464
43 0.8546054240945908
9 0.9248927531495719
31 1.0389926062636274
77 1.2881971802402798
26 1.3218637668072517
28 1.425334304319554
40 1.446797512588406
15 1.4585236230656962
60 1.4704328546634422
27 1.6388889404421312
35 1.6526079128405955
0 1.6970597096229987
34 1.817859348597388
67 1.9334542583176086
66 2.1180438188381507
78 2.3161386668846857
81 2.3393527432280616
38 3.0576200926600925
51 3.084886484005751
58 3.131451698493875
59 3.490957625452428
39 4.125880796306076
55 4.901182784011818
71 5.008750635787292
50 5.0905643566899945
70 5.374528116226237
52 5.453491235290466
2 5.858293392862696
93 5.8859608688583975
84 6.171797719310975
83 6.525138012540931
72 6.841598858957101
61 6.859365138194541
99 7.055924912426433
100 8.050369351916464
73 9.124268398955325
64 10.792733295965856
96 10.867665392978765
68 13.17097586186957
6 15.517101989587434
82 16.317132296877478
12 17.405292744815583
89 17.957923811449472
76 18.376602720231954
97 20.81568546347975
91 21.411730668146447
86 22.25699275168043
10 23.830485881366293
95 24.07448598324719
44 24.576433899885824
8 27.86720946492002
79 27.90647435190731
5 28.173310853358828
7 28.27592616776664
48 32.69891401202505
53 35.2141534308938
29 36.768753364618604
65 39.31315070559085
4 44.263869602317484
1 54.72827558037085
90 59.53078000829919
85 114.20773900706686
45 142.70423871394996
87 149.38419009767705
24 298.8498797641784
11 450.3237997162043
17 453.1511165597256
16 464.5784038882028
14 465.6312034010312
20 478.7819143275113
13 481.525890651213
18 483.0252952829811
21 484.25501715749004
19 495.92859401544746
23 507.77355279485954
25 516.3642869154648
37 516.4159971474086
69 521.2915243212857
30 525.5862219417137
63 549.0149007890785
41 555.9814450010887
75 572.0217198799626
62 579.9439201202805
92 581.2848414182903
94 594.5689386738331
57 599.9701004107957
80 630.7928178715734
74 635.3418366032695
54 639.0688522940311
88 643.1605456654272
