15 18.69933319597222
9 24.217683814582465
3 60.90598571868558
22 63.44232362310418
33 69.10085991103566
42 100.53052621641496
2 119.78056314650644
98 139.94010704724977
0 144.30542876059516
32 149.04100396523512
36 150.93215130165186
43 157.36296454278832
46 164.24957782802863
31 166.32317329883776
56 166.7760375664439
26 168.74112593829105
47 173.2519574731633
27 173.26904780843665
35 185.27231898842538
40 191.29081478772832
49 197.70485059484994
28 204.4006287190773
60 211.14882615163975
38 216.06651756928377
34 226.6500636490176
1 231.9813549500475
77 242.28030579402207
12 256.2752041094695
81 256.3767172916804
66 259.3189073658158
10 260.80604526686716
6 261.04921225220875
39 265.0447639781884
67 276.34202989971556
78 280.5299844008276
58 281.0792957145684
4 293.13828971962135
51 293.6918854616843
5 296.17478713709653
55 303.8655076113194
59 308.40497076101957
52 315.5923592656436
61 319.8184289074416
50 327.4403859441226
8 331.2596732349095
64 335.5566707956524
70 363.07224645221055
7 394.5709038002903
84 408.361613655834
83 408.47422211945366
71 412.0407274236664
93 424.4790233607235
72 443.6641176592726
99 454.003108772552
68 475.9658481197251
73 489.3818724405447
100 510.13401880392763
82 544.1922510429072
95 548.0236007312654
29 552.0552980706392
76 558.8705747560883
53 561.9043071235341
96 576.8056915726708
44 584.6556118675364
89 611.4676204986894
86 611.8164442481071
79 649.5176255096918
48 698.8782254629574
97 701.7878469123549
91 734.6541860202329
65 781.1413131661128
24 1017.292325979217
11 1051.3619367466167
90 1080.5471573621505
14 1123.7846537092719
18 1185.3719856244638
85 1188.4667729189987
45 1194.7776303807718
20 1231.0074816768226
17 1257.1943628787426
19 1267.1960070154748
13 1281.2734629794409
16 1288.8731822725038
21 1294.7929588871878
23 1341.5283959858584
87 1407.078666637378
25 1412.6706084072534
37 1498.6249230251346
30 1501.6879845974058
69 1678.8895819271613
63 1801.4453997108737
41 1805.3531867797046
75 1900.233574631808
57 1942.2391636627028
54 1946.915584749671
62 2016.5850656983796
74 2051.0424770030277
80 2089.477669650915
92 2116.6068019578356
94 2125.998645290309
88 2128.082951506242
