68 0.11974817040238042
96 0.14201011854898343
73 0.17757771638537095
64 0.2752071055014667
82 0.28448431155531945
100 0.3207958430973314
99 0.47357752918572504
72 0.47994565410647017
76 0.5042735291421618
61 0.5059852122651046
83 0.5078259774684694
89 0.5673047517265041
84 0.6007850637636294
93 0.685189483222134
6 0.6891863809606452
52 0.7272649987694014
70 0.7369044970415162
50 0.8490104301144239
97 0.8548790523680562
55 0.8697853547680339
12 0.8739361501984385
71 0.9279523391329922
86 1.03771865283861
95 1.1877479288719954
39 1.2158061227041064
91 1.304697533495664
2 1.3964176764696248
59 1.3996098121317018
10 1.5645471499054069
44 1.603206962349017
51 1.6084209515998993
58 1.6319765672698974
38 1.6579309542390057
7 2.021778748123245
79 2.040453133778603
78 2.0546585149751526
81 2.1565007682446344
8 2.2921617826570198
66 2.4079735586609248
5 2.4328264479232042
34 2.5083974526550707
27 2.575965527826136
67 2.5906495068345317
35 2.6316101482039893
60 2.83913129447116
40 2.8577723038177694
26 2.9425389707261465
28 2.943399935750159
48 3.1293657127919325
53 3.2431209590153016
77 3.255957837829403
31 3.4726315197862263
43 3.708280635659193
36 3.796715347506207
29 4.169646017035023
46 4.2567143552259425
56 4.451938477308929
3 4.538024612686384
47 4.7106467108888515
65 4.804070701270962
32 4.974635217100391
49 5.079908432129254
98 5.1347893502421185
4 5.777163165504768
42 7.512673255474247
33 7.582887077980712
22 7.702207545597487
1 8.48183993414894
9 10.640979052155568
90 10.78678912709592
15 11.912816190100187
0 13.686091733771784
85 26.871917841628438
45 36.229045173090746
87 38.92841020370041
24 102.94421191996682
11 150.65505252150257
17 152.58010962938377
14 156.08819083842982
16 156.26547071292222
20 160.99240128274732
18 162.29244518868674
13 162.90939115474313
21 163.55228949588496
19 167.19751916455257
23 171.70618713746572
25 174.94577908894513
37 175.402668798304
30 178.52687156159564
69 178.53970411174126
63 188.18543165311726
41 190.94977924816004
75 196.81009610495803
62 200.43487208366332
92 201.28877188832385
94 205.90634017771782
57 207.01473967849205
80 219.17420381235905
74 220.6333864896369
54 221.16189506612596
88 223.64453964079644
