72 0.46489872850410136
99 0.48145744337757185
93 0.6052142106805515
71 0.7666145385608003
84 1.098709280773375
83 1.1910844424060845
68 1.3868909563807004
73 1.5510493423748117
82 1.5875932382857412
100 2.014449770478897
76 2.7666558451250967
89 3.58370230870409
95 3.9399807900104866
96 4.323070705955122
86 4.372630013080218
70 5.031526021993625
79 6.016320970983216
44 6.9784342091739555
67 8.335185306443908
50 8.630523383119389
59 8.704540032772988
97 8.722640306344701
53 9.670156935130057
65 10.519292074170528
61 11.060132669682966
58 11.171138311848736
48 11.239104481663782
51 11.257817321555633
91 11.304805811649201
52 12.167700506521498
66 12.277864838331743
55 12.46988382039539
77 12.735675694917054
81 13.065075102880186
78 13.87841786490034
64 14.941961760795882
39 17.00630728660197
49 18.718797372553666
34 20.454215218384412
60 23.404741359935294
29 23.79945681968723
28 24.908410699378184
47 27.592933474224473
38 32.06062549015669
56 32.36280722110446
90 32.67944149943846
40 32.820885012870846
85 34.217937765841505
46 34.810785336445115
45 35.43540600591304
31 37.309358474946166
35 37.32631741698007
32 37.9775140466326
98 38.91117660881043
69 39.647238064442256
7 40.986412970559435
43 41.66603572326445
36 43.54849567644748
26 45.14606603856651
63 45.17419692312909
37 46.26397186041178
27 46.319505391468844
41 46.93290374969665
30 50.029614206394456
75 50.33364109733949
87 53.38230341639923
17 54.152496163359146
16 54.17741020139517
42 54.31244044828945
57 54.812322206285046
24 57.23556644018288
62 57.54524906225435
25 59.968777498881245
54 60.69601514310481
74 61.799492811448665
80 63.31456478410109
88 65.90515220316843
94 66.16878878737647
92 66.54089540563518
21 67.21546017558138
23 71.329705078413
13 73.59466013356055
6 74.21894267852149
20 76.407347615011
8 77.12879750822351
33 82.33890903622557
19 83.78628021026358
12 83.99415793915617
22 90.95168443537774
18 96.11009550085608
5 96.49459581256907
10 105.24860459041587
14 106.6790796215622
11 126.64309506082148
4 133.4266074590409
2 157.33022753821515
15 158.78332508976024
9 164.8141186135762
3 194.88661535929995
1 226.90192285767424
0 576.4058666211098
