97 1.844113916829572
96 2.3071022023035264
91 3.4390041096962514
89 3.799157864436544
100 3.8110099074451527
82 5.167121192215037
86 5.8771761605406665
99 5.917716092488324
76 5.996881134793507
73 6.089290698196747
65 6.302967901329857
79 6.562047165647287
72 6.580975038429174
68 7.185394154386816
93 7.426349193874588
71 7.915840070621921
95 8.125093673944864
84 8.71297258104027
83 8.775296633761885
44 8.885996102622157
48 9.446059808393468
90 10.801175482694678
53 12.061360381636973
70 12.882598775168526
50 15.916055301274955
85 17.03762274077181
61 17.04795637973427
59 17.088059281603798
52 18.291393780467615
64 18.42882745973636
55 18.51100407673042
67 18.566726446630128
51 18.94141283869944
58 19.073626336357666
29 19.62643721887004
78 20.77969002761518
45 20.88325825843137
81 20.976267164974363
66 21.23938161346424
39 21.944836968574894
77 22.25979734677239
87 24.059669092956756
34 25.810081949507005
60 28.052383439578715
49 28.345244567012408
28 28.77213734222143
7 29.643044744754032
38 30.634871776424948
69 32.039023462940925
47 32.671038670905574
40 32.957453224982984
35 34.53811362060981
63 34.621683315709625
56 34.79497394051834
31 35.617573747335896
46 35.76432454846609
41 36.1448653302869
75 36.98784131644002
37 37.73490128195296
32 38.1645528423089
43 38.26581733258895
62 38.35115164198829
26 38.71879464643721
98 38.72785972587702
27 38.89689227139403
36 39.26814335882818
92 39.85261054399483
30 39.945803995282084
17 40.37714221259819
16 40.588146589058134
24 40.79808796973466
57 40.90733589271776
94 41.02309793740188
80 44.596802754404656
25 44.65731481564581
74 44.95548450317706
88 45.92500954738214
8 45.96888559486207
6 46.06322673936607
54 46.55871738003601
21 47.21212371954156
42 49.40646623068701
23 49.7092615784913
13 49.887104640957865
12 50.05616345242544
20 51.44059965798148
5 54.38518677184448
19 54.866538356319445
10 58.72866218319748
18 60.19077325031604
33 61.379991762651116
14 64.1580037806678
22 65.15571567893434
4 69.83591052352674
11 72.22629445773744
2 83.71341979568982
15 97.62240409578762
9 98.38570864893275
3 102.683654436099
1 109.9499802511476
0 260.1827259382982
