15 0.2528957254265689
9 0.2950570868633529
0 0.6356179701117447
22 1.1948702328412508
42 1.2298767289594095
33 1.238607567101175
49 3.358304695047374
32 3.4370490564913143
98 3.69362536480316
47 3.8281355687968253
56 4.171374811795125
46 4.511459544895634
3 5.216258862139356
36 5.582822586480911
43 5.606928190997379
31 6.195230714230503
77 6.325663861116757
26 7.236845779015794
28 7.30067561119764
40 7.379931186600913
60 7.421293748236912
67 7.959329646517701
35 8.100694332159884
34 8.209907901971427
27 8.313516429289994
66 8.671877872526052
78 9.422673751274832
81 9.629083683060653
51 11.269420758800296
58 11.442482195419128
38 11.589434268528484
59 12.231905391275847
39 13.912100032330063
71 15.040989379166648
50 15.703683610773698
55 15.900547606901716
70 16.279735178611414
52 16.65572865562357
93 16.926465830257193
84 17.611089135972147
2 17.659714085370958
83 18.820409247725564
72 19.126340052214836
99 19.19928095630767
61 19.81859218896468
100 21.165937696672756
73 23.654562411595695
96 26.622778365142942
64 26.91705059029633
68 34.8721437284453
6 35.962145014215906
82 37.30830708094845
76 40.81951116724337
89 41.717840633022554
12 43.75379401839209
91 45.9695717625521
97 45.99070587469004
86 47.6757023108445
95 50.44713784023339
10 50.4554657403637
44 53.766128139943326
8 57.520750482287596
79 57.628832094511665
7 58.101158637139534
5 59.04644268680915
48 66.3533634501475
53 75.94810684923678
29 78.82382868016683
65 84.74359991664744
4 93.17814036283912
1 93.72600087873892
90 116.34917707041402
85 227.11035020843045
45 266.7564839598443
87 271.91474422014124
24 536.1994102463789
13 839.7465112338392
17 926.5988730102681
21 1032.7279393551266
11 1186.4233384010902
69 1195.0122144165364
14 1214.4617714762594
18 1237.5216454717302
20 1240.2942753821092
16 1250.24625823351
19 1261.1152734819957
23 1268.8938792478461
30 1287.9618012967087
25 1300.3444974689153
37 1316.0281853751555
63 1392.365284366074
41 1393.4516346781543
75 1424.6827104718122
57 1445.9013273452588
62 1456.1222697639491
54 1460.0237616945103
74 1474.9537056245977
80 1479.354763062526
92 1485.404653849224
94 1487.2850434485154
88 1489.6251689860746
