6 0.10922386907721574
68 0.12318028062950856
12 0.13315805274521436
82 0.14950187999658457
64 0.23633590946132285
76 0.24261964269985276
96 0.2517771683195108
89 0.2735283994817436
73 0.3437962505381042
10 0.36111298505787115
97 0.43461212152448864
95 0.4622669219169215
100 0.4704003038703045
86 0.5441994803121156
5 0.6061822228393068
7 0.6192055916283234
72 0.6249775173306026
99 0.6258045808928069
8 0.6484762476222244
83 0.6496423667850645
61 0.6553825343747838
44 0.6925326700777418
91 0.7005466802351192
84 0.7527884638860777
93 0.8159974120680837
52 0.8357202876064856
70 0.8622625219020909
50 0.9605422123479351
71 1.0160945661270133
55 1.0277041360377246
79 1.045021499901955
53 1.1774081705150419
2 1.2244949291424292
39 1.3479821426956604
59 1.4425189352398138
51 1.602060580080628
58 1.671888310090033
38 1.6730356773990522
4 1.7324010708077933
29 1.8349427996437164
48 1.9223578802010217
78 1.9307173882504818
81 2.1305601204648537
66 2.25860508470438
34 2.391237968120923
67 2.4100677614667334
27 2.430793285157769
65 2.4713977039489543
35 2.5011430814145155
60 2.646336544532635
40 2.660402607284831
26 2.7402604945552866
28 2.767787961834048
77 2.9519167542500213
1 3.093997025633851
31 3.230489443544252
43 3.391276062856392
36 3.511633709415689
46 3.7917247281585422
3 3.924076762999922
56 3.9615500614259074
47 4.146698408225011
49 4.366468237536089
32 4.386450832570573
98 4.614607484100892
42 6.363266317387375
90 6.368077914006611
33 6.526554817363582
22 6.601832218537235
9 8.740381150596885
15 9.815133190408764
0 11.823064965608822
85 13.739302316827077
45 18.372589556231663
87 21.150499508420722
24 31.3879130491409
11 45.63492404904194
17 47.74055185751832
14 48.09696579586489
16 49.32296906879322
20 50.58156394401091
18 50.86342908264578
13 52.12408908714277
21 52.18263927699776
19 53.4496757141593
23 55.61033072943651
25 57.347615699226495
37 57.75692573690673
30 59.14488542281658
69 59.99545009823798
63 65.00156560330767
41 66.59687817128368
75 68.96750288201305
62 71.59542743644816
92 72.32819470833297
57 73.84697373157563
94 74.21009890780319
54 79.79932263357293
80 79.80047584640946
74 80.25656671636466
88 81.92342508698937
