12 0.27548695708124743
6 0.3149791593135079
10 0.37639293877862867
5 0.4818437428843922
64 0.5498433965373238
4 0.6815708012836751
8 0.7187355868611706
61 0.778570563191889
68 0.7899599788620563
1 0.8176771597717443
52 0.8892111861269364
83 0.9033451604330879
7 0.931625807686637
72 0.9375596024399792
73 0.9427686083290979
99 0.9441612666332427
84 0.9580193645868601
70 0.9698619177365112
2 0.9713955340564658
100 0.9740219413900683
55 0.9790872637737166
50 0.9890254720073237
93 1.0058223914760076
82 1.0286091347285373
96 1.0538035662973153
71 1.0905360499680286
39 1.1325498946148362
76 1.2084923602879332
59 1.2135813472134487
38 1.3040025348023951
51 1.315548196955589
89 1.329677117639085
95 1.3332259366410797
58 1.341723434970247
78 1.551405310158074
81 1.6168840153094053
66 1.6440803089287663
44 1.6651534765448381
97 1.6743249402007367
86 1.6867072729029597
53 1.7396882403317768
27 1.7783679106117058
67 1.7850288576137767
34 1.7939191703020676
35 1.852097047664087
40 1.906127180734158
60 1.9233335907851303
28 1.9846818099490344
26 1.9880644407317924
91 2.0804684122760535
77 2.1121385859772435
79 2.1840050241561273
31 2.2967760046598236
29 2.3014169662050628
43 2.422377290571485
36 2.515873261451049
46 2.6599283542036867
56 2.7741794386864798
47 2.8965559184723846
3 2.9872716535653603
49 2.99184743433819
32 3.1256679100877975
98 3.2449971265501736
48 3.318596083120746
65 3.500532857822352
42 4.46089365631511
33 4.697714470380064
22 4.7637633316482075
9 6.354746915254497
15 7.205329691655217
90 7.4595203203025395
11 9.571435605367038
0 10.479043801596168
14 10.76688547253515
24 11.331121317548028
85 11.69243554436468
17 11.895640157281264
18 12.002027982402893
20 12.336978436247824
16 12.533611574244228
21 13.40198694844195
19 13.445360115134248
13 13.500348781421561
45 13.695368140220651
23 14.727385394020528
25 15.851348482407701
87 16.65280577959526
37 16.78101070224054
30 17.174088115126647
69 19.263778714341104
63 21.755726800202805
41 22.378102647367744
75 23.874472525524563
57 25.83538564620653
62 25.87407408906942
92 27.001687621077483
94 27.615034566669628
54 27.78938003490513
74 29.02953278966788
80 29.26289959600802
88 30.273644296028298
