15 13.405815865205325
0 15.134941000338882
9 17.02548627505559
22 30.59176382111169
33 31.6457137490672
42 35.01704849643161
3 45.568065565940444
98 50.58404463506001
32 52.12033769980969
49 56.41607469732936
47 56.74818746870698
56 57.739443878142616
46 59.254164747767604
36 60.807010684544665
43 62.878200826359375
31 65.84597886529771
26 70.68213560123735
40 73.9715806824854
28 74.034213788012
77 74.23752794777901
27 74.49325811141067
35 75.13411785629175
60 75.18253183048375
34 80.01073061035466
67 84.04241643982667
66 85.6740606009506
81 86.99685310755102
2 89.7969339449689
38 90.65274158615632
78 91.64567130865201
58 97.00756420902535
51 99.37894997342927
39 102.62548494492384
59 103.59248039743534
55 113.15135679769877
50 116.69472780207842
52 118.6097407694281
71 121.95151951933666
70 122.38610756340698
61 125.55500913568366
93 129.95002289142872
84 130.96604917219054
83 134.05140683789904
72 138.36170908241527
99 139.87541817474863
64 146.9866208595432
100 151.80119619057263
6 158.58422917923184
73 159.38079952973433
12 164.23431811561662
96 175.65970753993818
68 177.47007763388385
10 187.94176302874072
82 200.70659200145616
5 206.45952382740992
76 213.27209989566308
8 215.38650803566838
89 217.2587549014261
1 225.4134805241226
7 227.35242735081218
95 232.990313293306
97 238.01424994502833
86 238.30081457612337
44 243.7677093685832
4 243.84969855826486
91 249.14830515353876
79 265.2436845398891
53 273.66824922750595
29 284.55553405707695
48 297.8861369139907
65 324.1550007375003
90 437.6599793123883
85 602.7766366382062
45 670.4035258825842
87 723.009147290987
24 974.330658106459
11 1009.8609170741709
14 1053.775346067408
17 1073.0018211282074
18 1096.523351770001
16 1096.5591701763915
20 1103.4339283734694
13 1130.9949871222866
21 1131.0770147511662
19 1139.5535855205567
23 1177.5853030918556
25 1208.140719327012
37 1228.606398977787
30 1244.0403243602252
69 1280.0692272310082
63 1349.4846236009364
41 1364.1816039009161
75 1408.3630391542295
62 1446.940038792288
57 1464.8833589496205
92 1468.3575102100579
94 1492.1587290562964
54 1529.2199270550002
74 1547.0383885868505
80 1548.2162102529833
88 1575.3042805821635
