90 1.1000506771152998
65 1.5967656290839989
91 1.6286061443507716
48 2.062457256876761
97 2.4693947608547444
79 2.714475548702727
86 3.256179078624657
89 3.546461714674314
44 3.7120919161010697
76 4.370446495845758
95 4.650290927010713
82 4.915837819932379
53 4.920134519739088
85 5.025580701525391
96 5.076516957239869
29 5.2285921792270855
73 6.43354412544578
68 6.691432927299482
100 6.86044548922603
45 7.74840797560259
99 8.321841463422114
87 8.341842196268352
72 8.506015071203331
93 9.248782305348376
83 9.354597744406501
7 9.396285218490751
84 9.44776243525534
71 9.937310694309948
70 10.630738339340153
64 11.100518388828409
50 11.916230309671676
52 12.004696374274419
61 12.104725584023706
8 12.76278912179558
55 12.859706091983439
59 13.047661997153751
51 13.633398211316235
78 14.360767988200566
58 14.628299886649497
6 14.735365784053075
39 14.969539825468146
5 15.193632788931302
12 15.53856867862686
67 15.774683704984279
66 15.970766208890382
81 16.36971076687207
10 16.768519664245478
38 17.29495311452046
34 17.72251253617729
77 17.80164846089317
60 18.683879306696642
4 19.195066986598196
28 19.211747176886792
40 19.445883365334463
35 19.82292139346044
27 20.24906095032162
26 20.82255693297206
49 21.543812671239657
31 21.839959506610178
46 22.338810759089316
43 22.41118604866171
56 22.455501893240303
47 22.464062997902776
36 23.138805088630395
32 24.08282841903055
98 25.350011274984578
2 26.895764645657756
24 26.974881874356793
42 29.65944583210276
1 30.827959843389692
33 32.95210030711831
22 33.559958478244546
3 35.21633108940728
9 41.90129984198378
15 43.97432105592985
17 49.92273407767051
16 50.80918315224603
69 53.451649937835796
21 54.20632844651558
37 54.62792268488427
13 54.698690039979546
20 54.80245095481556
30 56.05299671042223
25 56.451430563090646
63 56.488532508296714
14 56.784239195084
23 56.85866624701956
19 57.063628765534126
18 57.44435394383489
11 57.538881863515336
41 57.73286606956024
75 59.113114740753595
62 60.20568569038517
92 60.334638442575525
94 61.938876290791434
57 62.95815355459815
80 66.90121123127363
74 67.62814520811519
88 68.47661803437424
54 68.52662202683229
0 80.17037214376418
