0 12.98538547949069
15 14.98894047699493
9 16.013814372696316
22 20.907476325426313
33 21.27477524191774
42 21.32191753361948
3 25.36978259806208
49 26.016397292810286
32 26.131464720833044
98 26.196483668966493
47 26.92666324268148
56 27.241156772302283
46 27.622182007230073
36 29.0207677435012
43 29.252974900029155
31 30.227840056878488
77 30.743767342412305
26 30.99347197178961
40 31.24722753260267
28 31.692481739765764
60 31.709305234827053
27 31.889077593153097
35 32.33738097694438
67 33.0087374264789
34 33.04381190279168
66 33.20086645396738
78 34.53743399747254
81 34.80098224508375
38 36.069876234130945
51 36.22277760258706
58 36.73373467084267
59 37.26350499711462
2 37.89776439074692
39 39.30869363189278
55 41.13286187587821
71 41.18873648982411
52 41.196755300805705
50 41.635783798116066
70 41.94562124051248
93 42.991823660440495
84 43.5900058294871
83 44.18894979710898
72 45.006026877618396
99 45.137966944916705
61 45.245214500360035
100 46.90280154807477
73 48.311509574597544
64 51.870647556140476
96 52.20155012834313
6 54.060530088981274
68 56.26148956915222
12 57.09517902814468
82 60.78933824782075
10 62.29037137335971
76 62.796622077368156
89 62.99332003242138
91 67.0249370557593
86 67.11382656440269
97 67.17927503636287
8 68.05411012647882
95 69.25784561721582
5 70.24449621640771
44 70.79207457409385
7 71.09875289565201
79 73.35496317457829
48 75.83798030102659
29 81.96776813731627
53 86.70018756892543
65 88.05300540597368
4 91.27016327082218
1 96.33266541858129
90 108.70780710526688
85 171.24635215812745
45 195.57644807087996
87 198.03732909175648
24 475.6564572387809
17 778.7754013779722
11 779.4146124471441
16 794.4492165612292
14 797.3769969103723
13 807.4475408718107
20 811.5527458094239
21 814.2343560967237
18 816.6312480845163
19 830.4745554153352
23 842.9612024859224
37 852.125778187914
25 852.4408178610171
69 853.4421488584572
30 860.5020546894983
63 886.74390183049
41 892.8385016484124
75 910.900192907808
62 919.4144669754139
92 920.6903999755386
94 934.7908958370874
57 940.417741514523
80 971.7734806904784
74 976.7806099315447
54 981.1545325746329
88 984.9125554390022
