90 3.480298049357363
87 4.551779166022343
85 5.022570887400086
45 7.1186947457620295
91 7.307788265606624
65 7.493008527313017
97 8.17490052470872
48 9.32214811156168
79 9.976830419108683
89 10.225120304670972
86 10.640471456483484
96 11.128315128626413
44 11.73750495405379
76 11.883007560473757
82 12.178619581230816
95 12.874292148843283
100 13.163682712396616
73 13.639857763702782
53 13.641183225409957
68 14.364271164054639
99 15.100504496787911
29 15.210078094572802
72 15.367792219161855
93 16.110985274014766
71 16.63004794271169
83 16.66649000986617
84 16.67251589546444
70 18.420980839793163
50 20.20350255651392
64 20.772107024326893
61 20.93255573783122
52 20.9768163623708
59 21.128133089318347
92 21.23633700894293
7 21.420123007818955
55 21.437798853374467
51 21.85163103943646
94 22.235590409635556
78 22.45052685011402
62 22.49170247057174
58 22.65251591610186
67 23.108561505464213
69 23.501830618380545
63 23.5032027204048
39 23.788306477224896
75 23.790364370579198
66 24.10085320574405
81 24.125511324152146
41 24.249333158576984
24 24.347305417759745
77 25.138668072114147
57 25.664426371161586
80 25.906984774320186
34 25.95261479185555
88 26.246140980785857
74 26.921107869960696
38 27.09672039172207
60 27.10863443129716
8 27.237328748302787
28 27.55206161890508
37 28.122979138027066
49 28.48975081360403
40 28.591232477668807
6 28.714316519753506
35 29.10072701013505
30 29.157752919333696
54 29.332493376254604
17 29.780440879198977
16 29.837917183333776
12 30.033769212879907
47 30.10329200930388
27 30.241127127522642
56 30.4659372303146
26 30.5116402748483
5 30.523963275455408
31 30.676352474293896
46 30.722324059648248
43 31.412720568483554
25 31.64094051743897
36 31.967523654889646
32 31.99095341346007
10 32.561539174735486
21 32.82296315158921
98 33.126016470006036
13 33.67828404532553
23 33.994902365172905
20 34.93197644655933
4 35.67692064351654
19 36.155962927659566
42 37.29506760438973
18 38.54654982460816
14 39.92468678598615
33 41.57627629674404
22 42.475782896258956
11 42.867186532986935
2 43.212113076015854
1 49.54567984287088
3 50.82809956320843
9 52.537044729364645
15 53.366730895885546
0 99.31667067967251
