67 0.48918166610417907
77 0.9300559294306391
66 1.1829689171377777
81 1.2234706109169433
78 1.6361812317926554
58 1.656156431951284
51 1.9790490181270441
59 2.126267899970793
34 2.309109287999019
60 2.9378541596112693
39 3.276243077748847
28 3.2789425461468027
49 3.3446282923074793
55 3.6897713116187973
50 3.9114111496431674
52 4.617640488345531
70 4.817059304052878
40 4.966383022618138
47 5.1913809920219744
38 5.459973296698388
61 5.491358239024891
71 5.548716449293823
56 5.951298319654446
35 5.982253310640353
46 6.425908980483241
84 6.629675772542053
31 6.811485699445788
93 6.970700334680755
83 7.146740134179721
26 7.799024577660669
43 7.902769451920326
27 7.971830920567678
32 8.010803176110793
36 8.586544021164556
72 8.89437118651898
99 9.348637476002384
98 9.38215226993438
64 10.380568821877441
100 14.268412071098842
73 14.82283865876138
68 17.052296682246883
42 17.36082295199606
96 22.602407935927232
82 25.059619842879467
33 27.007091421904217
6 27.140689902611467
76 28.954790521724025
22 29.449949882680244
12 31.18593637092355
95 32.834908939366606
89 33.27571087607767
7 34.59726250273789
86 38.11920738163053
44 38.41247169621169
8 42.27907847040778
10 43.6943398150468
53 43.82344410730541
97 44.106724429185
2 44.32598375699886
5 45.138380951011236
79 46.91336726042856
29 50.85536190879903
91 51.679411285139395
3 57.971955458830955
9 59.092102706161704
48 59.96616852425814
15 61.607645258264974
4 66.60177024629282
65 71.38751489419307
1 107.3267719364048
90 131.803878059651
85 180.76300402799285
45 199.8416839568519
87 240.40192329107074
0 249.71419534158872
24 249.77286171571998
11 327.53650838725713
17 327.8575079268693
14 338.0256529584479
16 338.3397905015424
20 348.9980164562563
18 351.5394875265988
13 355.57201258755157
21 356.80896321146747
19 364.8046330498428
23 378.2895009600969
25 387.9351735042903
37 396.8651926125535
30 402.8557269393079
69 423.13796565154814
63 455.8151695212253
41 459.7588478974349
75 487.214467453546
62 508.2438746838234
57 509.76994300208037
92 526.6628963862128
54 534.7869238496327
94 537.361015016727
74 549.445978547362
80 553.5324495299864
88 566.6568332926614
