15 1.7485077079112834
9 2.546953534629693
0 3.4189328120835194
42 5.098284758318864
22 5.813340214561987
33 5.837108281268646
49 8.372002921458469
98 9.66408126717629
47 9.990524665855816
32 10.406883086820121
56 10.756615547988437
46 11.344214883133375
43 13.746098406973626
77 13.793185315383912
36 13.84343087223759
31 14.176862801336757
3 15.12304654072075
28 15.610729684571824
40 15.840571954988445
67 16.21270753274066
66 16.281780300644886
60 16.315591489663397
26 16.69544221354179
27 18.32936799109211
34 18.39554588422526
35 18.568972244710515
81 19.447858940081666
78 20.420385804444347
51 21.449579177037126
58 21.91458478638803
59 22.205392633858033
38 22.899177642261282
39 25.722723688659503
71 26.211570305885314
55 28.4760261601271
93 28.744677298457823
50 29.350401842202444
52 29.514740383487727
70 29.63449941702731
84 30.09995630758783
99 31.024020960843213
72 31.746812753159766
83 31.913208412544208
2 32.64523462028813
100 33.81785241128743
61 34.738277271725686
73 36.692478611623166
96 41.38210969603738
64 46.83256646979304
68 51.97218286549079
82 56.38952617447205
6 59.70846857230889
76 60.56208161395034
89 62.59782376527561
97 66.15505854945732
12 66.96194615833004
86 68.24509005209819
95 72.17623670574623
10 72.62611367342144
91 72.78682773667542
44 79.9093144942373
79 80.62312476487622
7 83.31563090142508
8 85.98778120679508
48 87.0347701187762
5 88.74193308356534
53 106.38486343754232
29 110.24659142992496
65 114.9336923602042
4 130.16400995511776
1 138.73895552928596
90 154.40642595312943
85 283.1402203630413
45 336.72911211587035
87 339.74287497352174
24 914.5510832707149
13 1315.2093247464097
17 1347.9001105608374
21 1511.784259120522
11 1578.0661020742334
69 1604.4222788358816
14 1613.8004046361896
16 1640.490022743203
20 1644.9646126240052
18 1646.4185767759532
19 1678.7585341798283
30 1691.6506365294185
23 1695.3406360535748
25 1725.5156809664497
37 1733.4407588203942
63 1822.1935688203118
41 1831.6268056547226
75 1865.7344964983663
62 1896.6877590048168
57 1910.9761441265505
92 1914.7933437710283
94 1932.0284273448794
54 1954.8378573678933
80 1960.9740988161252
74 1961.8528631628494
88 1978.4707060278781
