96 0.49714856015630904
100 0.9376462946784457
73 1.5192450021364066
99 1.9516664877878
89 2.149441483771964
72 2.1568630751737006
97 2.266243272186441
82 2.275645408506774
93 2.607209757156171
68 2.7677242296781333
76 2.9151728959353878
71 2.959662566223855
84 3.0906602367398226
83 3.1593606802907077
91 3.5633700951918876
86 3.7906121475314998
70 4.615471929990951
95 5.089460816777794
44 5.385014423769936
79 5.54781252141197
50 6.2682794876263355
59 7.073088704872478
52 7.082833005136023
61 7.22542948596099
55 7.546478372208803
51 7.84221046581714
64 8.0127933889709
48 8.058233691771493
78 8.531491478302623
58 8.653531302250952
67 9.236142189688914
53 9.33637983523426
65 9.518125757640876
39 9.975948645710849
66 10.281969408166146
81 10.321722238486794
77 11.719366581460886
34 12.523317698394191
29 12.858379215715226
60 13.901649736247753
38 13.909798681215282
28 14.561900418220509
7 14.737738539212321
40 15.838545783214496
49 16.446786868967912
35 16.507561609771823
27 18.02300881576402
47 18.289149465836463
26 18.417679656825364
31 18.686328148040754
56 18.754744288613914
46 18.958269904767526
43 19.688762853380137
6 19.70753869086931
36 20.524785777410276
90 20.82948656213981
32 20.926947615648324
12 21.91684974665218
8 22.40473395510349
98 22.53281766606222
5 26.21903355833802
10 27.452238800664226
42 29.35822154656355
33 35.69547994170489
22 37.122744627657525
4 37.2498171534801
2 37.701427437539486
85 40.35238020976226
3 49.359515325581604
45 50.85445246405273
9 54.47895071633907
15 56.53738620376526
87 58.64528670599792
1 60.15833033092117
24 88.87299859603239
17 131.5380679487693
16 135.07841541077232
0 140.85572672045416
11 141.38167556045147
20 142.25120073691963
14 142.71741954033553
21 143.48327183307
13 143.7153197656999
18 146.2582465191595
19 149.11846372816032
37 151.0851305264139
23 151.34883877361509
25 152.6186265463567
69 153.66726182352298
30 154.55136096487695
63 165.15888580539715
41 168.44167172697803
75 174.63096680437667
62 180.49709758148308
92 183.5160995788892
57 185.23188606021296
94 188.00240468281598
54 197.33057179329754
80 198.4595036988017
74 198.7356469315714
88 203.01307489828426
