15 12.524544458847235
0 16.26106070307512
9 16.421737369163914
22 27.10630001008602
33 27.472889627762793
42 28.326071981958826
98 42.352383761549
32 44.153938115893475
49 44.265197659925526
47 46.24835298732528
56 47.94152657626165
46 49.65974584234086
3 50.958055556351106
36 53.424213708694985
43 54.52238546133841
31 56.537898513877806
77 60.4677776587343
28 62.654646640190435
26 63.03288329791901
40 63.765200620571434
60 64.44100352627655
35 67.02752697554976
27 67.66139093721482
67 68.7023272593798
34 68.94216604330872
66 70.34538552813022
81 73.70016814430961
78 77.79852975889314
38 81.47456581728332
58 82.50212207119954
51 83.77315417379398
59 87.25727321973226
39 90.2681608917471
2 96.92598384807899
55 99.23401704617102
71 100.81127573743977
50 101.57610284563536
52 104.66160785505645
70 105.08123444890717
93 107.85008525793607
84 110.0531073554479
61 112.64462090389006
83 113.8584809551069
72 115.87281721472617
99 116.21517042607199
100 125.66637393732275
73 134.31325860578326
64 137.1574019148853
96 146.71420173476304
68 158.41026700459904
6 164.63261199513062
12 174.57255482946871
82 177.92076202177347
76 190.22616424091748
89 193.43084991687962
10 196.2903275491404
97 207.92053301952095
86 213.4039357636518
95 214.4476229823699
91 221.95564721837488
5 222.8858435754866
8 226.37915525677906
7 227.8426029921113
44 229.37336954699774
79 243.6533156473106
53 268.0790003591239
1 268.8721387718757
48 273.5417768094387
4 279.1328216723734
29 287.1383980463465
65 308.4704731019824
90 415.2930452254126
85 633.650172392058
45 724.0281652249721
87 752.9470682871776
24 1316.0123238680846
11 1626.9099361730284
17 1669.283282538306
14 1679.866019944188
16 1701.754274053223
20 1732.8047814320057
18 1734.5634070819867
13 1752.9714778371854
21 1759.3237774287281
19 1782.5288110994481
23 1826.9667913863993
25 1858.5304004732054
37 1873.4299569109967
30 1896.178818211311
69 1914.580487714036
63 1995.5735715077967
41 2014.9345358636751
75 2071.1442211238787
62 2103.555692337103
92 2117.6230693511925
57 2149.2842431324125
94 2155.12104735964
80 2252.4883353137334
54 2253.484182741095
74 2259.1606720383597
88 2287.6286295902983
