15 0.28703372068238525
9 0.29272511921381866
22 0.5065556098771323
33 0.533469170434421
42 0.5603778210004279
0 0.8333864971129783
98 1.4075440273622308
49 1.4408496731948683
32 1.50436844269635
47 1.6557576029547347
56 1.79601042978913
46 1.9623366510101015
36 2.3959972872014488
43 2.486326960435935
3 2.608381631120235
31 2.6698133771226322
77 2.756398565056655
28 3.129867631407856
60 3.2571556281466902
26 3.274861218666019
40 3.283905125040807
67 3.5234503864239306
35 3.7049210807798727
27 3.725354406149026
34 3.7544672824104888
66 3.7604170786132194
81 4.18521417434917
78 4.360520291132405
51 5.083998708632327
58 5.097504212405631
38 5.318087651813172
59 5.459655242379834
39 6.316293134593694
71 6.807200602350384
55 7.123851827433225
50 7.323842982390422
70 7.559680056464826
93 7.655770347069995
52 7.726060768914084
84 8.062540800760429
83 8.5059083502766
72 8.59212491938037
99 8.658676709646311
2 8.68443180726621
61 9.179868442708969
100 9.601947558661438
73 10.800666486640111
96 12.282829105937415
64 13.310754555508069
68 14.936262727377093
82 17.70316009894653
6 18.069869377931514
89 19.219008149787687
76 19.516346685954204
12 20.020756076308995
97 21.384884521101423
91 22.529651757051997
86 22.806492407236885
95 24.5916639550739
10 25.28990692948426
44 25.49638898875741
79 27.746195220360267
7 28.985199840781622
8 29.083772431736868
5 29.660348749422305
48 31.155400490796183
53 35.25027597061088
29 36.63818473728135
65 38.35414890730171
4 45.17480872376
1 53.828476509134
90 54.932296890104396
85 103.11617194107758
45 128.30939324858525
87 132.14542377694724
24 340.29256366478154
17 512.1051027641186
11 512.2260567408395
16 523.1213476478199
14 526.4253505524848
20 538.1660908232291
13 541.0397375559075
21 542.8756287275207
18 543.3018629341778
19 554.6687294961686
23 565.5154650879863
37 572.9688464309571
25 573.3693333041402
69 577.698984457271
30 581.5161203162519
63 601.5130248288418
41 608.017120918487
75 622.8109269055892
62 629.8665087237712
92 630.575536971428
94 642.4269295911529
57 649.0694546587281
80 677.7245903177043
74 682.8321466291027
54 687.497476226211
88 689.4357058098254
