8 0.18884416152432876
6 0.7329436595152404
12 1.2475136736907397
5 2.3503875417292472
10 4.459062077766513
7 6.438283213475153
27 9.46055267198305
26 10.498588515669939
4 11.771457721750766
35 13.90373095319095
43 14.960988105692323
38 14.96988310276773
36 15.046335269334637
14 15.73624571917635
22 15.758788892406969
18 15.86281926612465
33 16.324945642786663
40 16.536716835982443
31 17.658946135521
20 17.766403692632952
19 17.930836119048585
11 18.89692610109878
46 19.451002912274756
42 19.55633414517747
13 19.615319799532614
32 19.986644081336262
24 20.240386257852354
56 21.52550100366423
21 21.949220915192853
23 22.812488046980604
2 23.804068675266645
98 24.300341637738004
29 24.454504923023478
28 25.04024449316162
17 25.212485520952026
60 26.035412754658733
16 26.93361838900547
34 27.59099111838346
47 28.125744306328475
64 28.74462886217548
39 29.05279303382049
25 31.08886303146991
78 32.74701531644059
52 33.28795036835573
55 33.64476685621189
15 35.09574142939976
9 35.1788403499229
51 36.83844932089686
61 36.9535931237378
66 38.53369112349271
58 39.45608538305011
81 39.77514971644981
49 39.95771170801782
50 41.273501328339215
59 42.312085323724375
3 43.15735952991863
77 43.38659529535504
53 45.45940550694397
30 45.68829776340471
37 49.72692433255747
67 50.03348290483965
70 51.91332129620696
1 55.16653652794406
44 62.51528543490319
95 64.63075579178917
68 72.2686566554809
83 73.4844694413971
84 74.56737893288015
48 74.90227383292579
76 78.75764604378288
79 83.052746399929
73 83.20892916389833
86 83.49156400006723
82 85.81167519148148
93 86.2235817188964
71 87.55569367520967
72 89.23433020860027
54 92.77777987144539
99 96.24535826440085
69 96.8174974803118
41 102.47400602160496
89 103.40272761694152
65 107.21263625451145
63 111.07354259970245
100 114.19556821683398
57 115.9081300175634
45 116.09299815220776
74 125.80038526632906
75 126.90491134257478
91 129.11027797643007
96 129.86834445196297
80 140.67837734926266
88 146.5971532128311
85 147.35143245993692
97 148.71889195868673
62 157.49304258153305
90 176.17003456056818
94 186.82281889036645
87 186.8436641373999
92 195.20507220410602
0 302.5522935793997
