15 0.5545128197434245
9 0.9707644677821458
0 3.318986269968432
22 3.406113796096959
33 3.647399968937586
42 4.094627518329299
32 8.141644761049553
98 8.32455474238993
49 8.753857838713552
47 9.132487970571681
56 9.493582346602057
3 9.621259746690182
46 9.910677208255231
36 11.157091155681202
43 11.356606853860871
31 12.216864328026086
77 13.556524989218122
26 13.724983909933144
28 14.207884319200092
40 14.243484272315138
60 14.491969663476308
27 15.191926268881195
35 15.205330658032963
34 16.017765504264776
67 16.329344403148124
66 16.974976473913948
81 18.156656180284998
78 18.268135540747313
38 20.29044987488339
51 20.899745702683752
58 21.016356437094014
59 22.354617049195777
39 24.04018398991691
55 27.05342748240318
50 27.26682383478123
2 27.4256848479453
71 27.647052121078524
52 28.41556505671225
70 28.599746816572623
93 30.20326424252522
84 30.95265676908542
61 32.434018040335
83 32.44159091009475
72 33.24796758054028
99 33.600762577594686
100 37.08291761156612
73 39.78779934714362
64 42.239597677831604
96 44.82555444178873
6 53.1672433812681
68 53.3884146369576
82 58.38505754683231
12 62.56411891994687
76 63.021283060187976
89 63.90337611951428
97 70.82872070052744
10 71.68143422521068
91 71.87760890492694
86 72.33134997956957
95 75.11535546678168
44 79.04058032298062
8 81.6683988061845
5 82.443008675793
7 82.9627834473208
79 85.29871927515819
48 96.51215151048619
53 105.91069277344918
29 110.62136668122251
65 120.31661366345985
4 124.3213557981028
1 126.10021373125764
90 164.4892258320208
85 295.41675709599747
45 346.6769919887765
87 358.6055147992821
24 642.4925337606071
13 972.4473628509533
17 976.5071086304788
21 1055.8450632233785
11 1067.8064461496244
14 1097.946159979739
16 1110.6952158713214
20 1125.4770383182783
18 1129.4219780560547
19 1153.9604828054319
23 1173.0244336288035
69 1174.4796859950359
25 1196.309730388088
37 1205.1998753477988
30 1206.0399269815189
63 1276.0149224881402
41 1283.8105772084962
75 1317.7689336704805
62 1340.0948699112546
92 1354.4847746671937
57 1358.8076227391891
94 1370.250497273691
80 1412.3441190036685
54 1413.4618917123694
74 1416.0607644004683
88 1431.9272667862754
