6 0.3937511226742174
12 0.688666001989634
8 1.8112813595796344
5 2.1776521535675433
10 2.5735234401249607
27 3.5678913206916434
26 4.098508892080506
7 4.873000864093369
35 5.223074068423034
38 5.388575692613623
43 6.176146717395912
36 6.248985711090439
40 6.523542233750208
4 7.048489514933041
31 7.064061388503963
46 8.30173549175358
32 8.827269141787484
56 9.246808450520343
28 9.76645383834554
60 10.277223885767146
33 10.327971747405558
22 10.343024044396518
42 10.717797758858813
34 10.787797518122913
98 10.821805126756411
39 11.016670139463828
2 11.258139403627327
64 11.32989122527647
47 12.134810069315847
55 13.3048978395053
78 13.844484325885222
52 13.856892588959711
61 14.399606518240892
51 15.316639657256358
81 15.555899998348353
58 15.686566596856855
66 16.229427457600462
50 16.835512828342953
29 17.429447680420065
59 17.614164099039023
49 17.635344620211978
77 17.945409584121013
67 20.991682711658118
70 21.814955601673336
3 22.245051471372886
9 22.572458909739932
15 23.76130078954998
53 24.231351414544346
1 28.028139507961566
83 30.944373194897118
68 31.397409301297294
95 31.456367750276463
84 31.904895644762274
44 32.60932721417098
93 37.09694462448998
76 37.35711119142399
71 37.453132021915486
24 37.583309104105275
73 38.19681822180324
72 38.49452921147435
82 39.029432944088065
99 41.967515179645396
86 42.032586414914185
79 43.2525598287442
48 43.91677862326316
11 48.13283532881883
89 48.41747232534266
14 49.35205540613079
100 50.704098675647955
18 52.01558691230701
20 53.74322902357796
17 56.19454908439371
19 56.222451957968296
13 57.06680441620865
65 57.47963829611698
21 58.05260436899812
96 58.18299886789846
16 58.51067643044011
23 61.28205697585589
91 64.77383793172092
25 67.47360693597822
97 68.74576075289131
30 77.06669187915354
37 78.03916594520709
45 82.45087399642854
85 93.75754715437483
90 99.8250023149016
69 104.71738604987937
41 114.79501527320542
63 117.31616394665873
87 120.9908618797435
54 121.57855600571709
57 128.50755758846472
75 129.20966696022043
74 139.55663814808275
80 147.12920304373233
62 147.51179117258712
88 151.89649018007077
0 160.5549436621466
94 164.8402885820416
92 167.19319717600385
