15 0.9261725653679049
9 1.603783069391956
0 3.7667198937667368
22 4.463786901708473
42 4.640455436141278
33 4.695955243512082
49 8.901414484741709
32 8.951646602465042
98 9.167137984612298
47 9.744139752233908
56 10.259325685576531
46 10.76455950257157
3 11.905855181263247
36 12.489868663205053
43 12.65546643335456
31 13.59234105523365
77 13.763315826786041
26 15.089852301075473
28 15.094430298509481
60 15.2340343461549
40 15.327781711929804
67 16.476462666231146
27 16.484934540719475
35 16.59204471090873
34 16.89656392924271
66 17.335862884354935
78 18.597443284342642
81 18.80220150261921
51 21.236513587812333
58 21.57910117387967
38 21.602783265603232
59 22.526834791439757
39 25.295466234640212
71 26.86812991804773
55 27.651051424660327
50 27.86547721434264
70 28.74041162205458
52 28.856704434655587
93 29.603775937788264
2 30.296838789211403
84 30.715933360682758
83 31.960581220479277
72 32.327784858397216
99 32.788424512774256
61 33.59769134526871
100 35.714799676538384
73 38.612990025577574
96 43.17357840524352
64 44.34352493535477
68 51.49109359321191
6 55.01307462911349
82 58.08115311463893
89 61.740654876405124
12 61.897506032765854
76 62.44195162998273
97 68.13189070163642
91 68.84522547380885
86 70.91897128590783
10 73.80869695379113
95 75.3228258820649
44 77.32570251592493
8 82.39435041746786
79 82.5943981332236
5 84.57426712002335
7 84.65424374021143
48 92.53266152790471
53 105.47309301352652
29 105.87478963858779
65 111.85875040503366
4 126.26758705291188
1 134.95193932891334
90 152.88726926559457
85 282.05549060734535
45 333.4388898128554
87 336.7671747100217
24 853.6370076710758
17 1151.246331414532
13 1161.6021845518417
21 1235.7098345218512
11 1246.4236536749124
14 1279.7605014944568
16 1294.9229423067368
20 1310.3030740172721
18 1310.9995943772371
19 1340.6417943567503
69 1342.2939532320536
23 1362.5496899903876
30 1384.220377679156
25 1384.402245805785
37 1392.3144200480406
63 1466.1707209846093
41 1475.568576308416
75 1512.232614741358
62 1530.7486874991143
92 1542.9604231492253
57 1556.6354835231257
94 1566.0051817422318
54 1610.2858275913081
80 1611.3358358193952
74 1613.5351523364589
88 1629.06475896789
