53 0.1251211809638985
29 0.18471392317252563
44 0.18814173087903047
79 0.23176769606802133
95 0.2612167476218814
48 0.3135235037967945
86 0.329917613635584
7 0.4149984420159561
65 0.4910862303044571
76 0.5237881530908567
91 0.5470141015854588
89 0.6318751735878088
97 0.6954149649710393
82 0.730085489335953
8 0.8495131755614524
68 1.0729969123740266
5 1.1745515922285852
6 1.4913926739895103
10 1.4914471991296503
12 1.5047612067029938
96 1.578575959161056
64 1.5965785577521772
73 1.660157419496699
4 2.006146102665674
100 2.1315802759340086
90 2.2476567983508655
99 2.3664999085260816
72 2.3854550882920558
83 2.408276958768831
61 2.4272698775873924
84 2.543535409194054
93 2.6943853330686514
52 2.718225375278063
70 2.7369653766018254
50 2.8907871364871593
55 3.006936821598977
71 3.0545299061060724
39 3.4900510583561255
59 3.5894593013643643
51 3.782942609441353
58 3.9294085669797227
38 4.077673011355463
78 4.241363583615195
81 4.573365385587016
66 4.636290582429856
2 4.731855439273468
1 4.731982991310292
67 4.895702184713755
34 4.961940392488491
35 5.1859045922703055
27 5.189924856525189
40 5.297337131417785
60 5.298056482156514
28 5.393584365406609
26 5.506871699690037
77 5.596705734676831
31 5.9859167942118034
85 6.185090877847427
43 6.2285108083637875
36 6.446445622544514
46 6.6629632600342505
56 6.863976508599603
47 7.021752625910959
49 7.240358250534693
32 7.447818909846554
98 7.626487970942887
3 8.443078499224148
45 8.494440682329373
42 9.67061158601867
87 10.056642109809392
33 10.06412033654169
22 10.22332566431868
9 13.109173013205895
15 14.123861316870913
0 21.40958757091783
24 24.238324928878768
17 30.749880540950837
11 31.31916258715169
16 31.755912606656377
14 32.48577059386525
20 33.4968463871514
13 33.80791099411568
21 33.932353507377805
18 34.00681723722105
19 35.05269915318724
23 36.28422560148443
25 37.07204194993725
37 37.4148649258795
30 38.23608888562319
69 38.60282873050742
63 41.370229426124205
41 41.84115237763442
75 44.23318685532815
62 45.25233886343996
92 46.02943152646271
57 46.94185996712209
94 47.46416372576126
54 50.95407279227651
80 50.968836828943886
74 51.144638053036935
88 52.32274434485055
