2 0.1484799950614411
61 0.3487619622681809
52 0.4274027186069131
55 0.4845432171542866
64 0.48547989848330886
50 0.5139866060961389
83 0.5336640363859085
70 0.5387117788066729
84 0.5576536313699089
39 0.5661688063356457
72 0.5783135511153733
99 0.5852462911844052
93 0.6211131954491131
73 0.6336313847857497
100 0.6604434964167003
71 0.7178060035704303
38 0.7296180244478201
59 0.8082009895372367
96 0.8770829410823261
58 0.885223556265209
51 0.9083077959222116
68 0.9396071475046969
6 1.0084541863556165
81 1.1912700164833014
78 1.2079296593652524
27 1.280908263617638
66 1.3138390615331796
12 1.3200070158920378
35 1.34026001288929
34 1.3914587775445582
40 1.506099320110909
82 1.5141208126830945
26 1.5194853613552262
67 1.5256854481648061
60 1.581426461632601
28 1.608315055817211
31 1.8598461943759437
89 1.8994707366249097
76 1.9150119889767583
77 1.97520983615719
43 2.0136851133857765
3 2.063293649428196
36 2.106864111687543
46 2.5092794358816413
97 2.5756974993290416
56 2.7007351741923378
91 2.757650426584889
10 2.797206894763982
86 2.824594241418228
47 2.878031453812278
98 3.0904950651880454
95 3.105719428565746
32 3.112247828590486
49 3.2575126781705452
44 3.275403701401431
5 3.835172058110131
8 3.844652006971784
7 4.003880793275149
79 4.245875473384676
33 4.806493589338614
22 4.890106287416066
42 4.9541095226760055
48 5.685449093776697
53 5.952164288036422
29 6.514916555946312
0 7.107859111097975
9 7.150098783911359
65 7.56399704862775
15 8.181579474329672
4 8.383841766283465
1 11.756859274486759
90 14.556592572878971
85 34.75829058667747
45 46.111960002626795
87 49.421769307269884
24 102.51494641737933
11 171.2638833555238
17 171.64650553200508
16 177.65638209015358
14 177.79849886901798
20 183.45667975520243
13 183.5739507903482
21 185.16577262946495
18 185.44573948484557
19 191.04267316675455
23 196.07349302890063
25 200.06929745585893
37 200.08512002930775
69 202.4201232046916
30 203.99325836273292
63 214.91915711813678
41 218.2065188282173
75 224.87816353335754
62 229.14807650668521
92 229.91039764656628
94 235.30894802588656
57 237.41755380802064
80 251.14112999481668
74 253.25523917818333
54 254.76577635994036
88 256.82462045756
