98 0.19442308036777906
33 0.22380750353297138
32 0.22413514553356292
22 0.23329320549599283
47 0.2462236135151281
49 0.24775045427880443
56 0.2645295412528987
42 0.2923193574798698
46 0.29608215500220153
0 0.3588035969890947
36 0.36260625201081986
43 0.3981972961985291
77 0.41720417133001547
3 0.425734608457188
31 0.43656052548196617
28 0.525511217853554
60 0.5450068279677522
26 0.5705536861334738
40 0.5756112269155241
67 0.6008639356501321
9 0.6409476679500983
34 0.6675774958781382
27 0.6745050096827032
35 0.6777652363096793
66 0.691974891458327
81 0.7921391565109539
15 0.8217372109502536
78 0.8218073292370984
51 1.034608153447144
58 1.0619086155040447
59 1.1358805622037838
38 1.1476309751342963
39 1.4943932724789168
71 1.5158279018558674
55 1.7146765481091357
50 1.7684830573384516
70 1.8018091562172363
93 1.8268026996173528
52 1.8805388265799177
84 1.9959715278361874
83 2.12754906333918
72 2.1567597468573196
99 2.2002753611096115
2 2.3211904872025824
100 2.474885202977816
61 2.496425401888497
73 2.9142350401421653
96 3.4575550737961103
64 4.177356191987877
68 4.748149191171732
82 5.813697870179675
6 5.923756676798641
89 6.216123257087071
76 6.515739949639355
12 6.690054755147924
97 7.191467267292779
91 7.367426042492752
86 7.814737050397559
44 8.898817686979593
95 8.913189294331954
10 9.12777537833085
79 9.875842377353647
8 10.583541607175828
7 10.798864171106711
5 11.050098286599113
48 11.099972058047559
29 13.698239570334167
65 14.324274763755241
53 14.388483233987902
4 19.51223414016331
90 21.4425284898583
1 25.18309271457228
85 47.82473832401524
45 60.41592499683265
87 60.84567922373102
24 185.01582874411446
17 270.2454926290546
11 274.36206787911294
16 278.66406811266603
13 284.0015236144792
14 286.4783363504702
21 287.6463164042955
20 292.94182163097497
18 295.1959410126743
19 301.4469973068396
69 305.56912901819106
23 307.57234504215745
37 310.86674210029497
25 311.56871778540875
30 311.7615457025158
41 324.93584910296204
63 326.4704671453797
75 338.2091609795948
92 340.7673291183377
62 341.1092991571167
94 348.6948604922732
57 352.2537284799811
80 367.34294721209164
74 369.6967787355705
54 372.0729276980946
88 373.3422313080313
