98 0.5992670925587268
33 0.661230194788599
22 0.7597818920928968
42 0.7972818106196012
32 0.8278751986949792
56 1.2016125940574953
47 1.2122929557446402
36 1.2582917537859521
46 1.314452482093164
49 1.5166896135970398
43 1.5313522258798622
31 1.774603136355213
3 1.8007664250977526
26 2.4982716549160493
28 2.776029838993314
40 2.905868718959048
35 2.966117516548588
60 2.998594475664546
27 3.0399530321208013
77 3.0448210771193067
9 3.251849117983646
34 3.592325222324729
15 4.338356009983387
67 4.402576638616009
81 4.556996240291161
66 4.683672001046207
38 5.418487500423856
78 5.625491459993222
58 6.273095784657591
51 6.908729099236531
39 7.250351823102767
59 7.636776487938493
2 7.92832302050951
55 9.28025312067307
50 10.033103722731196
52 10.769920864177726
71 11.190658777846451
70 11.235070896429617
61 11.968524386229477
93 12.829727004032852
84 13.02702923815291
83 13.728473103116484
72 14.64585912711814
99 15.116149587733906
0 15.40161573323009
64 17.368952157340907
100 17.87456646878773
73 19.982881067834704
6 23.340557468374822
96 23.671668474891817
68 24.346039920327453
12 25.11495205160706
82 30.719722316962823
10 33.23548943334408
76 34.67103964282355
89 35.29163690769499
5 38.55963127213403
8 41.12628684528461
97 41.24831736098988
95 41.5608926881035
86 42.43758568005808
7 42.786632732742206
44 44.53912323397628
91 45.12608222918601
79 51.35465408604843
4 53.4907298950378
53 54.94647090323092
1 54.997584705151056
29 60.72857070289718
48 63.538411402194235
65 70.49006161240837
90 110.26871362385305
85 177.77699557180333
45 208.67512315011976
87 225.14305971736994
24 387.42864294003357
11 450.002616741274
17 466.11244496218717
14 469.35646608223686
16 477.76654910012184
18 488.8894091605686
20 489.7871707013534
13 496.9146492272302
21 498.893162005798
19 506.0542988388005
23 523.9466947367147
25 535.4371830801311
37 544.5680108506024
30 551.5082440629516
69 562.6865530422576
63 591.8893313022452
41 596.3498602011035
75 622.3848025277812
62 632.6728684729021
92 641.0214512395257
57 648.2500740402263
94 655.8600670811718
54 685.8631080595218
80 689.9182377759367
74 690.5647698079782
88 702.3140542471463
