64 0.8953616250748266
61 0.9485410487523451
70 0.9564957936311054
50 0.9928831791840365
68 1.0942167349649539
52 1.1150256426992569
83 1.3502541035756306
55 1.4181659007570295
84 1.6281621856944604
59 1.7207501335954398
95 1.9625492352551464
51 1.996227116204753
58 2.2903453828477964
93 2.43308561903388
72 2.468793472775687
78 2.5219163349005203
39 2.6225261291018653
73 2.637993349721125
53 2.6633450010870674
82 2.6896880914641708
76 2.7296814138543866
71 2.7474967050817987
44 2.9611304847846927
99 2.9732301073062892
81 3.2897570977397637
67 3.3249136179214593
66 3.3690120196867013
86 4.157827302100463
29 4.1674932357306975
77 4.501364184354004
34 4.524554023800063
100 4.805538918885103
89 5.15584457992095
7 5.202674094970269
79 5.287636520648477
60 5.4506454764282415
38 5.509020053593964
28 5.90558827028778
96 6.635656769474735
40 6.996324726553896
48 7.10998840975584
49 7.629145362520218
35 7.633392814769663
47 8.677027839680335
56 9.09823344740233
31 9.15219212816352
27 9.229181661330454
46 9.296966964301976
26 9.440768976299765
97 10.10573455568087
43 10.106115450218295
65 10.67973857279417
36 10.814781453121077
32 10.870575233323853
91 11.064307883274068
6 11.703787115915366
98 12.059466244245629
8 12.953840721308753
12 14.166354441212155
5 17.63977381875934
42 17.883073456034076
10 20.068601547239037
33 25.05967110291983
22 26.961766469206832
90 28.502066644709828
4 28.63295989007143
85 33.94483681275239
45 34.42933051239927
24 35.25773649813542
2 35.506206877745015
9 48.638009729005795
15 49.331127937264185
3 49.660358758605
87 49.91347981873759
17 50.053087582745306
16 51.62087281901135
21 55.93488531990071
20 56.06029853594167
13 56.732078232276436
1 57.29254738397594
23 59.55213931252566
25 59.6267000746901
19 59.697383859141134
37 59.81845217769956
18 60.009605419871775
14 60.24189857814952
30 61.08483673114927
11 63.15103122712235
69 66.60668490242269
63 74.24593849772111
41 74.76240009723524
75 81.05152555004496
57 84.50853195314373
54 86.4589524798816
62 88.89325583173219
74 92.22900197678753
80 94.66617131193432
92 96.67098363439824
94 97.34273089670093
88 97.56117876121007
0 182.40946678973341
