90 3.208649782046945
91 4.266935708458253
97 4.4065087266293235
65 5.194360895307445
89 6.6831164459262045
79 7.126253526255817
96 7.21199903163921
48 7.40900669216127
86 7.431627548009053
85 7.977810495722708
76 8.477037470296809
82 8.53792229265369
44 9.049067968338209
100 9.342165004154927
95 9.628023161117337
73 10.209850302700929
87 10.587606925419493
68 10.74365846956169
53 11.2111117613274
99 11.379603734157014
72 11.767118328233538
45 11.91661446271823
93 12.618011054120798
83 13.212969786693373
71 13.240271799189573
84 13.296709418835585
29 14.341939583603516
70 15.65797802820232
50 17.6525778665747
64 18.10445696347841
61 18.19689963748875
52 18.66722556136986
59 18.81424879602942
55 19.172735688111278
51 19.821818419335834
58 20.415728594948266
78 20.86654793318855
67 20.94500384150672
7 20.94538662658801
39 21.693327564504045
81 22.080589062665023
66 22.141882463756556
77 23.42510516990066
34 24.58387025152709
60 26.001247205814334
38 26.132801228665294
28 26.485053297398483
49 27.648407251171623
40 28.10915158283539
35 28.77314327658359
8 28.782627738532472
47 29.642436641542666
6 29.832897357561716
31 30.315056163729526
56 30.330834500982498
27 30.54259048228122
46 30.640381658505053
26 30.78874271905385
43 31.499921830002837
12 31.641604336697036
36 32.17522499482829
32 32.311644298259466
5 32.909244891274376
24 33.03736689352105
98 33.22288087878851
69 34.27102493793809
10 35.21762770092045
63 35.57253944372146
92 35.865560756092655
62 36.53797348010722
41 36.58932619862496
75 37.32068197519429
94 37.52766068693684
17 37.78518702853216
16 38.23023945684817
37 38.71571146406144
42 39.08628675581051
4 39.94234842209199
30 40.18445360841486
57 40.46921226796782
25 42.52652757020329
21 42.7206928311418
80 42.85684077265206
88 43.74658774144189
74 43.84660988075525
13 43.85735160487476
33 44.63522478812729
20 44.947082990382974
23 45.03607816320693
54 46.095369419451615
22 46.12763407162968
19 47.07305475716736
2 48.58344623075941
18 49.4169164223211
14 50.592091907994686
11 53.76151781813763
1 58.13936201835287
3 59.02889683163135
9 60.92288392460547
15 61.618105499931474
0 126.14153267798771
