98 0.26672060880967136
47 0.27080261145823936
56 0.2787497212558948
32 0.2931032746096183
46 0.2995643326146516
49 0.3248497738038793
33 0.3273632928175778
3 0.3650601546298428
22 0.3692727488517633
43 0.4246967254335853
42 0.4420980339470251
36 0.4910606025861476
31 0.5278602193032775
77 0.6242094017620066
26 0.7190118359105828
40 0.720947828360012
28 0.7330455815256914
60 0.7958043417057847
67 0.9288056725575393
27 0.943688098276832
35 0.988735281990136
66 1.020578793836085
34 1.0294624844882831
9 1.2010764292030482
0 1.2820575573656634
78 1.3166553251953863
81 1.3533558107787584
15 1.6556964267955068
51 1.6857575754765652
38 1.739551872975739
58 1.7671386681132812
59 1.9084504831264872
39 2.489084732300005
71 2.791533196531222
55 3.0331551477559695
50 3.0504055007246706
52 3.1857986658410584
70 3.2223079305197593
93 3.3586409408239097
2 3.4582483267721895
84 3.6000539767195674
72 4.005771815527039
99 4.024388361796003
83 4.041613006353379
61 4.489005946073161
100 4.746955517002342
73 5.437818434610972
96 6.650641482317199
64 7.174259071908047
6 9.941931807675486
68 9.9860015862692
82 10.78180899973221
76 11.955626147223708
89 12.337093237635765
12 13.219678792528784
97 14.083941276270883
91 14.180974108030636
86 14.431708018726953
10 15.13353247037726
95 15.711613112765267
44 17.132729624017042
8 18.01348289759172
79 18.033835713144445
7 18.62612891034121
5 19.13089959358559
48 21.148382759446665
29 27.684560543129045
53 27.8572546036636
65 30.382851661025366
1 36.093791129075484
4 36.2121919181993
90 43.90921203855124
85 101.0130047611275
87 118.85499882974315
45 119.8687537919971
24 360.24994107602413
13 510.89530179389595
17 549.7712476859973
21 610.5666031806704
69 690.3532937030441
11 697.499530316182
14 713.6210094517993
18 726.3619977618475
20 728.4194580280233
16 730.485494433046
19 740.2834666982118
30 742.9111516934621
23 746.4843025594655
25 761.7919703022761
37 769.7888987500411
63 810.166937238153
41 810.9119962371843
75 830.0587778596289
57 843.4233513100392
62 843.5130407361659
54 854.0226724499813
92 857.1715715107648
74 861.1708931881049
94 862.3810283106153
80 863.5441257401136
88 868.9405903061962
