97 1.1529646595885494
91 1.2464590058636242
96 2.2517356716450343
89 2.256721812991627
86 3.48166272929983
82 3.70651475568782
76 3.8115601569660478
79 4.071286981904672
100 4.154856032573304
73 4.6336447400946925
44 5.048238040118251
65 5.122485119791608
48 5.387509690237948
68 5.661878873374723
95 5.782638279000752
99 6.267092003059555
72 6.578086298258339
93 7.5431298728830525
83 8.131847435852082
84 8.181081476183236
71 8.31614491406712
53 8.781343302631099
70 10.489011501791998
90 11.241957760495824
29 12.136017804727373
50 12.929319911569078
61 13.90534609265602
64 13.93216986549829
52 13.988462514651397
59 14.466782310625764
55 14.711365300382036
51 15.58084730082812
78 16.683428837527796
58 16.798893313846886
67 18.023141545025922
7 18.064858470782998
39 18.31743612028742
81 19.301820046528462
66 19.315234128478433
77 21.462209705128657
34 22.299237767508306
38 23.654188929018314
60 24.277583404766123
85 25.022223667572995
28 25.03605307231106
40 26.628572693801477
35 27.39901752239275
6 27.44104092032392
8 27.54196506695339
49 27.89766722392229
27 29.244660331616036
26 29.859881319600852
12 29.96767117139433
47 30.24398939542971
31 30.41751021323662
56 30.700472070944823
46 30.954825205889417
43 31.79202913592627
5 32.82306051424374
36 32.86797928909413
45 33.1083158145151
32 33.61150174452565
10 35.51404328663416
98 35.650110321800206
87 37.7384317093713
42 44.36833676270958
4 44.415952515349794
33 52.11441881028981
2 52.48518209834812
22 53.8302430028263
3 67.90591499108176
1 73.05456635344453
24 73.32093345290278
9 74.565186060162
15 77.11586559927797
17 101.76551878135085
16 104.41554388505948
21 113.18796982393842
13 113.90105459036498
20 114.36529696335826
69 115.24430955073761
37 116.21871779349439
14 118.46324969154004
25 119.19539942768134
30 119.22644047916972
11 119.7814701395051
19 119.84868324874448
18 119.99238117058857
23 120.1517048961156
63 122.9134036254879
41 125.0199446433191
75 130.81835742626626
62 133.39978068044118
92 135.31177998289593
57 139.286258657268
94 139.634773624229
80 150.00723410010855
74 150.81712511796013
54 151.3537847314554
88 153.6962550807338
0 176.6363712112878
