90 117.23173281628848
87 119.63967960163474
97 121.15032430204326
92 127.31896047926338
94 134.56830219106078
96 136.90141068916947
85 140.46107085469444
91 146.06316836878392
100 152.19998432205674
62 153.25436231948
89 159.7167872142139
65 161.83247362027478
88 169.01493397832627
99 169.72980317873115
45 170.15719096414418
80 173.5183301979133
72 175.11077671081156
82 175.5747492924646
75 178.26834263643107
93 179.4956365812807
71 179.64825828187347
86 182.24622558140888
73 185.53086610518852
76 185.67454978687687
79 185.95088725499315
74 187.1359993034562
68 190.2258502216972
63 190.8123653291975
84 192.17734575391964
83 192.51526983353978
57 193.5830879381824
69 201.14399375605458
41 201.85477241373545
95 203.5400680009307
48 203.56966910217352
44 210.81747740713976
54 224.70106187991095
70 225.48441071674355
53 232.11875540771172
67 237.23846402710578
50 241.9784416577159
59 246.12651501220654
61 249.01300456126552
58 249.77698618534782
77 250.5959222663119
81 250.8326071527152
51 257.3089944757566
55 257.681463673005
66 260.36553648625784
52 261.55798648053684
64 265.15611450715284
78 266.7338963566632
39 269.8711212462681
49 270.7736707218932
37 273.91074985511653
34 279.62889010407054
30 284.83785446002065
29 286.2069880882531
60 289.10735331293023
28 291.7739720090702
47 295.01596630597396
56 311.23062242642305
98 313.98083873404477
38 318.56545659796524
46 319.09388522480594
32 320.567696738794
40 321.3544023740972
31 321.70442578503935
25 324.60186693161677
16 326.671016529906
35 329.1337840748406
17 329.9125636773503
24 330.32808592120347
43 335.947381071112
36 336.7481797891923
7 345.2658015195008
26 350.82078014974644
27 355.2032776442773
42 355.23072671199014
21 356.1667139951639
23 360.0975084199975
13 371.15067321375744
20 382.08170209187836
19 393.942654573325
33 408.0567523369459
6 423.47439425481195
18 424.5122027921569
22 427.0705493378069
8 427.42410854699165
12 441.9730559954437
14 449.5774856826937
5 464.034396898834
10 480.18977485217954
11 489.4200978045188
4 523.9542622051542
15 542.6832694910328
9 561.0790947054309
2 566.3116564969586
3 620.373057140946
1 660.5735107479164
0 1072.5345493041489
