96 2.2554400135090935
100 3.557209858475118
97 6.791439218405171
99 9.713964835865118
72 14.663081923210134
71 15.669422310060197
93 16.377305890915874
89 16.607101351724058
91 18.27908722803075
73 22.719244862205326
82 22.759023105816485
84 26.442544895721788
83 28.6415639164627
68 32.05615576240725
76 32.06978925572581
65 33.17429032097383
86 33.4037274667762
79 39.36942912051723
90 43.90310420682063
95 48.13679784351238
70 58.83420623265045
44 61.76884696531572
67 63.26888637671322
48 64.07591284646588
85 67.13157667231552
59 77.61117830319225
50 78.76289368064752
77 81.82741162165878
58 84.74941532376155
87 85.73200750782338
53 86.01516713387706
81 87.21108306446656
66 87.47522611014499
61 88.92677884022896
45 89.76957678440297
51 91.86925717157136
55 98.65506120421287
49 99.84965607546472
92 100.36708856542938
52 100.76178888261776
62 102.24337628699148
94 103.9939527156795
78 106.61913515196376
69 108.00055732883081
75 108.65845822439655
63 110.36856414039336
64 111.9799854375079
39 113.58450063193321
41 123.54109592125246
34 124.99942254462773
88 126.11994250304971
80 126.17043452854683
57 128.41208926645774
74 134.20629939845415
60 136.91483466377042
28 140.22745621781124
47 140.32583002648505
29 164.39079747583665
54 164.56284854683636
56 166.96879819141807
98 176.60795568544407
46 179.06636343813895
40 182.74768329404742
38 184.21609986209018
37 186.32583814564313
32 186.39542080117943
31 187.5303929832287
35 201.0321684784356
30 203.41168269370272
43 209.02592538147792
36 213.51341707813026
26 235.9372362694193
42 236.16297363678743
27 244.3342504411885
7 246.70119986160603
16 252.71755798893625
17 255.6720005806375
25 261.0485898226005
24 263.2425504710811
21 306.7476414588736
23 318.5285213550859
13 335.4009212982202
33 338.8361114744099
20 348.6549539372168
19 375.59058893430483
22 376.271069916951
6 383.0257080692655
8 401.5866938399998
12 421.495871166869
18 428.12607285043293
5 473.5906208114817
14 474.3312623233787
10 504.5688915920785
11 552.9100312354014
4 603.5879674077094
15 615.7408823257757
9 655.7521729648722
2 678.8593749067126
3 800.381969727181
1 911.4678956695479
0 1981.8181076927503
