86 0.06558945325963654
91 0.06965882225686063
97 0.10432397065018738
79 0.10484575028695242
44 0.11335039043498689
95 0.17602263209967037
89 0.1959750289120712
76 0.2442986372633178
82 0.40396843773908275
48 0.4357261879154712
53 0.49227358671689286
65 0.6133947510442279
68 0.8597877526078493
29 0.9054460683741965
96 1.0273654939882157
7 1.32036851260163
73 1.417552668862396
100 1.7549480184189983
64 1.9686071209740506
99 2.2038789748404244
72 2.248857937275506
8 2.3387762111582044
83 2.3853473817591704
84 2.5589383776047825
93 2.6503689490552644
6 2.812575088149809
61 2.817040275117443
5 2.9593700288758633
12 2.9600295895501794
70 2.9708720937234525
71 3.0856592226463704
90 3.1545049923383077
52 3.1967915185444506
50 3.2946372898501606
10 3.3459102172090245
55 3.5195573048681372
59 4.158964197101619
39 4.24001811871092
51 4.470836022268131
58 4.635361237350912
4 4.750916695518223
78 5.0820571848161515
38 5.225899802383103
81 5.461022465727976
66 5.636607424210413
67 5.795604111980588
34 6.111632443256814
60 6.603949314377847
35 6.665579338292991
28 6.742380187853979
77 6.755490904182575
40 6.782488368977165
27 6.795893924097072
26 7.190885088230523
2 7.502060550637147
31 7.689884299930684
43 8.083187602182473
36 8.338001926988762
1 8.35786950125016
46 8.53200787160702
56 8.727544037949736
47 8.889912447501839
49 9.017669782876407
32 9.530417121015077
98 9.77444398343915
85 9.867158039558248
3 12.426816842041381
42 12.664248397674568
33 13.442155179194689
45 13.515562890642546
22 13.734202340624325
87 15.420404364444774
9 18.125817811806563
15 19.388642457647723
0 31.67390301051574
24 39.73343874663191
17 52.45783151004044
11 53.0414790441455
16 53.804212186460575
14 54.51462499642065
20 55.69824217279465
18 56.48542456642921
21 56.64211267273913
13 56.78317113671513
19 58.214761878649405
23 59.68769949256069
37 60.60201126169677
25 60.73021548365285
69 61.74300312592264
30 61.9160142595851
63 66.3428732352879
41 67.7099842830425
75 69.92257227724619
62 71.9932682512189
92 72.71022076415788
57 74.21667103277949
94 74.55747792747253
80 79.48957268868152
54 79.55225324912108
74 79.82276444571691
88 81.27851732129102
