9 0.2685435951353843
42 0.34026220852336125
15 0.3602676538834311
22 0.43604324420226465
33 0.43605497273271093
0 0.5417037686189378
49 1.1371867549266939
98 1.4420697285935842
47 1.526784968517323
32 1.601529606569202
56 1.7783104417936624
46 1.952003060794135
43 2.7362994496845374
36 2.7957860505985694
77 2.832863803534142
31 2.9268504702569773
3 3.231793592992717
28 3.4895354907682195
40 3.582498849917814
60 3.716109042535962
67 3.739436808149749
26 3.8404032100922634
66 3.8703101343677466
34 4.495045535137951
27 4.527930477576281
35 4.529358176780918
81 5.003969546611226
78 5.176282454275862
51 5.810851622942964
58 6.052197885499686
59 6.248774400086044
38 6.44488324767766
39 7.731215271438309
71 7.979061203993193
55 9.00021891213213
93 9.068872216197382
50 9.186050466400454
70 9.371260914308559
52 9.40265748281812
84 9.673587690556786
99 10.227833138793926
72 10.489402433058785
83 10.514039219658093
2 11.058856731140523
100 11.557629947221303
61 11.868682580620233
73 12.968602615312097
96 15.086316990270722
64 17.584035266659743
68 20.65036481546323
82 22.871537564145306
6 24.049847243814394
76 25.119190171309207
89 25.995935293480585
97 28.001767367292853
12 28.63951770701444
86 29.149499957902634
91 30.24953810179068
95 31.510125085580434
10 32.072285584898914
44 35.241295708287886
79 36.03771560220524
7 37.67021197661574
8 38.40165211315192
48 39.59931172026496
5 40.62830631575303
53 50.34049758149314
29 52.416942464441384
65 55.275176909682784
4 64.86059364371611
1 69.78326101510119
90 77.55105713793948
85 155.62814860122384
45 188.8363624959838
87 191.1014773422677
24 539.3723492866435
13 804.1509555352528
17 825.6770957038586
21 945.1449475514713
11 984.4343853577735
69 994.9700802882087
14 1007.1011627283834
16 1023.1560131222778
20 1026.6913710633821
18 1028.3772138453887
19 1048.4022498941583
30 1052.7636311117487
23 1058.7266443178294
25 1078.419092131707
37 1083.6538449755642
63 1140.2888300817037
41 1145.9383100636485
75 1168.0386327821923
62 1188.1913767627175
57 1196.8830689179292
92 1200.0801218429358
94 1210.4402952929902
54 1226.4241258668728
80 1229.5260176572478
74 1230.523220226782
88 1241.0771460737265
