97 0.09334982294814462
89 0.29806182203096343
91 0.3110569552065831
86 0.3646511750127926
79 0.4600565409333667
76 0.7745360833977084
44 0.8696955471803743
82 0.9875876232774956
48 1.098085627724523
65 1.0996167027728416
96 1.2141308267473956
95 1.2650229982848324
73 2.099885676467001
68 2.248781990187291
53 2.3158992609610003
100 2.404687796646503
99 3.53587599583944
72 3.684645785030384
29 3.751065169100701
93 4.3670651350739
83 4.46909575075482
84 4.561259082133016
71 5.028322601604693
70 5.856637455316857
90 6.156892936943087
64 7.1131666664514634
50 7.317919897220024
52 7.593161411305283
61 7.7350610004945155
7 7.848875032453452
59 8.44149406589112
55 8.46366449991613
51 9.156452230303971
78 9.990158342064953
58 10.185157265375707
39 10.932785508301071
67 11.28419895722772
66 11.734371561254532
81 12.153266513038352
85 12.461017691826928
8 13.532509140552259
77 13.694258682621365
34 13.981840279045146
38 14.218131366320618
6 14.651840923005413
60 15.206122788193593
45 15.821714546760989
28 15.913779314490814
12 16.196997970163206
40 16.539647479742836
35 17.192841867784953
5 17.234643690067458
27 18.14449184510219
49 18.190506143950195
26 18.730902132797077
10 19.32777107890444
31 19.57605990065351
47 19.72474999901459
56 19.911959225658425
46 19.91685875279808
43 20.39940954619544
87 20.458001327718275
36 21.33264698083156
32 22.064318533274882
98 23.73349430909196
4 24.51314620334211
42 29.592035124166937
2 32.891670191202344
24 35.145673165005675
33 35.18635793515736
22 36.2984934980176
1 43.99502668589203
3 44.49876415350442
9 50.47670036295994
15 52.79077186487047
17 61.397155997851485
16 62.70429522023537
21 67.3471946422488
20 67.87423319742607
13 68.28332145327059
37 68.69868983610083
69 69.14822112081372
30 70.53071297356799
25 70.60040998968131
14 70.97137507066937
23 71.0151122884932
19 71.2305189282706
18 71.58872290906747
11 72.48544226553534
63 74.51247814479697
41 76.11920152456659
75 78.99517721592973
62 82.2431569439715
57 84.04748265032858
92 84.29859788745264
94 86.1738059072615
54 90.39821536266518
80 90.8723636377697
74 90.97432488326159
88 93.18974506788867
0 125.80574955815023
