68 0.3379889916556826
83 0.572310769912853
99 0.6393141360803722
72 0.645548414850838
84 0.6893795979152915
93 0.8016233559466536
70 0.9755942683906625
73 0.9818441614906988
64 0.9843115646159468
100 1.0451869023903708
71 1.054548843204906
82 1.196347198669199
61 1.2951780518494744
50 1.3359909164455925
52 1.3399486929376339
96 1.7265467291239456
76 1.7622434409362258
55 1.769075811581158
95 1.867252401111086
59 2.037935197884049
51 2.3894354700564264
89 2.6781568765865664
7 2.8246732855910532
58 2.8817001049542235
78 2.9912017179682278
39 3.01623857235084
44 3.155581852420192
53 3.2798722569671486
86 3.322520358112525
67 3.8836947913942406
66 3.8895203895420463
81 4.124047810434589
97 4.352135386921003
6 4.511896941062628
29 4.673032333322632
79 4.781828408003422
38 4.813363315165397
8 5.112050438287595
34 5.199452133950605
77 5.421195226829232
12 5.429993968696873
60 6.0107790306788855
28 6.464763780792644
40 6.6713527455094725
5 6.833644855997643
35 7.019216834085381
91 7.302030267024247
27 7.43542114469719
10 7.746752911652644
26 7.971839154572005
48 8.169930430803104
49 8.8987235130572
31 8.97338100722037
65 9.466290781282636
46 9.491388258015515
43 9.554955301229898
56 9.632551051483855
47 9.671518573674735
36 10.319245847926053
32 11.337822582883646
4 12.329969277519165
98 12.74891299098552
2 16.291202231675236
42 17.766678591963245
33 21.995009342937227
22 22.768368589360367
90 24.916582309975478
3 26.018017289997267
1 27.118911719322302
9 34.20160797773654
85 34.70966577039206
15 37.2141124105067
45 38.213013756760986
24 48.11479186891893
87 49.79338349306317
17 84.05425726125779
11 85.36606527015022
16 86.45238014517315
14 87.01697075449034
20 88.79016449351903
18 90.16251936223323
21 90.80190742605512
13 91.07173586344882
19 93.02580794756477
23 95.95857795245047
25 98.52566634786614
37 100.29471560768016
30 102.078986418137
0 102.65725474775545
69 107.4335593747605
63 117.13622277696503
41 118.87784588813895
75 125.16524638714614
57 131.7592535060143
62 132.35669252195666
92 137.6348318839854
54 138.243048957855
94 140.0466985541402
74 142.66608881577662
80 143.93871684077502
88 147.63500962124326
