15 5.250063106788567
9 8.600210953639895
2 22.842171078592305
22 29.06746628062243
3 39.27841168545394
10 40.631455827470255
4 41.365930563281054
33 44.469018023519695
5 51.878352338196684
12 52.04946956297518
6 62.94124761239704
8 76.4821053798099
1 90.1889228576333
27 104.79193866757615
11 105.17728158571421
26 109.94785557470367
42 112.07000826627927
36 123.7601250581954
14 129.59404842410632
43 129.65416435360024
35 139.21000383232425
31 151.05826606146275
18 153.49336049643526
32 154.3720706134979
7 156.6136412007543
38 160.60506359319604
40 160.8195409062842
46 163.28264330466752
98 169.43537259784924
56 177.82359542248182
19 193.81083154875796
20 194.8440450932334
28 213.9537832585334
47 219.0929812894429
13 220.1714795290919
60 221.60067316810736
21 237.28481172955435
34 238.87727875843942
23 243.38660010419818
39 259.1827446496103
17 260.8459564510775
16 272.8621280814351
24 273.0459673380325
64 273.5112149514326
78 291.0871043415648
55 296.0678790639973
29 298.37101122483256
52 298.55384269048085
49 301.47837139745053
25 305.1704508143979
81 313.79198236298083
61 315.02509804006166
51 315.2708094671242
66 320.6948254522204
58 321.932930527156
77 334.3264715801407
50 344.36606472483794
59 347.62482814650633
67 385.5910858377101
30 395.41504937881245
53 399.62608545040683
70 406.9666564865051
37 416.94543051991116
44 491.11232092060044
95 497.4127472793648
68 523.3238603775225
83 523.9080376417094
84 536.1525383497404
76 569.7521534849778
48 572.6430724555928
73 593.117184807776
79 597.901186037505
93 600.3300440714468
82 601.77437038391
86 601.9930967250957
71 605.5970198951499
72 615.6809802760205
99 659.693249499171
69 661.0444093174445
54 666.643320012755
0 673.9131642684418
89 688.4211050001276
41 698.2991234781263
65 718.1938369013735
63 734.7202457516371
100 753.9574750058026
57 768.6624031206367
45 799.8996716978763
75 812.6316460552517
91 819.0031112547512
74 825.196518426582
96 829.0209383662776
80 892.5784190539256
97 915.0394399249902
88 922.0852793162628
85 933.2135299797117
62 956.8851486507584
90 1053.3080374681438
94 1087.1267755787353
87 1122.8676418077532
92 1123.4968629203966
