15 42.499873073673434
9 47.95858332217087
0 57.28102986591279
42 63.67185844290191
22 65.86608327572266
33 66.63106640307792
49 80.2079558779743
32 85.2575335621267
98 85.34151040851741
47 86.5712914080644
56 89.55382777818355
46 92.03608880818228
36 101.0253977135749
43 101.11155547368503
77 101.65436131748959
3 102.09756329931672
31 104.1473441593336
28 109.14149267850144
60 109.9674523552625
40 110.37756543605535
26 111.31993400957039
67 111.3433833695636
66 114.16216624884801
34 116.57972368650947
27 116.85393699191752
35 117.1213198049099
78 121.41709089416109
81 122.11346658809917
51 129.708931337544
58 131.59983223699504
59 133.85125625848903
38 134.80772536047894
39 146.45465234013764
71 146.59639647392916
55 154.0761343424576
50 154.4796410877573
93 155.32184877164
70 155.93405239706667
52 157.230572267715
84 160.03918626190787
83 164.2848089199097
72 164.50376022935043
99 164.59689248634498
2 169.14901117214058
100 172.5335012188572
61 174.25176670918736
73 183.46127084638275
96 196.133161861819
64 210.90693583194212
68 226.1371702602768
82 245.60539437222343
6 246.36078434406213
89 255.87415983612937
76 258.29436836357314
12 268.02091705242304
97 270.74311512550486
91 275.77764808628115
86 281.4917429689125
95 296.1536176781024
10 301.00975341084825
44 304.8350498463502
79 316.2555849348408
8 326.1698622427444
7 329.7930289512719
5 336.5536887930227
48 337.0084106969995
53 385.7886011428831
29 386.51602862653556
65 397.93358064408955
4 457.22064107995436
1 494.70096103981894
90 502.0204534487294
85 837.7308866009149
45 982.922711192337
87 986.4837560769778
24 2462.6998042217374
17 3474.5284647792078
13 3569.337835391449
11 3682.7408310756678
21 3734.516404593021
16 3753.162997465864
14 3763.333804661321
20 3829.463156021753
18 3854.1981870219656
19 3914.7895684449973
69 3935.1725444994404
23 3969.288892615555
30 4014.1308965514004
25 4019.95905323772
37 4027.918966423674
63 4189.62546874358
41 4213.580873148544
75 4305.849383503473
62 4345.025352317569
92 4361.904669532506
94 4420.455816007919
57 4433.558369127603
80 4581.9635927744575
74 4603.537844392532
54 4621.017442351504
88 4640.031445775882
