95 0.7466378987787292
44 0.8316475725580049
76 1.357411872955739
79 1.5792753639810382
68 1.7594020747749268
86 1.7910874797351126
48 2.253435041761271
53 2.350268339941451
82 2.4702850586015552
73 2.8648511914786208
70 3.7131428861379816
83 3.7279337282742673
84 3.8886311775335614
89 4.66677273288012
65 5.378648018383908
72 5.543157662707003
93 5.627914635045692
50 5.889616472420628
71 6.46193818940631
59 6.726677700884843
99 7.353351015255092
61 7.437527038491962
51 8.277606118202703
52 8.316376154832684
55 8.50700872159648
67 8.651219197800458
58 8.850637227037327
64 9.35508015778426
91 9.358118460229942
78 10.145601400571762
66 10.182769710949144
100 10.453799114580203
81 10.891532297230032
77 11.765377811523175
39 12.285348425890222
29 12.351699626652717
69 13.158787936975921
96 13.35998446425165
45 14.131223337264307
34 15.915089326778828
63 16.24860681709489
41 16.399840561144014
49 17.14218801527662
97 17.310636073164314
60 18.880325160281696
37 18.93400682474902
85 19.356446636834182
28 19.637004779782863
75 19.825306642919237
57 20.610666431293257
30 21.782103966247707
54 22.208247734736414
47 22.65322688131597
74 24.284718695209136
38 24.954908128392653
90 25.33331758289395
56 26.14423912179822
40 26.25876380663121
80 26.59437081763016
62 26.82568384863976
46 28.205731111408056
88 28.345411559094547
31 29.439239007422866
35 29.987588588202268
16 30.361391169981733
7 30.436495517565355
17 31.05950663954022
32 31.179392322819336
98 31.692130127759075
25 32.17399286310932
24 32.20057279039589
43 33.6990425231246
87 33.8101659284854
36 35.37214256853141
94 35.393543893886566
26 37.138201787258176
92 37.462977149752774
27 38.54409678140645
21 41.79536356931755
23 44.280676403420955
42 45.36620700116008
13 47.861014287384485
20 51.95007064326522
19 57.78015496462069
6 64.76223068529055
8 66.48107858531024
33 69.54333707435738
18 71.70868567081506
12 74.36342780432315
22 78.3575396614406
14 83.73584937833519
5 85.8883667019309
10 95.12286505210098
11 105.30510292650972
4 121.7773173348648
15 144.39432437763415
2 148.98243340848654
9 152.68401746413647
3 187.08145001527788
1 216.55460424919116
0 573.3230171808399
