79 0.09263601361789439
53 0.10202622556192442
44 0.16876045931442382
65 0.20000818202140763
48 0.20946626584866096
86 0.21532914884668694
95 0.22303203464629243
91 0.2459140788274587
29 0.26703767207303536
97 0.30328298007809257
76 0.4563617757953905
89 0.4574473530433892
7 0.6316492024831896
82 0.6494028902381884
68 1.0932616738177114
8 1.1059371892080831
96 1.3226443785873694
5 1.4441276997698795
73 1.630373318675026
90 1.6407557337409566
10 1.7880263465813793
6 1.8577207459677345
64 1.8654086650271136
12 1.8670075328779876
100 1.9775787325066807
4 2.1412145758388528
99 2.3225021000069623
72 2.37998673607648
83 2.490295930786292
84 2.6213006463750985
61 2.7074046804658747
93 2.716797439326673
70 2.942947266979261
52 3.013932647771239
71 3.0874875588060355
50 3.164059310105489
55 3.3299030577931332
39 3.8676031611012607
59 3.8774669221111635
51 4.110275878501675
58 4.265435062891496
38 4.548064259477686
78 4.618412188615364
1 4.752277531887912
81 4.950484656144385
66 4.989809906240154
67 5.211701739247096
2 5.211860458264782
85 5.313475750700982
34 5.416698913134978
35 5.730561451318522
27 5.752251382034013
60 5.772562079413295
40 5.818180510272499
28 5.881191007319862
77 5.986121659768167
26 6.081392330341653
31 6.5499726206627695
43 6.819132941143184
36 7.057977071082584
46 7.2383045094254665
56 7.43978340997799
45 7.552091185322853
47 7.570349931531033
49 7.718811337184784
32 8.070442197850964
98 8.253643562374316
87 8.921345805916856
3 9.03112784123843
42 10.399655122060949
33 10.856293247553126
22 11.027890917679922
9 13.951240537297897
15 15.02997999174537
24 19.559242589797154
0 21.597480246012307
17 24.378573926258174
11 24.926370471181325
16 25.248891790776952
14 25.915303650677654
20 26.773056953770492
13 27.096359900117186
21 27.167320746497232
18 27.226371153080773
19 28.149520222834592
23 29.226955806438305
25 29.907141125314876
37 30.171708176500537
30 30.908150795200015
69 31.16355339217178
63 33.66884471943565
41 34.15455487842586
75 36.209319380956366
62 37.136493703608366
92 37.77404051714412
57 38.69601541517932
94 39.07543184835822
54 42.31798146498232
80 42.32495080856653
74 42.488829265209304
88 43.526156179681664
