15 0.4276537053089568
9 1.0410262818432863
22 3.4583429774531504
33 3.66817292762932
42 3.7572572406343236
0 4.375670423700816
98 8.754013443085158
49 9.03538312733416
32 9.038979013980871
47 9.92399657404581
56 10.714195365946994
46 11.385498020202311
36 13.284708540328566
3 13.459556155419701
43 13.593329047747812
31 14.486996492393311
77 15.466603563756118
28 16.917296293781487
26 17.276309078866944
60 17.444144978940564
40 17.59123854249716
67 19.136769291347303
35 19.146733645819534
27 19.46713033203925
34 19.64818166294184
66 20.34673205759197
81 21.82783220007612
78 22.557716836651796
58 26.011006768561426
51 26.0598525061037
38 26.188412774547185
59 27.96107792112355
39 30.46540983570856
71 33.890274228080806
55 34.49181223772729
50 34.84443038986405
70 36.717238371171625
52 37.05427584392744
93 37.51148268664868
2 38.89153079549989
84 38.896564646674946
83 41.05729113405431
72 41.70055196860215
99 42.02044835065551
61 42.09382486495641
100 46.834141845939016
73 51.60319906513983
64 56.61037136559894
96 57.14887898937341
68 67.09962230416333
6 75.00131325248931
82 77.47019410836728
12 84.62660425179574
89 84.89554506371756
76 84.9184524376944
97 93.11542380712334
91 97.33253461272089
86 98.2973624122773
10 102.07666466590625
95 102.69902507688958
44 108.42561882757376
8 115.97313180104886
7 116.70766988053315
5 117.36954805157396
79 117.51783849841752
48 134.25256134223073
53 138.94297348756845
29 150.88267821162373
65 159.43308566041463
4 166.58205838665577
1 178.84470315248421
90 224.7628060055285
85 395.43366696319174
45 471.95746665785197
87 490.4708026247485
24 884.9934389649763
11 1226.7096417757405
17 1239.107828015475
16 1264.2443796119976
14 1266.2023548198629
20 1301.5402869454774
18 1312.3086611512117
13 1315.7988913598515
21 1318.0537115332143
19 1344.392177975498
23 1376.380800911957
25 1399.3871140082554
37 1403.806069924802
30 1425.8218683685993
69 1428.3593692400082
63 1487.9314636142456
41 1504.3349904474028
75 1547.3350608625901
62 1569.0155049542475
92 1574.740306097118
94 1605.1330547141677
57 1615.8840918218232
80 1698.612121877914
74 1710.3491982395733
54 1717.8775793273544
88 1730.2239388778003
