96 0.9880292919513681
100 1.2014575301943562
99 2.3943195118670224
72 2.8194291967193066
93 3.4082729695474967
73 3.5146058647730283
89 3.595455908344505
82 3.644019039742386
71 3.7084418351200035
97 3.765908752395664
68 4.152444749561693
83 4.397899719619029
84 4.509066708423753
76 5.110379168094396
91 5.969241506613137
86 6.527578738257901
95 7.824793141410474
70 8.272633853636501
79 8.6471384728254
44 9.343394617798797
50 10.899257458462952
61 11.87435355856975
65 12.096235064511259
59 12.29772839442327
53 13.313688798872192
55 13.374737785663607
67 13.551409031292218
52 13.668775054910284
58 13.713314645843864
48 13.809560329027528
64 13.974535740967385
51 14.147513732781363
81 15.245722057405043
78 15.89646727513272
39 16.52644564818203
66 16.674161693749024
77 16.929215836325437
34 20.35296925101213
60 22.75881897690318
29 22.81092659204273
28 23.504773244193075
49 23.86118601043603
38 25.83302192305971
90 26.236181167918886
47 27.908284051891464
40 28.489828873160917
35 29.69370939246613
56 30.15866095477632
7 30.568242494536097
31 30.682218153418706
46 31.24102839753837
32 33.346074794232
98 33.70244043341163
43 33.77048508060391
26 34.47643287213141
36 34.508481195944164
27 34.702615888310554
85 41.97633614025047
6 46.03083245689972
42 46.473807941850524
8 48.90429836500237
12 50.79477191535566
45 50.929090538966534
5 57.98240496671398
33 59.40270067770032
87 60.64040392884542
10 62.22907595263009
22 63.72486051761729
17 70.55412583069702
16 72.14620157110564
24 73.89803933912503
69 76.29178450520335
4 77.90646614479913
37 77.98294940190985
30 81.48566226563794
21 82.10994088752345
63 83.49970677940368
25 84.31587274258256
20 85.19049813386108
13 85.37793002256053
41 86.0896238102265
2 87.27640218926437
23 88.01187988866083
75 90.39600827581926
19 91.53015857526727
18 95.12984288929044
62 95.49217808761371
14 96.96695875423107
57 98.49856373735568
92 99.50274100886735
94 101.92299747496948
15 102.29261041015806
9 103.46830209329171
11 103.82657569811654
3 108.64419842803457
80 109.19626109744226
54 109.43293994172707
74 109.43431174468402
88 112.90818330558027
1 125.83538215776325
0 298.76209759779766
