90 7.785095300732624
87 8.220672041206244
85 9.122805737811765
45 11.350847653629533
65 12.450165526093565
91 12.75787727456765
97 13.169695668146375
48 14.706708183733104
79 15.215907419513911
89 15.61652178520121
86 15.930070382698792
96 16.597746292667363
44 17.15809313453185
76 17.24897588124847
82 17.513187871745913
95 17.894120745710122
53 18.508272210905893
100 18.77460600364936
73 19.43953325172834
68 19.677370631083345
29 20.398715409020472
92 20.554731357743076
99 20.681502086463066
72 21.01018406355035
94 21.55928336894729
93 21.804076305770952
62 22.068313342213997
83 22.226566132923335
84 22.341514550761225
71 22.391890566688698
63 23.538730483583823
75 23.67460809817703
69 23.780936879537943
41 24.22953353950325
70 24.253110467411517
57 25.409639027605397
80 25.491823052311126
64 25.711591116372173
88 25.720361616447253
50 25.849510518787493
61 26.14873225707473
7 26.173499988253933
52 26.554037939600043
74 26.560884807561703
59 26.918351421691305
55 27.025927330711653
24 27.292651515704815
51 27.694107604282927
58 28.208056833279574
37 28.406071324163342
78 28.507613652180677
67 28.81003576456637
39 29.040769514987726
54 29.094919615108346
30 29.349681066268854
81 29.586427050861555
66 29.665681936064914
17 30.066703609242925
16 30.06926033211704
77 30.75201174764918
34 31.429180774773275
8 31.469443681239134
25 31.679709042067124
38 32.275693833214426
60 32.519179201522675
21 32.82446090007507
28 32.8882275763389
6 33.22404734850492
13 33.639770801511226
23 33.87897521580482
40 33.95101837427169
49 34.04846566595935
12 34.32260289335089
35 34.34414781249125
5 34.37823594420069
20 34.77480744696515
47 35.40293656092097
27 35.507264457968304
31 35.648513621768565
26 35.75961483831846
56 35.81362145150112
19 35.82570298622144
46 35.985956022496154
10 36.160967986927545
43 36.46730295530218
36 36.963474735852174
32 37.242493668430576
98 37.96777985736542
18 37.999174577712935
4 38.3713098927916
14 39.227034986912216
11 41.803580759618626
42 42.15335976289614
33 45.74813735185499
2 46.36472633518237
22 46.66988708530603
1 49.811303241070824
3 53.72988274532521
9 56.037824276202564
15 56.69293085249078
0 93.5829128987174
