9 1.5712157998704679
15 1.6636393841870214
22 1.800928523942051
33 1.8368386483630716
42 2.443310648486247
98 4.449451918116816
3 5.0212574711590365
32 5.040365770428347
47 6.004157471716344
49 6.143102987211235
56 6.2272602153311185
46 6.609792525378313
36 6.630981962808738
43 7.273055529568651
0 7.721175611554604
31 7.818509391866466
26 9.345023372934804
28 9.79146301217659
77 9.928909749617045
40 10.14556213673296
35 10.156724142014921
60 10.204190017823347
27 10.383829124732909
34 11.190093193381726
67 12.367531222108196
81 12.738430104167287
66 13.120875651718734
38 14.381992835760903
78 14.789872098703219
58 15.628770933057414
2 15.699846381316208
51 16.85887505757034
39 16.98508428771147
59 17.951084983578827
55 20.17544423385255
50 21.31522714578896
52 22.523210232628553
71 22.691556834416538
70 23.066016172159895
61 23.638888908538178
93 25.055489250268796
84 25.384602997828527
83 26.415434781352754
72 27.568531933096335
99 28.127757009270624
64 30.24348117992207
100 31.81349566964327
73 35.199217819503566
6 37.083240199530664
12 38.24779301985041
96 39.40888462807425
68 39.61172463806157
10 47.09526793366558
82 47.622593233305835
5 52.68329373084911
76 52.770447261770286
89 53.787806841477334
1 55.929735990394704
8 57.48879220349337
7 59.6463596636097
95 60.11885400774853
97 60.68064421976548
4 62.418167698775584
86 62.448512487920596
44 64.40802093869394
91 66.5054742171239
53 72.48899718962255
79 72.86688562679298
29 81.40815350992553
48 88.48495849728745
65 93.53661604395897
90 138.73575160040906
85 197.2311058201427
45 223.4470997270809
87 245.45153839865847
24 271.4403521924564
11 278.8321006770072
14 295.70226037414477
17 303.83363128253905
18 311.4219754770788
16 312.8263696086978
20 315.55972375841776
13 325.90676079871434
21 326.24699983078864
19 328.45712317009395
23 344.4385794416838
25 355.56627633822455
37 365.44782207966904
30 370.1898469463469
69 385.5876457286986
63 412.64249629303896
41 417.60335481051544
75 437.09947297786397
62 450.37309196423263
57 457.5034625984635
92 459.5367694378189
94 470.0400768389234
54 482.3954673392307
74 490.9543414990685
80 492.4179226202194
88 501.9190494170659
