90 2.8572953461165533
91 5.27853126205258
65 5.631578523949224
97 6.204349139090504
85 6.521349451562296
48 7.305303095411766
79 7.887923749338962
89 8.28408899358816
87 8.300677512102412
86 8.56247147428213
44 9.645225125077753
96 9.655592423997438
45 9.660007643749651
76 9.935761046948471
82 10.355833003197663
95 10.860441228177658
53 11.641949187247489
100 12.075243580913211
73 12.310021025740165
68 12.799388403292566
29 13.279329906393242
99 14.237447916350531
72 14.527388279778654
93 15.480193916220445
83 15.892665631420593
84 15.98577038143948
71 16.23549829651602
70 17.917545723219423
7 19.72418975180234
64 19.7481631369304
50 19.85284802849368
61 20.37450355050313
52 20.535506855836267
55 21.210841225705213
59 21.21305104754837
51 22.067305442132273
78 22.955156634827
58 23.032066374459966
39 23.961656621378484
67 24.08995362882042
66 24.944614082170382
81 24.973667582998214
8 25.889064560926926
77 26.62156835440331
34 27.08660434700645
38 27.689260744565992
6 27.771198546537345
60 28.480615562937324
28 29.006453478600957
12 29.156113933888573
5 29.4843295568239
24 29.67898068905227
40 29.984093197572697
35 30.458858537220184
49 31.131194586762753
27 31.59459637499439
10 31.735136635819405
26 32.0807990936935
31 32.613707158983495
47 32.680073656178536
56 32.93643430073949
46 33.063890999603565
43 33.51401560112213
36 34.25045626913672
32 34.890260894334936
4 35.295702876360856
69 35.73522314389283
98 36.24102996351981
63 37.09799590692326
92 37.418607337045486
41 38.12254841471624
62 38.155790359252066
17 38.52711156513208
75 38.71154278790841
16 38.99669251644806
94 39.00103533542874
37 39.60240813074563
30 40.939875567508544
57 41.76840843531943
42 41.79980559429556
21 42.821970976872926
25 42.90008406781779
13 43.629756119939955
80 43.94226422631958
2 44.61728025337852
20 44.697884499070234
88 44.876107472335946
74 44.90797747047988
23 44.912390152981736
33 46.46632883434536
19 46.56004720439614
54 46.890308508713375
22 47.4665840451484
18 48.49610309040179
14 49.34987504883429
1 51.45006208809497
11 51.94038477911347
3 54.63993387876577
9 59.485098127224724
15 61.089896934332046
0 113.42020603908618
