32 0.2835413506136472
46 0.29771650944358863
56 0.29995846304499135
47 0.3361768817861069
43 0.3813670291044979
49 0.4184944038192307
98 0.4298864306962585
36 0.43474921337356465
3 0.4512429733267219
33 0.5247215731324767
31 0.5331575951595027
22 0.5418345181066228
26 0.6461622906739921
42 0.6548172241894078
40 0.7375635381953864
77 0.7916690658790964
28 0.836525312376806
60 0.8666709745066477
27 0.9002428578908983
35 0.9013625191242249
34 1.0754360710610862
67 1.1480222734338048
66 1.2043936855584814
78 1.3831471729693139
81 1.6236046032678502
9 1.8616043529670978
38 1.8947529587666794
51 1.9554849586305767
58 2.091582445995788
59 2.2989613784633742
15 2.5242329471482963
39 2.84927148930673
0 3.166920701900137
50 3.5465823814867248
55 3.592335653311923
71 3.652412247427787
52 3.795015068843848
70 3.8114088632872454
2 4.119629262036522
93 4.343300377609555
84 4.516817088625966
83 5.043117503271466
61 5.1750836151390445
72 5.240873826617706
99 5.259491720943154
100 6.1778223747584535
73 6.88340390830441
64 8.078945725228781
96 8.654471464239391
6 11.976169831696328
68 12.330821048266293
82 13.23537293968871
76 14.785406537211157
89 15.50582501243815
12 16.04582400610148
91 17.49890220064961
97 18.000360010629233
86 18.13116043330378
10 19.176005952567415
95 19.481805208505374
44 21.12897939352268
8 22.723559343897268
7 23.017795764374103
79 23.146006274085675
5 23.62434352333096
48 27.502856876029032
53 33.122393496425914
29 34.221062809598365
65 38.03631517876689
4 42.836098541157504
1 43.60268824209152
90 55.59096800457582
85 121.16024245659683
45 144.6875800506788
87 147.72121074851762
24 318.33198140902056
13 519.4105585683288
17 577.2275758630063
21 646.4454935549514
11 749.828119300421
69 751.8278492748805
14 767.6552951050313
18 782.2755311591955
20 783.9345119678719
16 790.5682130937538
19 797.2219940494873
23 801.8249511571161
30 813.6103722307276
25 822.2251534627698
37 832.3555132059374
63 881.5861471335262
41 882.0407576475064
75 902.3639536921394
57 915.7080942597358
62 922.8256229572935
54 924.3233848388172
74 934.0700487017842
80 937.0130013567771
92 942.1715214164788
94 943.1428754916485
88 943.5873752890701
