39 0.19975582464419686
38 0.22360901499275784
58 0.2664629737749171
55 0.2705629643966284
81 0.2868945324676285
35 0.3040462439478103
27 0.31137260554607954
59 0.3305742886118425
51 0.335810900184741
50 0.33598611770383563
34 0.33670448634384875
78 0.3772852522666569
26 0.37787850845359566
70 0.3934679192611164
52 0.4035078918449092
28 0.40952533406616815
40 0.41254288605219536
60 0.41824963618797384
2 0.4201668565727839
61 0.42035125270672813
66 0.4380791040716754
71 0.44499962947106975
31 0.4695496576454942
67 0.470332804394278
84 0.48030432503783876
93 0.4914932417566659
36 0.5147052462418266
83 0.5263578201472433
43 0.5408867810276509
72 0.5779642559309744
77 0.5911420351035915
99 0.6084651551950218
3 0.6730805963041541
46 0.7521398181067914
100 0.7658856334895257
56 0.8084097573515677
98 0.907491552875969
47 0.9136069320350683
73 0.9201104761558856
32 0.9427545214972233
64 0.9525314174980685
49 1.1291728582336902
96 1.1784017051855584
68 1.4044460992367112
33 1.7233402218658043
22 1.7638840586355804
42 1.8359851121286674
82 2.032195440584955
6 2.0463006398096217
12 2.39052703503488
76 2.5041147062383886
89 2.5148549114393064
9 2.9804884805908882
97 3.110173227546494
0 3.1197461796775294
86 3.40432315874867
15 3.473138463446749
91 3.480958712527673
95 3.6747605125078286
10 3.689596041994221
44 4.017776144366812
7 4.68712462393727
5 4.748731506231005
79 4.778406804447728
8 4.842245719446803
48 6.148183414675251
53 6.168885526015024
29 7.2105449107905075
65 7.829563573022688
4 8.339360506294845
1 10.11589340874379
90 13.641023839806113
85 29.123537613204455
45 37.429534878496064
87 39.2490386817107
24 89.40240271109731
11 122.68322604932236
17 123.65993638658738
14 127.60208734682978
16 128.63643298527657
13 131.5576004544205
20 132.18297047711627
18 132.57495656033
21 133.26195018018203
19 137.13178917452623
23 141.09550429588302
25 143.74174951677352
37 144.42647423841368
69 145.6044112995283
30 146.59213315296034
63 155.18616870009984
41 157.24922613308473
75 162.62995619009385
62 165.03228770530126
92 165.80621355669493
94 170.1609228165801
57 170.77328712527762
80 180.27166256310514
74 181.12520490765027
54 181.28794847592576
88 183.60886133673722
