90 13.191894165046866
87 14.005371965040899
85 16.36889868697904
97 19.052210449894723
92 19.277467245846367
94 20.474938825089612
91 20.627228587846385
45 20.951717503086538
65 21.406609146379758
62 22.807821303765223
96 24.295726335167036
89 24.65725803965049
75 26.20127004613193
79 26.380312666740686
88 26.50236253461414
86 26.694996638275853
80 26.753278746541504
48 27.183650744153574
63 27.642654586513856
82 28.003047470128603
100 28.04625971661814
76 28.505331639212468
57 28.87998989061446
74 28.887314444903428
69 29.082830190449467
41 29.304321065670027
44 30.256743352401053
95 30.663422649166552
73 31.32443944832661
68 31.505779011094635
99 31.52944182174199
72 32.20443617385776
53 33.52583011238015
93 33.571526999949
71 34.34629694306257
54 34.47929463573627
83 34.77237628200621
84 35.09111771001658
70 39.83961573435181
29 40.066436009188706
37 40.13095032778318
30 41.9683806495601
50 42.848663003870286
61 43.57644872661002
64 44.35304749127117
59 44.71191226641711
52 45.33673234955388
55 45.40017369639354
58 46.36349458188136
67 46.45917649589638
51 46.51255343827439
16 47.95957780409112
81 48.066269036769654
78 48.16663034481804
25 48.182712197056915
24 48.40981684891303
17 48.52096341264183
39 48.71197806876399
66 49.24681321664824
77 49.6617775107742
7 51.86374449955378
34 52.52598866403854
21 52.90094301907262
23 53.76420356065178
60 54.57813871417869
28 55.201282184083595
13 55.21444576331512
49 55.51134403900095
38 56.432974852443316
20 57.42114878565108
47 58.756948531755654
40 58.941749482393384
19 59.270761341706496
35 59.80929491898702
56 60.46221780790388
31 60.74898808130297
46 61.23642166871268
32 62.83522723658939
43 63.02196882508576
98 63.09975008821045
26 63.2831562728858
27 63.34757524463442
36 63.623974203454736
18 64.73863559763886
8 64.81912109828536
6 66.56739793493222
14 68.7327789408354
12 69.32316460092336
5 71.41995458466879
42 71.79014843891268
10 74.98178198716968
11 75.63646810058015
33 80.05086216097513
4 81.80102690176365
22 82.72299126692027
2 94.24186193294318
15 104.52762764220039
9 105.21184128341108
3 107.29941919383904
1 108.12229944681481
0 197.57024229957645
