98 0.1762418709065455
32 0.25041744432352436
33 0.27387871453649026
22 0.2888005987922316
47 0.3013410620776581
56 0.3106876036938349
49 0.3110459039850495
46 0.3626115684835895
42 0.3805568229703983
36 0.41762375485435027
0 0.4444700267401246
43 0.4906564274338641
3 0.5221022952636055
31 0.5400607131162494
77 0.5637061580273975
28 0.7001845625922726
60 0.7372004571458991
26 0.740393351848276
40 0.7670035875157643
67 0.8336718923203732
35 0.8739579278551695
34 0.8768412971263394
27 0.9011120250887995
9 0.9385672542399648
66 0.9734902844530623
81 1.0694525735037888
78 1.125983981042598
15 1.1982857403710232
51 1.4530886626668127
58 1.4678977018972155
38 1.588491158678621
59 1.6256508471331748
39 2.073308972346732
71 2.209544623413318
55 2.449134740901368
50 2.492968638268665
70 2.556839754513806
93 2.6460379312901816
52 2.6914552675131564
84 2.854621891308214
83 3.0478633873257164
72 3.1430638487098124
99 3.2052616149738724
2 3.2785637591396015
61 3.5543153160325334
100 3.5929991344782444
73 4.269482344464824
96 5.0345785666858935
64 5.846677232267591
68 6.86448366211452
82 8.481001170070307
6 8.491058318705397
89 9.151218628405243
76 9.47617694549759
12 9.785629775493364
97 10.588280203605638
91 10.624514630754748
86 11.409944263909443
95 12.886510034483122
44 13.061515865686589
10 13.342089136033266
79 14.568651123617595
8 15.362392805224127
7 15.798986787000642
5 16.278252429522944
48 16.470009102116496
29 20.145545188834692
53 20.591609911119843
65 21.269920103969756
4 28.28519739923266
90 31.757073366693962
1 34.8090589998798
85 71.64134167014414
45 90.17209403398557
87 90.72895415297639
24 264.22214252441813
17 423.0299620446087
11 428.3444610862201
16 433.7666911587013
14 442.76430016485364
13 445.3237570968086
21 449.01003282276736
20 451.71687924378864
18 456.35996963743366
19 464.8681606613671
23 473.5717453042168
69 477.1419260073095
37 478.77792848056527
25 479.66839084697824
30 483.35047300243133
63 500.7767031784357
41 502.2138334074281
75 518.1635858808805
92 522.7358682558358
62 522.8156808083583
94 533.2233970577506
57 539.5888214432647
80 562.4490818677823
74 566.7726437937621
54 571.5251060878526
88 572.1642001898158
