90 2.1421593432922656
87 3.2481399465875063
85 3.5473871117842912
45 5.371515678295984
91 5.480558752463195
65 5.671791442398886
97 6.330918201551981
48 7.44796827215701
79 7.9854009739127125
89 8.251547461456957
86 8.653585301651125
96 9.119610816417874
44 9.752497900881577
76 9.866259250193384
82 10.153511302100778
95 10.762957263429092
100 11.08644768014902
73 11.52935965657994
53 11.614239424122626
68 12.287449263209352
99 12.948727002689902
72 13.215697913910423
29 13.27948889018261
93 13.944836020258048
71 14.459606816399981
84 14.50895953912673
83 14.514239954454712
92 14.812294953829523
94 15.493846311860036
62 15.86770135331315
70 16.293138756764694
75 16.790740386897703
63 16.827474264439108
69 16.85403642584613
41 17.63681683255057
50 18.078854810310133
80 18.33488750236782
57 18.374441696418156
88 18.540710537383283
64 18.664974943061797
52 18.800713133329804
61 18.824229284625037
59 18.96638897647996
74 19.177722547807512
55 19.370330690331343
7 19.486283709436158
51 19.714646566609836
24 19.744956845267733
78 20.344579772363765
58 20.526693657202777
67 20.903477637443384
54 21.271060079672736
37 21.346959314733816
39 21.72449285210208
66 21.89838257025205
81 22.015724839818795
30 22.297381830631924
77 22.972092169346293
34 23.90964404975131
16 23.97346786585341
17 24.08377438357231
25 24.959735206922428
60 24.992905636068294
38 25.108172418536697
28 25.512911435409148
8 25.545848744620912
49 26.32456845824152
40 26.592641577797504
21 26.615773676149384
6 26.97409364816354
35 27.195636222448208
23 27.41119811532081
13 27.615002812199997
47 28.052369176405794
27 28.386636824056627
12 28.43887153989332
56 28.51092129317402
26 28.659594738353814
20 28.730859975368702
31 28.752763335495864
46 28.7553790024566
5 28.97904146387818
43 29.504489534183147
19 29.823455321804477
32 30.087428706357038
36 30.11115880059591
10 31.110995088696068
98 31.210659946301593
18 32.39703118853968
14 34.08619471194668
4 34.37308824135902
42 35.48067084075407
11 37.41702655003879
33 40.07426391786822
22 41.047624678963096
2 42.20574691725741
1 48.8710798052373
3 50.21828614766688
9 51.790989604300265
15 52.61965845450902
0 102.46360773508637
