57 0.282079662478
48 0.292277154087
41 0.306163649607
69 0.307104608485
63 0.331678505558
74 0.386694307909
44 0.419201515406
75 0.691938835945
70 0.827320871768
80 0.903801842653
95 0.919986820413
53 1.06224582051
79 1.08253125576
59 1.11168441111
50 1.11871975768
45 1.1581224743
54 1.17341417662
88 1.21003528134
58 1.40260978713
51 1.472645003
61 1.57067203244
81 1.60110764542
77 1.64686440095
66 1.65046807285
86 1.66993921181
67 1.69722606651
76 1.70572386303
55 1.75567933586
52 1.95758890423
78 2.01063291378
49 2.10738638473
68 2.16418134684
39 2.46787236253
64 2.57587315501
73 2.58189509398
65 2.67816713401
62 2.74082126218
34 2.84238255433
83 2.86278383649
82 3.09469123578
84 3.13360978819
47 3.44754603147
60 3.55089819872
28 3.71947690368
89 4.41393983986
85 4.71855712479
56 5.14360461185
93 5.15711551733
91 5.17343367863
98 5.34024923975
72 5.47325959036
71 5.5077181495
94 5.55690838806
37 5.63202502038
46 6.1640966142
32 6.32736686012
29 6.79033650935
31 6.88132724591
92 7.12847206608
40 7.18427976358
30 7.20517164776
99 7.21483465277
38 7.57672078131
35 8.72463646571
43 8.86904968342
87 8.91344046278
36 9.06643663429
42 9.66339139033
90 9.8553961814
100 10.0736804521
26 12.3311674319
96 12.4113733201
27 13.5263592443
25 13.9228459209
16 13.9973273273
17 14.475943451
97 14.5371606633
24 14.6813495556
7 15.8028850583
33 19.8208803339
21 20.2921798169
23 21.33640594
13 23.7557367355
22 24.725687797
20 26.0449751307
19 29.3797787525
6 33.3044576298
8 35.7821161121
18 36.9157271133
12 38.4532129101
14 43.8801328875
5 45.7982819878
10 49.8618776554
15 55.3788308466
11 55.4591603776
9 63.5526846681
4 63.9864824864
2 74.4970626153
3 90.8177281757
1 109.608152099
0 272.330888038
