6 0.146823206263
8 0.198566831503
22 0.220680661225
12 0.2395061076
18 0.249674760358
19 0.26183212245
20 0.316507602045
33 0.394928547768
13 0.438574309611
14 0.442085574158
5 0.514745855892
23 0.589964476258
21 0.644905442342
10 0.733633235989
7 0.878977406889
27 0.954662230049
11 1.05551111996
26 1.10915077998
24 1.19226264335
17 1.20141757814
16 1.29499809516
25 1.36490318086
15 1.44156724302
42 1.53358393921
36 1.66856800299
43 1.70527441668
4 1.72767517692
35 1.78081650786
9 1.97845926431
38 2.07421955551
40 2.17840805856
31 2.24019051582
32 2.4365963914
46 2.48140538851
2 2.72111481978
30 2.86060045772
29 2.86438652643
98 2.88078125083
56 2.8984842225
37 3.39921148267
28 3.63023523506
60 3.71713691362
47 3.90723537189
34 4.24738013736
64 4.46255449244
3 4.5206589487
39 4.58711812101
78 4.94909889025
52 4.99115019052
55 5.27221401
51 5.63809802212
61 5.77596216518
49 5.90003841626
66 6.008311142
58 6.20175799685
81 6.25432523409
53 6.29528658334
50 6.48328731187
59 6.51399460095
77 6.7450898729
1 6.83097522989
54 6.86303044802
70 7.98170915071
67 7.98480723064
44 8.27461845342
41 8.87117355047
69 8.87446602606
48 8.92766017469
95 9.15779841799
57 9.81851236117
63 10.0231775244
74 10.6148751247
68 10.9780002769
79 10.999333904
76 11.3585446396
83 11.3639855123
75 11.5349009656
86 11.601275561
84 11.7422538174
80 12.3006172777
73 12.3543318384
45 12.4983128716
82 12.7674696575
88 12.9206960491
93 13.6440036621
65 13.7997522006
71 13.8747038833
72 14.0090475785
89 14.7572625717
62 15.0273176627
99 15.1623412269
91 16.824800735
85 16.8664750799
100 17.7763386762
94 18.1950923852
92 19.5029386083
96 19.8106335411
87 20.8720391864
90 21.2529954581
97 21.5991649413
0 34.2442859175
