19 0.136816800173
20 0.150686170263
13 0.221752322206
6 0.230907022819
8 0.31280959871
23 0.34539514842
18 0.347296245609
21 0.407153684497
22 0.469193258419
12 0.471019914518
33 0.670522298204
7 0.76834535292
14 0.779765853261
5 0.980701084851
24 1.00046103697
17 1.02364185084
27 1.07826305855
16 1.1148008454
25 1.15892155859
26 1.28911384365
10 1.38314506274
11 1.88658272459
42 2.07274557628
36 2.12698988174
43 2.1494178383
35 2.16348977544
38 2.51247138516
15 2.57821586035
40 2.66130829025
31 2.89041575006
30 2.92321508739
29 3.0147919057
4 3.02062184414
32 3.16135455433
46 3.17078654017
9 3.42741493101
37 3.59880314733
56 3.72944018667
98 3.90351380195
2 4.59415473693
28 4.66642436439
60 4.7615452657
47 5.15576809678
34 5.4494516104
64 5.62419867167
39 5.88254183748
78 6.10131719149
52 6.20567545821
55 6.63753970368
51 7.08406727639
3 7.33380840381
61 7.42622464077
53 7.68934536272
54 7.77855767442
66 7.79520568457
49 7.85032681864
58 8.02127376964
81 8.2186470996
50 8.25711970558
59 8.28572667575
77 8.91113867535
44 10.1275979729
70 10.173315129
41 10.4745857394
67 10.5324797579
69 10.6111307264
48 10.7202039984
1 10.7922251185
95 11.5917391203
57 11.6177378388
63 12.0068742344
74 12.6251247242
79 13.7579328011
75 13.9362298606
68 14.269659538
76 14.4808691955
86 14.6882567953
80 14.8138855787
83 14.9337928615
45 15.2422501181
84 15.4288081057
88 15.6282419909
73 15.8777361401
82 16.5338989809
65 17.399169942
93 18.0783142408
71 18.4206976413
62 18.5171739232
72 18.5576541043
89 19.0555689948
99 20.1925263818
85 21.1245615763
91 21.3569031903
94 22.6690504667
100 23.6496993622
92 24.460445645
96 26.3307587006
87 26.3391589828
90 27.0395340688
97 28.6316127117
0 50.2615380847
