33 0.161354320986
22 0.231937538284
13 0.348386855931
20 0.35142674227
23 0.366310249187
21 0.367915543109
27 0.36866739733
7 0.389521448682
26 0.449407411426
19 0.451890527687
6 0.554012386783
24 0.589389146179
17 0.590083994612
16 0.646370386917
42 0.68995439893
25 0.696879448209
8 0.708699786132
36 0.785466517979
18 0.794974715634
43 0.810740796645
12 0.867839140997
35 0.870294530171
38 1.07436881195
40 1.14838919508
31 1.18335607811
14 1.28203938705
32 1.32841799463
46 1.3621453289
5 1.44220907871
98 1.66106453365
56 1.67688791298
30 1.685617732
29 1.68651600251
10 1.82301441418
37 2.08348567154
28 2.2507633348
60 2.32110821655
11 2.3509965526
47 2.47098592183
15 2.6809213926
34 2.74963666362
64 2.91980230857
39 3.02660721892
78 3.32695193101
4 3.33159237726
52 3.35673887111
9 3.52437655605
55 3.59462739082
51 3.89911786297
61 4.02009771439
49 4.13274903338
66 4.21575652576
58 4.38442805071
53 4.42992339092
81 4.43730435299
50 4.61906335712
59 4.64343064434
2 4.67445154018
54 4.85226314041
77 4.85747138204
70 5.9122113705
67 5.93385311027
44 6.12269281221
41 6.57550761798
69 6.59574343533
48 6.65781206245
95 6.91711437613
3 6.98364477225
57 7.38449354449
63 7.58277500741
74 8.07318641947
79 8.52101568966
68 8.57695919593
76 8.87553810745
75 8.90595521644
83 8.94202100111
86 9.07314102827
84 9.27737366072
80 9.56004637487
45 9.7706384193
73 9.78269386755
1 9.85911805441
88 10.1116391598
82 10.1714345299
93 11.0172050978
65 11.0272654636
71 11.2334345084
72 11.3511738925
89 11.9683857616
62 12.0310427919
99 12.4145815066
85 13.7406667217
91 13.7882024925
100 14.8251809963
94 14.9090529488
92 16.1228463499
96 16.7146701666
87 17.4008541551
90 17.8080509767
97 18.3710976435
0 41.0952692148
