87 0.140162401135
92 0.148706261287
90 0.175903778119
94 0.230977426713
91 0.317242181048
85 0.341493531564
100 0.588230691159
89 0.595321948616
96 0.616201268867
62 0.707467765159
97 0.717917928113
99 0.721647141738
72 0.802550824943
65 0.83124239316
71 0.848528727525
93 0.870200094541
82 1.00722274389
73 1.13178334679
84 1.28321694336
88 1.39207796587
83 1.39707652714
86 1.41422822323
45 1.42966164679
76 1.47434598067
68 1.54925488309
80 1.63521297451
79 1.71437502988
75 1.85698413108
74 2.4177251123
95 2.43842158755
63 2.58308376686
57 2.85506018937
67 2.94420698174
48 3.10966184605
70 3.11549234802
69 3.18404184745
44 3.28602060863
41 3.3616838572
77 3.80034166973
59 4.19462979275
50 4.22432238092
81 4.24007193572
58 4.35873158589
66 4.49706765938
49 4.52978305503
53 4.72556663687
61 4.78455419196
51 5.09836661699
54 5.24915756472
55 5.48516360971
52 5.84118355155
78 6.02806454253
39 6.11965507155
64 6.3680119214
34 6.58020034656
47 6.89222881854
60 7.31991999619
28 7.46019476266
98 8.58635251925
56 8.7808700911
37 9.65661201538
46 9.66471262355
32 9.74769052091
31 10.1907073835
29 10.5548347234
40 10.6182879406
30 10.8710150507
38 10.9177499955
35 11.7613257459
43 11.7779470423
36 11.8983294516
42 12.1654054261
26 14.2882511566
27 15.0877554485
25 15.4484080189
16 15.4984329833
17 15.7996626168
24 15.9249205056
7 16.6138277874
33 18.7536902326
21 19.3270944614
23 19.936581646
13 21.328541275
22 21.6714490058
20 22.6213280835
19 24.4669161437
6 26.5916732531
8 27.9159461815
18 28.5160910253
12 29.3172901612
14 32.1390505786
5 33.1195727786
10 35.1785925559
15 37.8475453235
11 37.9802874694
9 41.9147356281
4 42.1676819839
2 47.2307936538
3 54.9219265068
1 63.5977183556
0 134.335946856
