33 0.149008710526
22 0.206166851546
13 0.294352497405
20 0.301737242514
23 0.318392549706
21 0.325146095281
7 0.393741787941
19 0.426262303793
27 0.430109798455
26 0.549586285092
6 0.578283446254
24 0.626571978483
17 0.631886912025
16 0.702771272979
25 0.759393366046
8 0.770286890911
18 0.874108323027
42 0.953909754487
12 0.980759722286
36 1.04487565447
43 1.0793902877
35 1.1361613195
38 1.4092903696
14 1.5087488674
40 1.52441493285
31 1.60256156941
5 1.72212051364
32 1.80717770272
46 1.84864513193
30 2.06447555702
29 2.09037209375
10 2.21623612983
56 2.28321658721
98 2.30209251902
37 2.59320758088
11 2.90244924006
28 3.04695135224
60 3.13636601863
15 3.2993158918
47 3.39504769052
34 3.71080591114
64 3.89335151561
39 4.072899598
4 4.18032952174
9 4.40455314962
78 4.41731768094
52 4.46449027282
55 4.7909717609
51 5.20853634241
61 5.38983119369
49 5.67355776419
66 5.72138214194
53 5.80702533262
58 5.90359647132
2 5.92947812983
81 6.00734068128
50 6.17015485344
54 6.18382109562
59 6.21756213766
77 6.6054051483
70 7.87809443876
44 8.00832706016
67 8.04979539168
41 8.47923371557
69 8.54445377027
48 8.65086195794
3 8.93286567115
95 9.15837941688
57 9.51731809753
63 9.81346322186
74 10.4160805884
79 11.2014407774
68 11.4273746035
75 11.5400130832
76 11.7460538292
86 11.9763620254
83 11.9769510091
80 12.3648956482
84 12.439530147
1 12.6881583052
45 12.6887954129
73 13.005772651
88 13.0909485775
82 13.5124406428
65 14.4729675346
93 14.7916716983
71 15.0932638386
72 15.2231328207
62 15.645209684
89 15.8379412892
99 16.6838484231
85 17.9433624522
91 18.1059938177
94 19.4137221097
100 19.8570052929
92 21.0258538838
96 22.3142260148
87 22.7225268898
90 23.3167038189
97 24.4269668252
0 53.4265639999
