97 0.230232443352
96 0.30268460395
90 0.443516808046
100 0.486209922679
87 0.535548724622
92 0.709622257923
99 0.88790536863
91 0.928558901312
94 0.929866453539
85 1.05737217457
72 1.16253590261
89 1.17107145348
71 1.18389058274
93 1.24974945286
62 1.59047121376
65 1.61460660566
82 1.65279518576
73 1.80841433097
84 1.85746722824
83 2.0008996308
86 2.20633608583
76 2.23705171009
68 2.23826402333
88 2.35545683951
45 2.36284124723
79 2.54708486735
80 2.59715906718
75 2.79219314327
95 3.2095631665
74 3.33824235382
63 3.46675544193
67 3.536386879
57 3.72816406085
70 3.80149398118
48 3.91506909943
69 3.99732018766
44 4.04383528933
41 4.16979726969
77 4.35522477984
59 4.76723684952
81 4.78406965576
50 4.80779741663
58 4.90653390605
49 4.98773046638
66 5.00288212156
53 5.30555906868
61 5.30948742078
51 5.56494761398
54 5.79491405719
55 5.9109256297
52 6.22265676223
78 6.35909166944
39 6.45730767923
64 6.69118880847
34 6.8348588326
47 7.09054313009
60 7.46762622452
28 7.57957765196
98 8.54043828671
56 8.65941544048
37 9.34493462567
46 9.38897474372
32 9.46062712005
31 9.83540114033
29 10.0451590241
40 10.1395183472
30 10.2955518656
38 10.3933091155
35 11.0525471494
43 11.090692406
36 11.1887693466
42 11.4282411221
26 13.0166018525
27 13.6255782617
25 13.8178632654
16 13.8586807239
17 14.0937664505
24 14.1930556686
7 14.7411960989
33 16.5892638531
21 16.7459374122
23 17.2014475706
13 18.2443451816
22 18.7709843763
20 19.2118698387
19 20.5638665695
6 22.196942544
8 23.1550430779
18 23.5641630715
12 24.2008315702
14 26.2099952099
5 26.967439944
10 28.4884237475
11 30.4652754226
15 30.6944294901
4 33.5457290051
9 33.5530047431
2 37.2185960869
3 42.7527605914
1 48.9369078704
0 98.7678678517
