5 0.186080881838
10 0.18809194633
12 0.217461408672
14 0.238085786059
11 0.262511098539
15 0.263952488836
8 0.288629341675
6 0.308791191313
18 0.323299354095
4 0.37502845884
9 0.385787552367
22 0.426944601088
19 0.553738672316
2 0.617395662231
33 0.65047655733
20 0.67196335425
13 0.812654010381
23 0.972966844149
21 1.03238133692
3 1.18380490912
7 1.24815452359
27 1.28424358475
26 1.40338185917
24 1.50483496837
17 1.51734827994
16 1.58995838678
25 1.63772560027
42 1.65577423483
36 1.77547434691
43 1.82008125336
35 1.8889069708
1 2.02624294739
38 2.09936074136
31 2.17238068181
40 2.19374535848
32 2.30617298346
46 2.36927038743
98 2.53783612079
56 2.65020013838
29 2.68450517741
30 2.70603922833
37 3.06446943527
28 3.12039559962
60 3.17514935797
47 3.2884006187
34 3.51257299782
64 3.62981376473
39 3.71201486794
52 4.03297917521
78 4.03375938606
55 4.17815678873
61 4.43364802922
51 4.4587757946
49 4.57644137803
66 4.67810331168
81 4.72101325468
58 4.73428250199
53 4.81516982239
50 4.9153403342
59 4.9887409969
77 5.05722786807
54 5.22616541581
67 5.83941380099
70 5.85064826289
44 6.02102570811
69 6.42674141964
41 6.42991879843
48 6.45608356693
95 6.51753205239
57 6.98824591622
63 7.10633063308
74 7.4449815985
68 7.50189201018
79 7.64178334119
83 7.74425983765
76 7.80857332643
86 7.95282505265
75 7.98414578908
84 8.00757985315
80 8.42047530945
73 8.46612575449
45 8.52920742754
82 8.57871337501
88 8.77285212356
93 9.09679664387
65 9.21600188424
71 9.244428896
72 9.28142968688
89 9.71627516636
99 9.96440460904
62 9.97404863281
91 10.9685142559
85 10.9829823956
100 11.4499499147
94 11.7581456447
92 12.4804542176
96 12.5408824792
87 13.2252753792
0 13.29254803
90 13.391658408
97 13.4410821047
