97 7.7266111513
96 8.92877530504
90 9.72388944003
87 10.3487665919
100 10.5340198054
92 11.7019110074
99 13.0335715657
94 13.1341880971
91 13.5517726427
85 14.0367839687
72 14.5903941753
71 14.6879762682
89 14.861738546
93 15.0284554567
62 16.7035237274
65 16.9961984252
82 17.1038350634
84 17.8529201392
73 17.8707588281
83 18.4212964681
68 19.4792816743
86 19.5197148459
76 19.6568819693
88 20.041370509
45 20.1433304447
79 20.9413153754
80 21.0423336715
75 21.8576451169
95 23.2728022313
74 23.9020389931
67 24.1068287244
63 24.41229153
57 25.3651188836
70 25.4470434482
48 26.0630184197
69 26.306282564
44 26.4593822498
77 26.8704987118
41 26.9211601254
81 28.3553298209
59 28.6267619829
50 28.7553220283
49 28.7692559719
58 28.9103372124
66 29.081637456
61 30.1809503527
53 30.5101438133
51 31.254631632
55 32.3151641697
54 32.3223085709
52 33.2819394529
39 33.7559049838
78 33.8578271038
64 34.505163289
34 34.9291834736
47 35.3657297407
60 36.7307830159
28 37.0561392436
98 39.3761736491
56 40.1920797643
46 42.2520423077
32 42.4132522842
37 42.974259132
31 43.4241263644
40 44.5865320988
29 44.9628336127
38 45.2948731411
30 45.6883528736
43 47.021762109
35 47.1400709122
36 47.2795938206
42 47.5536779293
26 52.5422792023
27 54.2249911831
25 55.3026238815
16 55.3872761124
17 55.9800091911
24 56.2288051305
7 57.522645001
33 61.1214181548
21 62.9441731126
23 64.1170724512
13 66.7546736971
22 66.8368940095
20 69.1739201176
19 72.6193813456
6 76.3882210191
8 78.8019609699
18 79.923467541
12 81.2887741278
14 86.3303159153
5 87.9881547206
10 91.5246039929
15 95.8007086036
11 96.3759134842
9 102.755285323
4 103.379965948
2 111.733125752
3 124.184118208
1 137.93871257
0 243.224733876
