60 0.111423154098
28 0.115135753763
34 0.120781275206
47 0.134953366604
64 0.144006974733
39 0.147043277478
78 0.163558249645
56 0.170815790072
52 0.171417586965
55 0.204633332589
98 0.225575962104
46 0.242901271496
51 0.248580456474
32 0.263389997291
61 0.297649034224
31 0.313322204971
40 0.324099624495
66 0.346668174534
58 0.367145808641
38 0.368682004133
37 0.370036104322
49 0.373331973053
53 0.386665427532
81 0.402569825776
50 0.407370487997
29 0.408270061473
59 0.408747634671
30 0.476702761329
35 0.481005808476
43 0.505659417423
77 0.518135271386
36 0.531671893644
54 0.616697085956
42 0.62996085412
70 0.749246081217
44 0.824038424851
67 0.831075524699
26 0.900858647084
69 1.00732043454
48 1.01328795556
41 1.02221859137
27 1.05285292188
95 1.09042643102
16 1.15432283763
25 1.1586512226
17 1.21151329279
24 1.24526918115
57 1.29272808168
63 1.34066931145
7 1.3644027637
74 1.53750215209
79 1.65380917204
68 1.73076201124
76 1.80859868823
75 1.82483156775
86 1.88730681736
83 1.90659096926
21 2.00020238111
84 2.04792477903
33 2.08812539875
80 2.09375057676
23 2.15447698166
45 2.16074678086
73 2.19249109158
88 2.31661717723
82 2.37305277184
13 2.51109491826
65 2.68711559149
93 2.84196360176
22 2.84273931961
20 2.85632343631
71 2.94832120435
72 2.9912341912
62 3.12885007024
89 3.14796396611
19 3.37228845666
99 3.53634944743
85 3.9230224728
91 3.9375568732
6 4.04238065433
8 4.44679900301
94 4.47384273417
18 4.6171845011
100 4.70327312214
12 4.91080862043
92 5.07983487165
96 5.64676869641
87 5.73593621438
14 5.80632289696
90 5.95874042613
5 6.17955334442
97 6.49287021115
10 6.92612567745
11 7.88197516392
15 8.26270646055
4 9.51564510549
9 9.68455163611
2 11.5446342014
3 14.7472747005
1 18.482578957
0 53.0424652131
