44 0.206666930162
48 0.218183082162
41 0.226122754429
69 0.226667850368
53 0.230492578731
59 0.244430790751
50 0.249562970257
54 0.250843562715
70 0.255115557105
51 0.268434335599
57 0.280757649288
58 0.293789751602
63 0.298923217329
55 0.310308427285
61 0.314080894372
78 0.320446378629
66 0.327584526506
52 0.32980425276
95 0.33187503667
81 0.337070642555
74 0.349010435409
77 0.355454182213
67 0.397311224549
49 0.412466389111
39 0.430237268603
64 0.442314905733
75 0.452714620747
79 0.459389259778
34 0.480972016774
80 0.542284822758
76 0.571852257747
86 0.58227512748
45 0.588300862851
60 0.592440244954
47 0.603068541173
68 0.616483892364
28 0.621871023696
88 0.632664659819
83 0.732063747336
73 0.752223789928
84 0.791245039198
37 0.819646791247
56 0.850762113901
82 0.864387203454
65 0.892016249621
98 0.94243264254
29 0.992366651061
62 1.01437934863
46 1.01731586411
32 1.05445900044
30 1.0545481799
40 1.14872276275
31 1.1504378186
89 1.20002225702
93 1.20205613919
38 1.21475357741
71 1.26689695292
72 1.27215792513
35 1.40198189511
85 1.4454542336
43 1.46227005044
91 1.48850394652
36 1.50049475045
99 1.59473393979
42 1.66179050305
94 1.69245144683
26 1.98637091374
92 2.0332259619
25 2.11932726723
16 2.13648242509
27 2.17382203219
100 2.20801576481
17 2.22076155053
24 2.25690696825
87 2.41261050902
7 2.474223393
90 2.57379013962
96 2.72275578201
21 3.17383786209
97 3.19206634476
23 3.34675558499
33 3.43812536248
13 3.75857437382
20 4.15341774472
22 4.25456014951
19 4.70533406417
6 5.45502308534
8 5.86263417821
18 6.02230042888
12 6.34664237081
14 7.22892099533
5 7.61237401066
10 8.35021519931
11 9.27233338407
15 9.64098071533
4 10.8410861733
9 10.9950878888
2 12.7482347549
3 15.7031332361
1 19.0873233936
0 49.055387051
