100 0.171098181085
99 0.225104620183
96 0.310422399343
72 0.359501802082
71 0.38407189368
89 0.405719920166
93 0.42099960232
91 0.443421702197
97 0.550351124742
85 0.589884512868
92 0.650862590694
90 0.675227011285
94 0.676052279793
87 0.707254639218
82 0.722227705267
65 0.787328983456
73 0.880469393686
84 0.897873103441
62 0.950236821966
83 1.02260049395
68 1.23898142418
86 1.24254999675
76 1.25612032655
45 1.54111693205
79 1.59087777183
88 1.60004460046
80 1.81902929376
75 1.95926562687
95 2.24961265937
74 2.54949591399
63 2.63787589581
67 2.6922638943
70 2.93246628262
57 2.95412853319
48 3.1070200114
69 3.19824253491
44 3.20975569156
41 3.42335599777
77 3.66901602765
59 4.10231432938
50 4.14027352103
81 4.17282522795
58 4.29482412879
66 4.45073260746
49 4.50714163229
53 4.71734992224
61 4.78247102258
51 5.09197265954
54 5.37882405566
55 5.52566383675
52 5.92190208792
78 6.09518683012
39 6.27695329252
64 6.55153020193
34 6.78701205794
47 7.21677839803
60 7.64298334552
28 7.80268891233
98 9.24693574211
56 9.29623229184
37 9.99105579527
46 10.2995411463
32 10.4209733189
31 10.9342384882
29 10.9531738054
40 11.2757594094
30 11.2911111136
38 11.6131461531
35 12.5542546703
43 12.6743479255
36 12.824584705
42 13.2981529968
26 15.3363112484
27 16.1934824128
25 16.2529875372
16 16.3209020604
17 16.6662143862
24 16.808639545
7 17.6560457076
21 20.5061200134
33 20.8372862158
23 21.1699320903
13 22.7136028407
22 24.0303629145
20 24.161189023
19 26.1583217003
6 28.7291114095
8 30.1397677368
18 30.7053498065
12 31.7661708065
14 34.7350029797
5 35.9659138435
10 38.338770994
11 41.3043167079
15 42.2486039514
4 46.183639808
9 46.5615630159
2 52.0070956954
3 60.8029825182
1 70.6391549761
0 152.322040318
