0 0.0279735541461
1 0.992276905692
3 1.24649162968
2 1.57533140677
9 1.59837762359
15 1.697563517
4 1.87091651495
11 2.18522386488
10 2.23931413501
5 2.39842229172
14 2.56103988806
12 2.59906620104
22 2.62423519678
8 2.76375550897
6 2.78813885457
33 2.8029169673
18 2.81618007234
19 3.17939200175
20 3.29544600031
13 3.45258766055
42 3.46229369277
27 3.50455731886
26 3.55642139096
23 3.59947591521
21 3.63668216727
36 3.65959149898
7 3.69371785971
43 3.70000282905
35 3.80995551982
31 3.85685604183
32 3.89253359838
98 3.90689892381
38 3.95229702554
46 3.95602025409
40 3.95956287703
17 3.9615546269
24 3.96837867689
16 4.02104941386
56 4.07400657022
25 4.0843073356
47 4.29797137445
28 4.32567699177
60 4.36766081436
34 4.52594829902
29 4.63764433046
39 4.64706471769
30 4.70443978578
64 4.70530963006
49 4.77738883083
37 4.87731190686
52 4.89726036887
78 4.89793397011
55 4.92317750172
81 4.96378060956
66 4.96992548121
61 4.98317446446
51 5.02537142946
58 5.0405783162
77 5.04414859169
59 5.20906696852
50 5.21003662134
67 5.35349037978
53 5.42192656895
70 5.58749878956
44 5.96705344907
95 5.98509084714
54 5.98571966298
83 6.16261507771
68 6.19399458061
84 6.23982484609
48 6.27434274785
69 6.30904404516
41 6.39092366079
76 6.44723979328
79 6.5226616658
93 6.54811323895
71 6.5615793479
73 6.56918371372
86 6.575532905
82 6.62081187298
63 6.62382241839
72 6.63094500452
57 6.65603303855
99 6.80258855945
74 6.84990543614
75 6.97204260056
89 7.06946173674
65 7.12529666357
45 7.14276320366
80 7.20803306949
100 7.29873909232
88 7.33330255215
62 7.67110630378
91 7.68423314279
96 7.68830402645
85 7.91430994565
97 8.08023038087
94 8.27493094686
92 8.47691228351
90 8.62913647553
87 8.6828520078
