56 0.0867707139662
46 0.0882397676196
32 0.0909129802718
31 0.091925754491
28 0.0954768898507
98 0.0962720445464
60 0.0967358465715
40 0.101761595889
38 0.107202339022
64 0.109788893658
34 0.109868072361
78 0.113923012743
47 0.119874223855
43 0.120862095858
39 0.122360289221
42 0.12260631739
52 0.122779961307
36 0.125237508637
37 0.12584925448
35 0.129005843639
55 0.134918244378
29 0.140864436851
54 0.147454494794
51 0.154340424487
30 0.154879313352
53 0.15886989985
61 0.182608793836
50 0.205226874561
26 0.213765318226
59 0.214409797523
58 0.215049209796
66 0.226393815003
81 0.240537628601
41 0.241251571011
44 0.249101633221
27 0.249380626721
69 0.256403460627
49 0.261443333067
48 0.264196946026
57 0.286913121853
77 0.298014197261
70 0.29807719696
63 0.316484514059
16 0.322209062249
25 0.328122742008
17 0.333172811747
74 0.334723775183
24 0.342660233196
7 0.351143945711
33 0.371601545695
95 0.383535127196
67 0.401141051726
75 0.416254600331
80 0.452250852409
79 0.471712733142
45 0.497825709475
88 0.501179239114
21 0.531917662022
22 0.545188638735
76 0.547416313069
86 0.550300451927
23 0.572004436074
68 0.584830377025
13 0.656295277458
73 0.673210105612
83 0.678125983697
65 0.697697869544
62 0.705586481018
84 0.714723636434
82 0.726845249861
20 0.732205382004
19 0.867696829894
89 0.886065049974
85 0.922007356906
93 0.959855410822
91 0.966258664211
6 0.972520790726
72 0.994316100899
71 1.00174548539
94 1.00233867669
8 1.08561810622
18 1.15134571744
92 1.15315316098
12 1.1789900973
99 1.18676597106
87 1.31593699468
90 1.39723890048
14 1.43422981759
100 1.4675910259
5 1.48756392835
10 1.64396219842
96 1.6733573603
15 1.75377472936
97 1.85445575848
11 1.91454682699
9 2.14087785655
4 2.24698141001
2 2.69033188643
3 3.41799123535
1 4.25946156465
0 11.9727795492
