97 0.716437734102
90 0.839278303538
87 1.00275662966
96 1.01086954904
92 1.4320549574
100 1.4960458111
94 1.95021273652
91 2.16225289705
85 2.33172284287
99 2.39628708097
89 2.82375744603
72 2.94468200674
71 3.01995014679
93 3.14201144915
62 3.4812995071
65 3.68695883095
82 3.88665025287
73 4.24138108762
84 4.37831104583
83 4.65247700654
86 4.99080779037
76 5.08689350575
68 5.10360473164
88 5.11919914709
45 5.18538520807
80 5.64273275885
79 5.69338369246
75 6.09232149051
95 7.05917329049
74 7.21801408124
63 7.5234877223
67 7.78954643929
57 8.05470262718
70 8.33540725973
48 8.50169133779
69 8.63937910007
44 8.78137393695
41 8.98391614857
77 9.39650962533
81 10.2340708677
59 10.2730404149
50 10.3322585991
58 10.5063177653
49 10.6371916663
66 10.6907757197
61 11.2651836814
53 11.30153576
51 11.8787229788
54 12.3129333208
55 12.5403603265
52 13.1543573986
78 13.4990673918
39 13.5464307579
64 13.9888494083
34 14.3186767814
47 14.7407983723
60 15.5290348351
28 15.7523320159
98 17.466028757
56 17.8846820518
46 19.2961557652
32 19.4194716207
37 19.4806252742
31 20.1145876587
40 20.8497887652
29 20.8851284497
38 21.3240878633
30 21.3848778927
43 22.6205539402
35 22.6380639353
36 22.8055089413
42 23.1382656046
26 26.5241879881
27 27.7449884348
25 28.3724463587
16 28.4446243093
17 28.8927690786
24 29.0783754914
7 30.0892462141
33 33.1001296258
21 34.1366709256
23 35.0329718087
13 37.0691515205
22 37.4246579788
20 38.9512092833
19 41.6317351383
6 44.6701730518
8 46.5722166362
18 47.4399116619
12 48.5718279023
14 52.5949475236
5 53.9722071498
10 56.8704332733
15 60.5544228513
11 60.8184705051
9 66.2659049171
4 66.6572762889
2 73.6808317576
3 84.2678727631
1 96.1143061276
0 190.600259864
