67 0.295587656838
70 0.341198492889
77 0.433883568961
95 0.440151771157
59 0.483820535486
50 0.505437166355
58 0.537766136829
81 0.538198207995
68 0.572036989851
66 0.580845427146
83 0.600455835
44 0.624081518811
49 0.670267970784
84 0.6720408086
61 0.678398684473
51 0.723514367623
76 0.732792960358
53 0.743689006499
79 0.803142715499
86 0.853086823364
48 0.858551831693
55 0.862141513381
73 0.902720715566
69 0.910708326496
52 0.983023658261
82 0.99155480621
78 1.02535263133
41 1.0620207735
63 1.08907710315
39 1.1442202023
93 1.15994728046
57 1.21317436701
71 1.22482821414
64 1.23940888355
72 1.27764314507
34 1.32707222764
74 1.34529856884
75 1.36083872974
54 1.38150602572
45 1.52656049009
65 1.5392000539
47 1.58653703543
89 1.65055214956
80 1.66051071373
99 1.67244302794
60 1.67416459308
28 1.74737696451
88 1.81174252774
62 2.32228186203
56 2.41335892905
98 2.58945090388
91 2.65149609916
37 2.66904500143
100 2.72116186605
85 2.87551794589
46 2.87703366815
32 2.98001709843
29 3.038073984
31 3.22196140005
30 3.22964343963
40 3.25193210636
38 3.41899923707
94 3.59444677998
96 3.66834031372
35 3.90052040724
43 4.04852258163
36 4.1525443406
92 4.15408326834
42 4.58102487594
97 4.61689357366
87 4.78859565987
90 4.86994471907
26 5.33154228922
25 5.64047786049
16 5.66608289485
27 5.77427962174
17 5.85234333882
24 5.93862080497
7 6.41727740034
21 7.96815246939
23 8.34764072634
33 8.95499508025
13 9.24815863414
20 10.1156909885
22 10.818425381
19 11.3030884037
6 13.0355242568
8 13.8787021005
18 14.17047304
12 14.9778012492
14 16.7701831157
5 17.6796158339
10 19.3114466426
11 21.173056284
15 22.8383864481
4 24.6665711943
9 25.571115826
2 28.8702175721
3 35.2753098121
1 42.4548458472
0 106.723196812
