22 0.145821381792
33 0.218308570308
6 0.284406420724
12 0.324704021903
8 0.340507356284
18 0.412768552911
19 0.472984566839
5 0.478681774192
14 0.490188082403
20 0.501224143806
10 0.577717243703
13 0.60045941006
27 0.649284245027
23 0.704934946578
26 0.721842837093
21 0.729849265252
7 0.772231201229
11 0.785452818191
42 0.809162637325
15 0.847819464244
36 0.962440562438
43 0.991806119337
17 1.05089974554
24 1.05689280993
35 1.08082773119
4 1.10167642803
16 1.1175399433
9 1.15461343766
25 1.18645431468
38 1.26366618516
31 1.26617114198
40 1.29489871275
32 1.35303861005
46 1.39917755518
98 1.5274949812
2 1.60538892979
56 1.61808764625
29 2.01620160187
28 2.04725593627
30 2.08358417592
60 2.10433326257
47 2.12436694262
37 2.392361341
34 2.40539558653
3 2.57564093316
39 2.61987274552
64 2.62210139989
78 2.91232731505
52 2.93574386173
55 3.06921194874
49 3.18478953767
51 3.26553231676
61 3.31080258446
66 3.35606825198
81 3.47454744741
58 3.50340166283
77 3.70715363517
59 3.73593902093
50 3.73668613701
53 3.8474855375
1 3.85479305005
67 4.4076627462
54 4.53184219078
70 4.60029165636
44 5.02756299693
95 5.38702328938
48 5.52511357579
69 5.56260525979
41 5.63284022971
57 6.22868441498
63 6.27864358568
68 6.28422700541
83 6.40155046284
79 6.55265610201
84 6.60270892242
76 6.63233082927
74 6.70592463976
86 6.83130555335
73 7.10850212671
75 7.17491665683
82 7.34729860338
93 7.61777470803
80 7.68521818549
45 7.70493587537
71 7.7230962835
72 7.83877306347
88 8.04167373258
65 8.20143596792
99 8.43814937899
89 8.53650596243
62 9.18970866825
91 9.90305161688
100 9.93389948719
85 10.1528635297
94 11.0271706185
96 11.1266534943
92 11.7485366544
97 12.239183756
87 12.5010345183
90 12.5961666859
0 19.1114040927
