97 0.773670249905
96 1.19733712015
90 1.85356068753
100 1.91280971585
87 2.20418567324
92 2.84870608136
99 3.24168411675
94 3.60461039271
91 3.61070403133
85 3.98582766689
72 4.12693720425
71 4.20507633119
89 4.25249970368
93 4.40696833368
65 5.66647930817
62 5.66914871964
82 5.68434350966
73 6.22123583367
84 6.24623113281
83 6.63775498349
68 7.34852845626
86 7.36258511165
76 7.44641754503
45 7.93937474839
88 7.94841873946
79 8.3871139065
80 8.65079945658
75 9.18192751811
95 10.1535766915
74 10.74730119
67 11.0103615287
63 11.0758243903
57 11.8470211119
70 11.8660962858
48 12.3303271702
69 12.5272630622
44 12.6115968324
41 13.0442770982
77 13.2654478262
81 14.450306935
59 14.5123901245
50 14.6080891495
58 14.8302474758
49 14.9726666258
66 15.061263585
61 15.8962375197
53 15.9884090326
51 16.7117792473
54 17.511962515
55 17.6297174737
52 18.4600045523
78 18.909464467
39 19.0236906474
64 19.6331487439
34 20.0688067572
47 20.6774782963
60 21.722724408
28 22.0367179961
98 24.4903816526
56 24.9415371766
46 26.8571112599
37 26.9549185831
32 27.0512581779
31 28.0081475574
29 28.811195082
40 28.8911641622
30 29.4751283764
38 29.5418738622
35 31.3102913714
43 31.3525914275
36 31.6213289879
42 32.1734930883
26 36.4887105014
27 38.094314292
25 38.7036557969
16 38.8076746948
17 39.406843291
24 39.651157824
7 41.0474238047
33 45.6491135927
21 46.3080650314
23 47.4810278138
13 50.1678670417
22 51.347144866
20 52.6665055559
19 56.171585994
6 60.3224451737
8 62.776292251
18 63.8481182757
12 65.4713690655
14 70.6320044444
5 72.5420090746
10 76.4062718908
11 81.4718187144
15 81.9965554505
4 89.2932079033
9 89.3014715272
2 98.6354982325
3 112.640314853
1 128.210828006
0 253.049568547
