22 0.553385903171
6 0.620783292163
12 0.639807778151
8 0.68553649459
33 0.756373334543
18 0.78649329831
5 0.834227686643
14 0.855401405183
19 0.974910117542
10 0.975540785291
20 1.06320248826
13 1.26972480284
11 1.27584220139
23 1.48667830534
15 1.51860922252
27 1.53568283313
21 1.54233068253
7 1.68349029925
26 1.68459155166
4 1.78395060538
42 1.95775190935
9 1.98245879296
17 2.18964281107
36 2.20040827352
24 2.20418549846
43 2.24645872658
16 2.31583055459
35 2.38982597769
25 2.44811505566
2 2.63227157675
38 2.73376772822
40 2.79037748446
31 2.79143132126
32 2.96649580349
46 3.0298693507
98 3.36513258301
56 3.44398469589
29 4.06428359142
30 4.16360733113
28 4.23935215722
3 4.25843019866
60 4.35075138403
47 4.42466124154
37 4.74598056908
34 4.90660575604
64 5.29164818087
39 5.30324014181
78 5.7822642832
52 5.83837627333
55 6.09177036629
1 6.37772234961
49 6.37952684754
51 6.4373753324
61 6.57860043758
66 6.64756654525
81 6.908476424
58 6.92328886824
59 7.30793583256
50 7.33195602849
77 7.33718379816
53 7.48914933573
67 8.60106060403
54 8.73572987999
70 8.88720656613
44 9.6584786448
95 10.3308236741
48 10.5682689722
69 10.6139872003
41 10.7467214842
57 11.8422889497
63 11.9250330195
68 12.0087763187
83 12.2333513569
79 12.4307448565
84 12.587294775
76 12.593933797
74 12.733588542
86 12.9692870053
73 13.4367981634
75 13.5659783526
82 13.9107370732
93 14.4406946214
80 14.5191597623
45 14.5320275335
71 14.6188329084
72 14.8505698029
88 15.1751230524
65 15.4365668828
99 15.939790652
89 16.0609886343
62 17.2405718617
91 18.5194531844
100 18.6248659184
85 18.9811571785
94 20.5696791033
96 20.7808465899
92 21.8760068182
97 22.8129402206
87 23.2395352131
90 23.4282480705
0 32.7776943922
