1 3.12762807454
3 3.60445729421
0 4.23910914257
9 4.38430963652
15 4.59171560711
2 5.34250175966
4 7.3900844897
10 9.28281209751
22 9.37535257462
11 9.63613742675
33 10.2558364321
5 10.2989864277
12 11.1758971976
14 11.8969233885
6 12.2459343135
8 12.5087106441
18 13.4767487082
42 14.0287863496
27 15.389534043
26 15.6011818351
36 15.8003263145
19 15.8964108381
43 16.1117927567
20 16.4756197484
98 16.8097088783
31 17.0006363336
32 17.0438284185
35 17.0998716888
46 17.5859844574
13 17.6439987221
40 17.9979294231
7 18.0608690937
38 18.1733305032
56 18.2633453975
23 18.650575536
21 18.781840514
47 19.4683541363
28 20.0720387804
60 20.4041548231
17 20.7100847106
24 20.8947636083
16 21.1811461635
34 21.4807381314
25 21.8630766728
49 22.4224058821
39 22.488845515
64 23.3661087174
81 24.2162277041
66 24.3217939204
78 24.4969086554
77 24.533135662
52 24.6200263606
55 24.6417845971
29 24.8194330981
61 24.9331222335
58 25.0080983149
51 25.2381733207
30 26.1102680568
59 26.4104529705
50 26.5528514759
67 26.7175298529
37 27.2450668014
70 29.2394212755
53 29.410745514
95 32.8908146983
83 32.9445449419
44 33.3798852163
84 33.4408119159
68 33.682466167
71 35.4144558339
93 35.4475445949
54 35.9115403907
76 36.0971489711
72 36.1374845912
48 36.2921934353
73 36.4683143341
82 36.9875822883
99 37.204286795
79 37.2979288381
86 37.3551970205
69 37.4113009819
41 38.4108951434
63 39.9956963543
89 40.5231212837
57 40.6312681693
100 40.9393101083
65 42.0135263023
74 42.2193253956
75 42.7088224011
45 43.749354282
96 44.0424037232
80 44.8875067049
91 45.8227273168
88 45.8382267533
97 47.472955008
62 47.9747217231
85 49.1662999339
94 52.618976839
90 54.0227469928
92 54.0302460191
87 55.3589725505
