78 0.29510633712
64 0.326809569148
52 0.336332299944
37 0.34620106014
60 0.402374540343
34 0.403198718831
39 0.43262875632
28 0.433292098556
55 0.446857074757
54 0.457334502837
53 0.560585095723
51 0.564036175264
29 0.569045568094
47 0.595214759327
56 0.613323380092
30 0.652168494124
61 0.742721563084
46 0.784684667043
32 0.853360809572
98 0.853891202021
40 0.905235960212
50 0.938321835824
31 0.966176328274
58 0.977045976683
38 0.982199554051
59 0.98238558075
66 1.01977886291
81 1.15231260019
49 1.25938049765
35 1.29235686609
43 1.42581827231
44 1.42819559776
41 1.44957014406
36 1.49771837864
77 1.51004219475
69 1.54847983008
48 1.6344293671
70 1.71549165681
42 1.84805840065
57 1.97170729852
63 2.21019264925
67 2.27108366717
26 2.34452434855
95 2.34866289963
74 2.48992216084
25 2.54668561568
16 2.58755432098
27 2.71106399852
17 2.75868415304
24 2.82554801394
75 3.27972259515
7 3.29408610396
79 3.44633286739
80 3.76305446355
76 4.04309821393
68 4.09369699599
45 4.10681635449
86 4.11132427136
88 4.28032311077
83 4.69972126544
21 4.79888955465
84 5.06881933815
73 5.12739776076
23 5.18456613234
33 5.46304258124
82 5.55657516443
65 5.80282896781
13 6.12647559222
62 6.32466683575
20 7.05325976402
93 7.10937164137
89 7.29301937351
22 7.33308173395
71 7.42235686701
72 7.44012028182
19 8.36495185783
85 8.39086933142
91 8.78696485746
99 8.88682220358
94 9.48419485239
6 10.2081475868
92 10.9872561528
8 11.2090215725
18 11.60035983
100 11.6902267281
12 12.4233496249
87 12.6164251784
90 13.3495392365
96 13.8962605539
14 14.6518802659
5 15.6409197342
97 15.7636235529
10 17.5495596834
11 19.954756107
15 20.9016639928
4 24.1163248008
9 24.4959088664
2 29.2390803785
3 37.2948059912
1 46.6959799967
0 132.816909026
