5 0.122173475486
10 0.12608207439
14 0.165224750682
11 0.227841389146
12 0.256898984806
15 0.345417347626
18 0.370093852848
8 0.386745334782
6 0.501330173993
4 0.533007523304
9 0.613502037101
19 0.901760419545
2 1.14536397141
22 1.17837701681
20 1.22094282058
13 1.53514162357
33 1.87500401604
23 1.91167395234
21 2.07674860745
3 2.47934990474
7 2.84979760835
24 3.26348198319
27 3.29234210104
17 3.31014472343
16 3.46431292643
25 3.52710864192
26 3.63477109373
1 4.43189820605
42 4.60058702818
36 4.83595710106
43 4.8918474081
35 4.97855925074
38 5.49950026187
40 5.70009312379
31 5.92501423035
30 6.12126211848
29 6.26575716121
32 6.28683465166
46 6.33327180684
37 7.01712102347
56 7.07688269135
98 7.17490255692
28 8.31222581417
60 8.44214992027
47 8.86376867879
34 9.30722205098
64 9.54836331638
39 9.84445587193
78 10.1647145831
52 10.2823964545
55 10.7911342397
51 11.3241909574
61 11.699353003
54 12.0092974224
53 12.0286299667
49 12.1062195734
66 12.1078544136
58 12.3922420009
81 12.5934484629
50 12.687746173
59 12.7210171405
77 13.380357654
44 14.7952682983
70 14.8780671051
41 15.0823812452
67 15.2318408052
69 15.2680313474
48 15.4075704096
57 16.3146303545
95 16.4427878426
63 16.7761281727
74 17.3970660093
79 18.7828528285
75 18.8485060026
68 19.3782820845
76 19.5904634236
80 19.7442613835
86 19.7944056531
83 20.0979634373
45 20.254897697
88 20.6079389255
84 20.6273296799
73 21.0949421921
82 21.79958403
65 22.6447876194
93 23.4470234174
62 23.6826139369
71 23.8098924664
72 23.9536060279
89 24.4475924529
99 25.6648894634
85 26.4336169812
91 26.7659358211
94 27.9597228865
100 29.2525234302
92 29.8025840123
0 31.1664304779
87 31.7237369028
96 31.9996523958
90 32.4882620843
97 34.3206689022
