100 0.113973557717
99 0.175292330172
96 0.178954700042
72 0.278289259365
71 0.291819870843
97 0.308695600687
93 0.31999078433
91 0.323959779113
89 0.323978250042
90 0.388646596828
92 0.40223548349
87 0.412718163085
85 0.415061034306
94 0.442543248547
82 0.544301270376
65 0.590314293513
84 0.647851716834
73 0.653028004856
62 0.675429534793
83 0.730242810519
68 0.883623372156
86 0.901535232032
76 0.908818801443
45 1.09549207883
88 1.12405133823
79 1.13735896831
80 1.27476248927
75 1.37731840303
95 1.55996039586
74 1.76713036632
67 1.79559898226
63 1.83182843506
70 1.99258050103
57 2.0385015477
48 2.14145179329
69 2.2011226975
44 2.20236578956
41 2.34893152797
77 2.41368700619
59 2.73616363566
81 2.74215506775
50 2.76092085584
58 2.83936795661
49 2.92955029173
66 2.93117222699
61 3.15576573686
53 3.16445255475
51 3.37487026417
54 3.62266030303
55 3.64798279104
52 3.90836235706
78 4.02727170761
39 4.10003756375
64 4.29110532596
34 4.4196809079
47 4.65278742369
60 4.95766587813
28 5.05379087638
98 5.90383150915
56 5.99016369084
37 6.5746196411
46 6.62706487328
32 6.69030679575
31 7.01893414562
29 7.17965600959
40 7.27701843648
30 7.4041394436
38 7.49620267856
35 8.08339183888
43 8.13064860277
36 8.21769029333
42 8.46523945249
26 9.84935923896
27 10.3985504188
25 10.5507130805
16 10.5859703241
17 10.8005984354
24 10.8934864351
7 11.3962445841
33 13.1942414458
21 13.2335734914
23 13.6562028573
13 14.6267636532
22 15.2190470106
20 15.5302795836
19 16.7956380332
6 18.3568269261
8 19.2622788045
18 19.6416171066
12 20.2625493215
14 22.1680387862
5 22.9089423852
10 24.3820679044
11 26.2756025115
15 26.6290405019
4 29.2877421479
9 29.3782756335
2 32.8943043665
3 38.3626131361
1 44.4985359912
0 95.0825988949
