53 0.0992631319984
54 0.155379469877
50 0.166840771265
59 0.177429703056
51 0.178051067426
44 0.191971272426
55 0.210654520641
61 0.217612904747
58 0.225569191168
52 0.230101193226
78 0.230103394524
69 0.254283464524
41 0.25632106428
70 0.262071046474
48 0.266348781058
66 0.278882175965
81 0.288979069586
77 0.344447196838
64 0.360597273485
39 0.366604932122
95 0.403473641882
57 0.406516346065
49 0.417055441657
63 0.446027638109
34 0.448982720589
67 0.461982626893
74 0.563512611168
60 0.609688187366
47 0.650061310323
28 0.655536405091
79 0.747259826494
75 0.788378495565
37 0.846308105257
76 0.920267584412
68 0.925432681436
86 0.953490362245
80 0.983298670532
56 1.00621249187
45 1.06237944502
29 1.09940559677
83 1.12235519513
88 1.16557648528
98 1.16571100758
30 1.17985644133
84 1.24765580209
46 1.25343644058
73 1.28636252203
32 1.317682997
40 1.42967458499
82 1.43132366141
31 1.45247101624
38 1.51417987263
65 1.59145058006
35 1.80916987768
62 1.90071010427
43 1.92780181843
93 1.97173295086
36 1.99146261647
71 2.08746864619
72 2.09410025889
89 2.09452344845
42 2.29597772806
99 2.63677042893
85 2.67796307098
26 2.70299656234
25 2.76465628914
91 2.76950688741
16 2.80325844825
17 2.9362490645
24 2.98433706618
27 2.98576248802
94 3.18241086285
7 3.36308859624
100 3.7567890369
92 3.79585636696
21 4.38994746833
87 4.47376261932
23 4.65151973636
96 4.68008325247
90 4.73861725843
33 5.11599228899
13 5.29567279625
97 5.49648381804
20 5.92665200882
22 6.39572995948
19 6.77808216826
6 8.04977566593
8 8.66438475722
18 8.87752846394
12 9.46412498611
14 10.7989563659
5 11.462457543
10 12.6671978854
11 14.0819487103
15 15.0523746388
4 16.6751790053
9 17.1542549081
2 19.8056454474
3 24.6285705501
1 30.1404490806
0 79.6505701056
