16 0.186625321446
25 0.189527144935
17 0.195713022199
24 0.203531750553
26 0.226676795046
27 0.231224133002
7 0.235352484199
35 0.285602603366
43 0.321008536428
30 0.326733295607
36 0.329644081317
38 0.330315883489
29 0.339675504273
40 0.35414538561
42 0.399121594807
21 0.410823558585
31 0.459145647425
37 0.46211645311
23 0.467338316526
46 0.495822013427
32 0.510415682332
13 0.615258102401
56 0.624991865491
33 0.680881873399
98 0.753943147027
20 0.77517541486
28 0.861374837082
60 0.87970680746
22 0.96726787889
19 1.02205413171
47 1.04895896584
34 1.07899856568
64 1.11996165123
78 1.19980526805
39 1.21588074158
52 1.25587267937
55 1.41148785338
6 1.41164334146
51 1.54864256288
8 1.62803288209
54 1.66248303177
18 1.71078620327
61 1.72223327972
53 1.72491838925
66 1.87270728296
12 1.90748469333
58 1.92933981815
49 1.95253859054
50 1.97622410256
59 1.98109471713
81 2.03720452463
77 2.30324193086
14 2.42319765099
44 2.56039077596
41 2.63145432984
70 2.66065788504
5 2.6741112744
69 2.70238059869
48 2.73469559496
67 2.91003498129
57 3.05118257934
10 3.16066452791
95 3.19730334661
63 3.21841027832
74 3.43890471512
11 3.76545120031
75 3.97225023488
79 3.98990124044
15 4.15871919356
80 4.30806301734
68 4.33118416148
76 4.34346108507
86 4.40562072176
45 4.50902845043
83 4.64081974868
88 4.64141734402
84 4.84725530042
4 4.89526959544
73 4.93545898262
9 5.08684527881
82 5.24579762848
65 5.4893257781
62 5.86904357393
93 6.00792379971
71 6.16460530514
72 6.21168888646
89 6.2847931968
2 6.33076830815
99 6.96270319469
85 7.03026252462
91 7.16377938691
94 7.66078197884
92 8.4682293324
100 8.48317521347
3 8.66653007661
87 9.32501226763
90 9.67796102393
96 9.68022038942
97 10.711033223
1 11.4760884837
0 39.3623604588
