7 0.271064296062
21 0.297767190574
23 0.322546622981
17 0.329469407213
24 0.331343762434
16 0.353613686396
27 0.37499040869
25 0.376448003842
13 0.395476673818
26 0.439976026309
20 0.494894637998
33 0.662697769555
19 0.681489879863
35 0.753920875846
36 0.784311070781
43 0.79129486623
22 0.823627894959
42 0.869732521547
38 0.897864119475
40 0.978688535568
6 1.02544167247
30 1.06483855962
29 1.09159783451
31 1.12762821207
8 1.2152149351
32 1.25554599211
46 1.25666226652
18 1.28477075606
37 1.38979444433
12 1.49172926136
56 1.53398838758
98 1.68748598742
14 1.9797269263
28 1.99465806997
60 2.03896447016
5 2.25154285784
47 2.32482553473
34 2.40772957704
64 2.47594978707
39 2.641189813
78 2.73788902919
10 2.76729696003
52 2.79956764796
55 3.03650890139
51 3.32101018543
11 3.38693743987
61 3.5114894114
53 3.63355539247
54 3.74048454486
66 3.82832540877
58 3.8857755294
49 3.91320182578
50 3.99724483369
81 4.01888882431
59 4.03947351759
15 4.05930647031
77 4.48253053758
4 4.65773444849
9 5.03415847987
44 5.10033636224
70 5.15669136207
41 5.35231424779
69 5.42446305473
67 5.49498532944
48 5.49773196862
95 6.03189992444
57 6.07254314687
63 6.30271875702
2 6.31508147079
74 6.7184447771
79 7.39607664731
75 7.53130959645
68 7.71966100854
76 7.86237248077
86 8.00883949419
80 8.1144593904
83 8.18369393191
45 8.36638140646
84 8.53920092115
88 8.64364027847
73 8.82117268523
3 9.05021130595
82 9.19131003508
65 9.73358283143
93 10.2974350176
62 10.5117697251
71 10.530053118
72 10.6002969235
89 10.8227247072
99 11.7372452769
85 12.2249013985
91 12.3597116143
1 12.3680500192
94 13.2705281527
100 14.0382017773
92 14.4735028704
87 15.7414358078
96 15.800247342
90 16.2017678682
97 17.2979681739
0 47.2223722568
