54 0.141675695198
78 0.257269290463
53 0.296258244708
52 0.296954050302
55 0.336403324956
51 0.359635255244
64 0.394223466525
39 0.439472528706
34 0.460273648378
61 0.511519272212
50 0.539463433362
60 0.548771374837
59 0.557646746572
41 0.582379240795
28 0.585645944567
58 0.614583594824
44 0.653592996154
47 0.658655230097
69 0.662719216826
66 0.679108785758
37 0.69688971887
48 0.699447217328
81 0.754428116599
57 0.843809547406
56 0.852015544255
49 0.885544933996
70 0.920373176478
77 0.964323309745
29 0.971928712922
63 1.00439276419
98 1.02746504109
30 1.06524705637
46 1.07173872054
32 1.12431020453
74 1.13242912053
40 1.25356469601
31 1.26136071043
95 1.29036609183
38 1.34556898702
67 1.39386367228
75 1.6211517655
35 1.64940956852
43 1.74966208789
36 1.80771341113
79 1.85422527747
80 1.88412432586
42 2.08475845645
45 2.13821139328
88 2.20378860604
76 2.30472815539
86 2.31875326858
68 2.45171814494
26 2.67068469871
83 2.89010239369
25 2.96844815363
16 3.00031623463
73 3.00324891675
27 3.01774462648
84 3.11621199446
17 3.15758680052
24 3.22404272553
65 3.34071780196
82 3.34970274673
62 3.53466924777
7 3.62566807624
89 4.44547697183
93 4.51504333076
71 4.73427098696
72 4.73959122851
85 4.94996295244
21 5.01879476683
91 5.24717550919
33 5.29994982281
23 5.36592503174
94 5.60477371519
99 5.77085305264
13 6.1930748494
92 6.63614110778
22 6.92915420853
20 6.99024802082
100 7.66104762258
87 7.76346242977
19 8.13446776665
90 8.31578765548
96 9.17245634066
6 9.63072648799
97 10.4807959067
8 10.5049037101
18 10.8699604962
12 11.4967335111
14 13.4266942031
5 14.2012848669
10 15.7605156507
11 17.8053097955
15 18.1981480312
4 21.1458571366
9 21.2270177491
2 25.263745598
3 31.7355280994
1 39.2676572865
0 106.867990911
