97 0.835295568845
90 1.09783525652
96 1.19334227487
87 1.28136428967
92 1.73636537693
100 1.75893281178
94 2.26510243294
91 2.48475198005
85 2.66459456978
99 2.76084224569
89 3.19691421984
72 3.347278646
71 3.41643010177
93 3.54787799865
62 3.78637988249
65 4.02897428479
82 4.28314899392
73 4.60884322671
84 4.80140065145
83 5.08268685024
86 5.34091736671
88 5.35092481754
45 5.43167054443
76 5.44022757247
68 5.51204092634
80 5.84486877966
79 5.98713027345
75 6.28697877343
74 7.33372252845
95 7.37658061386
63 7.64295507246
57 8.11143223016
67 8.17888326431
48 8.57319971473
70 8.57942030719
69 8.71135001175
44 8.89864209971
41 8.99959265753
77 9.73682583592
59 10.4405887157
50 10.5037535583
81 10.5184590378
58 10.7258195352
66 10.9402053958
49 10.9577875902
53 11.3353386402
61 11.4533512907
51 11.9245484088
54 12.0556713611
55 12.5583303654
52 13.1217468737
78 13.3787332649
39 13.5975221931
64 13.9920483352
34 14.305248679
47 14.8150524061
60 15.4565043029
28 15.670263872
98 17.442554915
56 17.6499941732
37 18.6698550206
46 18.9570810627
32 19.0884840206
31 19.751703286
29 19.9648416309
40 20.2815167065
30 20.3902908609
38 20.7186257231
35 21.9093406978
43 21.9939000448
36 22.1688123382
42 22.6289359929
26 25.4048337826
27 26.4767040181
25 26.710836301
16 26.793196954
17 27.2143854739
24 27.3873695076
7 28.390781689
33 31.7205631709
21 31.9054262485
23 32.7047113186
13 34.5427487763
22 35.5336782509
20 36.2468021018
19 38.6139628933
6 41.4804746672
8 43.1438570165
18 43.8504526199
12 44.9671286832
14 48.4470567828
5 49.7591231697
10 52.3868664293
11 55.8008218554
15 56.1740641073
4 61.0932887238
9 61.0970112898
2 67.3896100275
3 76.8398488501
1 87.3420515465
0 171.054975418
