54 0.152415922301
53 0.174798010913
41 0.230596616646
44 0.234477799894
69 0.251700304361
51 0.252984762842
48 0.260385672945
50 0.260985186161
59 0.264928495588
55 0.291604152922
78 0.296567482295
52 0.30892657525
61 0.320997753936
58 0.326723822396
57 0.354052127284
70 0.359412981092
66 0.380816637189
81 0.401933315926
63 0.415119355609
39 0.452105341332
64 0.453635874688
77 0.469434148535
74 0.499507963277
95 0.513028830968
49 0.519963990528
34 0.523767704109
67 0.615735675795
60 0.680522793107
47 0.709948548657
28 0.722726769784
75 0.739351187496
79 0.808139436449
80 0.903869199997
37 0.970053923009
45 1.02018187428
76 1.04104650972
86 1.05495378275
56 1.06208555611
88 1.08471164877
68 1.10946040782
98 1.20097922615
29 1.24336346063
46 1.31452420246
30 1.33381153982
83 1.34378861658
32 1.3701196832
73 1.4298113209
84 1.47377952459
31 1.51510046892
40 1.5171713765
38 1.61525418568
82 1.61874670235
65 1.66013709491
62 1.8476664706
35 1.90989222543
43 2.00651571147
36 2.06519273127
93 2.27351304719
89 2.27642914707
42 2.32243138581
71 2.40146310006
72 2.40457122266
85 2.68469866602
91 2.83288093817
26 2.84499398785
99 3.01146161172
25 3.04124290981
16 3.07513964304
94 3.13212375516
27 3.14996232234
17 3.2138543975
24 3.26857030381
7 3.63606533725
92 3.77373100618
100 4.18383184586
87 4.48378591257
21 4.77249895322
90 4.80882125368
23 5.05583183404
96 5.14338247141
33 5.19897131837
13 5.73813967125
97 5.9804135047
20 6.39753625845
22 6.5514840189
19 7.31292241831
6 8.57677278284
8 9.25537859715
18 9.51866423224
12 10.0671903015
14 11.5460197616
5 12.1947524025
10 13.4397381074
11 14.9938292083
15 15.573376487
4 17.6514369818
9 17.874342633
2 20.8800983898
3 25.8927648053
1 31.681229385
0 83.045600545
