83 0.176842608279
84 0.182814750766
68 0.216223893418
73 0.281492933045
93 0.287152115439
76 0.29170216674
82 0.292063932745
71 0.302844527805
67 0.311091122935
72 0.32462069529
86 0.336115076521
95 0.356184938477
79 0.381248598579
70 0.417024560755
99 0.454239366173
89 0.483964600529
65 0.506384862729
77 0.5130597729
44 0.611518635761
45 0.626876911884
75 0.645009417555
81 0.645514937674
59 0.66213268112
63 0.678753343568
50 0.678943313666
48 0.683652300711
58 0.690933611367
80 0.717717388164
49 0.71925343998
69 0.721193419117
88 0.728560285971
66 0.729187603315
74 0.747251911234
57 0.780874135488
62 0.794403907671
41 0.818285653374
61 0.838322140647
91 0.841208952461
100 0.849175378602
53 0.917987807877
51 0.929823857415
85 0.937997587166
55 1.0535934626
52 1.17851720485
94 1.19316387682
78 1.23096807221
96 1.23718708718
39 1.25769236818
54 1.30757207792
64 1.36712631337
92 1.39296303563
34 1.40361690083
47 1.52272646719
87 1.63631718796
97 1.64353216643
60 1.67362694729
90 1.67601667675
28 1.72289288517
98 2.19888894452
56 2.2161367506
46 2.56824865507
32 2.60480670866
37 2.63587376671
31 2.79720993246
40 2.92523342189
29 2.93880823379
38 3.05717621386
30 3.08525149543
35 3.3884124212
43 3.42604952373
36 3.47777277971
42 3.64959259142
26 4.42818751163
27 4.75663937201
25 4.88834805507
16 4.89863880444
17 5.02540147219
24 5.08844077381
7 5.37165384243
21 6.52210020495
33 6.58197139793
23 6.78989756336
13 7.40152048216
22 7.86515097562
20 7.97372556597
19 8.79003867748
6 9.81294062043
8 10.4121185969
18 10.660354196
12 11.080756481
14 12.3500334033
5 12.8610304762
10 13.8733989033
11 15.1554386485
15 15.5688896686
4 17.2647539278
9 17.4348683227
2 19.8151960046
3 23.7292921748
1 28.1582462354
0 66.2246892824
