18 0.271639252215
12 0.275425618275
8 0.279680416949
14 0.289123814433
6 0.314386517414
5 0.33407905739
19 0.432756351724
10 0.438031476054
20 0.567025195354
11 0.573261336395
13 0.707446035542
22 0.744183850478
23 0.886988404077
15 0.961491735318
21 0.968102211904
4 0.983858863121
33 1.06136791289
9 1.22530436786
7 1.36386552174
24 1.58065635015
17 1.60494228744
2 1.61602189216
27 1.6276746553
16 1.68761384249
25 1.72344721952
26 1.81163537719
42 2.39716719152
36 2.48688140428
43 2.50724912987
35 2.53715811152
3 2.80666512827
38 2.81576094472
40 2.92542380632
31 3.07859180077
30 3.1702807402
29 3.23836217308
32 3.28217991489
46 3.2939798676
37 3.68333747808
56 3.70920645253
98 3.80244563939
1 4.38610046961
28 4.40214408006
60 4.47285904289
47 4.72249095001
34 4.96529336852
64 5.10532087051
39 5.27406955934
78 5.45185688259
52 5.52256454928
55 5.82202539719
51 6.12697608625
61 6.35238563502
66 6.57254443878
53 6.57698717867
49 6.57909879663
54 6.67321056397
58 6.75201900572
81 6.8714645205
50 6.93085244743
59 6.94590552413
77 7.32440046816
70 8.23336886558
44 8.24460891108
67 8.41039202409
41 8.51011740929
69 8.59380613528
48 8.65742002899
95 9.19362915395
57 9.28248459241
63 9.53538760389
74 9.95256361568
79 10.6526683692
75 10.8176211546
68 10.9352782777
76 11.10117856
86 11.2430938274
83 11.3455414476
80 11.4012405418
84 11.6605027884
45 11.6729365535
88 11.9340231024
73 11.9931437165
82 12.4210310284
65 13.0405480565
93 13.3575058017
71 13.5742931129
72 13.6698911619
62 13.8096897599
89 14.0696142237
99 14.6951266772
85 15.4745399891
91 15.5929090649
94 16.48715615
100 16.9086556264
92 17.6250387942
96 18.6247365464
87 18.8126238715
90 19.2332857276
97 20.1012971854
0 24.4134041847
