30 0.122152668003
29 0.137355410227
37 0.211459544033
35 0.264049762001
38 0.267061101058
40 0.291604859339
25 0.319462689788
16 0.328004857383
43 0.332314543293
36 0.349354993436
26 0.358502916692
17 0.368891616592
24 0.386305334106
27 0.420569614649
31 0.428068549732
46 0.448743349003
32 0.47278208109
42 0.492427809951
7 0.512219959874
56 0.574181238383
98 0.780405430141
28 0.814761653774
60 0.83034735445
21 0.955252435558
34 1.04942893093
64 1.05784370014
23 1.08253645891
47 1.09083706058
78 1.11709008958
52 1.2005556449
39 1.20499927619
33 1.29659393053
55 1.39083032957
13 1.40518335185
54 1.43408802289
51 1.57240469326
53 1.68094163919
20 1.73746193994
61 1.81821542643
22 1.90276093948
66 2.09195584171
58 2.10544327995
50 2.10827450159
59 2.13574786061
19 2.23235046152
49 2.27297499442
81 2.28339744833
41 2.64644828658
77 2.67386050184
44 2.68640752865
69 2.77724361875
48 2.846402504
6 2.95019816028
70 2.97703087903
57 3.15053751071
8 3.35821825594
63 3.40509901488
67 3.48380558811
18 3.52382087076
95 3.6368143266
74 3.64039539292
12 3.85717105769
75 4.36856620481
79 4.58961172276
80 4.76617172541
14 4.81228241292
45 5.08877224051
76 5.14309731348
86 5.1932268387
88 5.20705603498
68 5.22712909343
5 5.23268537205
83 5.73532720076
73 6.019535465
84 6.03126827655
10 6.06723874595
82 6.43133114658
65 6.55751784448
62 6.88783072985
11 7.15210262106
15 7.53634761887
93 7.69031043929
89 7.79384759768
71 7.92995141693
72 7.9600924848
85 8.5273738192
91 8.83087988388
4 9.0402505929
99 9.08397096664
9 9.18419218115
94 9.30663429977
92 10.4381656213
100 11.1847582455
2 11.4244745054
87 11.6440993237
90 12.205852669
96 12.8088185877
97 14.1758137215
3 15.2656724274
1 19.8590948947
0 63.9773223708
