1 0.127517530381
3 0.277495265048
2 0.527827741815
9 0.750399389893
4 0.776183630545
15 0.960246929142
11 1.06167348307
10 1.23248381012
5 1.41435697068
14 1.53741128173
12 1.75481581793
18 1.89803520386
8 1.92503102649
6 2.0500347926
0 2.11827837181
19 2.40798533749
22 2.43893411664
20 2.63983329227
33 2.83332940137
13 2.85041234844
23 3.08160557044
21 3.1746159609
7 3.55088916493
27 3.68600169222
24 3.78791511181
17 3.80980232087
26 3.83283985084
16 3.88920184643
25 3.92777361208
42 4.13906764644
36 4.28270773274
43 4.3220378227
35 4.39286802241
38 4.61386334772
40 4.70126059229
31 4.709592986
32 4.85032329223
46 4.89696381143
30 5.06860476806
29 5.10409309972
98 5.1064353172
56 5.17686841631
37 5.42406258758
28 5.63782116222
60 5.69335533865
47 5.79237865612
34 6.00664426784
64 6.11635297776
39 6.19400993305
78 6.43441863744
52 6.44626144407
55 6.59035401685
51 6.80698711681
61 6.84012384371
49 6.9133834424
66 6.99229296067
58 7.08002260133
81 7.08954162372
53 7.10897498178
50 7.22946639353
59 7.26293972991
54 7.32768974019
77 7.35142250118
67 7.97803316836
70 7.98877588277
44 8.10584196219
41 8.34227395362
69 8.35878637057
48 8.41115840011
95 8.52996092045
57 8.77847466756
63 8.88879242495
74 9.13849520335
68 9.35150956146
79 9.38265894617
83 9.53208152603
76 9.54212105662
75 9.57133512071
86 9.64726861806
84 9.71081932384
80 9.89566682184
45 10.0025253427
73 10.0080597736
82 10.1530172127
88 10.1667225064
93 10.5337412428
65 10.5942941654
71 10.6341473339
72 10.6841127075
89 11.0041257283
62 11.0821689633
99 11.1728365358
85 11.8553980978
91 11.8793565892
100 12.2489059083
94 12.3859458979
92 12.9119980942
96 13.0518510844
87 13.4550827628
90 13.6156347967
97 13.7322484859
