54 0.270232545579
53 0.644409725697
78 0.701017526916
41 0.75168357106
52 0.768815800789
55 0.833420872649
51 0.835470466276
69 0.881026443794
48 0.915057958104
44 0.962310005097
64 0.964082378317
57 1.03049795419
39 1.06030173813
50 1.06082766079
59 1.07575453086
61 1.09963054095
34 1.10968240862
37 1.21488240693
58 1.23206966168
60 1.24956207473
63 1.24961463527
28 1.31071469903
66 1.35020988865
74 1.37346076624
70 1.46297674731
47 1.46877530592
81 1.47539188202
29 1.62052656212
56 1.70308887697
30 1.72814263583
49 1.73426176112
77 1.759213023
95 1.86807403562
75 1.97369275989
46 1.9946352626
98 2.02377560599
32 2.08654641525
40 2.18969462116
31 2.2540434714
67 2.26073139267
80 2.26768474606
38 2.29578020915
79 2.4133279502
45 2.61063932174
88 2.65964129
35 2.72072625701
43 2.8916897384
36 2.97861496892
86 3.05842052974
76 3.07736077461
68 3.40869950364
42 3.42204188551
73 3.95147486342
83 4.02571306143
26 4.0766319092
65 4.21719633972
84 4.30153841699
62 4.30873976262
25 4.32177261161
16 4.37754709056
82 4.45434404621
27 4.53068500432
17 4.59178878636
24 4.67205493396
7 5.25153265824
89 5.7427466619
93 6.10227682901
85 6.11385868714
72 6.38448837266
71 6.38668309472
91 6.51154374981
94 6.85266350788
21 7.07111084994
23 7.52636192052
33 7.62803343374
99 7.7355121042
92 8.15510960051
13 8.62558743339
87 9.5826062187
20 9.69309916125
22 9.75752001016
100 10.0626752167
90 10.3225675919
19 11.2040018652
96 11.9272712251
6 13.218423095
97 13.5549426349
8 14.3476117352
18 14.8142429052
12 15.6716636751
14 18.1831677238
5 19.2130370665
10 21.2593354029
11 23.9260618691
15 24.5121861072
4 28.3139419415
9 28.4757760649
2 33.7201719892
3 42.1579579028
1 51.9585728406
0 139.695544885
