97 47.8033323997
96 53.1167209771
90 57.4182249674
100 59.9587500567
87 60.1208621441
92 66.0285861119
99 70.5351132642
94 72.20248962
91 73.9393737923
85 75.9746186325
72 77.4113476138
71 77.677146733
93 79.1935161747
89 79.2205528177
62 87.2105916932
65 88.2755159429
82 88.4264639859
84 91.0465307995
73 91.3736068888
83 93.3630772368
68 98.0397465423
86 98.4235130142
76 99.0016545963
88 101.051974238
45 101.336823188
79 104.207311505
80 105.133980234
75 108.307365743
95 113.202132084
67 115.881295964
74 116.662539157
63 118.544812489
70 122.121865732
57 122.512781998
48 124.998752781
69 126.034266543
44 126.606320838
77 126.916556265
41 128.601997669
81 133.137451077
49 133.836834071
59 134.384784816
50 135.207363236
58 135.447890967
66 135.459882744
61 140.489291241
53 142.304237386
51 144.839073923
55 149.247104246
54 149.996262
52 152.687427865
39 154.499533915
78 155.36111473
64 157.363188804
34 159.093890247
47 160.041183768
60 165.686566187
28 167.012128311
98 175.50266778
56 179.149422647
46 186.917579687
32 187.718252082
37 190.878933387
31 191.443633902
40 196.04142248
29 198.513549368
38 198.871085987
30 201.273026797
43 205.199384193
35 206.0581246
36 206.318982586
42 206.58781347
26 226.517605098
27 232.897104404
25 237.650293983
16 237.849583455
17 240.022301049
24 241.030337038
7 245.537954676
33 257.897250705
21 266.220664866
23 270.622197427
22 279.375859513
13 280.413574461
20 289.311499373
19 302.210837941
6 315.624951776
8 324.678626451
18 329.016763558
12 333.76822356
14 352.545705545
5 358.369732307
10 371.167846462
15 386.002821406
11 389.166216814
9 411.510902341
4 414.321941441
2 444.460253038
3 489.400794958
1 538.436605426
0 910.0304326
