1 0.033012470938
3 0.057870081716
2 0.131225804077
9 0.179941907043
4 0.219212082243
15 0.237544368535
11 0.330813234061
10 0.378343579185
5 0.448345723011
14 0.506519066492
12 0.566762395461
8 0.639260064647
18 0.641867881939
6 0.675560844412
22 0.745141842132
19 0.841341024094
33 0.879877982239
20 0.924333180835
13 1.01139528641
23 1.10269418724
21 1.13492850852
0 1.14243138509
7 1.24777032965
27 1.24835025332
26 1.29799887557
42 1.36001537192
24 1.3694873444
17 1.37377586461
16 1.40811446095
25 1.43260231115
36 1.4416783777
43 1.45949308397
35 1.50391577978
38 1.59303145841
31 1.59822820771
40 1.61955069728
32 1.64898237176
46 1.67255580008
98 1.72121956808
56 1.77620330932
29 1.88073014227
30 1.88339390567
28 1.95963089159
60 1.98638748327
47 1.99524455663
37 2.02162097886
34 2.10961083319
64 2.1748792173
39 2.18679287255
52 2.31752425882
78 2.31993602532
55 2.36502231902
49 2.41672490277
61 2.44578812674
51 2.45023460726
66 2.48182392584
81 2.51549446418
58 2.5296972497
77 2.60640761915
50 2.6129158987
53 2.62039470748
59 2.62143349182
54 2.81886493702
67 2.85520967581
70 2.92104542035
44 3.04323947462
95 3.16200706723
69 3.1926949644
48 3.20597798773
41 3.20777874091
57 3.39799102839
63 3.42240999432
68 3.45580454412
83 3.50171891002
79 3.54457807789
74 3.55004074987
84 3.57074008343
76 3.57140280416
86 3.63298867749
75 3.70586503249
73 3.73926762323
82 3.79168266191
80 3.85841469919
45 3.87373458807
93 3.88447608246
71 3.91715083003
72 3.94958152888
88 3.96877044894
65 4.04685932033
99 4.12908590841
89 4.15654871733
62 4.32114273887
100 4.5718898602
91 4.57549567009
85 4.60942500742
94 4.85707103472
96 4.90974610578
92 5.06409552179
97 5.20974367398
87 5.27797693176
90 5.31821385113
