18 0.211550857691
8 0.242459962967
12 0.279685126263
6 0.30112273916
14 0.343982901784
19 0.405109458926
5 0.476089149988
20 0.640939422499
10 0.733067698281
13 0.865803879725
11 1.06546681989
22 1.13628691905
23 1.17736328193
21 1.33557341916
15 1.68955013141
33 1.77543573849
4 1.97878597095
7 2.1812623696
9 2.33270587321
24 2.48237673392
17 2.54276692406
16 2.68552764136
25 2.71717854432
27 2.84498171609
26 3.2238723656
2 3.33251527587
42 4.52057896214
36 4.63757280004
43 4.67711675034
35 4.6883956312
38 5.23527352822
30 5.46639588829
40 5.48126681137
29 5.68336442255
3 5.84678574045
31 5.85593449528
32 6.27564734879
46 6.29045073044
37 6.46920168473
56 7.14271904928
98 7.40822252285
28 8.52736536817
60 8.65518596281
1 9.19416975171
47 9.2698152553
34 9.64515591547
64 9.83099406611
39 10.251381565
78 10.4541477588
52 10.6223924307
55 11.2578860289
51 11.8791548198
54 12.0864995727
61 12.4039410984
53 12.5090100821
66 12.971243566
49 13.1236871404
58 13.2617159692
50 13.5109458903
59 13.5664434634
81 13.5820499443
77 14.562456009
44 15.7061642924
41 15.8033949395
70 16.0962166949
69 16.1014552536
48 16.2966922972
67 16.7660416128
57 17.2341187691
63 17.8599624441
95 17.8780555499
74 18.5161047767
75 20.3439318885
79 20.564745958
80 21.3598558412
68 21.5813724617
76 21.6841511325
86 21.8573893851
45 22.0793864919
88 22.4114243084
83 22.5638449319
84 23.214407358
73 23.5993140948
82 24.4849955252
65 25.2427391253
62 26.2519385692
93 26.7417974282
71 27.2219667945
72 27.346684448
89 27.670182965
99 29.5243142725
85 29.7379640983
91 30.3139559402
94 31.5283077963
92 33.8462171809
100 33.9506647412
87 36.2692009863
90 37.3114086363
96 37.3372845733
97 40.1586458772
0 50.2151584241
