12 0.284621086921
5 0.316573556258
22 0.334755911162
10 0.351459772351
6 0.37909985777
8 0.394048056629
14 0.398426951509
18 0.479159532561
11 0.538701689613
15 0.54506030125
33 0.604110715437
4 0.797330049567
19 0.814197959173
9 0.846050583576
20 0.962202070657
13 1.19789230239
2 1.32141832886
23 1.44844976783
21 1.52423511073
27 1.61576938523
7 1.74305330635
26 1.77317868272
42 1.97812775844
24 2.24474907433
17 2.24568907586
36 2.27033797571
43 2.32911118592
16 2.37313591454
3 2.44486406915
25 2.48716184281
35 2.49524693451
38 2.83768907928
31 2.85500031224
40 2.91774087482
32 3.03635864775
46 3.12235351522
98 3.3508689777
56 3.53446326801
1 4.00986213497
29 4.1269324258
30 4.20580057164
28 4.3107918729
60 4.41776261791
47 4.45770653548
37 4.7761194077
34 4.95569774169
64 5.297008229
39 5.32020801515
78 5.86637844996
52 5.88784042777
55 6.11800152768
49 6.34053352887
51 6.48039137798
61 6.52330425389
66 6.63344083308
81 6.83129441463
58 6.88375440907
77 7.24371260647
50 7.28055965096
59 7.2957618591
53 7.40327938336
67 8.44527135037
54 8.49477428834
70 8.77130332372
44 9.44409857027
95 10.0547644677
48 10.2775941818
69 10.2938688275
41 10.3954660636
57 11.3885832802
63 11.4901330667
68 11.5753686624
83 11.7925314095
79 12.020004638
84 12.1342463315
76 12.1584755222
74 12.1843260679
86 12.4826159369
75 12.985021358
73 12.9876804539
82 13.3472857191
80 13.8183424645
93 13.8191633114
45 13.8721200195
71 13.9965548851
72 14.1799700609
88 14.4103353592
65 14.7429116083
99 15.16323551
89 15.3209657213
62 16.3206577028
91 17.5869624795
100 17.6228844271
85 17.9120884518
94 19.3296510559
96 19.5632614619
92 20.5083013893
97 21.3445511818
87 21.7345264861
90 21.9173758933
0 24.6121645508
