42 0.845489151959
43 0.909434314775
26 0.913383943293
36 0.917992106084
27 0.938853602184
35 0.965081374789
40 1.00465882406
31 1.01188035303
46 1.03699731036
38 1.03857156525
32 1.04106498309
56 1.14185029252
98 1.16205117049
7 1.1823045577
33 1.21841143981
17 1.32836233954
16 1.35330206672
24 1.35871719434
28 1.41856748463
25 1.42070078513
47 1.44728137321
21 1.46056331819
60 1.46492333595
23 1.51653608661
22 1.5271674567
13 1.6004951692
34 1.67663752837
29 1.67927968064
20 1.68058438011
30 1.77627420479
39 1.85499238286
64 1.89242834141
19 1.89516176232
37 1.95206875525
78 2.0515611281
6 2.07979284275
52 2.08143670033
49 2.19544586428
55 2.19764965046
8 2.3004768819
51 2.3059547988
66 2.33766940328
61 2.4176542598
18 2.42024731642
12 2.51421289114
81 2.52464377896
58 2.52742872302
77 2.67988168059
59 2.69261836979
50 2.7497217799
53 2.92817358959
14 3.02035582482
5 3.2040781764
67 3.27490655706
70 3.49430240829
10 3.62925612025
54 3.73593789363
44 4.01220924351
11 4.19266216746
95 4.28834991788
48 4.5192403464
69 4.57726957017
15 4.6441345089
41 4.68557585348
68 5.18502441097
4 5.21153920075
83 5.26636187531
57 5.28539054774
63 5.29203164829
84 5.43940706801
79 5.44443077257
9 5.48299698312
76 5.50906745286
86 5.73800416488
74 5.778896342
73 5.91249532617
75 6.19493066892
82 6.23718595275
93 6.47364950897
2 6.55865998444
71 6.56127010668
45 6.72474240234
72 6.7258262645
80 6.76176979734
88 7.1331664841
65 7.17014535231
99 7.33360274682
89 7.49313144455
62 8.28928920104
3 8.78300884318
100 8.93792193957
91 8.9681107321
85 9.29568230124
94 10.270261344
96 10.2777318785
92 11.0597686159
1 11.4415628928
97 11.5798906248
87 11.8962538337
90 12.008501977
0 38.9924430103
