19 0.230200119631
20 0.241149906641
13 0.296133068351
23 0.419236885521
6 0.430304439297
21 0.493260184809
8 0.515733351419
18 0.534220373922
12 0.729448996248
22 0.895781874382
7 0.989791777109
14 1.07706331809
24 1.16710103107
33 1.1921728995
17 1.19899558551
16 1.29073891915
25 1.31757538399
5 1.34325283015
27 1.5279831744
26 1.80421225141
10 1.83614423745
11 2.43148421729
35 2.87434536416
36 2.91043753525
43 2.93589236447
42 2.97716655977
38 3.28134209896
15 3.2877896931
30 3.32107682084
29 3.4820545097
40 3.49085343229
4 3.8017658884
31 3.86798979038
37 4.10644187238
46 4.2005763175
32 4.20095808656
9 4.2904311787
56 4.88693147111
98 5.22009317371
2 5.68159908773
28 5.97546824895
60 6.06703522844
47 6.70008624378
34 6.87934791517
64 6.99146651826
39 7.37945104436
78 7.44369286614
52 7.6094734794
55 8.14913866834
51 8.69207548515
54 8.79564131684
3 8.93334443741
53 9.16876235161
61 9.18328890677
66 9.79278727609
58 9.94039903588
49 10.0307195279
50 10.0933735471
59 10.1589587646
81 10.2638032875
77 11.1777790596
44 11.8865471814
41 11.9872763921
69 12.2423253624
70 12.3086592554
48 12.3989085943
1 13.0247116385
67 13.1172282267
57 13.25138355
63 13.7894080088
95 13.8827717273
74 14.4044251555
75 15.9983998413
79 16.196162314
80 16.9331914741
68 17.1980957743
76 17.2430853928
86 17.4045200522
45 17.5471507049
88 17.8819053559
83 18.1341961914
84 18.75115032
73 19.002009788
82 19.7901360321
65 20.3769046025
62 21.3196018464
93 21.9869141111
71 22.4298636659
72 22.5219869719
89 22.612447112
85 24.486799465
99 24.5903719321
91 24.9344839343
94 26.1240181091
92 28.2526886465
100 28.604439504
87 30.4857657637
90 31.4266644449
96 31.6595011567
97 34.2127237627
0 59.402193708
