97 35.7933128917
96 37.9129103954
90 39.3316863107
87 40.3468932856
100 40.6086608399
92 42.5269782303
99 44.595256794
94 44.7562055084
91 45.4619105512
85 46.175127743
72 47.0094172617
71 47.1419272028
89 47.4641946784
93 47.6642394134
62 50.0781256084
65 50.5717442267
82 50.7516533459
84 51.8040242984
73 51.8608355398
83 52.5965545243
68 54.0948525883
86 54.1714325213
76 54.3608695808
88 54.7569655294
45 54.9293168968
79 56.1050554533
80 56.1245051332
75 57.2533289166
95 59.2672824045
74 59.9581961694
67 60.3631092277
63 60.6593795343
57 61.8747461557
70 62.1290893361
48 62.8392151237
69 63.1476282466
44 63.3938829154
41 63.9054779856
77 63.9633932476
81 65.8587192026
59 66.2269886341
50 66.3825891013
49 66.3847070513
58 66.5788066435
66 66.8196264382
61 68.1730801634
53 68.5627508543
51 69.5224065772
54 70.6619703225
55 70.8230712115
52 72.0157955856
39 72.6074241204
78 72.710815644
64 73.5155233524
34 74.0351236211
47 74.5763512438
60 76.2065024771
28 76.6005988187
98 79.3584380354
56 80.3415797192
46 82.7558607036
32 82.9284066512
37 83.4082163923
31 84.1161311171
40 85.4436036975
29 85.717615846
38 86.2482226331
30 86.5284384031
43 88.2460948433
35 88.3510122371
36 88.5273835462
42 88.8832004103
26 94.4320418144
27 96.286274745
25 97.3276246326
16 97.4283410315
17 98.0894933443
24 98.3688025673
7 99.8306238455
33 103.948084028
21 105.660959292
23 106.919641406
13 109.747238927
22 110.070711165
20 112.32637297
19 115.949579343
6 119.95100026
8 122.447588681
18 123.580335922
12 125.030999196
14 130.161878006
5 131.883132006
10 135.491153388
15 139.982610643
11 140.339723628
9 146.880315935
4 147.363080414
2 155.626018995
3 167.77267523
1 180.95548643
0 277.468807057
