45 0.0929049503941
88 0.104874638446
86 0.119440993441
80 0.137723214057
79 0.138676151129
76 0.142309805082
65 0.149112422761
75 0.173397674592
62 0.177539326396
73 0.182070755664
82 0.237465963654
68 0.237529188778
83 0.297807602675
84 0.309605616228
74 0.359658307409
95 0.391071291801
63 0.410120081508
89 0.411433392436
85 0.495110853699
57 0.532265676516
91 0.580767598001
93 0.58609329915
48 0.628977806683
72 0.63462462429
71 0.653838353857
69 0.672192169389
70 0.673803706145
94 0.69939324477
44 0.717350410201
67 0.72084161614
41 0.764956446682
99 0.988192181098
92 1.06049445544
77 1.13153009966
59 1.24950016423
50 1.27286058499
81 1.35771258529
58 1.38536812738
66 1.49010911131
87 1.5096171734
53 1.54643545477
49 1.57565604352
61 1.65028978774
100 1.66703707099
90 1.74695483328
51 1.78190165092
54 1.86432200285
55 2.04503180365
52 2.27557941508
96 2.30172138015
78 2.37049314301
39 2.51947732496
64 2.68864060956
34 2.82859003935
97 2.90323615509
47 3.10680992033
60 3.3732119146
28 3.47732543287
98 4.42516890034
56 4.46556858373
37 5.05391722813
46 5.16143330556
32 5.24121964815
31 5.61053895533
29 5.76338439264
40 5.88458492406
30 6.02251534465
38 6.14339309607
35 6.8285855186
43 6.87907010606
36 6.98618822523
42 7.26033282619
26 8.94907435569
27 9.63267683601
25 9.88341423182
16 9.92695765517
17 10.195304385
24 10.3104605593
7 10.9318097585
33 13.0522215775
21 13.3320837483
23 13.8865781799
13 15.162216942
22 15.6852099148
20 16.3571310257
19 18.0647578635
6 20.10524591
8 21.358046406
18 21.9120105333
12 22.7040886269
14 25.3935114834
5 26.3722405355
10 28.3971353617
11 31.1172615955
15 31.1796957879
9 35.1469630195
4 35.3055236106
2 40.3897437929
3 48.2113196987
1 57.1472423265
0 132.41459098
