2 0.0176955536082
4 0.021783988599
9 0.0273023013637
3 0.0320435957943
15 0.0366981929398
11 0.0389017346476
10 0.0488298104441
5 0.0640943075924
1 0.0663031018465
14 0.077773793004
12 0.0935320013672
8 0.112410942872
18 0.113013253466
6 0.122772445886
22 0.151700741216
19 0.170195929895
33 0.191977391809
20 0.195171927501
13 0.222231877611
23 0.251194781506
21 0.261457833377
7 0.297940326802
27 0.300488500973
26 0.317115530047
24 0.338463391667
17 0.339847573458
42 0.343400134266
16 0.351455198241
25 0.359936928764
36 0.367136355828
43 0.372566577735
35 0.386253966265
38 0.415906498812
31 0.420076005181
40 0.425519547481
32 0.438259325463
46 0.44537003474
98 0.465347852413
56 0.481525466556
29 0.51484374753
30 0.516334453822
28 0.545078469732
60 0.554215894358
47 0.559251204783
37 0.565502498084
34 0.597884377396
64 0.620148399195
39 0.625142616428
52 0.67106705716
78 0.672015566317
55 0.688851304841
49 0.710613093556
61 0.718685284842
51 0.719566811207
66 0.731953618042
81 0.745245278072
58 0.74955347612
77 0.778699432542
50 0.779509457772
59 0.782455427463
53 0.782558657605
54 0.860228857673
67 0.870047416082
70 0.893632411244
0 0.905965740748
44 0.940643396306
95 0.984523147127
69 0.999183861128
48 1.00313231931
41 1.00604595871
57 1.07950855924
63 1.08766274746
68 1.09596104537
83 1.11300718232
79 1.13072959371
74 1.1382503693
84 1.13904084615
76 1.14027745953
86 1.16427605576
75 1.19714387979
73 1.20348184736
82 1.22457145624
80 1.25754641536
93 1.25914249597
45 1.26179738664
71 1.27170256418
72 1.28434468524
88 1.30043505869
65 1.32559507641
99 1.35338728807
89 1.36612535976
62 1.43682965512
100 1.52563479064
91 1.53149294287
85 1.54878036885
94 1.64845734529
96 1.65869951289
92 1.73011574911
97 1.7787480569
87 1.81481831277
90 1.82887825468
