97 0.883790388999
96 1.13778455377
90 1.28600041119
87 1.43304009216
100 1.52483964121
92 1.74952854234
94 2.10139423884
99 2.18407432728
91 2.19819441561
85 2.33653487279
89 2.59011064251
72 2.59034804692
71 2.62192701447
93 2.71256964629
62 3.04675438208
65 3.14961559957
82 3.23847060107
73 3.4418568455
84 3.50766710152
83 3.68201112407
86 3.9101513461
76 3.95678738227
68 3.96488706072
88 3.98917080017
45 4.02557070452
80 4.2788971247
79 4.30833062357
75 4.52865271595
95 5.09008173658
74 5.1391804747
63 5.3075299632
67 5.47902067984
57 5.58204016794
70 5.76648714558
48 5.8273760939
69 5.91012502057
44 5.99387025013
41 6.0813015431
77 6.37833408924
59 6.81918786572
81 6.83571193799
50 6.85708445878
58 6.96756960151
49 7.0579924535
66 7.0757212579
53 7.35832674683
61 7.38666758521
51 7.66036098628
54 7.79798023582
55 8.01573628451
52 8.33814375304
78 8.47846008016
39 8.58464378385
64 8.81701249034
34 8.97534688961
47 9.24242279156
60 9.61845457466
28 9.73224044291
98 10.6959501852
56 10.8190046686
37 11.4179447097
46 11.5406904279
32 11.6093885169
31 11.9763401559
29 12.1154866193
40 12.2710118547
30 12.3495375615
38 12.5127421425
35 13.1548794449
43 13.2005694648
36 13.293631584
42 13.5400028176
26 15.0432932838
27 15.620099808
25 15.7436193449
16 15.788178522
17 16.0142516734
24 16.1069862487
7 16.6456288871
33 18.44324099
21 18.5080983573
23 18.9317100978
13 19.9053701603
22 20.4710370801
20 20.8074052633
19 22.0517177249
6 23.5757460212
8 24.445968545
18 24.8091234437
12 25.4056550096
14 27.21581293
5 27.9124240256
10 29.2915510796
11 31.0570755877
15 31.3248754421
4 33.8257026987
9 33.8710610803
2 37.1012825476
3 41.998490087
1 47.4247302613
0 90.302816275
