25 0.154726450758
16 0.15810095986
17 0.171169402311
24 0.176778484401
7 0.243001916035
26 0.304809076812
27 0.30553471004
30 0.318713025162
29 0.342129720866
35 0.367551455588
38 0.405659082652
21 0.408645679238
43 0.431628088938
40 0.442547680084
36 0.447530715257
23 0.469090632853
37 0.477218604386
42 0.576746011328
31 0.586606749034
46 0.623997730139
13 0.640028662188
32 0.649727356549
56 0.768904330605
20 0.831270135722
98 0.946644018051
33 0.952397846517
28 1.01611557327
60 1.03227565821
19 1.10568744602
34 1.25049114861
47 1.25220202644
64 1.26531160276
22 1.2778337163
78 1.37300866264
39 1.39248014949
52 1.42763513333
55 1.60203137255
6 1.61041985714
51 1.77029189602
8 1.83792983906
54 1.87308226759
18 1.90724886705
53 1.92806493037
61 1.94737681868
66 2.15686491061
12 2.18269153326
58 2.19900852701
50 2.24038107116
59 2.26069570614
49 2.27216829623
81 2.32453924847
77 2.64092128906
14 2.72839539892
44 2.894832524
41 2.9912586005
70 3.02174074698
5 3.05088119748
69 3.06484943561
48 3.11770399664
67 3.3283599424
57 3.48298427098
95 3.60916012445
10 3.6248569699
63 3.667705549
74 3.93531030451
11 4.28124873504
79 4.53700393966
75 4.54260299492
68 4.88455999189
76 4.92520820054
80 4.9429974741
15 4.99633474298
86 5.00433865104
45 5.15872557929
83 5.24853834796
88 5.32926315042
84 5.49993307544
4 5.62852124352
73 5.63336882372
82 5.93954787124
9 6.01088038289
65 6.24934729185
62 6.73532770862
93 6.82005690907
71 7.00201819745
72 7.04499610908
89 7.13398759574
2 7.32199465506
99 7.90673837073
85 8.0531165864
91 8.20970541328
94 8.80874777526
100 9.64478559872
92 9.73363947002
3 10.0429108253
87 10.7143542825
96 10.9947714485
90 11.1021883068
97 12.1396507852
1 13.2794843436
0 45.7058699144
