42 0.901797363269
36 0.989019720738
43 0.990748952398
38 1.05026562643
35 1.05397443798
40 1.05743542556
31 1.06197429034
32 1.13599591151
46 1.15383599179
29 1.31401667068
37 1.33723717787
56 1.36741357988
30 1.37268504371
26 1.40334487697
98 1.50388411725
27 1.63436858582
28 1.8055007744
60 1.84507692357
33 2.16556170478
34 2.2317352981
64 2.23855282964
47 2.27171180004
16 2.29413055525
25 2.31322768411
17 2.36946492363
78 2.37864707308
24 2.41053954289
7 2.47839972117
39 2.49100423868
52 2.50612532156
54 2.56274380378
55 2.78501147945
51 3.13202081613
53 3.15510058347
22 3.50965407598
61 3.51025938728
21 3.82001917021
50 3.99009311538
58 4.06126334803
59 4.08699516798
23 4.12499144061
66 4.20193993197
41 4.20822075429
81 4.39494897947
69 4.4892023898
44 4.54998029996
49 4.58013752979
48 4.62924736022
13 4.79447943665
57 4.83816824904
77 5.2182981445
63 5.29829215807
70 5.3826711564
20 5.43595105704
74 5.52505401274
95 6.35996937561
19 6.53911453553
75 6.64637116373
67 6.74275775244
80 7.1173440296
6 7.4747363083
79 7.56137960411
45 7.74664188651
88 7.77210023456
8 8.42005036599
86 8.7416823764
76 8.74680701209
18 8.98415115461
68 9.1490769051
12 9.22706869425
83 10.2773284119
62 10.3838771214
73 10.440570578
65 10.472593059
84 10.9208913836
82 11.0577526883
14 11.4771755122
5 11.9736880548
89 12.9966569449
85 13.1251344188
10 13.3747985256
15 13.7960390774
91 13.9209724193
94 13.988093944
93 13.999204277
72 14.4011179007
71 14.4708343745
11 15.8097443142
92 15.8246661482
99 16.6981931989
9 17.4530139063
87 17.7906643825
4 18.9181581987
90 18.9467883249
100 20.1604656851
96 22.6014000748
2 22.9812107479
97 24.4009985011
3 29.6467751642
1 37.9802829875
0 113.421714759
