7 0.137640425614
21 0.15093537763
23 0.165185308622
27 0.178748790022
24 0.196099077434
17 0.196974302058
13 0.205496999243
33 0.210016150534
16 0.217367191486
26 0.228823093652
25 0.233364951425
20 0.261874198831
22 0.298071717133
19 0.385344033118
36 0.480514964411
42 0.482059565531
35 0.485651464568
43 0.489397480417
6 0.567481854937
38 0.606068360342
40 0.658139499461
8 0.705526521003
30 0.746669122621
31 0.751566588182
18 0.770087004614
29 0.774816891786
32 0.844419526704
46 0.851592491177
12 0.870592688756
37 0.983851752965
56 1.06325061088
98 1.15216240516
14 1.22905553336
5 1.38299215758
28 1.43148416072
60 1.46774707794
47 1.65601800638
10 1.71272847398
34 1.74606245589
64 1.81473940847
39 1.92864277011
78 1.9901990432
52 2.04516472768
11 2.16267657628
55 2.22418248134
15 2.35620574904
51 2.42234023783
61 2.58299363538
54 2.62545811957
53 2.6491291674
66 2.78914429915
49 2.84038919086
58 2.84891584277
50 2.92892217601
81 2.94936848436
59 2.95206800428
4 2.97629196806
9 3.06050545374
77 3.28080882233
44 3.68366610534
70 3.76803030891
41 3.78635342502
69 3.86322594552
48 3.91997751354
67 4.02033848441
2 4.05512647193
57 4.27577091603
95 4.39585555658
63 4.46486250236
74 4.71969346796
75 5.32030776249
79 5.32903650228
68 5.64391977842
80 5.6975590587
76 5.69924747881
86 5.78182941009
3 5.87420259882
45 5.91760392749
83 5.99211222245
88 6.06765057142
84 6.23589301268
73 6.38409908582
82 6.67953409324
65 6.97896157272
62 7.410667947
93 7.51239919893
71 7.68487553562
72 7.73124388521
89 7.82388974204
1 8.12858729712
99 8.55643233319
85 8.65720061725
91 8.81703447499
94 9.33767306998
92 10.1939851827
100 10.1947278586
87 11.0971091465
96 11.4488828523
90 11.4667116289
97 12.5080321742
0 31.6254816085
