12 0.186122178673
5 0.247746987292
8 0.266622665521
14 0.271441483356
6 0.283020127288
18 0.315835513786
10 0.342903705982
22 0.554049876425
11 0.571968615982
19 0.667613936256
15 0.815814761168
20 0.86814414026
33 0.985405624763
4 1.04245038897
13 1.13496627603
9 1.22899108979
23 1.43944255296
21 1.55095637175
2 1.86425676099
7 1.99923337376
27 2.11631607882
26 2.36239791998
24 2.49899983402
17 2.51589268602
16 2.66394694014
25 2.76934850744
42 2.95709733947
36 3.21699891463
43 3.27186473548
35 3.40450729229
3 3.5009908918
38 3.84931283793
40 3.98370077469
31 4.06907827177
32 4.34787725487
46 4.41110693253
98 4.97664888552
56 5.0059215156
30 5.0152523943
29 5.02499479208
1 5.72214971194
37 5.78561786502
28 6.05724618916
60 6.18573651431
47 6.41442889902
34 6.92261877295
64 7.25796137548
39 7.40490953664
78 7.88224980887
52 7.95669647479
55 8.34163795251
51 8.81005940584
61 9.03635140774
49 9.10300365018
66 9.27657837031
58 9.57757566283
81 9.64869617399
53 9.76362939751
50 9.97086790353
59 9.98309328419
77 10.2745478615
54 10.5315934093
67 11.9048303509
70 11.9480022971
44 12.388855774
41 13.1917778655
69 13.1941825931
48 13.2415188967
95 13.5383028144
57 14.4347281907
63 14.6994044839
74 15.4768900378
68 15.9074998329
79 15.9329003255
83 16.3752102737
76 16.3886903642
75 16.6655335823
86 16.7126266108
84 16.8399896833
73 17.6144688318
80 17.6612185059
45 17.9090603871
82 18.2040565209
88 18.4617048487
93 19.2707417121
71 19.5512284899
65 19.5617315039
72 19.7531568999
89 20.7618799515
62 21.1573487501
99 21.202175916
91 23.3852863215
85 23.4945873659
100 24.5170439415
94 25.1855481111
92 26.8384985644
96 27.1122772059
87 28.5629213284
90 29.0297797988
97 29.4256712236
0 34.4899963812
