42 0.253780882188
36 0.316147161192
43 0.328643891963
31 0.367893781038
32 0.387259813761
35 0.388098574691
46 0.420764075304
40 0.432850863669
38 0.439672666271
98 0.440032772402
26 0.442587751825
27 0.50157294163
56 0.51326413619
28 0.757104922144
60 0.797218892263
47 0.803789664855
33 0.818599859114
7 0.82447727003
17 0.909586444484
16 0.916412453652
24 0.936637198561
25 0.966570546186
34 1.00296303722
29 1.01550389192
30 1.09544585752
39 1.15784842551
64 1.16140969267
37 1.22346577075
21 1.22617001687
22 1.28101959483
23 1.31320287456
52 1.41966108609
78 1.42054177612
13 1.48016113804
55 1.51428751022
20 1.64100700846
49 1.65772065932
51 1.69086814866
61 1.70514102304
66 1.78976657287
81 1.86648232121
58 1.88528213543
19 1.96561100318
50 2.08355865053
59 2.09527921267
77 2.10013954985
53 2.14748902533
6 2.27411028494
8 2.58189728017
18 2.74357725785
54 2.76991435375
67 2.77934197535
12 2.86982273588
70 2.88552490691
44 3.23383383893
14 3.57694023558
95 3.60596683944
69 3.68523005648
48 3.70481475356
41 3.74431729851
5 3.80908600654
57 4.3076272539
10 4.35951883291
63 4.36945769063
68 4.59246697818
79 4.76591595212
74 4.77746823703
83 4.78230409956
76 4.90741123611
84 5.02303674382
86 5.09825539737
11 5.13269632597
75 5.26667789536
15 5.30563233701
73 5.49778529456
82 5.72594094458
80 5.77461063208
45 5.83141658893
88 6.15176223245
93 6.20261407347
71 6.33830382553
4 6.4013574929
72 6.44197815698
9 6.47232610497
65 6.50553594659
89 7.0208149337
99 7.19080155411
62 7.4244612074
2 8.05395520054
91 8.47914861218
85 8.57042547616
100 8.94534327775
94 9.4936069177
96 10.3365450054
92 10.357791925
3 10.7765386443
87 11.2785168934
90 11.5140294274
97 11.5890998063
1 14.0700363885
0 46.6187016197
