98 0.151917851986
32 0.173555844524
31 0.182223614827
42 0.189978406666
46 0.191101825428
56 0.201853878198
36 0.210501704653
43 0.215156056087
40 0.233248928319
35 0.244266848149
38 0.24799619328
47 0.262970732834
28 0.270598427963
60 0.286950362615
26 0.340088253604
34 0.352675181749
27 0.389009665524
39 0.40925899658
64 0.433591997341
52 0.542455795853
78 0.549613716182
49 0.553023482566
29 0.554875946233
55 0.561509191174
7 0.594313876379
61 0.610938165091
30 0.614149916532
16 0.627164916517
17 0.628921086634
51 0.633482464205
66 0.634298367341
33 0.634945981531
81 0.641627622623
37 0.642402104604
24 0.646441497599
25 0.654243488045
58 0.67065556565
77 0.726453070648
50 0.771044481593
59 0.77825104381
21 0.84963414805
53 0.867157393352
23 0.903350412259
22 0.915329602194
67 0.999375036996
13 1.00617761663
70 1.09796381985
20 1.10239849183
54 1.26827537381
19 1.28707400186
44 1.32953032414
95 1.42246731279
6 1.46196378331
48 1.58182674175
69 1.58533243456
8 1.63021813086
41 1.63990666029
18 1.71743683078
68 1.77890551407
12 1.78728726449
83 1.83272151918
63 1.89326030559
57 1.8947705348
84 1.93768756257
79 1.95699890296
76 1.96655512532
86 2.07117695346
74 2.10002569542
14 2.16362935126
73 2.20399713678
82 2.27887454073
75 2.28329040013
5 2.28814394621
93 2.42102205146
71 2.47333188369
45 2.51530344789
72 2.52419673063
80 2.52807158966
10 2.57944846047
88 2.6900173123
65 2.71051120492
99 2.83418650642
89 2.85583330416
11 2.97935914161
15 3.1023340128
62 3.21588601153
91 3.57568712207
100 3.6000828308
4 3.63866256981
85 3.67878177997
9 3.69670322846
94 4.12895872054
96 4.21233597779
2 4.48728910454
92 4.49854857434
97 4.77633146319
87 4.89333302486
90 4.95646698321
3 5.87102874672
1 7.52434298345
0 23.6049026966
