97 2.21031178868
90 2.42946577337
96 2.52904983681
87 2.56057600556
92 2.8996195752
100 2.97020034784
94 3.26360277005
91 3.45252178958
85 3.55616229365
99 3.66917482523
89 3.95291020215
72 4.05143703361
71 4.0865631168
93 4.17206562897
62 4.23371753616
65 4.4316552414
82 4.61696157839
73 4.77845752052
84 4.91384366142
83 5.08081668563
88 5.12414751811
45 5.1895161626
86 5.19867279432
76 5.26324734159
68 5.3241097206
80 5.39821856595
79 5.54151014691
75 5.65452496587
74 6.20180423431
95 6.3123070623
63 6.38214654326
57 6.6130190795
67 6.72609917669
48 6.87097495907
70 6.92952447689
69 6.94783477836
44 7.0704355047
41 7.07953031496
77 7.52579117669
59 7.86420822686
50 7.90964342305
81 7.92710685921
58 8.02208134412
66 8.10851228388
49 8.11393398007
53 8.30912973668
61 8.39160613428
51 8.58944204598
54 8.58995656128
55 8.91357818705
52 9.17327357827
78 9.2838677731
39 9.42376542083
64 9.61434484165
34 9.75373341955
47 9.98590845979
60 10.290033346
28 10.3932007956
98 11.2251820997
56 11.3079844596
37 11.7347889238
46 11.9063849666
32 11.9744972761
31 12.2801823231
29 12.3355571636
40 12.5032233388
30 12.5208588284
38 12.7115102958
35 13.2489389445
43 13.2854479717
36 13.3704234499
42 13.559490091
26 14.8007502251
27 15.2728875532
25 15.3523257039
16 15.3917729474
17 15.5780950084
24 15.6535339841
7 16.1014560451
33 17.5619297633
21 17.6254448307
23 17.9696752061
13 18.7627090214
22 19.1991384211
20 19.4959854523
19 20.5071686651
6 21.7225533474
8 22.4238682653
18 22.7227110232
12 23.1937445572
14 24.6499119376
5 25.1941439936
10 26.2834791423
11 27.6989837273
15 27.8280621586
9 29.8490218462
4 29.8700150533
2 32.4341183275
3 36.2526062333
1 40.4579539162
0 73.097137798
