78 0.290986535743
54 0.312458825705
52 0.336741721427
55 0.410822541334
64 0.411172359318
53 0.417736458372
51 0.457489139124
39 0.492009376834
34 0.495816463279
37 0.526484059695
60 0.545765199655
28 0.582774087795
61 0.646647152833
50 0.711171710263
47 0.725520535869
59 0.726591959647
29 0.753527094394
58 0.789729186365
56 0.809367181468
30 0.83851478261
66 0.850194122934
41 0.919947209211
44 0.925694050952
81 0.962217261394
46 0.987247684941
69 0.991309817319
48 1.02049078645
98 1.04889674686
32 1.05235955481
40 1.09846707056
49 1.10681460226
31 1.15725948744
38 1.16259570236
70 1.19066125702
77 1.21714289592
57 1.27138302158
63 1.43611910428
35 1.45183547889
43 1.58320311268
74 1.63928067089
95 1.64332661752
36 1.64498541442
67 1.72144414641
42 1.99405400205
75 2.18495317045
79 2.33279178725
26 2.39597481374
80 2.53406714753
25 2.57105345898
16 2.6028984159
27 2.71461866249
17 2.75152219962
45 2.77742555024
24 2.81165276584
76 2.82139830363
86 2.85831399048
88 2.90835473575
68 2.96442353405
7 3.21243635496
83 3.43362079564
73 3.57238097879
84 3.6819445069
82 3.97910158757
65 4.04710293237
62 4.38854931463
21 4.52287184952
23 4.85406527924
33 5.07291246337
89 5.21540019245
93 5.21555082512
71 5.44531887336
72 5.47093480731
13 5.65383223259
85 5.93112279633
91 6.16519088628
20 6.43556378204
99 6.5769288681
22 6.64494759572
94 6.71223333926
19 7.5469503422
92 7.84015757927
100 8.63301053104
87 9.0680698067
6 9.07275273649
90 9.6255659452
8 9.90882360861
18 10.2432515705
96 10.2893472241
12 10.9149618254
97 11.7517818242
14 12.7778083724
5 13.5828532937
10 15.1523664082
11 17.1456643638
15 17.890229875
4 20.54442198
9 20.8658362108
2 24.7406375987
3 31.3009935106
1 38.9119113732
0 108.233581214
