54 0.389282990261
78 0.693020699213
37 0.800122112579
52 0.801808098573
53 0.872779803977
64 0.938548006041
55 0.944270561336
51 1.02080448025
34 1.07417818146
39 1.09660315562
60 1.11553391487
29 1.1576955483
28 1.16697536638
30 1.25532074336
41 1.34044527217
61 1.39865658576
56 1.43060569792
47 1.44963338706
50 1.46768439939
59 1.49346485666
69 1.52402357284
44 1.57691419751
48 1.58419597603
58 1.64615446997
46 1.65042539815
32 1.74955221163
40 1.76134267063
66 1.76421298353
57 1.80522706533
98 1.84332838142
38 1.85163740192
31 1.88859173743
81 1.96878755448
63 2.12552980209
70 2.20756583764
49 2.23087619379
35 2.25317209297
74 2.33273810696
77 2.41504442485
43 2.44368018675
36 2.53419298445
95 2.87456540123
42 3.01381328946
75 3.20516193569
67 3.23639848461
26 3.5761486658
80 3.6397910266
79 3.75265774364
25 3.81605881457
16 3.86955075267
27 4.03309739356
17 4.08896919534
45 4.10762751641
24 4.17353846003
88 4.19386074953
86 4.63219019797
76 4.6336524386
7 4.76735418249
68 5.02502722541
73 5.8397301847
83 5.85248191682
84 6.23443365509
65 6.27125738003
62 6.4576975795
82 6.50182624257
21 6.70170088168
23 7.18995112914
33 7.31024875751
89 8.27507913775
13 8.37037987589
93 8.66303038137
85 8.86218772968
71 9.0386143034
72 9.04649037047
91 9.37390851062
20 9.5221927461
22 9.58217779766
94 9.86449943353
99 10.8318417851
19 11.1740347783
92 11.5746716429
6 13.3633740835
87 13.434126995
100 13.9079225441
90 14.379608942
8 14.6149784276
18 15.1413043777
12 16.0771577266
96 16.3394346018
97 18.4522705508
14 18.8852045157
5 20.022975308
10 22.3072372754
11 25.3176096442
15 25.9334219838
4 30.2538777982
9 30.409378952
2 36.376295348
3 45.9876329827
1 57.1981088531
0 158.795714664
