21 0.190362339375
23 0.202349765009
7 0.25905365465
13 0.263214037243
24 0.282954537767
17 0.290546796329
16 0.314569278135
25 0.321624806697
20 0.357960648243
27 0.481991937515
19 0.524141617954
26 0.581538621197
33 0.688100047433
22 0.770266904856
6 0.877909088203
35 1.00906187599
8 1.05276322145
36 1.06566890303
43 1.06772643901
18 1.11161531378
30 1.1149266215
42 1.16083787312
38 1.1810413307
29 1.19110601152
40 1.28070611193
12 1.32507269696
37 1.4847365655
31 1.50284400477
46 1.64956031509
32 1.66398751598
14 1.7974049643
56 1.98817008478
5 2.06869657152
98 2.21653723034
28 2.53378118435
60 2.57598281674
10 2.57881490105
47 2.94630152852
34 3.0012012469
64 3.04732112283
11 3.20416922241
78 3.24892577725
39 3.26858935175
52 3.35120974038
55 3.65655523298
15 3.78893619239
54 3.93250310801
51 3.94547866871
53 4.19020402051
61 4.254717488
4 4.46849914086
66 4.60190542151
58 4.67705932689
50 4.74030488299
59 4.7715805464
49 4.77720911135
9 4.7840106175
81 4.88431862133
77 5.40758542799
44 5.70231684585
41 5.73158347562
69 5.88683584279
48 5.96864839317
70 5.98852477177
2 6.12539531192
57 6.45381478884
67 6.51449067968
63 6.77291524385
95 6.89547626802
74 7.12291137987
75 8.06248995765
79 8.21613292502
80 8.60728370571
76 8.86617725998
3 8.88306811919
68 8.88437802613
86 8.94996331078
45 8.98172382498
88 9.17050818557
83 9.457086827
84 9.81957374679
73 9.91176234685
82 10.4146224833
65 10.7106537831
62 11.2375024093
93 11.7843747105
71 12.0563593863
89 12.1028865909
72 12.1098974532
1 12.2542159448
85 13.1746050238
99 13.3816777679
91 13.4529460038
94 14.1550008898
92 15.466992606
100 15.8371008196
87 16.8503407353
90 17.4467030517
96 17.7266222446
97 19.3191439551
0 47.7742442754
