6 0.264936391426
22 0.302940415982
8 0.316795345175
12 0.353440631061
18 0.36937442468
19 0.387598941823
20 0.454410865523
33 0.528922172181
14 0.572696848447
13 0.584913843811
5 0.64250930947
23 0.750278048562
21 0.815704673071
10 0.866978268139
7 1.11891096102
11 1.22774738279
27 1.24700401885
26 1.42679116248
24 1.42681577071
17 1.44272399266
15 1.44595032283
16 1.54106041544
25 1.6036029146
42 1.90337361429
4 1.92608564033
9 2.05934040393
36 2.09187383533
43 2.12481906709
35 2.21223436588
38 2.54416578205
40 2.65238579713
31 2.75525759396
2 2.96640794551
32 2.98155934682
46 3.01526364544
30 3.24447571503
29 3.29136321277
56 3.49521887956
98 3.51679482073
37 3.84190010867
28 4.34192014295
60 4.43984123569
47 4.65985338638
3 4.87595090771
34 5.04400491719
64 5.27256265653
39 5.43339901259
78 5.75466219324
52 5.81977174373
55 6.16826178055
51 6.54328547038
61 6.77786887765
49 6.90704576896
66 6.99131834595
53 7.21214450353
58 7.24862377928
81 7.35107401366
1 7.37327835837
50 7.53233117789
59 7.53801934187
54 7.54008955427
77 7.88483261215
70 9.18005059601
67 9.25522010417
44 9.34980452425
41 9.79172360707
69 9.86052020654
48 9.93721455201
95 10.4387370611
57 10.783650923
63 11.0705757337
74 11.6366846805
79 12.3656199907
68 12.5878529728
75 12.7019197898
76 12.8730465316
83 13.056092954
86 13.0869809516
84 13.4512347179
80 13.4718895684
45 13.7793902771
73 13.9708510941
88 14.149452772
82 14.5145369951
65 15.4364965571
93 15.5956916709
71 15.8580932551
72 16.0087170604
62 16.5166580699
89 16.6724560931
99 17.2962842547
85 18.6236181576
91 18.7348592815
94 19.9615091658
100 20.1803262217
92 21.4211625738
96 22.4379687178
87 22.9508998907
90 23.4800170051
97 24.4078122304
0 36.754364873
