7 0.264609247512
21 0.302696197177
17 0.303957477062
24 0.306042610728
16 0.325825369364
23 0.338214203672
25 0.345259754377
27 0.412025905713
13 0.446680294387
26 0.48988286721
20 0.587707353372
33 0.823982496388
19 0.833920988458
35 0.869075213512
43 0.927137894195
36 0.928937104613
22 1.03016063552
42 1.0352126099
38 1.03876786829
30 1.12119788221
40 1.12222734703
29 1.16694612958
6 1.29141640999
31 1.34722564081
46 1.480177653
32 1.49555260184
37 1.50390735234
8 1.53528448004
18 1.6228672186
56 1.81475927427
12 1.89037674161
98 2.05912738187
28 2.38042382644
60 2.42913319842
14 2.51287760194
47 2.7910091785
5 2.85770528133
34 2.87512426938
64 2.96504111111
39 3.16895446794
78 3.19029372345
52 3.29564297299
10 3.50963531134
55 3.60806864853
51 3.91623309325
61 4.23170097969
54 4.25518708479
53 4.29029866739
11 4.29678415218
66 4.56839521792
58 4.66586030201
49 4.70796166531
50 4.7751672103
59 4.79841157258
81 4.86399352346
15 5.08205094351
77 5.41155943093
4 5.88938166035
44 6.00717890088
70 6.15358275927
41 6.21326855966
9 6.31374456055
69 6.33242814456
48 6.40368551177
67 6.62229937128
57 7.05975055628
95 7.21654561838
63 7.36620176149
74 7.83129369808
2 7.95475068249
79 8.78707574833
75 8.83804324161
68 9.34131216425
76 9.42076688871
80 9.51222304599
86 9.56742039729
45 9.85827064944
83 9.91937778628
88 10.1516657259
84 10.3260228619
73 10.5522774248
82 11.0892477115
3 11.3606904684
65 11.6244430171
62 12.4407859981
93 12.4849887492
71 12.7700975482
72 12.8613654531
89 13.0406302699
99 14.2522538506
85 14.5659070676
91 14.7593588364
1 15.4982486558
94 15.7759296862
100 17.0402090218
92 17.2502591782
87 18.8060618332
96 19.2007198395
90 19.4089496124
97 21.0536153729
0 58.569075653
