44 0.21031327801
70 0.219418555223
48 0.389433521994
95 0.390342588812
69 0.397069570085
59 0.430859221975
50 0.430901246108
41 0.538245820302
58 0.596811450787
53 0.60525934846
63 0.615914819617
77 0.683704396009
57 0.68469382798
81 0.695755160396
67 0.738818707281
61 0.777622237345
66 0.786565854629
51 0.86018759041
74 0.885222571059
79 0.981945266686
49 1.11663981093
55 1.13010310999
75 1.16285760924
52 1.37079384126
76 1.39024292433
54 1.39490412365
86 1.47201513643
78 1.52158437645
68 1.53077832186
80 1.58798475201
45 1.6817502248
39 1.74253950889
64 1.89618765384
88 1.9584187711
83 2.11471652834
34 2.16080255427
73 2.29601293774
84 2.42771591035
47 2.68254236341
82 2.71003092755
60 2.90068165914
65 2.90144520326
28 3.07807762965
62 3.60686480789
89 4.3622949336
93 4.48630114016
56 4.62536585991
98 4.70942405138
71 4.8270200417
72 4.83779325547
85 5.62065566958
37 5.64841241225
46 5.72484541199
91 5.88317325319
32 5.89742742704
31 6.47864742901
99 6.56662062075
29 6.79464352407
94 6.87196083298
40 6.88323809188
30 7.28061416055
38 7.2976838171
35 8.53937552826
92 8.56230970211
43 8.65433560702
36 8.87168773311
42 9.48152989924
100 9.7572609627
87 10.4787180255
90 11.3084955496
96 12.3882012763
26 12.4115016796
27 13.6931591486
25 14.2522266833
16 14.3102779905
97 14.799399459
17 14.8000427999
24 15.016226845
7 16.1442638909
33 20.5017293334
21 20.9144340277
23 22.0128886572
13 24.5508374333
22 25.7703895959
20 26.9607461683
19 30.4781342884
6 34.6644897568
8 37.2626174377
18 38.4373853881
12 40.1270377015
14 45.8126451671
5 47.8969569826
10 52.2368598992
11 58.1042927376
15 58.6521533734
9 67.2316408448
4 67.2678649882
2 78.5585285855
3 96.0400320048
1 116.090888001
0 291.233117596
