97 6.45654725976
96 7.32725031351
90 7.86801162813
87 8.30613303757
100 8.47288416805
92 9.25956749107
99 10.231982328
94 10.2622339857
91 10.5767234806
85 10.9002621088
72 11.3177402231
71 11.3913211823
89 11.496478391
93 11.6246532406
62 12.7438558013
65 12.9647394995
82 13.0499891299
84 13.5777024385
73 13.5906426029
83 13.966302208
68 14.6839808639
86 14.707493462
76 14.8048220285
88 15.0335286424
45 15.1134170993
79 15.6824283679
80 15.7188661673
75 16.2841726794
95 17.2782266688
74 17.670019573
67 17.8673025548
63 18.0272292016
57 18.6665818069
70 18.7679034311
48 19.1586435948
69 19.3165342243
44 19.4319945786
41 19.7268718486
77 19.7411099114
81 20.7368380931
59 20.9273944456
50 21.0023662225
49 21.0377532616
58 21.1137318365
66 21.2413123808
61 21.9600338086
53 22.1706684765
51 22.699270874
54 23.3650161616
55 23.4018889657
52 24.0577185183
39 24.3688871535
78 24.4473329803
64 24.8651262896
34 25.1628228941
47 25.4668871496
60 26.3767338678
28 26.5939115689
98 28.1399951502
56 28.6945177416
46 30.0696281193
32 30.1726279238
37 30.5111972775
31 30.8414491848
40 31.6251015702
29 31.8396567446
38 32.0856586511
30 32.3177370344
43 33.2412696385
35 33.315019692
36 33.4091204323
42 33.6056752496
26 36.9029376437
27 38.0173027186
25 38.6981843267
16 38.7597633163
17 39.1535729768
24 39.3143345166
7 40.1848580898
33 42.578889591
21 43.7501753191
23 44.5220559417
13 46.2615279645
22 46.3505822893
20 47.8577794238
19 50.1200649209
6 52.616369116
8 54.1934374904
18 54.9208151755
12 55.8286335312
14 59.1206700085
5 60.2156233308
10 62.5325645561
15 65.3522612964
11 65.6940460388
9 69.8947537247
4 70.2771785083
2 75.7312154935
3 83.8357882692
1 92.7742834795
0 160.801978119
