12 0.130701876019
8 0.141656712387
18 0.156075959612
6 0.167079268973
14 0.2050516219
5 0.263199356574
19 0.396918360689
10 0.436371334182
20 0.580801818488
22 0.6338365886
11 0.681434521403
13 0.806457673274
33 1.0430507871
23 1.08320972871
21 1.19645462225
15 1.27995965185
4 1.34303778458
7 1.7038849177
9 1.74160690568
27 1.9595257931
24 2.11470442691
17 2.14211830677
26 2.21495682358
16 2.27912876374
25 2.36011642394
2 2.37605737985
42 2.94814710133
36 3.12572935909
43 3.17153485575
35 3.26048457136
38 3.68612835683
40 3.84693113985
31 3.98219544028
32 4.27957728538
3 4.30775657586
46 4.32688922673
30 4.58976485576
29 4.64104369906
56 4.93604968877
98 4.96217908817
37 5.37176712527
28 5.9779431102
60 6.09728897535
47 6.39561422133
1 6.83548353776
34 6.84100810737
64 7.10887775489
39 7.31096099203
78 7.74956609603
52 7.82034312728
55 8.23043634569
51 8.72293794999
61 8.95579162976
49 9.17063607061
66 9.27269921328
58 9.54897350349
53 9.55935585101
81 9.65221439049
50 9.90389621586
59 9.93901241436
54 10.135503406
77 10.3244639726
70 11.934192283
67 11.9981053303
44 12.2296893491
41 12.9148051685
69 12.9572582224
48 13.0419770162
95 13.4916600484
57 14.1726941744
63 14.4842724577
74 15.236046949
79 15.9144397387
68 16.0016424297
76 16.4463280529
75 16.5065551096
83 16.542372263
86 16.7444128969
84 17.0365784874
80 17.4986098654
73 17.7802230306
45 17.8091925847
88 18.328004593
82 18.3648766411
93 19.5823422394
65 19.6487915392
71 19.8930077499
72 20.0692626538
89 20.9940084173
62 21.1679704296
99 21.5998312494
85 23.6461414224
91 23.6528105105
100 25.0438723335
94 25.3598093509
92 27.096794205
96 27.7216987778
87 28.9112750819
90 29.449765459
97 30.0717022839
0 38.8409429524
