78 0.206419576944
52 0.21315937254
34 0.217601322552
39 0.218193832822
55 0.2207153783
51 0.229708448949
64 0.240169734885
47 0.256358430834
60 0.261967508649
61 0.2738861372
28 0.275796830679
66 0.291137236084
58 0.301257864588
49 0.317256369756
59 0.323744749384
81 0.329382375403
50 0.329569339245
53 0.355984440162
77 0.407356146341
56 0.415474430197
98 0.472930199425
46 0.548509107035
32 0.574865141832
70 0.577117652013
54 0.610044803973
67 0.647576424491
31 0.662182684053
37 0.666220699866
44 0.670200252639
40 0.686982846022
38 0.758675261793
29 0.76225178638
48 0.839005171941
69 0.843897098124
30 0.850817389281
41 0.871283925659
95 0.875860402138
35 0.920597978054
43 0.950163937567
36 0.984554199623
57 1.09891982129
42 1.09899132385
63 1.12532798872
74 1.30711783424
79 1.36221122731
68 1.42416257326
76 1.49346061609
26 1.49372199276
75 1.54382285585
86 1.5684379138
83 1.57888281334
27 1.69260884465
84 1.70408799807
80 1.79060801358
16 1.81477310898
25 1.81714378585
73 1.83159353761
45 1.83859992021
17 1.89093520218
24 1.93446980482
88 1.98926794594
82 2.00349722044
7 2.0949929942
65 2.29859492944
93 2.43799146422
71 2.53718638138
72 2.57805877864
89 2.71882445386
62 2.72389857731
21 2.88948905799
33 2.96694096383
23 3.08026238689
99 3.09970974281
91 3.46203901789
85 3.46328651783
13 3.51857559957
22 3.88600430508
20 3.93755665205
94 3.98932437887
100 4.20945113374
19 4.55872567355
92 4.56710914367
96 5.11819251312
87 5.19845673927
6 5.34863538297
90 5.41051692394
8 5.82959164692
97 5.94501349695
18 6.03376053767
12 6.37165042293
14 7.42369404537
5 7.8515996169
10 8.71178145627
11 9.82029685042
15 10.1989668088
4 11.6803357855
9 11.8327008668
2 13.9769877524
3 17.5874257149
1 21.7760190529
0 59.8891115607
