98 0.161090429482
32 0.190234799942
31 0.200882387996
46 0.205503762821
56 0.20900709779
42 0.216538468313
36 0.241219186871
43 0.244462575296
40 0.253710752487
47 0.253922332267
28 0.263753794196
38 0.270415565859
35 0.274886071714
60 0.27869020313
34 0.334121995122
39 0.38267415399
26 0.387435474275
64 0.404255217383
27 0.441369620133
52 0.500653850153
78 0.508824404095
49 0.513401693495
55 0.515697492907
29 0.548726747582
61 0.559744535275
51 0.579547210687
66 0.583138303246
81 0.590259522726
30 0.603460519382
58 0.613805742791
37 0.614977881747
7 0.651422080134
77 0.669288902149
16 0.670556046297
17 0.675506832532
33 0.678647848321
24 0.694161781099
25 0.6960473733
50 0.701025879461
59 0.7081642899
53 0.779006048585
67 0.917926188902
21 0.922050385195
22 0.96826296148
23 0.97953171042
70 0.993129791757
13 1.09063012299
54 1.12882059516
44 1.18793726289
20 1.19290790043
95 1.28112323753
19 1.38687949651
69 1.40559162244
48 1.40820692895
41 1.45074302175
6 1.56229021055
68 1.61680997281
57 1.6735680621
63 1.67579439645
83 1.67798538155
8 1.73649029553
79 1.75472849808
76 1.77319652444
84 1.77404132674
18 1.8285173591
74 1.85560739941
86 1.86451508678
12 1.89334718723
73 1.99922726383
75 2.02256046093
82 2.06846592528
93 2.22902584652
45 2.23279147921
80 2.23718708965
71 2.28036652846
14 2.2815484863
72 2.3236401309
88 2.38312856852
5 2.40035874557
65 2.43414780272
89 2.59138624932
99 2.62152626959
10 2.6879128856
62 2.86432928322
11 3.09850639152
15 3.14653703041
91 3.22672766981
85 3.29643146989
100 3.32955143106
94 3.69404187534
4 3.74163308842
9 3.753635496
96 3.892131248
92 4.03670961898
87 4.40362006184
97 4.40671558881
90 4.47703846018
2 4.5726298329
3 5.92836579904
1 7.5428568069
0 23.0598375687
