79 0.128910468087
86 0.143366507777
76 0.144543020937
68 0.193813544426
73 0.20117725414
45 0.202171677439
75 0.203822855661
95 0.221102156111
80 0.237783629301
83 0.244615056007
82 0.251597913789
88 0.2530090769
84 0.262520731667
65 0.263327426778
63 0.265918340294
74 0.279933932099
57 0.335998798373
48 0.338789957496
69 0.365694940006
44 0.367150893843
70 0.367895868165
62 0.394369013471
41 0.424069789045
89 0.4372122707
67 0.462426202057
93 0.480767349073
72 0.520689274901
71 0.527752769783
85 0.662976734681
91 0.663308765376
77 0.700271320516
59 0.701027649593
50 0.702873070003
99 0.759676452054
58 0.799074642552
81 0.808755889167
53 0.814968463081
94 0.887676467102
66 0.897937841023
61 0.935769048813
54 0.990353666284
51 0.997520604776
49 1.01297631087
55 1.14026178515
92 1.16964999393
100 1.25240303447
52 1.26987598291
78 1.31665209334
39 1.46015936526
87 1.50783787994
64 1.52926568775
90 1.6409624585
34 1.65666189605
96 1.72026354874
47 1.91311548171
60 1.99424184221
28 2.06662849871
97 2.18370856544
56 2.69337566365
98 2.75634102024
37 2.77363044667
46 3.11170515542
32 3.1719811281
29 3.19489456183
30 3.33629243114
31 3.38688822383
40 3.48515585023
38 3.61394534576
35 4.04045814741
43 4.14070115261
36 4.20942774227
42 4.52388582592
26 5.31715170334
25 5.62871032765
16 5.66762753078
27 5.71223639669
17 5.83669158053
24 5.90273835371
7 6.3418276741
21 7.71565828476
23 8.04541209767
33 8.10859525179
13 8.82679893287
20 9.57116102828
22 9.68934384206
19 10.5949728294
6 11.9740325838
8 12.7033151165
18 12.9862973842
12 13.575371325
14 15.138490271
5 15.818507101
10 17.1132142954
11 18.7101546301
15 19.3658500189
4 21.4183688097
9 21.7180927313
2 24.6813551905
3 29.6505116486
1 35.2672848269
0 83.5723311437
