97 1.26530530161
96 1.71186520174
90 1.75007674701
87 1.99589350854
100 2.38383098859
92 2.58372998291
94 3.25263224381
91 3.48623083149
99 3.53485793048
85 3.71755137007
89 4.22604629693
72 4.24257266307
71 4.31095303007
93 4.47156325546
62 5.09871308815
65 5.29886799579
82 5.44618856445
73 5.86580969741
84 5.94006831011
83 6.25260501822
86 6.75734789845
68 6.80242284559
76 6.84381817773
88 6.97512148039
45 7.04203981167
79 7.56026867975
80 7.5606841858
75 8.0536566785
95 9.01709453532
74 9.29437384515
63 9.61719575632
67 9.66090552688
57 10.2005096674
70 10.3558130627
48 10.66093932
69 10.8131790134
44 10.926118959
41 11.194089863
77 11.3749175618
81 12.283359042
59 12.4048172103
50 12.4705935606
58 12.6118245815
49 12.6503727744
66 12.7901515817
61 13.4303017463
53 13.5754198107
51 14.1077626303
54 14.7292142295
55 14.7951143241
52 15.4561259329
39 15.8022497261
78 15.8188827589
64 16.2999268831
34 16.5919942688
47 16.9623458015
60 17.840324526
28 18.0602697016
98 19.72616854
56 20.2351391
46 21.6869834154
32 21.7894965094
37 22.1101584901
31 22.5129516361
40 23.319753968
29 23.5247083896
38 23.816202503
30 24.0523157052
43 25.0762769063
35 25.1314626091
36 25.2505022703
42 25.5153088477
26 29.0674407199
27 30.3058506299
25 31.1023912501
16 31.1624590159
17 31.6068883609
24 31.7983598108
7 32.7632716282
33 35.5055239264
21 36.8550714709
23 37.752531454
13 39.7716270713
22 39.8266440919
20 41.6267682931
19 44.2887680698
6 47.2171935561
8 49.115645651
18 49.9993968141
12 51.0555736142
14 55.0568405571
5 56.3686702115
10 59.1899093102
15 62.5549709975
11 63.0870074546
9 68.1760206229
4 68.7290080612
2 75.5119436794
3 85.7354387629
1 97.1757873682
0 187.247217418
