70 0.095931549362
50 0.122170087513
59 0.122372886286
67 0.134060686339
77 0.138565417355
58 0.144260287501
81 0.153624533974
44 0.154600085488
95 0.156627840135
66 0.176378150913
53 0.182121738944
61 0.184742009526
51 0.198433908586
49 0.226535557674
48 0.233585409448
69 0.24341894189
55 0.245917678251
41 0.283246205424
52 0.293404244017
78 0.307183473594
68 0.327283335219
63 0.331743111735
79 0.341234005268
57 0.353305204557
39 0.36617536714
54 0.370367902678
76 0.371452047758
83 0.391984208172
64 0.399856291686
86 0.410654836424
74 0.422181314394
34 0.442088652694
84 0.450998656751
75 0.486317112719
73 0.525851645805
47 0.56045656639
82 0.583239444967
60 0.589768931548
45 0.602766628266
80 0.610451821651
28 0.622426563882
88 0.697653548544
65 0.762407282996
93 0.79182574783
71 0.844043665972
72 0.856838447468
56 0.91352634802
89 0.942640636298
98 0.981354291251
37 0.997864479363
62 1.03760807766
46 1.12200347152
99 1.12668990771
32 1.16137129222
29 1.18273426887
30 1.26472285197
31 1.27500329021
40 1.29979740081
38 1.37582392527
91 1.38938808151
85 1.4091203529
35 1.59669902969
43 1.65976643254
36 1.7033063382
94 1.73162038627
100 1.73512831198
42 1.88731164014
92 2.05713325724
96 2.2537323619
26 2.27741351782
87 2.42259018061
25 2.44338246291
16 2.461421421
27 2.49319424624
90 2.52992740105
17 2.55361897186
24 2.5923207777
97 2.73431562775
7 2.83134938268
21 3.59809016176
23 3.78586831937
33 3.9545161563
13 4.23462252256
20 4.66747527673
22 4.87271305384
19 5.26296948569
6 6.10694158246
8 6.53819119635
18 6.69669611079
12 7.07643454652
14 8.00327194998
5 8.44103620223
10 9.25138844449
11 10.2167743718
15 10.8188310349
4 11.9479669274
9 12.2433389002
2 14.0361756216
3 17.2437905123
1 20.8946779427
0 53.3202469246
