1 0.113130214435
3 0.233813877485
2 0.407203080728
9 0.490638353227
4 0.571740018868
0 0.577941291944
15 0.589402109237
11 0.755804827935
10 0.830398228573
5 0.93666480603
14 1.02269031948
12 1.11017348424
8 1.21395100246
18 1.21763039267
6 1.26422206977
22 1.35610559052
19 1.49352308366
33 1.54206123237
20 1.6059982995
13 1.72244746322
23 1.84297178818
21 1.88518309501
27 2.03227594572
7 2.03297376423
26 2.09720339878
42 2.17515583507
24 2.19021463503
17 2.19482581824
16 2.2385511848
25 2.27020455076
36 2.28290254887
43 2.30615748429
35 2.36254031009
38 2.47778897865
31 2.48480165494
40 2.50838576382
32 2.54550287863
46 2.5760507133
98 2.63935118739
56 2.70584215083
29 2.8346712009
30 2.83765974674
28 2.93648802034
60 2.96928932436
47 2.98063303317
37 3.0090966457
34 3.12245784125
64 3.20839189366
39 3.22050726565
78 3.37502002863
52 3.37616830172
55 3.43524181026
49 3.49796666328
51 3.53618000335
61 3.53870325123
66 3.57920244469
81 3.62096454386
58 3.63702036215
77 3.73057641195
50 3.73755414955
59 3.74490732171
53 3.74832445632
54 3.97780700437
67 4.03127650842
70 4.10576347047
44 4.25084487538
95 4.39923708615
69 4.42642747316
48 4.43978645111
41 4.4426715807
57 4.6673521902
63 4.69736928079
68 4.75033149243
83 4.80403634141
79 4.84630328076
74 4.84779405369
76 4.88282819436
84 4.88526529741
86 4.95543017439
75 5.03138038634
73 5.07731117814
82 5.14517787526
80 5.21015732323
45 5.22919803128
93 5.25639008702
71 5.29371494144
72 5.33363656259
88 5.33985770109
65 5.43676221065
99 5.5463686187
89 5.56925363401
62 5.75162820336
91 6.04694650885
100 6.06089000198
85 6.08941582924
94 6.37240963428
96 6.4524024456
92 6.61229599594
97 6.80052233639
87 6.85963538193
90 6.9077344765
