62 0.256492236663
85 0.307269391541
94 0.344657197534
91 0.401074083522
65 0.429628704644
89 0.585340349839
92 0.592237533102
88 0.633541128779
45 0.683103605358
82 0.757966860104
73 0.767514113065
80 0.821447587255
86 0.852562473664
76 0.936963146823
87 0.96016977765
75 1.02430697597
79 1.02633839223
72 1.06526944821
93 1.07274359849
84 1.08297688388
71 1.12442772279
68 1.14843133923
83 1.14862977445
90 1.21064165951
99 1.33787914338
74 1.52771695624
63 1.70993979451
100 1.77566470407
95 1.78949113354
57 1.9624938875
48 2.26663627866
96 2.28551753112
69 2.34506108169
70 2.49153372435
41 2.50770580856
44 2.51520533731
67 2.55529465395
97 2.82639408364
77 3.44673031422
59 3.69262526503
50 3.72065187967
81 3.88545517005
58 3.9476518209
66 4.16711372732
53 4.18003875045
49 4.33072859064
61 4.42154240975
54 4.6301950449
51 4.70076829521
55 5.16104386524
52 5.57116957557
78 5.75787049029
39 6.00628207862
64 6.27259821411
34 6.56577009074
47 7.06685687791
60 7.49389748586
28 7.67820019692
98 9.24699922264
56 9.35826781959
37 10.1755337049
46 10.4917992904
32 10.6131199352
31 11.1933357287
29 11.3609050711
40 11.6617991596
30 11.7606988733
38 12.0454456762
35 13.1591752464
43 13.2444945645
36 13.4083746415
42 13.8766113283
26 16.525897152
27 17.5937255313
25 17.9170302291
16 17.9951417973
17 18.4146247959
24 18.5860470832
7 19.5774106789
33 22.8377610723
21 23.2785527451
23 24.1260114798
13 26.0806968021
22 26.8637078805
20 27.908772394
19 30.5076161153
6 33.5919890644
8 35.4685422351
18 36.3015452449
12 37.4925040562
14 41.5161149579
5 42.9649452914
10 45.9673642446
11 50.0082931193
15 50.0376481542
9 55.9248225131
4 56.1699244439
2 63.6392347163
3 75.0445595038
1 87.9863639206
0 195.508159896
