51 0.267777789708
78 0.274267404126
52 0.288313173185
53 0.300172774251
55 0.302219714493
59 0.344887695595
50 0.362470369172
61 0.373298999721
66 0.384828643704
58 0.39251738686
64 0.409584053933
39 0.410891318185
54 0.450163412427
34 0.457462239011
81 0.48042517654
49 0.520280192637
77 0.557340504239
44 0.574039182837
60 0.581673268417
70 0.589384726529
47 0.614277162278
28 0.61883220898
48 0.704333190849
69 0.707471748521
41 0.714716641044
67 0.784787646027
95 0.884326122412
37 0.906694430328
56 0.920720513467
57 0.962743173851
63 1.01817498778
98 1.10600229736
29 1.13378844081
46 1.15647339847
74 1.20818301701
32 1.23372099531
30 1.2345239898
40 1.33700546534
31 1.36556136785
79 1.4104210064
38 1.44001973447
75 1.5246368333
76 1.63768407645
68 1.65227613822
86 1.69751425688
35 1.73854286042
80 1.81014835168
43 1.83875759482
83 1.89120326244
45 1.90671616948
36 1.91251881254
84 2.03268195165
88 2.06468503399
73 2.07770647633
42 2.18498532682
82 2.34511349349
65 2.60506052064
26 2.66671619578
25 2.86814948839
16 2.89257844945
27 2.97290764624
93 3.00634326571
17 3.02787435456
62 3.04884745633
24 3.08683808859
71 3.14677389305
72 3.19012461201
89 3.25638779024
7 3.44188438342
99 3.88308566904
85 4.06581947566
91 4.13362706976
21 4.60612456381
94 4.73017331131
23 4.89734252928
33 5.19110339379
100 5.34932732827
92 5.52217025525
13 5.59655888228
20 6.27562684224
87 6.39028955999
96 6.57615877448
22 6.60124915145
90 6.71899463624
19 7.22719584396
97 7.69735801361
6 8.56862476017
8 9.2739734241
18 9.54072919931
12 10.1465644215
14 11.6860134845
5 12.3960087272
10 13.7340879288
11 15.3677110979
15 16.2795094677
4 18.2566293098
9 18.6975636572
2 21.7852858515
3 27.2659999736
1 33.5504327977
0 90.5250195615
