22 0.120849744923
6 0.193891433742
33 0.236258796278
8 0.252922172173
19 0.262073538455
20 0.283834623353
12 0.294507345096
18 0.302711858205
13 0.361273116077
23 0.46166069976
14 0.497762513418
21 0.499698679965
5 0.557327047441
7 0.670211496366
27 0.717918956927
10 0.746736830408
26 0.833963728134
24 0.890364048044
17 0.900492596326
16 0.968191549948
25 1.01381016042
11 1.04756948192
42 1.13106297599
15 1.18308693041
36 1.25496871527
43 1.28727899797
35 1.35179651334
38 1.58178339003
4 1.60373976754
40 1.66542647176
9 1.68262568531
31 1.70504759467
32 1.85779529851
46 1.8985082631
30 2.13085665679
29 2.15207026236
98 2.20114868454
56 2.22816517
2 2.41612650464
37 2.54253981855
28 2.80919258017
60 2.87740343042
47 3.03009581638
34 3.2974353434
64 3.45470672341
39 3.56424322025
78 3.83911400745
52 3.87267334511
3 3.89224754287
55 4.09859675022
51 4.39105437887
61 4.50280872198
49 4.62893983894
66 4.70564228092
58 4.85061157698
53 4.85279833851
81 4.89998132575
50 5.05858459553
59 5.08915798327
54 5.14913901759
77 5.29798800538
1 5.8112568217
70 6.24214952917
67 6.28855978665
44 6.38409309788
41 6.73716932089
69 6.77466446258
48 6.84019972567
95 7.13331598599
57 7.44853202457
63 7.64379291958
74 8.05414601646
79 8.53785296481
68 8.61892027795
75 8.80873895019
76 8.87156435694
83 8.95772560223
86 9.03417787906
84 9.26138071253
80 9.36405910621
45 9.57384019657
73 9.69146412465
88 9.8464267871
82 10.0197944757
65 10.7193967074
93 10.7938499175
71 10.9872235328
72 11.079430646
62 11.5336846041
89 11.5698901694
99 12.0164987235
85 13.0281934579
91 13.106885799
94 14.0067331768
100 14.0916477598
92 15.0496651408
96 15.6949303839
87 16.1432075713
90 16.5070726899
97 17.0765251825
0 27.8966211898
