97 3.35690162598
96 4.13319307607
90 4.57033092856
87 4.98774703316
100 5.21872756593
92 5.91173180894
94 6.91213531998
99 6.95356421949
91 7.21220639156
85 7.56887742845
72 8.03079525933
71 8.10073648447
89 8.17369136086
93 8.34535604015
62 9.5000839728
65 9.71929737291
82 9.81636063767
84 10.3984768294
73 10.4040035872
83 10.8119937529
68 11.58560149
86 11.6300396956
76 11.7137281803
88 11.9939629344
45 12.0690255444
79 12.6853308493
80 12.7480719004
75 13.3709384037
95 14.4926674707
74 14.9474351102
67 15.1453396464
63 15.3380740441
57 16.0673418663
70 16.1267604762
48 16.6206964311
69 16.8119306239
44 16.91809539
77 17.2640818443
41 17.2894583274
81 18.395105933
59 18.622883146
50 18.7078545259
49 18.7843145816
58 18.8365871844
66 19.0428826918
61 19.8441514882
53 20.1193748239
51 20.6909536958
55 21.5067336674
54 21.5697163714
52 22.3135092098
39 22.6732010363
78 22.7512080744
64 23.2976959561
34 23.5967144427
47 23.9790000332
60 25.0675300687
28 25.3137073205
98 27.1873568187
56 27.8380011133
46 29.5299365141
32 29.6256351471
37 30.1710135103
31 30.479184043
40 31.4402954719
29 31.7761326333
38 32.0240090777
30 32.3947582255
43 33.4249898579
35 33.5060780525
36 33.6078088316
42 33.868929184
26 37.9704700293
27 39.3638676666
25 40.3569020685
16 40.4078952486
17 40.9055501439
24 41.1361643466
7 42.1765255591
33 45.1080822155
21 46.7504218473
23 47.7521235264
22 49.8918186241
13 49.9799294959
20 52.0062989877
19 54.9239149683
6 58.0802975189
8 60.1725818354
18 61.1470880666
12 62.2528923987
14 66.614761628
5 68.0136977514
10 71.0503124196
15 74.5606548083
11 75.2542014432
9 80.5937037928
4 81.261181912
2 88.452631033
3 99.2810542219
1 111.335898901
0 204.546066497
