30 0.280655338178
29 0.283968465516
37 0.295732688067
40 0.664251011702
38 0.67250863468
35 0.776665337108
46 0.817410322056
25 0.86137747592
56 0.862191649339
16 0.891015141171
31 0.892004983189
32 0.904541689559
43 0.923177448234
60 0.967047259326
28 0.972074423691
17 0.972722956988
36 0.985829468871
24 0.999945295115
78 1.06018633962
64 1.09442819678
26 1.11009549304
34 1.12630158454
52 1.14739720318
98 1.2184281547
27 1.23757692132
47 1.24807648826
39 1.24815640269
7 1.28155698909
42 1.29328012096
55 1.3569789502
54 1.43978808661
51 1.48186835899
53 1.60953640643
61 1.78845698778
21 1.91484269135
66 1.98248284751
59 2.0243023148
50 2.03389159958
58 2.04591387462
23 2.10188813698
49 2.22730069269
81 2.2607635427
13 2.59600502919
77 2.60811180215
44 2.65489540898
41 2.7102732522
69 2.81454594501
48 2.85428063547
70 2.89410489416
33 3.02280875343
20 3.10951851175
57 3.29684992362
67 3.37652562745
63 3.53647896455
95 3.59582963272
19 3.80595622725
74 3.86023301667
22 3.96047703809
75 4.63636194457
79 4.68695639959
6 4.99253429088
80 5.14415842905
76 5.24852313346
68 5.31086456128
86 5.32653096853
45 5.43947316388
8 5.51864516814
88 5.65010379831
18 5.68062711264
83 5.80607000556
84 6.10259114435
73 6.137487071
12 6.283312772
82 6.64109039372
65 6.95206848788
14 7.48518340985
62 7.53369441829
93 7.88598224287
71 8.13308918371
5 8.1653790832
72 8.20184679259
89 8.2259388859
85 9.35941720698
10 9.36512097441
99 9.37871573815
91 9.57594579866
94 10.3739703374
11 10.7318459458
92 11.6759338571
100 11.7718838077
15 12.060250174
87 13.0689625361
4 13.4389941187
90 13.6440971514
96 13.6924236854
9 14.1399152485
97 15.3680290382
2 16.7743733298
3 22.0168442179
1 28.1335847198
0 86.7706348399
