30 0.153610794722
29 0.174676295349
35 0.267161797715
38 0.278681961185
37 0.293610373789
25 0.294624301364
16 0.305125927857
40 0.316511591118
43 0.344280889048
17 0.349465731191
26 0.358098858701
36 0.362835386783
24 0.366938271189
27 0.425601491861
31 0.467823125308
46 0.505931567883
7 0.513379951786
32 0.529780473054
42 0.531872726651
56 0.669867575048
98 0.88602381631
28 0.979155037001
60 1.00103017074
21 1.00904439154
23 1.15448094859
34 1.28654227994
64 1.29938230243
47 1.30230215983
78 1.44794043717
39 1.47911200512
33 1.5006175261
52 1.52576793084
13 1.5307934381
55 1.76006564979
20 1.92458993272
54 1.97616172626
51 2.00740164997
53 2.17308597559
22 2.22751435985
61 2.25551356418
19 2.5044198471
66 2.59744227526
58 2.62671875127
50 2.66649504619
59 2.71097814725
49 2.77652515671
81 2.81475397472
77 3.2967969151
6 3.39012687616
44 3.51632952139
41 3.54375092508
69 3.68405925378
48 3.7836828839
70 3.79684689973
8 3.86810276532
18 4.05138193015
57 4.21381879368
67 4.32460363569
12 4.47930934419
63 4.51681527156
95 4.63054743408
74 4.84703624253
14 5.6003178783
75 5.76488168954
79 5.93241127694
5 6.12955641277
80 6.29941000289
76 6.56846547761
68 6.57586218013
86 6.65601325583
45 6.67874257265
88 6.86265320395
10 7.15040321014
83 7.17637689602
84 7.56138958141
73 7.67870415888
82 8.13979700148
11 8.43539644991
65 8.44637420731
62 8.9860266782
15 9.08739851069
93 9.61010892271
71 9.90458244121
89 9.90726427008
72 9.94772071295
4 10.7627904348
85 11.0257894539
9 11.0511215725
99 11.3187992115
91 11.3857508797
94 12.0749270392
92 13.4941104982
2 13.6917534806
100 13.9842549571
87 15.0060350811
90 15.6763377362
96 16.0394186001
97 17.7597698841
3 18.4055660677
1 24.0383914094
0 78.5803969609
