18 0.227840854774
8 0.228222920883
12 0.239876806175
6 0.253216900736
14 0.292869315096
5 0.359306055413
19 0.377287546044
10 0.513219928954
20 0.51774661479
13 0.676412825592
11 0.712438335867
22 0.741698432009
23 0.880038528127
21 0.970327340481
33 1.09247328271
15 1.22885846311
4 1.26801129431
7 1.41373274256
9 1.59733398621
24 1.67870867577
17 1.70425413177
27 1.72259327523
16 1.80289213268
25 1.85033465351
26 1.94132810909
2 2.11142633176
42 2.65709246665
36 2.73372102052
43 2.76513464091
35 2.79207371566
38 3.12295137944
40 3.26720206724
31 3.43958036232
30 3.56790308071
29 3.63745020849
3 3.67542146828
32 3.68300034792
46 3.70912764895
37 4.18052634698
56 4.20836210021
98 4.29731359214
28 5.02677891138
60 5.10496044857
47 5.43114167627
34 5.69783094087
1 5.70950443397
64 5.85836476193
39 6.0653927502
78 6.29331461348
52 6.37413412648
55 6.72743689812
51 7.11832247506
61 7.36147925824
53 7.65083556164
66 7.69118362168
49 7.70718834418
54 7.81107450848
58 7.85939786502
81 7.99333051419
50 8.06983958421
59 8.11113229296
77 8.5719207035
70 9.65395187506
44 9.6659908042
67 9.90870932099
41 10.0264838539
69 10.1167098199
48 10.1884136404
95 10.8300182886
57 10.9757463462
63 11.2701373743
74 11.795224461
79 12.6064390219
75 12.8367651314
68 12.9192221231
76 13.1494975585
86 13.3275171367
83 13.4302767872
80 13.5621151826
84 13.8343890379
45 13.8765102642
88 14.2121498253
73 14.2627784507
82 14.7503225511
65 15.5098340631
93 15.9152017829
71 16.1878868014
72 16.2831484235
62 16.4899413997
89 16.7473818533
99 17.5702011024
85 18.5161267643
91 18.6136931369
94 19.7686895362
100 20.2725634184
92 21.1573472012
96 22.3489862458
87 22.6092574815
90 23.0983421849
97 24.1323515696
0 31.1786109001
