21 0.113191686442
23 0.132224307939
7 0.143508853844
24 0.200278678579
13 0.207604374597
17 0.208393027827
16 0.239860671494
25 0.254925577269
27 0.307491083883
20 0.320466656031
26 0.404957879387
33 0.48995621269
19 0.529425659988
22 0.637314253878
35 0.865522679359
36 0.889281837288
43 0.899098580762
6 0.927742926794
42 0.945276002455
38 1.06621828696
8 1.14972177586
30 1.17345924331
40 1.17354478515
18 1.23353053866
29 1.24378175486
31 1.36829626905
12 1.46970318005
32 1.54381703549
46 1.5449152637
37 1.60106269069
56 1.92430895812
14 2.05848354825
98 2.112212451
5 2.37238972566
28 2.55802753214
60 2.61607280019
10 2.97992788512
47 2.98218029405
34 3.10924050143
64 3.18785669136
39 3.4184254429
78 3.51317477532
52 3.59941172092
11 3.74160454286
55 3.92846658177
51 4.28566017337
15 4.34677790968
54 4.51412356192
61 4.56323743169
53 4.62509821165
66 4.95546795487
58 5.05483675348
49 5.07801863178
50 5.18066771216
59 5.22839293006
81 5.24523853071
4 5.24751121447
9 5.55815850226
77 5.84009671366
44 6.46776399258
41 6.60845702729
70 6.67246033077
69 6.755692215
48 6.87155225373
67 7.14626885644
2 7.21819052127
57 7.47910735641
95 7.74373274311
63 7.8262021993
74 8.27098806008
75 9.35543741034
79 9.40547458543
68 9.98851953895
80 10.024290873
76 10.0808829206
86 10.2168718835
45 10.4275037184
3 10.5013868311
83 10.6183570494
88 10.6871910104
84 11.0601188113
73 11.3208725091
82 11.8318579743
65 12.3473867194
62 13.0987337034
93 13.3292905145
71 13.638617931
72 13.7144696479
89 13.8724436749
1 14.542794375
99 15.1723634705
85 15.3326364467
91 15.6557989364
94 16.5494415818
92 18.0825150753
100 18.0924915583
87 19.6988059887
96 20.3256602124
90 20.3689251361
97 22.1927144699
0 56.8597771544
