27 0.0988788850513
26 0.111644691281
7 0.120800314112
17 0.166625737572
24 0.171544993042
16 0.179763767163
25 0.200027319883
21 0.209848616262
36 0.220507713233
43 0.223130886968
35 0.22579307645
42 0.23550947296
23 0.23683805094
38 0.293348889569
13 0.30035409063
33 0.319163306186
40 0.323337920642
31 0.361119140685
20 0.375590697677
32 0.419370076853
46 0.42434188757
22 0.496234036085
19 0.518947398923
29 0.531639032159
30 0.54133608054
56 0.554938631631
98 0.587492961057
37 0.71260650566
6 0.74190079763
28 0.800495590422
60 0.829483063614
8 0.882756436321
47 0.921337750995
18 0.939182659122
34 1.0262858185
12 1.06642282164
64 1.09978552562
39 1.1567230822
78 1.28527006577
52 1.30372932965
14 1.40967709217
55 1.42271247172
51 1.57481451788
5 1.58507749792
61 1.64417059874
49 1.73259642033
66 1.75237553426
58 1.83023721149
53 1.84311779599
81 1.86662401973
10 1.92892737703
50 1.94192300026
59 1.95605520269
77 2.08679356172
54 2.09489092887
11 2.3419979867
70 2.61599728755
67 2.64576489466
44 2.73324105342
15 2.78437395936
41 3.00410201771
69 3.0064415868
48 3.03491113782
95 3.15703404487
4 3.17089333414
9 3.42715019182
57 3.45095728532
63 3.55066598402
74 3.8324168236
79 4.03935691623
68 4.05887770611
76 4.22612381163
2 4.24665053769
83 4.26125915322
75 4.28546499688
86 4.33958835812
84 4.44656160355
80 4.66065428437
73 4.72994197145
45 4.7651701306
82 4.94279080471
88 4.97034388231
93 5.41579500642
65 5.44277343573
71 5.53771613694
72 5.60213793136
89 5.95678853475
3 6.01660809653
62 6.04808278381
99 6.2026184355
85 7.01200873899
91 7.0160867102
100 7.5730215636
94 7.70277460592
1 8.13896567815
92 8.40135365689
96 8.65821153469
87 9.13946899867
90 9.35955943835
97 9.62006021142
0 30.2185816154
