41 0.110205251612
69 0.123470782331
48 0.123712162748
44 0.137799680771
57 0.166289527543
63 0.207584194998
54 0.215712500985
53 0.229049307674
74 0.254550165582
70 0.260973185871
59 0.271278806703
50 0.275654955261
51 0.338116540402
95 0.346044011502
58 0.35569660665
61 0.393187536409
55 0.415360616486
66 0.4158383773
81 0.424529068522
75 0.43130879383
77 0.447392709427
78 0.459164844243
52 0.459449667525
67 0.506025038824
79 0.525170484158
80 0.547795297335
49 0.556024100719
39 0.628617778302
64 0.652103730754
45 0.652242928709
88 0.69025034749
34 0.732113606845
86 0.73573276745
76 0.737178822708
68 0.841779543739
47 0.933799693072
60 0.94220383523
28 0.994419116202
83 1.05675317021
73 1.06105030804
84 1.15716566095
65 1.22719285923
82 1.24909791306
62 1.33899736873
37 1.40951640089
56 1.4226721368
98 1.53933292943
46 1.73503681572
29 1.75127816858
32 1.79389019531
89 1.81064101877
30 1.86232483903
93 1.87410298147
31 1.97041221029
71 1.9928021806
72 1.99305506064
40 2.00901427095
85 2.09349827517
38 2.12933132555
91 2.24545267335
94 2.47182499035
35 2.47824386635
99 2.55997497756
43 2.56552302214
36 2.6303787819
42 2.88356120252
92 3.06165130022
26 3.57502195151
100 3.62887270182
87 3.72150837865
25 3.88066196637
16 3.91394338994
27 3.93042594122
90 4.04152964295
17 4.07020962764
24 4.13513597111
96 4.52293497751
7 4.53266483607
97 5.32163006033
21 5.85140753482
33 6.13383916999
23 6.17354560498
13 6.93707457974
22 7.65376594782
20 7.6659742591
19 8.69260856061
6 10.039537098
8 10.8020538889
18 11.1129972317
12 11.6766854976
14 13.3309954168
5 14.0089892003
10 15.3478614628
11 17.0692485553
15 17.4950751552
4 19.8987416408
9 20.0258624431
2 23.3464609663
3 28.6993829841
1 34.8523502434
0 88.8384034774
