87 0.255909586903
92 0.309116238628
90 0.315590304154
94 0.50250908812
91 0.698578276611
85 0.752322919021
100 1.23043524343
96 1.24161961414
89 1.28895459943
97 1.40327520943
62 1.50158903071
99 1.53360233182
72 1.70159958474
65 1.76458510564
71 1.7842294188
93 1.83246826633
82 2.11924726505
73 2.34393313252
84 2.65119485255
88 2.87086449237
83 2.8815968693
86 2.92107892611
45 2.94904214108
76 3.03986563268
68 3.19032908458
80 3.35402902164
79 3.5081143756
75 3.79286636087
74 4.89435286951
95 4.9191799505
63 5.21732326533
57 5.75357528037
67 5.84638326187
70 6.21717643493
48 6.23586358335
69 6.38943680431
44 6.58216271323
41 6.73867002391
77 7.49825565413
59 8.28183648131
50 8.36187099258
81 8.36680831729
58 8.5998868122
66 8.82106685083
49 8.85653947855
53 9.35975208837
61 9.43735887469
51 10.0250846832
54 10.4055449185
55 10.7926877745
52 11.4631349409
78 11.8266619429
39 11.9911359558
64 12.4828621741
34 12.8644874103
47 13.405483114
60 14.264326995
28 14.5330127929
98 16.6440862306
56 17.0452073725
46 18.7313461927
37 18.8831298322
32 18.8995592092
31 19.7477057897
40 20.5824856392
29 20.6052765043
38 21.17888179
30 21.2186071937
43 22.7828953538
35 22.7931771963
36 23.0231041981
42 23.442498144
26 27.626576006
27 29.1655894807
25 29.9889651079
16 30.0760527888
17 30.6446001623
24 30.8827067572
7 32.1588333368
33 36.0151759107
21 37.4002075882
23 38.5652465051
13 41.2168658204
22 41.6011191763
20 43.6791690958
19 47.2202963342
6 51.1918917157
8 53.7352802833
18 54.9163857216
12 56.393601831
14 61.8223071099
5 63.6430564429
10 67.5385922258
15 72.3828971035
11 72.9254127526
9 80.1713804363
4 80.838410854
2 90.4290336317
3 105.011789734
1 121.466999259
0 255.292136539
