89 0.324819792786
72 0.33584460542
82 0.337520940869
93 0.337816860977
71 0.343704171595
73 0.358646114101
65 0.376394471248
84 0.385419459151
99 0.386963250022
83 0.412944187187
76 0.436697173449
86 0.438026273419
91 0.439038903232
68 0.449822454616
62 0.499216193477
85 0.502418687146
79 0.520267594656
100 0.538894924929
45 0.56029614043
88 0.60517402406
94 0.625608361683
80 0.649777010183
75 0.661212188819
95 0.718698017441
92 0.722078671854
96 0.733183351617
74 0.834457287045
63 0.840850666696
87 0.857757019389
90 0.879451082412
67 0.924040550706
70 0.931222828935
57 0.946672963464
97 0.960198404817
48 0.968341953101
44 1.00006079649
69 1.00659101016
41 1.08566634674
77 1.26346683892
59 1.34599837941
50 1.36093067033
81 1.42973992484
58 1.44471753369
66 1.51958760556
53 1.53990839183
49 1.59467647266
61 1.62156228114
51 1.69491246207
54 1.75990293695
55 1.86297068111
52 2.00256305344
78 2.0497311612
39 2.18624817223
64 2.27609621798
34 2.38197304606
47 2.60484155042
60 2.7204939462
28 2.78968636707
56 3.3889568475
98 3.45091055148
37 3.50941563777
46 3.78858262804
32 3.85363230581
29 3.89621087043
30 4.02577139077
31 4.06045194829
40 4.13884168507
38 4.27341161716
35 4.66281248002
43 4.74867557591
36 4.81934940067
42 5.08009257373
26 5.7969273083
25 6.05434515596
16 6.08745943502
27 6.14254453204
17 6.23480921626
24 6.29417669914
7 6.6757369972
21 7.84050176853
23 8.11899530603
33 8.25946622994
13 8.77770436188
20 9.40204284526
22 9.59606202506
19 10.2511953774
6 11.409276768
8 12.0048905351
18 12.2287830634
12 12.730906954
14 13.9871245905
5 14.5546600612
10 15.6103929795
11 16.8836965772
15 17.5484316838
4 19.0812213567
9 19.3996233063
2 21.7040143068
3 25.6705613059
1 30.0949729778
0 67.6982598937
