97 3.09368307019
96 3.67306605918
90 4.01609758787
87 4.32579148316
100 4.48108695598
92 4.97636944298
94 5.67264666444
99 5.76017339804
91 5.8602483199
85 6.1183633491
72 6.52868802687
89 6.56504540954
71 6.5874124291
93 6.75493872931
62 7.44381018874
65 7.60715180824
82 7.73354072281
73 8.11860452706
84 8.19183008738
83 8.48834312578
86 8.94121087621
68 8.99300550658
76 9.01802232165
88 9.13114060479
45 9.18379713498
80 9.63657575189
79 9.64396950988
75 10.0578433579
95 10.9345902372
74 11.1078931775
63 11.3789895586
67 11.549432254
57 11.8541204575
70 12.0877865974
48 12.2479675445
69 12.3763961072
44 12.4990534393
41 12.6765147013
77 13.0302172036
81 13.7836252217
59 13.8098852021
50 13.866214249
58 14.0219954182
49 14.1252580179
66 14.1808294113
61 14.6863888359
53 14.6987560859
51 15.1871019037
54 15.4956996176
55 15.7500567089
52 16.2627189192
78 16.5287724706
39 16.6165652824
64 16.9799177563
34 17.2516175432
47 17.632030936
60 18.2534580666
28 18.4370487937
98 19.879303805
56 20.1513010732
37 21.2044717383
46 21.2686430593
32 21.3726519479
31 21.9250155833
29 22.2887678643
40 22.4341651694
30 22.6553297256
38 22.7968521136
35 23.8023964776
43 23.8378693111
36 23.9818873759
42 24.3129445366
26 26.710460478
27 27.596465949
25 27.8583812799
16 27.9218003968
17 28.2590688472
24 28.3963396692
7 29.1907646094
33 31.7462783163
21 32.0327127361
23 32.6689669426
13 34.1236639876
22 34.8162360798
20 35.466102642
19 37.3279517542
6 39.5552808475
8 40.8441741803
18 41.394030067
12 42.2575113739
14 44.9356979624
5 45.9407089261
10 47.9443530978
11 50.5392728747
15 50.8384048588
4 54.5427950547
9 54.5755585491
2 59.2819202972
3 66.3203174297
1 74.0561219565
0 134.303186001
