41 0.259969693102
54 0.262192507129
69 0.295677182327
48 0.302072863249
44 0.332267887942
57 0.356681570366
53 0.36532167081
63 0.429434377095
74 0.494571310201
50 0.515875115058
59 0.5250394522
51 0.540291887813
70 0.563229190432
55 0.59527497813
78 0.612268438098
52 0.620555260392
61 0.627677331342
58 0.634612238214
95 0.681475763384
66 0.733618026055
75 0.745282390665
81 0.748602055029
64 0.815102184478
77 0.832397210837
39 0.83440800532
80 0.899278182637
79 0.908268674443
34 0.943836105467
49 0.95851351364
67 0.959873038838
45 1.04280227068
88 1.08927837413
60 1.15238142474
86 1.20687773223
28 1.21167882565
76 1.21650313885
47 1.22412709225
68 1.38156504611
37 1.43273920014
73 1.64325626798
56 1.66377848884
83 1.67966159837
29 1.79602324103
65 1.80963249776
84 1.81362764219
98 1.83862222806
82 1.89384485752
30 1.9016242507
62 1.91992701097
46 1.97548743699
32 2.04188851102
31 2.20878372576
40 2.21729214378
38 2.31443506604
89 2.57849323138
35 2.69047018993
93 2.72791603343
43 2.82160520038
85 2.86931849712
72 2.87418445186
71 2.87801821031
36 2.88856403436
91 3.05379463958
42 3.24749048097
94 3.31815503102
99 3.58308043375
26 3.85210251442
92 4.04169127274
25 4.05107171519
16 4.09521487824
27 4.22360117684
17 4.26654395579
24 4.33147610615
7 4.79396271058
87 4.84600501502
100 4.86945090429
90 5.2415398399
96 5.93853381851
21 6.19113331404
23 6.53836966012
33 6.70492533163
97 6.89459471683
13 7.37363910177
20 8.17952851582
22 8.34552072578
19 9.30002025526
6 10.82998433
8 11.6512642956
18 11.974042614
12 12.6318107984
14 14.430003799
5 15.2039267728
10 16.6996953034
11 18.5837780013
15 19.2306576807
4 21.7617512574
9 22.0284423048
2 25.6392626503
3 31.6349415807
1 38.523258035
0 99.4638905457
