2 0.042997639459
4 0.0504191279934
9 0.074773537598
3 0.084653264666
11 0.0899288238762
15 0.107664507173
10 0.123946053142
5 0.163441103653
1 0.184297448946
14 0.193119955959
12 0.249016793711
18 0.28895161312
8 0.295669682735
6 0.331115857342
19 0.44160593913
22 0.466342393189
20 0.514849011314
13 0.585396506294
33 0.594707493259
23 0.664060237238
21 0.695167858392
7 0.822882522039
27 0.872962767942
24 0.913423742512
17 0.919719795597
26 0.926051478083
16 0.949183280625
25 0.965946442711
42 1.04793561192
36 1.09798846263
43 1.10966381792
35 1.13507521366
38 1.21735313618
40 1.24833924052
31 1.25876421715
32 1.31503183334
46 1.32741596553
30 1.40109584057
29 1.411784469
98 1.42202928324
56 1.4362684893
37 1.541056343
28 1.61818685251
60 1.64146421699
47 1.68077167325
34 1.76725060216
64 1.81192426725
39 1.8434097378
78 1.9363443531
52 1.94104713332
55 2.00316306536
51 2.08655781402
61 2.10919315215
49 2.13061009064
66 2.15923529394
58 2.20496653838
81 2.2136154836
53 2.22078450395
50 2.26826372525
59 2.2755058982
77 2.31751455575
54 2.33225040603
0 2.5344378571
67 2.5765822501
70 2.58579713525
44 2.64532525958
41 2.75857063617
69 2.76126944522
48 2.77914344639
95 2.81948564701
57 2.95004361972
63 2.99321452016
74 3.11014567865
68 3.18069853753
79 3.19214216651
83 3.25496789075
76 3.25955050577
75 3.29307569366
86 3.30864596052
84 3.32883378045
80 3.44220738548
73 3.45441470005
45 3.48128652258
82 3.52837931636
88 3.56282306342
93 3.68925837488
71 3.73129109503
65 3.73219313182
72 3.75911317005
89 3.91008098572
62 3.96440375787
99 3.96986582562
85 4.30634831949
91 4.30719349261
100 4.45374782443
94 4.55268922325
92 4.79098067662
96 4.82343652124
87 5.03796620529
90 5.10808741228
97 5.14395062211
