68 0.222856692701
76 0.232171909901
83 0.255194233925
86 0.260041189252
79 0.264395205021
84 0.282352368789
95 0.292844623995
73 0.292941614431
82 0.327720876158
70 0.426472994986
65 0.462629639784
67 0.469020976253
75 0.47729057951
45 0.479048982966
63 0.514917184485
44 0.518882770441
93 0.524914797519
48 0.553717433092
80 0.559561124878
71 0.572717671439
72 0.575117331679
74 0.578600424013
89 0.585685464358
88 0.586546811871
69 0.588903547997
57 0.621960576691
41 0.686877112357
77 0.733186622682
62 0.748317880622
59 0.787404883854
50 0.789409449345
99 0.841466171283
81 0.863967256381
58 0.87322121595
91 0.975809535619
66 0.976272203868
53 0.976389946053
61 1.03417285519
85 1.03724862157
49 1.07727221189
51 1.13095278697
55 1.2888131291
54 1.32761164688
94 1.36503163703
100 1.43548009512
52 1.44501535548
78 1.50874877312
39 1.62800068072
92 1.69170351966
64 1.72146755573
34 1.85044487401
96 1.99383755211
87 2.08270264974
47 2.11916344939
90 2.19595368311
60 2.23375051982
28 2.31414138418
97 2.5545107561
56 3.02913733846
98 3.08194536764
37 3.26038670985
46 3.51001936819
32 3.57748873622
29 3.71942098649
31 3.82456377478
30 3.89663283575
40 3.95267478389
38 4.10470027431
35 4.59199428527
43 4.6947317754
36 4.77444655543
42 5.11927975695
26 6.05699682708
25 6.48403947744
27 6.51275890835
16 6.52032173921
17 6.70845764913
24 6.7856520556
7 7.26130375474
21 8.84710106543
23 9.22361020925
33 9.25048722998
13 10.1093767506
20 10.9526437031
22 11.0692218212
19 12.1213483631
6 13.681469573
8 14.5144399489
18 14.8410128265
12 15.5113747061
14 17.2958533339
5 18.0721378586
10 19.551465819
11 21.373212063
15 22.181961035
4 24.4774593015
9 24.8613897732
2 28.2229310144
3 33.9246155977
1 40.3613205419
0 95.9724596122
