3 0.260757385934
2 0.322386409388
9 0.454541004084
1 0.598419369501
4 0.642345881969
15 0.688362054566
11 1.1375916845
10 1.28961831623
5 1.6212518786
14 1.96742469824
12 2.17480742814
8 2.57574837009
18 2.65744769153
6 2.72669020887
22 3.08654754388
19 3.7345048191
33 3.82404399719
20 4.17464307102
13 4.67242262871
23 5.19167236464
21 5.36417615418
27 5.81749512149
7 5.90480640316
26 6.10821656144
42 6.5263996094
24 6.70526328568
17 6.71856921823
16 6.92517090542
36 6.94974478739
43 7.06312661782
25 7.09115217882
35 7.30078208058
38 7.83397703893
31 7.8786178102
40 7.99691158439
32 8.15851677677
46 8.31817533922
98 8.60325574486
56 8.93443283513
29 9.64059271335
30 9.76521227159
28 10.0185362306
60 10.1611148321
47 10.2639772815
37 10.5911710823
34 10.9013726416
64 11.3249199322
39 11.3777006552
0 11.6311252384
78 12.1566270077
52 12.1712346863
55 12.4470371317
49 12.8685122233
61 12.9494718666
51 12.9870424013
66 13.2509619607
81 13.3683011272
58 13.4665813086
50 13.9638409355
77 13.9656063879
59 14.0459084752
53 14.111133883
67 15.529887003
54 15.5612699211
70 15.8674464073
44 16.6774168605
95 17.440993874
48 17.7579954009
69 17.8043739005
41 17.9394723269
57 19.1645278707
68 19.1930266845
63 19.2742832286
83 19.4792388875
79 19.843786275
84 19.9444714903
76 19.9732986088
74 20.1348059467
86 20.3760960939
73 21.0406146541
75 21.0774779184
82 21.3390490417
93 21.9352244129
80 22.0873213007
45 22.1135818418
71 22.1552078352
72 22.3283327122
88 22.786782873
65 23.0199875597
99 23.5198600099
89 23.6215856323
62 24.9897314801
91 26.295778953
100 26.324229205
85 26.7619125781
94 28.4329045081
96 28.4450471782
92 29.7481789264
97 30.3399889426
87 31.0945718205
90 31.2012420164
