59 0.14238765323
50 0.14854667264
58 0.161843937819
51 0.182039451816
81 0.184159247439
66 0.184208546323
77 0.191139458185
61 0.192683298074
70 0.195150265422
53 0.210277987912
55 0.226092887655
49 0.244951600564
67 0.252354840655
52 0.262303826671
78 0.272084537549
44 0.28342395329
39 0.337684183033
95 0.344691243956
64 0.371570108586
34 0.405122284106
48 0.409712979676
69 0.424216102421
54 0.470805520142
41 0.472834952522
47 0.529623316929
60 0.549045307164
28 0.584036101789
63 0.593810154088
57 0.610150822828
79 0.65690031755
68 0.662943673747
76 0.719213658711
74 0.739312973947
83 0.762742762987
86 0.779732609885
84 0.846399049333
75 0.862924180764
56 0.88793839113
73 0.94585751512
98 0.980423397029
37 1.0201348168
45 1.05515748267
80 1.05651759257
82 1.05979889167
46 1.11165446615
32 1.15914275369
88 1.19570202729
29 1.2099176026
31 1.28445071087
40 1.30249083628
30 1.30973193933
65 1.32064522924
93 1.3648083203
38 1.39003938271
71 1.43850938045
72 1.46686499713
89 1.59668905002
35 1.63717952668
43 1.7081472339
62 1.71594143872
36 1.75949512195
99 1.85742223657
42 1.97117264355
91 2.22406204661
85 2.26319836337
26 2.40969981523
25 2.63489749524
16 2.64798604199
27 2.65714441686
94 2.71988425383
100 2.72498074167
17 2.75186560591
24 2.80083911658
7 3.05946679667
92 3.18245754574
96 3.46220971199
87 3.69610580191
90 3.84535863244
21 3.97270454139
97 4.15456357143
23 4.19591762209
33 4.3678169275
13 4.72303951712
20 5.22987572102
22 5.45037374511
19 5.94175432134
6 6.9286562362
8 7.45189639881
18 7.65020580397
12 8.0932105044
14 9.22113299773
5 9.74049828186
10 10.7171251347
11 11.896879738
15 12.6145527787
4 13.9910951859
9 14.3502257305
2 16.5369035374
3 20.4685479782
1 24.9443268706
0 65.1518218442
