30 0.174587962486
29 0.184804400091
37 0.273985501655
25 0.287459604447
16 0.292417724747
35 0.303993504851
38 0.304028491463
17 0.325555191233
40 0.337804323796
24 0.340895859956
26 0.374224601867
43 0.380474424002
36 0.398456402088
27 0.420431894082
7 0.451091288958
31 0.474674422214
46 0.498765067649
32 0.526651564931
42 0.569931983429
56 0.618424837921
21 0.818115828209
98 0.820004851725
28 0.83141748856
60 0.843552185913
23 0.926856354587
64 1.04443416682
34 1.04451199682
47 1.09559244573
78 1.11057743816
52 1.18277302883
39 1.18280671616
13 1.20539938948
33 1.28716106416
55 1.3591221789
20 1.49583551771
54 1.51396423214
51 1.52831508609
53 1.65179436628
61 1.74671252446
22 1.81658390823
19 1.92503607619
66 1.99682696798
58 2.01140165326
50 2.01899121941
59 2.0445704329
49 2.17120546138
81 2.17205266565
77 2.52793796354
6 2.5881016318
44 2.60836637722
41 2.64801253825
69 2.74562068139
48 2.79424581115
70 2.82278052692
8 2.9365187055
18 3.06740627767
57 3.14362374049
67 3.26209777298
63 3.35686763292
12 3.39282327225
95 3.45147288817
74 3.61296231609
14 4.21031330932
75 4.27273940465
79 4.3691713148
5 4.60676691367
80 4.67562001711
76 4.84483900105
68 4.88780903712
86 4.90790832016
45 4.93888595555
88 5.08900029504
83 5.33139283048
10 5.36291963626
84 5.59638193247
73 5.62462468225
82 6.00806794987
65 6.21474187573
11 6.30130548933
62 6.63278007744
15 6.9003540683
93 7.09834109486
89 7.28372185264
71 7.31261948572
72 7.34808631017
4 8.02385521136
85 8.12083477794
91 8.31324040979
9 8.33236288679
99 8.35822209095
94 8.89617954158
92 9.93440125924
2 10.2015766825
100 10.2820498443
87 11.0402385192
90 11.5092690959
96 11.7859528099
97 13.0839182287
3 13.6925136575
1 17.8149106235
0 58.0306047272
