86 0.179279320802
76 0.207322380605
45 0.219063113152
79 0.245012779717
88 0.248047237821
65 0.251275402662
73 0.270700928769
68 0.28997564313
80 0.298723612213
82 0.299784690519
75 0.343879227508
62 0.352182101241
83 0.353992212392
84 0.375513093807
89 0.578756926952
95 0.585496423809
74 0.627825951714
63 0.697092887004
93 0.736584478917
72 0.799267330623
85 0.806945391437
71 0.835464054779
57 0.890196949808
91 0.936840942206
48 1.03543273579
70 1.05132745716
67 1.06686035501
69 1.08391678181
44 1.13995075507
94 1.15279000194
41 1.23464599947
99 1.28206715049
92 1.688949312
77 1.71006545395
59 1.94734800509
50 1.96085622013
81 2.05707653321
58 2.12395096471
100 2.29431462902
66 2.30611042723
87 2.35781066411
53 2.38090869509
49 2.42137748911
61 2.51322171117
90 2.6932354423
51 2.77700416142
54 2.89394008487
55 3.15529414619
96 3.24941044018
52 3.51918258885
78 3.68885569162
39 3.86666604163
64 4.11524255401
97 4.15044759137
34 4.35747228631
47 4.79575148763
60 5.19678171974
28 5.35862636494
98 6.80554225334
56 6.89384766946
37 7.71702475366
46 7.95946940987
32 8.07152201655
31 8.63032412112
29 8.79608829
40 9.05766666815
30 9.1802774351
38 9.43020177041
35 10.4788722663
43 10.5761902368
36 10.7319024179
42 11.2050994707
26 13.7090235608
27 14.7384707134
25 15.018078951
16 15.09014987
17 15.5002944231
24 15.6740040039
7 16.6444541415
33 20.0395718811
21 20.2355698102
23 21.0717709656
13 23.0047917824
22 24.0248742226
20 24.8173293403
19 27.3873601954
6 30.5354089983
8 32.414616974
18 33.2221679946
12 34.4649369174
14 38.4864642039
5 40.0038155436
10 43.0881209724
11 47.1561481077
15 47.5401737058
9 53.4872332808
4 53.5361663932
2 61.2628321112
3 73.1316801149
1 86.6495403265
0 200.788580028
