35 0.138450855651
43 0.140660429155
36 0.141640874535
26 0.142267036518
42 0.166218972392
27 0.169624411604
38 0.174750649505
40 0.184590707038
31 0.218108212089
32 0.249335676877
46 0.252325533016
16 0.280861004883
17 0.286008898995
7 0.286992048916
25 0.297734620775
24 0.299492598955
56 0.347317484833
29 0.365173398027
30 0.387501152378
98 0.393896770038
37 0.498208235398
21 0.534107490232
28 0.55084429572
33 0.563597712871
60 0.573644091014
23 0.598434545611
47 0.664386935687
34 0.745923072006
13 0.746396347492
64 0.822139180668
39 0.870637829126
22 0.896865370866
20 0.898773437064
78 0.947397203854
52 0.979671315793
55 1.0946366141
19 1.15646113072
51 1.22570294113
61 1.32714363641
49 1.42811569122
66 1.42883190231
53 1.47775364966
6 1.49516269023
58 1.49689078051
81 1.54965026937
50 1.58895281572
59 1.5944340921
54 1.65452333108
8 1.72701284392
77 1.76759878694
18 1.829533619
12 1.98899624841
70 2.230674729
44 2.29752499727
67 2.32096948109
41 2.51191164055
14 2.53017808781
69 2.5307845673
48 2.55153827744
5 2.75641449388
95 2.76894317825
57 2.93135637659
63 3.04450943457
10 3.22823044258
74 3.3005887328
79 3.59629748628
68 3.72343068846
75 3.7612103196
76 3.83373714859
11 3.84011395595
86 3.93065926459
83 3.95314213212
80 4.11556213339
15 4.13996981736
84 4.1404899081
45 4.24691651593
73 4.34939992523
88 4.42575667157
82 4.60614113475
4 4.92596353547
65 5.01294469714
9 5.07082921877
93 5.17250378128
71 5.30412903501
72 5.36756758015
62 5.53541336
89 5.62152213498
99 6.02490146189
2 6.31565986479
85 6.56337958813
91 6.60255747783
94 7.22746968658
100 7.45749349445
92 7.96664687825
3 8.58460939694
96 8.59951263257
87 8.75214621181
90 9.02448531584
97 9.6101402113
1 11.313523848
0 38.2625578599
