97 0.164202588615
96 0.198630655938
90 0.231451843887
87 0.2831090095
100 0.309814333245
92 0.392174356144
94 0.539115940986
91 0.552057489287
99 0.576774497283
85 0.634593789509
89 0.739138373836
72 0.758303230638
71 0.77653305757
93 0.821082250235
62 1.01076179611
65 1.04460613302
82 1.09168463303
73 1.20425467288
84 1.25243119616
83 1.35604901407
86 1.48878968809
76 1.51443861065
68 1.52425050836
88 1.57158352745
45 1.58266726534
79 1.73701219463
80 1.75223461179
75 1.90302743685
95 2.24397719625
74 2.31209164695
63 2.41459310319
67 2.50462641409
57 2.60908792945
70 2.69135954783
48 2.759953983
69 2.82171668403
44 2.86441570077
41 2.94920547239
77 3.12172393944
59 3.42792810252
81 3.44501766268
50 3.45822878747
58 3.53651260297
49 3.60495642974
66 3.61463516803
53 3.8349919064
61 3.8449338877
51 4.0367521996
54 4.19597364218
55 4.30205136487
52 4.54269496108
78 4.64472499045
39 4.72533111315
64 4.90674188766
34 5.01468699772
47 5.21304279666
60 5.50382023713
28 5.58982947196
98 6.33173386265
56 6.42400495465
37 6.96081779495
46 6.99132903459
32 7.04515988726
31 7.33902795076
29 7.50797386482
40 7.57716845848
30 7.70406979679
38 7.77699690436
35 8.28915200701
43 8.31719271083
36 8.39249634863
42 8.5741145786
26 9.82648706677
27 10.3051872876
25 10.4697736362
16 10.5012151324
17 10.6862144831
24 10.7650206488
7 11.1931056954
33 12.6167933023
21 12.7778995191
23 13.1383271565
13 13.9623394532
22 14.3373525407
20 14.7262124031
19 15.7971835084
6 17.0813986884
8 17.8448509221
18 18.1738108329
12 18.6696796305
14 20.2732656988
5 20.8687452639
10 22.0744906555
11 23.6544539406
15 23.7761256752
9 26.0616407023
4 26.0970746446
2 29.0135389922
3 33.4201546852
1 38.3621478287
0 78.232381049
