72 0.156671907902
71 0.159075868724
93 0.159238882333
89 0.175691061479
99 0.188956191639
82 0.21524515692
73 0.246320979042
84 0.264343472745
65 0.267081674914
91 0.289082903791
83 0.313213557198
85 0.349686380809
100 0.371754913391
86 0.38576609895
76 0.38656158473
62 0.387588881037
68 0.392222114714
94 0.471607830564
79 0.522497386025
45 0.546240256091
92 0.572495874225
88 0.589209436512
96 0.626267430293
80 0.670387296705
75 0.713021777715
87 0.727335958773
90 0.768265965277
95 0.806145448313
97 0.923976352069
74 0.977255437678
63 1.00571913461
67 1.01602599147
70 1.11379057687
57 1.15948489811
48 1.21280205333
44 1.25765191601
69 1.26439709969
41 1.37922394867
77 1.49147925957
59 1.69171612423
50 1.71661734263
81 1.74561064309
58 1.79889064652
66 1.88128828178
49 1.91990373305
53 2.0191520056
61 2.05700545914
51 2.20037008855
54 2.37860518048
55 2.43346382715
52 2.6431481052
78 2.72883434225
39 2.84102080217
64 2.9927623917
34 3.11076923684
47 3.34964363529
60 3.5773228398
28 3.66385514859
98 4.47212923659
56 4.48633605721
37 4.89458923492
46 5.04926292968
32 5.11584463621
31 5.40968522572
29 5.43336091221
40 5.59883029327
30 5.63028603066
38 5.7939125242
35 6.32531143969
43 6.39478449235
36 6.47841069437
42 6.75190543065
26 7.92654083401
27 8.42437046643
25 8.49076531804
16 8.52615071709
17 8.72703329893
24 8.8134544807
7 9.2971448909
21 10.9875136509
33 11.1337903629
23 11.3827527799
13 12.2983837495
22 13.0207793677
20 13.1561680222
19 14.3522054661
6 15.8731704003
8 16.7312230697
18 17.08109327
12 17.7018016051
14 19.5153828764
5 20.2494645915
10 21.6872056527
11 23.5074287349
15 24.0008565083
4 26.471676208
9 26.6511986318
2 30.0290004089
3 35.4398210482
1 41.5282120437
0 92.6043137707
