90 0.168147343683
87 0.190711305676
92 0.304907508387
97 0.457119569049
96 0.481834576643
94 0.487255075295
91 0.596461610574
100 0.612144371959
85 0.656677284891
99 0.964362859784
89 0.964748011308
72 1.16364388161
62 1.17681370347
71 1.2189248698
93 1.26428699442
65 1.32360948406
82 1.52174660239
73 1.69881008059
84 1.85966419763
83 2.00369807076
88 2.02083064356
86 2.05560626146
45 2.06774845901
76 2.1239487581
68 2.20184142449
80 2.30561034075
79 2.41528373134
75 2.56630198693
74 3.20075605472
95 3.26967650862
63 3.39306420661
57 3.68745032267
67 3.87575345079
48 3.98958001704
70 4.04118447222
69 4.06803621848
44 4.19632902195
41 4.25349151862
77 4.85137501033
59 5.25996391393
50 5.28131684448
81 5.32848682844
58 5.45071553533
66 5.63481058353
49 5.69194323627
53 5.79561177373
61 5.91108770629
51 6.24116646475
54 6.28191701568
55 6.64964212627
52 7.03773292995
78 7.22041994964
39 7.36631058869
64 7.61908049849
34 7.86321505772
47 8.25444300034
60 8.66554446346
28 8.8185497282
98 10.0764338393
56 10.2269442311
37 10.9281908949
46 11.1564053355
32 11.2423703102
31 11.7105515943
29 11.8659709814
40 12.1087505683
30 12.1778193343
38 12.4055642569
35 13.2772197072
43 13.3443401042
36 13.4655716894
42 13.8331171091
26 15.8645334249
27 16.6655534684
25 16.8591369167
16 16.9218420673
17 17.2359432954
24 17.3615609747
7 18.1136600138
33 20.5857477554
21 20.7914680896
23 21.4015965405
13 22.8084881877
22 23.5017647465
20 24.1188306507
19 25.9526769107
6 28.1664387597
8 29.464664994
18 30.0240393694
12 30.886175276
14 33.6345056373
5 34.6583280407
10 36.7299510192
11 39.4510217517
15 39.6675806102
9 43.6213207166
4 43.6574889801
2 48.7025107827
3 56.3154061076
1 64.8492854829
0 134.123950806
