97 0.758782036797
96 1.05811513761
90 1.15129028467
87 1.31239896559
100 1.50236428548
92 1.66066134108
94 2.05476153513
91 2.17468229918
99 2.25381692189
85 2.31712578027
89 2.63145174207
72 2.69607665091
71 2.75163006152
93 2.84669645024
62 3.13383845689
65 3.25977106964
82 3.3978387089
73 3.65903479805
84 3.75738138488
83 3.9495050372
86 4.16702505624
76 4.2318720801
88 4.2333415647
68 4.25382689849
45 4.27624191481
80 4.57450380487
79 4.63229113387
75 4.86948822978
95 5.57294426395
74 5.59202216907
63 5.79476138383
57 6.12174861951
67 6.14232165716
70 6.41752470251
48 6.43082829559
69 6.51608136683
44 6.63337631492
41 6.71919907841
77 7.21885877474
59 7.70353974775
50 7.73064822719
81 7.74471527191
58 7.8894507142
66 8.05347927277
49 8.08017442746
53 8.28193601579
61 8.37098879423
51 8.71618091809
54 8.78213250196
55 9.13200238354
52 9.5185460327
78 9.69835121953
39 9.83938314686
64 10.0923976474
34 10.330129763
47 10.7025532392
60 11.1134410744
28 11.2620035885
98 12.4800856542
56 12.6102431981
37 13.2008482231
46 13.4862858488
32 13.5757481153
31 14.0121518929
29 14.0668302274
30 14.3425742562
40 14.3571722658
38 14.6323418675
35 15.434654544
43 15.512463712
36 15.6301321035
42 15.9867676014
26 17.7593675799
27 18.4649224093
25 18.52262386
16 18.5869339507
17 18.8674033693
24 18.9746156943
7 19.6696505636
21 21.9473655516
33 22.0327488334
23 22.4674597564
13 23.6764766444
22 24.5407678687
20 24.804398748
19 26.3472011339
6 28.285084323
8 29.3505582951
18 29.7861970491
12 30.5655983358
14 32.7935301805
5 33.6843644711
10 35.4152033859
11 37.6004195917
15 38.0984298688
4 41.0965014837
9 41.2617542356
2 45.2358547246
3 51.4030143918
1 58.2242469399
0 112.598178823
