97 0.273388413865
90 0.294499894592
87 0.353478172904
96 0.383809531117
92 0.488338405897
100 0.590242141381
94 0.658788513232
91 0.726345794105
85 0.796793182456
99 0.99832614217
89 1.05443516164
62 1.20081247808
72 1.2186397342
71 1.25847082717
93 1.30468504491
65 1.32960461099
82 1.52349725443
73 1.62349001345
88 1.79795500748
84 1.81051476466
45 1.84017524233
86 1.8981101759
83 1.9400854538
76 1.96268968547
80 1.99174200967
68 2.08117609324
79 2.13550477582
75 2.17946510448
74 2.59550025614
63 2.74230708914
95 2.81581575541
57 2.91591914889
48 3.14611821936
69 3.2117448051
41 3.30398072599
44 3.35737012685
67 3.36532494151
70 3.36758934922
77 4.09752119524
59 4.22910755918
50 4.26320048423
81 4.43068709877
58 4.44665302779
53 4.50308860602
66 4.57186450568
54 4.58643163704
49 4.71481655021
61 4.77046397845
51 4.86760890648
55 5.17734018477
52 5.40240523534
78 5.46240188374
39 5.76411477232
64 5.89395178393
34 6.09150474743
47 6.47451891038
60 6.64263722733
28 6.75775824432
37 7.57851632948
56 7.69073208084
98 7.81790089675
29 8.19519925006
46 8.29005777779
30 8.3454394231
32 8.39687399914
31 8.70263027103
40 8.77384641367
38 8.96561371736
35 9.53133009304
43 9.6834330521
36 9.79014010126
42 10.1894125322
26 11.1048277398
25 11.2315945997
16 11.3014880323
17 11.5126927504
27 11.5671699873
24 11.5837061347
7 12.1770599602
21 13.6452899836
23 14.001868394
33 14.4966872792
13 14.867639545
20 15.6923554895
22 16.2064467129
19 16.7618446375
6 18.3115038707
8 19.0270049494
18 19.2688770266
12 19.955653369
14 21.442752565
5 22.1773624935
10 23.4757845503
11 24.9646268191
15 25.968868893
4 27.6320020315
9 28.1252177787
2 30.7484064013
3 35.3666270563
1 40.4386696064
0 81.9557734666
