33 0.107897006054
22 0.140193765369
27 0.314102884757
20 0.344078056615
26 0.362911813083
13 0.363450830561
7 0.38786125892
6 0.390366788406
23 0.391260588435
21 0.393754989104
19 0.394715050923
42 0.463937978441
8 0.487559058433
36 0.551938181659
18 0.554249937211
17 0.554755941396
24 0.557813651702
12 0.558149919178
43 0.574331797758
16 0.596792483168
35 0.628347691384
25 0.639715307141
38 0.767878043961
31 0.801902296863
40 0.806405365695
14 0.81413820019
5 0.882456577423
32 0.882484140468
46 0.916666772255
98 1.06357352687
10 1.08910353719
56 1.1090133023
29 1.26869147447
30 1.29270340512
11 1.40456830788
28 1.47336692771
15 1.51958642633
60 1.52004029361
37 1.54467489657
47 1.58649615282
34 1.7873652841
64 1.92810769609
4 1.94535516589
39 1.96769393404
9 2.01084455538
78 2.1906577378
52 2.21038467474
55 2.34242738894
51 2.53603935065
61 2.58889423005
49 2.60576518013
66 2.69967151556
2 2.70309769543
58 2.80128472536
81 2.80851882967
53 2.93414443575
50 2.97178856045
59 2.98872338648
77 3.06179475589
54 3.3315829756
67 3.73352822196
70 3.77770244545
44 4.00054516437
3 4.03538373111
69 4.36538594325
41 4.38000008973
48 4.38587989915
95 4.44178692276
57 4.89941741802
63 4.9963741801
74 5.33197572466
68 5.40075998602
79 5.47372094339
83 5.5944251025
76 5.64288022681
1 5.71817641323
86 5.78936148761
84 5.80477918726
75 5.82297183607
73 6.18274492322
80 6.25266362403
45 6.34705474196
82 6.40262096494
88 6.59242211424
93 6.85287634705
71 6.97790480387
65 7.02447854052
72 7.05806222212
89 7.52096775011
99 7.70167546646
62 7.74923152421
91 8.7125143442
85 8.7637676026
100 9.17968897649
94 9.52265171786
92 10.2556287936
96 10.336634053
87 11.0260496324
90 11.2292363154
97 11.3645384375
0 24.1439187411
