36 0.334232368296
43 0.350648195997
42 0.355809838675
35 0.398191021415
26 0.454015423699
31 0.48337693983
38 0.48711055568
40 0.514548861967
27 0.540452920243
32 0.557495395581
46 0.596677937462
56 0.80488273884
98 0.80612171392
7 0.989541548237
17 1.10506337632
16 1.11394069964
24 1.15172010806
25 1.19818103554
28 1.26515784792
33 1.28473805689
60 1.33369124348
29 1.33799534664
30 1.45931579421
47 1.49032775784
21 1.69126224339
37 1.71458855325
34 1.72816126079
23 1.85084187621
64 1.94973000554
39 2.01473263193
22 2.10672693542
13 2.17011417937
78 2.3740523528
52 2.40448685635
20 2.48542336975
55 2.61206633649
51 2.95902896621
61 3.07586516236
19 3.09796894405
49 3.26271655677
66 3.3452898184
58 3.46397211644
81 3.51785970004
53 3.69160643439
6 3.74679772852
50 3.7477424032
59 3.78217815892
77 4.03788930645
8 4.30677980215
18 4.58967528367
54 4.65515491596
12 4.88027149688
70 5.26830147796
67 5.35092557355
44 5.72079423606
14 6.18630397169
69 6.49257215147
48 6.52932048931
41 6.56097820198
95 6.62115405475
5 6.65500526188
57 7.61990269463
10 7.71353020821
63 7.77715075288
74 8.52789830103
68 8.66076444324
79 8.71325244888
76 9.09893898294
83 9.13394656524
11 9.16448522128
86 9.42974782896
75 9.49332877191
84 9.59437989894
15 9.7259965815
73 10.2761389693
80 10.4421467426
45 10.5939080211
82 10.7786602209
88 11.1731905362
4 11.6140704538
9 11.9252566615
93 11.9525411199
65 12.0405234422
71 12.2345099493
72 12.41247753
89 13.2014193223
62 13.6518443629
99 13.9434878887
2 14.8191138137
91 15.774645424
85 15.9161346809
100 17.2747233931
94 17.6201326467
92 19.3053773578
96 19.9078005168
3 20.0536499039
87 21.0979730098
90 21.5949077373
97 22.2981499987
1 26.3069882313
0 88.7215303352
