29 0.135266975463
30 0.143719135504
38 0.182923518155
40 0.197305651634
35 0.205165663877
37 0.213340513478
43 0.264566526058
36 0.282728756217
31 0.297514091786
46 0.309510449042
32 0.328675325719
26 0.407450180772
56 0.413843991449
42 0.429183961797
25 0.476694953391
16 0.482234615654
27 0.508894783132
17 0.533906394199
24 0.558430055435
98 0.578312592963
28 0.635900562281
60 0.651895387043
7 0.70014030241
34 0.878129220556
47 0.885213284287
64 0.899491979972
78 1.01901154494
39 1.03554597061
52 1.07976249952
55 1.27177012516
21 1.29235445857
23 1.45365653112
51 1.47282359031
54 1.55126253439
33 1.60252133172
53 1.64699240869
61 1.67901972535
13 1.85412688743
66 1.9542156055
58 1.98393575753
50 2.02964576654
59 2.06021906163
49 2.09325131941
81 2.13765617123
20 2.26272363651
22 2.39770341931
77 2.54191777799
44 2.79789254595
41 2.86538887202
19 2.87139537791
69 2.97223020856
70 2.99758529089
48 3.04410861445
67 3.42980751703
57 3.45341140712
63 3.70232645785
95 3.73773973418
6 3.74162339589
74 4.00882784996
8 4.24067756556
18 4.44297969335
75 4.79709472912
12 4.84492148491
79 4.89201667164
80 5.28156569394
68 5.43559324701
76 5.44290169844
86 5.52828842475
45 5.5974639057
88 5.77843427579
83 5.94737945835
14 6.00000335782
84 6.28778389247
73 6.40398260357
5 6.50990397591
82 6.82712034472
65 7.12846683845
10 7.51927259428
62 7.64694726733
93 8.10471212301
71 8.36156299947
89 8.40740617962
72 8.40968853491
11 8.81426921095
15 9.31830085375
85 9.45630022194
99 9.62792249438
91 9.74043795349
94 10.4074260298
4 11.0885089297
9 11.2892684724
92 11.6781825917
100 12.0262931211
87 13.0362042521
90 13.6297210576
96 13.8912592296
2 13.9450358586
97 15.4649371515
3 18.5292962179
1 24.007623388
0 76.3136260795
