19 0.118647745375
6 0.173309791886
8 0.245656741886
20 0.270929145328
18 0.27589371645
12 0.459305651618
13 0.488754413485
23 0.823956540796
22 0.872964349827
14 0.906742412265
21 0.995377995059
5 1.22502966869
33 1.53722738429
10 1.87400373851
7 1.96594263745
24 2.415076768
17 2.48139671854
16 2.67718779228
11 2.73150982746
25 2.74475426006
27 2.78116081325
26 3.28372301143
15 3.7345605051
4 4.67456321219
42 5.10528630016
36 5.20072462904
9 5.23912647512
43 5.27164738126
35 5.27970944216
38 6.05419385114
40 6.42487379429
30 6.57575270186
29 6.84792413175
31 6.9340657144
2 7.43335557242
32 7.54118769522
46 7.58292243694
37 8.02003971047
56 8.82145063289
98 9.19322286147
28 10.8231034897
60 11.0181424379
47 11.9681771187
3 12.3356096774
34 12.4920098525
64 12.7494059057
39 13.3853576593
78 13.7823031293
52 13.9923425569
55 14.9139217182
51 15.9046722379
54 16.5206698703
61 16.608390682
53 16.8685129419
66 17.5953366755
49 17.8189591887
58 17.9434299306
50 18.3400722401
81 18.4066976205
59 18.4556096214
1 18.6811115772
77 19.9570427186
44 21.8181738735
41 22.1373286646
70 22.3148829465
69 22.5364392646
48 22.8489134612
67 23.3838801581
57 24.3823299595
95 25.0713872461
63 25.2906741917
74 26.4017567813
75 29.164616037
79 29.3218586583
68 30.740560099
80 30.8217894702
76 31.001890287
86 31.3377437069
45 31.8501924203
83 32.2731085931
88 32.4707789814
84 33.3546643921
73 34.0492681852
82 35.3217353216
65 36.6212300814
62 38.4128427904
93 38.8886550621
71 39.6313353331
72 39.8346315666
89 40.3306084328
99 43.3013739223
85 43.8284285566
91 44.6488568782
94 46.7276376727
100 50.300129973
92 50.378361217
87 54.20210264
96 55.6131328837
90 55.8010559167
97 60.0234559879
0 92.3372227047
