97 5.37013785975
96 6.40744299143
90 6.61354866532
87 7.08311673446
100 7.82498116877
92 8.15400569867
94 9.29627804916
91 9.76683165485
99 10.0551823961
85 10.1189945627
89 11.1495009097
72 11.3241323067
71 11.442992873
93 11.7158351456
62 12.2591375475
65 12.7382678344
82 13.1951056356
73 13.7834508199
84 14.1078145453
83 14.6173370168
88 15.0088904882
86 15.0828753906
45 15.1721923507
76 15.2649318512
68 15.3898019839
80 15.8438295929
79 16.1790075062
75 16.6019992202
74 18.2876023781
95 18.5234611079
63 18.8160887088
57 19.5316377056
67 19.8780452605
48 20.3160108807
70 20.4910941557
69 20.531023959
44 20.89665783
41 20.9447676748
77 22.3993552011
59 23.4248984032
50 23.5315761042
81 23.6279836598
58 23.9150888708
66 24.238527787
49 24.3149124979
53 24.7055637094
61 25.027923403
54 25.5383413158
51 25.6754149875
55 26.6488032137
52 27.4604955254
78 27.8070618679
39 28.2719587387
64 28.8168420278
34 29.3236872307
47 30.1590136502
60 31.0173446192
28 31.3449036732
98 34.068955749
56 34.2182221719
37 35.1134891287
46 36.0700253422
32 36.2936508595
29 36.957634489
31 37.2278368781
30 37.4929481892
40 37.825040917
38 38.4259623571
35 40.0939625545
43 40.3070803449
36 40.5718077938
42 41.3547338147
26 44.832113864
25 46.0823240893
16 46.2286146031
27 46.2432089281
17 46.8107107495
24 47.0331464389
7 48.5137904705
21 52.9827615604
33 53.7018578367
23 54.0139411301
13 56.42738381
22 58.6382147779
20 58.6754911497
19 61.6944885347
6 65.6009244207
8 67.6548626086
18 68.4547939589
12 70.0539685566
14 74.2880436797
5 76.0677650951
10 79.4291229721
11 83.5525463198
15 84.924685886
4 90.2904535421
9 90.8390716155
2 98.1758662254
3 109.83047859
1 122.559945768
0 222.076576125
