97 0.806824473302
90 0.953373297627
96 1.1303407168
87 1.13190963275
92 1.60757075477
100 1.66056252216
94 2.17733769129
91 2.41443712258
85 2.59968757538
99 2.64093968922
89 3.13419553285
72 3.24219923689
71 3.31638966991
93 3.45275056949
62 3.84914277213
65 4.0758712668
82 4.28207493956
73 4.65479933014
84 4.79223191229
83 5.09140405239
86 5.47854836221
76 5.58032422664
68 5.59096214675
88 5.62167772608
45 5.69579825279
80 6.18841823201
79 6.23765766716
75 6.67476026518
95 7.6993184521
74 7.88692186048
63 8.21617806213
67 8.43217445184
57 8.78968314864
70 9.05207951622
48 9.26310366504
69 9.41552140681
44 9.56049575165
41 9.78725749595
77 10.1512242417
81 11.060168307
59 11.1171688269
50 11.1905075234
58 11.3607384638
49 11.4531715393
66 11.5396349871
61 12.1859313223
53 12.25683195
51 12.8369875083
54 13.3599818944
55 13.552964554
52 14.2084979815
78 14.5739305482
39 14.6152549725
64 15.1038198215
34 15.4307984168
47 15.8487995796
60 16.716075387
28 16.952521296
98 18.7472679832
56 19.2161169819
46 20.7225310684
32 20.8504209685
37 21.0195381657
31 21.5998191891
40 22.3972747257
29 22.5146978439
38 22.9164956408
30 23.0540484613
43 24.2721364473
35 24.3099347745
36 24.468715023
42 24.7794008839
26 28.4531922709
27 29.7586829343
25 30.5053702988
16 30.5773540328
17 31.0517616874
24 31.2501739847
7 32.30508362
33 35.3852304486
21 36.6422919029
23 37.5978419467
13 39.7624454159
22 39.9937961877
20 41.7616667454
19 44.6212252163
6 47.8121969014
8 49.8469705061
18 50.7877001975
12 51.9619711515
14 56.2669406754
5 57.7074203237
10 60.7767615185
15 64.5596641692
11 64.9961084061
9 70.649861288
4 71.1694945901
2 78.6013176667
3 89.8164006025
1 102.382239655
0 202.338068516
