21 0.166389594729
23 0.175553692332
7 0.205647015652
13 0.216737191192
24 0.27296024041
17 0.277337750373
20 0.288172414126
16 0.307469953687
25 0.327353537033
27 0.335958118073
26 0.409123389873
19 0.427825760882
33 0.545493603242
22 0.66101080397
6 0.731107512971
35 0.759368320164
43 0.775424282756
36 0.778810296806
42 0.806803886212
8 0.883706427059
38 0.907919038627
18 0.932232829501
40 0.974738387516
30 1.10122196938
31 1.12007126954
12 1.12928681767
29 1.13661103975
46 1.24022095665
32 1.25291523036
37 1.44515329486
56 1.51784924482
14 1.53260228432
98 1.65711725898
5 1.78581301756
28 2.00286778707
60 2.05158181764
10 2.25065756731
47 2.27322886615
34 2.42292975039
64 2.5198732158
39 2.66320266103
78 2.77631862979
11 2.78384877547
52 2.83708706959
55 3.08750249518
51 3.335766447
15 3.52036157304
61 3.54449614677
53 3.71242889813
66 3.73478438729
49 3.77581496225
54 3.84001523879
58 3.88364410301
4 3.94679043506
81 4.00380765431
50 4.02631051145
59 4.03647015251
9 4.37077666512
77 4.39967042686
70 5.17595463375
44 5.19225764884
67 5.36007736286
41 5.46054615773
2 5.4648597184
69 5.52590257581
48 5.58435662513
95 6.05483113257
57 6.18204565519
63 6.40660193755
74 6.81558390498
79 7.43701192421
75 7.627172833
68 7.70677950609
76 7.8606574738
3 7.98395898465
86 8.00163172746
83 8.10471540559
80 8.20282320824
84 8.40590117953
45 8.45055359418
88 8.72188539458
73 8.72494042945
82 9.1445049439
65 9.77066152027
93 10.0743354886
71 10.2902112713
72 10.3848862604
62 10.5653813394
89 10.7862816535
1 11.0349410176
99 11.4133298599
85 12.2335577499
91 12.3488336013
94 13.2833443575
100 13.6665972389
92 14.4539224651
96 15.4444066874
87 15.6871252528
90 16.1224472274
97 16.9951562825
0 43.6422631478
