5 0.146733134433
12 0.153694717085
14 0.188784052698
10 0.193147910414
8 0.245570204288
6 0.271558867316
18 0.290823529182
11 0.326953289823
22 0.507994678
4 0.651368289878
19 0.661339858871
15 0.683992971052
33 0.833153211216
20 0.846962903764
9 0.934900480941
13 1.0980114276
2 1.26155872575
23 1.37590883973
21 1.47030272528
7 1.79803674612
27 1.80030770544
26 1.98792900447
24 2.28543211618
17 2.2954037553
42 2.35482139096
16 2.43068181814
3 2.49821064534
25 2.53906336323
36 2.60038401255
43 2.65398143952
35 2.79920580575
38 3.15732725034
31 3.24574756208
40 3.26655611638
32 3.46633269545
46 3.53946389585
98 3.85810317059
56 4.00042537527
1 4.15148592404
29 4.39780410843
30 4.44774186924
28 4.83049664772
60 4.94099345484
47 5.03813381395
37 5.08383197166
34 5.52547567739
64 5.83942931622
39 5.9057913052
78 6.46590296486
52 6.48229068737
55 6.7497291347
49 7.11089671504
51 7.15061207849
61 7.20555476242
66 7.36538559558
81 7.59456051416
58 7.62472868211
50 8.0250046968
59 8.05061505742
77 8.06270931127
53 8.07082073068
54 9.1556144996
67 9.36449614158
70 9.65009529565
44 10.2996787952
95 11.0031289807
69 11.174961519
48 11.1796827321
41 11.2701081779
57 12.3545775105
63 12.4804137208
68 12.7056473779
83 12.9711969486
79 13.1301534291
74 13.2276589566
76 13.310940403
84 13.3484153321
86 13.6508131424
75 14.1212511618
73 14.2435854556
82 14.6290426869
80 15.0273264967
45 15.1031787127
93 15.1974527556
71 15.3991401771
72 15.5857245479
88 15.6792795236
65 16.1058586471
99 16.6646333205
89 16.7766137058
62 17.7896300514
91 19.2359796258
100 19.3413770196
85 19.5510979012
94 21.0948670353
96 21.4461552913
92 22.3914729038
97 23.3682496449
87 23.7414623649
90 23.9581840731
0 26.7115678372
