1 0.980641646624
0 1.30181612568
3 1.62143461881
2 2.41277086345
9 2.98105702504
4 3.08376047907
15 3.50964019919
11 3.78010454577
10 4.19571667271
5 4.61205278564
14 4.87464910559
12 5.38255240217
18 5.66783658188
8 5.74327664846
6 6.02605319811
19 6.74345932412
22 6.90525848011
20 7.23591738968
13 7.65982889824
33 7.73950956291
23 8.12839704313
21 8.32296069122
7 9.13065157622
27 9.46725343686
24 9.558736002
17 9.60862790139
16 9.7601480256
26 9.76480953224
25 9.82124952022
42 10.3952319609
36 10.6956119463
43 10.7588362335
35 10.8936600363
38 11.3189022514
40 11.4842446733
31 11.5355530081
32 11.821919608
46 11.8886078252
30 12.040960958
29 12.1402256981
98 12.3452401655
56 12.4381347325
37 12.7273710632
28 13.3376600767
60 13.4453443056
47 13.6366226827
34 14.0467458229
64 14.2326486435
39 14.401628056
78 14.8023315464
52 14.8318969445
55 15.1312764223
51 15.5152688591
61 15.6281586638
49 15.7575831607
66 15.8722674986
53 16.0256259715
58 16.079951269
81 16.1301373779
54 16.2416714061
50 16.3378624509
59 16.3818043476
77 16.604960126
70 17.7431256062
67 17.7548660833
44 17.8520679005
41 18.1555931373
69 18.2270181292
48 18.3337228479
95 18.6967781721
57 18.9281524469
63 19.1700821359
74 19.5748833876
79 20.2042952827
68 20.2927028401
75 20.4019431068
76 20.5566982656
83 20.6489273293
86 20.7129270578
80 20.9495439035
84 20.9566137401
45 21.1975384493
73 21.4094510328
88 21.440665268
82 21.7192007267
65 22.4012447554
93 22.4717768809
71 22.660392682
72 22.7492396779
62 23.1326472657
89 23.2476969282
99 23.6256383056
85 24.5694803197
91 24.7153699052
94 25.4611989445
100 25.5657558914
92 26.4151400646
96 27.0153399128
87 27.3964895166
90 27.7402474665
97 28.2223603452
