27 0.178175224748
26 0.187381491043
42 0.226128355191
36 0.296852602702
43 0.32292571248
33 0.345045743791
35 0.397523329954
7 0.415918992561
38 0.55544307607
31 0.560872842661
40 0.6014126049
17 0.627890138212
24 0.650885136081
32 0.665623187612
16 0.674019283467
21 0.682595931014
22 0.708994288601
46 0.712513493709
23 0.739466018778
25 0.752960895199
13 0.828702737004
98 0.881695604898
20 0.925867784103
56 0.960711167387
19 1.19768087752
29 1.42890980307
6 1.46284512558
28 1.46334602893
30 1.5122957165
60 1.53714906427
47 1.61589586511
8 1.75920709662
37 1.85851057105
18 1.9147486758
34 1.93427929537
12 2.05395332919
64 2.16000224834
39 2.20465894879
78 2.63147365852
52 2.63464812415
14 2.76449931258
55 2.82723111362
5 3.03112728641
51 3.14702850213
49 3.18014655225
61 3.18603277755
66 3.35396918826
81 3.51629526003
58 3.52633494726
10 3.64679354166
50 3.83894669842
53 3.8613058576
59 3.86703406707
77 3.92317613672
11 4.46672864257
54 4.80156624958
67 5.04244458299
15 5.04523869223
70 5.20229267841
44 5.7210848312
4 5.95582215074
9 6.30805512538
95 6.36629593224
69 6.45408698613
48 6.48309125596
41 6.53669743821
57 7.48097911794
63 7.59701264077
2 7.94143144016
68 7.98276874614
74 8.26158783174
79 8.26245324148
83 8.28499471034
76 8.48486698789
84 8.65464720442
86 8.78463326395
75 9.0802062188
73 9.4177259457
82 9.78689812192
80 9.90620611106
45 10.0006602682
93 10.494440949
88 10.5185217202
71 10.7077328473
72 10.8693751841
65 11.064918831
3 11.2598953197
89 11.8478410333
99 11.9978912979
62 12.5625837419
91 14.1741149475
85 14.3539789083
100 14.7050860954
1 15.2701960734
94 15.8335140256
96 16.8564478501
92 17.1722245928
87 18.587188293
97 18.805465602
90 18.9101634618
0 57.2853986
