6 0.136302931852
8 0.138572249023
18 0.143681703957
19 0.210108800358
12 0.212596735359
20 0.357251328508
14 0.374852033589
5 0.524309677782
13 0.539599148387
22 0.65154801988
23 0.789074667727
10 0.832359081656
21 0.904654266648
33 1.05634271863
11 1.21679623855
7 1.48992386337
24 1.83444632791
17 1.87323381245
27 1.89314174485
15 1.97894012123
16 2.00634439213
25 2.06580599394
26 2.18116260597
4 2.20887390825
9 2.68315991078
42 3.11493831686
36 3.2475467019
43 3.28968277482
35 3.34499820783
2 3.65337122415
38 3.80352078155
40 4.00312413992
31 4.22052030837
30 4.44956644789
29 4.56626611908
32 4.56877535033
46 4.60322141986
56 5.30458864781
37 5.31772929025
98 5.41447416471
3 6.2547847167
28 6.47633379155
60 6.60077307362
47 7.02521762956
34 7.44894600608
64 7.67399178341
39 7.97158308312
78 8.35984117706
52 8.45331337163
55 8.95649964768
51 9.52218203358
1 9.60563148066
61 9.84523822271
49 10.276129178
66 10.2838335549
53 10.2845181538
54 10.5186107182
58 10.5693013364
81 10.7522503149
50 10.8990013454
59 10.9518491821
77 11.5686743864
70 13.2248291734
44 13.273064307
67 13.508755539
41 13.7617908784
69 13.9004290636
48 14.0464128279
95 14.9130730247
57 15.142441631
63 15.5863779488
74 16.3377131542
79 17.570249867
75 17.8824171976
68 17.9888171991
76 18.342720271
86 18.6102934676
83 18.7263980311
80 18.9345420828
84 19.3113898525
45 19.4164638609
88 19.8916292368
73 19.9816689446
82 20.6869846504
65 21.8559980945
93 22.3609978265
71 22.754955586
72 22.9177103385
62 23.2676010078
89 23.6818294449
99 24.7749789267
85 26.2706249831
91 26.5225115862
94 28.1198465711
100 28.8026777421
92 30.183930692
96 31.91376436
87 32.3443041845
90 33.1157188504
97 34.5803513615
0 50.0510235298
