67 0.216686510078
77 0.26691260958
70 0.288963231353
81 0.327800391669
59 0.34036826609
49 0.341805887336
95 0.346213162743
66 0.346698921282
58 0.346923794483
50 0.357002999821
68 0.41106396381
83 0.41591490817
61 0.422120388469
84 0.446566573808
44 0.450697457218
51 0.459431546134
76 0.486866367762
53 0.507025355251
79 0.518170337438
55 0.527136255594
86 0.539569143542
48 0.553893203021
73 0.557659314106
69 0.579400914264
52 0.589877289952
82 0.613697977481
78 0.618947642215
39 0.62710242657
41 0.648179672561
63 0.648324603722
93 0.686325408874
64 0.693730086964
57 0.703515695994
34 0.70481162255
71 0.716345579196
72 0.747697406638
74 0.750543495421
75 0.756990417321
47 0.768939535247
54 0.82701290796
45 0.828888939849
65 0.857323740235
60 0.860090741088
80 0.878164624904
28 0.887873866404
89 0.92754628585
99 0.937456237645
88 0.9415341145
62 1.17566329885
56 1.18551362277
98 1.19766886886
91 1.36444291318
46 1.40812197286
32 1.44079013619
85 1.44238458733
100 1.45100771457
37 1.49730503672
31 1.56215191435
40 1.6332753981
29 1.67498192706
38 1.7240533188
94 1.74747449357
30 1.77793803576
96 1.91507791994
35 1.94460162228
43 1.97203100105
92 2.00938270941
36 2.01254362763
42 2.13449755797
87 2.30814285287
90 2.36994305061
97 2.37552065654
26 2.64391814206
27 2.87005182285
25 2.96605630322
16 2.97016749534
17 3.05622398856
24 3.10056798508
7 3.2913192617
21 4.09986661507
33 4.19679253515
23 4.28978782326
13 4.72512360263
22 5.11848930994
20 5.13603096233
19 5.7256674662
6 6.48375987967
8 6.92034661415
18 7.09820510712
12 7.42067391076
14 8.35313553584
5 8.74455498542
10 9.50921106035
11 10.4647657042
15 10.8724843202
4 12.08263598
9 12.2722404998
2 14.049608449
3 17.0833823237
1 20.5317654644
0 50.9069744972
