91 0.11152585618
85 0.117390588147
89 0.147073942888
94 0.156114232654
62 0.185489113444
65 0.197492688676
92 0.244534427614
72 0.265479898389
82 0.269963843047
93 0.278304025859
71 0.285127123903
73 0.308064414177
99 0.329061418906
84 0.39840593817
87 0.398774488531
86 0.446143192679
83 0.454244979272
76 0.473483461384
88 0.485018424372
90 0.486950267978
45 0.487669929106
100 0.503818560453
68 0.525405993781
79 0.603976500927
80 0.609576525148
75 0.718410440136
96 0.751960620866
95 1.02606464092
97 1.03203519941
74 1.05334746091
63 1.14023498211
57 1.31604967183
67 1.33916511265
70 1.43204207867
48 1.45449237479
69 1.51120496632
44 1.55828676739
41 1.63307241653
77 1.90222560663
59 2.15054944545
50 2.17608663162
81 2.20203604158
58 2.27439623217
66 2.37629161869
49 2.40749690989
53 2.53593926874
61 2.5826996056
51 2.7737500833
54 2.91533240736
55 3.05384708855
52 3.31258624214
78 3.42546591987
39 3.52858136394
64 3.71858124324
34 3.85334582997
47 4.10274780608
60 4.40875691415
28 4.50964916187
98 5.3935348853
56 5.48911732937
37 6.12106712074
46 6.16535558104
32 6.22953536513
31 6.58217968431
29 6.79224941403
40 6.87512781227
30 7.03777466056
38 7.11437518263
35 7.75255162411
43 7.7887735494
36 7.88088708962
42 8.12029902176
26 9.70709579935
27 10.3273336959
25 10.5719061951
16 10.6105530578
17 10.8507520567
24 10.9536809873
7 11.5057539699
33 13.3357343301
21 13.6309711882
23 14.1173439641
13 15.2305757497
22 15.6499671982
20 16.2673755591
19 17.7415632317
6 19.4912124258
8 20.5612867233
18 21.0327137166
12 21.7041880201
14 23.9829730651
5 24.8082094313
10 26.5120014253
11 28.7890252506
15 28.8377933694
9 32.1532860722
4 32.2781928738
2 36.491451427
3 42.9274707833
1 50.2303078194
0 110.651922703
