4 0.104033022284
11 0.111151809208
2 0.111883435207
10 0.138213223944
9 0.142398654201
3 0.149536931683
5 0.155108967207
14 0.159986559746
15 0.169430661322
12 0.206835388572
18 0.210360000268
1 0.220078712762
8 0.224768370736
6 0.253146969028
19 0.288560616376
20 0.334820876547
13 0.369363413918
22 0.404191823373
23 0.412142272637
21 0.433182499416
33 0.495323057825
7 0.538244303933
24 0.563606528412
17 0.570512320316
16 0.584258413765
25 0.585497162662
27 0.618824162531
26 0.657461545236
42 0.786230507195
36 0.7958928744
35 0.797023695387
43 0.797742684577
30 0.838369620279
38 0.843746115316
29 0.861386986807
40 0.865435158967
31 0.903232406006
37 0.923635908595
46 0.939081144586
32 0.941548059834
56 1.01095904996
98 1.04029676642
28 1.12249789519
60 1.13270482247
47 1.18374506239
34 1.21001517369
64 1.2194064051
39 1.25576668119
78 1.26173079889
52 1.27569433321
55 1.3276257713
54 1.35393012457
51 1.37049751655
53 1.4096039787
61 1.4175166848
66 1.45472981225
49 1.47356611991
58 1.48134072058
50 1.49536204704
59 1.49639383713
81 1.5103757356
77 1.58024712609
41 1.62844372111
44 1.63710548276
69 1.65445440919
48 1.66788588314
70 1.67899266855
0 1.71403440003
57 1.72700315388
67 1.73419745172
63 1.77526583028
95 1.79959675458
74 1.81654347518
75 1.94673890284
79 1.97735219362
80 2.01302558494
76 2.06246635669
45 2.06728786589
68 2.06742716936
86 2.07058384778
88 2.08522678406
83 2.13766413453
84 2.17913128426
73 2.19045174608
82 2.25891749312
65 2.2952699372
62 2.34787598728
93 2.41780168884
71 2.44996207598
72 2.45913242906
89 2.46910702632
85 2.58442092344
99 2.60171800742
91 2.62865466048
94 2.69596830419
92 2.84896175322
100 2.88961126175
87 3.00760166091
90 3.0798466095
96 3.10934880427
97 3.29136277948
