7 0.135604322959
21 0.147219719339
23 0.167906518736
13 0.230231898515
27 0.234485660902
24 0.25146256241
17 0.252614410777
16 0.294520361062
26 0.312788208882
20 0.32784927781
25 0.331466352333
19 0.530628422427
33 0.534928640664
35 0.707949674151
36 0.708373197543
43 0.716567343507
22 0.744107388034
42 0.756510829603
38 0.890122179617
6 0.925868640125
40 0.98636668054
31 1.11161351783
8 1.14191990352
18 1.21648798681
32 1.2761105179
46 1.28305418358
30 1.30841452241
29 1.32508091611
12 1.47201013079
56 1.62376846347
98 1.72579983786
37 1.7431295226
14 2.03031949958
28 2.21525143383
60 2.27871282524
5 2.36717089834
47 2.54198235535
34 2.74585196785
64 2.87331943713
10 2.99362617271
39 3.0404517509
78 3.29592628956
52 3.34042294374
55 3.62716941786
11 3.71302177644
51 3.9841753277
61 4.15219144469
66 4.45108743175
49 4.45593014069
53 4.50483970238
58 4.60067893796
81 4.70498207983
15 4.73575432771
50 4.81865156175
59 4.86331241106
54 4.90864262716
77 5.22976175936
4 5.27434362509
9 5.88212182474
70 6.32387159887
44 6.47251726191
67 6.48535682875
41 6.97414977005
69 7.00904648566
48 7.08996963357
2 7.31756201662
95 7.4806535423
57 7.94564396577
63 8.1917683902
74 8.78099867657
79 9.3716306605
68 9.5040213464
75 9.79752809053
76 9.83004788787
83 9.98828083644
86 10.0572316514
84 10.407497748
80 10.5946374133
3 10.695515381
45 10.8548901664
73 10.9699240358
88 11.2710979685
82 11.4209336463
65 12.407536796
93 12.5394495979
71 12.8151145292
72 12.9334219836
89 13.5878312821
62 13.631927029
99 14.2626851516
1 14.7563891847
85 15.7432611059
91 15.8047201682
94 17.1947233183
100 17.2019421927
92 18.7026936169
96 19.4992681247
87 20.2927684711
90 20.7900983727
97 21.5051821599
0 58.1940473931
