62 0.136733498284
65 0.203535407112
85 0.213592864218
94 0.26817124989
91 0.269592811889
88 0.304945221433
89 0.316501495698
45 0.32179780732
73 0.356465598449
82 0.357335588983
86 0.387134264306
80 0.399438628989
76 0.42663436269
92 0.446382008945
79 0.475401599184
75 0.497233187757
84 0.509460253383
68 0.528061622053
83 0.534630793169
93 0.557810407356
72 0.564490241634
71 0.594016040055
87 0.69695687354
99 0.756157169158
74 0.770259281345
90 0.856218882655
95 0.858385358516
63 0.858803042423
57 1.00410430554
100 1.09112443189
48 1.15537203688
69 1.19757906444
70 1.23173824009
67 1.24756851856
44 1.27282656416
41 1.29683802076
96 1.44939851691
77 1.7236793163
97 1.81747985882
59 1.88670936098
50 1.89902442893
81 1.96492242517
58 2.01169483337
66 2.13551857947
53 2.17922834624
49 2.20794322073
61 2.27436781559
51 2.45368180212
54 2.49114047731
55 2.70491011908
52 2.94240161216
78 3.05953161686
39 3.16081543217
64 3.31926828322
34 3.47707390296
47 3.74000230229
60 4.00027302506
28 4.10222089868
98 4.95568715025
56 5.05829309383
37 5.63386864749
46 5.70830062651
32 5.76753344386
31 6.10087233914
29 6.30739940096
40 6.40197393146
30 6.54770131513
38 6.62181199412
35 7.25974281063
43 7.29174321587
36 7.37969483451
42 7.62578548979
26 9.21390634144
27 9.83761316831
25 10.1064012521
16 10.1445996255
17 10.3848545278
24 10.486905659
7 11.0374346576
33 12.8064424633
21 13.2182582214
23 13.7149730168
13 14.8517872091
22 15.1630196445
20 15.911205199
19 17.4334881406
6 19.2005877499
8 20.3096180267
18 20.8113748309
12 21.4800881925
14 23.8613080029
5 24.6918783233
10 26.4435763346
15 28.7277167983
11 28.8330129614
9 32.2127057289
4 32.4255156347
2 36.7966918637
3 43.4919823724
1 51.1090675564
0 114.496079838
