33 18.7297676832
22 18.9000863906
42 19.19227339
15 19.1922993216
9 20.4752119487
98 20.9113300134
32 21.3084143951
36 21.5527157497
43 21.7759786501
46 21.8603769982
56 21.8867910579
47 22.0845114955
31 22.1439519976
26 22.4419674786
27 22.6383128958
35 22.8781249889
40 22.8930222887
49 22.9045634247
28 23.4465630215
60 23.6403815462
38 23.891821618
34 24.2630761022
2 24.3927087076
3 24.5024635455
12 24.9350935943
77 24.9667396016
10 24.9716942006
6 24.9989187239
4 25.2239131755
66 25.2826044971
5 25.4279282449
81 25.5660168529
39 25.6498592837
8 25.8853976855
78 26.0837441823
67 26.2275060052
11 26.303739924
58 26.3341283957
1 26.4455826136
51 26.516650521
14 26.716585295
55 26.9698251108
18 27.0552067241
7 27.0573001218
59 27.102431549
52 27.1034599764
64 27.5444052772
61 27.61163805
20 27.9096205128
50 27.9316331061
19 28.056273691
13 28.6253502769
21 28.9296389574
23 29.0476273808
70 29.181938373
17 29.3556281884
24 29.6087507797
16 29.6915235896
25 30.3174043425
29 31.0058819362
84 31.540202374
83 31.6880505197
71 32.1397186875
30 32.3206183679
93 32.5350196859
53 32.6494775061
37 32.8135515522
72 33.3112285839
68 33.3883475468
73 33.7453336994
99 33.8855620425
95 33.9012724583
44 34.6385622176
76 35.3377704576
82 35.5907503082
100 36.2720880892
86 36.6437837284
79 36.7665494479
48 36.9335962017
89 37.9955896031
54 38.5162315855
69 38.5942037433
96 38.9912021137
41 39.5919373483
63 40.4627388232
65 40.4713770907
57 41.2282694433
0 41.4636047957
91 41.5181746467
75 42.2938757611
74 42.3142664381
45 42.9319942623
97 43.0848141523
80 44.0415725438
88 44.6643242216
62 45.7970001629
85 46.456980333
94 49.017561292
90 49.3526053168
92 49.9375609976
87 50.8676276549
