90 0.212518779244
97 0.214130104613
87 0.271419234079
96 0.278365913484
92 0.426702207676
100 0.437624307683
94 0.632297745476
91 0.696465581361
85 0.786674131687
99 0.793871970124
89 0.976515167818
72 1.02520596534
71 1.05419828117
93 1.11054331543
62 1.29523210291
65 1.3733535877
82 1.45402397673
73 1.61455407845
84 1.6761785141
83 1.80793121337
86 1.98123118153
76 2.01778439773
68 2.02612622867
88 2.05680559151
45 2.08385200024
80 2.30441033946
79 2.31423225048
75 2.51796949677
95 2.98674171068
74 3.06719009689
63 3.21356001513
67 3.32261162833
57 3.47294228288
70 3.58480810527
48 3.6876063585
69 3.76454025534
44 3.82283167272
41 3.93479521301
77 4.12322295615
81 4.5441095305
59 4.55826376207
50 4.59051758182
58 4.68080010119
49 4.7523836225
66 4.78854039302
61 5.08139446751
53 5.10388576592
51 5.36804074642
54 5.61203042062
55 5.70676220364
52 6.03380430448
78 6.18399638292
39 6.23939343541
64 6.48547187262
34 6.62314184477
47 6.85472411297
60 7.26238325537
28 7.371232096
98 8.28276803539
56 8.46793254227
46 9.21523885622
32 9.27140013448
37 9.3052387755
31 9.65560295826
40 10.021094008
29 10.028652405
38 10.2821181386
30 10.2978343674
35 10.9547573103
43 10.962271657
36 11.0524087365
42 11.247109981
26 12.9996195111
27 13.642247491
25 13.977045126
16 14.0113041393
17 14.2523188054
24 14.3582926916
7 14.8925236516
33 16.5447111347
21 17.0380834919
23 17.5198786587
13 18.6095672905
22 18.8385141708
20 19.613953291
19 21.0442389866
6 22.6829089898
8 23.7132007749
18 24.1762937055
12 24.7822571391
14 26.9526376959
5 27.7031669268
10 29.2796176424
15 31.293135711
11 31.4107867108
9 34.3758907021
4 34.5872627623
2 38.4007593636
3 44.1837014056
1 50.6915130719
0 102.878000902
