7 0.148179825769
21 0.161234462508
23 0.176508320647
27 0.203332764512
13 0.217128714186
17 0.25323638668
24 0.254285617774
26 0.266314828265
20 0.282214813037
16 0.28763751095
25 0.320066932036
33 0.366484886527
19 0.433162673404
22 0.507093230398
36 0.583192898877
35 0.589650310456
43 0.589820002173
42 0.598871977768
6 0.697792680938
38 0.740882841795
40 0.806791283791
8 0.866284750147
31 0.911098726975
18 0.933431166173
32 1.0356396136
46 1.04026969754
30 1.0846661847
29 1.09473825192
12 1.1017931957
56 1.30861560369
98 1.3995569981
37 1.42118032856
14 1.53759863833
5 1.77395251233
28 1.78236041996
60 1.83370158627
47 2.03565339454
34 2.20086908898
10 2.23509001844
64 2.31592412051
39 2.43938005437
78 2.60962069766
52 2.65744950909
11 2.791038389
55 2.88495553936
51 3.14843323017
61 3.31062049621
15 3.44105933281
66 3.5204983768
49 3.52531402631
53 3.56961674903
58 3.64648302508
81 3.73767876377
50 3.81202342606
59 3.83302669245
54 3.85419703455
4 3.94233498043
77 4.13821740712
9 4.32070129839
70 4.96411264959
44 5.06866110989
67 5.10738076193
41 5.43702918999
2 5.45916469845
69 5.47038466234
48 5.52262788491
95 5.86822102892
57 6.17594543357
63 6.36958717236
74 6.8167994507
79 7.29340182738
68 7.44815230471
75 7.59524878611
76 7.66717428649
83 7.82322243824
86 7.83691197767
3 7.98397824976
84 8.13931198027
80 8.20050072321
45 8.40576796248
73 8.52747117734
88 8.71843238551
82 8.90697946655
65 9.62123529469
93 9.78810892396
71 9.99674095456
72 10.0957232796
62 10.5250807082
89 10.5555569407
1 11.0482754065
99 11.1232351776
85 12.1508027408
91 12.196884958
94 13.239421094
100 13.371894135
92 14.3953848021
96 15.1345370376
87 15.6137354476
90 16.0075301423
97 16.67768414
0 43.7379469587
