15 0.229342545226
9 0.336455715797
10 0.367651215757
5 0.395087115615
22 0.420413112622
12 0.424955047292
11 0.446698249933
4 0.461479987353
14 0.480628378078
6 0.508850340365
8 0.516399741864
18 0.574770124635
2 0.579842618002
33 0.585172332418
19 0.798106305719
20 0.885513112497
3 0.940137139928
13 1.01886321952
23 1.15558111778
27 1.18910032852
21 1.19541972988
26 1.26900885152
7 1.29603568613
42 1.33616841465
36 1.51468289056
1 1.5327967933
43 1.54718982268
17 1.56884048083
24 1.56982018761
16 1.63413102853
35 1.64006541112
25 1.69375353592
31 1.81505846962
38 1.82160591015
40 1.84996626094
32 1.89305938511
46 1.94234404913
98 2.04524832694
56 2.14457834438
29 2.48914795801
28 2.53791948165
30 2.5414515502
60 2.58969822957
47 2.59719562122
37 2.81658757042
34 2.85337602552
39 3.04233807597
64 3.04825943998
78 3.28512760683
52 3.31302804062
55 3.42336935402
49 3.50564835527
51 3.58638510518
61 3.62876163218
66 3.66172162241
81 3.75865377982
58 3.78549877848
77 3.9482178211
59 3.9770126386
50 3.97783434316
53 4.06557443719
67 4.52110645639
54 4.57335747067
70 4.67646050598
44 5.00334969604
95 5.30702223337
48 5.38198097598
69 5.4151066058
41 5.4583288872
57 5.91490484531
63 5.9652800877
68 6.01179009094
83 6.10520039552
79 6.20376769084
84 6.26015099842
76 6.2737108165
74 6.2803828975
86 6.42150058958
73 6.64082872439
75 6.65214802729
82 6.83024655654
80 7.0297516667
93 7.04436466355
45 7.05922476515
71 7.12480801091
72 7.21329430665
88 7.30059102825
65 7.46093239122
99 7.67377066177
89 7.72988478474
62 8.17825424817
91 8.73008652485
100 8.80086886821
85 8.90918986518
94 9.54536472217
0 9.55546929703
96 9.69109606193
92 10.0827400525
97 10.5137381905
87 10.6389859518
90 10.7145125153
