22 0.136995852868
33 0.197708293055
6 0.210058477268
20 0.225188936508
19 0.230314355653
13 0.274447391067
8 0.27644056249
18 0.323578282943
12 0.337186115219
23 0.342705516985
21 0.367406155457
7 0.480059702501
27 0.510802979294
14 0.543846848964
26 0.601497137534
5 0.617185196069
24 0.661947648227
17 0.668106161878
16 0.722761014811
25 0.762848913797
10 0.815859354206
42 0.85488039365
36 0.942688708236
43 0.965983039292
35 1.01363757118
11 1.10651251243
38 1.19916409184
40 1.26466871872
31 1.30629056938
15 1.31627414826
32 1.43002598478
46 1.45935771677
4 1.66279619699
30 1.67438151606
29 1.68258889248
98 1.72223439846
56 1.72935080412
9 1.78924321003
37 2.01611730855
28 2.20978966123
60 2.26557520263
47 2.39542256967
2 2.4546647229
34 2.61519617028
64 2.75495980045
39 2.84158019891
78 3.06275533938
52 3.09635131741
55 3.28792611977
51 3.52798858776
61 3.63433676738
49 3.72969897638
66 3.79175360759
3 3.86177607461
58 3.92015780445
53 3.94576984833
81 3.96453021727
50 4.09851489175
59 4.11808385357
54 4.24345858991
77 4.29583371475
70 5.10162312668
67 5.13240532399
44 5.25238283317
41 5.59391295771
69 5.61495282274
1 5.6554716622
48 5.6564999022
95 5.88268308383
57 6.21445708101
63 6.37093530015
74 6.74067846781
79 7.09661559348
68 7.14825120771
76 7.37087213731
75 7.38053860604
83 7.4267397745
86 7.51836244262
84 7.68123630306
80 7.87389984853
45 8.03812020341
73 8.05632252491
88 8.29167802962
82 8.3537768053
65 8.99055796454
93 8.99440204944
71 9.1572218773
72 9.24391822359
89 9.69817901185
62 9.74243846131
99 10.0456385814
85 11.0253541601
91 11.0466682035
100 11.8386725979
94 11.8955342932
92 12.7990495975
96 13.2371915815
87 13.746967686
90 14.0419890305
97 14.4620202024
0 26.0170134934
