5 0.415757907618
12 0.443873446852
14 0.443997465198
10 0.46044946801
8 0.528166647389
18 0.554479286983
11 0.571444147621
6 0.572040391314
4 0.897505714674
19 0.927564354397
22 0.950350517448
15 0.993043930426
20 1.12612795007
9 1.21584856149
33 1.32157044685
13 1.37387972849
2 1.50290410264
23 1.65322253374
21 1.75392073399
7 2.14232599369
27 2.24152242805
26 2.44718313397
24 2.5896341057
17 2.60288884234
3 2.72122916263
16 2.73396560888
25 2.83136466448
42 2.92901083461
36 3.14368019868
43 3.18717982471
35 3.30491100498
38 3.66633718848
40 3.77795921511
31 3.82561321978
32 4.05616218517
46 4.10879734165
1 4.34674599023
98 4.52991761429
56 4.58953085168
29 4.73933825978
30 4.75743441591
37 5.40413225252
28 5.43915131944
60 5.54382497418
47 5.69587503503
34 6.14168928232
64 6.43562134331
39 6.53219698502
78 6.98587030753
52 7.029249848
55 7.33240995628
51 7.71332261665
49 7.82580535132
61 7.85551247566
66 8.01281980937
58 8.27991919426
81 8.30165250183
53 8.57934726742
50 8.63883331477
59 8.64639146319
77 8.78277868465
54 9.44530329704
67 10.0886461564
70 10.2555970645
44 10.7708814781
69 11.5506608096
48 11.5579422482
95 11.5947635989
41 11.6032920162
57 12.666963396
63 12.8309741077
68 13.4178796321
74 13.5388111879
79 13.6366901512
83 13.7282799689
76 13.912750697
84 14.0945180273
86 14.2165752259
75 14.4671497517
73 14.8525069984
82 15.3120727898
80 15.3423629836
45 15.4684999643
93 15.997853206
88 15.998951908
71 16.2085407495
72 16.3910545948
65 16.6235918695
89 17.4305411493
99 17.5060786736
62 18.1518917738
91 19.7330353515
85 19.9803438095
100 20.1843375578
94 21.4595307397
96 22.2998235984
92 22.7795133289
87 24.1551531655
97 24.2296301507
90 24.4338762423
0 26.7233757261
