15 0.162539917323
9 0.185670753096
4 0.218434130942
11 0.369030383372
10 0.471127899212
2 0.481069372388
5 0.76050036584
14 1.04945864659
12 1.3960284259
3 1.54536881782
18 1.83124907322
8 1.83330868292
6 2.10277218243
22 3.04693035571
19 3.22174107508
1 3.43438508721
20 3.89628270246
33 4.28325679859
13 4.58662136212
23 5.35897314847
21 5.66350541829
7 6.90290050651
27 7.3034663355
26 7.85021666069
24 7.85792120153
17 7.92755908177
16 8.2339743996
25 8.40377579261
42 8.99784455406
36 9.61613555843
43 9.75160508883
35 10.053130606
38 10.948463243
40 11.2684135469
31 11.3449973991
32 11.9243443873
46 12.0841175302
30 12.9577714063
98 13.0420217038
29 13.0709686157
56 13.2652601945
37 14.4520428206
28 15.281448784
60 15.5240905209
47 15.9328366969
34 16.9176781688
64 17.4501457715
39 17.778878609
78 18.7718654658
52 18.849362001
55 19.5497861058
51 20.4639868947
61 20.7425125325
49 20.9478500288
66 21.2881979583
58 21.7992246007
81 21.8912574829
53 21.9520824562
50 22.493708631
59 22.5790702851
54 22.9566467296
77 23.0501203074
67 25.9735638608
70 26.0441208489
44 26.5983604405
41 27.7137498701
69 27.7997710778
48 27.987935485
95 28.6616881791
57 29.8003732906
63 30.3401965445
74 31.5443360799
79 32.7556807163
68 32.7855815772
76 33.6010646768
83 33.6575295633
75 33.6640241518
86 34.0911225486
84 34.4868628661
80 35.2498152085
0 35.5377608069
45 35.794961839
73 35.8223121733
88 36.5928565291
82 36.7074330174
93 38.6219447378
65 38.8233387217
71 39.1254923997
72 39.407788686
89 40.9874402618
62 41.1930754817
99 41.8546011717
85 45.1607100121
91 45.2812314454
100 47.3891620882
94 47.836930083
92 50.5704595185
96 51.6281255436
87 53.4119297009
90 54.2922867888
97 55.2794349
