75 0.193457042904
79 0.208907221055
80 0.209120733877
45 0.215756406211
74 0.218244772757
63 0.223612712462
88 0.230968645877
57 0.25304182411
86 0.257715461258
76 0.269694822638
48 0.272567319919
95 0.286064793158
69 0.296794043225
41 0.320155905937
44 0.32479790247
73 0.334631041531
68 0.353098254969
70 0.363523157376
65 0.364368832932
62 0.396501841581
82 0.419694642806
83 0.420458652585
84 0.435682809882
67 0.473490984533
59 0.575233226006
89 0.585868884992
50 0.590214883146
77 0.618901674393
53 0.650225134735
58 0.666051448393
85 0.669042187692
93 0.674920972601
81 0.691713028183
91 0.707341059516
54 0.708384255417
72 0.718030622948
71 0.72014732808
66 0.722708207791
51 0.768339491442
61 0.769690580083
49 0.814975311916
94 0.82061671362
55 0.884281954249
99 0.950885437099
52 0.965341115707
78 0.982458671824
92 1.07133711932
39 1.12420336845
64 1.17751993194
34 1.25267380292
87 1.36641017281
100 1.38802010685
47 1.43062234703
60 1.49044341238
90 1.51011406218
28 1.54181208069
96 1.79233302965
56 1.98069067289
37 2.04474938609
98 2.04606323564
97 2.18302589838
46 2.28540827271
32 2.33434161067
29 2.36210625488
30 2.46674473176
31 2.49881192427
40 2.55915680036
38 2.66915774112
35 2.979958237
43 3.04542300143
36 3.09968650055
42 3.30129324447
26 3.9266054988
25 4.20315610291
27 4.22517075292
16 4.22961117257
17 4.35744229904
24 4.41050659614
7 4.73071977728
21 5.79302819011
33 5.97718142299
23 6.04743657568
13 6.64470937833
22 7.17488747534
20 7.20988162439
19 7.99991117826
6 9.02084680884
8 9.59523323392
18 9.83019287343
12 10.2513587673
14 11.4841681244
5 11.9844838456
10 12.9694440392
11 14.2302469847
15 14.5395708108
4 16.2849818978
9 16.383514053
2 18.7713371551
3 22.5893114127
1 26.9335503341
0 64.185875606
