7 0.123354361366
24 0.126732348886
17 0.12904506199
16 0.146665154117
25 0.160090412511
21 0.200145450145
23 0.250378347874
27 0.302485644489
26 0.364544806761
13 0.410204477777
20 0.613773123198
35 0.695945707935
43 0.761136207329
36 0.770343782853
38 0.843659555389
42 0.919841887925
19 0.932404421584
40 0.946172642682
30 0.96688446524
33 1.006902227
29 1.01315470851
31 1.15117408871
46 1.29799690414
32 1.3188602549
22 1.3605978483
37 1.38553920529
6 1.59170881344
56 1.64013015202
98 1.85279862792
8 1.88162932144
18 1.96151360297
28 2.21970339804
60 2.27201881765
12 2.35834025048
47 2.62387668364
34 2.74666611406
64 2.82372227464
39 3.04405658043
14 3.08698643287
78 3.18614553415
52 3.2572821422
5 3.56150897255
55 3.58750758334
51 3.95009635138
61 4.20043137702
53 4.38314171437
10 4.39742444241
54 4.53729516962
66 4.55550750615
49 4.66327857242
58 4.69411997001
50 4.85956704552
81 4.86545646794
59 4.90645670671
11 5.32167457234
77 5.44909127745
44 6.41224197611
70 6.44622614418
15 6.66210966273
41 6.77430638525
67 6.78818244227
69 6.86586394316
48 6.96409138959
4 7.34911571557
95 7.63676178421
57 7.78296228502
63 8.09826010719
9 8.12603807599
74 8.67079446009
79 9.57482962627
75 9.81949472569
2 9.9457495079
68 9.95440340634
76 10.1827133308
86 10.3778002685
83 10.5523481004
80 10.6346929048
45 10.9889882613
84 11.0073134542
88 11.3721867303
73 11.4651054736
82 12.0068011675
65 12.8735967677
93 13.4026909454
71 13.7249442539
72 13.831085661
62 14.0096633873
3 14.1721240011
89 14.3375645176
99 15.3438141449
85 16.4110010512
91 16.591557659
94 17.9280815779
100 18.5850388739
1 19.2014654922
92 19.6225240343
96 21.1228358545
87 21.413221529
90 22.0422210072
97 23.3203920027
0 71.7255843966
