79 0.367690680074
86 0.397448050098
76 0.398985201938
73 0.410617239875
75 0.42688477049
95 0.430812363646
45 0.441664689309
63 0.455764763473
80 0.457249120939
68 0.466273774015
74 0.468374848373
48 0.475702014401
88 0.478027628004
84 0.489100091555
70 0.48996456423
83 0.494256336153
57 0.500243333756
44 0.515828124855
69 0.521973793111
82 0.522723891216
67 0.529607084639
65 0.532131490189
41 0.559697121958
62 0.622752529695
93 0.689639961506
89 0.697986207723
59 0.698057831075
77 0.704139162718
71 0.723157985826
50 0.732786185528
72 0.738747973109
58 0.792399322068
66 0.808990114509
81 0.811622483617
53 0.843824413579
91 0.849765044553
85 0.869241791096
49 0.880915647149
51 0.907209728583
61 0.921028079157
99 0.927880299274
54 0.965217004625
94 1.0436565289
55 1.0460797004
52 1.12800983917
78 1.14131738172
39 1.28211269035
92 1.28417423306
100 1.35378423616
64 1.35477709763
34 1.40982423798
47 1.56209790825
87 1.56869410706
60 1.65652829164
90 1.68569604295
28 1.70383571521
96 1.77336393232
56 2.14590928321
97 2.20118550734
98 2.2146760516
37 2.29124825171
46 2.46248614492
32 2.52143099765
29 2.60206104957
31 2.68830685967
30 2.71619979792
40 2.75024590276
38 2.87512579934
35 3.19116588358
43 3.24865857949
36 3.30992732803
42 3.49379203439
26 4.15044214291
27 4.45672192921
25 4.45825538228
16 4.48275429367
17 4.61101462029
24 4.66556196952
7 4.98020694469
21 6.05098441275
33 6.23192246857
23 6.30661340296
13 6.90527035005
22 7.44665337108
20 7.47106157725
19 8.26084106262
6 9.28962633151
8 9.86372335359
18 10.09585958
12 10.5232324061
14 11.7513970023
5 12.2589163096
10 13.2491786492
11 14.5028890714
15 14.8633207884
4 16.5716317324
9 16.7023145766
2 19.0695291413
3 22.8998833
1 27.2573693167
0 64.6376789517
