92 0.260929880809
94 0.307227709467
87 0.315883476412
90 0.416226824222
85 0.451752958106
91 0.462571923918
62 0.8283973019
89 0.851306319657
65 1.04447722966
100 1.12597407041
99 1.1886786519
72 1.20841784528
96 1.24271949191
71 1.26874466319
93 1.27976631676
82 1.33731323096
97 1.44128255307
73 1.45420500287
88 1.63456458261
45 1.70141132908
84 1.70579306643
86 1.76585685774
83 1.84172550275
76 1.85403649597
80 1.93421143224
68 1.99549899064
79 2.10899771583
75 2.22402432836
74 2.91405612662
95 3.04175282665
63 3.1390270825
57 3.47090366341
67 3.72134646627
48 3.81332456494
70 3.88925039538
69 3.91053099411
44 4.06669733838
41 4.12331825734
77 4.78883816489
59 5.25009997122
50 5.29617634277
81 5.34122920767
58 5.47650442674
66 5.64570283417
49 5.70388728868
53 5.91632725295
61 6.02169768201
51 6.39409583915
54 6.53852033381
55 6.90016663843
52 7.34735146248
78 7.57971763429
39 7.7220453677
64 8.04060983699
34 8.30831402325
47 8.70526981605
60 9.25570706971
28 9.43719272815
98 10.8917185626
56 11.136215741
46 12.2799032365
37 12.287359036
32 12.3926197845
31 12.9688969822
29 13.4663357747
40 13.5231544803
30 13.8788008563
38 13.9224463956
35 15.0229762985
43 15.0326022414
36 15.193688507
42 15.5125384823
26 18.3304707725
27 19.384591156
25 19.9019552031
16 19.9665450598
17 20.361699096
24 20.5259316384
7 21.4224287041
33 24.1429819381
21 25.0260295953
23 25.8328786855
13 27.6742626144
22 27.9992266077
20 29.3853473942
19 31.8408725699
6 34.6254134861
8 36.3941819384
18 37.2091282792
12 38.247899827
14 42.0287246284
5 43.3102889513
10 46.0391247472
15 49.4437530203
11 49.8007359287
9 54.8977706295
4 55.3536710477
2 62.0857736111
3 72.3380732386
1 83.9362305738
0 178.628378453
