97 0.616074996625
96 0.802707623093
90 0.80353570648
87 0.901931209319
100 1.08983887253
92 1.12934971413
94 1.3908701259
91 1.48357382177
85 1.57731285636
99 1.58834810154
89 1.81694576229
72 1.87989461159
71 1.91442854474
93 1.97895593656
62 2.12587201806
65 2.22904523747
82 2.34391717493
73 2.50431409494
84 2.59198851647
83 2.7267783099
86 2.85815219332
88 2.88083590395
76 2.90584254469
45 2.91342312849
68 2.93578486373
80 3.11663317818
79 3.1692685054
75 3.32266170072
74 3.82461314349
95 3.83067319686
63 3.96662868999
57 4.19313557625
67 4.22276547492
48 4.40705650575
70 4.41250862304
69 4.47188558454
44 4.56138984097
41 4.61164192369
77 4.97085223418
59 5.30023834814
50 5.33154234214
81 5.34439858331
58 5.43993173013
66 5.53987825136
49 5.55683560196
53 5.71865212973
61 5.78375522775
51 6.00614401147
54 6.05899664872
55 6.30978036871
52 6.57044528623
78 6.6961783447
39 6.80683165484
64 6.98673777267
34 7.14531225063
47 7.39434291659
60 7.68824969663
28 7.7937515217
98 8.64941425138
56 8.73551389622
37 9.17215906183
46 9.35036217695
32 9.41896469485
31 9.72897119798
29 9.78486892159
40 9.96525245373
30 9.98045208698
38 10.1691060658
35 10.7359930346
43 10.7825389012
36 10.8695756183
42 11.098826411
26 12.3771044132
27 12.8771146629
25 12.9453699843
16 12.9862774269
17 13.1843707159
24 13.2643916876
7 13.745401379
21 15.3787128421
33 15.3836694093
23 15.7509944932
13 16.6113263946
22 17.1665442552
20 17.4108434609
19 18.5149846956
6 19.8737850607
8 20.6429223854
18 20.9641144981
12 21.5041335352
14 23.1109139081
5 23.7350913198
10 24.9655640737
11 26.5439488204
15 26.821734337
4 29.0277046571
9 29.0951937007
2 31.9773249431
3 36.3907863172
1 41.2734919213
0 80.2661066886
