51 0.272502414645
59 0.299719269147
55 0.308039913958
78 0.308493131853
50 0.312505159923
52 0.314450216188
53 0.320921726612
58 0.331649843157
61 0.334147333016
66 0.335449072043
81 0.389844255542
39 0.421254937987
64 0.430028742998
77 0.430270549404
49 0.446710960147
70 0.467775571268
34 0.480499523533
44 0.551108992748
67 0.569433387996
54 0.601834295132
60 0.617184621934
47 0.647728714394
28 0.655033907523
95 0.715467856246
48 0.728629415204
69 0.746234133679
41 0.794947267814
37 0.939315400601
56 0.964222775059
57 1.03586188416
63 1.03945660442
29 1.12228447234
98 1.15177636734
46 1.1907905805
79 1.20661212239
30 1.22014477129
68 1.25547409572
74 1.2595388513
32 1.26508424601
76 1.32146608593
40 1.34113662447
31 1.38671554382
83 1.40275652761
86 1.40440877793
38 1.42749792692
75 1.4849183619
84 1.51708366764
73 1.64921654401
35 1.70044515851
80 1.77883742414
45 1.7924892397
43 1.81929885404
82 1.83774711313
36 1.88809983232
88 1.99662029059
42 2.19735881035
65 2.21454109018
93 2.25505638891
71 2.35618812691
72 2.40367356473
26 2.52427316419
25 2.60846991086
89 2.61898062798
16 2.63160070111
17 2.74956614996
62 2.78215704591
27 2.78585787491
24 2.79936321907
99 2.92275423894
7 3.12541545656
91 3.51121829061
85 3.56968133463
21 4.08719797836
100 4.12203050206
94 4.22297283803
23 4.33175645019
92 4.86971501832
33 4.91195900438
13 4.92778461454
96 5.14395719703
20 5.51400212434
87 5.57962185754
90 5.77761064431
97 6.10286760681
22 6.12241002038
19 6.31083408084
6 7.52989070748
8 8.10326997527
18 8.29418735131
12 8.87687269744
14 10.1205118569
5 10.7762731854
10 11.943879647
11 13.2675136231
15 14.5057566541
4 15.8056974888
9 16.4733476923
2 18.8779564592
3 23.5996298618
1 28.9653622539
0 78.0547199426
