89 0.1429453743
91 0.144947606555
65 0.169873773609
85 0.173899082016
62 0.195079714985
82 0.23776970399
72 0.243534463302
94 0.248537602992
73 0.249615553259
93 0.258472572525
71 0.262620393277
99 0.268613286612
92 0.33228121655
86 0.336691416708
45 0.346855042896
100 0.355929297996
88 0.357123502336
84 0.362957359527
76 0.365249767944
83 0.412688296172
80 0.426354699952
79 0.428102831102
68 0.446883371267
87 0.459764938795
75 0.484295468366
90 0.501278433686
96 0.519601106398
74 0.691130069481
97 0.721142617079
63 0.745356796169
95 0.766444972079
57 0.85032527195
48 0.948501330023
69 0.991906526483
41 1.05682318535
44 1.06035827289
70 1.07766460232
67 1.13576663551
77 1.58430030094
59 1.61823187675
50 1.64153004694
58 1.77945067106
53 1.78683565822
81 1.79014380645
54 1.87669530519
66 1.87675924468
61 1.99564702586
49 2.0131249466
51 2.04166978887
55 2.25997660685
52 2.41510933076
78 2.4542604432
39 2.698822311
64 2.78591832193
34 2.93978276074
47 3.25540487958
60 3.35528828092
28 3.44540942063
37 4.0681833857
56 4.17434574635
98 4.31275952147
29 4.55405784703
46 4.65070605727
30 4.68268671346
32 4.74203193514
31 4.98909820942
40 5.02746814198
38 5.18366814558
35 5.65139950598
43 5.78906364431
36 5.87972982675
42 6.24079360212
26 6.97881451693
25 7.09889210769
16 7.15341149064
17 7.33508474838
27 7.37462631374
24 7.40075056513
7 7.90546801917
21 9.21429343205
23 9.53589100249
33 9.99473341227
13 10.3147133691
20 11.0591497938
22 11.5337510047
19 12.041230533
6 13.4625086938
8 14.1378163373
18 14.3704193379
12 15.0040924109
14 16.4227948117
5 17.116203929
10 18.359505475
11 19.8031718787
15 20.7659698873
4 22.3908239514
9 22.8670795313
2 25.451597501
3 30.0536567263
1 35.1672266242
0 78.4736818781
