5 0.140279009634
14 0.142582213589
12 0.159100988721
10 0.208953601075
8 0.228674453106
18 0.23499889876
6 0.291039124795
11 0.335331240719
19 0.603079285091
4 0.740014254058
22 0.766076251211
15 0.780975068867
20 0.825863608751
9 1.05498541805
13 1.07406460648
33 1.1955575727
23 1.36912243794
2 1.44021956554
21 1.48875829348
7 1.99683671838
27 2.21447206517
24 2.4064303236
17 2.43689638201
26 2.45479030933
16 2.57148214461
25 2.64789792351
3 2.83124446246
42 3.06117025331
36 3.28046370901
43 3.32637242403
35 3.43712790662
38 3.83291122321
40 3.98251559512
31 4.0608588397
32 4.33796543665
46 4.38989048702
1 4.70854917872
30 4.75940542039
29 4.79624355084
98 4.90028740294
56 4.94647685489
37 5.48207885478
28 5.90321132079
60 6.01475864792
47 6.23304148521
34 6.69000448216
64 6.94558867595
39 7.11197557627
78 7.57655174427
52 7.62149743021
55 7.98412489756
51 8.42858090724
61 8.59221758868
49 8.69664496507
66 8.83906208696
58 9.11926710808
81 9.17822592615
53 9.21655822205
50 9.46825681494
59 9.5022753338
77 9.75343626148
54 9.81509449596
67 11.235279805
70 11.2940801377
44 11.6252572324
41 12.2927147106
69 12.3154636573
48 12.3778697104
95 12.6810889123
57 13.4192862704
63 13.6836540249
74 14.3569885606
68 14.8475894873
79 14.8761597625
83 15.2867090665
76 15.2963298972
75 15.4764858703
86 15.5669464887
84 15.7118118461
80 16.3587856174
73 16.4479459672
45 16.618727754
82 16.9461656677
88 17.086558611
93 17.9081397445
65 18.1724498127
71 18.1765532234
72 18.3362936604
89 19.2819688654
62 19.5742612947
99 19.6319299839
91 21.6872498168
85 21.7174737051
100 22.6513750382
94 23.2486984301
92 24.7540064578
96 25.0035142568
87 26.3228185235
90 26.7543677146
97 27.073811438
0 29.899031612
