29 0.193100829599
40 0.195320426193
38 0.21007544914
46 0.219735296573
56 0.22341932601
37 0.226959367827
30 0.2299677221
32 0.245765942534
31 0.256983293302
35 0.266954042401
28 0.269592982049
60 0.270693668316
43 0.318474367752
98 0.342299240652
36 0.342601720876
34 0.349469202979
47 0.370294827923
64 0.373159143002
78 0.405416036254
39 0.416554808143
52 0.435462349968
42 0.476355671901
26 0.500781260052
55 0.518609196068
16 0.569491372454
25 0.569549764341
27 0.590563333945
51 0.599117226523
17 0.609131836989
24 0.630831784737
61 0.701909821152
7 0.733759340972
53 0.762803733675
66 0.79487041466
58 0.825449472314
49 0.855079245383
50 0.866290693264
59 0.868678417199
81 0.893193247642
54 0.921372226279
77 1.06835649584
21 1.16366667844
23 1.27667986843
70 1.34862221411
44 1.38154505449
67 1.49342107415
33 1.53333173569
13 1.55294188413
41 1.57803469636
69 1.58455898906
48 1.59352012585
95 1.78378883736
20 1.83260292486
57 1.93476653396
63 2.02013639673
22 2.10442337058
19 2.23796123768
74 2.25660535967
79 2.47700829188
68 2.61626112174
75 2.64444093478
76 2.69361281931
86 2.78055115855
83 2.83425681301
6 2.85053570783
80 2.97211147936
84 3.00555539921
45 3.07273574673
73 3.15943603435
8 3.16781586642
88 3.25167392261
18 3.28383141678
82 3.38972983694
12 3.58336288294
65 3.74318362721
93 3.94673530713
71 4.06996345582
72 4.12173164627
62 4.25206967142
14 4.30006662954
89 4.30307835781
5 4.65991540327
99 4.74516055479
85 5.20041930227
91 5.212630466
10 5.32942193914
94 5.84086188199
100 6.07737743214
11 6.12327601097
92 6.54369222713
15 6.77310122462
96 7.14784089744
87 7.29652064267
90 7.54636825925
4 7.62838166158
9 7.97048056476
97 8.10196463862
2 9.49571359193
3 12.4443099217
1 15.8919077677
0 48.8790545231
