97 0.702380640415
90 0.728195321186
87 0.821152786624
96 0.927706627428
92 1.06475641509
100 1.27866655475
94 1.35438751495
91 1.513761976
85 1.59845122381
99 1.9060337216
89 2.01783949155
62 2.22749491002
72 2.24009698312
71 2.29875526337
93 2.36809550996
65 2.4410572077
82 2.71174612233
73 2.87540732618
84 3.11246784782
88 3.12904575288
45 3.20075794336
86 3.27700598182
83 3.29467833568
76 3.3671685556
80 3.41952424485
68 3.50829808012
79 3.63339474189
75 3.70231064256
74 4.30777081892
63 4.52369746018
95 4.57903521705
57 4.77657981458
48 5.1070599784
69 5.19525082266
67 5.28170897761
41 5.33301933116
70 5.35774306634
44 5.39010493266
77 6.28832417736
59 6.54346415391
50 6.59151256575
81 6.760482742
58 6.81219797068
66 6.95912869012
53 6.96822988911
49 7.10462736855
54 7.1573147425
61 7.25982229553
51 7.43895990144
55 7.86241411997
52 8.17892058574
78 8.28800182723
39 8.6191147975
64 8.81425666902
34 9.06790095247
47 9.51954190731
60 9.80903674166
28 9.95850226901
56 11.2165456471
98 11.2969571087
37 11.2979005931
46 12.0296510679
29 12.1355732694
32 12.1643930553
30 12.3542168324
31 12.5729540158
40 12.7405441522
38 13.0088430593
35 13.7747679245
43 13.9249087306
36 14.0653159619
42 14.5059610737
26 15.9193637198
25 16.287308041
16 16.3703810217
27 16.5607912085
17 16.6493319699
24 16.747739886
7 17.498160873
21 19.5463425773
23 20.0322196031
33 20.2756534327
13 21.1933130424
20 22.2902995014
22 22.6065465298
19 23.74185225
6 25.7300370745
8 26.7138721606
18 27.0764397597
12 27.9272647352
14 29.975837029
5 30.9051879053
10 32.6070654555
11 34.6454884361
15 35.6014540737
4 38.1192993181
9 38.5456611476
2 42.1969115228
3 48.2583622651
1 54.9282165192
0 108.882018026
