59 0.186786127944
50 0.196216240215
51 0.200611847257
53 0.211587034126
58 0.219452514366
66 0.233207569788
61 0.236694497238
55 0.244471205222
81 0.261283491507
52 0.265623138721
78 0.270282120042
70 0.275258823878
77 0.28314159594
44 0.31411847368
49 0.318169176228
39 0.359769186778
67 0.374985083893
64 0.379641129796
54 0.407443120842
48 0.422209847477
34 0.424065595963
69 0.430958495359
95 0.439307953926
41 0.462911241855
47 0.558199711455
60 0.56205347227
28 0.597541642592
57 0.613185654544
63 0.618241594121
74 0.760222428809
79 0.774332412498
68 0.860201082164
76 0.884291696617
56 0.897706067185
75 0.925590305058
86 0.935679024968
37 0.955629110921
83 0.99524891399
98 1.01477833504
84 1.08866482798
46 1.11958244903
80 1.12595915003
45 1.15411085364
73 1.15510300144
29 1.15761099481
32 1.17605785739
30 1.25095720567
88 1.28518312808
31 1.29804574826
40 1.30087957405
82 1.30419074571
38 1.38925264053
65 1.52923349246
35 1.64610510168
93 1.69725952421
43 1.72451375557
36 1.78155774393
71 1.78570819867
72 1.81365891644
62 1.89500294858
89 1.90128748933
42 2.00482314465
99 2.26287233886
26 2.43893122136
85 2.53745128841
91 2.54147392043
25 2.63090926927
16 2.64883011297
27 2.69463612594
17 2.75930145425
24 2.80877621612
94 3.01465969962
7 3.09301381292
100 3.23801001962
92 3.53873019536
21 4.04031714663
96 4.06224183222
87 4.11867439276
23 4.27447486367
90 4.31468648621
33 4.4912150179
97 4.82411280872
13 4.83240591512
20 5.37111758534
22 5.62645707333
19 6.12351737635
6 7.17966997344
8 7.73227409486
18 7.93973296812
12 8.4154916448
14 9.61150659383
5 10.1664372153
10 11.2062751924
11 12.4639196674
15 13.2100242857
4 14.6976246833
9 15.0661667664
2 17.4142942435
3 21.6140980078
1 26.4054757649
0 69.5096991514
