75 0.188154477892
80 0.236838790714
79 0.242304574701
45 0.254560223053
74 0.262143821989
63 0.270853290469
88 0.300387920266
57 0.366426849532
86 0.389445856094
95 0.406401765336
76 0.419819162644
48 0.434045894885
69 0.470444758953
44 0.537128694881
41 0.553325279463
68 0.633632157304
70 0.648600578575
73 0.697587676753
65 0.704279590571
62 0.788533827007
82 0.884029668268
83 0.884485929063
84 0.969746308442
67 0.981498582605
59 1.23336110365
50 1.23970467797
77 1.32786052493
89 1.39428098756
53 1.40427850735
58 1.43869212785
81 1.487438946
85 1.59857386412
66 1.62731395512
61 1.68357271578
54 1.69778822876
93 1.75179327122
91 1.76498380201
51 1.78174988496
72 1.87624617657
49 1.88246224779
71 1.90636428517
94 2.03198985203
55 2.06701439156
52 2.31132806855
78 2.41879289077
99 2.64304647219
39 2.6842699747
92 2.77295996756
64 2.82037343139
34 3.0696835576
47 3.53647717011
87 3.64627091465
60 3.72816664794
28 3.87259946353
100 3.98377456788
90 4.08779639882
56 5.1327088399
96 5.15889028253
98 5.18651886683
37 5.56428580577
46 5.99261163302
32 6.11221202044
97 6.26492901393
29 6.4840861057
31 6.55512789242
30 6.8033584004
40 6.84362231107
38 7.13498102855
35 8.04522149269
43 8.1677387031
36 8.31375567706
42 8.81187857438
26 10.8194731346
27 11.7098927412
25 11.8747646293
16 11.9412619473
17 12.3003920907
24 12.447439266
7 13.3178014711
33 16.4747486464
21 16.5161340622
23 17.2619942412
13 18.9981268025
22 20.0196294869
20 20.6386077969
19 22.97688052
6 25.8437233775
8 27.5463498781
18 28.2879972748
12 29.4383561473
14 33.1284834222
5 34.5203479487
10 37.3582672816
11 41.1289254225
15 41.5307670983
4 47.0494476305
9 47.0553776973
2 54.27544326
3 65.3814747425
1 78.0504602982
0 186.53714282
