42 0.24795263458
33 0.35868072074
36 0.375122406984
26 0.388448233329
43 0.398064331778
27 0.398664730893
35 0.490143808658
31 0.509374580955
32 0.538952052889
22 0.579715424045
46 0.585220699848
40 0.590929134761
98 0.592102033635
38 0.602432234332
56 0.70590681564
7 0.711693274173
17 0.934467645608
21 0.953570992969
24 0.962230344154
16 0.97589829323
23 0.991981211817
28 1.0088078062
47 1.01170368396
13 1.01823900848
20 1.03497068549
25 1.05537094467
60 1.06185242688
19 1.18662854751
6 1.19629968846
34 1.28709004743
8 1.38872153348
29 1.42889705228
39 1.46705812723
12 1.50699606519
18 1.51862856266
64 1.52319404423
30 1.54290712266
37 1.74221809634
78 1.79091498196
52 1.79691156235
49 1.81319127304
55 1.87576497079
14 1.95002630307
66 2.03142974919
51 2.03915396002
61 2.03932560777
5 2.04098683876
81 2.10709108366
58 2.17108013372
77 2.2849571034
10 2.35105326836
59 2.41597546631
50 2.42736330022
53 2.67040787421
11 2.82925320763
67 2.90914659181
15 2.96565029693
70 3.20118678245
4 3.57977632621
54 3.5949069966
9 3.66718300598
44 3.78268444931
95 3.98840859857
48 4.35362658304
69 4.39385361195
41 4.52057876242
2 4.61434101151
68 4.75335738603
83 4.81454180939
84 5.00733211012
63 5.10415262057
57 5.11413785457
76 5.17285481684
79 5.1801758539
86 5.41373713232
74 5.58433661354
73 5.59751584293
82 5.81127068499
93 5.97167465389
75 5.97707430032
71 6.05838279443
72 6.19861337517
3 6.39398243094
45 6.47472218443
80 6.52825906702
99 6.77400142784
65 6.81268919088
88 6.8776315138
89 7.02951092268
62 7.96214408089
100 8.29977233554
91 8.54614979839
1 8.57780330554
85 8.87582351533
96 9.54355109604
94 9.83110420526
92 10.5567870917
97 10.735924834
87 11.3227257046
90 11.3874599203
0 31.570248459
