100 0.167019292397
99 0.242955667271
96 0.246109133331
72 0.377880415919
71 0.391061278526
97 0.403132646322
93 0.427096109714
89 0.453568623944
91 0.462195129928
90 0.528898428896
92 0.551829747458
87 0.55980359632
85 0.570404772592
94 0.604545885769
82 0.715682400382
65 0.783573896296
84 0.830127044935
73 0.845536643066
62 0.890709584744
83 0.93287439039
68 1.12493459047
86 1.15285353038
76 1.16066788797
45 1.39953534342
88 1.43516225845
79 1.44236733973
80 1.61752540716
75 1.74051149353
95 1.94332264224
67 2.20468638779
74 2.21124079126
63 2.28806341322
70 2.4640127764
57 2.53857674593
48 2.65967722356
44 2.72926978764
69 2.73120440929
41 2.91121918242
77 2.95098661869
59 3.35319202791
81 3.35376428715
50 3.38653156742
58 3.47425795281
49 3.56143459181
66 3.57273888058
61 3.8578684327
53 3.88003265279
51 4.1235389397
54 4.44380212222
55 4.45505076305
52 4.76721985272
78 4.91284436667
39 4.991091557
64 5.22416929709
34 5.37446594514
47 5.64130128764
60 6.01941754372
28 6.13368383632
98 7.14425383153
56 7.25508810601
37 7.98634388059
46 8.02037775553
32 8.09748222772
31 8.49169797839
29 8.71193109338
40 8.80702888662
30 8.98207632507
38 9.0732211773
35 9.7783642982
43 9.82835355051
36 9.93424061495
42 10.2170700773
26 11.8982153667
27 12.5591479384
25 12.7559500403
16 12.7980340159
17 13.054836943
24 13.1656142688
7 13.7656109044
33 15.8948227251
21 15.9721713253
23 16.478712049
13 17.641694385
22 18.3269679565
20 18.7243247641
19 20.2414697019
6 22.1086322014
8 23.1942441949
18 23.6504306446
12 24.3921748401
14 26.6774066514
5 27.563157233
10 29.3265827019
11 31.5969701531
15 32.0014438829
4 35.2030996639
9 35.2986417357
2 39.5208406612
3 46.0666241779
1 53.4155445235
0 113.957702363
