43 0.133262516596
36 0.133597438933
31 0.135500165351
35 0.13945006727
42 0.140121152988
32 0.140351355068
40 0.141462027797
38 0.144682896724
46 0.145373961221
98 0.175468753937
56 0.175469749992
26 0.197226390147
27 0.230662906278
28 0.261098339621
60 0.273274518625
29 0.284381547732
47 0.294498464082
30 0.310985951108
16 0.33407509809
17 0.341441756001
25 0.345068348828
7 0.347286453125
37 0.348661872334
34 0.35118340289
24 0.35223000016
64 0.400525607889
39 0.411028360559
78 0.476795269015
52 0.486440812593
33 0.50391057996
55 0.536004489816
21 0.544815172378
23 0.592615941232
51 0.601586442956
61 0.634727768506
49 0.648737396575
66 0.672039355403
13 0.699040525678
58 0.714211192025
81 0.726495699399
22 0.74968615171
53 0.758408668553
50 0.776461090935
59 0.779224850092
20 0.804504799229
77 0.827659260995
54 0.915481074696
19 0.981342656792
67 1.11207479307
70 1.11210971979
44 1.19258194561
6 1.19589247583
69 1.3445848949
41 1.34704737377
48 1.34828636109
8 1.35260972951
95 1.40441797815
18 1.42445003361
12 1.51824148554
57 1.57428183639
63 1.62378748021
74 1.76922713028
79 1.87017577956
14 1.87536329684
68 1.88390496892
76 1.97068137117
83 1.98817319741
75 2.00763938533
5 2.01347749754
86 2.03077583966
84 2.08608569144
80 2.20487736833
73 2.23619005
45 2.26385346679
10 2.31113119316
82 2.36680447436
88 2.37010507422
93 2.6269505197
65 2.63821208337
71 2.69527964415
11 2.70264336594
72 2.73417211151
15 2.85311546326
89 2.93129465461
62 2.9625921186
99 3.07513296638
4 3.37324195457
9 3.4413277808
91 3.50675087644
85 3.50777665893
100 3.8632492413
94 3.88869185297
2 4.22626905214
92 4.28926412988
96 4.49878619938
87 4.71602861387
90 4.84948652401
97 5.06927973255
3 5.61682001666
1 7.28038402748
0 23.4133549746
