30 0.205048023758
25 0.211123935201
16 0.222209397383
29 0.228686751975
17 0.245028375639
24 0.251178929407
37 0.301447468897
7 0.347408402313
35 0.351841330598
38 0.359394094012
26 0.364802557797
40 0.38161527677
27 0.384259902821
43 0.413403443225
36 0.431680049024
31 0.504424908065
46 0.516160018736
21 0.543235788849
32 0.544099847064
42 0.55264374974
23 0.609831501452
56 0.612792007294
98 0.771963106488
28 0.784334689575
60 0.792011403813
13 0.795722562207
34 0.95207292978
64 0.953953388675
47 0.969251654462
20 0.997146885995
78 1.00657436547
33 1.04217402665
52 1.05601048588
39 1.05887033445
55 1.20131694652
19 1.27667292467
54 1.2837186314
51 1.31913428135
22 1.38701463747
53 1.41850442499
61 1.48499673162
66 1.63541049084
58 1.67855880178
50 1.69707973917
59 1.70539211555
49 1.74637361645
6 1.77499166662
81 1.79340589502
8 1.99982569965
77 2.03686039358
18 2.06879888783
44 2.15552406868
41 2.17063626107
69 2.24811797186
48 2.29000884964
70 2.30594476448
12 2.3291787121
57 2.54687431471
67 2.57344184928
63 2.71266700025
95 2.76131982279
14 2.85878624132
74 2.89947230458
5 3.16046326151
75 3.40643349129
79 3.47328694885
10 3.70050978963
80 3.70690127628
76 3.82001841283
68 3.83194626955
86 3.86409788521
45 3.9101902753
88 4.01778787535
83 4.13722841065
11 4.32383433646
84 4.32862447879
73 4.38763017872
82 4.67250831905
65 4.86447253976
15 4.91770736309
62 5.18226240156
93 5.41617919643
4 5.56663138615
71 5.56874425192
72 5.60370557492
89 5.64097938901
9 5.87643381284
85 6.28977126945
99 6.30931926335
91 6.4578087701
94 6.87823791118
2 7.11726161713
92 7.64890046516
100 7.7423185409
87 8.46851442802
90 8.81904514427
96 8.87378634301
3 9.59798619307
97 9.83995882703
1 12.53563938
0 41.4236642929
