12 0.122566764966
8 0.160343224588
14 0.167909528073
18 0.181600636418
5 0.181927170676
6 0.18504395272
10 0.283019817113
19 0.431887897754
11 0.450032962675
22 0.497494505137
20 0.591691669804
13 0.790231520943
33 0.813291945073
15 0.855417261431
4 0.888642070703
23 1.02570836697
21 1.11723558012
9 1.17292969489
7 1.4962458312
2 1.60788776092
27 1.63357290302
26 1.82584303218
24 1.86314785695
17 1.88339209616
16 1.99817129977
25 2.07186941867
42 2.29800352778
36 2.49597458041
43 2.53288091111
35 2.63635346438
38 2.97069604096
3 2.99298739541
40 3.08722930434
31 3.14361889709
32 3.37500105228
46 3.41752881098
98 3.84057469078
30 3.8535171639
29 3.86778020679
56 3.88426661566
37 4.46779785087
28 4.70286054709
60 4.80315094876
1 4.82438434063
47 4.96640442694
34 5.38062477232
64 5.62061043432
39 5.74703059835
78 6.16842171282
52 6.20480594434
55 6.51141574229
51 6.8889340212
61 7.02768264731
49 7.06286299015
66 7.20833532163
58 7.46939609923
81 7.51124419765
53 7.62052767276
50 7.79052432584
59 7.81034403063
77 7.99414365878
54 8.24738844142
67 9.27509452954
70 9.37776117199
44 9.7363425355
69 10.3848925936
41 10.3864318001
48 10.4298666526
95 10.6114479986
57 11.3855081393
63 11.5965975265
74 12.2142132635
68 12.4796664573
79 12.5646771376
83 12.8398900074
76 12.8991810831
86 13.1543073072
75 13.1752709875
84 13.2048600578
73 13.8842483006
80 13.9717819599
45 14.170952799
82 14.3255553456
88 14.6119429003
93 15.1163052607
71 15.3438186673
65 15.4727026832
72 15.4983945895
89 16.3984028831
99 16.6185054947
62 16.7806191632
91 18.5739176526
85 18.6431834385
100 19.282761571
94 20.0261398649
92 21.3488602337
96 21.3728954506
87 22.7282471365
90 23.0865382521
97 23.2299915376
0 28.5512508474
