14 0.0270813019118
5 0.0278173462702
10 0.0288592940892
11 0.0299155703517
12 0.0377671142015
18 0.0392616650694
8 0.0431052099127
4 0.0504265592279
6 0.0522067657249
15 0.0612416147113
19 0.0691343401689
9 0.0708153719757
2 0.0875314438772
20 0.0884630984564
13 0.10549493353
22 0.106793908346
23 0.126838824675
21 0.136822772481
33 0.146306707588
3 0.16337122641
7 0.184782161035
24 0.204555381488
17 0.207943595441
16 0.216410088406
27 0.216608563295
25 0.218893795114
26 0.236230567049
1 0.270259425766
42 0.296687418943
36 0.305119820136
43 0.308053035263
35 0.311074965155
38 0.338846132343
40 0.352173323145
31 0.365028096986
30 0.365825520228
29 0.37529263951
32 0.386521637212
46 0.388818819197
37 0.416563941063
56 0.430448697497
98 0.436226771855
28 0.497129698625
60 0.504097631944
47 0.529886394494
34 0.551559257921
64 0.560318238895
39 0.579363076403
78 0.600552066945
52 0.604960833989
55 0.632432061146
51 0.664889366496
61 0.680532911154
53 0.697078424995
54 0.697331442941
66 0.709147926518
49 0.711067902183
58 0.72220615817
81 0.732812598227
50 0.737709454874
59 0.742443208448
77 0.77864442015
44 0.854437620224
70 0.861258604956
41 0.870972372107
69 0.880878928998
67 0.881974867016
48 0.891783562547
57 0.940656816194
95 0.94403383255
63 0.966283678101
74 1.00129378673
79 1.07840357223
75 1.08304227084
68 1.10538376579
76 1.12101642608
86 1.13269942749
80 1.13373762929
83 1.14722786223
45 1.16180804623
84 1.17864884887
88 1.18221236882
73 1.2099511139
82 1.24202993076
65 1.29304586453
93 1.33513727994
62 1.35477537032
71 1.35610019196
72 1.36217978528
89 1.39118577183
99 1.45762466361
85 1.50719886975
91 1.52939789141
94 1.59564616067
100 1.65802778275
92 1.69844974009
0 1.77816159168
87 1.80544478335
96 1.80913841379
90 1.84703620881
97 1.93393886722
