97 1663.38685948
96 1687.87395606
100 1718.09670372
90 1720.70074165
87 1734.01974315
92 1760.41461652
99 1762.56382836
94 1786.94750446
91 1791.2039514
72 1792.78368399
71 1793.10664066
93 1799.73141785
85 1800.94730382
89 1807.4851348
82 1841.39718579
62 1846.6636324
65 1846.80184023
84 1847.36603266
73 1854.128504
83 1855.88677505
68 1875.45524662
86 1882.2957918
76 1883.15801764
45 1898.97021107
88 1899.03283362
79 1904.96282446
80 1913.7756882
75 1924.20027988
95 1932.66138707
67 1933.66994654
74 1953.92441959
63 1959.24988338
70 1961.86304639
77 1970.29301999
57 1973.65548826
48 1980.07068044
44 1982.49020934
69 1983.47223611
49 1990.73799252
81 1991.6977255
41 1993.16421783
66 2000.39830724
59 2001.14982034
58 2001.73448932
50 2003.63041068
61 2018.15461052
53 2030.67344282
51 2035.37953262
55 2048.49678089
52 2060.16101932
39 2061.4530906
54 2062.29971816
78 2069.67506566
64 2071.73138629
47 2074.189024
34 2075.43708451
60 2094.94544133
28 2098.35733071
98 2117.3849508
56 2133.59455931
46 2156.24561307
32 2157.52537746
31 2168.13156051
37 2181.15342769
40 2185.15523698
38 2193.34064779
29 2201.71519666
42 2207.45718911
43 2208.16334633
30 2210.41196524
36 2210.72217504
35 2212.91973934
26 2269.40248908
27 2287.05899485
16 2307.84002919
25 2307.89001554
17 2313.17941823
24 2315.90529843
7 2325.23724305
33 2343.05558903
21 2380.42870338
23 2391.61492456
22 2398.69880731
13 2415.56296947
20 2436.81950775
19 2468.37406281
6 2497.19663992
8 2519.32865572
18 2530.67717525
12 2539.41158522
14 2584.43595256
5 2596.0625157
10 2624.02672852
15 2647.77283788
11 2665.35817957
9 2705.88492488
4 2718.01910351
2 2780.53725809
3 2872.08186908
1 2969.93561612
0 3632.22637446
