74 0.476295567264
57 0.51824045215
63 0.547289903838
75 0.561549319932
80 0.572817028351
41 0.669624626748
48 0.673906023544
88 0.676207592759
69 0.70218155952
45 0.720880947962
44 0.899944175183
79 0.918417184071
95 1.11850999064
86 1.18742874499
70 1.25770283569
76 1.26221581099
62 1.33000458602
54 1.39936855381
65 1.48661169174
73 1.60949078668
68 1.61238450367
53 1.61508397751
59 1.66326292901
50 1.68400075946
67 1.80264918365
82 1.88628086556
58 1.93009133316
83 1.94332350604
51 2.00020972334
77 2.00573898122
84 2.03487167584
81 2.07144395678
66 2.10586235579
61 2.10623543369
55 2.24367494419
85 2.26874803857
89 2.38151543268
78 2.38438563623
52 2.39032018153
49 2.43580384116
91 2.5476426451
94 2.59516187053
39 2.84188258171
64 2.90781376548
93 2.91254660094
72 3.04134856417
71 3.07752310859
34 3.11743404411
92 3.35593711069
47 3.60900340362
60 3.64244365764
28 3.76327762553
99 3.83705951718
87 4.23111835117
37 4.54016223535
90 4.73835903706
56 4.74161380155
98 4.99609154271
100 5.13428615861
29 5.31379136662
46 5.42201124306
30 5.52656564866
32 5.54781814692
31 5.92119320878
40 5.99152012169
38 6.23979848546
96 6.25461789523
35 6.96270007145
43 7.1509018793
97 7.26689054974
36 7.28232227261
42 7.79904706497
26 9.16730312732
25 9.68338729061
16 9.7620457162
27 9.86765738207
17 10.0764862759
24 10.1994400636
7 11.0139301276
21 13.5458002471
33 14.0861961841
23 14.1613548671
13 15.6223640884
22 16.952813314
20 17.0114518732
19 18.9437633604
6 21.4625318822
8 22.872818296
18 23.4503370055
12 24.4871624626
14 27.5335905778
5 28.7633159748
10 31.1916068121
11 34.3316444767
15 34.9217322393
4 39.4094762351
9 39.5190605353
2 45.5613834005
3 55.0435065719
1 65.8962307242
0 159.135926565
