19 0.103953524432
6 0.120706406731
20 0.164273084304
8 0.179557377462
18 0.211850686775
13 0.276152865827
12 0.296893005025
22 0.406839706105
23 0.444389075385
21 0.525205880494
14 0.570740686411
33 0.716738013966
5 0.73704575724
7 0.975351968485
10 1.09410004203
24 1.24239077784
17 1.26983704756
27 1.33675401794
16 1.37437646008
25 1.4223807876
11 1.57541617349
26 1.58688574023
15 2.10603537064
42 2.48856421099
36 2.54381055573
43 2.58380118961
35 2.5968259844
4 2.62893248718
9 2.9294258527
38 3.00013420661
40 3.18437039884
30 3.40651094461
31 3.42855452001
29 3.52076419437
32 3.73366031481
46 3.76317132199
2 4.12446479631
37 4.15375985314
56 4.39560791657
98 4.57092001174
28 5.43011841263
60 5.53540655972
47 6.00945844682
34 6.29624009244
64 6.45546282533
39 6.76391223249
3 6.77694623229
78 7.01013810341
52 7.1159382955
55 7.5763446807
51 8.10089614607
61 8.44059440945
54 8.65580493098
53 8.66294211083
66 8.95411820251
49 9.03820971626
58 9.12646691566
81 9.3457624139
50 9.35615376469
59 9.42072691665
77 10.1524193789
1 10.1943650102
44 11.279939547
70 11.4380659276
41 11.5664955913
69 11.7393084927
48 11.89284411
67 11.9467942974
57 12.768882898
95 12.9192262352
63 13.2108214986
74 13.8417064742
79 15.2016134559
75 15.2577821485
68 15.8196821713
76 16.022292285
80 16.1666688144
86 16.2319980951
83 16.5961108098
45 16.656053081
88 17.0344760388
84 17.1700902757
73 17.6106316869
82 18.2441515258
65 19.0412322586
93 20.0521134033
62 20.1227711294
71 20.4335294282
72 20.5485710166
89 20.8946004048
99 22.361317608
85 22.9221765208
91 23.2714428769
94 24.5062304556
100 26.0395380735
92 26.4137559436
87 28.4114276999
96 28.8285010481
90 29.2001778018
97 31.1574699439
0 49.6819438555
