84 0.159271345826
83 0.162358618296
68 0.186354855459
82 0.186763911591
73 0.189946290827
76 0.210374083271
86 0.226038815539
93 0.234190809522
71 0.25591604883
72 0.258638302778
79 0.285525878982
65 0.291027343682
89 0.307593004412
95 0.377467029968
99 0.389995269208
45 0.398686136524
75 0.458152817295
88 0.458362971867
62 0.463500395981
67 0.475311815768
80 0.476736729834
70 0.541725558674
91 0.552220408358
63 0.582388116926
85 0.585568610703
74 0.597975428156
44 0.667471399693
48 0.676885914014
57 0.687308367177
69 0.708703794958
100 0.751498860174
77 0.757880097653
94 0.778981851021
41 0.79763518193
59 0.900435656061
50 0.912935007183
81 0.918961660651
58 0.959937089357
92 0.967118265334
66 1.02106488224
49 1.04423133222
96 1.11529447232
61 1.13173572504
53 1.13700687561
87 1.20497385649
51 1.2452432197
90 1.27877825658
55 1.40123350291
54 1.45781758649
97 1.4859924942
52 1.55272566003
78 1.62122437288
39 1.67913964622
64 1.79151360772
34 1.87384435173
47 2.04304575795
60 2.21314212053
28 2.2764090537
98 2.86974304583
56 2.89103856639
37 3.26225438331
46 3.31820624151
32 3.36599997113
31 3.59077725069
29 3.66524274806
40 3.74686888219
30 3.82450726944
38 3.89718250058
35 4.30830940615
43 4.35655386612
36 4.42012125813
42 4.62872791309
26 5.56880327374
27 5.96586979233
25 6.05906907068
16 6.08282785925
17 6.24058861616
24 6.31094533902
7 6.68279101423
21 8.05525693688
33 8.1215846353
23 8.37608124264
13 9.11692029184
22 9.65813717832
20 9.81189573987
19 10.7915133889
6 12.0264949526
8 12.7383302434
18 13.0328397596
12 13.5362157727
14 15.0486167464
5 15.6531426121
10 16.8493057975
11 18.3768994444
15 18.7612527651
4 20.8583781425
9 20.99152682
2 23.8522830149
3 28.4343101059
1 33.6195140788
0 77.6826434669
