35 0.105293956799
38 0.121660882092
43 0.125008099878
36 0.134411223696
40 0.134987332778
31 0.185030694591
26 0.211456653326
46 0.220460446828
42 0.220859749304
32 0.224131827273
27 0.283651970734
56 0.335143347714
29 0.370675806461
30 0.414305199964
16 0.420562607123
98 0.426906769646
17 0.44115123652
25 0.444668568082
24 0.467085010425
7 0.486074080376
37 0.542866579775
28 0.588251396337
60 0.61923772029
47 0.772416307952
34 0.851356722118
64 0.93319726917
21 0.963315311113
39 1.01666450553
23 1.08634586968
33 1.11764955213
78 1.14249523495
52 1.17751089627
55 1.33208702855
13 1.372134469
51 1.54430488026
20 1.66412797784
61 1.66432248912
22 1.75191035282
66 1.87182203909
53 1.87659362037
49 1.89872835449
58 1.93508020846
81 2.01580314408
50 2.05968060441
59 2.08917241583
19 2.13587538855
54 2.21279194232
77 2.36862719374
6 2.78066512408
70 3.02772370386
44 3.12359554207
8 3.1832116466
67 3.21191966858
18 3.35320537026
41 3.48272728418
69 3.49641259338
48 3.54927266864
12 3.66348467652
95 3.82571232686
57 4.13083527078
63 4.28953229242
14 4.59480343068
74 4.70423251429
5 5.00728790042
79 5.11322742529
68 5.26689184262
75 5.39481362768
76 5.4602542532
86 5.62382854873
83 5.64938598072
10 5.83398490771
80 5.95912401781
84 5.96256646267
45 6.13899118778
73 6.30858301526
88 6.44104027232
82 6.64043650488
11 6.88271835817
65 7.28658431075
15 7.50014463584
93 7.57666627393
71 7.78872768032
72 7.86983390754
62 8.14788727739
89 8.21691532981
4 8.77760945894
99 8.92742082749
9 9.09113222317
85 9.73190177399
91 9.80467708717
94 10.7963350457
100 11.1698431074
2 11.1861818657
92 11.9525403001
96 12.9262690718
87 13.1831842485
90 13.5996046769
97 14.458839989
3 15.0720456038
1 19.6925236306
0 65.0071009915
