27 0.329804248096
26 0.370063577152
7 0.420182055146
33 0.536095589788
21 0.560570845522
42 0.587397279043
17 0.596006990579
23 0.596522565361
24 0.611403049975
43 0.636016700669
36 0.637840405157
16 0.639864903889
13 0.657775040848
35 0.675255437448
25 0.702259053204
20 0.735927493621
22 0.783635552502
38 0.839967324001
40 0.868564860353
19 0.949873708815
31 0.955485233946
46 1.07028098507
32 1.07351785672
6 1.21738671382
56 1.34239169653
98 1.42638640627
8 1.45555194783
29 1.48417809788
30 1.52891352582
18 1.57136081918
12 1.73237945309
28 1.87890579781
37 1.89442202169
60 1.94682227396
47 2.08096631611
14 2.31996052559
34 2.35270309129
64 2.5724271844
5 2.58252762793
39 2.64198451815
78 2.87001429161
52 2.93122483923
10 3.14039507504
55 3.17956503694
51 3.42810515802
61 3.63869587272
49 3.64108740335
66 3.71696810515
11 3.84976821987
58 3.94800904156
81 4.02258070911
53 4.12068829393
59 4.17185412228
50 4.20134380274
77 4.40133521542
15 4.53891088173
54 4.76819663148
4 5.2284210924
67 5.46549854609
70 5.49600956536
9 5.63608180386
44 5.86810816003
48 6.47906356042
69 6.48617720907
41 6.51564167296
95 6.63880580852
2 7.05720901683
57 7.41029069996
63 7.56685089812
74 8.17089215922
79 8.35801378161
68 8.35983140063
83 8.68115029452
76 8.68493419875
86 8.93529733441
84 9.00097944973
75 9.00104266722
73 9.53430870265
80 9.77042453951
45 9.91349591321
82 10.0432078014
3 10.1057896672
88 10.3700439653
93 10.8257718358
71 11.0304337057
65 11.0984572778
72 11.2062691592
89 11.9953017488
99 12.3086738036
62 12.38995089
1 13.7975695708
91 14.0287334424
85 14.1876630134
100 14.9021033806
94 15.5453705962
92 16.8602096842
96 16.9979458798
87 18.2471565948
90 18.6092136132
97 18.9192007359
0 52.923558025
