21 0.118525923481
7 0.131098881284
23 0.138936900776
24 0.181612255142
17 0.187868901676
13 0.213078382358
16 0.214791393308
25 0.228302226637
27 0.264112577175
20 0.319299732862
26 0.349100651783
33 0.407779675273
19 0.516824532002
22 0.550247299626
35 0.758257080388
36 0.77449113339
43 0.78541695728
42 0.817878970528
6 0.873933714968
38 0.939454954812
30 1.03307183422
40 1.03590316901
8 1.0837071691
29 1.09685865651
18 1.16679683557
31 1.2054607582
32 1.36222676782
46 1.36654543687
12 1.37238325131
37 1.41259832724
56 1.70829980464
98 1.86903816381
14 1.92453213828
5 2.2037020499
28 2.27993435819
60 2.33197036351
47 2.66277879314
10 2.75555297504
34 2.77712540253
64 2.84751628371
39 3.05621445191
78 3.13879080094
52 3.21732939391
11 3.46254000287
55 3.51408865046
51 3.83744099666
15 3.93001725387
54 4.00215345754
61 4.08804979238
53 4.13332081192
66 4.45053305187
58 4.53373626051
49 4.56239216504
50 4.64349975992
59 4.68866810281
81 4.70618780421
4 4.82375809286
9 5.05188504725
77 5.2477535318
44 5.78011952298
41 5.88201737829
70 5.98653075393
69 6.02195155364
48 6.12808388507
67 6.43075480774
2 6.60644767007
57 6.65692514376
95 6.94632898925
63 6.97575672179
74 7.36508434271
75 8.34468002734
79 8.425829167
80 8.93641285099
68 8.97912849602
76 9.05006089648
86 9.1657809343
45 9.31012507039
88 9.53140519632
83 9.55645341188
3 9.58265652003
84 9.95805278217
73 10.1760069359
82 10.637940653
65 11.0664472463
62 11.7049019783
93 12.0138005836
71 12.2962126149
72 12.3591681824
89 12.4660082762
1 13.2576111455
99 13.6858783805
85 13.7272837175
91 14.0370958765
94 14.8029210907
92 16.1857555739
100 16.319360835
87 17.6446975103
90 18.2626397448
96 18.3279240395
97 19.9997164405
0 51.5311928191
