2 0.022482103863
3 0.0237881351896
4 0.0385561951422
9 0.0425297682579
1 0.0508897949396
15 0.0642481039636
11 0.0673316576374
10 0.0874124330137
5 0.110608141233
14 0.127369860634
12 0.157758250764
18 0.179030813024
8 0.182677822422
6 0.201376156237
19 0.257977176871
22 0.267911951501
20 0.295382281051
13 0.330487997814
33 0.333117122922
23 0.369578392876
21 0.385285466171
7 0.450015491591
27 0.475119524759
24 0.492686151728
17 0.496242433687
26 0.501238469401
16 0.510438734103
25 0.517776784549
42 0.558250747398
36 0.585771444485
43 0.591015399439
35 0.603965209542
38 0.644033017135
40 0.658110052195
31 0.663904334441
32 0.690618104205
46 0.69616850199
30 0.727488290921
29 0.733868003739
98 0.742052018115
56 0.748681533349
37 0.794546785205
28 0.837426218597
60 0.848308834811
47 0.865843050491
34 0.908630006126
64 0.931324761163
39 0.945798851983
0 0.964230843731
78 0.986582844505
52 0.990372949697
55 1.02115268314
51 1.05884613757
61 1.07305765887
49 1.07910951058
66 1.09281882564
58 1.11708554995
81 1.12199654492
53 1.12284349147
50 1.14650042976
59 1.14873320317
54 1.16476119438
77 1.16947344751
67 1.29077201689
70 1.29544939677
44 1.31982970264
41 1.36671948446
69 1.37014019017
48 1.37793872998
95 1.40543533126
57 1.45468630316
63 1.47694694824
74 1.52806708329
79 1.57597335114
68 1.57740449441
76 1.61033440056
83 1.61211551348
75 1.61580504445
86 1.63100191417
84 1.64479034135
80 1.68241158476
73 1.6993789339
45 1.70403669
82 1.73794635421
88 1.73813793077
93 1.81308610896
65 1.82730094921
71 1.83290425162
72 1.84577542993
89 1.91419162131
62 1.92684238862
99 1.94339802674
85 2.08804161397
91 2.09100797688
100 2.16746818251
94 2.19839297581
92 2.30901051957
96 2.33978881884
87 2.42362492505
90 2.4582141566
97 2.48966699501
