19 0.0241258019241
20 0.0280458145741
13 0.032486915031
18 0.0328513094438
6 0.0352961323093
8 0.0352976317443
23 0.0410461111555
21 0.0458335820089
12 0.0462883865848
14 0.0539847025832
5 0.0694858404044
7 0.0727139555484
22 0.0752339446097
24 0.0834717707233
17 0.0856860109854
33 0.0874480705798
16 0.0910955310654
10 0.092459518172
25 0.0929269822216
27 0.0983499823176
26 0.110781900593
11 0.11206437475
36 0.159699409697
35 0.159756422334
43 0.160470148453
42 0.161841721913
38 0.177571679259
4 0.179824789893
40 0.18831645971
15 0.193379355361
30 0.199164654636
31 0.200562716456
29 0.20494646786
46 0.217390115637
32 0.21755800134
9 0.230611174193
37 0.239017663942
56 0.248541254087
98 0.257926575807
2 0.271585452926
28 0.298387987546
60 0.303723854527
47 0.32599691364
34 0.341234067437
64 0.346510257967
39 0.362907451466
78 0.383154250944
52 0.385077107296
55 0.407892700167
3 0.425210804775
51 0.4357847228
61 0.446946942694
53 0.466339877872
66 0.470819834398
49 0.47360917734
58 0.482905531194
54 0.486788882265
81 0.491776500914
50 0.497575263345
59 0.501659583625
77 0.530629304053
70 0.607756343812
44 0.611878610678
1 0.613821847699
67 0.62038668206
41 0.641128139385
69 0.645271170843
48 0.654603006881
95 0.6841554311
57 0.709624742481
63 0.728711243724
74 0.768587082093
79 0.817193384897
68 0.828208273986
75 0.841203251048
76 0.84966362684
83 0.863544307457
86 0.864490176453
84 0.892618339408
80 0.895519483701
45 0.914853733029
73 0.931027807735
88 0.942410253984
82 0.958965366103
65 1.02451509631
93 1.03706828364
71 1.05589685376
72 1.06353174967
62 1.10468286813
89 1.10661342437
99 1.15094932776
85 1.24690454067
91 1.25843045136
94 1.34403819081
100 1.34653475139
92 1.4442749149
96 1.49714645518
87 1.54917156392
90 1.58348964432
97 1.62555921366
0 2.84891469837
