21 0.236458925493
24 0.25191156307
17 0.260833639601
23 0.265869509992
25 0.27131729325
7 0.275507899232
16 0.275745042608
13 0.385287881413
27 0.541606513961
20 0.546045730684
26 0.647933051569
19 0.798011911396
33 0.912250335291
22 1.0653079374
30 1.09060804018
35 1.12229840292
29 1.19689964647
43 1.21274327535
36 1.2153865951
6 1.3114572415
38 1.31679747235
42 1.35123754255
40 1.42618948087
37 1.50688309173
8 1.55875670414
18 1.64129864506
31 1.72779580144
46 1.88088199113
32 1.90588845873
12 1.93364487191
56 2.27490408675
14 2.58442281884
98 2.60973600471
28 2.91897707634
5 2.94694036803
60 2.96787399236
47 3.44103030365
34 3.46337348112
64 3.50509342072
10 3.62709457254
78 3.68521497821
39 3.7848746662
52 3.83022645666
55 4.20030643359
54 4.27283988634
11 4.46994027861
51 4.53791387296
53 4.76507389053
61 4.95644884514
15 5.1073493522
66 5.39518570455
58 5.46648465205
50 5.50406859995
59 5.5407420195
49 5.65005317021
81 5.74917219591
4 6.12803464626
77 6.39331328334
41 6.43094217775
9 6.43431581597
44 6.52288847507
69 6.65832820478
48 6.77288378613
70 6.98553541133
57 7.25971866709
63 7.68209501222
67 7.72693463954
95 8.04589403322
74 8.04943533434
2 8.27399988868
75 9.20779342645
79 9.55854425517
80 9.81808647876
45 10.322514614
76 10.4055533136
86 10.4817158046
88 10.4947304044
68 10.5104263595
83 11.2545724109
84 11.6975567905
73 11.70911019
3 11.8285776995
82 12.3278803811
65 12.5374352052
62 13.0188468577
93 14.119090854
89 14.3378053315
71 14.4593817199
72 14.5148311627
85 15.4104464394
91 15.8545350136
99 16.0979215955
1 16.189947758
94 16.5272867039
92 18.1348578095
100 19.0788613137
87 19.8301147408
90 20.6167196845
96 21.3557015627
97 23.2473761687
0 61.2161466315
