91 0.153243277617
85 0.165794082457
94 0.17557427498
89 0.208734809749
92 0.214437102509
62 0.24986668541
65 0.264753264918
87 0.299132384201
72 0.314328294077
82 0.329833189193
93 0.331404696634
71 0.333962499534
99 0.347678491313
90 0.350098542209
73 0.374591772125
100 0.425811767516
84 0.444019132774
86 0.478905416574
83 0.483776434557
76 0.499418207669
88 0.503125606156
45 0.504319391512
68 0.535402850788
96 0.561750042929
79 0.600896631021
80 0.601447777899
75 0.685302588685
97 0.727703008288
95 0.92402045266
74 0.94337539668
63 1.00718732774
57 1.1406983703
67 1.18067232755
70 1.23416113155
48 1.24730019843
69 1.28475356772
44 1.31941412154
41 1.37679740749
77 1.59182703398
59 1.77192692151
50 1.78028036165
81 1.79970851001
58 1.8554237808
66 1.94910679742
49 1.97744962699
53 2.03581569887
61 2.07006987397
51 2.22796922964
54 2.32256648808
55 2.4193343272
52 2.61175719538
78 2.70123826054
39 2.76044790618
64 2.89130321736
34 3.00099575804
47 3.1911553087
60 3.400690493
28 3.47465227181
98 4.10080252895
56 4.18619256173
37 4.63551677983
46 4.66843828212
32 4.70739340527
31 4.95455982155
29 5.11650890001
40 5.17793293328
30 5.29341583032
38 5.33738900995
35 5.79452334355
43 5.8211377202
36 5.8817717096
42 6.06599184897
26 7.19220744794
27 7.63338411955
25 7.81525244013
16 7.84226857034
17 8.01194884427
24 8.08396124398
7 8.47368020228
33 9.74971325998
21 9.98792063421
23 10.3326404667
13 11.1207084817
22 11.3909040203
20 11.8541644553
19 12.8991398618
6 14.130296143
8 14.8856700707
18 15.2208196526
12 15.6909142758
14 17.3026369609
5 17.8801632316
10 19.0785907969
11 20.6852930248
15 20.7020829378
9 23.0458681935
4 23.1348831987
2 26.0980305556
3 30.6128724765
1 35.7287469057
0 77.9544541144
