15 0.228317307126
9 0.442770254579
10 0.463463989499
5 0.539473711738
11 0.571062750576
4 0.630216422113
14 0.687223974723
12 0.692116647362
8 0.889011943321
2 0.942501441752
6 0.94386202838
18 0.948022156993
22 1.09088165933
19 1.51932593767
33 1.62770685024
20 1.78548026279
3 1.80803215659
13 2.10708482471
23 2.45682329429
21 2.58346811303
7 3.06472223405
27 3.10913775903
1 3.19943336561
26 3.36068578048
24 3.59354605668
17 3.61345222274
16 3.76570996055
42 3.83360651315
25 3.86911469702
36 4.18599966203
43 4.25544185991
35 4.42312087412
38 4.88613069163
40 5.00390248985
31 5.04679124717
32 5.29864853258
46 5.38654393883
98 5.86787647441
56 5.96437632454
30 6.07496868501
29 6.088560374
37 6.808394714
28 7.00218675935
60 7.12506075612
47 7.30606164118
34 7.83314283463
64 8.19688956345
39 8.30829824497
78 8.75130318828
52 8.83870282304
55 9.19586295608
51 9.62223115441
49 9.84082581173
61 9.84654609656
66 10.0489180742
58 10.3292176478
81 10.3797038362
53 10.5406822234
50 10.7029158319
59 10.7072248811
77 10.9490188611
54 11.1402139823
67 12.4569895128
70 12.5040363552
44 12.8895026663
41 13.5473680182
69 13.5752765068
48 13.6086296842
95 13.9676735907
57 14.6335336543
63 14.8941978699
74 15.5439988972
79 16.0629561065
68 16.0964894832
76 16.5025807444
83 16.5101914739
75 16.619615233
86 16.7742523366
84 16.9226209096
80 17.4621552741
73 17.578151498
45 17.7227101597
82 18.1324767954
88 18.1617595288
93 19.0904348662
65 19.2551728451
71 19.338707505
72 19.5183746915
89 20.359256063
62 20.5440325226
99 20.8154870243
91 22.548497994
85 22.6198228054
0 23.0102201487
100 23.7167617018
94 24.0255716624
92 25.4642176784
96 25.9755845748
87 26.9628841973
90 27.4014728929
97 27.9821331521
