30 0.24889186841
29 0.26608617678
37 0.355671606543
25 0.432969524758
35 0.436078668594
16 0.440482943645
38 0.442698838469
40 0.470674444701
17 0.484015537046
24 0.504800024088
26 0.519735044172
43 0.525542756259
36 0.546638037345
27 0.577835851115
7 0.641382665282
31 0.64812019679
46 0.666296421901
32 0.699210422384
42 0.730408899108
56 0.808899532012
98 1.07017085424
28 1.07656227987
60 1.09092425655
21 1.10319328771
23 1.23912148901
34 1.33267559756
64 1.345760472
78 1.37197815995
47 1.3973987969
52 1.47838489978
39 1.50905978402
33 1.57727307688
13 1.58409621943
55 1.69654659289
54 1.7384568928
51 1.88460842104
20 1.93982460766
53 2.02053072752
61 2.18995138503
22 2.21324337361
19 2.46918234278
66 2.47880656448
50 2.49029089047
58 2.4970077646
59 2.50981425437
49 2.69849478871
81 2.7074487888
41 3.07827676063
44 3.11398453622
77 3.13433745687
69 3.22092596747
6 3.25233547619
48 3.27876507294
70 3.43402910201
57 3.63875307307
8 3.68845099844
18 3.86133766997
63 3.91577170181
67 4.01445035846
95 4.18012845075
74 4.18397745884
12 4.23085352528
75 4.98112173142
79 5.20700567596
14 5.25066989634
80 5.42653912243
5 5.71224047677
45 5.77437326201
76 5.82485541438
86 5.87967846061
88 5.91331321285
68 5.93872139793
83 6.49219829575
10 6.61912565581
73 6.75803482205
84 6.8043521266
82 7.24897838566
65 7.38096160063
62 7.75828440361
11 7.78169783957
15 8.29915581182
93 8.62333525465
89 8.73662773051
71 8.88271609905
72 8.92354911493
85 9.55950168529
4 9.83502461802
91 9.84511170792
9 10.062116156
99 10.1542440671
94 10.4197394929
92 11.6619566025
2 12.4302883748
100 12.4421047886
87 12.9857648296
90 13.5893509546
96 14.2287212818
97 15.760164715
3 16.6096256083
1 21.5841086808
0 69.6263399416
