47 0.374680872314
98 0.378059494281
56 0.401898701942
28 0.411602359929
60 0.420411928796
32 0.439189545218
46 0.446821177615
34 0.447562597466
31 0.488326797783
39 0.497309752625
40 0.541145920078
64 0.543722122714
49 0.558296557968
78 0.567944520622
52 0.581638638352
38 0.592331004701
55 0.596022496136
42 0.601275214199
43 0.61082098876
36 0.617000419821
51 0.625681019253
66 0.626770018947
35 0.635491662494
61 0.653501099725
81 0.665621147959
58 0.676407192462
77 0.724282944616
59 0.745027927112
50 0.760499014621
29 0.846941072243
53 0.869227025409
37 0.874621399318
26 0.898875686411
30 0.92851025145
67 0.972359871914
27 1.00582680447
70 1.03935770913
54 1.20635406777
44 1.24311859465
16 1.28917581737
25 1.31022811544
17 1.31607568224
24 1.34390339054
7 1.34519232975
95 1.37083490327
48 1.44453394005
69 1.47029453593
41 1.51063043545
33 1.52630917383
57 1.7361180234
63 1.74692582221
68 1.78248087226
21 1.81604059548
83 1.84978776589
79 1.85271378219
76 1.90672663857
23 1.920005396
74 1.92667296341
84 1.94423136194
86 1.99488898741
22 2.02842680706
75 2.11972088088
73 2.13377866852
13 2.13898144239
82 2.27999818009
20 2.34314671199
80 2.34439404128
45 2.35931621271
93 2.49097219185
88 2.50827922268
71 2.55066276004
72 2.6111024307
65 2.64104724341
19 2.68327275382
89 2.87848538119
99 2.97001526092
6 3.02694506252
62 3.07968064781
8 3.31793686851
18 3.46484711647
91 3.5350560339
12 3.58812006429
85 3.61919414397
100 3.82444574359
94 4.05910471579
14 4.22958313313
5 4.43155963829
92 4.48337959964
96 4.53213592799
10 4.90488579378
87 4.94083071748
90 5.05625729798
97 5.19315150737
15 5.56846813564
11 5.57076378666
9 6.54468966023
4 6.59968961441
2 7.89291132948
3 9.98008478913
1 12.4834345373
0 35.4682941263
