20 0.18416590745
13 0.190744106759
23 0.21522416216
19 0.221431574622
21 0.226039642418
22 0.245109387669
33 0.255951144696
6 0.289501233614
7 0.300400374043
27 0.360171969086
8 0.362455805703
18 0.398916731244
24 0.407460844313
17 0.411644422454
26 0.427906998904
16 0.446649395835
12 0.455970963048
25 0.471243254041
14 0.665333989028
42 0.674774526531
36 0.71550118657
43 0.722656461097
35 0.740251273738
5 0.767057509786
38 0.875407598237
40 0.921698650595
10 0.987496070474
31 0.99715846363
32 1.09629314087
46 1.10072213756
30 1.13970291479
29 1.15679587275
11 1.27452060837
56 1.31401914871
98 1.36952542441
37 1.4050271639
15 1.55495430885
28 1.69361598481
60 1.73562481619
4 1.85578351789
47 1.86339745677
34 2.01363227981
9 2.01493556431
64 2.11120118475
39 2.19582937209
78 2.31222251932
52 2.35288248926
55 2.52478656105
2 2.64721979627
51 2.70163434553
61 2.83712451221
49 2.93907769314
66 2.94896038761
53 3.01072111122
58 3.06719699763
81 3.1345904401
54 3.15538654529
50 3.18905480003
59 3.19135867095
77 3.40186143698
70 3.99637126371
3 4.01108716495
44 4.05470173666
67 4.07506561259
41 4.27278916942
69 4.3092749902
48 4.34242814344
95 4.62181276093
57 4.77137370106
63 4.91774977378
74 5.20418530815
79 5.5827764134
1 5.71594259901
68 5.72791761546
75 5.74796895705
76 5.8517315534
86 5.95602423289
83 5.97970422673
80 6.14203806051
84 6.18063745611
45 6.30013025245
73 6.42001996247
88 6.49073398506
82 6.70570042142
65 7.16009436288
93 7.29415616864
71 7.43344503946
72 7.50633219447
62 7.717705271
89 7.81537963413
99 8.18282360156
85 8.81717119795
91 8.87408852203
94 9.52035035774
100 9.68487874514
92 10.2899989724
96 10.8686816262
87 11.0980382202
90 11.3754962519
97 11.9038802251
0 24.5006259332
