70 0.26621006938
59 0.28738447755
50 0.30877144517
67 0.32267356827
77 0.340695953103
58 0.342565557517
44 0.358735741303
66 0.361103457626
81 0.374634651391
95 0.376386005667
51 0.384331629039
53 0.392263628856
61 0.412147421092
49 0.446448493763
48 0.459339884413
55 0.469786638356
69 0.49058094831
52 0.519853468928
78 0.527435231669
41 0.548608859706
79 0.622499141116
63 0.622845133779
68 0.643109281853
39 0.64601679409
57 0.656383546652
54 0.657644936934
76 0.672675479423
64 0.691632517136
83 0.722654525831
86 0.728950022903
34 0.741529938247
74 0.76352092097
84 0.782205356167
73 0.846522585798
75 0.848738193545
47 0.9079322918
60 0.938670780042
82 0.981832436184
28 0.984150712786
45 1.01385600483
80 1.03386597541
88 1.15943847775
65 1.23217124796
93 1.25250678239
71 1.31809264296
72 1.35345225942
56 1.3745393888
37 1.46342900362
89 1.48356432654
98 1.50757881516
62 1.63076067253
46 1.65454488764
29 1.70858675142
99 1.71361196657
32 1.72136168149
30 1.82112885697
31 1.87332689859
40 1.87874195942
38 1.98699231008
91 2.0776529727
85 2.14707498086
35 2.28916558358
43 2.38257935859
36 2.44902864018
100 2.54567085898
94 2.60155240594
42 2.71146279205
92 3.05446823601
26 3.20334693677
96 3.28145690713
25 3.40693157233
16 3.42698753268
27 3.4914387091
17 3.55120165676
87 3.56203469083
24 3.60728463416
90 3.70193815418
7 3.92709286127
97 3.99806300495
21 4.96607750781
23 5.22160966161
33 5.52209368485
13 5.82921518579
20 6.41387754817
22 6.75903370839
19 7.22262139227
6 8.36964742901
8 8.95430977851
18 9.16801056255
12 9.68856243827
14 10.9429845321
5 11.5409110385
10 12.644768821
11 13.9532002858
15 14.8529315403
4 16.3129803113
9 16.7766328843
2 19.16808877
3 23.5509432492
1 28.5106546253
0 72.8321134151
