40 0.132446828604
38 0.135277675285
35 0.157609340189
29 0.158712112679
46 0.160911352717
31 0.166979914605
32 0.169674466623
30 0.177773070477
43 0.183655089924
56 0.191245792723
36 0.194340705976
37 0.201046791379
98 0.256130739628
42 0.267964833183
28 0.275714400888
60 0.283192477032
26 0.298200802986
27 0.360177836989
47 0.367622225337
16 0.37533132718
25 0.376155058266
34 0.37905153609
17 0.402266974831
64 0.403647275081
24 0.41756728441
39 0.449809361762
78 0.472068474175
7 0.483745174626
52 0.492901266897
55 0.572993838683
51 0.664686822131
61 0.740417612212
53 0.79347215712
21 0.807461566997
66 0.846099084009
54 0.864345892674
58 0.871312071633
49 0.881968752367
23 0.89294341181
50 0.915139666498
81 0.924340515358
59 0.926658348679
33 0.979827916731
77 1.09783169499
13 1.10145642398
20 1.31274318829
44 1.36786955083
70 1.37783947731
22 1.41150970795
41 1.48322326025
69 1.50887097206
67 1.50994366856
48 1.53474405766
19 1.62731068583
95 1.75346451661
57 1.78806261269
63 1.88505427627
74 2.06544562799
6 2.08067976042
8 2.33723180256
79 2.36516851965
75 2.43071710942
18 2.43821223617
68 2.51910514382
76 2.58038795418
86 2.64417861622
12 2.65157024301
80 2.69449736642
83 2.72936287984
45 2.81509544694
84 2.89112111626
88 2.93856028704
73 3.02253676047
82 3.21186921068
14 3.23659287456
65 3.47195963823
5 3.50529107669
93 3.73923529351
62 3.83534265346
71 3.85449289117
72 3.89044932092
89 4.01104357541
10 4.0282140766
99 4.45106207295
11 4.67856642349
85 4.68863771462
91 4.76962091041
15 5.03628133482
94 5.20780446057
100 5.62787969934
92 5.82335842263
4 5.85466228801
9 6.02176018062
87 6.48181807939
96 6.55511195775
90 6.73343999562
2 7.32402076699
97 7.35457916904
3 9.6733453839
1 12.4604250861
0 39.1114662407
