35 0.13680915743
38 0.150473531147
43 0.167463144107
40 0.171668838999
36 0.175778524488
26 0.189394005828
29 0.206973241385
30 0.211816060096
27 0.232185437483
16 0.233176716086
25 0.236552215661
31 0.236954786388
17 0.25343603491
42 0.257949490786
24 0.266063610152
46 0.267983378562
32 0.275412251392
37 0.313280502582
7 0.321089772234
56 0.370133151208
98 0.461517219397
28 0.56925528834
60 0.586385103567
21 0.632722083775
23 0.719722852321
47 0.740668085774
34 0.772469698838
64 0.803014054842
33 0.861955862498
39 0.895935662387
13 0.937463589363
78 0.943683652235
52 0.975153215526
55 1.11384493972
20 1.16528878736
51 1.27607330994
22 1.31392769523
61 1.39104288527
53 1.44992622151
54 1.50093863913
19 1.51216775764
66 1.58204026731
58 1.6177013731
49 1.64392441635
50 1.68160647197
81 1.70366273519
59 1.70819997206
77 1.99108892345
6 2.0295933597
8 2.32060543376
44 2.35593536231
70 2.41456444403
18 2.43503407503
41 2.49213142331
69 2.5436407513
48 2.59722275192
67 2.64152849617
12 2.68809730613
57 2.95171172287
95 2.97163586785
63 3.10989781936
14 3.36905651016
74 3.3693451311
5 3.68987561649
79 3.87874514992
75 3.92637743199
68 4.13665276501
76 4.21666598751
86 4.30262009615
80 4.30847559403
10 4.31268999758
83 4.46783734209
45 4.50018193628
88 4.66955361
84 4.71374713935
73 4.89326118693
11 5.09050858554
82 5.15956943603
65 5.50046073163
15 5.54495121562
93 5.96990861709
62 5.99148478716
71 6.14393786564
72 6.18551255234
89 6.31631689806
4 6.51940967796
9 6.73642246805
99 7.01351521091
85 7.2390081252
91 7.38930021196
94 7.97151002891
2 8.32217926756
100 8.70731045593
92 8.85659321323
87 9.79955255177
96 10.0210979071
90 10.1719690782
97 11.1337680841
3 11.2263965874
1 14.7000523571
0 48.5924084194
