57 0.20647308008
74 0.238211183125
63 0.238902497123
41 0.250539639495
48 0.257955905508
69 0.266872022228
44 0.374747909501
75 0.382370146378
80 0.464395431531
45 0.600317605837
88 0.606347562163
95 0.620556014928
79 0.629266527321
70 0.647762931407
54 0.725437396014
53 0.791433341455
59 0.863912662612
50 0.864787704923
86 0.912953164442
76 0.953330029318
58 1.04361871975
51 1.08086409805
67 1.11544104484
61 1.13799907123
81 1.15866114704
77 1.16123540021
66 1.18911512795
68 1.21395523878
55 1.2393231407
62 1.34564719077
52 1.34695954865
73 1.35944995183
78 1.36631378461
65 1.36646579613
49 1.46107242897
83 1.54760149463
82 1.62104540397
39 1.6638547231
84 1.66857057024
64 1.70232889055
34 1.88108090954
89 2.23196894174
47 2.25945876565
60 2.27901170605
85 2.31468654054
28 2.37488604501
91 2.55836789126
93 2.61526776917
94 2.71209040046
72 2.76040477774
71 2.78407751217
37 3.13609424319
56 3.15913786651
98 3.31417820512
92 3.48334750125
99 3.57120737264
46 3.70341561776
29 3.75869875826
32 3.79613556011
30 3.95052884283
31 4.08642871988
40 4.19678227942
87 4.36108901865
38 4.38526267603
90 4.83696502307
100 4.93847140699
35 4.9910448823
43 5.12091555738
36 5.22428872575
42 5.63440890595
96 6.0863502555
26 6.8578839562
97 7.12290375767
25 7.43255880661
27 7.46068913906
16 7.49007867309
17 7.74848907421
24 7.85008342833
7 8.50362491704
21 10.7233353272
33 10.9309908993
23 11.2539345611
13 12.5053075093
22 13.427014836
20 13.6965965178
19 15.3826442221
6 17.5139165176
8 18.7503427369
18 19.2773995226
12 20.1458634964
14 22.8424665067
5 23.888413582
10 25.9999064076
11 28.7854776813
15 29.1486873067
4 33.2190190481
9 33.244818963
2 38.6355064693
3 46.9999694165
1 56.6040665043
0 139.747213231
