6 0.113437923785
8 0.166904504006
19 0.194338921361
18 0.212281528003
12 0.239935282338
20 0.273525042488
22 0.276700685113
13 0.416034828348
14 0.493531351607
33 0.556293929471
23 0.608568730136
5 0.613917722084
21 0.691458046959
10 0.918132625379
7 1.09907325576
27 1.3359045222
11 1.35650906748
24 1.43085032881
17 1.45740239558
26 1.5655385006
16 1.57291275869
25 1.63612684034
15 1.79581874629
42 2.25664449786
4 2.28406188687
36 2.41072336649
43 2.45657085376
35 2.53008395287
9 2.55380783811
38 2.92880001792
40 3.09536484305
31 3.23448832641
32 3.52557744159
46 3.57335518004
2 3.63664725744
30 3.64040438254
29 3.71628556974
56 4.17309025823
98 4.20968265277
37 4.37714896477
28 5.19201588032
60 5.30370296734
47 5.64202216745
34 6.04356176203
3 6.07771928329
64 6.26317499807
39 6.50255611115
78 6.89320849248
52 6.96423664784
55 7.38847706327
51 7.89302926338
61 8.142520148
49 8.48362941046
66 8.52959182605
53 8.59437224502
58 8.77212825127
54 8.89789237418
81 8.90892096692
50 9.08260275534
59 9.13506867303
1 9.23502039745
77 9.62486050625
70 11.1310934069
44 11.2239899295
67 11.3423497989
41 11.7046119188
69 11.8097291488
48 11.9357006059
95 12.6300195503
57 12.91979399
63 13.2945562286
74 13.9679486534
79 14.9902185838
68 15.3066104575
75 15.3092136879
76 15.6484558962
86 15.8946134594
83 15.9472054167
80 16.2422986999
84 16.4699772886
45 16.6501583497
88 17.0814125827
73 17.0968972689
82 17.7001645464
65 18.7614630782
93 19.1622198362
71 19.5100784027
72 19.6528858118
62 20.0378835655
89 20.3496850511
99 21.3006575013
85 22.6716308581
91 22.8804362549
94 24.3122316453
100 24.8744485013
92 26.1303911605
96 27.6311781939
87 28.0353347927
90 28.7098605244
97 29.9911928008
0 46.3188946956
