97 102.663460976
96 107.509787679
90 111.359847397
100 113.689775594
87 113.730209011
92 118.785267439
99 122.943873355
94 123.944311223
91 125.468450739
85 127.153659121
72 128.6967486
71 128.944236667
89 130.012192384
93 130.190423997
62 136.160274068
65 137.227402103
82 137.562482161
84 139.836168761
73 139.964143449
83 141.71090351
68 145.279381922
86 145.407656134
76 145.874708969
88 146.902475494
45 147.257840634
79 149.841569073
80 150.029664094
75 152.570145513
95 157.046547334
74 158.76166881
67 159.470439341
63 160.326634088
57 163.128499988
70 163.673031444
48 165.247772372
69 165.986862691
44 166.591258504
41 167.727347471
77 167.814048304
81 172.278713939
59 172.981127981
49 173.255082452
50 173.45290235
58 173.876829324
66 174.232753191
61 177.563676957
53 178.37635325
51 180.521321147
54 183.06607709
55 183.612146568
52 186.197409551
39 187.708626311
78 187.817762738
64 189.728123923
34 190.965523017
47 192.15080989
60 195.837863825
28 196.779974237
98 203.215627643
56 205.317393062
46 210.769011015
32 211.262140715
37 211.889041562
31 213.937270426
40 216.771432328
29 217.151548186
38 218.625129543
30 218.924957125
43 223.237893652
35 223.440411234
36 223.944308827
42 224.769276147
26 237.126851906
27 241.271669359
25 243.229150949
16 243.474558663
17 244.967601298
24 245.591091459
7 248.971258805
33 258.945246034
21 261.941744937
23 264.747579172
13 271.09026019
22 272.655508541
20 276.890494933
19 284.980843116
6 294.094105705
8 299.614115511
18 302.068422275
12 305.470294488
14 316.771692397
5 320.713446029
10 328.804236109
11 339.488119724
15 339.615376518
9 354.763684124
4 355.26519113
2 373.768914424
3 400.859496262
1 430.048460366
0 643.898725642
