12 0.139811635651
8 0.148137341401
18 0.159433600763
6 0.160419338602
14 0.183016001388
5 0.212550327948
19 0.29822943691
10 0.308112191319
20 0.400249281084
22 0.404262285597
11 0.442006793453
13 0.528152416423
33 0.617585857713
23 0.683833236679
21 0.745960254135
15 0.79285942927
4 0.807791481245
7 1.01361585885
9 1.04172285826
27 1.13109936834
24 1.25508736438
26 1.267818614
17 1.26961619951
16 1.34752270984
2 1.3785980462
25 1.39617760785
42 1.63596167063
36 1.74863931385
43 1.77486533829
35 1.8341964039
38 2.06704048903
40 2.1547017919
31 2.20795689583
32 2.37063814698
46 2.40058610298
3 2.44886556026
30 2.63672248146
29 2.65318181747
98 2.71672383808
56 2.73165044948
37 3.06923298955
28 3.30269943843
60 3.37001670807
47 3.51028238321
34 3.77854245152
1 3.84832987024
64 3.93270562914
39 4.03446567002
78 4.32020679391
52 4.34585429992
55 4.564076598
51 4.84140684385
61 4.93738469054
49 5.01674743366
66 5.10118706576
58 5.26321833513
81 5.30007526271
53 5.32642366138
50 5.47833801362
59 5.50205499192
77 5.66087981636
54 5.73692942703
67 6.58162445138
70 6.60941264618
44 6.82751732166
41 7.26629507985
69 7.27113687314
48 7.31630657633
95 7.47348713542
57 7.97592556363
63 8.13216724345
74 8.5678691136
68 8.8198820587
79 8.8579784356
83 9.09769105945
76 9.11268361039
75 9.25964420111
86 9.29073657263
84 9.37186507115
80 9.82534137501
73 9.84612580445
45 9.97502196817
82 10.1428855112
88 10.2843885619
93 10.7560236506
71 10.9246071127
65 10.9302965522
72 11.0244012343
89 11.6182775148
62 11.8442195836
99 11.8477711295
91 13.1680363925
85 13.1895988165
100 13.7601217063
94 14.1740305792
92 15.1276387111
96 15.2475259819
87 16.1230978774
90 16.393307134
97 16.551935849
0 21.6057263536
