5 0.120403578817
10 0.122897615407
14 0.207849228072
11 0.278986840197
12 0.336978319344
18 0.560783431981
8 0.56328729346
15 0.645906425268
6 0.733638505747
4 0.775429939838
9 1.06373351562
19 1.46808957353
22 1.67552368435
2 1.79665134212
20 1.97799100571
13 2.51651954135
33 2.69695884082
23 3.14607739188
21 3.40491426815
3 3.99907080704
7 4.53235753254
27 5.04103310795
24 5.32705137888
17 5.39238713544
26 5.55703024198
16 5.66160634606
25 5.8025369041
42 6.86706165839
1 7.15076299171
36 7.3060362439
43 7.41627160627
35 7.62447241662
38 8.45524862978
40 8.77594319861
31 8.96857111456
32 9.53470333998
46 9.65491138083
30 10.0545155048
29 10.1959186551
98 10.752896088
56 10.8088282784
37 11.500734687
28 12.7542617874
60 12.975494047
47 13.5068481739
34 14.3463888471
64 14.8061114074
39 15.1928646517
78 16.0175137554
52 16.128117929
55 16.8636639815
51 17.7714608619
61 18.1460338149
49 18.5745690543
66 18.772745669
53 19.1387607541
58 19.2369189589
81 19.4102445227
50 19.8527375734
54 19.8831429022
59 19.9411412469
77 20.6307605604
70 23.4354467634
67 23.606900667
44 23.7890607793
41 24.766837292
69 24.9043654532
48 25.1054733008
95 26.0690580251
57 26.8845983132
63 27.4836046651
74 28.681534914
79 30.1743287393
68 30.4627031635
75 30.9141544802
76 31.1723406235
83 31.4536754046
86 31.6356143703
84 32.3254875152
80 32.5276171227
45 33.1511045306
73 33.5351658877
88 33.9320826437
82 34.5020754541
65 36.4864055448
93 36.7179348831
71 37.2669241344
72 37.5329104169
62 38.7946326159
89 38.9254445987
99 40.1776838838
85 43.0479627265
91 43.2587413149
94 45.805481175
100 46.0004064088
92 48.7311988395
96 50.4671962401
0 51.0804605396
87 51.781705691
90 52.7855063759
97 54.3048391841
