25 0.198316967091
16 0.19946897211
17 0.209875486854
24 0.215544600765
7 0.260059939467
30 0.283043331537
26 0.287837549582
27 0.290465652839
29 0.298006596134
35 0.324326523692
38 0.350389792016
43 0.368874167959
36 0.376077505963
40 0.381274139467
37 0.385882074771
21 0.398530189191
23 0.445717152622
42 0.47000314639
31 0.474840005151
46 0.508062149265
32 0.521522984276
13 0.57279015875
56 0.611544831306
20 0.711001070525
33 0.716742381098
98 0.726663777256
28 0.782037927151
60 0.79200940507
19 0.916178459494
34 0.94561633933
64 0.949634011398
22 0.954576243372
47 0.95798582324
78 1.01984029977
39 1.04365668335
52 1.06097141662
55 1.18353411073
6 1.2617879641
51 1.30518356112
54 1.31715665747
53 1.39698181522
61 1.43280214088
8 1.43433571502
18 1.49447712482
66 1.60173815963
58 1.61507810618
50 1.63291963503
59 1.65233365265
12 1.674010593
49 1.6964807904
81 1.70879374682
77 1.94359866428
44 2.04900401884
14 2.08642394788
41 2.0875294105
69 2.14819420897
70 2.1747467933
48 2.18151922768
5 2.30417100633
57 2.41905573235
67 2.4324181029
63 2.555227696
95 2.58175608435
10 2.70949374376
74 2.72744703624
75 3.15471474597
79 3.19695668285
11 3.19762616558
80 3.42024034746
68 3.49164322686
76 3.49370816984
86 3.53747191736
45 3.58415200581
15 3.60172102658
88 3.68656497671
83 3.7639221283
84 3.94233552002
73 3.99658096424
4 4.13900722357
82 4.22183358576
9 4.35287091601
65 4.38048277706
62 4.66984112103
93 4.88475647087
71 5.01820800849
89 5.03612932033
72 5.03866863533
2 5.33220066514
85 5.60391671929
99 5.66517301226
91 5.7193425151
94 6.10374198022
92 6.75205854815
100 6.87593295816
3 7.2592567159
87 7.4404060848
90 7.72419432526
96 7.81272239266
97 8.60616629266
1 9.54949595727
0 32.3586441401
