6 0.240028805641
22 0.27998434046
8 0.311453103162
12 0.357461982865
33 0.368373866736
18 0.381343700339
19 0.389845573281
20 0.424109071823
13 0.555253965146
14 0.583449558188
5 0.657220613694
23 0.705405861713
21 0.745908863983
27 0.799202272891
7 0.861501715226
10 0.891278589968
26 0.919609644507
42 1.20575202897
11 1.21262310112
17 1.25095800958
24 1.25759436869
16 1.35252009748
36 1.35715131624
43 1.38766299011
25 1.4544777329
35 1.48992833197
38 1.75882513665
40 1.82659413783
31 1.83386756869
15 1.84099001397
4 1.91995580905
32 2.00062852108
46 2.04365267851
98 2.33736461664
9 2.35397214992
56 2.40141813407
29 2.83705680289
30 2.91410923926
2 2.96929223945
28 3.07010983392
60 3.16210718281
47 3.24500930083
37 3.42652963152
34 3.6456859003
64 3.93523618987
39 3.97368321532
78 4.43069530996
52 4.45492512636
55 4.68482738362
3 4.84002658591
49 4.9786978986
51 5.0128290434
61 5.09262656831
66 5.19226862719
81 5.41695677496
58 5.4339951555
50 5.79292697469
59 5.79479348449
77 5.81428403044
53 5.89206131389
67 6.9562248564
54 7.01004587061
1 7.15943744484
70 7.22360743239
44 7.88962206935
95 8.48973055479
48 8.73039885237
69 8.75298123369
41 8.87363781598
57 9.88815473398
63 9.96890264218
68 10.0315174009
83 10.2536481576
79 10.4569685755
84 10.5920800133
76 10.5983399282
74 10.7078161993
86 10.9356497443
73 11.4212531582
75 11.4962712865
82 11.8098815673
93 12.3048039105
80 12.378637154
45 12.4001640294
71 12.4830637525
72 12.6754950047
88 12.9901097839
65 13.2503673002
99 13.6807743879
89 13.8295219573
62 14.9392462944
91 16.1896025859
100 16.2074803374
85 16.5757908473
94 18.0867338136
96 18.2274806926
92 19.3199859556
97 20.1071876161
87 20.6096405893
90 20.7862337618
0 35.1368336873
