0 0.0258482669858
1 0.442068889699
3 0.591149768132
2 0.77485888585
9 0.828120935306
15 0.902468092342
4 0.934038340353
11 1.10184238848
10 1.15405715284
5 1.24354875471
14 1.32161946789
12 1.37475952665
8 1.46132741187
18 1.47363118875
22 1.48935957639
6 1.49190991927
33 1.61295639705
19 1.68546425439
20 1.7639187623
13 1.85196486321
23 1.93960835728
21 1.96750363327
27 2.00287730571
26 2.04295245063
7 2.04779278359
42 2.04845760717
36 2.14025080894
43 2.16231412775
24 2.1772956119
17 2.17892026879
16 2.21164956964
35 2.2133078101
25 2.23868210831
31 2.27117238514
38 2.29519886858
32 2.3054996153
40 2.31415046078
46 2.33784517796
98 2.33932274717
56 2.42022374215
28 2.57288533772
47 2.58437015925
60 2.5956778363
29 2.6084568216
30 2.62363866405
34 2.69611325636
37 2.73546510274
39 2.76230451492
64 2.76916733326
52 2.89327042863
78 2.8982103468
49 2.91513586545
55 2.92020600089
61 2.96874882351
51 2.99285734312
66 2.9969831008
81 2.99770952613
58 3.02797526507
77 3.06639523201
50 3.10963459154
59 3.11958739113
53 3.16217225337
67 3.26505341361
70 3.35093333217
54 3.38744132109
44 3.49584213866
95 3.55559517375
69 3.64433978515
48 3.64758114668
41 3.66992608862
68 3.73648098904
83 3.75275681553
84 3.80830409972
57 3.82091137264
63 3.82588632114
76 3.85812242788
79 3.86458683882
86 3.91704404404
74 3.9361127482
73 3.97383507853
82 3.99776664692
93 4.0263836849
75 4.0389317364
71 4.0460821703
72 4.07337955576
45 4.15680096613
80 4.16282421031
99 4.19993778539
65 4.23355937278
88 4.24252615527
89 4.26943440147
62 4.48352695409
100 4.51787653918
91 4.6089714334
85 4.67140003936
96 4.75568211985
94 4.86552667402
97 4.97181871543
92 5.00467364239
87 5.14760166798
90 5.15388770191
