48 0.236291015734
44 0.239957582039
69 0.250520044853
41 0.262445583168
57 0.29692568002
63 0.297335602878
70 0.303922673352
95 0.315050051329
74 0.351599560518
53 0.372577909715
59 0.381585709498
50 0.392413322436
54 0.397472392762
79 0.40571919266
75 0.429210544853
67 0.46153402831
58 0.468883603708
51 0.475603111001
77 0.50587798444
76 0.508590382408
66 0.513338092543
86 0.515885088742
61 0.519559260941
81 0.524617801394
80 0.526075069296
45 0.553421636496
55 0.557937567651
68 0.561927899615
52 0.594573835454
78 0.594947896217
88 0.614459058152
49 0.645261490974
83 0.671563678944
73 0.676572382557
84 0.724477088965
39 0.765560576932
64 0.777168476226
82 0.785418050039
65 0.827210351225
34 0.866069861063
62 0.99280959146
60 1.05217813025
47 1.06533120704
28 1.10050255675
93 1.11968552833
89 1.12771922195
71 1.18548602699
72 1.18846143139
37 1.30267317798
85 1.43462668607
91 1.46697353976
56 1.46792575995
99 1.50789216106
29 1.56086492852
98 1.62304655468
30 1.63497886024
46 1.71598074545
94 1.72892859871
32 1.78448486585
40 1.88748270564
31 1.91527596479
38 1.97534729395
92 2.09885498258
100 2.15605959757
35 2.25410462472
43 2.36050638979
36 2.42360638424
87 2.51520965141
90 2.67790668271
42 2.68942333235
96 2.71816805026
26 3.062141343
25 3.09855018679
16 3.1324640602
97 3.23637112051
17 3.25106541776
24 3.29542238816
27 3.31168818583
7 3.63036030669
21 4.51427210311
23 4.73798149099
33 5.15801174395
13 5.28565449185
20 5.81709998896
22 6.23455127182
19 6.52909402079
6 7.5857300117
8 8.09070339758
18 8.26438714111
12 8.74871093979
14 9.83334080361
5 10.373528291
10 11.3471472645
11 12.484888083
15 13.2859779529
4 14.5612154926
9 14.9622083225
2 17.0550150966
3 20.868379394
1 25.1814284351
0 63.3751457082
