37 0.142911763196
29 0.145678480457
30 0.167702765419
40 0.304809355016
38 0.315158635025
56 0.34942170063
46 0.350185257723
60 0.37338981358
28 0.379476524107
32 0.388057646572
35 0.399166896359
31 0.400842475308
64 0.443514190463
78 0.455518511137
34 0.455578735784
43 0.482038487171
52 0.494378094348
36 0.51399735831
98 0.519825185673
39 0.521071521895
47 0.526520126012
55 0.600336552812
25 0.664051317788
16 0.677700648154
51 0.69240594523
26 0.700693123501
42 0.70882951615
17 0.735521510191
24 0.758790096919
53 0.790206538261
54 0.797915167714
27 0.81031240228
61 0.830556546952
7 0.934703874809
66 0.977268756826
58 0.989538516529
50 0.999484395205
59 1.00981411658
81 1.09441064145
49 1.09769979696
77 1.31590194741
21 1.44643639858
44 1.45286888035
70 1.54096999164
41 1.55719468267
23 1.58681545234
69 1.59988688944
48 1.62757026165
67 1.80663069441
57 1.93709674316
13 1.94223560164
95 1.99318800579
33 2.01920246764
63 2.06745548444
74 2.29326980446
20 2.30419401036
22 2.72030373199
79 2.72670674236
75 2.76790330164
19 2.8092404837
68 3.02166370214
76 3.04386456267
80 3.1078520154
86 3.11172611007
45 3.27170809452
83 3.32207070369
88 3.42874125071
84 3.5280101843
6 3.60684706708
73 3.62340729772
82 3.89876623794
8 3.99342510392
18 4.12607214223
65 4.1701567977
12 4.51644658921
62 4.61740239729
93 4.65927142784
71 4.81685217374
72 4.85677704108
89 4.92897014525
14 5.39081034463
99 5.61782448792
85 5.7676926337
5 5.84549736107
91 5.87584696945
94 6.45269387566
10 6.67470284853
100 7.17265305822
92 7.28685946336
11 7.64776215
87 8.18208726014
96 8.41116447584
15 8.43746659139
90 8.52970120205
97 9.48866211853
4 9.50233864636
9 9.90989698037
2 11.7899442858
3 15.3896470634
1 19.593886086
0 59.4986834881
