97 0.627016643323
96 0.809350616407
90 1.06929090377
100 1.13806351024
87 1.21782039109
92 1.49862530744
99 1.75351669017
94 1.82376148722
91 1.84493873351
85 2.00965187713
72 2.15369682131
89 2.17922536784
71 2.18171359306
93 2.2730291569
62 2.7176180926
65 2.76055130927
82 2.81522853361
73 3.01725197668
84 3.07857111479
83 3.26091746701
86 3.51223387354
76 3.55481838944
68 3.55878965364
88 3.67715436159
45 3.68971929518
79 3.9300046525
80 3.97237627428
75 4.21098723764
95 4.73625700435
74 4.86079733307
63 5.01677891709
67 5.15701024805
57 5.3211292914
70 5.4577629499
48 5.55259354102
69 5.64338302269
44 5.71440996789
41 5.83931423019
77 6.13352063115
59 6.59507611847
81 6.63246082917
50 6.64038325188
58 6.76612315311
66 6.88411298351
49 6.8847175993
53 7.18262428077
61 7.22469944186
51 7.51411969181
54 7.69731349238
55 7.90989847359
52 8.25661166872
78 8.41384689063
39 8.54818664983
64 8.79630642925
34 8.98313954639
47 9.29983517954
60 9.6964866014
28 9.8297178341
98 10.9493183222
56 11.0535985291
37 11.671640056
46 11.8616985957
32 11.9488088441
31 12.3602964967
29 12.4531072268
40 12.665782768
30 12.7148237748
38 12.9352042205
35 13.6685894099
43 13.7358473523
36 13.8476591783
42 14.1593213875
26 15.8082569771
27 16.4592435616
25 16.5485101371
16 16.599934649
17 16.8575511895
24 16.9629182937
7 17.5875663915
21 19.7043694396
33 19.7829064541
23 20.1885756298
13 21.3070992299
22 22.1070564375
20 22.3477260871
19 23.7802845811
6 25.5690310436
8 26.5672130774
18 26.9762492749
12 27.6947151127
14 29.7755572455
5 30.604792525
10 32.2220921027
11 34.2645226078
15 34.7589290575
4 37.535327033
9 37.7057951947
2 41.4128720944
3 47.212300444
1 53.62868888
0 105.121000499
