96 5.64295901258
97 5.65198561653
100 5.7451937088
99 6.02070106818
71 6.32346470109
72 6.36636353204
93 6.40604766572
90 6.49985865598
87 6.68582179776
89 6.87453560799
92 6.91702082394
91 6.95741170716
84 6.98263543809
82 7.12442990533
83 7.15031046174
94 7.17838739021
85 7.20438829407
73 7.25751475538
68 7.4934983174
65 7.52551312105
76 7.72421694266
62 7.77916197727
86 7.78239479952
67 7.93935648641
79 8.20561766781
45 8.41274765602
95 8.45460082057
88 8.47316249652
77 8.51987201007
80 8.6783302466
70 8.71817189825
49 8.73134369864
75 8.786720498
81 8.96083259791
66 9.05539994382
58 9.21360943746
74 9.25788747153
59 9.2856891785
63 9.29000943971
50 9.34602714271
44 9.39661855423
48 9.5165348034
57 9.56331740705
61 9.58874820572
69 9.61311381446
41 9.84402681924
51 9.91237136849
53 10.1285619999
55 10.1758801504
39 10.2971781328
47 10.3074369779
52 10.4716555132
34 10.5155699169
78 10.6019139565
64 10.6428711902
60 10.9660787113
28 10.9804136546
54 11.1148955942
98 11.1453062845
56 11.587597338
32 12.1307840692
46 12.1318874411
31 12.4000897061
40 12.9366055993
42 13.1115326834
38 13.1920623627
43 13.3821869156
36 13.4358646186
37 13.4875705336
35 13.6082729446
29 13.8843203252
30 14.1626601649
26 15.0217127982
27 15.5331969027
16 16.544621842
25 16.5498064816
33 16.6037025716
17 16.6730683085
24 16.7257123424
7 16.8884182711
22 18.2705799707
21 18.4922118142
23 18.8131672918
13 19.4846988597
20 20.088394334
19 21.0203608981
6 21.8132074487
8 22.5166189975
18 22.91603929
12 23.1093839071
14 24.6302413324
5 24.9743416419
10 25.8745945812
15 26.1402167553
11 27.3296612899
9 28.3070621548
4 29.1412048162
2 31.3476440961
3 34.7207897948
1 38.7253799528
0 69.0441118891
