5 0.155122667721
10 0.177998500094
14 0.188640159856
12 0.190622528075
8 0.270488361603
11 0.282820124363
18 0.286811557599
6 0.314383839753
15 0.368709433538
4 0.517821782306
22 0.57089507635
9 0.588061097898
19 0.60059709174
20 0.778346651026
33 0.926408456489
2 0.966120188891
13 0.977967365925
23 1.21103480895
21 1.3050676729
7 1.70085116924
27 1.84140082144
3 1.91853812725
24 2.02199135788
26 2.02937335159
17 2.04663105125
16 2.15078253994
25 2.20752344088
42 2.46087060207
36 2.67077682602
43 2.71030427112
35 2.80928886559
38 3.12871297504
40 3.23841633995
1 3.27231731882
31 3.29413491903
32 3.50519155111
46 3.55112451985
30 3.83305239455
29 3.87201345978
98 3.94455285447
56 3.98891446122
37 4.38878188083
28 4.75121383464
60 4.83972724755
47 5.00280164417
34 5.37000461787
64 5.57917522921
39 5.70622506826
78 6.04376731303
52 6.08988086273
55 6.37597268797
51 6.71280080336
61 6.86315657821
49 6.93407136697
66 7.0456364277
58 7.26707420642
53 7.30694659551
81 7.32145316751
50 7.52922596808
59 7.54968958464
54 7.65236417561
77 7.7661815004
67 8.91611179379
70 8.93103644563
44 9.12979423868
41 9.55602886536
69 9.60111908227
48 9.65704549886
95 9.98711195575
57 10.390086165
63 10.6185321595
74 11.0909000742
79 11.6202171665
68 11.6890335795
75 11.9661174218
76 11.9836790515
83 12.0446860179
86 12.1692603793
84 12.3667172078
80 12.6016662279
45 12.8409405781
73 12.8719953695
88 13.1513188893
82 13.2770388608
93 14.0694145068
65 14.1176150235
71 14.2796613512
72 14.3977964077
89 15.0379407095
62 15.0624097647
99 15.4047455437
85 16.7257021312
91 16.7719846804
100 17.7073979095
94 17.8286633413
92 18.978883684
96 19.4972405497
87 20.1777082063
90 20.553570614
97 21.0579200852
0 21.3932172843
