60 0.146933786871
28 0.151102658126
78 0.152449349003
34 0.156585793328
64 0.169216774737
52 0.172848928248
39 0.182042719628
47 0.184127887234
56 0.188077937563
55 0.20933452309
51 0.240054150443
46 0.242000940774
37 0.251966754038
98 0.252025607403
32 0.260530639632
40 0.295364917306
29 0.300674848652
31 0.301000933005
61 0.312210992146
53 0.317504214443
38 0.331719452691
30 0.344607526295
66 0.361905018502
58 0.373148381204
54 0.37537239362
59 0.38345885065
50 0.384286373827
49 0.410229319262
35 0.421263204625
81 0.422215132116
43 0.446549425605
36 0.467950684593
77 0.527191295641
42 0.548180198616
44 0.637197805916
70 0.656198431804
41 0.710718653102
69 0.72684073166
48 0.734643933011
26 0.757232904838
67 0.788387656706
27 0.879859982702
57 0.905239011945
95 0.920070702495
25 0.931322913918
16 0.933709251092
63 0.970012760134
17 0.984108624854
24 1.01026329039
74 1.09141147183
7 1.12468336151
79 1.32014148832
75 1.34505190248
68 1.49418291455
76 1.49703072305
80 1.53002998656
86 1.53727415292
45 1.62293779439
21 1.64273480139
83 1.66824221012
88 1.7076308934
33 1.70825479894
23 1.77056213948
84 1.78105330355
73 1.82302576832
82 1.99735888476
13 2.07013561594
65 2.14405808697
22 2.32082838926
20 2.36032355711
62 2.38634239007
93 2.45885305879
71 2.55393216763
72 2.58036081021
89 2.60176293307
19 2.78982266398
99 3.05173970997
85 3.06769713163
91 3.13538248871
6 3.34482207507
94 3.45995215586
8 3.68228174654
18 3.82615589758
92 3.96208549653
100 4.00025329616
12 4.06305003401
87 4.50599010899
90 4.72843842679
96 4.76379128777
14 4.81316725976
5 5.11544893526
97 5.43899296328
10 5.72862203672
11 6.53056753708
15 6.73984238408
4 7.8653630426
9 7.93235759092
2 9.52253341942
3 12.1460838207
1 15.2218944106
0 43.4387395124
