97 0.202492900845
96 0.229880925006
100 0.342618433599
90 0.459811205144
87 0.537428571069
99 0.626513738998
92 0.661405575945
91 0.782328287724
94 0.824743796851
72 0.847330442877
71 0.860184304713
85 0.893451201965
89 0.909242833456
93 0.913523784406
82 1.26480772755
65 1.28663344167
62 1.31539969962
84 1.39851126788
73 1.39889631865
83 1.51144388105
68 1.71427023974
86 1.72663147994
76 1.74180935372
45 1.91091402249
88 1.92014240621
79 2.01159929735
80 2.11069891387
75 2.25373175278
95 2.51050905963
74 2.69680796215
67 2.72638724342
63 2.78642654604
70 2.98196383341
57 3.00674560143
48 3.13704358914
69 3.20245092065
44 3.21673471312
41 3.35339090307
77 3.38994927532
81 3.74702472733
59 3.75761349565
50 3.79172082227
58 3.85811910613
49 3.89501990745
66 3.92698934195
61 4.19044513492
53 4.22217103693
51 4.41338043886
54 4.67623704691
55 4.69565366535
52 4.95405983427
78 5.0729622494
39 5.12925213816
64 5.32872244345
34 5.43841651414
47 5.63067766815
60 5.95741162919
28 6.0479970565
98 6.82412828209
56 6.93620715162
46 7.54082611376
37 7.56482857485
32 7.59871424699
31 7.91070708311
29 8.13651017251
40 8.17189276656
30 8.34836219446
38 8.38571356588
35 8.93077601003
43 8.95467452459
36 9.03607129424
42 9.22030553919
26 10.5622915068
27 11.0699823737
25 11.2579070393
16 11.2888402291
17 11.4826416235
24 11.5662862774
7 12.012191198
33 13.5262488133
21 13.6855563165
23 14.0651555484
13 14.9318540885
22 15.3494598759
20 15.7352535245
19 16.8620055029
6 18.2180956469
8 19.0200324512
18 19.3633553558
12 19.8918097504
14 21.5726037795
5 22.2050926179
10 23.47758254
11 25.1323977282
15 25.3300140853
4 27.7137585736
9 27.7224653597
2 30.7939993399
3 35.4438420769
1 40.6454206208
0 82.7225634519
