70 0.170646534939
95 0.205567330534
44 0.237694684028
67 0.250463693313
59 0.290664768438
50 0.305366353084
48 0.323264798862
77 0.34941435013
69 0.3538370309
58 0.372446369559
53 0.386178915206
79 0.397089888518
68 0.400300899548
81 0.409238467192
66 0.416378312982
41 0.420873143994
76 0.429125239192
63 0.448040785867
51 0.454320033339
61 0.464147825513
83 0.478370247098
86 0.478962667043
57 0.497446076357
84 0.535760291501
49 0.543132036225
55 0.566763395343
74 0.579085218231
73 0.596396986093
75 0.632348292922
52 0.640630804489
54 0.643947476586
78 0.656321615976
82 0.697933008024
45 0.772857515858
80 0.808465432678
39 0.820924450138
64 0.86556605455
88 0.921696750248
65 0.943599026723
34 0.96376143894
93 0.96628545404
71 1.03353118534
72 1.05434242757
89 1.16937151571
47 1.2031923595
60 1.23030500748
28 1.29181897907
62 1.35838949203
99 1.40405112283
37 1.76789149634
91 1.78131633269
56 1.80271324143
85 1.85126415685
98 1.98061680132
29 2.08760185286
46 2.15233364744
30 2.20849818311
100 2.22010769163
32 2.24152607683
94 2.32328593527
40 2.41149172858
31 2.42221466784
38 2.53449453633
92 2.77626258477
35 2.91190428928
96 2.94676155798
43 3.04470316039
36 3.12974146579
87 3.28857996094
90 3.41968324813
42 3.4811530508
97 3.64854036764
26 4.00949741886
25 4.12341927829
16 4.15992376269
17 4.31244322305
27 4.34802558718
24 4.37302065809
7 4.7935186645
21 5.97122039545
23 6.2654033972
33 6.84107567888
13 6.97958027154
20 7.67251534229
22 8.28113875502
19 8.60269508261
6 9.99454909566
8 10.6496593925
18 10.8698893408
12 11.5191780622
14 12.9189119522
5 13.6398069407
10 14.9218463388
11 16.3852156189
15 17.6298877043
4 19.1278395031
9 19.7858483402
2 22.4179240827
3 27.4298688089
1 33.064784121
0 83.2488983223
