80 0.335945208453
88 0.386155208152
75 0.39169821684
45 0.441006654378
74 0.541316199618
63 0.684782137965
79 0.78263194067
57 0.806318526931
86 1.06633040202
62 1.08638234866
48 1.09433770375
69 1.16078622315
76 1.18199630964
41 1.24376872582
95 1.31276078301
65 1.32440880496
44 1.42827004528
73 1.62799865804
68 1.71651721692
70 1.7765180527
82 1.98385942349
83 2.20847207387
84 2.3281358071
85 2.39723397104
67 2.47190806596
89 2.63796453732
59 2.81072501078
91 2.81501562173
50 2.84862301656
94 2.86950970248
77 3.06741535459
53 3.06839946527
58 3.2204529858
54 3.30515143205
81 3.3398927246
66 3.5185033619
93 3.64369880063
61 3.65946550896
51 3.73551492177
72 3.83692134198
71 3.91464765613
49 3.97510423029
92 4.03647914087
55 4.26275318337
52 4.65341408874
78 4.80510870256
99 5.1814131595
39 5.33843304747
87 5.42378339263
64 5.57569246929
34 5.9653265402
90 6.23972140709
47 6.71296372803
60 7.05648711561
100 7.27372300413
28 7.29933413379
96 9.07494774665
56 9.37104308913
98 9.45728564561
37 10.152263589
97 10.7582312101
46 10.8022436166
32 11.0118147421
29 11.749536781
31 11.7632460637
40 12.2538157786
30 12.2786436494
38 12.7818871199
35 14.3021304286
43 14.4457735213
36 14.7010815914
42 15.3754130754
26 18.946673445
27 20.4578169116
25 20.9182575243
16 21.027717792
17 21.6272409828
24 21.8713961298
7 23.2930110437
33 28.0812777137
21 28.7627389962
23 30.0208656801
13 32.9370238393
22 34.0247997625
20 35.6864653387
19 39.6491127931
6 44.2909265694
8 47.1889058448
18 48.5119266228
12 50.3144160146
14 56.6166798245
5 58.8323763295
10 63.509497381
15 69.7221094897
11 69.9415518121
9 79.0853380936
4 79.661513106
2 91.566690856
3 109.917558953
1 130.914647319
0 309.324297975
