23 0.130760617267
21 0.13211364388
13 0.137296011951
20 0.171539565722
7 0.188530739556
19 0.270766296853
27 0.282164485663
24 0.29661599752
17 0.302463070488
16 0.342132140323
33 0.349868651284
26 0.358222935486
25 0.370169040974
22 0.426632807894
6 0.483495724274
8 0.60758526066
18 0.652289315417
36 0.697354465964
42 0.705211400457
43 0.707927388311
35 0.712535120687
12 0.802780593347
38 0.868541439105
40 0.946235634356
31 1.0346538298
14 1.14176207537
32 1.16695875939
46 1.17721459789
30 1.19916427618
29 1.21912776962
5 1.34877772924
56 1.44954062517
98 1.5099492094
37 1.54546094219
10 1.74024450948
28 1.91971958594
60 1.97028317452
47 2.16127842771
11 2.19496289603
34 2.33214594013
64 2.43411425485
39 2.5594342404
78 2.75858401833
52 2.79325709222
15 2.85943978558
55 3.0117457683
4 3.1954888718
51 3.27981896314
61 3.40617444646
9 3.59435867458
49 3.61520083606
66 3.62131223686
53 3.67200179798
58 3.74223103019
81 3.8172243571
50 3.908764915
59 3.94069966284
54 3.94553418358
77 4.20493776294
2 4.52258280402
70 5.0328722891
44 5.13700278285
67 5.13969839584
41 5.49072675864
69 5.52297258996
48 5.58304599611
95 5.88780658342
57 6.20368269558
63 6.39183763381
3 6.74209215207
74 6.81485414367
79 7.27600145218
68 7.38196954772
75 7.56934287675
76 7.61644193388
83 7.7346856398
86 7.7776471782
84 8.03751230455
80 8.14494039426
45 8.34553991596
73 8.44631152884
88 8.63867590775
82 8.78362978326
1 9.436226129
65 9.49661023227
93 9.59253474471
71 9.79320535262
72 9.88099986952
89 10.3644909844
62 10.3674075939
99 10.8427026762
85 11.9082377331
91 11.9629301598
94 12.9518582342
100 12.9765848904
92 14.0445294622
96 14.6438089479
87 15.1947431318
90 15.5597162217
97 16.0987594262
0 38.7810607095
