74 0.182585254905
57 0.194906618914
63 0.210006600162
75 0.251567203261
48 0.27070497956
41 0.270763326404
80 0.28272525203
69 0.284559805808
88 0.362336141486
45 0.37175130434
44 0.391099712197
79 0.434759880781
95 0.512218654411
86 0.597281639464
70 0.599490161452
76 0.635424537923
54 0.715559101462
68 0.821210045571
62 0.826463892893
53 0.830323031793
65 0.854907302425
59 0.861108271754
50 0.867969680719
73 0.87450506868
67 0.922348578453
83 1.02377097836
58 1.02408544812
82 1.03452674532
77 1.06089250463
51 1.08541105049
84 1.08815527764
81 1.10743460096
61 1.13688697465
66 1.14153241577
55 1.23944084074
52 1.33891121408
78 1.33995243467
49 1.35320750062
89 1.40539714516
85 1.45918077444
91 1.62643871199
39 1.6317669125
93 1.65759261184
64 1.6732643539
94 1.73112341632
72 1.74203234273
71 1.76706750116
34 1.8204787628
47 2.15503164438
60 2.17363681022
92 2.25013265041
99 2.2513517158
28 2.25517585826
37 2.72793987144
87 2.84548286869
56 2.91655390992
98 3.09579385176
100 3.14103331693
90 3.1632251849
29 3.23455257978
30 3.36923349733
46 3.3719846805
32 3.45913163774
31 3.70665944284
40 3.73789883599
38 3.89837588542
96 3.91100131652
35 4.3815204395
43 4.52480749679
97 4.60753462969
36 4.61422097913
42 4.99474707691
26 5.84123704593
25 6.09151253275
16 6.14740570368
27 6.29868568962
17 6.35791287958
24 6.43944706487
7 6.9996577928
21 8.63552970895
23 9.03921997786
33 9.2185350565
13 10.0062487918
20 10.9291993109
22 11.1115454526
19 12.1961531448
6 13.9161237068
8 14.835689191
18 15.1925532909
12 15.9217482357
14 17.8979023682
5 18.7466976633
10 20.3767772775
11 22.419711344
15 23.0851152804
4 25.8366150388
9 26.0792953915
2 29.9594237563
3 36.3042278517
1 43.5337048782
0 106.032990108
