23 0.131837308861
21 0.134820169447
13 0.140373642724
20 0.176505628224
7 0.202736376858
19 0.261295865577
24 0.279598922305
17 0.286752538017
27 0.319483496098
16 0.319494886597
25 0.3393114998
26 0.388728301452
33 0.444198376007
6 0.480038105895
22 0.511816365603
8 0.581530030702
18 0.609242940901
35 0.698891278428
36 0.700330917576
43 0.705893039856
42 0.727261159431
12 0.766223269757
38 0.829672457704
40 0.901215972104
31 0.992359004116
14 1.0469534225
30 1.06763162047
29 1.09102506677
32 1.11022895834
46 1.11380593734
5 1.24689191877
56 1.35207559783
37 1.37369794139
98 1.41963460608
10 1.60252808315
28 1.75684441902
60 1.7982490385
47 1.97609671392
11 1.98940067975
34 2.11277708429
64 2.18906364541
39 2.30715247341
78 2.47480709485
52 2.50352172086
15 2.69373612926
55 2.69792663736
4 2.8996275039
51 2.93462354019
61 3.04282263357
66 3.23964243426
49 3.24534232977
53 3.26003311014
9 3.32211124764
58 3.34324588868
81 3.41198245949
50 3.4833459937
54 3.4841205492
59 3.51529760698
77 3.75417046215
2 4.09442419429
70 4.47133908068
44 4.54870826708
67 4.57101194571
41 4.85334502598
69 4.88347827851
48 4.94049521476
95 5.21061126699
57 5.48267221808
63 5.65040516032
74 6.02172024686
3 6.07866544803
79 6.43605761929
68 6.5244143979
75 6.69089495616
76 6.73478521395
83 6.83817330289
86 6.87449623301
84 7.10698768407
80 7.19861881688
45 7.37699159157
73 7.47414836505
88 7.63495830584
82 7.75989803586
65 8.39219093185
1 8.47154975034
93 8.47241718832
71 8.65129460642
72 8.72364030397
89 9.15453526352
62 9.16445061217
99 9.5674484411
85 10.5236072295
91 10.5793531547
100 11.4475248445
94 11.4514085348
92 12.4162878179
96 12.9138382712
87 13.4316528269
90 13.7508051348
97 14.187340786
0 34.6092251716
