59 0.134039685316
50 0.134934208388
53 0.136242303219
44 0.141660250235
51 0.166457820775
58 0.168723026691
69 0.1760588148
48 0.178321147877
41 0.179644588709
61 0.186310906658
70 0.189059994972
66 0.208021165255
81 0.208741277079
55 0.211658065177
54 0.248634776621
77 0.249444823824
52 0.253218237954
57 0.256218277768
78 0.266923390897
63 0.284689597136
49 0.285302655872
95 0.319993139845
39 0.332198063277
74 0.352895303036
64 0.367754644526
67 0.369228403151
34 0.403594651898
47 0.511900586355
75 0.515077295087
79 0.552406139726
60 0.557067042836
28 0.590317219549
80 0.641499857139
45 0.725285635516
76 0.73473490393
86 0.751996367345
88 0.778708968821
68 0.795499324256
56 0.91638627958
98 0.940156386613
83 0.997199256318
73 1.05501207712
84 1.10692844106
46 1.17108382716
37 1.18177822981
32 1.20357570711
82 1.22025906845
65 1.23895533848
31 1.34905337179
62 1.38104356512
40 1.44878283408
29 1.45000999
38 1.55678294613
30 1.57046324509
89 1.77190515607
93 1.811121108
35 1.8414534946
43 1.86415153176
36 1.9100522384
71 1.92172967267
72 1.92962160456
42 2.03835682656
85 2.07754548836
91 2.20561691762
94 2.43395609047
99 2.48440132683
26 2.78859985603
92 2.97804527303
27 3.11062356386
25 3.29952042086
16 3.31130263848
17 3.43651262516
24 3.49573733905
100 3.51093319541
87 3.58557556892
7 3.77021331047
90 3.87801403859
96 4.34728730196
33 4.77224626247
21 4.99789928953
97 5.08630440956
23 5.28490824266
13 5.94187534544
22 6.12360735731
20 6.56140945178
19 7.47598362739
6 8.54569123797
8 9.24275319176
18 9.56238889004
12 9.97502262079
14 11.5012000128
5 12.0369042025
10 13.1804381961
15 14.7099297955
11 14.758134714
9 17.0271651248
4 17.1704269831
2 20.1490456735
3 24.811876385
1 30.2287608923
0 77.5721172484
