35 0.116329691587
38 0.120946503163
40 0.122682133976
43 0.123735921612
36 0.126316137127
31 0.143348804483
42 0.148806395526
46 0.15223503352
32 0.153657830241
29 0.15648988437
26 0.161844131779
30 0.162914562869
27 0.190121678526
56 0.191138853184
37 0.197236371052
16 0.221110969888
25 0.223696071585
98 0.224753847817
17 0.233463629708
24 0.24226584455
7 0.266836643086
28 0.281872060043
60 0.291142244188
47 0.345425231593
34 0.373463781571
64 0.401130319755
39 0.433770371856
78 0.446445631665
21 0.447417722787
52 0.467261557999
33 0.474826924361
23 0.495606923851
55 0.531827924795
51 0.594217684592
13 0.610999308956
61 0.663067139033
54 0.686127181511
53 0.68941648617
22 0.710498465251
66 0.721606726804
20 0.727237426721
49 0.740167665825
58 0.75419444072
50 0.786734448494
59 0.788609023882
81 0.795184594338
19 0.909316089059
77 0.912961168341
44 1.08783534668
70 1.11545951898
41 1.13085808018
6 1.15042305232
69 1.16200243593
48 1.17791936029
67 1.20414560605
8 1.30806648656
57 1.33088469201
18 1.37621351381
95 1.37857881219
63 1.41059000494
12 1.48175784306
74 1.51474955899
75 1.7764803915
79 1.77855823809
14 1.8444856301
68 1.93052522943
80 1.93845645624
76 1.94453631731
86 1.97568494973
5 1.98990986967
45 2.04015414103
83 2.07611530264
88 2.10160424577
84 2.17476708987
73 2.23451309546
10 2.29535099986
82 2.39135731215
65 2.52902530282
11 2.69868790084
62 2.71674107244
93 2.75475796759
15 2.80643943911
71 2.83354866929
72 2.86030195995
89 2.92604221237
99 3.23361129921
85 3.3045161497
91 3.38175707395
4 3.38274151559
9 3.41752641856
94 3.62408989202
100 4.02075542776
92 4.03689782582
2 4.24886808749
87 4.47724475886
96 4.65041347272
90 4.66366142954
97 5.19833912653
3 5.65829046265
1 7.35232279703
0 23.600672543
