49 2.02272697522
47 2.14148056915
98 2.29026876539
77 2.32213159543
66 2.34883990853
81 2.38317640234
34 2.44906933905
28 2.47145775294
60 2.47824472345
58 2.50443279326
39 2.53793065593
56 2.57929848672
67 2.61299451435
51 2.62893533471
59 2.64102449366
61 2.66070329714
55 2.71072646553
32 2.75014440478
52 2.75558564636
50 2.7567104965
78 2.76082184358
64 2.80306298848
46 2.80649709034
31 2.96049358407
70 3.0154712359
42 3.1459766438
40 3.28245198306
53 3.36764628203
43 3.44503125526
36 3.44725458502
38 3.49594719625
35 3.65214476469
95 3.6696734959
44 3.7509540582
83 4.0080814406
68 4.07020793067
84 4.08890219698
48 4.10045266412
69 4.23792873297
76 4.32926387572
79 4.3500742083
54 4.40752793007
41 4.41201407137
73 4.42507001649
37 4.48814199942
26 4.5218282239
86 4.52964094308
29 4.53698297317
63 4.60032729971
57 4.71592842531
82 4.79258651555
30 4.80352874344
93 4.85472935348
27 4.86436941969
71 4.89805622819
74 4.95638342217
75 5.05523868532
72 5.07982237506
45 5.32701793214
80 5.4350390484
65 5.49021662364
33 5.60861785908
99 5.62787471781
88 5.64041068365
89 5.67551344611
16 6.0791803357
7 6.11156508107
17 6.14171370832
25 6.18413539525
24 6.24750920479
62 6.29643910115
91 6.63850262143
100 6.9497207561
22 6.9643308574
85 7.02151936515
21 7.59697757693
94 7.68028396074
23 7.89736225199
96 8.12770192205
92 8.29361516011
13 8.45421254348
20 8.921118621
87 8.98494460863
90 9.12778494406
97 9.38661155195
19 9.83054528745
6 10.3461563057
8 11.1439502731
18 11.6334213135
12 11.6828116358
14 13.409860443
5 13.6945601718
10 14.6787243471
15 15.1261319895
11 16.3973200803
9 17.5819073034
4 18.4391165933
2 21.1113894955
3 25.4969704014
1 30.7362406762
0 76.7310893593
