53 0.124276861067
51 0.206594707279
55 0.20666360016
52 0.228968813534
78 0.240831334492
61 0.265376856561
50 0.274813123789
54 0.291401156018
59 0.312778824464
58 0.343819736929
64 0.37529383831
39 0.388105163338
66 0.440691398155
81 0.458910285613
34 0.501353213896
44 0.527102305991
77 0.650479271945
70 0.660494703338
41 0.661689805284
49 0.664254272102
69 0.675127040074
48 0.724022362985
60 0.739309258284
47 0.797679953249
28 0.809298522683
57 1.02439622638
67 1.07873863304
95 1.08040682904
63 1.14348312802
56 1.38763453082
74 1.39329644831
37 1.40327475764
98 1.57476787791
46 1.82144999968
29 1.8570975846
32 1.90485326376
79 1.93063000832
75 1.94605467394
30 2.03487433509
31 2.1495940846
40 2.20790332553
76 2.34905370382
38 2.36102465594
68 2.36479753953
80 2.3650660823
86 2.42389582208
45 2.58574222924
88 2.77953606266
83 2.84506261111
35 2.89832027691
43 3.05279931391
84 3.14011969239
36 3.15100458006
73 3.22053154522
82 3.56633989115
42 3.61867048627
65 3.87766037551
62 4.46506801707
26 4.62679718688
93 4.85880260261
89 5.08492132966
25 5.10246021336
71 5.12870445619
72 5.14824500764
16 5.15260696555
27 5.19546805842
17 5.39953556439
24 5.50111886972
7 6.14239442203
85 6.23858725217
99 6.42368815591
91 6.51091111811
94 7.29059269829
21 8.30556597287
92 8.65413051658
23 8.83920498001
100 8.96137839496
33 8.96798192204
13 10.1153461324
87 10.1542575058
90 10.7873456921
96 11.0220500212
20 11.3491253377
22 11.5450962969
97 12.8374150699
19 13.0914056359
6 15.4554300984
8 16.7561178347
18 17.2716838432
12 18.3010214883
14 21.1490013112
5 22.3792755611
10 24.7653793511
11 27.7689139917
15 28.9186799579
4 32.8851158933
9 33.372496749
2 39.1474840352
3 48.8990356848
1 60.1342962332
0 160.993287351
