5 0.148530063355
14 0.15144867381
10 0.189256767661
12 0.247553661287
11 0.265423968292
18 0.31384028376
8 0.33725199054
6 0.444824161738
4 0.645829982483
15 0.763552353745
19 0.779158996556
9 0.988201004719
20 1.06464905708
22 1.13240577999
2 1.32745404976
13 1.35006642944
33 1.68574948079
23 1.69522759662
21 1.84374033522
7 2.5091425566
3 2.7111926716
27 2.86192900536
24 2.91952308862
17 2.96239341766
16 3.10997341544
26 3.15272205722
25 3.17853405977
42 3.93156216103
36 4.16043721433
43 4.20668773952
35 4.31123262971
1 4.61664258686
38 4.76000680905
40 4.94047062726
31 5.07446298405
32 5.40219899835
46 5.44718415997
30 5.57845669565
29 5.66656302422
98 6.09242040404
56 6.09383345664
37 6.40032237947
28 7.18256212129
60 7.30437281016
47 7.59607433144
34 8.07184092909
64 8.31423193048
39 8.54163732345
78 8.99826138932
52 9.05533340333
55 9.48634248441
51 9.98318106371
61 10.2048975776
49 10.4124546223
66 10.5122398687
53 10.7521958056
58 10.8188657289
81 10.9235180783
54 11.1651056756
50 11.1675140431
59 11.2074998835
77 11.587934569
70 13.2014821084
67 13.2467842382
44 13.4047173769
41 13.9665637596
69 14.0438817799
48 14.1498988922
95 14.6808614574
57 15.1816205196
63 15.5241951857
74 16.2076854942
79 17.0409173345
68 17.1885599549
75 17.4927823434
76 17.5945085244
83 17.7358206475
86 17.8527657596
84 18.2113969113
80 18.4183024866
45 18.7740620537
73 18.9202246204
88 19.2231421554
82 19.487030363
65 20.6669058506
93 20.6900194784
71 21.0029559292
72 21.1592334089
62 22.0175460626
89 22.0383155141
99 22.6246542609
85 24.4478473913
91 24.562147905
100 25.9605648399
94 26.0557543767
92 27.7335459733
96 28.542047079
87 29.4823205917
90 30.040175011
97 30.7722617998
0 30.9344365529
