15 0.674185711196
9 0.918686654076
22 0.938700506468
33 1.13649741491
10 1.56951952385
2 1.61498278725
4 1.64291053344
5 1.69986211379
12 1.7012808463
6 1.85322853272
11 1.8600465539
8 2.00051352243
3 2.03502052552
14 2.05837634738
42 2.19189271469
18 2.29082710332
27 2.47358099372
26 2.55009345342
36 2.72992898275
43 2.80558661419
19 2.81243358956
20 2.91486531752
1 2.984444684
35 3.09145444811
31 3.18659655006
32 3.19914027126
13 3.23336210413
98 3.30047188542
7 3.30539673063
46 3.33805862309
40 3.3779563093
38 3.46646518624
23 3.50722671975
21 3.53628741447
56 3.6058346738
17 4.11006372571
24 4.16323013749
47 4.1901179123
16 4.26155638453
28 4.31729917974
60 4.42294616287
25 4.47406187376
34 4.85320820068
39 5.27605272349
49 5.45648602368
64 5.56262216655
29 5.5946477777
78 5.76790290739
52 5.90667258188
30 5.95941926885
55 6.01050004319
66 6.0234614578
81 6.1680681137
51 6.18191683902
61 6.31167597843
77 6.32271928129
58 6.34433689956
37 6.39897972007
59 6.75214329244
50 6.86306326804
67 7.23773825314
53 7.77340409465
70 7.97702474016
44 9.37543237637
95 9.51115360123
54 9.79961854299
83 10.0798759527
68 10.2555924898
84 10.2657117898
48 10.3742092798
69 10.7412489619
76 10.9989676346
41 11.0506503375
73 11.2171307468
79 11.2397744037
93 11.378242269
71 11.4118553986
86 11.4414349366
82 11.6817802093
72 11.7114948555
63 11.8256412496
57 11.9741022688
99 12.3374226467
74 12.6598243487
75 13.0500307121
89 13.2668284376
65 13.4744798918
45 13.6405986936
80 13.9230640008
100 14.1579033152
88 14.3761215446
0 15.1583082937
91 15.310674596
62 15.6037505019
96 15.7238848274
85 16.5150474958
97 17.426085568
94 17.9120594047
92 18.7140362055
90 19.2280517804
87 19.529050923
