14 0.369574130516
5 0.386379508258
12 0.422707629836
10 0.442084593696
18 0.44912274361
8 0.468916444216
11 0.521124526165
6 0.53827393144
19 0.739649686482
4 0.852263049177
20 0.933596907239
15 0.938088621307
9 1.12149185963
13 1.12697497371
22 1.14192768884
23 1.36291372076
2 1.41137714415
21 1.46570599447
33 1.57933807512
7 1.958916195
24 2.23061765459
17 2.2546430192
27 2.28752815425
16 2.35483815547
25 2.40337949232
3 2.51188750228
26 2.51401039052
42 3.24869199864
36 3.32896626016
43 3.35790692674
35 3.38166765404
38 3.71438951371
40 3.84596404188
1 4.00697743983
31 4.03772335395
30 4.11679680547
29 4.19376166429
32 4.27321300094
46 4.29047199424
37 4.71198394668
56 4.77407127525
98 4.90288316405
28 5.56465885784
60 5.64598446488
47 5.96093361614
34 6.20966598988
64 6.3645381421
39 6.5623631543
78 6.74478215968
52 6.83071312616
55 7.16489975836
51 7.518520052
61 7.78109499877
53 8.0158050222
66 8.06718433639
49 8.09103523685
54 8.13810040028
58 8.23669794858
81 8.38057279908
50 8.42697397332
59 8.44749683837
77 8.91195047338
70 9.88060597864
44 9.88352440069
67 10.1394580517
41 10.19175809
69 10.2819419652
48 10.3554013401
95 10.9638324032
57 11.0589404455
63 11.334769313
74 11.8175603416
79 12.574632536
75 12.7653164751
68 12.9033985894
76 13.0821717568
86 13.2511713337
83 13.3739818879
80 13.4275647232
45 13.7134907081
84 13.7379794575
88 14.0225992969
73 14.0854115947
82 14.549743957
65 15.214272938
93 15.6319356479
71 15.8684316095
72 15.9749042115
62 16.0851044465
89 16.3555921792
99 17.1324718061
85 17.9160803333
91 18.0242473444
94 19.0344174074
100 19.5588144725
92 20.2862173669
96 21.4228965917
87 21.5902336187
90 22.0468544531
97 23.0213434543
0 24.1094474165
