86 0.11326527917
76 0.114965849483
79 0.13440037624
68 0.164172193087
73 0.164822964483
83 0.207491250095
82 0.21904834698
84 0.219893216206
45 0.233216912663
65 0.267757850209
75 0.269155624578
95 0.289957878039
80 0.29614526309
88 0.297488026233
63 0.415232305027
74 0.417057950751
62 0.45485291721
89 0.479013926997
93 0.496271904049
57 0.53739354356
70 0.541149645836
72 0.552980291938
71 0.559882615242
48 0.561872271609
67 0.578194054552
69 0.603060022453
44 0.604017413747
41 0.70399689031
85 0.811389743237
91 0.840428073609
99 0.880257239194
77 0.989829696613
59 1.07819203308
50 1.10173891565
94 1.13497359407
81 1.21252098508
58 1.22284203801
66 1.3215635856
53 1.34400438719
49 1.44169616911
61 1.47492106378
92 1.53605424671
51 1.5808823068
100 1.60858572065
54 1.66768796034
55 1.83781215933
87 2.02350169204
52 2.04863771385
78 2.1301282827
90 2.22264931231
96 2.30254059424
39 2.32555436898
64 2.46909965338
34 2.63246692183
47 2.96246130122
97 2.97674032993
60 3.17163652423
28 3.28168347729
56 4.26524770774
98 4.32808640709
37 4.59234445289
46 4.94377591047
32 5.0468986623
29 5.27022575426
31 5.40351517566
30 5.50204121574
40 5.58495968515
38 5.82632931968
35 6.50579350046
43 6.61886996902
36 6.73847178035
42 7.12501983667
26 8.54773043442
25 9.17619532885
27 9.19109287784
16 9.23331044364
17 9.49954395482
24 9.60618452216
7 10.2763814369
21 12.4972661496
33 12.8722714053
23 13.0233634889
13 14.2616308878
22 15.402988376
20 15.4365528139
19 17.066637101
6 19.1957103991
8 20.3665472314
18 20.8380626837
12 21.7313321973
14 24.2343058998
5 25.2788772174
10 27.3030779734
11 29.854981596
15 30.6452192029
4 34.0813691479
9 34.3778236394
2 39.1709899341
3 46.9481497527
1 55.7595549419
0 131.05268401
