15 0.253767823218
10 0.442071932599
9 0.528911089169
5 0.555347888498
11 0.575700005147
4 0.659621329022
14 0.776683248492
12 0.789950937018
8 1.08524472159
2 1.12454997381
6 1.16351750626
18 1.1783064765
22 1.33989945955
19 2.04227687296
33 2.0560901995
3 2.39118895086
20 2.43137560452
13 2.91722249763
23 3.44007226331
21 3.62018080323
27 4.22017741716
7 4.2551066758
1 4.37544361302
26 4.56009348533
42 5.09145774526
24 5.09509833683
17 5.1172328193
16 5.34959109348
25 5.52445913103
36 5.64493844064
43 5.74968564403
35 6.03679244304
38 6.69273227077
31 6.81973294833
40 6.86157250722
32 7.1867842425
46 7.32705386828
98 7.87260639691
56 8.13262259009
29 8.73008897042
30 8.76491756428
28 9.60143026139
60 9.79534292484
37 9.82820830653
47 9.94319099857
34 10.7991106481
64 11.3474053272
39 11.4623015698
78 12.3179836525
52 12.3791834542
55 12.8428891297
49 13.4704496992
51 13.4863006377
61 13.6552880955
66 13.8953705385
81 14.322639734
58 14.3404601399
53 14.9266374482
50 14.9723661473
59 14.9950253693
77 15.0953418068
54 16.3009692398
67 17.2459164828
70 17.6097485269
44 18.4657154715
69 19.6729956704
48 19.7230298247
41 19.7356318138
95 19.7560072862
57 21.3867171496
63 21.6720844554
68 22.6308652447
74 22.7369916013
79 23.0146657175
83 23.1226854908
76 23.4433958743
84 23.7160878359
86 23.9187129398
75 24.2212007371
73 24.9618897316
80 25.546075372
82 25.6446006566
45 25.7911185774
88 26.5644383141
93 26.731955904
71 27.0648713678
72 27.352362952
65 27.6771288392
89 28.9799270616
99 29.1136698738
62 29.9425268141
91 32.5579921174
85 32.8107411524
0 33.3329805103
100 33.3352442352
94 35.040526036
96 36.6347054284
92 37.0867925101
87 39.2154064898
97 39.5912002045
90 39.7116023029
