48 0.278320832907
41 0.279121598098
69 0.285390342492
44 0.336395226392
57 0.34127633482
63 0.403849941642
74 0.503246891308
70 0.676148215559
53 0.721629810505
50 0.809316623276
59 0.810759361252
54 0.820547888304
95 0.839424734548
75 0.839601052353
58 1.04013627118
51 1.0422235191
80 1.08760943296
79 1.12209833196
61 1.14363109872
81 1.22031119434
55 1.24537935336
66 1.252274892
77 1.30132358224
45 1.31516577485
52 1.39422988494
88 1.40041868902
78 1.42580548849
67 1.42804478055
49 1.64775868395
86 1.66555426612
76 1.67610551669
39 1.81322611271
64 1.88261783523
68 2.03246852605
34 2.10569993815
73 2.48636462387
47 2.63030478525
83 2.64200111173
60 2.66909464427
65 2.69728126444
28 2.80625919856
62 2.86630299514
84 2.89737034314
82 2.95278744066
56 3.9585803794
98 4.16333518621
89 4.22329898316
37 4.25594462105
85 4.67789466729
93 4.73029527988
46 4.78498323117
32 4.91858586787
72 5.02326158027
71 5.03843576736
91 5.04713570146
29 5.18336753451
31 5.36997010484
94 5.50603638486
30 5.52126514189
40 5.58635605826
38 5.89497298069
99 6.55132405179
35 6.83313835247
92 6.93499572477
43 6.98671377034
36 7.14616421162
42 7.71137683411
87 8.54645474432
100 9.14924167981
90 9.36276630221
26 9.79439017485
27 10.7710904341
25 11.0094364016
16 11.0727916332
96 11.2816356758
17 11.4716052422
24 11.6437951506
7 12.5927209903
97 13.2170879317
33 16.15070423
21 16.2782536928
23 17.1452432402
13 19.16094062
22 20.2211187434
20 21.0722375779
19 23.8423302475
6 27.1860264258
8 29.2461619199
18 30.1668962465
12 31.499454186
14 36.0100772385
5 37.661767391
10 41.1036797947
11 45.7681503154
15 46.0106683318
9 52.8440867015
4 53.0121170282
2 61.9303194356
3 75.7780945515
1 91.7237432658
0 230.609610888
