13 0.0146826569719
23 0.0149429934633
21 0.0154195698575
20 0.0162472937831
19 0.0204547263828
7 0.020562133182
24 0.0256638376871
17 0.0261540799724
16 0.0283593436739
27 0.0286702176382
25 0.0297795853173
26 0.0330232673267
6 0.0334246711933
33 0.0359656930795
8 0.0384053060632
22 0.0392063094132
18 0.0393731760248
12 0.0493438732489
35 0.0522214952223
36 0.0524151197173
43 0.0527317083495
42 0.0549612507183
38 0.0600041627529
14 0.06408311082
40 0.0648986509826
31 0.0701716909038
30 0.0760893218037
5 0.0762738252479
29 0.0774749745895
32 0.0779247894535
46 0.0779974875112
56 0.0926154101517
37 0.0950546074316
10 0.096886827007
98 0.0969992711258
28 0.116785726729
11 0.118116059102
60 0.119479683307
47 0.130543449623
34 0.138466433783
64 0.14213864488
39 0.149784628764
78 0.161684158629
52 0.162481686589
15 0.166053345229
4 0.172052455401
55 0.173872147071
51 0.188800339692
61 0.193982524729
9 0.201651970608
66 0.206707489974
49 0.207270550485
53 0.20792717464
58 0.212668006663
81 0.216704770854
50 0.221434805403
59 0.223616167782
54 0.226627985229
77 0.237628186547
2 0.243180224442
70 0.281440612787
67 0.286848285719
44 0.287972956154
41 0.308996462268
69 0.309686927891
48 0.314062123075
95 0.325606954957
57 0.348038233614
63 0.357078795552
3 0.359846951496
74 0.381505672966
79 0.401668036013
68 0.404045977339
76 0.418199610223
75 0.420654229866
83 0.422775491655
86 0.427760990732
84 0.439344558154
80 0.452978711284
45 0.461826698144
73 0.4631940913
82 0.478907447336
88 0.479596850339
1 0.500194730837
65 0.519944019758
93 0.521091879451
71 0.531513102217
72 0.53632892758
89 0.563836554419
62 0.570644667046
99 0.586589778092
85 0.651044302463
91 0.65383570015
100 0.699718063552
94 0.708945087966
92 0.766734746644
96 0.78761931553
87 0.827528969523
90 0.845947538075
97 0.863958990221
0 2.0543100708
