2 0.229678515707
4 0.29054593664
9 0.346605917909
15 0.581065513273
11 0.67915041137
3 0.719413560812
10 0.940549005719
5 1.3256533122
14 1.64901319836
1 1.84326838266
12 2.11914911155
18 2.56767139861
8 2.59351012716
6 2.90580762603
22 3.9829255936
19 4.06176014206
20 4.76415426341
33 5.20455737108
13 5.4651787972
23 6.23989592825
21 6.54115515416
7 7.74303864972
27 8.1074400408
26 8.62001633663
24 8.68364584164
17 8.74574011243
16 9.04286093836
25 9.21523652242
42 9.63650268269
36 10.2588742251
43 10.3762233963
35 10.6814648756
38 11.5120369389
40 11.7856655315
31 11.8396966509
32 12.3702354459
46 12.5080524942
98 13.3543207084
30 13.5309323391
56 13.5814993741
29 13.6137659652
37 14.9201827603
28 15.4340999871
60 15.6639119335
47 15.9619834904
34 16.9294160105
64 17.4670870731
39 17.7209419381
78 18.6785195054
52 18.7396354687
55 19.3678519848
51 20.166407948
49 20.4049062621
61 20.4103321907
66 20.7848999431
58 21.3176970823
81 21.3650974324
53 21.656152981
50 22.0021771908
59 22.0466617656
77 22.3469885259
54 22.8205095841
67 24.9357102044
70 25.1929430274
44 25.9003926208
0 26.114021123
41 27.0848363442
69 27.1038315323
48 27.2378775376
95 27.609175491
57 29.0077079128
63 29.4358179446
74 30.5959093411
68 31.1914398384
79 31.3707874771
83 31.8701651543
76 32.01742919
75 32.4425818686
86 32.505943286
84 32.575128023
73 33.8942314084
80 33.9279858925
45 34.3308521926
82 34.70073694
88 35.1311381757
93 36.1630885347
71 36.5802188854
65 36.8261520246
72 36.876200048
89 38.5601669787
99 38.9536266582
62 39.1740851595
91 42.5581394501
85 42.6150912375
100 43.8422171737
94 45.0933787315
92 47.485721507
96 47.6199464739
87 49.969396914
90 50.6519821754
97 50.9371030503
