83 0.201639832237
84 0.210911496633
68 0.215953360024
76 0.249771098562
73 0.254452564171
86 0.278421336048
82 0.293044969768
79 0.386317882317
65 0.49793535433
93 0.5324386526
95 0.540324578722
71 0.605949679257
72 0.614806472732
45 0.638416338861
89 0.65917494422
67 0.704879094779
75 0.753238886771
88 0.762713803424
80 0.794917228021
62 0.848868820043
70 0.894118747089
63 1.02309872916
99 1.0263131702
74 1.05372073983
44 1.20706844527
91 1.22511398912
85 1.23201077686
48 1.23824808576
57 1.26279296371
77 1.29547718029
69 1.30607897368
41 1.51449125961
59 1.65879424515
81 1.66509993183
94 1.68318256445
50 1.69690601818
58 1.77151660807
66 1.85822903388
49 1.87568368696
100 2.04484186203
61 2.1601143838
92 2.18783667089
53 2.2390960079
51 2.44626950656
55 2.81058088868
87 2.81675202153
96 3.01892271453
90 3.06227527524
54 3.06698453649
52 3.15589786704
78 3.34246957168
39 3.38804928503
64 3.66338704964
34 3.83287348143
97 3.97222585513
47 4.12897144585
60 4.5982523497
28 4.73735806762
98 5.98173328212
56 6.14312637512
46 7.13874203207
32 7.24397927885
37 7.35985265028
31 7.76045894574
40 8.22910037559
29 8.3172857711
38 8.597426417
30 8.71690640729
35 9.57468616069
43 9.60061208641
36 9.75135787075
42 10.0833877669
26 12.6037438422
27 13.5858088793
25 14.1054332679
16 14.1506842233
17 14.5177948028
24 14.6809558879
7 15.5017965261
33 18.362403799
21 18.9301353574
23 19.7120451696
13 21.4973816882
22 22.1297752151
20 23.1683759702
19 25.575682694
6 28.4240098925
8 30.1898515317
18 30.9759389107
12 32.086828745
14 35.8774711178
5 37.2575302277
10 40.1149620362
11 43.9412925628
15 44.1571085101
9 49.7506223493
4 49.8674206825
2 57.0761141448
3 68.1528617162
1 80.7851580422
0 187.717664119
