33 0.262436437785
22 0.310674748692
27 0.411640067572
20 0.447208479053
26 0.467794188127
13 0.479791254338
7 0.501722121696
6 0.503375944491
19 0.50430545271
23 0.521924797293
21 0.523784837804
8 0.613355862873
42 0.618256389705
18 0.686136935328
36 0.692918869048
12 0.707614912104
43 0.715368496618
17 0.726718500362
24 0.737429209832
35 0.774450365334
16 0.782870990213
25 0.849843223488
38 0.937067904411
31 0.979178165572
40 0.979918615588
14 0.994968465771
32 1.07806525071
5 1.09307127318
46 1.11131067117
98 1.29952149784
56 1.33410856801
10 1.35248582635
29 1.62697676522
30 1.68005649757
11 1.70983326607
28 1.75668303972
60 1.8172272374
47 1.88977978973
37 1.99225904908
15 2.09658348933
34 2.13219799099
64 2.3127091163
39 2.34638062714
4 2.39927305062
78 2.64758444454
9 2.65361453824
52 2.66185192175
55 2.80796703363
51 3.0419705904
49 3.07432054
61 3.08951029925
66 3.20277964658
81 3.32917070678
58 3.3323384199
2 3.36776675982
50 3.56198661849
59 3.57496604266
53 3.59134173668
77 3.62307860393
54 4.31319003846
67 4.4213450699
70 4.538080389
44 4.94383289036
3 5.03693341212
95 5.38862693491
69 5.49950198587
48 5.51103346565
41 5.57101729493
57 6.2547419353
63 6.32149542664
68 6.48952931099
83 6.68230549363
79 6.72753126071
74 6.8169368711
76 6.85736693778
84 6.93606392108
86 7.08447438962
1 7.08913646576
75 7.3690123354
73 7.47960116202
82 7.730629612
80 7.96751666152
45 8.00095406913
93 8.17614378116
71 8.31003221699
88 8.39351233246
72 8.43278895127
65 8.66026337302
89 9.13553270056
99 9.18485755207
62 9.7688676591
91 10.7561154359
85 10.9481930203
100 10.9857767009
94 11.9810803018
96 12.4097324059
92 12.8667152677
97 13.710463315
87 13.7966270041
90 13.970199203
0 30.1308893404
