62 0.182540593463
65 0.258476781032
88 0.291177804629
45 0.309859593323
85 0.324761335282
80 0.370886127974
91 0.389189097622
94 0.402474315848
86 0.422276448848
73 0.42498805307
89 0.433502525877
82 0.448641688292
75 0.462093138587
76 0.468057894898
79 0.480815932398
68 0.605047234055
84 0.620528693557
92 0.626992011913
83 0.640433308501
74 0.711143996675
93 0.720218200597
72 0.73275754462
71 0.765652853097
63 0.801759892496
95 0.881166315346
87 0.92774881159
57 0.931884114885
99 0.965511216158
48 1.09225456397
90 1.11055570625
69 1.13648178904
41 1.22138521284
44 1.23370715745
70 1.25286654802
67 1.34689343733
100 1.35715931655
96 1.76588928272
77 1.82811062441
59 1.91978254535
50 1.93090522979
81 2.05732064214
58 2.07630864272
53 2.16472573625
97 2.18069196328
66 2.22034650294
61 2.33754555211
49 2.34363826316
54 2.39342604826
51 2.47934776911
55 2.73747078845
52 2.97220467583
78 3.06850770658
39 3.24265049126
64 3.38753390088
34 3.56641233394
47 3.89262013904
60 4.11232825121
28 4.22042917706
98 5.17932891029
56 5.2081352631
37 5.59941084118
46 5.87617801504
32 5.94919644927
31 6.29252535158
29 6.2973607755
30 6.53106412793
40 6.5458441282
38 6.76704732531
35 7.42634111573
43 7.50084728512
36 7.59704135061
42 7.92186277
26 9.42885139516
27 10.0619026539
25 10.1927902351
16 10.2427791601
17 10.4972671273
24 10.6002066158
7 11.2128620665
33 13.29948236
21 13.4152586021
23 13.9255175149
13 15.1080633753
22 15.719033335
20 16.2174764367
19 17.7849264668
6 19.6928117386
8 20.825180353
18 21.3163443139
12 22.0650740569
14 24.4951657688
5 25.4000086945
10 27.2466742376
11 29.6958515162
15 29.8539981228
9 33.4357883963
4 33.4994762019
2 38.1062031118
3 45.1436654607
1 53.1409242926
0 120.043455396
