18 0.255426805234
14 0.260543290192
12 0.279351828687
8 0.2851217882
5 0.335060016101
6 0.357636525772
10 0.480886447218
19 0.516470495876
11 0.652449327118
20 0.733033062665
13 0.94642846371
22 1.11915358354
23 1.22216137892
4 1.25073071711
15 1.31112122433
21 1.35021017509
33 1.62891910852
9 1.67291058318
7 1.99309261896
2 2.17997234589
24 2.29155865363
17 2.33166841533
16 2.45471304294
27 2.47059269529
25 2.5013825764
26 2.76337086274
42 3.74417771449
36 3.81780291599
43 3.85746236145
35 3.87586095667
3 3.92295548033
38 4.29492255633
40 4.49419770074
30 4.69482882162
31 4.73330676131
29 4.81779270796
32 5.05526792187
46 5.08346268199
37 5.47289051283
56 5.72598970402
98 5.86336861055
1 6.2125391694
28 6.75661473459
60 6.85344301942
47 7.29966412828
34 7.59916825525
64 7.75686592114
39 8.05006277073
78 8.30669013937
52 8.40602714621
55 8.85650705967
51 9.35530409972
61 9.66520976345
53 9.91919854005
54 9.94690363176
66 10.1221182314
49 10.1869462952
58 10.3121764354
81 10.502202151
50 10.5422432745
59 10.6059653632
77 11.2459710762
44 12.4037720343
70 12.5098989952
41 12.7237669131
69 12.8710832056
67 12.9113788215
48 12.9950137653
57 13.8714681001
95 13.9111740853
63 14.2695226514
74 14.8726118199
79 16.0558033188
75 16.1876296738
68 16.5525431085
76 16.7800978569
86 16.9725149829
80 17.0445392467
83 17.2317781373
45 17.4787055121
84 17.7381755683
88 17.8439702119
73 18.1994944469
82 18.7904832793
65 19.6048088681
93 20.3301596647
62 20.6731324837
71 20.6775575274
72 20.7762954745
89 21.2220547974
99 22.3840387553
85 23.2002860451
91 23.4313868947
94 24.6808960319
100 25.6954934747
92 26.3931922818
87 28.1825245501
96 28.2194224371
90 28.8374620282
97 30.3535400866
0 35.7385705345
