78 0.12995413061
52 0.149656507945
64 0.15340405079
34 0.168395558751
60 0.172943054437
39 0.184113024463
28 0.185262296251
55 0.193142678847
51 0.234522959515
47 0.239558194613
37 0.249721298247
56 0.270332033207
53 0.276258370394
54 0.308805226767
61 0.317840106944
29 0.341772937798
46 0.355625084254
98 0.372269105996
32 0.38624392021
30 0.392888338287
50 0.39914932027
58 0.404156674743
59 0.408769595167
66 0.410402357883
40 0.425049963855
31 0.443484749564
38 0.468751450659
81 0.475524167761
49 0.499911854601
35 0.60910320079
77 0.617822781267
43 0.660333898807
44 0.662723393055
36 0.693197276127
41 0.725418836295
70 0.733842927042
69 0.75267808628
48 0.777254374872
42 0.837084707305
67 0.943555562757
57 0.965761550748
95 1.03804856605
63 1.05497679863
26 1.09508120024
74 1.19965092504
25 1.25284103214
16 1.26361035556
27 1.26528332224
17 1.33853967953
24 1.37281912443
75 1.53214701073
79 1.53886915961
7 1.5623061774
80 1.76252850258
76 1.77836510263
68 1.78659526176
86 1.8213749212
45 1.89210817596
88 1.99158006604
83 2.03287445266
84 2.18600450819
73 2.22897781732
21 2.26603870109
82 2.4327553099
23 2.4428922056
33 2.49346759655
65 2.59211042431
13 2.86566656896
62 2.88070339662
93 3.07465370315
71 3.20578649408
89 3.21172298963
72 3.22641646391
20 3.27760205671
22 3.34387511782
85 3.77664837996
99 3.85331215676
19 3.87233545468
91 3.90374771595
94 4.284704771
6 4.67778381715
92 4.94611215995
100 5.09278908398
8 5.13575086188
18 5.32111843933
87 5.66318318839
12 5.67514928678
90 5.96606055045
96 6.08225356097
14 6.6904588386
97 6.94316658161
5 7.12478716088
10 7.97848244798
11 9.06746613936
15 9.46471241325
4 10.9245367581
9 11.0839108157
2 13.2184315011
3 16.8310972237
1 21.0389183245
0 59.6027335006
