83 0.216284978705
68 0.231620887192
84 0.235388275421
67 0.287163946896
76 0.309147563757
95 0.317277893816
73 0.345498957228
86 0.362143017739
82 0.378169972606
70 0.387560387776
79 0.391240494835
93 0.451410981207
71 0.485599208986
72 0.512058508904
77 0.516994167924
44 0.596326238998
65 0.643854710532
59 0.664027062867
81 0.670059614988
50 0.684658769785
48 0.689428281443
89 0.690762898506
63 0.700137170312
75 0.702333098395
58 0.70940915504
45 0.71419724093
69 0.726944338794
99 0.728907613785
66 0.748731183337
49 0.765045783226
74 0.795012031394
80 0.811915622621
57 0.815387836576
41 0.841613720872
88 0.847469885445
61 0.878098886018
53 0.940703623638
51 0.980763973965
62 1.01673995496
55 1.13396195804
91 1.1962290084
52 1.27958067752
85 1.28152018445
100 1.33732986509
78 1.34737723708
39 1.39385666992
54 1.40751219887
64 1.51377798658
34 1.58118587773
94 1.64686176558
47 1.7463687398
96 1.91383465745
60 1.92025903079
92 1.95968879187
28 1.98368501558
87 2.33137241284
90 2.41625788847
97 2.4934197578
56 2.61085513831
98 2.61777726631
46 3.05555127962
37 3.06794439421
32 3.1145693935
31 3.35104173457
29 3.46140123855
40 3.49730457405
30 3.64131948183
38 3.66136001179
35 4.09624179975
43 4.15392571738
36 4.22797995025
42 4.46601981334
26 5.43635972234
27 5.86121182677
25 5.97242999574
16 5.99146369648
17 6.15787773569
24 6.23588874297
7 6.62389367849
21 8.10907027633
33 8.28515282788
23 8.45734382085
13 9.26092258357
22 9.96574143271
20 10.0184762064
19 11.09014465
6 12.4664457452
8 13.24690936
18 13.5644278398
12 14.1423076767
14 15.8041918359
5 16.4949011138
10 17.8420812292
11 19.5322850654
15 20.1611222018
4 22.3555868439
9 22.6308642257
2 25.7699850069
3 31.0026513115
1 36.9257933418
0 88.1478264645
