14 0.0276509728663
18 0.0297221048136
12 0.0327689287692
5 0.0332880002212
8 0.0334560655431
6 0.0406015271596
10 0.0421057380082
19 0.0504703440199
11 0.050731255115
20 0.0672906544004
13 0.0824028272234
4 0.0904589957993
22 0.0957192356534
15 0.0987066590405
23 0.102493697832
21 0.112287275928
9 0.121133037174
33 0.132279580946
2 0.152109190832
7 0.160929910859
24 0.179941591746
17 0.183708761779
16 0.192380100999
25 0.194645326953
27 0.195896586494
26 0.216327195014
3 0.26702949548
42 0.28361737331
36 0.289252989645
43 0.292416171035
35 0.294436132192
38 0.323534463491
40 0.338921577921
30 0.350262195164
31 0.352917959844
29 0.360587095773
32 0.376403436446
46 0.379016108769
37 0.405288477496
1 0.419971928158
56 0.424117992206
98 0.430878114589
28 0.495943049511
60 0.503311786223
47 0.533270810245
34 0.555145978345
64 0.563464034627
39 0.585271383751
78 0.609283482356
52 0.613833522274
55 0.643970680553
51 0.6811785988
61 0.697270129826
53 0.715198225732
54 0.716564999737
66 0.731958519684
49 0.735418374387
58 0.744723795067
81 0.7566140343
50 0.761468040819
59 0.767941497973
77 0.808994748963
44 0.892771411867
70 0.900917054796
41 0.91237280221
69 0.923276114481
67 0.925633853017
48 0.936068594668
57 0.991743432233
95 0.99402659797
63 1.02061112004
74 1.06070905861
79 1.14766626386
75 1.15394417702
68 1.17705234603
76 1.19555201378
86 1.20897638182
80 1.21218988291
83 1.2252142841
45 1.24399462196
84 1.26138557412
88 1.26771065746
73 1.29834693416
82 1.33366152382
65 1.39345364284
93 1.44076657778
71 1.46518552697
62 1.46593585559
72 1.47151427629
89 1.50537022193
99 1.58168357356
85 1.64129681739
91 1.66648309703
94 1.74450519157
100 1.81296339568
92 1.86348617605
87 1.98754060255
96 1.98766943893
90 2.03511468845
97 2.13261002631
0 2.41821061271
