25 0.218631556912
16 0.224232511384
17 0.232311878259
24 0.234735898805
7 0.309327018768
21 0.454483061724
27 0.474066036035
26 0.514956960333
23 0.523528108068
30 0.642439813662
29 0.709561597818
13 0.728100915662
35 0.7515034172
43 0.848670228598
38 0.858157259231
36 0.861136586678
37 0.93304953701
40 0.94185309933
20 0.963714887339
42 1.04175247132
33 1.1595302974
31 1.18787303449
46 1.28778145708
19 1.31504967873
32 1.31947412578
22 1.50716944305
56 1.57233966536
98 1.86616496927
6 1.95331594245
28 2.03805385745
60 2.0690682707
8 2.25963220144
18 2.36208806623
34 2.45086491687
64 2.4668237467
47 2.47037401227
78 2.60532342424
39 2.69867169614
12 2.70559994942
52 2.72159372276
55 3.02295602622
54 3.15321988532
51 3.29978432648
14 3.46381577651
53 3.48876352043
61 3.64320864636
5 3.87861088503
66 4.01841412376
58 4.06706721403
50 4.09188460946
59 4.12688465299
49 4.2558668396
81 4.30704182681
10 4.64680623326
77 4.85018643178
41 4.95497816606
44 4.97243290095
69 5.12782011505
48 5.21434110285
70 5.33609924342
11 5.57652985351
57 5.68358810604
67 5.97006039633
63 6.0248866213
95 6.25406315069
15 6.35017600227
74 6.37196498336
75 7.35991947901
4 7.39120672563
79 7.58318543371
9 7.79588109845
80 7.91882106002
76 8.29749228451
45 8.32934936585
68 8.36756381469
86 8.37287422915
88 8.51270074432
83 9.0058403073
84 9.38812430723
73 9.42215639049
2 9.71046433833
82 9.96721687626
65 10.2118678963
62 10.7226052251
93 11.5088064713
89 11.7537385621
71 11.809433183
72 11.8559816777
85 12.8247518576
91 13.1519410989
99 13.2544241724
3 13.4858940756
94 13.865552707
92 15.2994476478
100 15.9107792144
87 16.8176834892
90 17.4877861122
96 17.96405268
1 18.0152913489
97 19.7007275984
0 63.8126471528
