94 0.322086203729
85 0.403623095453
92 0.469272984213
91 0.472248963184
62 0.632361493903
87 0.776342383897
89 0.905030004157
65 0.913591437976
90 1.02896589226
82 1.37955510642
73 1.45315156507
88 1.48220003165
72 1.55728817855
45 1.56168557675
93 1.60891399813
71 1.64240451135
86 1.73632423936
99 1.77582774794
80 1.83183407295
76 1.8597958802
84 1.88963887909
83 2.03402520776
100 2.05755159696
79 2.09543906348
68 2.12956742535
75 2.18104288816
96 2.50283656071
97 3.03479875719
74 3.04089723555
95 3.31335121033
63 3.32624970853
57 3.75154914236
48 4.19850453067
69 4.33129761121
67 4.34377183079
70 4.40703368898
44 4.55969761642
41 4.60552422566
77 5.73584150303
59 6.22262067289
50 6.29240149432
81 6.44899130721
58 6.57993684962
66 6.82921453611
49 6.99389104176
53 7.07083103337
61 7.31648026613
51 7.75569122303
54 7.86555773572
55 8.46611088877
52 9.06269006425
78 9.36319125076
39 9.65377270088
64 10.0738852852
34 10.4655897414
47 11.0822994858
60 11.7914862779
28 12.0551998747
98 14.2123972265
56 14.4584819826
37 15.9446637573
46 16.078803838
32 16.263520035
31 17.0860385801
29 17.6393750113
40 17.8099151003
30 18.2250644777
38 18.3876188515
35 19.9787463287
43 20.0216497618
36 20.2686025469
42 20.7753007633
26 24.753729171
27 26.2798214559
25 26.9570479085
16 27.0529231995
17 27.6309719367
24 27.8703599437
7 29.1961944755
33 33.368621515
21 34.4719171478
23 35.6578345504
13 38.3745230731
22 39.0267904241
20 40.9090921895
19 44.548506137
6 48.7032278193
8 51.3266133269
18 52.5334321595
12 54.1053850937
14 59.7320945348
5 61.6595646281
10 65.7506736281
15 70.9917708747
11 71.38149769
9 79.1469403379
4 79.7485599916
2 89.914769771
3 105.428946692
1 122.996379807
0 267.824336672
