22 0.151764077372
6 0.238656751321
33 0.246002473622
19 0.314476706486
8 0.314973847905
20 0.322403483542
12 0.36719247536
18 0.377674226126
13 0.402817962427
23 0.502840837094
21 0.535061250022
14 0.60505146263
7 0.666002432194
27 0.672593213461
5 0.672819180745
26 0.784163339435
10 0.888686570645
24 0.926271457173
17 0.928598285683
16 1.00135288068
25 1.06213281698
42 1.07723108907
36 1.20763478236
11 1.22281135598
43 1.23318645864
35 1.30267289366
15 1.44855242145
38 1.53881004274
40 1.60364536791
31 1.6584717444
32 1.80670084699
46 1.83736517283
4 1.84558665108
9 1.98787881722
56 2.16636109964
98 2.17046727129
29 2.213870353
30 2.21976867759
37 2.64479461077
2 2.75293050187
28 2.76726500081
60 2.84136762163
47 2.9776101973
34 3.27115716818
64 3.47565214992
39 3.55974893762
78 3.82714454118
52 3.87719322798
55 4.1108496618
3 4.38367512408
51 4.38552638084
61 4.54055603497
49 4.58070430521
66 4.67706225742
58 4.86385957426
81 4.91647401811
53 4.97304721405
50 5.10027407835
59 5.1011836951
77 5.2978777571
54 5.44312696345
67 6.30624505025
70 6.31663416206
1 6.47204114053
44 6.58403722322
41 7.07764775542
69 7.08096550132
48 7.10811321858
95 7.31406417391
57 7.85307200657
63 8.02159733167
74 8.50899433262
79 8.81601387944
68 8.83449489695
76 9.12026528606
83 9.13969793496
75 9.26401491226
86 9.3221103273
84 9.43432129932
80 9.89453507764
73 9.90428395396
45 10.0588321497
82 10.298820307
88 10.4065907621
93 11.0118189043
65 11.1443984831
71 11.1950088467
72 11.3263263571
89 11.9478162466
62 12.1481734503
99 12.2763422921
91 13.6260421723
85 13.679544126
100 14.4475829378
94 14.770917184
92 15.8610123621
96 16.1611786924
87 17.0033379403
90 17.3290417047
97 17.6931141798
0 30.5195080655
