12 0.113445461052
14 0.118321928132
5 0.12819696231
8 0.159171230621
18 0.169928289429
6 0.198151340841
10 0.204307057331
11 0.31826317209
19 0.450742517489
22 0.527069449716
20 0.616591293744
4 0.698309779389
15 0.809221856845
33 0.818047183485
13 0.818778514107
9 1.05396473388
23 1.05511920205
21 1.14500252019
2 1.33997004074
7 1.50097999316
27 1.60817287847
26 1.78544385933
24 1.86924991509
17 1.88815132085
16 2.00215633794
25 2.07886608074
42 2.19635394655
36 2.37264572941
43 2.41830391183
35 2.52571028147
3 2.57120884737
38 2.83611241927
40 2.95993819228
31 2.96123462024
32 3.17882502312
46 3.23812346186
98 3.55713725419
56 3.66711943606
29 3.7874345125
30 3.78801580349
1 4.17800823993
37 4.36824337279
28 4.40923181639
60 4.50443149461
47 4.63722214471
34 5.03694505012
64 5.25621384428
39 5.36404980236
52 5.86203953589
78 5.86313238294
55 6.11778692087
51 6.50468236615
61 6.53702099013
49 6.57193506013
66 6.75194932894
81 6.95392377347
58 6.96212932647
53 7.20712220955
50 7.29313217486
59 7.34058450204
77 7.41283317318
54 7.99437451111
67 8.61383136966
70 8.79112867695
44 9.2376656125
69 9.92581072004
95 9.94561143676
41 9.9708250242
48 9.98197291086
57 10.9356744386
63 11.0929742291
68 11.5737306452
74 11.7208880168
79 11.8588596604
83 11.8756329785
76 12.0833947302
84 12.2387579548
86 12.3607246424
75 12.5838964307
73 13.0144446361
82 13.3329840872
80 13.370550107
45 13.5007689707
88 13.968506756
93 13.9707229229
71 14.1754708741
72 14.3165345697
65 14.5649200482
89 15.2913000762
99 15.3360127144
62 15.9518455047
91 17.4939469687
85 17.6256454301
100 17.8094857877
94 18.9881570928
96 19.7287857005
92 20.1984012303
97 21.4334063429
87 21.4609068861
90 21.7321008039
0 25.7489873592
