27 0.129971019248
7 0.135950539358
26 0.143090551856
17 0.143581757437
24 0.146645831641
16 0.147416993637
25 0.155415040792
21 0.236458165485
35 0.261677016433
36 0.267872647097
43 0.270135892449
23 0.270628025767
42 0.286248381353
38 0.32903721404
33 0.329225993145
13 0.359645279576
40 0.361657606478
30 0.413595097528
31 0.427597310772
29 0.429690882204
20 0.460084708113
32 0.488043545005
46 0.489449119281
22 0.51522601695
37 0.568658118612
19 0.631380741244
56 0.631805598163
98 0.698170001646
6 0.886495477567
28 0.887149568848
60 0.911012752934
8 1.04955035005
47 1.04972086314
34 1.11666850279
18 1.11868638775
64 1.1637571843
12 1.24752722488
39 1.25087935545
78 1.29812848355
52 1.33503080847
55 1.47625963781
51 1.62461529165
14 1.6467415056
61 1.74719432943
54 1.7797711839
53 1.80002513986
5 1.82520669441
66 1.89885737637
49 1.93827577451
58 1.95326927989
50 2.01844887671
81 2.03114231191
59 2.03341715982
10 2.19002111646
77 2.284751817
44 2.61636515229
11 2.66627547478
70 2.68239074682
41 2.69579039897
69 2.75667375792
48 2.80026506601
67 2.86800423484
15 2.88946161638
57 3.08905534839
95 3.17825697918
63 3.24127924049
74 3.4458073205
4 3.52935364
9 3.62869270179
75 3.93697670245
79 3.94150887837
68 4.19862171942
80 4.24489274005
76 4.24653268307
86 4.30981292268
45 4.42749159893
83 4.47570863806
88 4.54830636667
2 4.64434838225
84 4.67353073559
73 4.80184962717
82 5.05315999995
65 5.3071350239
62 5.66250063972
93 5.72297562599
71 5.86531306546
72 5.90562639658
89 6.00875442713
3 6.48731647518
99 6.58052575324
85 6.70536974076
91 6.8437965059
94 7.27708126641
100 7.96060818137
92 7.99822818192
1 8.73710332245
87 8.76227756051
96 9.03157736114
90 9.07833465478
97 9.93899740079
0 31.4183913097
