20 0.172942808632
13 0.193541758102
19 0.220760472653
23 0.284827331408
21 0.344699338294
6 0.506574885203
8 0.644535074694
18 0.683964623685
7 0.777239424687
22 0.827583279627
12 0.926254625993
24 0.970348091606
17 0.998980409418
33 1.03148701082
16 1.0919791556
25 1.1261267752
27 1.26258216793
14 1.39598384162
26 1.52643127573
5 1.72499186501
10 2.33679432945
35 2.58813593077
36 2.61509685093
43 2.63917535519
42 2.67186150879
38 3.00338713871
11 3.07136442724
30 3.17603671174
40 3.2087431894
29 3.32341171694
31 3.57962637123
32 3.91747298353
46 3.91759654663
37 3.99459686205
15 4.06389747637
56 4.62059263607
4 4.72679693831
98 4.95482323959
9 5.28353277186
28 5.75814375998
60 5.862864008
47 6.48823649038
34 6.71499944071
64 6.85493538111
2 6.96447882399
39 7.24414900544
78 7.38119798989
52 7.53666716043
55 8.09335661257
51 8.67399088218
54 9.04128468077
61 9.15658747857
53 9.24799645645
66 9.77321673161
58 9.95341021965
49 9.97548275019
50 10.1563963993
59 10.2213311462
81 10.2702996462
3 10.7888680031
77 11.2245069675
44 12.2236932762
41 12.4511441386
70 12.5478423262
69 12.6877898002
48 12.8581155759
67 13.3012631726
57 13.842767341
95 14.2621352679
63 14.3910974246
74 15.1039842399
1 15.5799156619
75 16.8001987348
79 16.8575594564
68 17.7757487608
80 17.8542082011
76 17.9101910996
86 18.1264551818
45 18.4704197085
83 18.7424215282
88 18.8875916823
84 19.4154179057
73 19.8017317007
82 20.6137663891
65 21.4159877818
62 22.5970768981
93 22.8865944227
71 23.3520275602
72 23.4782171456
89 23.7339728417
99 25.6819803946
85 25.9965870226
91 26.4401429787
94 27.8544443677
100 30.0783675759
92 30.1676791789
87 32.5952417544
96 33.4300123544
90 33.580585542
97 36.2392352634
0 68.9402441553
