64 0.0148339682149
52 0.0150293711718
78 0.0154107857837
55 0.0163768148173
37 0.0168206926953
39 0.0172039204124
51 0.0179519778936
53 0.0183805567016
34 0.0184716471414
61 0.0190271823413
29 0.0192942542797
60 0.020204322733
30 0.0206229093508
28 0.0212542075387
50 0.0219251155963
58 0.0223323789973
66 0.0226396540981
59 0.0227023135898
47 0.0247206573081
81 0.0247890621079
56 0.027741765435
49 0.0278495757538
54 0.0285424491337
77 0.0287637494095
46 0.0315203343943
40 0.0315745371966
38 0.0317655425262
70 0.0331429414106
32 0.0342028027693
44 0.0353603803734
31 0.035419869429
98 0.0355968167355
67 0.0371116589296
35 0.0386343601454
95 0.043119447436
69 0.0436968931161
43 0.04394007202
48 0.0445155036251
41 0.0453867898264
36 0.0460799210775
25 0.0469441340724
16 0.048069468967
17 0.0508607747729
24 0.0515511568006
26 0.0563851556656
57 0.0575398930351
63 0.0582710364757
42 0.0591876871993
27 0.0616122903111
7 0.0618059025439
68 0.0654765348541
79 0.0665940286345
74 0.0681407839714
76 0.0702467621615
83 0.0714279285777
86 0.0739041428204
84 0.0764722989804
75 0.0787365041299
21 0.0805507283814
73 0.0846401859778
23 0.0859010283047
82 0.0895524564267
80 0.0915934931535
45 0.0919309076399
13 0.100321932335
88 0.100835367389
93 0.10365351466
65 0.107360377307
71 0.107433178336
72 0.108937943765
20 0.115429288416
89 0.120568671944
33 0.126430390524
99 0.126818000338
62 0.132317782715
19 0.134281511775
22 0.155717523329
91 0.159018989525
85 0.161321188899
100 0.17019138381
6 0.171249401513
8 0.183601980029
18 0.185707854425
94 0.187904229789
12 0.206000207326
96 0.206307688474
92 0.211371185662
14 0.233422599243
87 0.236732707038
97 0.239747132287
90 0.242353307384
5 0.254308455176
10 0.286913777183
11 0.317832633391
15 0.381183717775
4 0.391319218863
9 0.428871248856
2 0.479803617691
3 0.613547251667
1 0.763053051132
0 2.200668905
