85 0.221919525897
94 0.223164806599
62 0.273430790127
91 0.274853536028
92 0.37155328994
65 0.412951363293
89 0.45744747155
87 0.618704011417
82 0.666030455385
88 0.688733618169
73 0.704685610976
45 0.72904461243
90 0.795464974459
72 0.817525908041
86 0.831344254638
93 0.837837647036
71 0.866549836426
80 0.872237185832
76 0.89910896716
84 0.943022622134
99 0.980739251
83 1.01279949839
79 1.0203739752
68 1.05187126514
75 1.05955797652
100 1.2479994334
74 1.5320740306
96 1.6031081855
63 1.69163804442
95 1.69957490264
57 1.92699894147
97 1.99918685342
48 2.1896109968
69 2.25957656023
67 2.32297970828
70 2.32660434085
44 2.39225251928
41 2.41283217978
77 3.12138811334
59 3.3908949471
50 3.41284310918
81 3.51787970322
58 3.59370623698
66 3.78261246042
53 3.84969021683
49 3.89191208294
61 4.01268891631
51 4.28454771758
54 4.29000700385
55 4.67960969966
52 5.04611853512
78 5.21709605611
39 5.3940673683
64 5.63597391655
34 5.87931290998
47 6.289343525
60 6.68091918561
28 6.83644388062
98 8.14657087363
56 8.28092127533
37 9.06364550614
46 9.25541144699
32 9.34889654321
31 9.84696970703
29 10.0713034578
40 10.2751394546
30 10.4189995057
38 10.601696267
35 11.5474784695
43 11.6081261899
36 11.7413275142
42 12.1229670152
26 14.4172604388
27 15.3263889839
25 15.6496018173
16 15.7120244288
17 16.0657070581
24 16.2122594752
7 17.0374883074
33 19.7120074363
21 20.179239644
23 20.8958763425
13 22.5423773365
22 23.1162619854
20 24.0783623212
19 26.2669141262
6 28.8413092674
8 30.4231874457
18 31.1292604031
12 32.1134673624
14 35.4999826841
5 36.7047034219
10 39.2153644555
15 42.565450276
11 42.6054433298
9 47.5042267279
4 47.7439302572
2 53.9719108736
3 63.476940147
1 74.2571154629
0 163.463226703
