26 0.186009457494
27 0.187260668087
42 0.222330160306
36 0.261763434003
43 0.287300089907
35 0.342915355885
7 0.383133718495
33 0.396871566434
38 0.469793764259
31 0.489112006737
17 0.524641318013
40 0.528079258851
24 0.540623681947
16 0.555575088308
32 0.590284276797
25 0.612278835174
46 0.63543915491
21 0.646709483257
23 0.707810305663
22 0.779073052398
98 0.790143323764
13 0.825395866085
56 0.861864524657
20 0.954525059723
29 1.14937162097
30 1.19940260285
19 1.24124587765
28 1.29766689662
60 1.36134533671
47 1.4721590249
37 1.49341287793
6 1.57021262599
34 1.71956579193
8 1.86073539984
64 1.86257573104
39 1.9447128147
18 2.00376952413
12 2.17231725065
52 2.32169650724
78 2.34138225078
55 2.49481465877
61 2.81512972676
51 2.81956833454
14 2.87307849898
49 2.95427932306
66 3.0714447377
5 3.15229582192
58 3.17333670232
81 3.17666654214
53 3.32532356636
50 3.42542877399
59 3.48537486493
77 3.59644732127
10 3.76507026689
54 4.02572371144
11 4.57804752852
67 4.64957678637
70 4.68091959869
44 5.00478074973
15 5.05286175496
69 5.57206111257
41 5.61242635239
95 5.65309774431
48 5.65888658353
4 6.05042209419
9 6.31640484803
57 6.43956768622
63 6.58006680019
74 7.13554780784
68 7.18809159232
79 7.34945781225
83 7.54346077718
76 7.61327722058
86 7.86011723865
75 7.91174200657
84 7.92586881471
2 7.98905520717
73 8.58373488697
80 8.62352704297
45 8.76088652392
82 8.84512654767
88 9.18072701004
93 9.6729963195
65 9.86610975279
71 9.8922773722
72 10.0007864464
89 10.7083563943
62 11.0812962531
99 11.1032399491
3 11.2003801691
85 12.769802173
91 12.7837764867
100 13.6149963826
94 14.0640130765
1 15.0986540748
92 15.3092086157
96 15.5528812319
87 16.6271815714
90 17.0019372433
97 17.226143673
0 55.2322057318
