92 0.120602194837
94 0.167532274229
87 0.182027960308
91 0.240427115563
90 0.257042956022
85 0.264192363303
89 0.562276672521
62 0.685135216988
100 0.705782258494
99 0.797576102693
96 0.829291048523
65 0.830894688833
72 0.863830931605
71 0.930250734097
93 0.949274020471
97 1.05043646884
82 1.07714826772
73 1.23708265561
84 1.46133938491
88 1.54852421066
86 1.58671373004
45 1.59267663187
83 1.60894856529
76 1.67143915196
68 1.79303859638
80 1.86355309992
79 1.9754331233
75 2.15231451971
74 2.89873525646
95 2.97173685306
63 3.12114571598
57 3.48511552498
67 3.74579658466
48 3.83995940605
70 3.91067055658
69 3.93872622021
44 4.09376394168
41 4.17491042428
77 4.94069430518
59 5.42472461336
50 5.4585071903
81 5.53789381987
58 5.67858140465
66 5.90426037724
49 6.00094285152
53 6.10814148316
61 6.26702085135
51 6.67763890726
54 6.76453593548
55 7.21685393049
52 7.7133108746
78 7.95627993834
39 8.15448160152
64 8.48421026421
34 8.80826193447
47 9.32205154261
60 9.86743626427
28 10.0730137547
98 11.7706489927
56 11.9622230989
37 12.9610075641
46 13.219878231
32 13.346868202
31 13.9812089382
29 14.2417627776
40 14.5239641059
30 14.6747238162
38 14.9387258135
35 16.1430735884
43 16.2233916184
36 16.3982599857
42 16.8827393336
26 19.7360925076
27 20.8620900101
25 21.1837782207
16 21.2682086005
17 21.7062428885
24 21.8824244489
7 22.9239655083
33 26.3495580416
21 26.7346886556
23 27.6022252779
13 29.6033504835
22 30.5038498387
20 31.4721609159
19 34.1055931519
6 37.2597129381
8 39.1376346209
18 39.9583669483
12 41.1862990971
14 45.1846153454
5 46.6551278127
10 49.6587973303
11 53.6428204577
15 53.8611378299
9 59.6563221246
4 59.7754455231
2 67.1642610446
3 78.3682784984
1 90.9926230585
0 194.612288029
