97 9.29262511722
96 10.0420175821
90 10.5746147142
87 10.9491177498
100 11.0187628943
92 11.7440159213
99 12.4848034926
94 12.5639697437
91 12.8034315625
85 13.0828659798
72 13.3756019146
71 13.422902454
89 13.5417256789
93 13.6186018259
62 14.5449870835
65 14.7135361617
82 14.7731466274
84 15.1740676413
73 15.1929541765
83 15.4766602013
68 16.0429619569
86 16.0771709329
76 16.1420382777
88 16.3194866515
45 16.3780942146
79 16.8135193211
80 16.8394756852
75 17.2672054959
95 18.0336460132
74 18.3119966171
67 18.4544634717
63 18.576599077
57 19.0477190851
70 19.1236773027
48 19.4148773935
69 19.5372624726
44 19.6220428888
41 19.8351829649
77 19.8511759936
81 20.5862176951
59 20.7234903049
50 20.7829198932
49 20.8077075641
58 20.8643858426
66 20.9733990707
61 21.4953751756
53 21.6469016532
51 22.0149489707
54 22.4859070995
55 22.5247997643
52 23.0043627337
39 23.2402980573
78 23.2689573596
64 23.6074558589
34 23.8015755212
47 24.0309890858
60 24.6733274256
28 24.8268464881
98 25.9452382131
56 26.3170310747
46 27.2909487213
32 27.3561323528
37 27.5526703748
31 27.8406987796
40 28.3670840659
29 28.4752691659
38 28.6942446445
30 28.8085914852
43 29.5037359491
35 29.5369590383
36 29.6136154664
42 29.7750908991
26 32.0039560991
27 32.7585195972
25 33.1929398238
16 33.2308594268
17 33.5021477853
24 33.6207234446
7 34.2139066722
33 35.9260420007
21 36.6099860735
23 37.1314245237
13 38.2998038105
22 38.4425096577
20 39.3639456968
19 40.8645816426
6 42.5290310441
8 43.5744319779
18 44.0474480299
12 44.6486246255
14 46.8012546738
5 47.5251799589
10 49.0455753724
15 50.9444998086
11 51.0893000314
9 53.8577659371
4 54.0618273963
2 57.5702031073
3 62.760429468
1 68.4317036558
0 110.645295223
