2 0.0848722556841
3 0.0850852323394
4 0.123183957203
1 0.147402365483
9 0.148357544379
11 0.187602509631
15 0.213861449058
10 0.245450477344
5 0.300216094125
14 0.333359202094
12 0.421291295796
18 0.459721711178
8 0.476902068408
6 0.529622624654
19 0.648629733176
20 0.744491457117
22 0.754497225169
13 0.826430407231
23 0.920689378604
33 0.930957759991
21 0.96164981093
7 1.14480933933
24 1.22896224541
17 1.23984674979
27 1.24649846605
16 1.27194897643
25 1.28359976798
26 1.31685812
42 1.50631321281
36 1.55721899389
43 1.56563129
35 1.5838733296
38 1.68180448889
40 1.71746151719
31 1.76054649896
30 1.79649375843
29 1.82439528976
32 1.8293058974
46 1.83426062839
37 1.96308509029
56 1.96884896102
98 1.9888027826
28 2.19069145056
60 2.21485696894
47 2.28108636135
0 2.3323052233
34 2.36447510118
64 2.40884178622
39 2.45725850202
78 2.51187802864
52 2.53328018931
55 2.62056771476
51 2.70575180747
61 2.77301187425
49 2.82122370386
66 2.8244705094
53 2.83340848379
54 2.84075028095
58 2.88414459439
81 2.9174103593
50 2.93626528887
59 2.93733979987
77 3.03956564129
44 3.29392791914
70 3.29456824353
67 3.33509001812
41 3.35051312701
69 3.37799590391
48 3.3975034513
95 3.55226352593
57 3.55351430504
63 3.62534284748
74 3.7291919631
79 3.93139853542
75 3.95906079492
68 4.01531804139
76 4.05130069703
86 4.08576405895
80 4.1049003702
83 4.12101758778
45 4.18078565677
84 4.19755770503
88 4.24151363242
73 4.27558892251
82 4.39272124932
65 4.54222384893
93 4.62811899063
71 4.68140848889
72 4.70826375282
62 4.71927498629
89 4.80811082869
99 4.96049925813
85 5.13721409744
91 5.17563638238
94 5.37886117341
100 5.50460965827
92 5.65705497495
96 5.92401283022
87 5.94492478307
90 6.0524137735
97 6.28357167674
