51 0.213290409159
78 0.213646650778
53 0.223192437425
52 0.22611909638
55 0.230729994847
59 0.239068028685
50 0.24759814138
54 0.248244252212
61 0.26320500498
58 0.264340271242
66 0.267187781304
39 0.281567300508
64 0.28387921101
34 0.296156523726
44 0.296811409902
81 0.299749200107
70 0.316379536306
49 0.319029179114
77 0.32707727128
48 0.328213675981
41 0.329690449682
69 0.332434291662
60 0.34361749992
28 0.358532031006
47 0.358871010526
67 0.404612248056
57 0.408249134087
95 0.42142699724
63 0.431402379793
37 0.45100393913
56 0.469244890958
74 0.48985043443
29 0.538341774517
98 0.542589822026
46 0.557153402813
30 0.574930442853
32 0.583852252183
79 0.584034348137
75 0.600864452252
40 0.621900143077
31 0.637489784941
38 0.663036909821
76 0.675812023644
86 0.692307547987
80 0.693258225131
68 0.69545015021
45 0.733628852027
35 0.769675154064
88 0.780653166119
83 0.784215809758
43 0.808139731859
73 0.828902416671
84 0.833551861694
36 0.834093337245
82 0.931410142211
42 0.932288768518
65 0.994610687265
26 1.10863187174
62 1.12542008726
93 1.18146813042
25 1.18409731099
16 1.19308903829
27 1.21995054068
71 1.23160832562
89 1.23969796296
17 1.24339857793
72 1.24559467783
24 1.26600915868
7 1.39611078742
85 1.48904083355
99 1.49855092131
91 1.5166697697
94 1.70850174262
21 1.82403459929
23 1.93124539319
92 1.98856107774
100 2.01091653103
33 2.0244178581
13 2.18762522653
87 2.29608146251
90 2.41938746394
20 2.43535867494
96 2.43996879583
22 2.53434247914
19 2.78350880302
97 2.83207210904
6 3.26608700042
8 3.52611938541
18 3.62639742904
12 3.84041598509
14 4.40632801518
5 4.65986168178
10 5.14383286413
11 5.74220198819
15 6.03105242498
4 6.78253830694
9 6.91198721642
2 8.05181633627
3 10.0278804578
1 12.2998874874
0 32.7705457221
