97 0.742360768458
90 0.761279892955
87 0.78403098987
96 0.825652111503
92 0.854564683513
94 0.927967840217
100 0.931887414718
91 0.99030210009
85 0.998181604454
99 1.09151703871
89 1.11844819213
62 1.12392680883
72 1.1695007047
71 1.18114019243
65 1.19251974702
93 1.19622847539
82 1.26288776942
88 1.28692174463
73 1.28969053667
45 1.31118110954
80 1.33817535561
84 1.34312089475
86 1.35717604531
83 1.37752885082
76 1.37842551567
75 1.39545445072
68 1.41306936587
79 1.41388551661
74 1.487650334
63 1.53351113442
57 1.56463486654
95 1.5852107787
48 1.63280279916
69 1.64534179487
41 1.65690155865
44 1.69349548989
70 1.71274287652
67 1.71479934399
77 1.87090959951
59 1.89380706722
50 1.90108077389
54 1.91393736517
53 1.93770936358
81 1.93938927417
58 1.94105535562
66 1.96451081018
49 1.99425451698
61 2.00443268676
51 2.01900940586
55 2.08040152553
52 2.1202984273
78 2.12934760494
39 2.19507286735
64 2.21631348096
34 2.25589815541
47 2.32832972157
60 2.35580472278
28 2.37771874617
37 2.47955486174
56 2.54192286773
98 2.56821441765
29 2.59091171265
30 2.60980605629
46 2.64409394252
32 2.66393608969
31 2.7155446622
40 2.72078422956
38 2.75224214671
35 2.84703528803
43 2.87585777664
36 2.89462487922
42 2.96315327147
25 3.08208516658
16 3.09717658386
26 3.09799321057
17 3.13195000664
24 3.14139175323
27 3.16899160048
7 3.2463424984
21 3.4581570322
23 3.51054781595
33 3.63510339144
13 3.64170266807
20 3.76706670708
22 3.88631968271
19 3.92148948495
6 4.16018515176
8 4.2576986724
18 4.28602501286
12 4.39427877156
14 4.59296475903
5 4.70219811072
10 4.88386329265
11 5.07996354519
15 5.25151204055
4 5.4474874489
9 5.53321019233
2 5.86545009804
3 6.46856517577
1 7.11501347166
0 12.1175668157
