26 1.01419227453
27 1.04367958431
35 1.05015149953
36 1.08664468238
43 1.08845543528
38 1.12718611928
40 1.16849618793
7 1.19440482546
16 1.21281888785
17 1.21474460405
42 1.22085224006
24 1.2475257594
25 1.25901027603
31 1.27213036046
32 1.34714553033
46 1.3515292799
29 1.4652042383
30 1.51710674014
56 1.54954575173
21 1.6230857527
98 1.69757771754
23 1.73635178236
37 1.74556929143
33 1.82870190336
28 1.92603209409
60 1.96603218904
13 1.98579442273
47 2.22132905859
20 2.24167462516
34 2.29236855793
22 2.38696557043
64 2.41492718459
39 2.52684936443
78 2.63091768265
19 2.69457414011
52 2.70612385952
55 2.91500809141
51 3.18648871334
6 3.29289410005
61 3.39076811651
53 3.64862041656
66 3.68125038483
8 3.69888952163
58 3.73061480611
49 3.74671037617
81 3.85281778132
50 3.87120907387
18 3.87729944221
59 3.90094819007
54 4.06751576315
12 4.17336823419
77 4.32169260123
70 5.07241325045
14 5.12432945655
44 5.19458783717
67 5.38593116441
5 5.5380587
41 5.6740189357
69 5.68767026457
48 5.71171536082
95 6.12491186741
10 6.3877774566
57 6.4932091192
63 6.67911896338
74 7.21987394077
11 7.47330697723
79 7.66486057264
68 7.90334409211
75 8.05024805135
76 8.11043132693
15 8.22391333038
86 8.32059364909
83 8.36819763811
84 8.74517720356
80 8.76503985023
45 8.96125233197
73 9.10273635376
88 9.35860701109
4 9.44750675315
82 9.56353111747
9 9.86989109794
65 10.3250494627
93 10.7133856274
71 10.9635206515
72 11.0706362861
62 11.4120167839
89 11.4375701155
2 12.0000692256
99 12.370999609
91 13.2715724776
85 13.3177969478
94 14.6001038273
100 15.021344137
92 15.9826724529
3 16.1519557196
96 17.1048058482
87 17.4503579873
90 17.9095900313
97 18.9706992234
1 21.080757398
0 70.6141050629
