8 0.00969068851283
12 0.00994414657855
18 0.0100782140544
6 0.0100797557324
14 0.012463847016
5 0.0146514005247
19 0.0154920684789
20 0.0198538129936
10 0.0201807248347
22 0.0221060026586
13 0.0257293850576
11 0.0271536613958
33 0.0317109624806
23 0.0328927845673
21 0.0356594255061
4 0.0469873041455
7 0.0478384535674
15 0.0480055716523
27 0.0540195693533
24 0.059403001019
17 0.0598964393483
26 0.0605432022834
9 0.0613157986429
16 0.0636195271059
25 0.0662190117298
2 0.0775751326443
42 0.0800153454561
36 0.0829976482282
43 0.0847059760684
35 0.0868936368127
38 0.0979040472956
40 0.103046038631
31 0.105080290215
32 0.113130571798
46 0.115116906625
30 0.125336690327
29 0.126121809255
98 0.130017255363
56 0.13104710836
3 0.133089157253
37 0.146016872825
28 0.157392645233
60 0.160640876651
47 0.1690431947
34 0.180151035491
64 0.186105335177
39 0.191840699277
1 0.204188111948
78 0.207227959732
52 0.207576908148
55 0.217249709629
51 0.232276016608
61 0.234639203344
49 0.243345849814
66 0.246725533619
58 0.251669268628
81 0.25318627144
53 0.253320771582
50 0.261715204724
59 0.264136901748
77 0.272451972163
54 0.276155351307
70 0.316760874273
67 0.317991770428
44 0.327099950079
69 0.349054023944
41 0.349476422912
48 0.352698774797
95 0.357793026786
57 0.384398576678
63 0.391285036657
74 0.413749544809
68 0.422178069782
79 0.425949170547
83 0.436759475594
76 0.437852209153
75 0.446359814318
86 0.447329734749
84 0.451552963658
80 0.47491278935
73 0.47584342112
45 0.480991898816
82 0.487266465787
88 0.497420990126
93 0.519465985797
65 0.525970771743
71 0.527760215292
72 0.532085908979
89 0.558879518669
62 0.572411585459
99 0.573639340096
91 0.636714479121
85 0.637228161768
100 0.66664415618
94 0.686038676692
92 0.732419282088
96 0.737626648909
87 0.780908511916
90 0.794044188064
97 0.799056115974
0 1.10256995955
