88 31.9852725958
80 31.9934343191
45 32.0634006822
75 32.136617178
79 32.4901654289
74 32.5513169541
86 32.7186672389
62 32.7405364512
63 32.7717072415
76 32.7966439071
95 32.9456390789
65 33.0487714091
57 33.0554386623
68 33.0930250586
48 33.5327182924
69 33.5715083166
73 33.6157930657
83 33.6949088628
82 33.6954509064
44 33.7921856808
70 33.7984531506
41 33.8161048589
67 34.0173565565
84 34.0438659444
85 34.474316674
89 34.7523486663
77 34.7840839199
94 35.0865814302
50 35.2710494177
81 35.2775060071
59 35.2891934357
91 35.3309873801
58 35.4814513696
66 35.7721580641
49 35.8610846418
93 35.9268165097
61 36.0933359828
53 36.1137581654
72 36.1695356329
71 36.345373216
92 36.7105567729
51 36.8730488765
54 37.3919223927
55 37.5456423972
99 38.1191375696
52 38.3383906134
87 38.6749206812
39 38.6853581692
78 38.860457149
64 39.2461345541
34 39.7026126366
90 39.9377506259
47 40.1598432619
60 41.3762459487
100 41.4941652731
28 41.6029733895
98 43.8826619173
96 44.1538799009
56 44.69409534
97 46.2698631914
46 46.966592428
32 47.1439762985
31 48.2550727751
37 48.2640764173
40 49.7718842829
29 50.6507175907
38 50.6689093225
30 51.6535294465
43 52.7073130789
35 52.9709803002
36 53.0136855348
42 53.1939733885
26 60.3544345479
27 62.8783692451
25 65.2347912324
16 65.2940532298
17 66.1970753777
24 66.6354737261
7 68.4001738615
33 72.7295821271
21 77.439481496
23 79.4722387657
22 82.3191715595
13 83.9945472193
20 88.1487076627
19 94.3690227871
6 100.948894277
8 105.686443865
18 108.008200197
12 110.233141041
14 120.490997436
5 123.58464506
10 130.629927532
15 137.340203661
11 140.981872685
9 152.528150035
4 155.489004323
2 173.370206536
3 201.269842682
1 233.70064344
0 504.269387553
