2 0.176919179022
3 0.186522823164
9 0.255497801468
4 0.413834306715
15 0.435074640557
1 0.570928410404
11 0.811136327363
10 0.957337704559
5 1.24120669485
14 1.51870059915
12 1.73869396678
8 2.07897968901
18 2.1213058689
6 2.23469440307
22 2.59595974235
19 3.06858060106
33 3.27305553926
20 3.47384420633
13 3.90880474176
23 4.37300966656
21 4.5383739985
7 5.10819608107
27 5.12070025697
26 5.39601665576
24 5.7608649166
17 5.78725426135
42 5.81720934138
16 5.96932762089
25 6.09578705216
36 6.18091045514
43 6.29406862478
35 6.50138409944
38 6.98522835116
31 7.04861195279
40 7.17209819227
32 7.3246361494
46 7.48400450758
98 7.72976022513
56 8.06906102825
29 8.49025236905
30 8.53827401927
28 9.06337786908
60 9.19014812792
37 9.30342799168
47 9.32737478872
34 9.88244306358
64 10.194310221
39 10.2997582527
52 11.0376225081
78 11.0584342632
55 11.2964009638
0 11.3860694226
61 11.7449404854
49 11.8271488155
51 11.8466049708
66 12.1467697152
81 12.2019336195
58 12.2912614665
53 12.6994006222
50 12.7215033044
77 12.8103407839
59 12.8462760561
54 13.7795970253
67 14.3012867849
70 14.5234649108
44 15.0903324371
95 15.8690785527
69 15.9701577784
48 16.0287209525
41 16.0401212541
57 17.1354172983
63 17.2953889431
68 17.5667745172
83 17.9150441481
74 18.0093178265
79 18.0740199713
76 18.2650139086
84 18.3870141135
86 18.5964209108
75 18.9475591704
73 19.3876724902
82 19.5777538548
80 19.8178415027
45 19.9333921903
93 20.2916410037
88 20.4642593782
71 20.5252881906
72 20.6378531909
65 20.9812890346
89 21.6870466493
99 21.8002239723
62 22.5749535952
91 24.1257627538
85 24.303196106
100 24.4415235226
94 25.7689188466
96 26.3867478292
92 27.0147641512
97 28.0405595819
87 28.2972540428
90 28.5132056116
