7 0.139564505916
27 0.1872419437
17 0.189024641197
24 0.189940320952
16 0.208799152374
21 0.227106801223
25 0.22768011245
26 0.238511509429
23 0.266728322738
13 0.377085498018
33 0.479875353565
20 0.513400365515
35 0.53793029906
36 0.551240441946
43 0.555269919682
42 0.585794544347
38 0.685737937611
22 0.722854055842
40 0.753778612121
19 0.758658762439
30 0.881652702429
31 0.892265656976
29 0.912489682065
32 1.01762151175
46 1.01794117714
6 1.1590167897
37 1.21281317768
56 1.30416568289
8 1.40482824709
98 1.43909389751
18 1.5043121013
12 1.72489880266
28 1.81127121526
60 1.85905652142
47 2.11783236198
34 2.25697432105
14 2.3417541381
64 2.35890030531
39 2.51787704356
78 2.61783508558
5 2.64402263596
52 2.69098068322
55 2.95927680337
51 3.23821999385
10 3.24582861293
61 3.47084247126
53 3.61088849227
54 3.65093722327
66 3.73118847599
49 3.79274919264
58 3.85176356339
50 3.98774594695
81 3.99212000713
11 4.00417298386
59 4.01054409668
77 4.4556543069
15 4.55976473712
44 5.18186540021
70 5.24340717962
41 5.39968946634
4 5.45779596961
69 5.49588189209
67 5.53939671025
48 5.56567410694
9 5.74495396235
57 6.16190773198
95 6.19901546697
63 6.43130547441
74 6.84289947124
2 7.3461270642
79 7.66551902566
75 7.75284737043
68 8.07041768601
76 8.192982695
86 8.32782483593
80 8.35369898
83 8.55606533672
45 8.66673008202
84 8.91139165067
88 8.92337665732
73 9.19510937528
82 9.66481402452
65 10.2291926908
3 10.4784000092
93 10.8262317817
62 10.9869188842
71 11.0809299631
72 11.1683539765
89 11.4591733202
99 12.3818530335
85 12.8905094835
91 13.0816454574
94 13.9964868397
1 14.3001230688
100 14.9191704791
92 15.3203341103
87 16.7189697734
96 16.9016487451
90 17.2587127839
97 18.6056296248
0 53.6988740462
