80 0.180773215046
88 0.195341819058
75 0.214746008149
45 0.215831627085
74 0.342517814409
79 0.383909725061
63 0.421933065008
86 0.513692999073
57 0.520893176354
62 0.555680305727
76 0.576335244882
65 0.660241521908
48 0.682023741011
95 0.689150437417
69 0.722464432447
41 0.795138438901
73 0.81108395076
68 0.8502948189
44 0.857573864335
82 0.99629097301
70 0.999704659671
83 1.10571968902
84 1.17282746541
85 1.28430771163
67 1.32726489825
89 1.37574716529
91 1.51807657563
94 1.57276681718
59 1.65293235673
50 1.67263153992
77 1.71762018259
53 1.8643674335
58 1.87121520339
93 1.90169948878
81 1.90940216495
72 2.01067351689
66 2.0417262907
71 2.05501236243
54 2.11326753038
61 2.14757034864
92 2.24321219714
51 2.25376926602
49 2.27249134918
55 2.57332327271
99 2.7680322908
52 2.82918459249
78 2.95006135353
87 3.04652926066
39 3.20137864965
64 3.36251737644
90 3.51522245174
34 3.59749058482
100 3.99591948706
47 4.01406777884
60 4.27060861445
28 4.41594419534
96 5.06395407788
98 5.67950001083
56 5.70027570964
97 6.05873314241
37 6.33104191932
46 6.58648611576
32 6.70282338189
31 7.16158438883
29 7.30450752334
40 7.5167385038
30 7.64065508044
38 7.83810044253
35 8.77197571433
43 8.83457249975
36 8.98373941868
42 9.36233123069
26 11.6354100724
27 12.5688251218
25 12.9328951125
16 12.9933042073
17 13.3571763513
24 13.5094176339
7 14.3544808745
33 17.14246089
21 17.7206294903
23 18.4916415528
13 20.2688748164
22 20.7919745606
20 21.9381259267
19 24.3547226931
6 27.1560598164
8 28.9295998725
18 29.7441650973
12 30.8185437239
14 34.6695674735
5 36.0051275558
10 38.8430523893
15 42.5375435468
11 42.762347601
9 48.2524500207
4 48.6481137807
2 55.862005827
3 66.9863248397
1 79.7176718035
0 187.655945485
