65 0.0849035498438
62 0.105972835898
82 0.127385752368
73 0.137832138376
89 0.139479288718
85 0.183691649695
86 0.187990597917
84 0.202582008577
76 0.20421635497
91 0.209366326219
83 0.222506314352
45 0.225783813351
88 0.232860144255
93 0.241787138711
68 0.243685285914
72 0.25342847067
71 0.269398784667
79 0.281996414534
94 0.284411589131
80 0.308298973738
75 0.372869126792
99 0.414315382771
92 0.460161770152
95 0.566661659975
74 0.613088115989
63 0.670589212104
87 0.701655719939
100 0.760845041792
57 0.809165231726
67 0.811062156145
90 0.829711080472
70 0.868109349654
48 0.906372947516
69 0.9489605616
44 0.975144453557
41 1.05067013347
96 1.12343739553
77 1.23695009568
59 1.4355208568
50 1.45381133479
81 1.47097892582
97 1.48890935909
58 1.5310983578
66 1.62158136903
49 1.64677463875
53 1.75731173596
61 1.78320981176
51 1.94808953054
54 2.10540066411
55 2.17924589872
52 2.39989060653
78 2.49994307062
39 2.57528943364
64 2.74069726307
34 2.85133188918
47 3.0599069304
60 3.32702713707
28 3.41387868704
98 4.1737646014
56 4.26807174036
46 4.86470959827
37 4.88104754571
32 4.91824800397
31 5.23306172919
29 5.47475894474
40 5.50377866933
30 5.69988656149
38 5.7201981527
35 6.28973795047
43 6.31365620801
36 6.39465989685
42 6.59647209089
26 8.05890888803
27 8.62586855279
25 8.89783757707
16 8.92820444006
17 9.14558859558
24 9.24208004971
7 9.73036440332
33 11.3454397856
21 11.7031078759
23 12.1539224155
13 13.1819246171
22 13.485652911
20 14.1389052157
19 15.5133033221
6 17.1178612193
8 18.1265988021
18 18.578671081
12 19.1874990582
14 21.3423900261
5 22.1035434079
10 23.7003643428
15 25.8226646943
11 25.8616463368
9 28.9674930198
4 29.1395968924
2 33.1156687636
3 39.2229993214
1 46.1799785391
0 104.178760435
