97 50.568408079
96 53.6531118115
90 56.1882700594
100 57.5474975437
87 57.7008448664
92 60.970750676
99 63.4121148157
94 64.3231975209
91 65.3066429197
85 66.3880353353
72 67.1599693331
71 67.2933639163
93 68.1102512153
89 68.1666174442
62 72.2813334276
65 72.9120196761
82 73.0146572035
84 74.3688278274
73 74.5462659242
83 75.5796945321
68 77.984430746
86 78.1681146062
76 78.4650243819
88 79.3534951337
45 79.5464407638
79 81.0958524585
80 81.4128787128
75 83.0467965145
95 85.6664629267
67 86.9803894984
74 87.1656634245
63 88.1467178862
57 90.0506367746
70 90.0512388382
48 91.3437456967
69 91.8489343388
44 92.1820249018
77 92.4376938232
41 93.056915725
81 95.470928356
49 95.8216208414
59 96.0599391038
50 96.4459308586
58 96.5891647146
66 96.615712967
61 99.0347315799
53 99.8380402816
51 101.080378792
55 103.181179049
54 103.28829706
52 104.835680856
39 105.720698646
78 106.042477116
64 107.087442926
34 107.88327794
47 108.375948561
60 111.01976382
28 111.637472745
98 115.641347177
56 117.280776147
46 120.885706751
32 121.247151264
37 122.416161942
31 122.981821845
40 125.036806647
29 125.920923008
38 126.328783292
30 127.147846441
43 129.248865515
35 129.583987344
36 129.752394952
42 129.940467213
26 138.789358761
27 141.625127167
25 143.489890663
16 143.60789515
17 144.587768025
24 145.024801014
7 147.119619756
33 152.897970159
21 156.102624574
23 158.018076182
22 162.278688108
13 162.296518377
20 166.182227667
19 171.724830439
6 177.635370189
8 181.469661527
18 183.260408462
12 185.383799745
14 193.262795618
5 195.802452135
10 201.235103484
15 207.780037836
11 208.706300307
9 218.351824405
4 219.297686202
2 231.838791214
3 250.334924855
1 270.329361337
0 417.461300285
