21 0.274390213523
23 0.280659437105
7 0.283222742331
13 0.293244661969
20 0.329303115218
27 0.340535767215
26 0.403349436465
17 0.4116402854
24 0.4143278888
19 0.439982145053
16 0.451394731893
25 0.491387388704
33 0.521634377044
22 0.628613423861
6 0.654383429782
43 0.713126433652
36 0.714003550986
35 0.716550979859
42 0.727904964831
8 0.786417129428
18 0.835954386806
38 0.857526653984
40 0.909877719417
12 0.990629498441
31 1.01106216427
46 1.12247878509
32 1.12816022383
29 1.26907135335
30 1.2805246332
14 1.3367032124
56 1.36656488663
98 1.45877975849
5 1.55108742068
37 1.60918583139
28 1.80624785422
60 1.85658317678
10 1.95424702537
47 2.01492476094
34 2.19316563885
64 2.32748334307
11 2.40701152236
39 2.41812254404
78 2.59536561276
52 2.63980426499
55 2.84802899865
51 3.07431177899
15 3.20846936154
61 3.22736987051
49 3.3316062757
66 3.35475202899
4 3.43306406939
58 3.510871935
53 3.56031857586
81 3.5807611211
50 3.6929141002
59 3.69314136926
77 3.91547011499
9 3.92540759513
54 4.01179182923
70 4.75582028588
67 4.78349460245
2 4.7910939718
44 4.98879619014
69 5.46402022718
41 5.47600950685
48 5.47740732954
95 5.64414208423
57 6.20298926089
63 6.34217962652
74 6.81924521256
79 7.03091731839
68 7.04033784084
3 7.04512756374
76 7.30327704918
83 7.32438074785
86 7.49461923392
75 7.50912390469
84 7.59374530667
73 8.02791954627
80 8.12431653578
45 8.25266889932
82 8.39775049777
88 8.61005452509
93 9.06017455189
65 9.22765422325
71 9.23406884834
72 9.35358862885
1 9.74610882867
89 9.95906600757
99 10.2429713761
62 10.25367638
91 11.6026680786
85 11.7022159372
100 12.3067329849
94 12.7962980146
92 13.8497703581
96 13.956401793
87 14.9581439009
90 15.2428072019
97 15.451258727
0 39.2818233138
