54 0.245821847394
78 0.285018752845
52 0.312883101243
53 0.329425063618
55 0.339408616556
51 0.344609004889
64 0.377652436618
39 0.3984065951
34 0.405742366987
61 0.439304669581
60 0.450041780325
59 0.4514039382
50 0.451467715279
28 0.469217911827
58 0.487961730294
41 0.489741833424
37 0.509786718819
47 0.510182940528
66 0.51375423305
44 0.517922127444
69 0.530908257908
48 0.537220621492
81 0.56431827069
56 0.60820450915
49 0.619745818475
57 0.635164356847
29 0.646965480258
70 0.650319013698
77 0.668529996274
30 0.698122844059
98 0.713860307944
63 0.717473135765
46 0.723974783996
32 0.754276018012
74 0.795959450712
40 0.810960451368
31 0.828244863285
95 0.853433687682
38 0.863288849435
67 0.892770192606
35 1.01834574575
75 1.05235481446
43 1.07928428219
36 1.11058605814
79 1.15473113219
80 1.20246883214
42 1.26707100666
45 1.32950873318
88 1.37572053016
76 1.40069397302
86 1.40994800257
68 1.4755710441
26 1.54772998622
25 1.68372177167
83 1.69219442161
16 1.70238438207
27 1.7278945883
73 1.75396894091
17 1.78603953889
84 1.8131918273
24 1.8205357606
82 1.95544222871
65 1.95890870421
7 2.03671846717
62 2.08087936988
89 2.53838613639
93 2.54744311336
71 2.65745436044
72 2.66834707034
21 2.75306158012
85 2.83177508176
23 2.93326812394
33 2.96167101409
91 2.96445481574
94 3.1866165901
99 3.1993481949
13 3.36621847293
92 3.73439800045
20 3.78624998999
22 3.81062607261
100 4.20358714293
87 4.3332454233
19 4.37991563385
90 4.62226308192
96 5.01519531735
6 5.18274699689
8 5.63523068962
97 5.71522437641
18 5.81839811116
12 6.15951025883
14 7.15891274457
5 7.57666084749
10 8.40276240892
11 9.46117941614
15 9.72866916362
4 11.234886836
9 11.3062620253
2 13.407583191
3 16.8126044958
1 20.8020663343
0 56.5375944938
