7 0.283453690871
27 0.288930310723
21 0.305878476798
33 0.314095628125
23 0.319653111011
13 0.340353826532
26 0.370694976181
20 0.385221970934
22 0.449743556111
17 0.469978011385
24 0.475053770673
16 0.522936035057
19 0.547563830848
25 0.577495400674
42 0.720983291301
36 0.765599645037
6 0.766042829245
43 0.776658248915
35 0.806924103258
8 0.970646458729
38 1.01630554377
18 1.0712826399
40 1.0834711793
31 1.19294728018
12 1.21149587794
32 1.34701324341
46 1.35694031419
29 1.59169797078
30 1.5980962367
56 1.69775801981
14 1.74163866597
98 1.7855712396
5 1.9789866521
37 2.02849457736
28 2.32221654498
60 2.39416947527
10 2.49224451706
47 2.60332286658
34 2.86339611982
64 3.05580888829
11 3.15881030213
39 3.17984321047
78 3.40468074472
52 3.47410759223
15 3.7499117071
55 3.75968105333
51 4.06779866091
61 4.29367782956
49 4.44889888407
4 4.451069306
66 4.48297441274
58 4.68292155992
53 4.68511954276
81 4.787147175
9 4.79610791581
50 4.91642591949
59 4.91725247734
54 5.12473728432
77 5.25581765924
2 6.18517850482
70 6.34687769631
67 6.45323138819
44 6.55791213109
41 7.07508480583
69 7.10090697453
48 7.13521268854
95 7.51907973808
57 8.00041631481
63 8.2248112113
74 8.79806318096
3 9.11484464595
79 9.29538639284
68 9.46154319346
76 9.73639054867
75 9.74372220642
83 9.88690842965
86 9.9576461266
84 10.2534698484
80 10.5052315579
73 10.7373519765
45 10.7379378981
88 11.1433465319
82 11.2581200781
65 12.1899940663
93 12.2695150697
71 12.5143210602
72 12.6611388612
1 12.7071738019
89 13.3021876915
62 13.3511818004
99 13.899386035
91 15.3200014062
85 15.3331648073
100 16.6625265784
94 16.6835213738
92 18.0958058737
96 18.855587322
87 19.5831745468
90 20.0446733571
97 20.8111743392
0 51.2686041952
