9 0.318629115291
2 0.339880737679
3 0.444631596214
15 0.52895496569
4 0.59291470448
11 1.0646777101
1 1.08780431895
10 1.26868014947
5 1.6341649692
14 1.95117290484
12 2.31053214914
18 2.73443857014
8 2.73530459088
6 2.97571562019
22 3.7402984981
19 3.96829083669
20 4.53490193279
33 4.79866968134
13 5.10087435134
23 5.71768519767
21 5.95687642796
7 6.92326689044
27 7.21300015249
26 7.63677270852
24 7.65995912707
17 7.70498321294
16 7.93454312885
25 8.06560836097
42 8.5156123638
36 9.00581908252
43 9.10390848699
35 9.32253176145
38 10.009442632
40 10.2100918764
31 10.3263287829
32 10.7270306483
46 10.8367853856
30 11.4263863364
29 11.5108982593
98 11.6148103957
56 11.7014451445
37 12.5079867895
28 13.1930959787
60 13.3675291386
47 13.6775429723
34 14.3756137718
64 14.81430113
39 15.0270995227
78 15.5920078038
52 15.7090227005
55 16.227714906
51 16.8237737489
0 16.9695254656
61 17.1550055538
49 17.2531490769
66 17.4764104402
58 17.8529961639
53 17.9377909132
81 17.9601312537
50 18.3197219603
59 18.3315173539
54 18.4897415078
77 18.7604399474
70 20.7530329355
67 20.7963051054
44 21.0945246697
41 21.7922650392
69 21.8821019583
48 21.9692908815
95 22.62890941
57 23.2059225475
63 23.5999692372
74 24.4039383097
79 25.3301068112
68 25.536224897
75 25.8598269298
76 25.9874955977
83 26.138527593
86 26.3085973329
84 26.6850122515
80 26.9199232698
45 27.3185017363
73 27.445395436
88 27.8348805422
82 28.1686394099
65 29.4656853528
93 29.5374446068
71 29.8687993793
72 30.0867124477
62 30.9601063674
89 31.0210796166
99 31.7773681117
85 33.6776915602
91 33.7233905128
94 35.4061492267
100 35.4843305791
92 37.2508759105
96 38.3338812467
87 39.1636611956
90 39.785800967
97 40.8137084656
