5 0.172465703461
14 0.184955021915
12 0.194956720924
10 0.207772659709
8 0.250997685602
18 0.259351482602
6 0.291105044982
11 0.291386356636
19 0.519262659802
15 0.527029767931
4 0.535892645929
22 0.60371817628
20 0.671607114463
9 0.70022211673
13 0.842918029718
33 0.908311950449
2 0.972180243879
23 1.04372519
21 1.12380442562
7 1.4640554101
27 1.60420195348
24 1.74555060464
17 1.76333991736
26 1.76815470756
16 1.85380745538
3 1.86061396355
25 1.90759546632
42 2.18426324195
36 2.33810608813
43 2.36682276632
35 2.43913125308
38 2.71148195459
40 2.80210653377
31 2.8732481603
32 3.05369299267
1 3.08268324866
46 3.08471459209
30 3.32476676853
29 3.34910242532
98 3.45352034946
56 3.45963527055
37 3.808770831
28 4.11051232594
60 4.18522031269
47 4.3368731119
34 4.64039443302
64 4.82602614892
39 4.93242598337
78 5.20679978364
52 5.25259685763
55 5.50136936148
51 5.7862899205
61 5.93086974418
49 5.99011180906
66 6.078960444
58 6.27187264402
81 6.32352836085
53 6.32888400575
50 6.49956018231
59 6.51021059312
54 6.70035468684
77 6.70522118535
67 7.69414374955
70 7.70910384718
44 7.92016245868
41 8.35101536336
69 8.37142056685
48 8.40578323783
95 8.64962613869
57 9.0979539689
63 9.27739318982
74 9.72425712549
79 10.0879792054
68 10.1135362309
76 10.3865610536
83 10.4093562652
75 10.4689532369
86 10.5638926645
84 10.6879217457
80 11.0540590071
73 11.1423959964
45 11.2305442229
82 11.5013029534
88 11.5390205849
93 12.1618410536
65 12.2842826241
71 12.3388160334
72 12.4500318736
89 13.0447897243
62 13.1941500883
99 13.3217921402
91 14.6033500208
85 14.6280607693
100 15.3264934877
94 15.6320889202
92 16.6353206855
96 16.8930083316
87 17.6809858011
90 17.9772969892
97 18.2756188603
0 19.5050482762
