100 0.135287833307
99 0.149554459374
91 0.202583006018
72 0.203572453858
96 0.212835539017
89 0.214292233102
71 0.214915020928
93 0.233339673262
85 0.264633845615
92 0.264999474038
94 0.280305045932
90 0.292836817643
87 0.293427413533
97 0.339008893078
82 0.381322348176
65 0.400164509366
62 0.448656126467
73 0.465060402521
84 0.467773410573
83 0.527025078665
68 0.640952625973
86 0.651313394806
76 0.656882362941
45 0.780220003319
88 0.796117968551
79 0.830380358788
80 0.916495819272
75 1.00407860285
95 1.17522065011
74 1.31597774811
67 1.36588309114
63 1.37362416098
70 1.5134610928
57 1.53714796515
48 1.62933952898
69 1.67764233316
44 1.68175283027
41 1.79426213262
77 1.85150711241
81 2.10965856752
59 2.11561718276
50 2.13232352952
58 2.193243851
49 2.26923216561
66 2.28112008789
61 2.45064798429
53 2.46877909538
51 2.63359591541
54 2.84066530069
55 2.8501836937
52 3.06949866089
78 3.16492205406
39 3.21557105534
64 3.37909909948
34 3.47288263886
47 3.65783870953
60 3.91265820499
28 3.98890370859
98 4.6626044226
56 4.7541448574
46 5.280258141
37 5.28805061317
32 5.32086915582
31 5.59760367036
29 5.78661720167
40 5.82818814756
30 5.97865997682
38 6.01083332346
35 6.48862407511
43 6.51942049512
36 6.5834395575
42 6.77489106388
26 7.9577498831
27 8.41685327696
25 8.60359107513
16 8.62766078742
17 8.80551714546
24 8.8866736942
7 9.2877600039
33 10.6818175418
21 10.8448961729
23 11.2018206852
13 12.0136401565
22 12.3739425784
20 12.764957673
19 13.8304295509
6 15.1045773392
8 15.8779729416
18 16.2115406199
12 16.7016685455
14 18.3302678447
5 18.9318270014
10 20.1610314594
11 21.7758253836
15 21.9151533475
9 24.2563945085
4 24.2787369794
2 27.2863082125
3 31.8699823271
1 37.0371918923
0 79.5310389362
