19 0.122757394225
20 0.145279782012
6 0.188020528573
13 0.206143042693
8 0.233960942511
18 0.248395660863
23 0.306097373529
12 0.348347238001
21 0.353775383126
22 0.444294086144
14 0.536842836649
33 0.576659616287
7 0.615231038087
5 0.689594336748
24 0.80073121464
17 0.817406950524
27 0.827430893545
16 0.887706332058
25 0.925405291812
26 0.974351814045
10 0.976732081165
11 1.30154543656
42 1.51082837804
36 1.55134375425
43 1.5660389986
35 1.58474554509
38 1.82821929641
40 1.93361432318
15 1.99229803089
31 2.07221161206
4 2.12093914064
30 2.23168872952
32 2.26510673747
46 2.27319960827
29 2.27997139025
9 2.54817023749
56 2.66101994434
37 2.72362554673
98 2.75305187993
2 3.25555304553
28 3.31829873451
60 3.38877846132
47 3.63194967177
34 3.87191353473
64 4.01124490636
39 4.17495937131
78 4.39959824872
52 4.45574828439
55 4.74888702558
51 5.07176824958
3 5.21782522197
61 5.26849963867
49 5.49503574595
66 5.50001037822
53 5.56767726429
58 5.68186693098
81 5.78885124026
54 5.82813794095
50 5.88632292922
59 5.90880220205
77 6.25796874329
70 7.26852223838
44 7.36978192104
67 7.39952263239
1 7.65779837232
41 7.75653201664
69 7.81141099827
48 7.87981984201
95 8.31056248786
57 8.61538339387
63 8.85660385308
74 9.35325353001
79 9.95759198633
68 10.1398708071
75 10.2694583317
76 10.3860043943
83 10.5592555314
86 10.5691756569
84 10.9052599558
80 10.9464537785
45 11.1995162617
73 11.3526524816
88 11.5348573542
82 11.7896943071
65 12.60000132
93 12.7441679286
71 12.9769284135
72 13.0894793471
62 13.5860415349
89 13.647449087
99 14.2049515442
85 15.4023600995
91 15.4758442331
94 16.6021741877
100 16.6852838905
92 17.8731622946
96 18.6247151578
87 19.2052925396
90 19.6375955445
97 20.317999113
0 36.0135916101
