37 0.317567831157
29 0.343759019844
56 0.369925660032
60 0.381344161395
28 0.385258142481
46 0.388645710058
30 0.389807641811
40 0.398036985298
32 0.403959034943
38 0.413363812938
31 0.432815280355
64 0.451931153967
34 0.460037508076
98 0.479793142745
78 0.508612387124
35 0.514275357741
39 0.524462069411
47 0.527676976929
52 0.537047821081
43 0.572531551768
36 0.593826581108
55 0.622067789362
51 0.748732194396
42 0.76050622048
53 0.82950319352
61 0.84478760015
54 0.876220800198
26 0.92464683518
58 1.03013822278
50 1.042696984
66 1.06783118307
27 1.07709318388
59 1.08297840109
25 1.09118087609
16 1.09468067458
81 1.1225706387
17 1.16230652476
49 1.17806503332
24 1.19730788728
7 1.36312594063
77 1.39531863889
44 1.52444258806
41 1.62985658741
70 1.63360182574
69 1.67495781093
48 1.72752925614
67 1.96282313785
57 2.01827169223
21 2.07248490343
95 2.11686225212
63 2.15764072996
23 2.25335672488
33 2.30308565934
74 2.38604131304
13 2.6849427539
75 2.88852353628
79 2.89785178183
20 3.10971549404
22 3.17320129456
68 3.21221667073
80 3.23683267818
76 3.24580472005
86 3.3195857213
45 3.4231691368
88 3.57531602277
83 3.58006848336
19 3.73891210246
84 3.83274578568
73 3.93970584558
82 4.18156406114
65 4.42070626967
6 4.58838938241
62 4.85240087159
8 5.08600319094
93 5.11187455474
89 5.28461269501
18 5.29156962713
71 5.3004161636
72 5.31736634167
12 5.6696390222
85 6.11054213773
99 6.22071411619
91 6.28235083876
14 6.78905138869
94 6.82183332436
5 7.26429592573
92 7.73287797386
100 7.94061637982
10 8.2100517095
87 8.71391169507
90 9.11924643436
96 9.26843778213
11 9.42866757342
15 9.87262426868
97 10.393419145
4 11.5149255041
9 11.695196398
2 14.1166445312
3 18.249109481
1 23.1041896257
0 68.4474090383
