97 0.591585889679
90 0.848304722816
96 0.881548038261
87 1.00058060731
100 1.33802777404
92 1.37423125477
94 1.80955632469
91 1.98525668107
85 2.13550807215
99 2.15381071518
89 2.55424953074
72 2.64548773417
71 2.69866588774
93 2.80922860051
62 3.06247326236
65 3.25529623317
82 3.44310378134
73 3.71151009859
84 3.85214287911
83 4.08916468312
86 4.32997707906
88 4.35415723259
76 4.40751114688
45 4.42256237164
68 4.45535063419
80 4.76312874793
79 4.87190080272
75 5.13074917547
74 5.99593872149
95 6.01541846144
63 6.25392496828
67 6.62823008718
57 6.64080575306
70 6.99523037641
48 7.01925054251
69 7.13879365899
44 7.28560669784
41 7.3777419281
77 7.92357761934
59 8.53045696513
81 8.58478671433
50 8.58983463309
58 8.76419966191
49 8.91600840964
66 8.92288583999
53 9.3069623963
61 9.38183490608
51 9.7628510167
54 9.9124923956
55 10.2972937519
52 10.7700332199
78 10.9719941443
39 11.1550066952
64 11.5001273171
34 11.7342153008
47 12.1366019601
60 12.6969398811
28 12.8685840945
98 14.3283259623
56 14.499434696
37 15.4086840473
46 15.5928554735
32 15.7027553236
31 16.2632676724
29 16.4802670348
40 16.7051316189
30 16.8382469225
38 17.0838900674
35 18.0671627759
43 18.129301545
36 18.2762211018
42 18.6295498128
26 20.9739451996
27 21.8703639045
25 22.0943639223
16 22.1621466323
17 22.5134189355
24 22.6585074056
7 23.4888451425
33 26.2157805549
21 26.4160670185
23 27.0825643421
13 28.612597317
22 29.3959057324
20 30.0303517946
19 31.9988837338
6 34.3813665523
8 35.7704209816
18 36.3610384068
12 37.2844398123
14 40.1870927069
5 41.2786808474
10 43.4669617862
11 46.313612368
15 46.5746235833
9 50.679320366
4 50.7212630304
2 55.9561520023
3 63.8261968067
1 72.5971739351
0 142.390002504
