12 0.217740283477
8 0.237405372615
6 0.242838583279
18 0.258307430146
14 0.270985283368
5 0.277389166443
10 0.348328155763
19 0.387322961009
22 0.442114923974
20 0.477412418912
11 0.479788469135
13 0.590861166913
15 0.639043442199
33 0.661732772284
23 0.727173397486
4 0.761411317622
21 0.781818948088
9 0.862281743397
7 1.02398447161
27 1.14375993992
2 1.21394595871
24 1.23114846661
17 1.24343795301
26 1.27512391912
16 1.30975204977
25 1.34925899767
42 1.6528045644
36 1.73888137351
43 1.76447577171
35 1.80131020276
38 2.01728626907
40 2.09740955395
3 2.09764940326
31 2.1764182307
32 2.31716498417
46 2.34570759466
30 2.42788784224
29 2.44588807605
56 2.65140868678
98 2.66927190241
37 2.8063286919
28 3.16832001913
60 3.21943144086
1 3.2907980493
47 3.39205151371
34 3.58829137964
64 3.7212260981
39 3.82459900206
78 3.99414697326
52 4.04612098761
55 4.25391317872
51 4.49522970146
61 4.6322645212
49 4.78972165626
66 4.81783260109
53 4.8835853698
58 4.92616768106
81 4.9886395219
50 5.07745951569
54 5.0793865463
59 5.10111800971
77 5.33650769375
70 6.05794143723
44 6.13233119283
67 6.16574619212
41 6.42475229961
69 6.46298364312
48 6.48605588178
95 6.81488131953
57 7.01778773372
63 7.18268460227
74 7.52314562741
79 7.93123752518
68 8.05698456353
75 8.1474225344
76 8.23333120711
83 8.34746813083
86 8.35649304992
84 8.59546151385
80 8.60549220193
45 8.77700682544
73 8.8987524345
88 9.00248365611
82 9.19296682569
65 9.71640258032
93 9.85858245325
71 10.0210187698
72 10.0853429065
62 10.3809247112
89 10.4251866856
99 10.8669781414
85 11.5969500369
91 11.6026422854
94 12.3850028676
100 12.5231943531
92 13.2257679725
96 13.7964425407
87 14.1030349824
90 14.3713262246
97 14.8985142165
0 18.2304752128
