76 0.195508038474
68 0.196511792017
83 0.198143444821
84 0.19903871113
73 0.204028051703
86 0.210840101457
79 0.212491141296
95 0.22088452641
82 0.248332880674
70 0.27473349922
67 0.282628940225
93 0.312884740849
44 0.330303753815
71 0.331931740078
75 0.338056092367
63 0.341934831702
65 0.342226147856
48 0.342250947444
72 0.344286294015
45 0.348045838895
69 0.369316093854
74 0.380192040548
80 0.388603299376
57 0.393463819447
89 0.395513125354
88 0.408577867922
41 0.417214140501
77 0.432345482963
59 0.449089627286
99 0.460310148884
50 0.465304675503
58 0.509809503636
62 0.509935579198
81 0.515589249228
66 0.54142850695
53 0.561021210539
49 0.598503106865
61 0.605420418944
91 0.617800247007
51 0.620919714417
85 0.667781161995
54 0.717766664618
55 0.71828267289
100 0.76754199017
52 0.787244902113
78 0.807314809633
94 0.854736616407
39 0.905539991194
64 0.954850823818
34 1.01365775477
92 1.03019138814
96 1.07434431898
47 1.15678293967
60 1.21021384264
87 1.23783833422
28 1.25301847554
90 1.28922634265
97 1.39519633054
56 1.6155862237
37 1.66643367985
98 1.68621689582
46 1.86203341298
29 1.89756225973
32 1.90916230897
30 1.98107579083
31 2.03909818491
40 2.06710444748
38 2.15269241447
35 2.40114309678
43 2.46932370615
36 2.5177207318
42 2.71252571492
26 3.13301669619
25 3.27368086558
16 3.29480677049
27 3.35690413992
17 3.39231469047
24 3.43251906699
7 3.68930109198
21 4.46176982817
23 4.64989828162
33 4.84512080546
13 5.09822350232
20 5.52685453747
22 5.75167139084
19 6.10969485847
6 6.93160645016
8 7.34402016113
18 7.49330226002
12 7.85959136403
14 8.73495929148
5 9.14906858343
10 9.90984802337
11 10.8082523422
15 11.3937674112
4 12.4099449555
9 12.7087156471
2 14.3302800406
3 17.2500405752
1 20.5240140802
0 49.0381690129
