40 0.153613127857
38 0.154299389746
46 0.201219219817
35 0.213392765903
29 0.214653008453
31 0.218051212003
32 0.224999452725
56 0.242423043197
30 0.263220865438
43 0.274197696016
36 0.299691452532
37 0.304523921357
28 0.36386151213
98 0.370795580565
60 0.375327576902
42 0.477997862981
26 0.501313491765
47 0.528204813982
34 0.533578866307
64 0.567155898995
27 0.620129093273
16 0.62020609313
25 0.625245567738
39 0.647847453342
17 0.669187842816
24 0.698292800782
78 0.717048436203
52 0.74194338569
7 0.822477869427
55 0.874312088843
51 1.04597090947
61 1.15202510913
53 1.30132813987
66 1.34589910412
58 1.38724021553
49 1.40991358458
21 1.42006112091
81 1.47076338208
50 1.47720401072
59 1.50469141126
23 1.57776071549
54 1.5962520258
77 1.77919632452
33 1.89702181671
13 1.96276129168
70 2.31737446608
20 2.35564184743
44 2.38465962575
67 2.51069562451
41 2.71420115325
22 2.71432947958
69 2.72162968356
48 2.76428195809
19 2.9342216543
95 3.01676603984
57 3.30890691195
63 3.44887925775
6 3.8103095836
74 3.83743261662
79 4.19996272868
8 4.27054661596
68 4.35086304181
18 4.43976633954
75 4.47651340277
76 4.52954153825
86 4.67718610389
83 4.70688250125
12 4.87198119016
84 5.0031636714
80 5.01180365224
45 5.17507500313
73 5.32400677995
88 5.46607130345
82 5.63709090721
14 5.91946345063
65 6.2502046586
5 6.44501586511
93 6.51994093512
71 6.72282794615
72 6.79478501121
62 7.08706920781
89 7.13157756891
10 7.42795980214
99 7.79591995729
11 8.59734676846
85 8.60628765127
91 8.66441187963
15 9.55146955967
94 9.64577670731
100 9.94937616319
92 10.7672902703
4 10.8216495712
9 11.3292331515
96 11.6533140432
87 11.9669879402
90 12.3662588329
97 13.1446229687
2 13.5949775975
3 17.9935210492
1 23.1550943592
0 72.9785401279
