6 0.302264889396
19 0.344914168095
8 0.360332790328
18 0.401829522769
20 0.407515689511
12 0.451198875356
13 0.531593260684
22 0.534004898018
14 0.700300564052
23 0.702101533994
21 0.774942266328
33 0.787632523981
5 0.835614967653
7 1.14587227218
10 1.14979610571
27 1.38515468809
24 1.45557125972
17 1.47404985938
11 1.57658766504
16 1.5793546375
26 1.59694302787
25 1.64248657623
15 2.12667800151
42 2.28006290478
36 2.43285051003
43 2.44839183421
35 2.50836502315
4 2.5152178793
9 2.8490087175
38 2.87564527601
40 2.99082515945
31 3.19774336345
32 3.46557497508
46 3.46566967656
30 3.51156138076
29 3.57644436054
2 3.86420255663
56 4.01965873553
98 4.1709608451
37 4.20284438734
28 4.99184261109
60 5.10103329342
47 5.40067395539
34 5.79229275616
64 6.04210695987
39 6.24558752607
3 6.27344476836
78 6.49578585857
52 6.60573577012
55 7.03758875583
51 7.43394144766
61 7.8060618678
49 7.98579946652
66 8.00787657458
53 8.20217956307
58 8.33676758861
54 8.48505330198
81 8.51105359713
59 8.60411615828
50 8.62815739415
77 9.11935971887
1 9.35556935184
70 10.5149860564
44 10.6531923717
67 10.681448765
41 11.1300043147
69 11.2258176665
48 11.2863502197
95 11.9894364045
57 12.2864777615
63 12.6334387717
74 13.2925804731
79 14.1823084463
75 14.5478140699
68 14.5724450717
76 14.8195205803
86 15.0556043407
83 15.133008169
80 15.4501330099
84 15.56837045
45 15.817968315
73 16.0662502447
88 16.2502769454
82 16.7863794388
65 17.8026533597
93 18.0954986436
71 18.400656461
72 18.5897272827
62 19.0435924131
89 19.3014145653
99 20.0969344383
85 21.5393030857
91 21.6396067756
94 23.1060783687
100 23.4664754306
92 24.8353696557
96 26.1362068097
87 26.6462847457
90 27.2719593608
97 28.4939204557
0 45.4398789834
