27 0.196246780862
26 0.206911959448
7 0.209693132453
17 0.214736553126
16 0.217049286634
24 0.222249808036
25 0.2296553664
35 0.332804787458
43 0.351871569051
36 0.35389504312
21 0.358584537458
42 0.392099396987
23 0.40689363463
38 0.409632122134
40 0.440781041817
30 0.517274440372
29 0.525590135937
33 0.527745404049
13 0.528425336637
31 0.535944517745
46 0.597901785696
32 0.603053299822
20 0.662575940963
37 0.700641134799
56 0.762206763922
22 0.779307496457
98 0.86774178071
19 0.889612091764
28 1.06681286354
60 1.09468440928
6 1.22625043807
47 1.26219986043
34 1.33832105821
64 1.41035766956
8 1.43993251596
39 1.50604479911
18 1.52939545213
78 1.53451298427
52 1.59474334793
12 1.69894762557
55 1.76877718116
51 1.93455152747
61 2.11293356817
53 2.18409519405
54 2.19374409187
14 2.2145878613
66 2.26682985158
49 2.31856413689
58 2.34699803698
50 2.42640087429
59 2.43238038694
5 2.44810610257
81 2.44894391004
77 2.74521340472
10 2.92375794447
44 3.17649371183
70 3.2283553064
41 3.31197195958
69 3.37766167818
48 3.40967764159
67 3.44511403131
11 3.5321680837
57 3.80570513708
95 3.86668483475
15 3.88595125194
63 3.98314518837
74 4.25157076886
4 4.64801918332
79 4.80484189521
9 4.82079643763
75 4.84897783082
68 5.11898938547
76 5.17195377327
80 5.24333206777
86 5.25451381934
83 5.44415903745
45 5.45316133921
88 5.62005409326
84 5.67108694281
73 5.8219419669
2 6.08490351688
82 6.16672294788
65 6.50957594944
93 6.95717298303
62 6.99307472394
71 7.12810667946
72 7.18783296269
89 7.35391321692
99 8.00922810161
85 8.27618862529
91 8.38994866309
3 8.4534873022
94 9.00601266908
100 9.7122109412
92 9.89989185205
87 10.8470427638
96 11.0582740131
90 11.2172040342
1 11.3248784284
97 12.2296970626
0 40.2400120428
