67 0.0999678978067
77 0.107278835052
49 0.119882016076
95 0.128228808827
70 0.152790278493
81 0.155342466518
79 0.164855945493
66 0.166843017315
76 0.183699566989
86 0.18846009599
68 0.199390730794
58 0.199649749765
45 0.209433613818
75 0.215584826989
59 0.220695592057
88 0.226411932374
80 0.227194483026
50 0.240923607851
61 0.253199413825
63 0.260200747527
44 0.264976955996
73 0.268714202857
83 0.275119701242
74 0.277882300238
65 0.292465948991
48 0.294041657875
62 0.306095328053
69 0.307355115721
84 0.308571819292
82 0.317038720002
57 0.323999580616
51 0.370972500275
41 0.37281994157
53 0.40089273744
55 0.442929952459
47 0.451229046271
39 0.45294918423
89 0.478641660847
52 0.493423159898
85 0.499136752437
64 0.520896852028
34 0.543650849347
91 0.550418817151
94 0.579862347124
93 0.594716933286
78 0.616926581038
72 0.638880531674
60 0.640131111153
71 0.65304691767
28 0.661925606811
98 0.706219934352
92 0.762001092335
54 0.780035387093
99 0.924020234046
56 0.937934780864
87 0.981948963968
90 1.10672290587
46 1.13275548831
32 1.15110858937
31 1.23339768355
100 1.35463542118
40 1.48847209721
42 1.55540618903
38 1.59438270475
96 1.68703239721
43 1.69327619514
36 1.7291772194
37 1.79062782278
35 1.83994434767
97 1.99457881477
29 2.01438725201
30 2.15335949712
26 2.60680246866
27 2.88236812442
33 3.44757725336
16 3.50996885711
25 3.55909645444
17 3.58053991013
24 3.65106830177
7 3.6653754091
22 4.48933148171
21 4.8030324538
23 5.03529549522
13 5.49358950515
20 5.87945327561
19 6.58797385255
6 7.00357193086
8 7.58545845086
18 7.94121669111
12 7.98947624262
14 9.23967210536
5 9.41873742577
10 10.0824039117
15 10.1936118438
11 11.3318235379
9 11.9426991855
4 12.6501326755
2 14.4143392073
3 17.2916222352
1 20.5267433782
0 47.9395010909
