97 0.186921260252
96 0.256109509433
90 0.343287205519
87 0.426858693355
100 0.437493842084
92 0.605619258885
94 0.837211810564
99 0.852654986942
91 0.86836115915
85 0.984698389443
89 1.14198306132
72 1.14383307013
71 1.16918506095
93 1.23760807554
62 1.55526961634
65 1.60749883991
82 1.66376873461
73 1.83250924513
84 1.89124676099
83 2.04796714662
86 2.25784543175
76 2.29662728675
68 2.30394020396
88 2.38807861864
45 2.40746819516
79 2.63166239718
80 2.65570325134
75 2.8799068793
95 3.36381379705
74 3.47783401745
63 3.63036897463
67 3.72414342858
57 3.91446241204
70 4.02490445458
48 4.13567281438
69 4.22396283921
44 4.28634369712
41 4.41043519724
77 4.62672939342
59 5.09065901095
81 5.10430882515
50 5.13654568574
58 5.24253951996
49 5.31816417864
66 5.34166555499
53 5.68693915518
61 5.68896331099
51 5.97710213621
54 6.21879838264
55 6.36251949976
52 6.70897147442
78 6.86487214692
39 6.96307474685
64 7.22514698465
34 7.3834984459
47 7.65424380613
60 8.08695953334
28 8.2096080488
98 9.26266542014
56 9.41054565683
37 10.2058666365
46 10.225907415
32 10.3048733991
31 10.7231204285
29 10.9931106683
40 11.0754612492
30 11.2734866972
38 11.3622895671
35 12.1001977989
43 12.1322274271
36 12.2415671791
42 12.4876398464
26 14.3055266316
27 14.9928670803
25 15.2359328211
16 15.2812019043
17 15.5452757228
24 15.6571012203
7 16.2678577781
33 18.2760104036
21 18.5345660285
23 19.0489116195
13 20.2245953795
22 20.7385437735
20 21.3140554646
19 22.8416858949
6 24.6688885128
8 25.7565422259
18 26.2258812209
12 26.9304380356
14 29.2137482564
5 30.0592748956
10 31.772442508
11 34.0201855012
15 34.1805138224
9 37.4323273602
4 37.4874859068
2 41.6270004351
3 47.8780879863
1 54.8791418799
0 111.255219401
