1 0.104224241327
3 0.193446162852
0 0.284295710368
2 0.312457512539
9 0.378339483462
4 0.42050288861
15 0.448413009173
11 0.538309209119
10 0.591906723372
5 0.660360693643
14 0.712410066152
12 0.775629903693
18 0.838668088841
8 0.839997663037
6 0.875913513556
22 0.954047740758
19 1.01505973371
33 1.07529633946
20 1.08894836371
13 1.16179063326
23 1.23848413112
21 1.26662935441
7 1.36936366318
27 1.38065137589
26 1.42308886445
24 1.46185343473
17 1.46641715272
42 1.48138931984
16 1.49350868887
25 1.51089644448
36 1.54731298768
43 1.56060426665
35 1.59404755617
38 1.66568607197
31 1.67567590822
40 1.68619495255
32 1.71569894715
46 1.73279467438
98 1.77869385906
56 1.81595030405
30 1.87051678786
29 1.87255061908
28 1.96198877943
37 1.97948395902
60 1.98181351105
47 1.99195887617
34 2.07826763897
64 2.12861185179
39 2.13939366699
78 2.22987677734
52 2.2319007019
55 2.27186797472
49 2.31894883123
51 2.33384488873
61 2.33971950583
66 2.36423518072
81 2.39582762831
58 2.40262239182
53 2.45928152169
50 2.46206646996
77 2.46445160114
59 2.46650892653
54 2.58093237058
67 2.65139375702
70 2.69240805058
44 2.77061009979
69 2.87141859897
95 2.8717307954
41 2.8772879172
48 2.88058283331
57 3.01523976613
63 3.03820991687
68 3.09867076234
74 3.12611050719
83 3.13540942706
79 3.14501826426
76 3.17376184672
84 3.18427495509
86 3.21469373472
75 3.24572987216
73 3.29602809893
82 3.3423361523
80 3.35266231466
45 3.37069772525
93 3.41760655631
88 3.43336204815
71 3.44232911647
72 3.46541949047
65 3.5129333477
99 3.59835778816
89 3.60477630884
62 3.69493889804
91 3.89156529083
85 3.91039613943
100 3.91824446668
94 4.0814312491
96 4.16231411352
92 4.23199506694
97 4.37856003164
87 4.38719956282
90 4.42116847935
